[6248d2cd-8935-4d54-9800-85b5cc46d10a/build] 🚀  Start image=gitbugactions:latest
[6248d2cd-8935-4d54-9800-85b5cc46d10a/build]   🐳  docker pull image=gitbugactions:latest platform= username= forcePull=false
[6248d2cd-8935-4d54-9800-85b5cc46d10a/build]   🐳  docker create image=gitbugactions:latest platform= entrypoint=["tail" "-f" "/dev/null"] cmd=[]
[6248d2cd-8935-4d54-9800-85b5cc46d10a/build]   🐳  docker run image=gitbugactions:latest platform= entrypoint=["tail" "-f" "/dev/null"] cmd=[]
[6248d2cd-8935-4d54-9800-85b5cc46d10a/build]   🐳  docker exec cmd=[chown -R 1012:1013 /tmp/003e0d20-cbaa-476d-93ca-79f015755edb] user=0 workdir=
[6248d2cd-8935-4d54-9800-85b5cc46d10a/build] unable to get git ref: failed to identify reference (tag/branch) for the checked-out revision 'fb4db390187fbfcf1220dc05fa03565799a829e8'
[6248d2cd-8935-4d54-9800-85b5cc46d10a/build] unable to get git ref: failed to identify reference (tag/branch) for the checked-out revision 'fb4db390187fbfcf1220dc05fa03565799a829e8'
[6248d2cd-8935-4d54-9800-85b5cc46d10a/build] unable to get git ref: failed to identify reference (tag/branch) for the checked-out revision 'fb4db390187fbfcf1220dc05fa03565799a829e8'
[6248d2cd-8935-4d54-9800-85b5cc46d10a/build] unable to get git ref: failed to identify reference (tag/branch) for the checked-out revision 'fb4db390187fbfcf1220dc05fa03565799a829e8'
[6248d2cd-8935-4d54-9800-85b5cc46d10a/build] unable to get git ref: failed to identify reference (tag/branch) for the checked-out revision 'fb4db390187fbfcf1220dc05fa03565799a829e8'
[6248d2cd-8935-4d54-9800-85b5cc46d10a/build] unable to get git ref: failed to identify reference (tag/branch) for the checked-out revision 'fb4db390187fbfcf1220dc05fa03565799a829e8'
[6248d2cd-8935-4d54-9800-85b5cc46d10a/build] unable to get git ref: failed to identify reference (tag/branch) for the checked-out revision 'fb4db390187fbfcf1220dc05fa03565799a829e8'
[6248d2cd-8935-4d54-9800-85b5cc46d10a/build] unable to get git ref: failed to identify reference (tag/branch) for the checked-out revision 'fb4db390187fbfcf1220dc05fa03565799a829e8'
[6248d2cd-8935-4d54-9800-85b5cc46d10a/build] unable to get git ref: failed to identify reference (tag/branch) for the checked-out revision 'fb4db390187fbfcf1220dc05fa03565799a829e8'
[6248d2cd-8935-4d54-9800-85b5cc46d10a/build] ⭐ Run Main actions/checkout@v3
[6248d2cd-8935-4d54-9800-85b5cc46d10a/build] unable to get git ref: failed to identify reference (tag/branch) for the checked-out revision 'fb4db390187fbfcf1220dc05fa03565799a829e8'
[6248d2cd-8935-4d54-9800-85b5cc46d10a/build] unable to get git ref: failed to identify reference (tag/branch) for the checked-out revision 'fb4db390187fbfcf1220dc05fa03565799a829e8'
[6248d2cd-8935-4d54-9800-85b5cc46d10a/build]   🐳  docker cp src=/tmp/003e0d20-cbaa-476d-93ca-79f015755edb/. dst=/tmp/003e0d20-cbaa-476d-93ca-79f015755edb
[6248d2cd-8935-4d54-9800-85b5cc46d10a/build]   🐳  docker exec cmd=[chown -R 1012:1013 /tmp/003e0d20-cbaa-476d-93ca-79f015755edb] user=0 workdir=
[6248d2cd-8935-4d54-9800-85b5cc46d10a/build]   ✅  Success - Main actions/checkout@v3
[6248d2cd-8935-4d54-9800-85b5cc46d10a/build] unable to get git ref: failed to identify reference (tag/branch) for the checked-out revision 'fb4db390187fbfcf1220dc05fa03565799a829e8'
[6248d2cd-8935-4d54-9800-85b5cc46d10a/build] unable to get git ref: failed to identify reference (tag/branch) for the checked-out revision 'fb4db390187fbfcf1220dc05fa03565799a829e8'
[6248d2cd-8935-4d54-9800-85b5cc46d10a/build] unable to get git ref: failed to identify reference (tag/branch) for the checked-out revision 'fb4db390187fbfcf1220dc05fa03565799a829e8'
[6248d2cd-8935-4d54-9800-85b5cc46d10a/build] unable to get git ref: failed to identify reference (tag/branch) for the checked-out revision 'fb4db390187fbfcf1220dc05fa03565799a829e8'
[6248d2cd-8935-4d54-9800-85b5cc46d10a/build] unable to get git ref: failed to identify reference (tag/branch) for the checked-out revision 'fb4db390187fbfcf1220dc05fa03565799a829e8'
[6248d2cd-8935-4d54-9800-85b5cc46d10a/build] ⭐ Run Main actions/setup-java@v3
[6248d2cd-8935-4d54-9800-85b5cc46d10a/build] unable to get git ref: failed to identify reference (tag/branch) for the checked-out revision 'fb4db390187fbfcf1220dc05fa03565799a829e8'
[6248d2cd-8935-4d54-9800-85b5cc46d10a/build] unable to get git ref: failed to identify reference (tag/branch) for the checked-out revision 'fb4db390187fbfcf1220dc05fa03565799a829e8'
[6248d2cd-8935-4d54-9800-85b5cc46d10a/build] unable to get git ref: failed to identify reference (tag/branch) for the checked-out revision 'fb4db390187fbfcf1220dc05fa03565799a829e8'
[6248d2cd-8935-4d54-9800-85b5cc46d10a/build]   🐳  docker cp src=/tmp/act-cache/82d03b1a-ecd1-44d1-8ecc-6f94467763b1/act/actions-setup-java@v3/ dst=/var/run/act/actions/actions-setup-java@v3/
[6248d2cd-8935-4d54-9800-85b5cc46d10a/build]   🐳  docker exec cmd=[chown -R 1012:1013 /var/run/act/actions/actions-setup-java@v3/] user=0 workdir=
[6248d2cd-8935-4d54-9800-85b5cc46d10a/build]   🐳  docker exec cmd=[node /var/run/act/actions/actions-setup-java@v3/dist/setup/index.js] user= workdir=
[6248d2cd-8935-4d54-9800-85b5cc46d10a/build]   ❓  ::group::Installed distributions
[6248d2cd-8935-4d54-9800-85b5cc46d10a/build]   | Trying to resolve the latest version from remote
[6248d2cd-8935-4d54-9800-85b5cc46d10a/build]   💬  ::debug::Gathering available versions from 'https://api.azul.com/zulu/download/community/v1.0/bundles/?os=linux&ext=tar.gz&bundle_type=jdk&javafx=false&arch=x86&hw_bitness=64&release_status=ga'
[6248d2cd-8935-4d54-9800-85b5cc46d10a/build]   | Resolved latest version as 11.0.21+9
[6248d2cd-8935-4d54-9800-85b5cc46d10a/build]   | Trying to download...
[6248d2cd-8935-4d54-9800-85b5cc46d10a/build]   | Downloading Java 11.0.21+9 (Zulu) from https://cdn.azul.com/zulu/bin/zulu11.68.17-ca-jdk11.0.21-linux_x64.tar.gz ...
[6248d2cd-8935-4d54-9800-85b5cc46d10a/build]   💬  ::debug::Downloading https://cdn.azul.com/zulu/bin/zulu11.68.17-ca-jdk11.0.21-linux_x64.tar.gz
[6248d2cd-8935-4d54-9800-85b5cc46d10a/build]   💬  ::debug::Destination /tmp/e7c4f45a-6e43-430b-acf9-af36ba4f82bf
[6248d2cd-8935-4d54-9800-85b5cc46d10a/build]   💬  ::debug::download complete
[6248d2cd-8935-4d54-9800-85b5cc46d10a/build]   | Extracting Java archive...
[6248d2cd-8935-4d54-9800-85b5cc46d10a/build]   💬  ::debug::Checking tar --version
[6248d2cd-8935-4d54-9800-85b5cc46d10a/build]   💬  ::debug::tar (GNU tar) 1.34%0ACopyright (C) 2021 Free Software Foundation, Inc.%0ALicense GPLv3+: GNU GPL version 3 or later <https://gnu.org/licenses/gpl.html>.%0AThis is free software: you are free to change and redistribute it.%0AThere is NO WARRANTY, to the extent permitted by law.%0A%0AWritten by John Gilmore and Jay Fenlason.
[6248d2cd-8935-4d54-9800-85b5cc46d10a/build]   | [command]/usr/bin/tar xz --warning=no-unknown-keyword -C /tmp/c9a7828d-021f-4f7a-a346-112bcf9119af -f /tmp/e7c4f45a-6e43-430b-acf9-af36ba4f82bf
[6248d2cd-8935-4d54-9800-85b5cc46d10a/build]   💬  ::debug::Caching tool Java_Zulu_jdk 11.0.21-9 x64
[6248d2cd-8935-4d54-9800-85b5cc46d10a/build]   💬  ::debug::source dir: /tmp/c9a7828d-021f-4f7a-a346-112bcf9119af/zulu11.68.17-ca-jdk11.0.21-linux_x64
[6248d2cd-8935-4d54-9800-85b5cc46d10a/build]   💬  ::debug::destination /opt/hostedtoolcache/Java_Zulu_jdk/11.0.21-9/x64
[6248d2cd-8935-4d54-9800-85b5cc46d10a/build]   💬  ::debug::finished caching tool
[6248d2cd-8935-4d54-9800-85b5cc46d10a/build]   | Java 11.0.21+9 was downloaded
[6248d2cd-8935-4d54-9800-85b5cc46d10a/build]   | Setting Java 11.0.21+9 as the default
[6248d2cd-8935-4d54-9800-85b5cc46d10a/build]   | Creating toolchains.xml for JDK version 11 from zulu
[6248d2cd-8935-4d54-9800-85b5cc46d10a/build]   | Writing to /home/runner/.m2/toolchains.xml
[6248d2cd-8935-4d54-9800-85b5cc46d10a/build]   | 
[6248d2cd-8935-4d54-9800-85b5cc46d10a/build]   | Java configuration:
[6248d2cd-8935-4d54-9800-85b5cc46d10a/build]   |   Distribution: zulu
[6248d2cd-8935-4d54-9800-85b5cc46d10a/build]   |   Version: 11.0.21+9
[6248d2cd-8935-4d54-9800-85b5cc46d10a/build]   |   Path: /opt/hostedtoolcache/Java_Zulu_jdk/11.0.21-9/x64
[6248d2cd-8935-4d54-9800-85b5cc46d10a/build]   | 
[6248d2cd-8935-4d54-9800-85b5cc46d10a/build]   ❓  ::endgroup::
[6248d2cd-8935-4d54-9800-85b5cc46d10a/build]   ❓ add-matcher /run/act/actions/actions-setup-java@v3/.github/java.json
[6248d2cd-8935-4d54-9800-85b5cc46d10a/build]   | Creating settings.xml with server-id: github
[6248d2cd-8935-4d54-9800-85b5cc46d10a/build]   | Writing to /home/runner/.m2/settings.xml
[6248d2cd-8935-4d54-9800-85b5cc46d10a/build]   ✅  Success - Main actions/setup-java@v3
[6248d2cd-8935-4d54-9800-85b5cc46d10a/build]   ⚙  ::set-env:: JAVA_HOME=/opt/hostedtoolcache/Java_Zulu_jdk/11.0.21-9/x64
[6248d2cd-8935-4d54-9800-85b5cc46d10a/build]   ⚙  ::set-env:: JAVA_HOME_11_X64=/opt/hostedtoolcache/Java_Zulu_jdk/11.0.21-9/x64
[6248d2cd-8935-4d54-9800-85b5cc46d10a/build]   ⚙  ::set-output:: distribution=Zulu
[6248d2cd-8935-4d54-9800-85b5cc46d10a/build]   ⚙  ::set-output:: path=/opt/hostedtoolcache/Java_Zulu_jdk/11.0.21-9/x64
[6248d2cd-8935-4d54-9800-85b5cc46d10a/build]   ⚙  ::set-output:: version=11.0.21+9
[6248d2cd-8935-4d54-9800-85b5cc46d10a/build]   ⚙  ::add-path:: /opt/hostedtoolcache/Java_Zulu_jdk/11.0.21-9/x64/bin
[6248d2cd-8935-4d54-9800-85b5cc46d10a/build] unable to get git ref: failed to identify reference (tag/branch) for the checked-out revision 'fb4db390187fbfcf1220dc05fa03565799a829e8'
[6248d2cd-8935-4d54-9800-85b5cc46d10a/build] unable to get git ref: failed to identify reference (tag/branch) for the checked-out revision 'fb4db390187fbfcf1220dc05fa03565799a829e8'
[6248d2cd-8935-4d54-9800-85b5cc46d10a/build] unable to get git ref: failed to identify reference (tag/branch) for the checked-out revision 'fb4db390187fbfcf1220dc05fa03565799a829e8'
[6248d2cd-8935-4d54-9800-85b5cc46d10a/build] unable to get git ref: failed to identify reference (tag/branch) for the checked-out revision 'fb4db390187fbfcf1220dc05fa03565799a829e8'
[6248d2cd-8935-4d54-9800-85b5cc46d10a/build] unable to get git ref: failed to identify reference (tag/branch) for the checked-out revision 'fb4db390187fbfcf1220dc05fa03565799a829e8'
[6248d2cd-8935-4d54-9800-85b5cc46d10a/build] ⭐ Run Main ./gradlew build --no-daemon --warning-mode=fail
[6248d2cd-8935-4d54-9800-85b5cc46d10a/build] unable to get git ref: failed to identify reference (tag/branch) for the checked-out revision 'fb4db390187fbfcf1220dc05fa03565799a829e8'
[6248d2cd-8935-4d54-9800-85b5cc46d10a/build] unable to get git ref: failed to identify reference (tag/branch) for the checked-out revision 'fb4db390187fbfcf1220dc05fa03565799a829e8'
[6248d2cd-8935-4d54-9800-85b5cc46d10a/build] unable to get git ref: failed to identify reference (tag/branch) for the checked-out revision 'fb4db390187fbfcf1220dc05fa03565799a829e8'
[6248d2cd-8935-4d54-9800-85b5cc46d10a/build] unable to get git ref: failed to identify reference (tag/branch) for the checked-out revision 'fb4db390187fbfcf1220dc05fa03565799a829e8'
[6248d2cd-8935-4d54-9800-85b5cc46d10a/build]   🐳  docker exec cmd=[bash --noprofile --norc -e -o pipefail /var/run/act/workflow/2] user= workdir=
[6248d2cd-8935-4d54-9800-85b5cc46d10a/build]   | Downloading https://services.gradle.org/distributions/gradle-7.5.1-bin.zip
[6248d2cd-8935-4d54-9800-85b5cc46d10a/build]   | ...........10%............20%...........30%............40%...........50%............60%...........70%............80%...........90%............100%
[6248d2cd-8935-4d54-9800-85b5cc46d10a/build]   | 
[6248d2cd-8935-4d54-9800-85b5cc46d10a/build]   | Welcome to Gradle 7.5.1!
[6248d2cd-8935-4d54-9800-85b5cc46d10a/build]   | 
[6248d2cd-8935-4d54-9800-85b5cc46d10a/build]   | Here are the highlights of this release:
[6248d2cd-8935-4d54-9800-85b5cc46d10a/build]   |  - Support for Java 18
[6248d2cd-8935-4d54-9800-85b5cc46d10a/build]   |  - Support for building with Groovy 4
[6248d2cd-8935-4d54-9800-85b5cc46d10a/build]   |  - Much more responsive continuous builds
[6248d2cd-8935-4d54-9800-85b5cc46d10a/build]   |  - Improved diagnostics for dependency resolution
[6248d2cd-8935-4d54-9800-85b5cc46d10a/build]   | 
[6248d2cd-8935-4d54-9800-85b5cc46d10a/build]   | For more details see https://docs.gradle.org/7.5.1/release-notes.html
[6248d2cd-8935-4d54-9800-85b5cc46d10a/build]   | 
[6248d2cd-8935-4d54-9800-85b5cc46d10a/build]   | To honour the JVM settings for this build a single-use Daemon process will be forked. See https://docs.gradle.org/7.5.1/userguide/gradle_daemon.html#sec:disabling_the_daemon.
[6248d2cd-8935-4d54-9800-85b5cc46d10a/build]   | Daemon will be stopped at the end of the build 
[6248d2cd-8935-4d54-9800-85b5cc46d10a/build]   | 
[6248d2cd-8935-4d54-9800-85b5cc46d10a/build]   | > Configure project :
[6248d2cd-8935-4d54-9800-85b5cc46d10a/build]   | Kordamp Enforcer Gradle plugin 0.13.0. Consider becoming a patron at https://www.patreon.com/aalmiray
[6248d2cd-8935-4d54-9800-85b5cc46d10a/build]   | 
[6248d2cd-8935-4d54-9800-85b5cc46d10a/build]   | > Task :copyDependencies
[6248d2cd-8935-4d54-9800-85b5cc46d10a/build]   | > Task :extractIncludeProto
[6248d2cd-8935-4d54-9800-85b5cc46d10a/build]   | > Task :extractProto
[6248d2cd-8935-4d54-9800-85b5cc46d10a/build]   | > Task :generateProto
[6248d2cd-8935-4d54-9800-85b5cc46d10a/build]   | > Task :compileJava
[6248d2cd-8935-4d54-9800-85b5cc46d10a/build]   | Note: Some input files use or override a deprecated API.
[6248d2cd-8935-4d54-9800-85b5cc46d10a/build]   | Note: Recompile with -Xlint:deprecation for details.
[6248d2cd-8935-4d54-9800-85b5cc46d10a/build]   | Note: Some input files use unchecked or unsafe operations.
[6248d2cd-8935-4d54-9800-85b5cc46d10a/build]   | Note: Recompile with -Xlint:unchecked for details.
[6248d2cd-8935-4d54-9800-85b5cc46d10a/build]   | 
[6248d2cd-8935-4d54-9800-85b5cc46d10a/build]   | > Task :processResources
[6248d2cd-8935-4d54-9800-85b5cc46d10a/build]   | > Task :classes
[6248d2cd-8935-4d54-9800-85b5cc46d10a/build]   | > Task :jar
[6248d2cd-8935-4d54-9800-85b5cc46d10a/build]   | > Task :assemble
[6248d2cd-8935-4d54-9800-85b5cc46d10a/build]   | > Task :extractIncludeTestProto
[6248d2cd-8935-4d54-9800-85b5cc46d10a/build]   | > Task :extractTestProto
[6248d2cd-8935-4d54-9800-85b5cc46d10a/build]   | > Task :generateTestProto NO-SOURCE
[6248d2cd-8935-4d54-9800-85b5cc46d10a/build]   | 
[6248d2cd-8935-4d54-9800-85b5cc46d10a/build]   | > Task :compileTestJava
[6248d2cd-8935-4d54-9800-85b5cc46d10a/build]   | Note: Some input files use or override a deprecated API.
[6248d2cd-8935-4d54-9800-85b5cc46d10a/build]   | Note: Recompile with -Xlint:deprecation for details.
[6248d2cd-8935-4d54-9800-85b5cc46d10a/build]   | 
[6248d2cd-8935-4d54-9800-85b5cc46d10a/build]   | > Task :processTestResources NO-SOURCE
[6248d2cd-8935-4d54-9800-85b5cc46d10a/build]   | > Task :testClasses
[6248d2cd-8935-4d54-9800-85b5cc46d10a/build]   | > Task :checkstyleTest SKIPPED
[6248d2cd-8935-4d54-9800-85b5cc46d10a/build]   | > Task :checkstyleMain
[6248d2cd-8935-4d54-9800-85b5cc46d10a/build]   | > Task :test
[6248d2cd-8935-4d54-9800-85b5cc46d10a/build]   | > Task :check
[6248d2cd-8935-4d54-9800-85b5cc46d10a/build]   | > Task :build
[6248d2cd-8935-4d54-9800-85b5cc46d10a/build]   | 
[6248d2cd-8935-4d54-9800-85b5cc46d10a/build]   | BUILD SUCCESSFUL in 3m 11s
[6248d2cd-8935-4d54-9800-85b5cc46d10a/build]   | 12 actionable tasks: 12 executed
[6248d2cd-8935-4d54-9800-85b5cc46d10a/build]   ✅  Success - Main ./gradlew build --no-daemon --warning-mode=fail
[6248d2cd-8935-4d54-9800-85b5cc46d10a/build] unable to get git ref: failed to identify reference (tag/branch) for the checked-out revision 'fb4db390187fbfcf1220dc05fa03565799a829e8'
[6248d2cd-8935-4d54-9800-85b5cc46d10a/build] unable to get git ref: failed to identify reference (tag/branch) for the checked-out revision 'fb4db390187fbfcf1220dc05fa03565799a829e8'
[6248d2cd-8935-4d54-9800-85b5cc46d10a/build] unable to get git ref: failed to identify reference (tag/branch) for the checked-out revision 'fb4db390187fbfcf1220dc05fa03565799a829e8'
[6248d2cd-8935-4d54-9800-85b5cc46d10a/build] unable to get git ref: failed to identify reference (tag/branch) for the checked-out revision 'fb4db390187fbfcf1220dc05fa03565799a829e8'
[6248d2cd-8935-4d54-9800-85b5cc46d10a/build] unable to get git ref: failed to identify reference (tag/branch) for the checked-out revision 'fb4db390187fbfcf1220dc05fa03565799a829e8'
[6248d2cd-8935-4d54-9800-85b5cc46d10a/build] ⭐ Run Post actions/setup-java@v3
[6248d2cd-8935-4d54-9800-85b5cc46d10a/build]   🐳  docker exec cmd=[node /var/run/act/actions/actions-setup-java@v3/dist/cleanup/index.js] user= workdir=
[6248d2cd-8935-4d54-9800-85b5cc46d10a/build]   ✅  Success - Post actions/setup-java@v3
[6248d2cd-8935-4d54-9800-85b5cc46d10a/build] 🏁  Job succeeded
[6248d2cd-8935-4d54-9800-85b5cc46d10a/build] unable to get git ref: failed to identify reference (tag/branch) for the checked-out revision 'fb4db390187fbfcf1220dc05fa03565799a829e8'
