[a42fcf67-1e2d-4726-92a0-e15fd47ca709/build] 🚀  Start image=gitbugactions:latest
[a42fcf67-1e2d-4726-92a0-e15fd47ca709/build]   🐳  docker pull image=gitbugactions:latest platform= username= forcePull=false
[a42fcf67-1e2d-4726-92a0-e15fd47ca709/build]   🐳  docker create image=gitbugactions:latest platform= entrypoint=["tail" "-f" "/dev/null"] cmd=[]
[a42fcf67-1e2d-4726-92a0-e15fd47ca709/build]   🐳  docker run image=gitbugactions:latest platform= entrypoint=["tail" "-f" "/dev/null"] cmd=[]
[a42fcf67-1e2d-4726-92a0-e15fd47ca709/build]   🐳  docker exec cmd=[chown -R 1012:1013 /tmp/9e4d8565-2e29-42a4-a851-edd4c6455efe] user=0 workdir=
[a42fcf67-1e2d-4726-92a0-e15fd47ca709/build] unable to get git ref: failed to identify reference (tag/branch) for the checked-out revision '11d991db162a2d61de7c1b24a45246d09d6b2e86'
[a42fcf67-1e2d-4726-92a0-e15fd47ca709/build] unable to get git ref: failed to identify reference (tag/branch) for the checked-out revision '11d991db162a2d61de7c1b24a45246d09d6b2e86'
[a42fcf67-1e2d-4726-92a0-e15fd47ca709/build] unable to get git ref: failed to identify reference (tag/branch) for the checked-out revision '11d991db162a2d61de7c1b24a45246d09d6b2e86'
[a42fcf67-1e2d-4726-92a0-e15fd47ca709/build] unable to get git ref: failed to identify reference (tag/branch) for the checked-out revision '11d991db162a2d61de7c1b24a45246d09d6b2e86'
[a42fcf67-1e2d-4726-92a0-e15fd47ca709/build] unable to get git ref: failed to identify reference (tag/branch) for the checked-out revision '11d991db162a2d61de7c1b24a45246d09d6b2e86'
[a42fcf67-1e2d-4726-92a0-e15fd47ca709/build] unable to get git ref: failed to identify reference (tag/branch) for the checked-out revision '11d991db162a2d61de7c1b24a45246d09d6b2e86'
[a42fcf67-1e2d-4726-92a0-e15fd47ca709/build] unable to get git ref: failed to identify reference (tag/branch) for the checked-out revision '11d991db162a2d61de7c1b24a45246d09d6b2e86'
[a42fcf67-1e2d-4726-92a0-e15fd47ca709/build] unable to get git ref: failed to identify reference (tag/branch) for the checked-out revision '11d991db162a2d61de7c1b24a45246d09d6b2e86'
[a42fcf67-1e2d-4726-92a0-e15fd47ca709/build] unable to get git ref: failed to identify reference (tag/branch) for the checked-out revision '11d991db162a2d61de7c1b24a45246d09d6b2e86'
[a42fcf67-1e2d-4726-92a0-e15fd47ca709/build] ⭐ Run Main actions/checkout@v3
[a42fcf67-1e2d-4726-92a0-e15fd47ca709/build] unable to get git ref: failed to identify reference (tag/branch) for the checked-out revision '11d991db162a2d61de7c1b24a45246d09d6b2e86'
[a42fcf67-1e2d-4726-92a0-e15fd47ca709/build] unable to get git ref: failed to identify reference (tag/branch) for the checked-out revision '11d991db162a2d61de7c1b24a45246d09d6b2e86'
[a42fcf67-1e2d-4726-92a0-e15fd47ca709/build]   🐳  docker cp src=/tmp/9e4d8565-2e29-42a4-a851-edd4c6455efe/. dst=/tmp/9e4d8565-2e29-42a4-a851-edd4c6455efe
[a42fcf67-1e2d-4726-92a0-e15fd47ca709/build]   🐳  docker exec cmd=[chown -R 1012:1013 /tmp/9e4d8565-2e29-42a4-a851-edd4c6455efe] user=0 workdir=
[a42fcf67-1e2d-4726-92a0-e15fd47ca709/build]   ✅  Success - Main actions/checkout@v3
[a42fcf67-1e2d-4726-92a0-e15fd47ca709/build] unable to get git ref: failed to identify reference (tag/branch) for the checked-out revision '11d991db162a2d61de7c1b24a45246d09d6b2e86'
[a42fcf67-1e2d-4726-92a0-e15fd47ca709/build] unable to get git ref: failed to identify reference (tag/branch) for the checked-out revision '11d991db162a2d61de7c1b24a45246d09d6b2e86'
[a42fcf67-1e2d-4726-92a0-e15fd47ca709/build] unable to get git ref: failed to identify reference (tag/branch) for the checked-out revision '11d991db162a2d61de7c1b24a45246d09d6b2e86'
[a42fcf67-1e2d-4726-92a0-e15fd47ca709/build] unable to get git ref: failed to identify reference (tag/branch) for the checked-out revision '11d991db162a2d61de7c1b24a45246d09d6b2e86'
[a42fcf67-1e2d-4726-92a0-e15fd47ca709/build] unable to get git ref: failed to identify reference (tag/branch) for the checked-out revision '11d991db162a2d61de7c1b24a45246d09d6b2e86'
[a42fcf67-1e2d-4726-92a0-e15fd47ca709/build] ⭐ Run Main Set up JDK 17
[a42fcf67-1e2d-4726-92a0-e15fd47ca709/build] unable to get git ref: failed to identify reference (tag/branch) for the checked-out revision '11d991db162a2d61de7c1b24a45246d09d6b2e86'
[a42fcf67-1e2d-4726-92a0-e15fd47ca709/build] unable to get git ref: failed to identify reference (tag/branch) for the checked-out revision '11d991db162a2d61de7c1b24a45246d09d6b2e86'
[a42fcf67-1e2d-4726-92a0-e15fd47ca709/build] unable to get git ref: failed to identify reference (tag/branch) for the checked-out revision '11d991db162a2d61de7c1b24a45246d09d6b2e86'
[a42fcf67-1e2d-4726-92a0-e15fd47ca709/build]   🐳  docker cp src=/tmp/act-cache/b762bf82-29e9-47ca-a346-a014c9d3bbef/act/actions-setup-java@v2/ dst=/var/run/act/actions/actions-setup-java@v2/
[a42fcf67-1e2d-4726-92a0-e15fd47ca709/build]   🐳  docker exec cmd=[chown -R 1012:1013 /var/run/act/actions/actions-setup-java@v2/] user=0 workdir=
[a42fcf67-1e2d-4726-92a0-e15fd47ca709/build]   🐳  docker exec cmd=[node /var/run/act/actions/actions-setup-java@v2/dist/setup/index.js] user= workdir=
[a42fcf67-1e2d-4726-92a0-e15fd47ca709/build]   | Trying to resolve the latest version from remote
[a42fcf67-1e2d-4726-92a0-e15fd47ca709/build]   | Resolved latest version as 17.0.9+9
[a42fcf67-1e2d-4726-92a0-e15fd47ca709/build]   | Trying to download...
[a42fcf67-1e2d-4726-92a0-e15fd47ca709/build]   | Downloading Java 17.0.9+9 (Zulu) from https://cdn.azul.com/zulu/bin/zulu17.46.29-ca-crac-jdk17.0.9-linux_x64.tar.gz ...
[a42fcf67-1e2d-4726-92a0-e15fd47ca709/build]   💬  ::debug::Downloading https://cdn.azul.com/zulu/bin/zulu17.46.29-ca-crac-jdk17.0.9-linux_x64.tar.gz
[a42fcf67-1e2d-4726-92a0-e15fd47ca709/build]   💬  ::debug::Destination /tmp/101bf423-3d2a-4d31-95af-65def1b7f721
[a42fcf67-1e2d-4726-92a0-e15fd47ca709/build]   💬  ::debug::download complete
[a42fcf67-1e2d-4726-92a0-e15fd47ca709/build]   | Extracting Java archive...
[a42fcf67-1e2d-4726-92a0-e15fd47ca709/build]   💬  ::debug::Checking tar --version
[a42fcf67-1e2d-4726-92a0-e15fd47ca709/build]   💬  ::debug::tar (GNU tar) 1.34%0ACopyright (C) 2021 Free Software Foundation, Inc.%0ALicense GPLv3+: GNU GPL version 3 or later <https://gnu.org/licenses/gpl.html>.%0AThis is free software: you are free to change and redistribute it.%0AThere is NO WARRANTY, to the extent permitted by law.%0A%0AWritten by John Gilmore and Jay Fenlason.
[a42fcf67-1e2d-4726-92a0-e15fd47ca709/build]   | [command]/usr/bin/tar xz --warning=no-unknown-keyword -C /tmp/7d9d07b3-4a33-455c-973a-25ca0ffde2ec -f /tmp/101bf423-3d2a-4d31-95af-65def1b7f721
[a42fcf67-1e2d-4726-92a0-e15fd47ca709/build]   💬  ::debug::Caching tool Java_Zulu_jdk 17.0.9-9 x64
[a42fcf67-1e2d-4726-92a0-e15fd47ca709/build]   💬  ::debug::source dir: /tmp/7d9d07b3-4a33-455c-973a-25ca0ffde2ec/zulu17.46.29-ca-crac-jdk17.0.9-linux_x64
[a42fcf67-1e2d-4726-92a0-e15fd47ca709/build]   💬  ::debug::destination /opt/hostedtoolcache/Java_Zulu_jdk/17.0.9-9/x64
[a42fcf67-1e2d-4726-92a0-e15fd47ca709/build]   💬  ::debug::finished caching tool
[a42fcf67-1e2d-4726-92a0-e15fd47ca709/build]   | Java 17.0.9+9 was downloaded
[a42fcf67-1e2d-4726-92a0-e15fd47ca709/build]   | Setting Java 17.0.9+9 as the default
[a42fcf67-1e2d-4726-92a0-e15fd47ca709/build]   | 
[a42fcf67-1e2d-4726-92a0-e15fd47ca709/build]   | Java configuration:
[a42fcf67-1e2d-4726-92a0-e15fd47ca709/build]   |   Distribution: zulu
[a42fcf67-1e2d-4726-92a0-e15fd47ca709/build]   |   Version: 17.0.9+9
[a42fcf67-1e2d-4726-92a0-e15fd47ca709/build]   |   Path: /opt/hostedtoolcache/Java_Zulu_jdk/17.0.9-9/x64
[a42fcf67-1e2d-4726-92a0-e15fd47ca709/build]   | 
[a42fcf67-1e2d-4726-92a0-e15fd47ca709/build]   ❓ add-matcher /run/act/actions/actions-setup-java@v2/.github/java.json
[a42fcf67-1e2d-4726-92a0-e15fd47ca709/build]   | Creating settings.xml with server-id: github
[a42fcf67-1e2d-4726-92a0-e15fd47ca709/build]   | Writing to /home/runner/.m2/settings.xml
[a42fcf67-1e2d-4726-92a0-e15fd47ca709/build]   ✅  Success - Main Set up JDK 17
[a42fcf67-1e2d-4726-92a0-e15fd47ca709/build]   ⚙  ::set-env:: JAVA_HOME=/opt/hostedtoolcache/Java_Zulu_jdk/17.0.9-9/x64
[a42fcf67-1e2d-4726-92a0-e15fd47ca709/build]   ⚙  ::set-output:: version=17.0.9+9
[a42fcf67-1e2d-4726-92a0-e15fd47ca709/build]   ⚙  ::set-output:: distribution=Zulu
[a42fcf67-1e2d-4726-92a0-e15fd47ca709/build]   ⚙  ::set-output:: path=/opt/hostedtoolcache/Java_Zulu_jdk/17.0.9-9/x64
[a42fcf67-1e2d-4726-92a0-e15fd47ca709/build]   ⚙  ::add-path:: /opt/hostedtoolcache/Java_Zulu_jdk/17.0.9-9/x64/bin
[a42fcf67-1e2d-4726-92a0-e15fd47ca709/build] unable to get git ref: failed to identify reference (tag/branch) for the checked-out revision '11d991db162a2d61de7c1b24a45246d09d6b2e86'
[a42fcf67-1e2d-4726-92a0-e15fd47ca709/build] unable to get git ref: failed to identify reference (tag/branch) for the checked-out revision '11d991db162a2d61de7c1b24a45246d09d6b2e86'
[a42fcf67-1e2d-4726-92a0-e15fd47ca709/build] unable to get git ref: failed to identify reference (tag/branch) for the checked-out revision '11d991db162a2d61de7c1b24a45246d09d6b2e86'
[a42fcf67-1e2d-4726-92a0-e15fd47ca709/build] unable to get git ref: failed to identify reference (tag/branch) for the checked-out revision '11d991db162a2d61de7c1b24a45246d09d6b2e86'
[a42fcf67-1e2d-4726-92a0-e15fd47ca709/build] unable to get git ref: failed to identify reference (tag/branch) for the checked-out revision '11d991db162a2d61de7c1b24a45246d09d6b2e86'
[a42fcf67-1e2d-4726-92a0-e15fd47ca709/build] ⭐ Run Main Grant execute permission for gradlew
[a42fcf67-1e2d-4726-92a0-e15fd47ca709/build] unable to get git ref: failed to identify reference (tag/branch) for the checked-out revision '11d991db162a2d61de7c1b24a45246d09d6b2e86'
[a42fcf67-1e2d-4726-92a0-e15fd47ca709/build] unable to get git ref: failed to identify reference (tag/branch) for the checked-out revision '11d991db162a2d61de7c1b24a45246d09d6b2e86'
[a42fcf67-1e2d-4726-92a0-e15fd47ca709/build] unable to get git ref: failed to identify reference (tag/branch) for the checked-out revision '11d991db162a2d61de7c1b24a45246d09d6b2e86'
[a42fcf67-1e2d-4726-92a0-e15fd47ca709/build] unable to get git ref: failed to identify reference (tag/branch) for the checked-out revision '11d991db162a2d61de7c1b24a45246d09d6b2e86'
[a42fcf67-1e2d-4726-92a0-e15fd47ca709/build]   🐳  docker exec cmd=[bash --noprofile --norc -e -o pipefail /var/run/act/workflow/2] user= workdir=
[a42fcf67-1e2d-4726-92a0-e15fd47ca709/build]   ✅  Success - Main Grant execute permission for gradlew
[a42fcf67-1e2d-4726-92a0-e15fd47ca709/build] unable to get git ref: failed to identify reference (tag/branch) for the checked-out revision '11d991db162a2d61de7c1b24a45246d09d6b2e86'
[a42fcf67-1e2d-4726-92a0-e15fd47ca709/build] unable to get git ref: failed to identify reference (tag/branch) for the checked-out revision '11d991db162a2d61de7c1b24a45246d09d6b2e86'
[a42fcf67-1e2d-4726-92a0-e15fd47ca709/build] unable to get git ref: failed to identify reference (tag/branch) for the checked-out revision '11d991db162a2d61de7c1b24a45246d09d6b2e86'
[a42fcf67-1e2d-4726-92a0-e15fd47ca709/build] unable to get git ref: failed to identify reference (tag/branch) for the checked-out revision '11d991db162a2d61de7c1b24a45246d09d6b2e86'
[a42fcf67-1e2d-4726-92a0-e15fd47ca709/build] unable to get git ref: failed to identify reference (tag/branch) for the checked-out revision '11d991db162a2d61de7c1b24a45246d09d6b2e86'
[a42fcf67-1e2d-4726-92a0-e15fd47ca709/build] ⭐ Run Main Build with Gradle
[a42fcf67-1e2d-4726-92a0-e15fd47ca709/build] unable to get git ref: failed to identify reference (tag/branch) for the checked-out revision '11d991db162a2d61de7c1b24a45246d09d6b2e86'
[a42fcf67-1e2d-4726-92a0-e15fd47ca709/build] unable to get git ref: failed to identify reference (tag/branch) for the checked-out revision '11d991db162a2d61de7c1b24a45246d09d6b2e86'
[a42fcf67-1e2d-4726-92a0-e15fd47ca709/build] unable to get git ref: failed to identify reference (tag/branch) for the checked-out revision '11d991db162a2d61de7c1b24a45246d09d6b2e86'
[a42fcf67-1e2d-4726-92a0-e15fd47ca709/build] unable to get git ref: failed to identify reference (tag/branch) for the checked-out revision '11d991db162a2d61de7c1b24a45246d09d6b2e86'
[a42fcf67-1e2d-4726-92a0-e15fd47ca709/build]   🐳  docker exec cmd=[bash --noprofile --norc -e -o pipefail /var/run/act/workflow/3] user= workdir=
[a42fcf67-1e2d-4726-92a0-e15fd47ca709/build]   | Downloading https://services.gradle.org/distributions/gradle-8.1-bin.zip
[a42fcf67-1e2d-4726-92a0-e15fd47ca709/build]   | ...........10%............20%............30%............40%............50%............60%............70%............80%...........90%............100%
[a42fcf67-1e2d-4726-92a0-e15fd47ca709/build]   | 
[a42fcf67-1e2d-4726-92a0-e15fd47ca709/build]   | Welcome to Gradle 8.1!
[a42fcf67-1e2d-4726-92a0-e15fd47ca709/build]   | 
[a42fcf67-1e2d-4726-92a0-e15fd47ca709/build]   | Here are the highlights of this release:
[a42fcf67-1e2d-4726-92a0-e15fd47ca709/build]   |  - Stable configuration cache
[a42fcf67-1e2d-4726-92a0-e15fd47ca709/build]   |  - Experimental Kotlin DSL assignment syntax
[a42fcf67-1e2d-4726-92a0-e15fd47ca709/build]   |  - Building with Java 20
[a42fcf67-1e2d-4726-92a0-e15fd47ca709/build]   | 
[a42fcf67-1e2d-4726-92a0-e15fd47ca709/build]   | For more details see https://docs.gradle.org/8.1/release-notes.html
[a42fcf67-1e2d-4726-92a0-e15fd47ca709/build]   | 
[a42fcf67-1e2d-4726-92a0-e15fd47ca709/build]   | Starting a Gradle Daemon (subsequent builds will be faster)
[a42fcf67-1e2d-4726-92a0-e15fd47ca709/build]   | 
[a42fcf67-1e2d-4726-92a0-e15fd47ca709/build]   | > Task :initializeIntelliJPlugin
[a42fcf67-1e2d-4726-92a0-e15fd47ca709/build]   | [gradle-intellij-plugin :initializeIntelliJPlugin] Gradle IntelliJ Plugin is outdated: 1.14.2. Update `org.jetbrains.intellij` to: 1.16.0
[a42fcf67-1e2d-4726-92a0-e15fd47ca709/build]   | 
[a42fcf67-1e2d-4726-92a0-e15fd47ca709/build]   | > Task :patchPluginXml
[a42fcf67-1e2d-4726-92a0-e15fd47ca709/build]   | > Task :verifyPluginConfiguration
[a42fcf67-1e2d-4726-92a0-e15fd47ca709/build]   | 
[a42fcf67-1e2d-4726-92a0-e15fd47ca709/build]   | > Task :compileJava
[a42fcf67-1e2d-4726-92a0-e15fd47ca709/build]   | Note: /tmp/9e4d8565-2e29-42a4-a851-edd4c6455efe/src/main/java/com/reason/lang/core/psi/impl/RPsiParameters.java uses or overrides a deprecated API.
[a42fcf67-1e2d-4726-92a0-e15fd47ca709/build]   | Note: Recompile with -Xlint:deprecation for details.
[a42fcf67-1e2d-4726-92a0-e15fd47ca709/build]   | Note: Some input files use unchecked or unsafe operations.
[a42fcf67-1e2d-4726-92a0-e15fd47ca709/build]   | Note: Recompile with -Xlint:unchecked for details.
[a42fcf67-1e2d-4726-92a0-e15fd47ca709/build]   | 
[a42fcf67-1e2d-4726-92a0-e15fd47ca709/build]   | > Task :processResources
[a42fcf67-1e2d-4726-92a0-e15fd47ca709/build]   | > Task :classes
[a42fcf67-1e2d-4726-92a0-e15fd47ca709/build]   | > Task :instrumentCode
[a42fcf67-1e2d-4726-92a0-e15fd47ca709/build]   | > Task :compileTestJava
[a42fcf67-1e2d-4726-92a0-e15fd47ca709/build]   | > Task :processTestResources NO-SOURCE
[a42fcf67-1e2d-4726-92a0-e15fd47ca709/build]   | > Task :testClasses
[a42fcf67-1e2d-4726-92a0-e15fd47ca709/build]   | > Task :instrumentTestCode
[a42fcf67-1e2d-4726-92a0-e15fd47ca709/build]   | > Task :instrumentedJar
[a42fcf67-1e2d-4726-92a0-e15fd47ca709/build]   | > Task :jar
[a42fcf67-1e2d-4726-92a0-e15fd47ca709/build]   | > Task :prepareTestingSandbox
[a42fcf67-1e2d-4726-92a0-e15fd47ca709/build]   | 
[a42fcf67-1e2d-4726-92a0-e15fd47ca709/build]   | > Task :test
[a42fcf67-1e2d-4726-92a0-e15fd47ca709/build]   | LaunchSystemArgumentProvider = [-Didea.config.path=/tmp/9e4d8565-2e29-42a4-a851-edd4c6455efe/build/idea-sandbox/config-test, -Didea.system.path=/tmp/9e4d8565-2e29-42a4-a851-edd4c6455efe/build/idea-sandbox/system-test, -Didea.log.path=/tmp/9e4d8565-2e29-42a4-a851-edd4c6455efe/build/idea-sandbox/system-test/log, -Didea.plugins.path=/tmp/9e4d8565-2e29-42a4-a851-edd4c6455efe/build/idea-sandbox/plugins-test, -Didea.required.plugins.id=reasonml]
[a42fcf67-1e2d-4726-92a0-e15fd47ca709/build]   | 
[a42fcf67-1e2d-4726-92a0-e15fd47ca709/build]   | > Task :classpathIndexCleanup
[a42fcf67-1e2d-4726-92a0-e15fd47ca709/build]   | > Task :prepareSandbox
[a42fcf67-1e2d-4726-92a0-e15fd47ca709/build]   | 
[a42fcf67-1e2d-4726-92a0-e15fd47ca709/build]   | > Task :buildSearchableOptions
[a42fcf67-1e2d-4726-92a0-e15fd47ca709/build]   | systemProperties = {}
[a42fcf67-1e2d-4726-92a0-e15fd47ca709/build]   | LaunchSystemArgumentProvider = [-Didea.config.path=/tmp/9e4d8565-2e29-42a4-a851-edd4c6455efe/build/idea-sandbox/config, -Didea.system.path=/tmp/9e4d8565-2e29-42a4-a851-edd4c6455efe/build/idea-sandbox/system, -Didea.log.path=/tmp/9e4d8565-2e29-42a4-a851-edd4c6455efe/build/idea-sandbox/system/log, -Didea.plugins.path=/tmp/9e4d8565-2e29-42a4-a851-edd4c6455efe/build/idea-sandbox/plugins, -Didea.required.plugins.id=reasonml]
[a42fcf67-1e2d-4726-92a0-e15fd47ca709/build]   | 2023-11-25 19:50:46,422 [    780]   WARN - j.u.prefs - Prefs file removed in background /home/runner/.java/.userPrefs/prefs.xml
[a42fcf67-1e2d-4726-92a0-e15fd47ca709/build]   | Starting searchable options index builder
[a42fcf67-1e2d-4726-92a0-e15fd47ca709/build]   | 2023-11-25 19:50:46,822 [   1180]   WARN - #c.i.n.i.NotificationGroupManagerImpl - Notification group CodeWithMe is already registered (group=com.intellij.notification.NotificationGroup@6fca1203). Plugin descriptor: PluginDescriptor(name=Code With Me, id=com.jetbrains.codeWithMe, descriptorPath=plugin.xml, path=~/.gradle/caches/modules-2/files-2.1/com.jetbrains.intellij.idea/ideaIU/2022.2/e174f5155244551c98619d83efcb30642add07c2/ideaIU-2022.2/plugins/cwm-plugin, version=222.3345.118, package=null, isBundled=true)
[a42fcf67-1e2d-4726-92a0-e15fd47ca709/build]   | 2023-11-25 19:50:49,890 [   4248]   WARN - Jetbrains UI DSL - Unsupported labeled component: com.intellij.ui.ToolbarDecorator$2
[a42fcf67-1e2d-4726-92a0-e15fd47ca709/build]   | 2023-11-25 19:50:49,890 [   4248]   WARN - Jetbrains UI DSL - Unsupported labeled component: com.intellij.ui.ToolbarDecorator$2
[a42fcf67-1e2d-4726-92a0-e15fd47ca709/build]   | 2023-11-25 19:50:58,810 [  13168]   WARN - Jetbrains UI DSL - Unsupported labeled component: com.intellij.ui.components.ActionLink
[a42fcf67-1e2d-4726-92a0-e15fd47ca709/build]   | 2023-11-25 19:51:04,374 [  18732]   WARN - Jetbrains UI DSL - Unsupported labeled component: com.intellij.ui.ToolbarDecorator$2
[a42fcf67-1e2d-4726-92a0-e15fd47ca709/build]   | 2023-11-25 19:51:04,830 [  19188]   WARN - Jetbrains UI DSL - Unsupported labeled component: com.intellij.ui.components.JBList
[a42fcf67-1e2d-4726-92a0-e15fd47ca709/build]   | 2023-11-25 19:51:07,349 [  21707]   WARN - #c.i.u.j.JBCefApp - JCEF is manually disabled in headless env via 'ide.browser.jcef.headless.enabled=false'
[a42fcf67-1e2d-4726-92a0-e15fd47ca709/build]   | Found 348 configurables
[a42fcf67-1e2d-4726-92a0-e15fd47ca709/build]   | Searchable options index builder completed
[a42fcf67-1e2d-4726-92a0-e15fd47ca709/build]   | 
[a42fcf67-1e2d-4726-92a0-e15fd47ca709/build]   | > Task :jarSearchableOptions
[a42fcf67-1e2d-4726-92a0-e15fd47ca709/build]   | > Task :buildPlugin
[a42fcf67-1e2d-4726-92a0-e15fd47ca709/build]   | > Task :assemble
[a42fcf67-1e2d-4726-92a0-e15fd47ca709/build]   | > Task :check
[a42fcf67-1e2d-4726-92a0-e15fd47ca709/build]   | > Task :build
[a42fcf67-1e2d-4726-92a0-e15fd47ca709/build]   | 
[a42fcf67-1e2d-4726-92a0-e15fd47ca709/build]   | BUILD SUCCESSFUL in 4m 7s
[a42fcf67-1e2d-4726-92a0-e15fd47ca709/build]   | 17 actionable tasks: 17 executed
[a42fcf67-1e2d-4726-92a0-e15fd47ca709/build]   ✅  Success - Main Build with Gradle
[a42fcf67-1e2d-4726-92a0-e15fd47ca709/build] unable to get git ref: failed to identify reference (tag/branch) for the checked-out revision '11d991db162a2d61de7c1b24a45246d09d6b2e86'
[a42fcf67-1e2d-4726-92a0-e15fd47ca709/build] unable to get git ref: failed to identify reference (tag/branch) for the checked-out revision '11d991db162a2d61de7c1b24a45246d09d6b2e86'
[a42fcf67-1e2d-4726-92a0-e15fd47ca709/build] unable to get git ref: failed to identify reference (tag/branch) for the checked-out revision '11d991db162a2d61de7c1b24a45246d09d6b2e86'
[a42fcf67-1e2d-4726-92a0-e15fd47ca709/build] unable to get git ref: failed to identify reference (tag/branch) for the checked-out revision '11d991db162a2d61de7c1b24a45246d09d6b2e86'
[a42fcf67-1e2d-4726-92a0-e15fd47ca709/build] unable to get git ref: failed to identify reference (tag/branch) for the checked-out revision '11d991db162a2d61de7c1b24a45246d09d6b2e86'
[a42fcf67-1e2d-4726-92a0-e15fd47ca709/build] ⭐ Run Main Test with Gradle
[a42fcf67-1e2d-4726-92a0-e15fd47ca709/build] unable to get git ref: failed to identify reference (tag/branch) for the checked-out revision '11d991db162a2d61de7c1b24a45246d09d6b2e86'
[a42fcf67-1e2d-4726-92a0-e15fd47ca709/build] unable to get git ref: failed to identify reference (tag/branch) for the checked-out revision '11d991db162a2d61de7c1b24a45246d09d6b2e86'
[a42fcf67-1e2d-4726-92a0-e15fd47ca709/build] unable to get git ref: failed to identify reference (tag/branch) for the checked-out revision '11d991db162a2d61de7c1b24a45246d09d6b2e86'
[a42fcf67-1e2d-4726-92a0-e15fd47ca709/build] unable to get git ref: failed to identify reference (tag/branch) for the checked-out revision '11d991db162a2d61de7c1b24a45246d09d6b2e86'
[a42fcf67-1e2d-4726-92a0-e15fd47ca709/build]   🐳  docker exec cmd=[bash --noprofile --norc -e -o pipefail /var/run/act/workflow/4] user= workdir=
[a42fcf67-1e2d-4726-92a0-e15fd47ca709/build]   | > Task :initializeIntelliJPlugin SKIPPED
[a42fcf67-1e2d-4726-92a0-e15fd47ca709/build]   | > Task :patchPluginXml UP-TO-DATE
[a42fcf67-1e2d-4726-92a0-e15fd47ca709/build]   | > Task :verifyPluginConfiguration
[a42fcf67-1e2d-4726-92a0-e15fd47ca709/build]   | > Task :compileJava UP-TO-DATE
[a42fcf67-1e2d-4726-92a0-e15fd47ca709/build]   | > Task :processResources UP-TO-DATE
[a42fcf67-1e2d-4726-92a0-e15fd47ca709/build]   | > Task :classes UP-TO-DATE
[a42fcf67-1e2d-4726-92a0-e15fd47ca709/build]   | > Task :instrumentCode
[a42fcf67-1e2d-4726-92a0-e15fd47ca709/build]   | > Task :instrumentedJar UP-TO-DATE
[a42fcf67-1e2d-4726-92a0-e15fd47ca709/build]   | > Task :jar UP-TO-DATE
[a42fcf67-1e2d-4726-92a0-e15fd47ca709/build]   | > Task :compileTestJava UP-TO-DATE
[a42fcf67-1e2d-4726-92a0-e15fd47ca709/build]   | > Task :processTestResources NO-SOURCE
[a42fcf67-1e2d-4726-92a0-e15fd47ca709/build]   | > Task :testClasses UP-TO-DATE
[a42fcf67-1e2d-4726-92a0-e15fd47ca709/build]   | > Task :instrumentTestCode
[a42fcf67-1e2d-4726-92a0-e15fd47ca709/build]   | > Task :prepareTestingSandbox UP-TO-DATE
[a42fcf67-1e2d-4726-92a0-e15fd47ca709/build]   | 
[a42fcf67-1e2d-4726-92a0-e15fd47ca709/build]   | > Task :test
[a42fcf67-1e2d-4726-92a0-e15fd47ca709/build]   | LaunchSystemArgumentProvider = [-Didea.config.path=/tmp/9e4d8565-2e29-42a4-a851-edd4c6455efe/build/idea-sandbox/config-test, -Didea.system.path=/tmp/9e4d8565-2e29-42a4-a851-edd4c6455efe/build/idea-sandbox/system-test, -Didea.log.path=/tmp/9e4d8565-2e29-42a4-a851-edd4c6455efe/build/idea-sandbox/system-test/log, -Didea.plugins.path=/tmp/9e4d8565-2e29-42a4-a851-edd4c6455efe/build/idea-sandbox/plugins-test, -Didea.required.plugins.id=reasonml]
[a42fcf67-1e2d-4726-92a0-e15fd47ca709/build]   | 
[a42fcf67-1e2d-4726-92a0-e15fd47ca709/build]   | > Task :classpathIndexCleanup
[a42fcf67-1e2d-4726-92a0-e15fd47ca709/build]   | 
[a42fcf67-1e2d-4726-92a0-e15fd47ca709/build]   | BUILD SUCCESSFUL in 56s
[a42fcf67-1e2d-4726-92a0-e15fd47ca709/build]   | 12 actionable tasks: 5 executed, 7 up-to-date
[a42fcf67-1e2d-4726-92a0-e15fd47ca709/build]   ✅  Success - Main Test with Gradle
[a42fcf67-1e2d-4726-92a0-e15fd47ca709/build] unable to get git ref: failed to identify reference (tag/branch) for the checked-out revision '11d991db162a2d61de7c1b24a45246d09d6b2e86'
[a42fcf67-1e2d-4726-92a0-e15fd47ca709/build] unable to get git ref: failed to identify reference (tag/branch) for the checked-out revision '11d991db162a2d61de7c1b24a45246d09d6b2e86'
[a42fcf67-1e2d-4726-92a0-e15fd47ca709/build] unable to get git ref: failed to identify reference (tag/branch) for the checked-out revision '11d991db162a2d61de7c1b24a45246d09d6b2e86'
[a42fcf67-1e2d-4726-92a0-e15fd47ca709/build] unable to get git ref: failed to identify reference (tag/branch) for the checked-out revision '11d991db162a2d61de7c1b24a45246d09d6b2e86'
[a42fcf67-1e2d-4726-92a0-e15fd47ca709/build] unable to get git ref: failed to identify reference (tag/branch) for the checked-out revision '11d991db162a2d61de7c1b24a45246d09d6b2e86'
[a42fcf67-1e2d-4726-92a0-e15fd47ca709/build] ⭐ Run Post Set up JDK 17
[a42fcf67-1e2d-4726-92a0-e15fd47ca709/build]   🐳  docker exec cmd=[node /var/run/act/actions/actions-setup-java@v2/dist/cleanup/index.js] user= workdir=
[a42fcf67-1e2d-4726-92a0-e15fd47ca709/build]   ✅  Success - Post Set up JDK 17
[a42fcf67-1e2d-4726-92a0-e15fd47ca709/build] 🏁  Job succeeded
[a42fcf67-1e2d-4726-92a0-e15fd47ca709/build] unable to get git ref: failed to identify reference (tag/branch) for the checked-out revision '11d991db162a2d61de7c1b24a45246d09d6b2e86'
