[5ff6eb50-4a0a-4b26-98e1-8345e513bc35/build] 🚀  Start image=gitbugactions:latest
[5ff6eb50-4a0a-4b26-98e1-8345e513bc35/build]   🐳  docker pull image=gitbugactions:latest platform= username= forcePull=false
[5ff6eb50-4a0a-4b26-98e1-8345e513bc35/build]   🐳  docker create image=gitbugactions:latest platform= entrypoint=["tail" "-f" "/dev/null"] cmd=[]
[5ff6eb50-4a0a-4b26-98e1-8345e513bc35/build]   🐳  docker run image=gitbugactions:latest platform= entrypoint=["tail" "-f" "/dev/null"] cmd=[]
[5ff6eb50-4a0a-4b26-98e1-8345e513bc35/build]   🐳  docker exec cmd=[chown -R 1012:1013 /tmp/de3bdcbd-c4c4-4163-9883-5c0dc2ad269a] user=0 workdir=
[5ff6eb50-4a0a-4b26-98e1-8345e513bc35/build] unable to get git ref: failed to identify reference (tag/branch) for the checked-out revision '65f54c200cf0dcadaa9a1ce685e3eaeb88ce7506'
[5ff6eb50-4a0a-4b26-98e1-8345e513bc35/build] unable to get git ref: failed to identify reference (tag/branch) for the checked-out revision '65f54c200cf0dcadaa9a1ce685e3eaeb88ce7506'
[5ff6eb50-4a0a-4b26-98e1-8345e513bc35/build] unable to get git ref: failed to identify reference (tag/branch) for the checked-out revision '65f54c200cf0dcadaa9a1ce685e3eaeb88ce7506'
[5ff6eb50-4a0a-4b26-98e1-8345e513bc35/build] unable to get git ref: failed to identify reference (tag/branch) for the checked-out revision '65f54c200cf0dcadaa9a1ce685e3eaeb88ce7506'
[5ff6eb50-4a0a-4b26-98e1-8345e513bc35/build] unable to get git ref: failed to identify reference (tag/branch) for the checked-out revision '65f54c200cf0dcadaa9a1ce685e3eaeb88ce7506'
[5ff6eb50-4a0a-4b26-98e1-8345e513bc35/build] unable to get git ref: failed to identify reference (tag/branch) for the checked-out revision '65f54c200cf0dcadaa9a1ce685e3eaeb88ce7506'
[5ff6eb50-4a0a-4b26-98e1-8345e513bc35/build] unable to get git ref: failed to identify reference (tag/branch) for the checked-out revision '65f54c200cf0dcadaa9a1ce685e3eaeb88ce7506'
[5ff6eb50-4a0a-4b26-98e1-8345e513bc35/build] unable to get git ref: failed to identify reference (tag/branch) for the checked-out revision '65f54c200cf0dcadaa9a1ce685e3eaeb88ce7506'
[5ff6eb50-4a0a-4b26-98e1-8345e513bc35/build] unable to get git ref: failed to identify reference (tag/branch) for the checked-out revision '65f54c200cf0dcadaa9a1ce685e3eaeb88ce7506'
[5ff6eb50-4a0a-4b26-98e1-8345e513bc35/build] ⭐ Run Main actions/checkout@v3
[5ff6eb50-4a0a-4b26-98e1-8345e513bc35/build] unable to get git ref: failed to identify reference (tag/branch) for the checked-out revision '65f54c200cf0dcadaa9a1ce685e3eaeb88ce7506'
[5ff6eb50-4a0a-4b26-98e1-8345e513bc35/build] unable to get git ref: failed to identify reference (tag/branch) for the checked-out revision '65f54c200cf0dcadaa9a1ce685e3eaeb88ce7506'
[5ff6eb50-4a0a-4b26-98e1-8345e513bc35/build]   🐳  docker cp src=/tmp/de3bdcbd-c4c4-4163-9883-5c0dc2ad269a/. dst=/tmp/de3bdcbd-c4c4-4163-9883-5c0dc2ad269a
[5ff6eb50-4a0a-4b26-98e1-8345e513bc35/build]   🐳  docker exec cmd=[chown -R 1012:1013 /tmp/de3bdcbd-c4c4-4163-9883-5c0dc2ad269a] user=0 workdir=
[5ff6eb50-4a0a-4b26-98e1-8345e513bc35/build]   ✅  Success - Main actions/checkout@v3
[5ff6eb50-4a0a-4b26-98e1-8345e513bc35/build] unable to get git ref: failed to identify reference (tag/branch) for the checked-out revision '65f54c200cf0dcadaa9a1ce685e3eaeb88ce7506'
[5ff6eb50-4a0a-4b26-98e1-8345e513bc35/build] unable to get git ref: failed to identify reference (tag/branch) for the checked-out revision '65f54c200cf0dcadaa9a1ce685e3eaeb88ce7506'
[5ff6eb50-4a0a-4b26-98e1-8345e513bc35/build] unable to get git ref: failed to identify reference (tag/branch) for the checked-out revision '65f54c200cf0dcadaa9a1ce685e3eaeb88ce7506'
[5ff6eb50-4a0a-4b26-98e1-8345e513bc35/build] unable to get git ref: failed to identify reference (tag/branch) for the checked-out revision '65f54c200cf0dcadaa9a1ce685e3eaeb88ce7506'
[5ff6eb50-4a0a-4b26-98e1-8345e513bc35/build] unable to get git ref: failed to identify reference (tag/branch) for the checked-out revision '65f54c200cf0dcadaa9a1ce685e3eaeb88ce7506'
[5ff6eb50-4a0a-4b26-98e1-8345e513bc35/build] ⭐ Run Main actions/setup-java@v3
[5ff6eb50-4a0a-4b26-98e1-8345e513bc35/build] unable to get git ref: failed to identify reference (tag/branch) for the checked-out revision '65f54c200cf0dcadaa9a1ce685e3eaeb88ce7506'
[5ff6eb50-4a0a-4b26-98e1-8345e513bc35/build] unable to get git ref: failed to identify reference (tag/branch) for the checked-out revision '65f54c200cf0dcadaa9a1ce685e3eaeb88ce7506'
[5ff6eb50-4a0a-4b26-98e1-8345e513bc35/build] unable to get git ref: failed to identify reference (tag/branch) for the checked-out revision '65f54c200cf0dcadaa9a1ce685e3eaeb88ce7506'
[5ff6eb50-4a0a-4b26-98e1-8345e513bc35/build]   🐳  docker cp src=/tmp/act-cache/2c720674-79af-48bf-9c43-1dfcc903cc88/act/actions-setup-java@v3/ dst=/var/run/act/actions/actions-setup-java@v3/
[5ff6eb50-4a0a-4b26-98e1-8345e513bc35/build]   🐳  docker exec cmd=[chown -R 1012:1013 /var/run/act/actions/actions-setup-java@v3/] user=0 workdir=
[5ff6eb50-4a0a-4b26-98e1-8345e513bc35/build]   🐳  docker exec cmd=[node /var/run/act/actions/actions-setup-java@v3/dist/setup/index.js] user= workdir=
[5ff6eb50-4a0a-4b26-98e1-8345e513bc35/build]   ❓  ::group::Installed distributions
[5ff6eb50-4a0a-4b26-98e1-8345e513bc35/build]   | Trying to resolve the latest version from remote
[5ff6eb50-4a0a-4b26-98e1-8345e513bc35/build]   💬  ::debug::Gathering available versions from 'https://api.azul.com/zulu/download/community/v1.0/bundles/?os=linux&ext=tar.gz&bundle_type=jdk&javafx=false&arch=x86&hw_bitness=64&release_status=ga'
[5ff6eb50-4a0a-4b26-98e1-8345e513bc35/build]   | Resolved latest version as 11.0.21+9
[5ff6eb50-4a0a-4b26-98e1-8345e513bc35/build]   | Trying to download...
[5ff6eb50-4a0a-4b26-98e1-8345e513bc35/build]   | Downloading Java 11.0.21+9 (Zulu) from https://cdn.azul.com/zulu/bin/zulu11.68.17-ca-jdk11.0.21-linux_x64.tar.gz ...
[5ff6eb50-4a0a-4b26-98e1-8345e513bc35/build]   💬  ::debug::Downloading https://cdn.azul.com/zulu/bin/zulu11.68.17-ca-jdk11.0.21-linux_x64.tar.gz
[5ff6eb50-4a0a-4b26-98e1-8345e513bc35/build]   💬  ::debug::Destination /tmp/c77434a5-02ae-4078-a447-165cfad63299
[5ff6eb50-4a0a-4b26-98e1-8345e513bc35/build]   💬  ::debug::download complete
[5ff6eb50-4a0a-4b26-98e1-8345e513bc35/build]   | Extracting Java archive...
[5ff6eb50-4a0a-4b26-98e1-8345e513bc35/build]   💬  ::debug::Checking tar --version
[5ff6eb50-4a0a-4b26-98e1-8345e513bc35/build]   💬  ::debug::tar (GNU tar) 1.34%0ACopyright (C) 2021 Free Software Foundation, Inc.%0ALicense GPLv3+: GNU GPL version 3 or later <https://gnu.org/licenses/gpl.html>.%0AThis is free software: you are free to change and redistribute it.%0AThere is NO WARRANTY, to the extent permitted by law.%0A%0AWritten by John Gilmore and Jay Fenlason.
[5ff6eb50-4a0a-4b26-98e1-8345e513bc35/build]   | [command]/usr/bin/tar xz --warning=no-unknown-keyword -C /tmp/4c64f1fc-6fc5-4ce7-814b-a699ab36bd3f -f /tmp/c77434a5-02ae-4078-a447-165cfad63299
[5ff6eb50-4a0a-4b26-98e1-8345e513bc35/build]   💬  ::debug::Caching tool Java_Zulu_jdk 11.0.21-9 x64
[5ff6eb50-4a0a-4b26-98e1-8345e513bc35/build]   💬  ::debug::source dir: /tmp/4c64f1fc-6fc5-4ce7-814b-a699ab36bd3f/zulu11.68.17-ca-jdk11.0.21-linux_x64
[5ff6eb50-4a0a-4b26-98e1-8345e513bc35/build]   💬  ::debug::destination /opt/hostedtoolcache/Java_Zulu_jdk/11.0.21-9/x64
[5ff6eb50-4a0a-4b26-98e1-8345e513bc35/build]   💬  ::debug::finished caching tool
[5ff6eb50-4a0a-4b26-98e1-8345e513bc35/build]   | Java 11.0.21+9 was downloaded
[5ff6eb50-4a0a-4b26-98e1-8345e513bc35/build]   | Setting Java 11.0.21+9 as the default
[5ff6eb50-4a0a-4b26-98e1-8345e513bc35/build]   | Creating toolchains.xml for JDK version 11 from zulu
[5ff6eb50-4a0a-4b26-98e1-8345e513bc35/build]   | Writing to /home/runner/.m2/toolchains.xml
[5ff6eb50-4a0a-4b26-98e1-8345e513bc35/build]   | 
[5ff6eb50-4a0a-4b26-98e1-8345e513bc35/build]   | Java configuration:
[5ff6eb50-4a0a-4b26-98e1-8345e513bc35/build]   |   Distribution: zulu
[5ff6eb50-4a0a-4b26-98e1-8345e513bc35/build]   |   Version: 11.0.21+9
[5ff6eb50-4a0a-4b26-98e1-8345e513bc35/build]   |   Path: /opt/hostedtoolcache/Java_Zulu_jdk/11.0.21-9/x64
[5ff6eb50-4a0a-4b26-98e1-8345e513bc35/build]   | 
[5ff6eb50-4a0a-4b26-98e1-8345e513bc35/build]   ❓  ::endgroup::
[5ff6eb50-4a0a-4b26-98e1-8345e513bc35/build]   ❓ add-matcher /run/act/actions/actions-setup-java@v3/.github/java.json
[5ff6eb50-4a0a-4b26-98e1-8345e513bc35/build]   | Creating settings.xml with server-id: github
[5ff6eb50-4a0a-4b26-98e1-8345e513bc35/build]   | Writing to /home/runner/.m2/settings.xml
[5ff6eb50-4a0a-4b26-98e1-8345e513bc35/build]   ✅  Success - Main actions/setup-java@v3
[5ff6eb50-4a0a-4b26-98e1-8345e513bc35/build]   ⚙  ::set-env:: JAVA_HOME=/opt/hostedtoolcache/Java_Zulu_jdk/11.0.21-9/x64
[5ff6eb50-4a0a-4b26-98e1-8345e513bc35/build]   ⚙  ::set-env:: JAVA_HOME_11_X64=/opt/hostedtoolcache/Java_Zulu_jdk/11.0.21-9/x64
[5ff6eb50-4a0a-4b26-98e1-8345e513bc35/build]   ⚙  ::set-output:: distribution=Zulu
[5ff6eb50-4a0a-4b26-98e1-8345e513bc35/build]   ⚙  ::set-output:: path=/opt/hostedtoolcache/Java_Zulu_jdk/11.0.21-9/x64
[5ff6eb50-4a0a-4b26-98e1-8345e513bc35/build]   ⚙  ::set-output:: version=11.0.21+9
[5ff6eb50-4a0a-4b26-98e1-8345e513bc35/build]   ⚙  ::add-path:: /opt/hostedtoolcache/Java_Zulu_jdk/11.0.21-9/x64/bin
[5ff6eb50-4a0a-4b26-98e1-8345e513bc35/build] unable to get git ref: failed to identify reference (tag/branch) for the checked-out revision '65f54c200cf0dcadaa9a1ce685e3eaeb88ce7506'
[5ff6eb50-4a0a-4b26-98e1-8345e513bc35/build] unable to get git ref: failed to identify reference (tag/branch) for the checked-out revision '65f54c200cf0dcadaa9a1ce685e3eaeb88ce7506'
[5ff6eb50-4a0a-4b26-98e1-8345e513bc35/build] unable to get git ref: failed to identify reference (tag/branch) for the checked-out revision '65f54c200cf0dcadaa9a1ce685e3eaeb88ce7506'
[5ff6eb50-4a0a-4b26-98e1-8345e513bc35/build] unable to get git ref: failed to identify reference (tag/branch) for the checked-out revision '65f54c200cf0dcadaa9a1ce685e3eaeb88ce7506'
[5ff6eb50-4a0a-4b26-98e1-8345e513bc35/build] unable to get git ref: failed to identify reference (tag/branch) for the checked-out revision '65f54c200cf0dcadaa9a1ce685e3eaeb88ce7506'
[5ff6eb50-4a0a-4b26-98e1-8345e513bc35/build] ⭐ Run Main ./gradlew build --no-daemon --warning-mode=fail
[5ff6eb50-4a0a-4b26-98e1-8345e513bc35/build] unable to get git ref: failed to identify reference (tag/branch) for the checked-out revision '65f54c200cf0dcadaa9a1ce685e3eaeb88ce7506'
[5ff6eb50-4a0a-4b26-98e1-8345e513bc35/build] unable to get git ref: failed to identify reference (tag/branch) for the checked-out revision '65f54c200cf0dcadaa9a1ce685e3eaeb88ce7506'
[5ff6eb50-4a0a-4b26-98e1-8345e513bc35/build] unable to get git ref: failed to identify reference (tag/branch) for the checked-out revision '65f54c200cf0dcadaa9a1ce685e3eaeb88ce7506'
[5ff6eb50-4a0a-4b26-98e1-8345e513bc35/build] unable to get git ref: failed to identify reference (tag/branch) for the checked-out revision '65f54c200cf0dcadaa9a1ce685e3eaeb88ce7506'
[5ff6eb50-4a0a-4b26-98e1-8345e513bc35/build]   🐳  docker exec cmd=[bash --noprofile --norc -e -o pipefail /var/run/act/workflow/2] user= workdir=
[5ff6eb50-4a0a-4b26-98e1-8345e513bc35/build]   | Downloading https://services.gradle.org/distributions/gradle-7.5.1-bin.zip
[5ff6eb50-4a0a-4b26-98e1-8345e513bc35/build]   | ...........10%............20%...........30%............40%...........50%............60%...........70%............80%...........90%............100%
[5ff6eb50-4a0a-4b26-98e1-8345e513bc35/build]   | 
[5ff6eb50-4a0a-4b26-98e1-8345e513bc35/build]   | Welcome to Gradle 7.5.1!
[5ff6eb50-4a0a-4b26-98e1-8345e513bc35/build]   | 
[5ff6eb50-4a0a-4b26-98e1-8345e513bc35/build]   | Here are the highlights of this release:
[5ff6eb50-4a0a-4b26-98e1-8345e513bc35/build]   |  - Support for Java 18
[5ff6eb50-4a0a-4b26-98e1-8345e513bc35/build]   |  - Support for building with Groovy 4
[5ff6eb50-4a0a-4b26-98e1-8345e513bc35/build]   |  - Much more responsive continuous builds
[5ff6eb50-4a0a-4b26-98e1-8345e513bc35/build]   |  - Improved diagnostics for dependency resolution
[5ff6eb50-4a0a-4b26-98e1-8345e513bc35/build]   | 
[5ff6eb50-4a0a-4b26-98e1-8345e513bc35/build]   | For more details see https://docs.gradle.org/7.5.1/release-notes.html
[5ff6eb50-4a0a-4b26-98e1-8345e513bc35/build]   | 
[5ff6eb50-4a0a-4b26-98e1-8345e513bc35/build]   | To honour the JVM settings for this build a single-use Daemon process will be forked. See https://docs.gradle.org/7.5.1/userguide/gradle_daemon.html#sec:disabling_the_daemon.
[5ff6eb50-4a0a-4b26-98e1-8345e513bc35/build]   | Daemon will be stopped at the end of the build 
[5ff6eb50-4a0a-4b26-98e1-8345e513bc35/build]   | 
[5ff6eb50-4a0a-4b26-98e1-8345e513bc35/build]   | > Configure project :
[5ff6eb50-4a0a-4b26-98e1-8345e513bc35/build]   | Kordamp Enforcer Gradle plugin 0.13.0. Consider becoming a patron at https://www.patreon.com/aalmiray
[5ff6eb50-4a0a-4b26-98e1-8345e513bc35/build]   | 
[5ff6eb50-4a0a-4b26-98e1-8345e513bc35/build]   | > Task :copyDependencies
[5ff6eb50-4a0a-4b26-98e1-8345e513bc35/build]   | > Task :extractIncludeProto
[5ff6eb50-4a0a-4b26-98e1-8345e513bc35/build]   | > Task :extractProto
[5ff6eb50-4a0a-4b26-98e1-8345e513bc35/build]   | > Task :generateProto
[5ff6eb50-4a0a-4b26-98e1-8345e513bc35/build]   | > Task :compileJava
[5ff6eb50-4a0a-4b26-98e1-8345e513bc35/build]   | Note: Some input files use or override a deprecated API.
[5ff6eb50-4a0a-4b26-98e1-8345e513bc35/build]   | Note: Recompile with -Xlint:deprecation for details.
[5ff6eb50-4a0a-4b26-98e1-8345e513bc35/build]   | Note: Some input files use unchecked or unsafe operations.
[5ff6eb50-4a0a-4b26-98e1-8345e513bc35/build]   | Note: Recompile with -Xlint:unchecked for details.
[5ff6eb50-4a0a-4b26-98e1-8345e513bc35/build]   | 
[5ff6eb50-4a0a-4b26-98e1-8345e513bc35/build]   | > Task :processResources
[5ff6eb50-4a0a-4b26-98e1-8345e513bc35/build]   | > Task :classes
[5ff6eb50-4a0a-4b26-98e1-8345e513bc35/build]   | > Task :jar
[5ff6eb50-4a0a-4b26-98e1-8345e513bc35/build]   | > Task :assemble
[5ff6eb50-4a0a-4b26-98e1-8345e513bc35/build]   | > Task :extractIncludeTestProto
[5ff6eb50-4a0a-4b26-98e1-8345e513bc35/build]   | > Task :extractTestProto
[5ff6eb50-4a0a-4b26-98e1-8345e513bc35/build]   | > Task :generateTestProto NO-SOURCE
[5ff6eb50-4a0a-4b26-98e1-8345e513bc35/build]   | 
[5ff6eb50-4a0a-4b26-98e1-8345e513bc35/build]   | > Task :compileTestJava
[5ff6eb50-4a0a-4b26-98e1-8345e513bc35/build]   | Note: Some input files use or override a deprecated API.
[5ff6eb50-4a0a-4b26-98e1-8345e513bc35/build]   | Note: Recompile with -Xlint:deprecation for details.
[5ff6eb50-4a0a-4b26-98e1-8345e513bc35/build]   | 
[5ff6eb50-4a0a-4b26-98e1-8345e513bc35/build]   | > Task :processTestResources NO-SOURCE
[5ff6eb50-4a0a-4b26-98e1-8345e513bc35/build]   | > Task :testClasses
[5ff6eb50-4a0a-4b26-98e1-8345e513bc35/build]   | > Task :checkstyleTest SKIPPED
[5ff6eb50-4a0a-4b26-98e1-8345e513bc35/build]   | > Task :checkstyleMain
[5ff6eb50-4a0a-4b26-98e1-8345e513bc35/build]   | > Task :test
[5ff6eb50-4a0a-4b26-98e1-8345e513bc35/build]   | > Task :check
[5ff6eb50-4a0a-4b26-98e1-8345e513bc35/build]   | > Task :build
[5ff6eb50-4a0a-4b26-98e1-8345e513bc35/build]   | 
[5ff6eb50-4a0a-4b26-98e1-8345e513bc35/build]   | BUILD SUCCESSFUL in 2m 57s
[5ff6eb50-4a0a-4b26-98e1-8345e513bc35/build]   | 12 actionable tasks: 12 executed
[5ff6eb50-4a0a-4b26-98e1-8345e513bc35/build]   ✅  Success - Main ./gradlew build --no-daemon --warning-mode=fail
[5ff6eb50-4a0a-4b26-98e1-8345e513bc35/build] unable to get git ref: failed to identify reference (tag/branch) for the checked-out revision '65f54c200cf0dcadaa9a1ce685e3eaeb88ce7506'
[5ff6eb50-4a0a-4b26-98e1-8345e513bc35/build] unable to get git ref: failed to identify reference (tag/branch) for the checked-out revision '65f54c200cf0dcadaa9a1ce685e3eaeb88ce7506'
[5ff6eb50-4a0a-4b26-98e1-8345e513bc35/build] unable to get git ref: failed to identify reference (tag/branch) for the checked-out revision '65f54c200cf0dcadaa9a1ce685e3eaeb88ce7506'
[5ff6eb50-4a0a-4b26-98e1-8345e513bc35/build] unable to get git ref: failed to identify reference (tag/branch) for the checked-out revision '65f54c200cf0dcadaa9a1ce685e3eaeb88ce7506'
[5ff6eb50-4a0a-4b26-98e1-8345e513bc35/build] unable to get git ref: failed to identify reference (tag/branch) for the checked-out revision '65f54c200cf0dcadaa9a1ce685e3eaeb88ce7506'
[5ff6eb50-4a0a-4b26-98e1-8345e513bc35/build] ⭐ Run Post actions/setup-java@v3
[5ff6eb50-4a0a-4b26-98e1-8345e513bc35/build]   🐳  docker exec cmd=[node /var/run/act/actions/actions-setup-java@v3/dist/cleanup/index.js] user= workdir=
[5ff6eb50-4a0a-4b26-98e1-8345e513bc35/build]   ✅  Success - Post actions/setup-java@v3
[5ff6eb50-4a0a-4b26-98e1-8345e513bc35/build] 🏁  Job succeeded
[5ff6eb50-4a0a-4b26-98e1-8345e513bc35/build] unable to get git ref: failed to identify reference (tag/branch) for the checked-out revision '65f54c200cf0dcadaa9a1ce685e3eaeb88ce7506'
