[887bc78f-ff8c-403d-bc36-e3295d028b37/build] 🚀  Start image=gitbugactions:latest
[887bc78f-ff8c-403d-bc36-e3295d028b37/build]   🐳  docker pull image=gitbugactions:latest platform= username= forcePull=false
[887bc78f-ff8c-403d-bc36-e3295d028b37/build]   🐳  docker create image=gitbugactions:latest platform= entrypoint=["tail" "-f" "/dev/null"] cmd=[]
[887bc78f-ff8c-403d-bc36-e3295d028b37/build]   🐳  docker run image=gitbugactions:latest platform= entrypoint=["tail" "-f" "/dev/null"] cmd=[]
[887bc78f-ff8c-403d-bc36-e3295d028b37/build]   🐳  docker exec cmd=[chown -R 1012:1013 /tmp/62b23c0a-5bb1-4b7f-a267-9fe0920d6663] user=0 workdir=
[887bc78f-ff8c-403d-bc36-e3295d028b37/build] unable to get git ref: failed to identify reference (tag/branch) for the checked-out revision '785933bc74b2530ed36b4d5fae364284e28cf5d9'
[887bc78f-ff8c-403d-bc36-e3295d028b37/build] unable to get git ref: failed to identify reference (tag/branch) for the checked-out revision '785933bc74b2530ed36b4d5fae364284e28cf5d9'
[887bc78f-ff8c-403d-bc36-e3295d028b37/build] unable to get git ref: failed to identify reference (tag/branch) for the checked-out revision '785933bc74b2530ed36b4d5fae364284e28cf5d9'
[887bc78f-ff8c-403d-bc36-e3295d028b37/build] unable to get git ref: failed to identify reference (tag/branch) for the checked-out revision '785933bc74b2530ed36b4d5fae364284e28cf5d9'
[887bc78f-ff8c-403d-bc36-e3295d028b37/build] unable to get git ref: failed to identify reference (tag/branch) for the checked-out revision '785933bc74b2530ed36b4d5fae364284e28cf5d9'
[887bc78f-ff8c-403d-bc36-e3295d028b37/build] unable to get git ref: failed to identify reference (tag/branch) for the checked-out revision '785933bc74b2530ed36b4d5fae364284e28cf5d9'
[887bc78f-ff8c-403d-bc36-e3295d028b37/build] unable to get git ref: failed to identify reference (tag/branch) for the checked-out revision '785933bc74b2530ed36b4d5fae364284e28cf5d9'
[887bc78f-ff8c-403d-bc36-e3295d028b37/build] unable to get git ref: failed to identify reference (tag/branch) for the checked-out revision '785933bc74b2530ed36b4d5fae364284e28cf5d9'
[887bc78f-ff8c-403d-bc36-e3295d028b37/build] unable to get git ref: failed to identify reference (tag/branch) for the checked-out revision '785933bc74b2530ed36b4d5fae364284e28cf5d9'
[887bc78f-ff8c-403d-bc36-e3295d028b37/build] ⭐ Run Main actions/checkout@v3
[887bc78f-ff8c-403d-bc36-e3295d028b37/build] unable to get git ref: failed to identify reference (tag/branch) for the checked-out revision '785933bc74b2530ed36b4d5fae364284e28cf5d9'
[887bc78f-ff8c-403d-bc36-e3295d028b37/build] unable to get git ref: failed to identify reference (tag/branch) for the checked-out revision '785933bc74b2530ed36b4d5fae364284e28cf5d9'
[887bc78f-ff8c-403d-bc36-e3295d028b37/build]   🐳  docker cp src=/tmp/62b23c0a-5bb1-4b7f-a267-9fe0920d6663/. dst=/tmp/62b23c0a-5bb1-4b7f-a267-9fe0920d6663
[887bc78f-ff8c-403d-bc36-e3295d028b37/build]   🐳  docker exec cmd=[chown -R 1012:1013 /tmp/62b23c0a-5bb1-4b7f-a267-9fe0920d6663] user=0 workdir=
[887bc78f-ff8c-403d-bc36-e3295d028b37/build]   ✅  Success - Main actions/checkout@v3
[887bc78f-ff8c-403d-bc36-e3295d028b37/build] unable to get git ref: failed to identify reference (tag/branch) for the checked-out revision '785933bc74b2530ed36b4d5fae364284e28cf5d9'
[887bc78f-ff8c-403d-bc36-e3295d028b37/build] unable to get git ref: failed to identify reference (tag/branch) for the checked-out revision '785933bc74b2530ed36b4d5fae364284e28cf5d9'
[887bc78f-ff8c-403d-bc36-e3295d028b37/build] unable to get git ref: failed to identify reference (tag/branch) for the checked-out revision '785933bc74b2530ed36b4d5fae364284e28cf5d9'
[887bc78f-ff8c-403d-bc36-e3295d028b37/build] unable to get git ref: failed to identify reference (tag/branch) for the checked-out revision '785933bc74b2530ed36b4d5fae364284e28cf5d9'
[887bc78f-ff8c-403d-bc36-e3295d028b37/build] unable to get git ref: failed to identify reference (tag/branch) for the checked-out revision '785933bc74b2530ed36b4d5fae364284e28cf5d9'
[887bc78f-ff8c-403d-bc36-e3295d028b37/build] ⭐ Run Main actions/setup-java@v3
[887bc78f-ff8c-403d-bc36-e3295d028b37/build] unable to get git ref: failed to identify reference (tag/branch) for the checked-out revision '785933bc74b2530ed36b4d5fae364284e28cf5d9'
[887bc78f-ff8c-403d-bc36-e3295d028b37/build] unable to get git ref: failed to identify reference (tag/branch) for the checked-out revision '785933bc74b2530ed36b4d5fae364284e28cf5d9'
[887bc78f-ff8c-403d-bc36-e3295d028b37/build] unable to get git ref: failed to identify reference (tag/branch) for the checked-out revision '785933bc74b2530ed36b4d5fae364284e28cf5d9'
[887bc78f-ff8c-403d-bc36-e3295d028b37/build]   🐳  docker cp src=/tmp/act-cache/82d03b1a-ecd1-44d1-8ecc-6f94467763b1/act/actions-setup-java@v3/ dst=/var/run/act/actions/actions-setup-java@v3/
[887bc78f-ff8c-403d-bc36-e3295d028b37/build]   🐳  docker exec cmd=[chown -R 1012:1013 /var/run/act/actions/actions-setup-java@v3/] user=0 workdir=
[887bc78f-ff8c-403d-bc36-e3295d028b37/build]   🐳  docker exec cmd=[node /var/run/act/actions/actions-setup-java@v3/dist/setup/index.js] user= workdir=
[887bc78f-ff8c-403d-bc36-e3295d028b37/build]   ❓  ::group::Installed distributions
[887bc78f-ff8c-403d-bc36-e3295d028b37/build]   | Trying to resolve the latest version from remote
[887bc78f-ff8c-403d-bc36-e3295d028b37/build]   💬  ::debug::Gathering available versions from 'https://api.azul.com/zulu/download/community/v1.0/bundles/?os=linux&ext=tar.gz&bundle_type=jdk&javafx=false&arch=x86&hw_bitness=64&release_status=ga'
[887bc78f-ff8c-403d-bc36-e3295d028b37/build]   | Resolved latest version as 11.0.21+9
[887bc78f-ff8c-403d-bc36-e3295d028b37/build]   | Trying to download...
[887bc78f-ff8c-403d-bc36-e3295d028b37/build]   | Downloading Java 11.0.21+9 (Zulu) from https://cdn.azul.com/zulu/bin/zulu11.68.17-ca-jdk11.0.21-linux_x64.tar.gz ...
[887bc78f-ff8c-403d-bc36-e3295d028b37/build]   💬  ::debug::Downloading https://cdn.azul.com/zulu/bin/zulu11.68.17-ca-jdk11.0.21-linux_x64.tar.gz
[887bc78f-ff8c-403d-bc36-e3295d028b37/build]   💬  ::debug::Destination /tmp/dc939fec-d908-4c45-bab9-0c85284295a0
[887bc78f-ff8c-403d-bc36-e3295d028b37/build]   💬  ::debug::download complete
[887bc78f-ff8c-403d-bc36-e3295d028b37/build]   | Extracting Java archive...
[887bc78f-ff8c-403d-bc36-e3295d028b37/build]   💬  ::debug::Checking tar --version
[887bc78f-ff8c-403d-bc36-e3295d028b37/build]   💬  ::debug::tar (GNU tar) 1.34%0ACopyright (C) 2021 Free Software Foundation, Inc.%0ALicense GPLv3+: GNU GPL version 3 or later <https://gnu.org/licenses/gpl.html>.%0AThis is free software: you are free to change and redistribute it.%0AThere is NO WARRANTY, to the extent permitted by law.%0A%0AWritten by John Gilmore and Jay Fenlason.
[887bc78f-ff8c-403d-bc36-e3295d028b37/build]   | [command]/usr/bin/tar xz --warning=no-unknown-keyword -C /tmp/35fb9915-7265-494d-b0a8-cf4b3acdbf56 -f /tmp/dc939fec-d908-4c45-bab9-0c85284295a0
[887bc78f-ff8c-403d-bc36-e3295d028b37/build]   💬  ::debug::Caching tool Java_Zulu_jdk 11.0.21-9 x64
[887bc78f-ff8c-403d-bc36-e3295d028b37/build]   💬  ::debug::source dir: /tmp/35fb9915-7265-494d-b0a8-cf4b3acdbf56/zulu11.68.17-ca-jdk11.0.21-linux_x64
[887bc78f-ff8c-403d-bc36-e3295d028b37/build]   💬  ::debug::destination /opt/hostedtoolcache/Java_Zulu_jdk/11.0.21-9/x64
[887bc78f-ff8c-403d-bc36-e3295d028b37/build]   💬  ::debug::finished caching tool
[887bc78f-ff8c-403d-bc36-e3295d028b37/build]   | Java 11.0.21+9 was downloaded
[887bc78f-ff8c-403d-bc36-e3295d028b37/build]   | Setting Java 11.0.21+9 as the default
[887bc78f-ff8c-403d-bc36-e3295d028b37/build]   | Creating toolchains.xml for JDK version 11 from zulu
[887bc78f-ff8c-403d-bc36-e3295d028b37/build]   | Writing to /home/runner/.m2/toolchains.xml
[887bc78f-ff8c-403d-bc36-e3295d028b37/build]   | 
[887bc78f-ff8c-403d-bc36-e3295d028b37/build]   | Java configuration:
[887bc78f-ff8c-403d-bc36-e3295d028b37/build]   |   Distribution: zulu
[887bc78f-ff8c-403d-bc36-e3295d028b37/build]   |   Version: 11.0.21+9
[887bc78f-ff8c-403d-bc36-e3295d028b37/build]   |   Path: /opt/hostedtoolcache/Java_Zulu_jdk/11.0.21-9/x64
[887bc78f-ff8c-403d-bc36-e3295d028b37/build]   | 
[887bc78f-ff8c-403d-bc36-e3295d028b37/build]   ❓  ::endgroup::
[887bc78f-ff8c-403d-bc36-e3295d028b37/build]   ❓ add-matcher /run/act/actions/actions-setup-java@v3/.github/java.json
[887bc78f-ff8c-403d-bc36-e3295d028b37/build]   | Creating settings.xml with server-id: github
[887bc78f-ff8c-403d-bc36-e3295d028b37/build]   | Writing to /home/runner/.m2/settings.xml
[887bc78f-ff8c-403d-bc36-e3295d028b37/build]   ✅  Success - Main actions/setup-java@v3
[887bc78f-ff8c-403d-bc36-e3295d028b37/build]   ⚙  ::set-env:: JAVA_HOME=/opt/hostedtoolcache/Java_Zulu_jdk/11.0.21-9/x64
[887bc78f-ff8c-403d-bc36-e3295d028b37/build]   ⚙  ::set-env:: JAVA_HOME_11_X64=/opt/hostedtoolcache/Java_Zulu_jdk/11.0.21-9/x64
[887bc78f-ff8c-403d-bc36-e3295d028b37/build]   ⚙  ::set-output:: distribution=Zulu
[887bc78f-ff8c-403d-bc36-e3295d028b37/build]   ⚙  ::set-output:: path=/opt/hostedtoolcache/Java_Zulu_jdk/11.0.21-9/x64
[887bc78f-ff8c-403d-bc36-e3295d028b37/build]   ⚙  ::set-output:: version=11.0.21+9
[887bc78f-ff8c-403d-bc36-e3295d028b37/build]   ⚙  ::add-path:: /opt/hostedtoolcache/Java_Zulu_jdk/11.0.21-9/x64/bin
[887bc78f-ff8c-403d-bc36-e3295d028b37/build] unable to get git ref: failed to identify reference (tag/branch) for the checked-out revision '785933bc74b2530ed36b4d5fae364284e28cf5d9'
[887bc78f-ff8c-403d-bc36-e3295d028b37/build] unable to get git ref: failed to identify reference (tag/branch) for the checked-out revision '785933bc74b2530ed36b4d5fae364284e28cf5d9'
[887bc78f-ff8c-403d-bc36-e3295d028b37/build] unable to get git ref: failed to identify reference (tag/branch) for the checked-out revision '785933bc74b2530ed36b4d5fae364284e28cf5d9'
[887bc78f-ff8c-403d-bc36-e3295d028b37/build] unable to get git ref: failed to identify reference (tag/branch) for the checked-out revision '785933bc74b2530ed36b4d5fae364284e28cf5d9'
[887bc78f-ff8c-403d-bc36-e3295d028b37/build] unable to get git ref: failed to identify reference (tag/branch) for the checked-out revision '785933bc74b2530ed36b4d5fae364284e28cf5d9'
[887bc78f-ff8c-403d-bc36-e3295d028b37/build] ⭐ Run Main ./gradlew build --no-daemon --warning-mode=fail
[887bc78f-ff8c-403d-bc36-e3295d028b37/build] unable to get git ref: failed to identify reference (tag/branch) for the checked-out revision '785933bc74b2530ed36b4d5fae364284e28cf5d9'
[887bc78f-ff8c-403d-bc36-e3295d028b37/build] unable to get git ref: failed to identify reference (tag/branch) for the checked-out revision '785933bc74b2530ed36b4d5fae364284e28cf5d9'
[887bc78f-ff8c-403d-bc36-e3295d028b37/build] unable to get git ref: failed to identify reference (tag/branch) for the checked-out revision '785933bc74b2530ed36b4d5fae364284e28cf5d9'
[887bc78f-ff8c-403d-bc36-e3295d028b37/build] unable to get git ref: failed to identify reference (tag/branch) for the checked-out revision '785933bc74b2530ed36b4d5fae364284e28cf5d9'
[887bc78f-ff8c-403d-bc36-e3295d028b37/build]   🐳  docker exec cmd=[bash --noprofile --norc -e -o pipefail /var/run/act/workflow/2] user= workdir=
[887bc78f-ff8c-403d-bc36-e3295d028b37/build]   | Downloading https://services.gradle.org/distributions/gradle-7.5.1-bin.zip
[887bc78f-ff8c-403d-bc36-e3295d028b37/build]   | ...........10%............20%...........30%............40%...........50%............60%...........70%............80%...........90%............100%
[887bc78f-ff8c-403d-bc36-e3295d028b37/build]   | 
[887bc78f-ff8c-403d-bc36-e3295d028b37/build]   | Welcome to Gradle 7.5.1!
[887bc78f-ff8c-403d-bc36-e3295d028b37/build]   | 
[887bc78f-ff8c-403d-bc36-e3295d028b37/build]   | Here are the highlights of this release:
[887bc78f-ff8c-403d-bc36-e3295d028b37/build]   |  - Support for Java 18
[887bc78f-ff8c-403d-bc36-e3295d028b37/build]   |  - Support for building with Groovy 4
[887bc78f-ff8c-403d-bc36-e3295d028b37/build]   |  - Much more responsive continuous builds
[887bc78f-ff8c-403d-bc36-e3295d028b37/build]   |  - Improved diagnostics for dependency resolution
[887bc78f-ff8c-403d-bc36-e3295d028b37/build]   | 
[887bc78f-ff8c-403d-bc36-e3295d028b37/build]   | For more details see https://docs.gradle.org/7.5.1/release-notes.html
[887bc78f-ff8c-403d-bc36-e3295d028b37/build]   | 
[887bc78f-ff8c-403d-bc36-e3295d028b37/build]   | To honour the JVM settings for this build a single-use Daemon process will be forked. See https://docs.gradle.org/7.5.1/userguide/gradle_daemon.html#sec:disabling_the_daemon.
[887bc78f-ff8c-403d-bc36-e3295d028b37/build]   | Daemon will be stopped at the end of the build 
[887bc78f-ff8c-403d-bc36-e3295d028b37/build]   | 
[887bc78f-ff8c-403d-bc36-e3295d028b37/build]   | > Configure project :
[887bc78f-ff8c-403d-bc36-e3295d028b37/build]   | Kordamp Enforcer Gradle plugin 0.10.0. Consider becoming a patron at https://www.patreon.com/aalmiray
[887bc78f-ff8c-403d-bc36-e3295d028b37/build]   | 
[887bc78f-ff8c-403d-bc36-e3295d028b37/build]   | > Task :copyDependencies
[887bc78f-ff8c-403d-bc36-e3295d028b37/build]   | > Task :extractIncludeProto
[887bc78f-ff8c-403d-bc36-e3295d028b37/build]   | > Task :extractProto
[887bc78f-ff8c-403d-bc36-e3295d028b37/build]   | > Task :generateProto
[887bc78f-ff8c-403d-bc36-e3295d028b37/build]   | > Task :compileJava
[887bc78f-ff8c-403d-bc36-e3295d028b37/build]   | Note: Some input files use or override a deprecated API.
[887bc78f-ff8c-403d-bc36-e3295d028b37/build]   | Note: Recompile with -Xlint:deprecation for details.
[887bc78f-ff8c-403d-bc36-e3295d028b37/build]   | Note: Some input files use unchecked or unsafe operations.
[887bc78f-ff8c-403d-bc36-e3295d028b37/build]   | Note: Recompile with -Xlint:unchecked for details.
[887bc78f-ff8c-403d-bc36-e3295d028b37/build]   | 
[887bc78f-ff8c-403d-bc36-e3295d028b37/build]   | > Task :processResources
[887bc78f-ff8c-403d-bc36-e3295d028b37/build]   | > Task :classes
[887bc78f-ff8c-403d-bc36-e3295d028b37/build]   | > Task :jar
[887bc78f-ff8c-403d-bc36-e3295d028b37/build]   | > Task :assemble
[887bc78f-ff8c-403d-bc36-e3295d028b37/build]   | > Task :extractIncludeTestProto
[887bc78f-ff8c-403d-bc36-e3295d028b37/build]   | > Task :extractTestProto
[887bc78f-ff8c-403d-bc36-e3295d028b37/build]   | > Task :generateTestProto NO-SOURCE
[887bc78f-ff8c-403d-bc36-e3295d028b37/build]   | 
[887bc78f-ff8c-403d-bc36-e3295d028b37/build]   | > Task :compileTestJava
[887bc78f-ff8c-403d-bc36-e3295d028b37/build]   | Note: Some input files use or override a deprecated API.
[887bc78f-ff8c-403d-bc36-e3295d028b37/build]   | Note: Recompile with -Xlint:deprecation for details.
[887bc78f-ff8c-403d-bc36-e3295d028b37/build]   | 
[887bc78f-ff8c-403d-bc36-e3295d028b37/build]   | > Task :processTestResources NO-SOURCE
[887bc78f-ff8c-403d-bc36-e3295d028b37/build]   | > Task :testClasses
[887bc78f-ff8c-403d-bc36-e3295d028b37/build]   | > Task :checkstyleTest SKIPPED
[887bc78f-ff8c-403d-bc36-e3295d028b37/build]   | 
[887bc78f-ff8c-403d-bc36-e3295d028b37/build]   | > Task :test
[887bc78f-ff8c-403d-bc36-e3295d028b37/build]   | 
[887bc78f-ff8c-403d-bc36-e3295d028b37/build]   | HuabaoProtocolDecoderTest > testDecode() FAILED
[887bc78f-ff8c-403d-bc36-e3295d028b37/build]   |     org.opentest4j.AssertionFailedError at HuabaoProtocolDecoderTest.java:17
[887bc78f-ff8c-403d-bc36-e3295d028b37/build]   | 
[887bc78f-ff8c-403d-bc36-e3295d028b37/build]   | 493 tests completed, 1 failed, 23 skipped
[887bc78f-ff8c-403d-bc36-e3295d028b37/build]   | 
[887bc78f-ff8c-403d-bc36-e3295d028b37/build]   | > Task :checkstyleMain
[887bc78f-ff8c-403d-bc36-e3295d028b37/build]   | > Task :test FAILED
[887bc78f-ff8c-403d-bc36-e3295d028b37/build]   | 
[887bc78f-ff8c-403d-bc36-e3295d028b37/build]   | FAILURE: Build failed with an exception.
[887bc78f-ff8c-403d-bc36-e3295d028b37/build]   | 
[887bc78f-ff8c-403d-bc36-e3295d028b37/build]   | * What went wrong:
[887bc78f-ff8c-403d-bc36-e3295d028b37/build]   | Execution failed for task ':test'.
[887bc78f-ff8c-403d-bc36-e3295d028b37/build]   | > There were failing tests. See the report at: file:///tmp/62b23c0a-5bb1-4b7f-a267-9fe0920d6663/build/reports/tests/test/index.html
[887bc78f-ff8c-403d-bc36-e3295d028b37/build]   | 
[887bc78f-ff8c-403d-bc36-e3295d028b37/build]   | * Try:
[887bc78f-ff8c-403d-bc36-e3295d028b37/build]   | > Run with --stacktrace option to get the stack trace.
[887bc78f-ff8c-403d-bc36-e3295d028b37/build]   | > Run with --info or --debug option to get more log output.
[887bc78f-ff8c-403d-bc36-e3295d028b37/build]   | > Run with --scan to get full insights.
[887bc78f-ff8c-403d-bc36-e3295d028b37/build]   | 
[887bc78f-ff8c-403d-bc36-e3295d028b37/build]   | * Get more help at https://help.gradle.org
[887bc78f-ff8c-403d-bc36-e3295d028b37/build]   | 
[887bc78f-ff8c-403d-bc36-e3295d028b37/build]   | BUILD FAILED in 2m 56s
[887bc78f-ff8c-403d-bc36-e3295d028b37/build]   | 12 actionable tasks: 12 executed
[887bc78f-ff8c-403d-bc36-e3295d028b37/build]   ❌  Failure - Main ./gradlew build --no-daemon --warning-mode=fail
[887bc78f-ff8c-403d-bc36-e3295d028b37/build] exitcode '1': failure
[887bc78f-ff8c-403d-bc36-e3295d028b37/build] unable to get git ref: failed to identify reference (tag/branch) for the checked-out revision '785933bc74b2530ed36b4d5fae364284e28cf5d9'
[887bc78f-ff8c-403d-bc36-e3295d028b37/build] unable to get git ref: failed to identify reference (tag/branch) for the checked-out revision '785933bc74b2530ed36b4d5fae364284e28cf5d9'
[887bc78f-ff8c-403d-bc36-e3295d028b37/build] unable to get git ref: failed to identify reference (tag/branch) for the checked-out revision '785933bc74b2530ed36b4d5fae364284e28cf5d9'
[887bc78f-ff8c-403d-bc36-e3295d028b37/build] unable to get git ref: failed to identify reference (tag/branch) for the checked-out revision '785933bc74b2530ed36b4d5fae364284e28cf5d9'
[887bc78f-ff8c-403d-bc36-e3295d028b37/build] unable to get git ref: failed to identify reference (tag/branch) for the checked-out revision '785933bc74b2530ed36b4d5fae364284e28cf5d9'
[887bc78f-ff8c-403d-bc36-e3295d028b37/build] ⭐ Run Post actions/setup-java@v3
[887bc78f-ff8c-403d-bc36-e3295d028b37/build]   🐳  docker exec cmd=[node /var/run/act/actions/actions-setup-java@v3/dist/cleanup/index.js] user= workdir=
[887bc78f-ff8c-403d-bc36-e3295d028b37/build]   ✅  Success - Post actions/setup-java@v3
[887bc78f-ff8c-403d-bc36-e3295d028b37/build] 🏁  Job failed
[887bc78f-ff8c-403d-bc36-e3295d028b37/build] unable to get git ref: failed to identify reference (tag/branch) for the checked-out revision '785933bc74b2530ed36b4d5fae364284e28cf5d9'
