[31ea00dc-2f19-463b-8e4f-bcd8987e3f53/build] 🚀  Start image=gitbugactions:latest
[31ea00dc-2f19-463b-8e4f-bcd8987e3f53/build]   🐳  docker pull image=gitbugactions:latest platform= username= forcePull=false
[31ea00dc-2f19-463b-8e4f-bcd8987e3f53/build]   🐳  docker create image=gitbugactions:latest platform= entrypoint=["tail" "-f" "/dev/null"] cmd=[]
[31ea00dc-2f19-463b-8e4f-bcd8987e3f53/build]   🐳  docker run image=gitbugactions:latest platform= entrypoint=["tail" "-f" "/dev/null"] cmd=[]
[31ea00dc-2f19-463b-8e4f-bcd8987e3f53/build]   🐳  docker exec cmd=[chown -R 1012:1013 /tmp/16248287-a9ee-4fb9-b7ca-71d95c1ca86c] user=0 workdir=
[31ea00dc-2f19-463b-8e4f-bcd8987e3f53/build] ⭐ Run Main actions/checkout@v3
[31ea00dc-2f19-463b-8e4f-bcd8987e3f53/build]   🐳  docker cp src=/tmp/16248287-a9ee-4fb9-b7ca-71d95c1ca86c/. dst=/tmp/16248287-a9ee-4fb9-b7ca-71d95c1ca86c
[31ea00dc-2f19-463b-8e4f-bcd8987e3f53/build]   🐳  docker exec cmd=[chown -R 1012:1013 /tmp/16248287-a9ee-4fb9-b7ca-71d95c1ca86c] user=0 workdir=
[31ea00dc-2f19-463b-8e4f-bcd8987e3f53/build]   ✅  Success - Main actions/checkout@v3
[31ea00dc-2f19-463b-8e4f-bcd8987e3f53/build] ⭐ Run Main actions/setup-java@v3
[31ea00dc-2f19-463b-8e4f-bcd8987e3f53/build]   🐳  docker cp src=/tmp/act-cache/345ba2d3-ce1d-409b-9611-0e8edd489a56/act/actions-setup-java@v3/ dst=/var/run/act/actions/actions-setup-java@v3/
[31ea00dc-2f19-463b-8e4f-bcd8987e3f53/build]   🐳  docker exec cmd=[chown -R 1012:1013 /var/run/act/actions/actions-setup-java@v3/] user=0 workdir=
[31ea00dc-2f19-463b-8e4f-bcd8987e3f53/build]   🐳  docker exec cmd=[node /var/run/act/actions/actions-setup-java@v3/dist/setup/index.js] user= workdir=
[31ea00dc-2f19-463b-8e4f-bcd8987e3f53/build]   ❓  ::group::Installed distributions
[31ea00dc-2f19-463b-8e4f-bcd8987e3f53/build]   💬  ::debug::isExplicit: 11.0.20-1
[31ea00dc-2f19-463b-8e4f-bcd8987e3f53/build]   💬  ::debug::explicit? true
[31ea00dc-2f19-463b-8e4f-bcd8987e3f53/build]   💬  ::debug::isExplicit: 17.0.8-1
[31ea00dc-2f19-463b-8e4f-bcd8987e3f53/build]   💬  ::debug::explicit? true
[31ea00dc-2f19-463b-8e4f-bcd8987e3f53/build]   💬  ::debug::isExplicit: 21.0.0-35
[31ea00dc-2f19-463b-8e4f-bcd8987e3f53/build]   💬  ::debug::explicit? true
[31ea00dc-2f19-463b-8e4f-bcd8987e3f53/build]   💬  ::debug::isExplicit: 8.0.382-5
[31ea00dc-2f19-463b-8e4f-bcd8987e3f53/build]   💬  ::debug::explicit? true
[31ea00dc-2f19-463b-8e4f-bcd8987e3f53/build]   | Resolved Java 8.0.382+5 from tool-cache
[31ea00dc-2f19-463b-8e4f-bcd8987e3f53/build]   | Setting Java 8.0.382+5 as the default
[31ea00dc-2f19-463b-8e4f-bcd8987e3f53/build]   | Creating toolchains.xml for JDK version 8 from temurin
[31ea00dc-2f19-463b-8e4f-bcd8987e3f53/build]   | Writing to /home/runner/.m2/toolchains.xml
[31ea00dc-2f19-463b-8e4f-bcd8987e3f53/build]   | 
[31ea00dc-2f19-463b-8e4f-bcd8987e3f53/build]   | Java configuration:
[31ea00dc-2f19-463b-8e4f-bcd8987e3f53/build]   |   Distribution: temurin
[31ea00dc-2f19-463b-8e4f-bcd8987e3f53/build]   |   Version: 8.0.382+5
[31ea00dc-2f19-463b-8e4f-bcd8987e3f53/build]   |   Path: /opt/hostedtoolcache/Java_Temurin-Hotspot_jdk/8.0.382-5/x64
[31ea00dc-2f19-463b-8e4f-bcd8987e3f53/build]   | 
[31ea00dc-2f19-463b-8e4f-bcd8987e3f53/build]   ❓  ::endgroup::
[31ea00dc-2f19-463b-8e4f-bcd8987e3f53/build]   ❓ add-matcher /run/act/actions/actions-setup-java@v3/.github/java.json
[31ea00dc-2f19-463b-8e4f-bcd8987e3f53/build]   | Creating settings.xml with server-id: github
[31ea00dc-2f19-463b-8e4f-bcd8987e3f53/build]   | Writing to /home/runner/.m2/settings.xml
[31ea00dc-2f19-463b-8e4f-bcd8987e3f53/build]   ✅  Success - Main actions/setup-java@v3
[31ea00dc-2f19-463b-8e4f-bcd8987e3f53/build]   ⚙  ::set-env:: JAVA_HOME=/opt/hostedtoolcache/Java_Temurin-Hotspot_jdk/8.0.382-5/x64
[31ea00dc-2f19-463b-8e4f-bcd8987e3f53/build]   ⚙  ::set-env:: JAVA_HOME_8_X64=/opt/hostedtoolcache/Java_Temurin-Hotspot_jdk/8.0.382-5/x64
[31ea00dc-2f19-463b-8e4f-bcd8987e3f53/build]   ⚙  ::set-output:: distribution=Temurin-Hotspot
[31ea00dc-2f19-463b-8e4f-bcd8987e3f53/build]   ⚙  ::set-output:: path=/opt/hostedtoolcache/Java_Temurin-Hotspot_jdk/8.0.382-5/x64
[31ea00dc-2f19-463b-8e4f-bcd8987e3f53/build]   ⚙  ::set-output:: version=8.0.382+5
[31ea00dc-2f19-463b-8e4f-bcd8987e3f53/build]   ⚙  ::add-path:: /opt/hostedtoolcache/Java_Temurin-Hotspot_jdk/8.0.382-5/x64/bin
[31ea00dc-2f19-463b-8e4f-bcd8987e3f53/build] ⭐ Run Main Setup Gradle
[31ea00dc-2f19-463b-8e4f-bcd8987e3f53/build]   🐳  docker cp src=/tmp/act-cache/345ba2d3-ce1d-409b-9611-0e8edd489a56/act/gradle-gradle-build-action@v2/ dst=/var/run/act/actions/gradle-gradle-build-action@v2/
[31ea00dc-2f19-463b-8e4f-bcd8987e3f53/build]   🐳  docker exec cmd=[chown -R 1012:1013 /var/run/act/actions/gradle-gradle-build-action@v2/] user=0 workdir=
[31ea00dc-2f19-463b-8e4f-bcd8987e3f53/build]   🐳  docker exec cmd=[node /var/run/act/actions/gradle-gradle-build-action@v2/dist/main/index.js] user= workdir=
[31ea00dc-2f19-463b-8e4f-bcd8987e3f53/build]   💬  ::debug::Determined user.home from java -version output: '/home/runner'
[31ea00dc-2f19-463b-8e4f-bcd8987e3f53/build]   | Cache is disabled: will not restore state from previous builds.
[31ea00dc-2f19-463b-8e4f-bcd8987e3f53/build]   ✅  Success - Main Setup Gradle
[31ea00dc-2f19-463b-8e4f-bcd8987e3f53/build]   ⚙  ::set-env:: GRADLE_BUILD_ACTION_SETUP_COMPLETED=true
[31ea00dc-2f19-463b-8e4f-bcd8987e3f53/build]   ⚙  ::set-env:: GRADLE_BUILD_ACTION_CACHE_RESTORED=true
[31ea00dc-2f19-463b-8e4f-bcd8987e3f53/build] ⭐ Run Main Execute Gradle build
[31ea00dc-2f19-463b-8e4f-bcd8987e3f53/build]   🐳  docker exec cmd=[bash --noprofile --norc -e -o pipefail /var/run/act/workflow/3] user= workdir=
[31ea00dc-2f19-463b-8e4f-bcd8987e3f53/build]   | Downloading https://services.gradle.org/distributions/gradle-6.2.2-bin.zip
[31ea00dc-2f19-463b-8e4f-bcd8987e3f53/build]   | .............................................................................................
[31ea00dc-2f19-463b-8e4f-bcd8987e3f53/build]   | Unzipping /home/runner/.gradle/wrapper/dists/gradle-6.2.2-bin/byfcpklxknejjsdmgq0rkga/gradle-6.2.2-bin.zip to /home/runner/.gradle/wrapper/dists/gradle-6.2.2-bin/byfcpklxknejjsdmgq0rkga
[31ea00dc-2f19-463b-8e4f-bcd8987e3f53/build]   | Set executable permissions for: /home/runner/.gradle/wrapper/dists/gradle-6.2.2-bin/byfcpklxknejjsdmgq0rkga/gradle-6.2.2/bin/gradle
[31ea00dc-2f19-463b-8e4f-bcd8987e3f53/build]   | 
[31ea00dc-2f19-463b-8e4f-bcd8987e3f53/build]   | Welcome to Gradle 6.2.2!
[31ea00dc-2f19-463b-8e4f-bcd8987e3f53/build]   | 
[31ea00dc-2f19-463b-8e4f-bcd8987e3f53/build]   | Here are the highlights of this release:
[31ea00dc-2f19-463b-8e4f-bcd8987e3f53/build]   |  - Dependency checksum and signature verification
[31ea00dc-2f19-463b-8e4f-bcd8987e3f53/build]   |  - Shareable read-only dependency cache
[31ea00dc-2f19-463b-8e4f-bcd8987e3f53/build]   |  - Documentation links in deprecation messages
[31ea00dc-2f19-463b-8e4f-bcd8987e3f53/build]   | 
[31ea00dc-2f19-463b-8e4f-bcd8987e3f53/build]   | For more details see https://docs.gradle.org/6.2.2/release-notes.html
[31ea00dc-2f19-463b-8e4f-bcd8987e3f53/build]   | 
[31ea00dc-2f19-463b-8e4f-bcd8987e3f53/build]   | Starting a Gradle Daemon (subsequent builds will be faster)
[31ea00dc-2f19-463b-8e4f-bcd8987e3f53/build]   | 
[31ea00dc-2f19-463b-8e4f-bcd8987e3f53/build]   | Note: Some input files use unchecked or unsafe operations.
[31ea00dc-2f19-463b-8e4f-bcd8987e3f53/build]   | Note: Recompile with -Xlint:unchecked for details.
[31ea00dc-2f19-463b-8e4f-bcd8987e3f53/build]   | > Task :compileJava
[31ea00dc-2f19-463b-8e4f-bcd8987e3f53/build]   | 
[31ea00dc-2f19-463b-8e4f-bcd8987e3f53/build]   | > Task :processResources NO-SOURCE
[31ea00dc-2f19-463b-8e4f-bcd8987e3f53/build]   | > Task :classes
[31ea00dc-2f19-463b-8e4f-bcd8987e3f53/build]   | > Task :jar
[31ea00dc-2f19-463b-8e4f-bcd8987e3f53/build]   | > Task :assemble
[31ea00dc-2f19-463b-8e4f-bcd8987e3f53/build]   | 
[31ea00dc-2f19-463b-8e4f-bcd8987e3f53/build]   | > Task :compileTestJava
[31ea00dc-2f19-463b-8e4f-bcd8987e3f53/build]   | Note: Some input files use or override a deprecated API.
[31ea00dc-2f19-463b-8e4f-bcd8987e3f53/build]   | Note: Recompile with -Xlint:deprecation for details.
[31ea00dc-2f19-463b-8e4f-bcd8987e3f53/build]   | Note: Some input files use unchecked or unsafe operations.
[31ea00dc-2f19-463b-8e4f-bcd8987e3f53/build]   | Note: Recompile with -Xlint:unchecked for details.
[31ea00dc-2f19-463b-8e4f-bcd8987e3f53/build]   | 
[31ea00dc-2f19-463b-8e4f-bcd8987e3f53/build]   | > Task :processTestResources
[31ea00dc-2f19-463b-8e4f-bcd8987e3f53/build]   | > Task :testClasses
[31ea00dc-2f19-463b-8e4f-bcd8987e3f53/build]   | > Task :test
[31ea00dc-2f19-463b-8e4f-bcd8987e3f53/build]   | > Task :check
[31ea00dc-2f19-463b-8e4f-bcd8987e3f53/build]   | > Task :build
[31ea00dc-2f19-463b-8e4f-bcd8987e3f53/build]   | Got buildFinished: org.gradle.BuildResult@600dc75a
[31ea00dc-2f19-463b-8e4f-bcd8987e3f53/build]   | 
[31ea00dc-2f19-463b-8e4f-bcd8987e3f53/build]   | Deprecated Gradle features were used in this build, making it incompatible with Gradle 7.0.
[31ea00dc-2f19-463b-8e4f-bcd8987e3f53/build]   | Use '--warning-mode all' to show the individual deprecation warnings.
[31ea00dc-2f19-463b-8e4f-bcd8987e3f53/build]   | See https://docs.gradle.org/6.2.2/userguide/command_line_interface.html#sec:command_line_warnings
[31ea00dc-2f19-463b-8e4f-bcd8987e3f53/build]   | 
[31ea00dc-2f19-463b-8e4f-bcd8987e3f53/build]   | BUILD SUCCESSFUL in 1m 13s
[31ea00dc-2f19-463b-8e4f-bcd8987e3f53/build]   | 5 actionable tasks: 5 executed
[31ea00dc-2f19-463b-8e4f-bcd8987e3f53/build]   ✅  Success - Main Execute Gradle build
[31ea00dc-2f19-463b-8e4f-bcd8987e3f53/build] ⭐ Run Main Run Tests
[31ea00dc-2f19-463b-8e4f-bcd8987e3f53/build]   🐳  docker exec cmd=[bash --noprofile --norc -e -o pipefail /var/run/act/workflow/4] user= workdir=
[31ea00dc-2f19-463b-8e4f-bcd8987e3f53/build]   | > Task :compileJava UP-TO-DATE
[31ea00dc-2f19-463b-8e4f-bcd8987e3f53/build]   | > Task :processResources NO-SOURCE
[31ea00dc-2f19-463b-8e4f-bcd8987e3f53/build]   | > Task :classes UP-TO-DATE
[31ea00dc-2f19-463b-8e4f-bcd8987e3f53/build]   | > Task :compileTestJava UP-TO-DATE
[31ea00dc-2f19-463b-8e4f-bcd8987e3f53/build]   | > Task :processTestResources UP-TO-DATE
[31ea00dc-2f19-463b-8e4f-bcd8987e3f53/build]   | > Task :testClasses UP-TO-DATE
[31ea00dc-2f19-463b-8e4f-bcd8987e3f53/build]   | > Task :test UP-TO-DATE
[31ea00dc-2f19-463b-8e4f-bcd8987e3f53/build]   | Got buildFinished: org.gradle.BuildResult@594579c0
[31ea00dc-2f19-463b-8e4f-bcd8987e3f53/build]   | 
[31ea00dc-2f19-463b-8e4f-bcd8987e3f53/build]   | Deprecated Gradle features were used in this build, making it incompatible with Gradle 7.0.
[31ea00dc-2f19-463b-8e4f-bcd8987e3f53/build]   | Use '--warning-mode all' to show the individual deprecation warnings.
[31ea00dc-2f19-463b-8e4f-bcd8987e3f53/build]   | See https://docs.gradle.org/6.2.2/userguide/command_line_interface.html#sec:command_line_warnings
[31ea00dc-2f19-463b-8e4f-bcd8987e3f53/build]   | 
[31ea00dc-2f19-463b-8e4f-bcd8987e3f53/build]   | BUILD SUCCESSFUL in 1s
[31ea00dc-2f19-463b-8e4f-bcd8987e3f53/build]   | 4 actionable tasks: 4 up-to-date
[31ea00dc-2f19-463b-8e4f-bcd8987e3f53/build]   ✅  Success - Main Run Tests
[31ea00dc-2f19-463b-8e4f-bcd8987e3f53/build] ⭐ Run Main Generate code coverage report
[31ea00dc-2f19-463b-8e4f-bcd8987e3f53/build]   🐳  docker exec cmd=[bash --noprofile --norc -e -o pipefail /var/run/act/workflow/5] user= workdir=
[31ea00dc-2f19-463b-8e4f-bcd8987e3f53/build]   | > Task :compileJava UP-TO-DATE
[31ea00dc-2f19-463b-8e4f-bcd8987e3f53/build]   | > Task :processResources NO-SOURCE
[31ea00dc-2f19-463b-8e4f-bcd8987e3f53/build]   | > Task :classes UP-TO-DATE
[31ea00dc-2f19-463b-8e4f-bcd8987e3f53/build]   | > Task :jacocoTestReport
[31ea00dc-2f19-463b-8e4f-bcd8987e3f53/build]   | Got buildFinished: org.gradle.BuildResult@3243c53e
[31ea00dc-2f19-463b-8e4f-bcd8987e3f53/build]   | 
[31ea00dc-2f19-463b-8e4f-bcd8987e3f53/build]   | Deprecated Gradle features were used in this build, making it incompatible with Gradle 7.0.
[31ea00dc-2f19-463b-8e4f-bcd8987e3f53/build]   | Use '--warning-mode all' to show the individual deprecation warnings.
[31ea00dc-2f19-463b-8e4f-bcd8987e3f53/build]   | See https://docs.gradle.org/6.2.2/userguide/command_line_interface.html#sec:command_line_warnings
[31ea00dc-2f19-463b-8e4f-bcd8987e3f53/build]   | 
[31ea00dc-2f19-463b-8e4f-bcd8987e3f53/build]   | BUILD SUCCESSFUL in 6s
[31ea00dc-2f19-463b-8e4f-bcd8987e3f53/build]   | 2 actionable tasks: 1 executed, 1 up-to-date
[31ea00dc-2f19-463b-8e4f-bcd8987e3f53/build]   ✅  Success - Main Generate code coverage report
[31ea00dc-2f19-463b-8e4f-bcd8987e3f53/build] ⭐ Run Main Upload coverage to Codecov
[31ea00dc-2f19-463b-8e4f-bcd8987e3f53/build]   🐳  docker cp src=/tmp/act-cache/345ba2d3-ce1d-409b-9611-0e8edd489a56/act/codecov-codecov-action@v3/ dst=/var/run/act/actions/codecov-codecov-action@v3/
[31ea00dc-2f19-463b-8e4f-bcd8987e3f53/build]   🐳  docker exec cmd=[chown -R 1012:1013 /var/run/act/actions/codecov-codecov-action@v3/] user=0 workdir=
[31ea00dc-2f19-463b-8e4f-bcd8987e3f53/build]   🐳  docker exec cmd=[node /var/run/act/actions/codecov-codecov-action@v3/dist/index.js] user= workdir=
[31ea00dc-2f19-463b-8e4f-bcd8987e3f53/build]   | ==> linux OS detected
[31ea00dc-2f19-463b-8e4f-bcd8987e3f53/build]   | https://uploader.codecov.io/latest/linux/codecov.SHA256SUM
[31ea00dc-2f19-463b-8e4f-bcd8987e3f53/build]   | ==> SHASUM file signed by key id 806bb28aed779869
[31ea00dc-2f19-463b-8e4f-bcd8987e3f53/build]   | ==> Uploader SHASUM verified (b9282b8b43eef83f722646d8992c4dd36563046afe0806722184e7e9923a6d7b  codecov)
[31ea00dc-2f19-463b-8e4f-bcd8987e3f53/build]   | ==> Running version latest
[31ea00dc-2f19-463b-8e4f-bcd8987e3f53/build]   | ==> Running version v0.7.1
[31ea00dc-2f19-463b-8e4f-bcd8987e3f53/build]   | [command]/run/act/actions/codecov-codecov-action@v3/dist/codecov -n  -Q github-action-3.1.4
[31ea00dc-2f19-463b-8e4f-bcd8987e3f53/build]   | [2023-11-27T18:17:19.925Z] ['info'] 
[31ea00dc-2f19-463b-8e4f-bcd8987e3f53/build]   |      _____          _
[31ea00dc-2f19-463b-8e4f-bcd8987e3f53/build]   |     / ____|        | |
[31ea00dc-2f19-463b-8e4f-bcd8987e3f53/build]   |    | |     ___   __| | ___  ___ _____   __
[31ea00dc-2f19-463b-8e4f-bcd8987e3f53/build]   |    | |    / _ \ / _` |/ _ \/ __/ _ \ \ / /
[31ea00dc-2f19-463b-8e4f-bcd8987e3f53/build]   |    | |___| (_) | (_| |  __/ (_| (_) \ V /
[31ea00dc-2f19-463b-8e4f-bcd8987e3f53/build]   |     \_____\___/ \__,_|\___|\___\___/ \_/
[31ea00dc-2f19-463b-8e4f-bcd8987e3f53/build]   | 
[31ea00dc-2f19-463b-8e4f-bcd8987e3f53/build]   |   Codecov report uploader 0.7.1
[31ea00dc-2f19-463b-8e4f-bcd8987e3f53/build]   | [2023-11-27T18:17:19.939Z] ['info'] => Project root located at: /tmp/16248287-a9ee-4fb9-b7ca-71d95c1ca86c
[31ea00dc-2f19-463b-8e4f-bcd8987e3f53/build]   | [2023-11-27T18:17:19.940Z] ['info'] -> No token specified or token is empty
[31ea00dc-2f19-463b-8e4f-bcd8987e3f53/build]   | [2023-11-27T18:17:19.957Z] ['info'] Searching for coverage files...
[31ea00dc-2f19-463b-8e4f-bcd8987e3f53/build]   | [2023-11-27T18:17:20.120Z] ['info'] Warning: Some files located via search were excluded from upload.
[31ea00dc-2f19-463b-8e4f-bcd8987e3f53/build]   | [2023-11-27T18:17:20.120Z] ['info'] If Codecov did not locate your files, please review https://docs.codecov.com/docs/supported-report-formats
[31ea00dc-2f19-463b-8e4f-bcd8987e3f53/build]   | [2023-11-27T18:17:20.120Z] ['info'] => Found 1 possible coverage files:
[31ea00dc-2f19-463b-8e4f-bcd8987e3f53/build]   |   build/coverage.xml
[31ea00dc-2f19-463b-8e4f-bcd8987e3f53/build]   | [2023-11-27T18:17:20.120Z] ['info'] Processing /tmp/16248287-a9ee-4fb9-b7ca-71d95c1ca86c/build/coverage.xml...
[31ea00dc-2f19-463b-8e4f-bcd8987e3f53/build]   | [2023-11-27T18:17:20.162Z] ['info'] Detected GitHub Actions as the CI provider.
[31ea00dc-2f19-463b-8e4f-bcd8987e3f53/build]   | [2023-11-27T18:17:20.466Z] ['info'] Pinging Codecov: https://codecov.io/upload/v4?package=github-action-3.1.4-uploader-0.7.1&token=*******&branch=&build=1&build_url=https%3A%2F%2Fgithub.com%2Fcrowdin%2Fcrowdin-api-client-java%2Factions%2Fruns%2F1&commit=334d414753ffbddfd4769fc46a3f4d666304d9c1&job=31ea00dc-2f19-463b-8e4f-bcd8987e3f53&pr=&service=github-actions&slug=crowdin%2Fcrowdin-api-client-java&name=&tag=&flags=&parent=
[31ea00dc-2f19-463b-8e4f-bcd8987e3f53/build]   | [2023-11-27T18:17:20.782Z] ['error'] There was an error running the uploader: Error uploading to https://codecov.io: Error: There was an error fetching the storage URL during POST: 404 - {'detail': ErrorDetail(string='Unable to locate build via Github Actions API. Please upload with the Codecov repository upload token to resolve issue.', code='not_found')}
[31ea00dc-2f19-463b-8e4f-bcd8987e3f53/build]   ✅  Success - Main Upload coverage to Codecov
[31ea00dc-2f19-463b-8e4f-bcd8987e3f53/build] ⭐ Run Post Setup Gradle
[31ea00dc-2f19-463b-8e4f-bcd8987e3f53/build]   🐳  docker exec cmd=[node /var/run/act/actions/gradle-gradle-build-action@v2/dist/post/index.js] user= workdir=
[31ea00dc-2f19-463b-8e4f-bcd8987e3f53/build]   | In final post-action step, saving state and writing summary
[31ea00dc-2f19-463b-8e4f-bcd8987e3f53/build]   | Cache is disabled: will not save state for later builds.
[31ea00dc-2f19-463b-8e4f-bcd8987e3f53/build]   | Writing job summary
[31ea00dc-2f19-463b-8e4f-bcd8987e3f53/build]   ✅  Success - Post Setup Gradle
[31ea00dc-2f19-463b-8e4f-bcd8987e3f53/build] ⭐ Run Post actions/setup-java@v3
[31ea00dc-2f19-463b-8e4f-bcd8987e3f53/build]   🐳  docker exec cmd=[node /var/run/act/actions/actions-setup-java@v3/dist/cleanup/index.js] user= workdir=
[31ea00dc-2f19-463b-8e4f-bcd8987e3f53/build]   ✅  Success - Post actions/setup-java@v3
[31ea00dc-2f19-463b-8e4f-bcd8987e3f53/build] 🏁  Job succeeded
