[df848ff2-120a-4e8d-b0e1-bdc61f8bde38/CI with Java 8] 🚀  Start image=gitbugactions:latest
[df848ff2-120a-4e8d-b0e1-bdc61f8bde38/CI with Java 8]   🐳  docker pull image=gitbugactions:latest platform= username= forcePull=false
[df848ff2-120a-4e8d-b0e1-bdc61f8bde38/CI with Java 8]   🐳  docker create image=gitbugactions:latest platform= entrypoint=["tail" "-f" "/dev/null"] cmd=[]
[df848ff2-120a-4e8d-b0e1-bdc61f8bde38/CI with Java 8]   🐳  docker run image=gitbugactions:latest platform= entrypoint=["tail" "-f" "/dev/null"] cmd=[]
[df848ff2-120a-4e8d-b0e1-bdc61f8bde38/CI with Java 8]   🐳  docker exec cmd=[chown -R 1012:1013 /tmp/462ef5e9-bc18-46c6-94ba-f8165ac687e5] user=0 workdir=
[df848ff2-120a-4e8d-b0e1-bdc61f8bde38/CI with Java 8] unable to get git ref: failed to identify reference (tag/branch) for the checked-out revision '6b520bbb2e0cc0197da2b2c79805924411fe61ed'
[df848ff2-120a-4e8d-b0e1-bdc61f8bde38/CI with Java 8] unable to get git ref: failed to identify reference (tag/branch) for the checked-out revision '6b520bbb2e0cc0197da2b2c79805924411fe61ed'
[df848ff2-120a-4e8d-b0e1-bdc61f8bde38/CI with Java 8] unable to get git ref: failed to identify reference (tag/branch) for the checked-out revision '6b520bbb2e0cc0197da2b2c79805924411fe61ed'
[df848ff2-120a-4e8d-b0e1-bdc61f8bde38/CI with Java 8] 🧪  Matrix: map[java:8]
[df848ff2-120a-4e8d-b0e1-bdc61f8bde38/CI with Java 8] unable to get git ref: failed to identify reference (tag/branch) for the checked-out revision '6b520bbb2e0cc0197da2b2c79805924411fe61ed'
[df848ff2-120a-4e8d-b0e1-bdc61f8bde38/CI with Java 8] unable to get git ref: failed to identify reference (tag/branch) for the checked-out revision '6b520bbb2e0cc0197da2b2c79805924411fe61ed'
[df848ff2-120a-4e8d-b0e1-bdc61f8bde38/CI with Java 8] unable to get git ref: failed to identify reference (tag/branch) for the checked-out revision '6b520bbb2e0cc0197da2b2c79805924411fe61ed'
[df848ff2-120a-4e8d-b0e1-bdc61f8bde38/CI with Java 8] unable to get git ref: failed to identify reference (tag/branch) for the checked-out revision '6b520bbb2e0cc0197da2b2c79805924411fe61ed'
[df848ff2-120a-4e8d-b0e1-bdc61f8bde38/CI with Java 8] unable to get git ref: failed to identify reference (tag/branch) for the checked-out revision '6b520bbb2e0cc0197da2b2c79805924411fe61ed'
[df848ff2-120a-4e8d-b0e1-bdc61f8bde38/CI with Java 8] unable to get git ref: failed to identify reference (tag/branch) for the checked-out revision '6b520bbb2e0cc0197da2b2c79805924411fe61ed'
[df848ff2-120a-4e8d-b0e1-bdc61f8bde38/CI with Java 8] ⭐ Run Main actions/checkout@v1
[df848ff2-120a-4e8d-b0e1-bdc61f8bde38/CI with Java 8] unable to get git ref: failed to identify reference (tag/branch) for the checked-out revision '6b520bbb2e0cc0197da2b2c79805924411fe61ed'
[df848ff2-120a-4e8d-b0e1-bdc61f8bde38/CI with Java 8] unable to get git ref: failed to identify reference (tag/branch) for the checked-out revision '6b520bbb2e0cc0197da2b2c79805924411fe61ed'
[df848ff2-120a-4e8d-b0e1-bdc61f8bde38/CI with Java 8]   🐳  docker cp src=/tmp/462ef5e9-bc18-46c6-94ba-f8165ac687e5/. dst=/tmp/462ef5e9-bc18-46c6-94ba-f8165ac687e5
[df848ff2-120a-4e8d-b0e1-bdc61f8bde38/CI with Java 8]   🐳  docker exec cmd=[chown -R 1012:1013 /tmp/462ef5e9-bc18-46c6-94ba-f8165ac687e5] user=0 workdir=
[df848ff2-120a-4e8d-b0e1-bdc61f8bde38/CI with Java 8]   ✅  Success - Main actions/checkout@v1
[df848ff2-120a-4e8d-b0e1-bdc61f8bde38/CI with Java 8] unable to get git ref: failed to identify reference (tag/branch) for the checked-out revision '6b520bbb2e0cc0197da2b2c79805924411fe61ed'
[df848ff2-120a-4e8d-b0e1-bdc61f8bde38/CI with Java 8] unable to get git ref: failed to identify reference (tag/branch) for the checked-out revision '6b520bbb2e0cc0197da2b2c79805924411fe61ed'
[df848ff2-120a-4e8d-b0e1-bdc61f8bde38/CI with Java 8] unable to get git ref: failed to identify reference (tag/branch) for the checked-out revision '6b520bbb2e0cc0197da2b2c79805924411fe61ed'
[df848ff2-120a-4e8d-b0e1-bdc61f8bde38/CI with Java 8] unable to get git ref: failed to identify reference (tag/branch) for the checked-out revision '6b520bbb2e0cc0197da2b2c79805924411fe61ed'
[df848ff2-120a-4e8d-b0e1-bdc61f8bde38/CI with Java 8] unable to get git ref: failed to identify reference (tag/branch) for the checked-out revision '6b520bbb2e0cc0197da2b2c79805924411fe61ed'
[df848ff2-120a-4e8d-b0e1-bdc61f8bde38/CI with Java 8] ⭐ Run Main Setup jdk
[df848ff2-120a-4e8d-b0e1-bdc61f8bde38/CI with Java 8] unable to get git ref: failed to identify reference (tag/branch) for the checked-out revision '6b520bbb2e0cc0197da2b2c79805924411fe61ed'
[df848ff2-120a-4e8d-b0e1-bdc61f8bde38/CI with Java 8] unable to get git ref: failed to identify reference (tag/branch) for the checked-out revision '6b520bbb2e0cc0197da2b2c79805924411fe61ed'
[df848ff2-120a-4e8d-b0e1-bdc61f8bde38/CI with Java 8] unable to get git ref: failed to identify reference (tag/branch) for the checked-out revision '6b520bbb2e0cc0197da2b2c79805924411fe61ed'
[df848ff2-120a-4e8d-b0e1-bdc61f8bde38/CI with Java 8]   🐳  docker cp src=/tmp/act-cache/06808cf2-d56a-420e-96a1-16d880d4a01b/act/actions-setup-java@v1/ dst=/var/run/act/actions/actions-setup-java@v1/
[df848ff2-120a-4e8d-b0e1-bdc61f8bde38/CI with Java 8]   🐳  docker exec cmd=[chown -R 1012:1013 /var/run/act/actions/actions-setup-java@v1/] user=0 workdir=
[df848ff2-120a-4e8d-b0e1-bdc61f8bde38/CI with Java 8]   🐳  docker exec cmd=[node /var/run/act/actions/actions-setup-java@v1/dist/setup/index.js] user= workdir=
[df848ff2-120a-4e8d-b0e1-bdc61f8bde38/CI with Java 8]   💬  ::debug::isExplicit: 
[df848ff2-120a-4e8d-b0e1-bdc61f8bde38/CI with Java 8]   💬  ::debug::explicit? false
[df848ff2-120a-4e8d-b0e1-bdc61f8bde38/CI with Java 8]   💬  ::debug::evaluating 0 versions
[df848ff2-120a-4e8d-b0e1-bdc61f8bde38/CI with Java 8]   💬  ::debug::match not found
[df848ff2-120a-4e8d-b0e1-bdc61f8bde38/CI with Java 8]   💬  ::debug::Downloading JDK from Azul
[df848ff2-120a-4e8d-b0e1-bdc61f8bde38/CI with Java 8]   💬  ::debug::Searching for files with extension: -linux_x64.tar.gz
[df848ff2-120a-4e8d-b0e1-bdc61f8bde38/CI with Java 8]   💬  ::debug::Downloading https://static.azul.com/zulu/bin/zulu8.74.0.17-ca-jdk8.0.392-linux_x64.tar.gz
[df848ff2-120a-4e8d-b0e1-bdc61f8bde38/CI with Java 8]   💬  ::debug::Downloading /tmp/432bd739-3e07-4ace-b361-43ce43c99fbb
[df848ff2-120a-4e8d-b0e1-bdc61f8bde38/CI with Java 8]   💬  ::debug::download complete
[df848ff2-120a-4e8d-b0e1-bdc61f8bde38/CI with Java 8]   | [command]/usr/bin/tar --version
[df848ff2-120a-4e8d-b0e1-bdc61f8bde38/CI with Java 8]   | tar (GNU tar) 1.34
[df848ff2-120a-4e8d-b0e1-bdc61f8bde38/CI with Java 8]   | Copyright (C) 2021 Free Software Foundation, Inc.
[df848ff2-120a-4e8d-b0e1-bdc61f8bde38/CI with Java 8]   | License GPLv3+: GNU GPL version 3 or later <https://gnu.org/licenses/gpl.html>.
[df848ff2-120a-4e8d-b0e1-bdc61f8bde38/CI with Java 8]   | This is free software: you are free to change and redistribute it.
[df848ff2-120a-4e8d-b0e1-bdc61f8bde38/CI with Java 8]   | There is NO WARRANTY, to the extent permitted by law.
[df848ff2-120a-4e8d-b0e1-bdc61f8bde38/CI with Java 8]   | 
[df848ff2-120a-4e8d-b0e1-bdc61f8bde38/CI with Java 8]   | Written by John Gilmore and Jay Fenlason.
[df848ff2-120a-4e8d-b0e1-bdc61f8bde38/CI with Java 8]   | [command]/usr/bin/tar xz --warning=no-unknown-keyword -C /tmp/temp_1122657088 -f /tmp/432bd739-3e07-4ace-b361-43ce43c99fbb
[df848ff2-120a-4e8d-b0e1-bdc61f8bde38/CI with Java 8]   💬  ::debug::jdk extracted to /tmp/temp_1122657088/zulu8.74.0.17-ca-jdk8.0.392-linux_x64
[df848ff2-120a-4e8d-b0e1-bdc61f8bde38/CI with Java 8]   💬  ::debug::Caching tool jdk 8.0.392 x64
[df848ff2-120a-4e8d-b0e1-bdc61f8bde38/CI with Java 8]   💬  ::debug::source dir: /tmp/temp_1122657088/zulu8.74.0.17-ca-jdk8.0.392-linux_x64
[df848ff2-120a-4e8d-b0e1-bdc61f8bde38/CI with Java 8]   💬  ::debug::destination /opt/hostedtoolcache/jdk/8.0.392/x64
[df848ff2-120a-4e8d-b0e1-bdc61f8bde38/CI with Java 8]   💬  ::debug::finished caching tool
[df848ff2-120a-4e8d-b0e1-bdc61f8bde38/CI with Java 8]   ❓ add-matcher /run/act/actions/actions-setup-java@v1/.github/java.json
[df848ff2-120a-4e8d-b0e1-bdc61f8bde38/CI with Java 8]   | creating settings.xml with server-id: github; environment variables: username=$GITHUB_ACTOR, password=$GITHUB_TOKEN, and gpg-passphrase=null
[df848ff2-120a-4e8d-b0e1-bdc61f8bde38/CI with Java 8]   💬  ::debug::created directory /home/runner/.m2
[df848ff2-120a-4e8d-b0e1-bdc61f8bde38/CI with Java 8]   | writing /home/runner/.m2/settings.xml
[df848ff2-120a-4e8d-b0e1-bdc61f8bde38/CI with Java 8]   ✅  Success - Main Setup jdk
[df848ff2-120a-4e8d-b0e1-bdc61f8bde38/CI with Java 8]   ⚙  ::set-env:: JAVA_HOME_8_0_392_X64=/opt/hostedtoolcache/jdk/8.0.392/x64
[df848ff2-120a-4e8d-b0e1-bdc61f8bde38/CI with Java 8]   ⚙  ::set-env:: JAVA_HOME_8.0.392_x64=/opt/hostedtoolcache/jdk/8.0.392/x64
[df848ff2-120a-4e8d-b0e1-bdc61f8bde38/CI with Java 8]   ⚙  ::set-env:: JAVA_HOME=/opt/hostedtoolcache/jdk/8.0.392/x64
[df848ff2-120a-4e8d-b0e1-bdc61f8bde38/CI with Java 8]   ⚙  ::set-output:: version=8.0.392
[df848ff2-120a-4e8d-b0e1-bdc61f8bde38/CI with Java 8]   ⚙  ::set-output:: path=/opt/hostedtoolcache/jdk/8.0.392/x64
[df848ff2-120a-4e8d-b0e1-bdc61f8bde38/CI with Java 8]   ⚙  ::add-path:: /opt/hostedtoolcache/jdk/8.0.392/x64/bin
[df848ff2-120a-4e8d-b0e1-bdc61f8bde38/CI with Java 8] unable to get git ref: failed to identify reference (tag/branch) for the checked-out revision '6b520bbb2e0cc0197da2b2c79805924411fe61ed'
[df848ff2-120a-4e8d-b0e1-bdc61f8bde38/CI with Java 8] unable to get git ref: failed to identify reference (tag/branch) for the checked-out revision '6b520bbb2e0cc0197da2b2c79805924411fe61ed'
[df848ff2-120a-4e8d-b0e1-bdc61f8bde38/CI with Java 8] unable to get git ref: failed to identify reference (tag/branch) for the checked-out revision '6b520bbb2e0cc0197da2b2c79805924411fe61ed'
[df848ff2-120a-4e8d-b0e1-bdc61f8bde38/CI with Java 8] unable to get git ref: failed to identify reference (tag/branch) for the checked-out revision '6b520bbb2e0cc0197da2b2c79805924411fe61ed'
[df848ff2-120a-4e8d-b0e1-bdc61f8bde38/CI with Java 8] unable to get git ref: failed to identify reference (tag/branch) for the checked-out revision '6b520bbb2e0cc0197da2b2c79805924411fe61ed'
[df848ff2-120a-4e8d-b0e1-bdc61f8bde38/CI with Java 8] ⭐ Run Main Build with Gradle
[df848ff2-120a-4e8d-b0e1-bdc61f8bde38/CI with Java 8] unable to get git ref: failed to identify reference (tag/branch) for the checked-out revision '6b520bbb2e0cc0197da2b2c79805924411fe61ed'
[df848ff2-120a-4e8d-b0e1-bdc61f8bde38/CI with Java 8] unable to get git ref: failed to identify reference (tag/branch) for the checked-out revision '6b520bbb2e0cc0197da2b2c79805924411fe61ed'
[df848ff2-120a-4e8d-b0e1-bdc61f8bde38/CI with Java 8] unable to get git ref: failed to identify reference (tag/branch) for the checked-out revision '6b520bbb2e0cc0197da2b2c79805924411fe61ed'
[df848ff2-120a-4e8d-b0e1-bdc61f8bde38/CI with Java 8] unable to get git ref: failed to identify reference (tag/branch) for the checked-out revision '6b520bbb2e0cc0197da2b2c79805924411fe61ed'
[df848ff2-120a-4e8d-b0e1-bdc61f8bde38/CI with Java 8]   🐳  docker exec cmd=[bash --noprofile --norc -e -o pipefail /var/run/act/workflow/2] user= workdir=
[df848ff2-120a-4e8d-b0e1-bdc61f8bde38/CI with Java 8]   | Downloading https://services.gradle.org/distributions/gradle-7.6-bin.zip
[df848ff2-120a-4e8d-b0e1-bdc61f8bde38/CI with Java 8]   | ...........10%............20%...........30%............40%............50%...........60%............70%............80%...........90%............100%
[df848ff2-120a-4e8d-b0e1-bdc61f8bde38/CI with Java 8]   | Initialized native services in: /home/runner/.gradle/native
[df848ff2-120a-4e8d-b0e1-bdc61f8bde38/CI with Java 8]   | Initialized jansi services in: /home/runner/.gradle/native
[df848ff2-120a-4e8d-b0e1-bdc61f8bde38/CI with Java 8]   | 
[df848ff2-120a-4e8d-b0e1-bdc61f8bde38/CI with Java 8]   | Welcome to Gradle 7.6!
[df848ff2-120a-4e8d-b0e1-bdc61f8bde38/CI with Java 8]   | 
[df848ff2-120a-4e8d-b0e1-bdc61f8bde38/CI with Java 8]   | Here are the highlights of this release:
[df848ff2-120a-4e8d-b0e1-bdc61f8bde38/CI with Java 8]   |  - Added support for Java 19.
[df848ff2-120a-4e8d-b0e1-bdc61f8bde38/CI with Java 8]   |  - Introduced `--rerun` flag for individual task rerun.
[df848ff2-120a-4e8d-b0e1-bdc61f8bde38/CI with Java 8]   |  - Improved dependency block for test suites to be strongly typed.
[df848ff2-120a-4e8d-b0e1-bdc61f8bde38/CI with Java 8]   |  - Added a pluggable system for Java toolchains provisioning.
[df848ff2-120a-4e8d-b0e1-bdc61f8bde38/CI with Java 8]   | 
[df848ff2-120a-4e8d-b0e1-bdc61f8bde38/CI with Java 8]   | For more details see https://docs.gradle.org/7.6/release-notes.html
[df848ff2-120a-4e8d-b0e1-bdc61f8bde38/CI with Java 8]   | 
[df848ff2-120a-4e8d-b0e1-bdc61f8bde38/CI with Java 8]   | Received JVM installation metadata from '/opt/hostedtoolcache/jdk/8.0.392/x64': {JAVA_HOME=/opt/hostedtoolcache/jdk/8.0.392/x64/jre, JAVA_VERSION=1.8.0_392, JAVA_VENDOR=Azul Systems, Inc., RUNTIME_NAME=OpenJDK Runtime Environment, RUNTIME_VERSION=1.8.0_392-b08, VM_NAME=OpenJDK 64-Bit Server VM, VM_VERSION=25.392-b08, VM_VENDOR=Azul Systems, Inc., OS_ARCH=amd64}
[df848ff2-120a-4e8d-b0e1-bdc61f8bde38/CI with Java 8]   | Removing 0 daemon stop events from registry
[df848ff2-120a-4e8d-b0e1-bdc61f8bde38/CI with Java 8]   | Starting a Gradle Daemon (subsequent builds will be faster)
[df848ff2-120a-4e8d-b0e1-bdc61f8bde38/CI with Java 8]   | Starting process 'Gradle build daemon'. Working directory: /home/runner/.gradle/daemon/7.6 Command: /opt/hostedtoolcache/jdk/8.0.392/x64/bin/java -XX:MaxMetaspaceSize=256m -XX:+HeapDumpOnOutOfMemoryError -Xms256m -Xmx512m -Dfile.encoding=UTF-8 -Duser.country -Duser.language=en -Duser.variant -cp /home/runner/.gradle/wrapper/dists/gradle-7.6-bin/9l9tetv7ltxvx3i8an4pb86ye/gradle-7.6/lib/gradle-launcher-7.6.jar org.gradle.launcher.daemon.bootstrap.GradleDaemon 7.6
[df848ff2-120a-4e8d-b0e1-bdc61f8bde38/CI with Java 8]   | Successfully started process 'Gradle build daemon'
[df848ff2-120a-4e8d-b0e1-bdc61f8bde38/CI with Java 8]   | An attempt to start the daemon took 1.318 secs.
[df848ff2-120a-4e8d-b0e1-bdc61f8bde38/CI with Java 8]   | The client will now receive all logging from the daemon (pid: 193). The daemon log file: /home/runner/.gradle/daemon/7.6/daemon-193.out.log
[df848ff2-120a-4e8d-b0e1-bdc61f8bde38/CI with Java 8]   | Starting build in new daemon [memory: 455.5 MiB]
[df848ff2-120a-4e8d-b0e1-bdc61f8bde38/CI with Java 8]   | Closing daemon's stdin at end of input.
[df848ff2-120a-4e8d-b0e1-bdc61f8bde38/CI with Java 8]   | The daemon will no longer process any standard input.
[df848ff2-120a-4e8d-b0e1-bdc61f8bde38/CI with Java 8]   | Using 128 worker leases.
[df848ff2-120a-4e8d-b0e1-bdc61f8bde38/CI with Java 8]   | Received JVM installation metadata from '/opt/hostedtoolcache/jdk/8.0.392/x64': {JAVA_HOME=/opt/hostedtoolcache/jdk/8.0.392/x64/jre, JAVA_VERSION=1.8.0_392, JAVA_VENDOR=Azul Systems, Inc., RUNTIME_NAME=OpenJDK Runtime Environment, RUNTIME_VERSION=1.8.0_392-b08, VM_NAME=OpenJDK 64-Bit Server VM, VM_VERSION=25.392-b08, VM_VENDOR=Azul Systems, Inc., OS_ARCH=amd64}
[df848ff2-120a-4e8d-b0e1-bdc61f8bde38/CI with Java 8]   | Watching the file system is configured to be enabled if available
[df848ff2-120a-4e8d-b0e1-bdc61f8bde38/CI with Java 8]   | Not watching /tmp/462ef5e9-bc18-46c6-94ba-f8165ac687e5 since the file system is not supported
[df848ff2-120a-4e8d-b0e1-bdc61f8bde38/CI with Java 8]   | File system watching is active
[df848ff2-120a-4e8d-b0e1-bdc61f8bde38/CI with Java 8]   | Starting Build
[df848ff2-120a-4e8d-b0e1-bdc61f8bde38/CI with Java 8]   | Compiling settings file '/tmp/462ef5e9-bc18-46c6-94ba-f8165ac687e5/settings.gradle' using SubsetScriptTransformer.
[df848ff2-120a-4e8d-b0e1-bdc61f8bde38/CI with Java 8]   | Compiling settings file '/tmp/462ef5e9-bc18-46c6-94ba-f8165ac687e5/settings.gradle' using BuildScriptTransformer.
[df848ff2-120a-4e8d-b0e1-bdc61f8bde38/CI with Java 8]   | Settings evaluated using settings file '/tmp/462ef5e9-bc18-46c6-94ba-f8165ac687e5/settings.gradle'.
[df848ff2-120a-4e8d-b0e1-bdc61f8bde38/CI with Java 8]   | Projects loaded. Root project using build file '/tmp/462ef5e9-bc18-46c6-94ba-f8165ac687e5/build.gradle'.
[df848ff2-120a-4e8d-b0e1-bdc61f8bde38/CI with Java 8]   | Included projects: [root project 'frigga']
[df848ff2-120a-4e8d-b0e1-bdc61f8bde38/CI with Java 8]   | 
[df848ff2-120a-4e8d-b0e1-bdc61f8bde38/CI with Java 8]   | > Configure project :
[df848ff2-120a-4e8d-b0e1-bdc61f8bde38/CI with Java 8]   | Evaluating root project 'frigga' using build file '/tmp/462ef5e9-bc18-46c6-94ba-f8165ac687e5/build.gradle'.
[df848ff2-120a-4e8d-b0e1-bdc61f8bde38/CI with Java 8]   | Compiling build file '/tmp/462ef5e9-bc18-46c6-94ba-f8165ac687e5/build.gradle' using SubsetScriptTransformer.
[df848ff2-120a-4e8d-b0e1-bdc61f8bde38/CI with Java 8]   | Downloading https://plugins.gradle.org/m2/nebula/netflixoss/nebula.netflixoss.gradle.plugin/11.1.1/nebula.netflixoss.gradle.plugin-11.1.1.pom to /home/runner/.gradle/.tmp/gradle_download7142494973935093441bin
[df848ff2-120a-4e8d-b0e1-bdc61f8bde38/CI with Java 8]   | Downloading https://plugins.gradle.org/m2/com/netflix/nebula/gradle-netflixoss-project-plugin/11.1.1/gradle-netflixoss-project-plugin-11.1.1.pom to /home/runner/.gradle/.tmp/gradle_download3196786729609959888bin
[df848ff2-120a-4e8d-b0e1-bdc61f8bde38/CI with Java 8]   | Downloading https://plugins.gradle.org/m2/com/netflix/nebula/gradle-netflixoss-project-plugin/11.1.1/gradle-netflixoss-project-plugin-11.1.1.module to /home/runner/.gradle/.tmp/gradle_download3120952765330529976bin
[df848ff2-120a-4e8d-b0e1-bdc61f8bde38/CI with Java 8]   | Downloading https://plugins.gradle.org/m2/com/netflix/nebula/nebula-project-plugin/10.0.1/nebula-project-plugin-10.0.1.pom to /home/runner/.gradle/.tmp/gradle_download7184935245256002686bin
[df848ff2-120a-4e8d-b0e1-bdc61f8bde38/CI with Java 8]   | Downloading https://plugins.gradle.org/m2/com/netflix/nebula/gradle-info-plugin/12.0.0/gradle-info-plugin-12.0.0.pom to /home/runner/.gradle/.tmp/gradle_download4238529732591237314bin
[df848ff2-120a-4e8d-b0e1-bdc61f8bde38/CI with Java 8]   | Downloading https://plugins.gradle.org/m2/com/netflix/nebula/gradle-java-cross-compile-plugin/7.0.0/gradle-java-cross-compile-plugin-7.0.0.pom to /home/runner/.gradle/.tmp/gradle_download8207167737898671649bin
[df848ff2-120a-4e8d-b0e1-bdc61f8bde38/CI with Java 8]   | Downloading https://plugins.gradle.org/m2/gradle/plugin/com/hierynomus/gradle/plugins/license-gradle-plugin/0.16.1/license-gradle-plugin-0.16.1.pom to /home/runner/.gradle/.tmp/gradle_download4406257786547565014bin
[df848ff2-120a-4e8d-b0e1-bdc61f8bde38/CI with Java 8]   | Downloading https://plugins.gradle.org/m2/com/netflix/nebula/nebula-publishing-plugin/19.0.0/nebula-publishing-plugin-19.0.0.pom to /home/runner/.gradle/.tmp/gradle_download8692066882992998876bin
[df848ff2-120a-4e8d-b0e1-bdc61f8bde38/CI with Java 8]   | Downloading https://plugins.gradle.org/m2/com/netflix/nebula/nebula-release-plugin/17.1.0/nebula-release-plugin-17.1.0.pom to /home/runner/.gradle/.tmp/gradle_download2164808812573412663bin
[df848ff2-120a-4e8d-b0e1-bdc61f8bde38/CI with Java 8]   | Downloading https://plugins.gradle.org/m2/com/fasterxml/jackson/jackson-bom/2.11.0/jackson-bom-2.11.0.pom to /home/runner/.gradle/.tmp/gradle_download4996441472778883834bin
[df848ff2-120a-4e8d-b0e1-bdc61f8bde38/CI with Java 8]   | Downloading https://plugins.gradle.org/m2/com/fasterxml/jackson/jackson-parent/2.11/jackson-parent-2.11.pom to /home/runner/.gradle/.tmp/gradle_download7103391797995068936bin
[df848ff2-120a-4e8d-b0e1-bdc61f8bde38/CI with Java 8]   | Downloading https://plugins.gradle.org/m2/com/fasterxml/oss-parent/38/oss-parent-38.pom to /home/runner/.gradle/.tmp/gradle_download5715758744420531362bin
[df848ff2-120a-4e8d-b0e1-bdc61f8bde38/CI with Java 8]   | Downloading https://plugins.gradle.org/m2/com/netflix/nebula/nebula-oss-publishing-plugin/3.1.0/nebula-oss-publishing-plugin-3.1.0.pom to /home/runner/.gradle/.tmp/gradle_download2442348019587653839bin
[df848ff2-120a-4e8d-b0e1-bdc61f8bde38/CI with Java 8]   | Downloading https://plugins.gradle.org/m2/com/netflix/nebula/nebula-project-plugin/10.0.1/nebula-project-plugin-10.0.1.module to /home/runner/.gradle/.tmp/gradle_download1961008898311233913bin
[df848ff2-120a-4e8d-b0e1-bdc61f8bde38/CI with Java 8]   | Downloading https://plugins.gradle.org/m2/com/netflix/nebula/gradle-contacts-plugin/7.0.0/gradle-contacts-plugin-7.0.0.pom to /home/runner/.gradle/.tmp/gradle_download8375946785685890486bin
[df848ff2-120a-4e8d-b0e1-bdc61f8bde38/CI with Java 8]   | Downloading https://plugins.gradle.org/m2/com/netflix/nebula/gradle-dependency-lock-plugin/13.0.0/gradle-dependency-lock-plugin-13.0.0.pom to /home/runner/.gradle/.tmp/gradle_download3198456292397252682bin
[df848ff2-120a-4e8d-b0e1-bdc61f8bde38/CI with Java 8]   | Downloading https://plugins.gradle.org/m2/com/fasterxml/jackson/jackson-bom/2.9.10.20210106/jackson-bom-2.9.10.20210106.pom to /home/runner/.gradle/.tmp/gradle_download5022702384746873586bin
[df848ff2-120a-4e8d-b0e1-bdc61f8bde38/CI with Java 8]   | Downloading https://plugins.gradle.org/m2/com/netflix/nebula/gradle-info-plugin/12.0.0/gradle-info-plugin-12.0.0.module to /home/runner/.gradle/.tmp/gradle_download232090242644871894bin
[df848ff2-120a-4e8d-b0e1-bdc61f8bde38/CI with Java 8]   | Downloading https://plugins.gradle.org/m2/com/netflix/nebula/nebula-publishing-plugin/19.0.0/nebula-publishing-plugin-19.0.0.module to /home/runner/.gradle/.tmp/gradle_download1036023515905950131bin
[df848ff2-120a-4e8d-b0e1-bdc61f8bde38/CI with Java 8]   | Downloading https://plugins.gradle.org/m2/com/netflix/nebula/gradle-java-cross-compile-plugin/7.0.0/gradle-java-cross-compile-plugin-7.0.0.module to /home/runner/.gradle/.tmp/gradle_download8667358319653773780bin
[df848ff2-120a-4e8d-b0e1-bdc61f8bde38/CI with Java 8]   | Downloading https://plugins.gradle.org/m2/com/fasterxml/jackson/jackson-parent/2.9.1.2/jackson-parent-2.9.1.2.pom to /home/runner/.gradle/.tmp/gradle_download5029479523038347383bin
[df848ff2-120a-4e8d-b0e1-bdc61f8bde38/CI with Java 8]   | Downloading https://plugins.gradle.org/m2/com/netflix/nebula/nebula-release-plugin/17.1.0/nebula-release-plugin-17.1.0.module to /home/runner/.gradle/.tmp/gradle_download4322092259380605288bin
[df848ff2-120a-4e8d-b0e1-bdc61f8bde38/CI with Java 8]   | Downloading https://plugins.gradle.org/m2/com/netflix/nebula/gradle-contacts-plugin/7.0.0/gradle-contacts-plugin-7.0.0.module to /home/runner/.gradle/.tmp/gradle_download8397626842723594521bin
[df848ff2-120a-4e8d-b0e1-bdc61f8bde38/CI with Java 8]   | Downloading https://plugins.gradle.org/m2/com/netflix/nebula/nebula-oss-publishing-plugin/3.1.0/nebula-oss-publishing-plugin-3.1.0.module to /home/runner/.gradle/.tmp/gradle_download2441886804688363276bin
[df848ff2-120a-4e8d-b0e1-bdc61f8bde38/CI with Java 8]   | Downloading https://plugins.gradle.org/m2/com/fasterxml/oss-parent/34/oss-parent-34.pom to /home/runner/.gradle/.tmp/gradle_download1844043603424532293bin
[df848ff2-120a-4e8d-b0e1-bdc61f8bde38/CI with Java 8]   | Downloading https://plugins.gradle.org/m2/com/netflix/nebula/gradle-dependency-lock-plugin/13.0.0/gradle-dependency-lock-plugin-13.0.0.module to /home/runner/.gradle/.tmp/gradle_download3672206510296467448bin
[df848ff2-120a-4e8d-b0e1-bdc61f8bde38/CI with Java 8]   | Downloading https://plugins.gradle.org/m2/org/apache/maven/maven-model/3.6.2/maven-model-3.6.2.pom to /home/runner/.gradle/.tmp/gradle_download7326485512323541940bin
[df848ff2-120a-4e8d-b0e1-bdc61f8bde38/CI with Java 8]   | Downloading https://plugins.gradle.org/m2/io/github/gradle-nexus/publish-plugin/1.0.0/publish-plugin-1.0.0.pom to /home/runner/.gradle/.tmp/gradle_download2475878636754532330bin
[df848ff2-120a-4e8d-b0e1-bdc61f8bde38/CI with Java 8]   | Downloading https://plugins.gradle.org/m2/org/apache/maven/maven/3.6.2/maven-3.6.2.pom to /home/runner/.gradle/.tmp/gradle_download6764161628058113846bin
[df848ff2-120a-4e8d-b0e1-bdc61f8bde38/CI with Java 8]   | Downloading https://plugins.gradle.org/m2/org/apache/maven/maven-parent/33/maven-parent-33.pom to /home/runner/.gradle/.tmp/gradle_download4403352688769059662bin
[df848ff2-120a-4e8d-b0e1-bdc61f8bde38/CI with Java 8]   | Downloading https://plugins.gradle.org/m2/org/apache/apache/21/apache-21.pom to /home/runner/.gradle/.tmp/gradle_download4438431367678147157bin
[df848ff2-120a-4e8d-b0e1-bdc61f8bde38/CI with Java 8]   | Resource missing. [HTTP GET: https://jcenter.bintray.com/io/github/gradle-nexus/publish-plugin/1.0.0/publish-plugin-1.0.0.module]
[df848ff2-120a-4e8d-b0e1-bdc61f8bde38/CI with Java 8]   | Downloading https://plugins.gradle.org/m2/com/squareup/moshi/moshi/1.12.0/moshi-1.12.0.pom to /home/runner/.gradle/.tmp/gradle_download3018678558584756316bin
[df848ff2-120a-4e8d-b0e1-bdc61f8bde38/CI with Java 8]   | Downloading https://plugins.gradle.org/m2/com/squareup/moshi/moshi/1.12.0/moshi-1.12.0.module to /home/runner/.gradle/.tmp/gradle_download4167068532866306500bin
[df848ff2-120a-4e8d-b0e1-bdc61f8bde38/CI with Java 8]   | Downloading https://plugins.gradle.org/m2/com/netflix/nebula/nebula-dependencies-comparison/0.2.1/nebula-dependencies-comparison-0.2.1.pom to /home/runner/.gradle/.tmp/gradle_download4896599314524049696bin
[df848ff2-120a-4e8d-b0e1-bdc61f8bde38/CI with Java 8]   | Downloading https://plugins.gradle.org/m2/com/netflix/nebula/nebula-gradle-interop/2.0.0/nebula-gradle-interop-2.0.0.pom to /home/runner/.gradle/.tmp/gradle_download7448467381541528441bin
[df848ff2-120a-4e8d-b0e1-bdc61f8bde38/CI with Java 8]   | Downloading https://plugins.gradle.org/m2/org/jetbrains/kotlin/kotlin-stdlib-jdk8/1.7.20/kotlin-stdlib-jdk8-1.7.20.pom to /home/runner/.gradle/.tmp/gradle_download5237509350706676895bin
[df848ff2-120a-4e8d-b0e1-bdc61f8bde38/CI with Java 8]   | Downloading https://plugins.gradle.org/m2/com/netflix/nebula/gradle-scm-plugin/7.0.0/gradle-scm-plugin-7.0.0.pom to /home/runner/.gradle/.tmp/gradle_download4892125154419515539bin
[df848ff2-120a-4e8d-b0e1-bdc61f8bde38/CI with Java 8]   | Downloading https://plugins.gradle.org/m2/com/netflix/nebula/nebula-gradle-interop/2.0.0/nebula-gradle-interop-2.0.0.module to /home/runner/.gradle/.tmp/gradle_download6819759082962327297bin
[df848ff2-120a-4e8d-b0e1-bdc61f8bde38/CI with Java 8]   | Downloading https://plugins.gradle.org/m2/joda-time/joda-time/2.10/joda-time-2.10.pom to /home/runner/.gradle/.tmp/gradle_download4299875367943159633bin
[df848ff2-120a-4e8d-b0e1-bdc61f8bde38/CI with Java 8]   | Downloading https://plugins.gradle.org/m2/com/netflix/nebula/nebula-dependencies-comparison/0.2.1/nebula-dependencies-comparison-0.2.1.module to /home/runner/.gradle/.tmp/gradle_download8552922327021298859bin
[df848ff2-120a-4e8d-b0e1-bdc61f8bde38/CI with Java 8]   | Downloading https://plugins.gradle.org/m2/com/netflix/nebula/gradle-scm-plugin/7.0.0/gradle-scm-plugin-7.0.0.module to /home/runner/.gradle/.tmp/gradle_download2433320374266289583bin
[df848ff2-120a-4e8d-b0e1-bdc61f8bde38/CI with Java 8]   | Downloading https://plugins.gradle.org/m2/net/java/dev/jna/jna-platform/5.7.0/jna-platform-5.7.0.pom to /home/runner/.gradle/.tmp/gradle_download7023506829508185844bin
[df848ff2-120a-4e8d-b0e1-bdc61f8bde38/CI with Java 8]   | Downloading https://plugins.gradle.org/m2/org/eclipse/jgit/org.eclipse.jgit/5.13.0.202109080827-r/org.eclipse.jgit-5.13.0.202109080827-r.pom to /home/runner/.gradle/.tmp/gradle_download9065128846032523112bin
[df848ff2-120a-4e8d-b0e1-bdc61f8bde38/CI with Java 8]   | Downloading https://plugins.gradle.org/m2/org/eclipse/jgit/org.eclipse.jgit-parent/5.13.0.202109080827-r/org.eclipse.jgit-parent-5.13.0.202109080827-r.pom to /home/runner/.gradle/.tmp/gradle_download7353559147724218687bin
[df848ff2-120a-4e8d-b0e1-bdc61f8bde38/CI with Java 8]   | Downloading https://plugins.gradle.org/m2/com/perforce/p4java/2015.2.1365273/p4java-2015.2.1365273.pom to /home/runner/.gradle/.tmp/gradle_download8620980682259170027bin
[df848ff2-120a-4e8d-b0e1-bdc61f8bde38/CI with Java 8]   | Downloading https://plugins.gradle.org/m2/org/tmatesoft/svnkit/svnkit/1.8.12/svnkit-1.8.12.pom to /home/runner/.gradle/.tmp/gradle_download241872327483412000bin
[df848ff2-120a-4e8d-b0e1-bdc61f8bde38/CI with Java 8]   | Downloading https://plugins.gradle.org/m2/com/github/zafarkhaja/java-semver/0.9.0/java-semver-0.9.0.pom to /home/runner/.gradle/.tmp/gradle_download5978303854849673150bin
[df848ff2-120a-4e8d-b0e1-bdc61f8bde38/CI with Java 8]   | Downloading https://plugins.gradle.org/m2/org/sonatype/oss/oss-parent/9/oss-parent-9.pom to /home/runner/.gradle/.tmp/gradle_download5525356095886600677bin
[df848ff2-120a-4e8d-b0e1-bdc61f8bde38/CI with Java 8]   | Downloading https://plugins.gradle.org/m2/org/ajoberstar/grgit/grgit-core/4.1.1/grgit-core-4.1.1.pom to /home/runner/.gradle/.tmp/gradle_download2126409614480507297bin
[df848ff2-120a-4e8d-b0e1-bdc61f8bde38/CI with Java 8]   | Downloading https://plugins.gradle.org/m2/org/ajoberstar/grgit/grgit-core/4.1.1/grgit-core-4.1.1.module to /home/runner/.gradle/.tmp/gradle_download4033191745260974906bin
[df848ff2-120a-4e8d-b0e1-bdc61f8bde38/CI with Java 8]   | Downloading https://plugins.gradle.org/m2/org/codehaus/plexus/plexus-utils/2.0.5/plexus-utils-2.0.5.pom to /home/runner/.gradle/.tmp/gradle_download4782312908065725520bin
[df848ff2-120a-4e8d-b0e1-bdc61f8bde38/CI with Java 8]   | Downloading https://plugins.gradle.org/m2/com/mycila/xmltool/xmltool/3.3/xmltool-3.3.pom to /home/runner/.gradle/.tmp/gradle_download1785782462811276704bin
[df848ff2-120a-4e8d-b0e1-bdc61f8bde38/CI with Java 8]   | Downloading https://plugins.gradle.org/m2/com/mycila/license-maven-plugin/3.0/license-maven-plugin-3.0.pom to /home/runner/.gradle/.tmp/gradle_download5474121478835855152bin
[df848ff2-120a-4e8d-b0e1-bdc61f8bde38/CI with Java 8]   | Downloading https://plugins.gradle.org/m2/org/codehaus/plexus/plexus/2.0.6/plexus-2.0.6.pom to /home/runner/.gradle/.tmp/gradle_download7405454140015643038bin
[df848ff2-120a-4e8d-b0e1-bdc61f8bde38/CI with Java 8]   | Downloading https://plugins.gradle.org/m2/com/mycila/license-maven-plugin-parent/3.0/license-maven-plugin-parent-3.0.pom to /home/runner/.gradle/.tmp/gradle_download9005330589301521363bin
[df848ff2-120a-4e8d-b0e1-bdc61f8bde38/CI with Java 8]   | Downloading https://plugins.gradle.org/m2/com/mycila/mycila-pom/3/mycila-pom-3.pom to /home/runner/.gradle/.tmp/gradle_download5142543675056822115bin
[df848ff2-120a-4e8d-b0e1-bdc61f8bde38/CI with Java 8]   | Downloading https://plugins.gradle.org/m2/org/codehaus/plexus/plexus-utils/3.2.1/plexus-utils-3.2.1.pom to /home/runner/.gradle/.tmp/gradle_download5720756578467617544bin
[df848ff2-120a-4e8d-b0e1-bdc61f8bde38/CI with Java 8]   | Downloading https://plugins.gradle.org/m2/org/codehaus/plexus/plexus/5.1/plexus-5.1.pom to /home/runner/.gradle/.tmp/gradle_download7344107828199713013bin
[df848ff2-120a-4e8d-b0e1-bdc61f8bde38/CI with Java 8]   | Downloading https://plugins.gradle.org/m2/org/jetbrains/kotlin/kotlin-stdlib/1.4.31/kotlin-stdlib-1.4.31.pom to /home/runner/.gradle/.tmp/gradle_download7027530938513240330bin
[df848ff2-120a-4e8d-b0e1-bdc61f8bde38/CI with Java 8]   | Downloading https://plugins.gradle.org/m2/com/squareup/okio/okio/2.10.0/okio-2.10.0.pom to /home/runner/.gradle/.tmp/gradle_download1976800340647887596bin
[df848ff2-120a-4e8d-b0e1-bdc61f8bde38/CI with Java 8]   | Downloading https://plugins.gradle.org/m2/com/squareup/okio/okio/2.10.0/okio-2.10.0.module to /home/runner/.gradle/.tmp/gradle_download8464868921206641140bin
[df848ff2-120a-4e8d-b0e1-bdc61f8bde38/CI with Java 8]   | Downloading https://plugins.gradle.org/m2/org/jetbrains/kotlin/kotlin-stdlib/1.7.20/kotlin-stdlib-1.7.20.pom to /home/runner/.gradle/.tmp/gradle_download5851690828874269048bin
[df848ff2-120a-4e8d-b0e1-bdc61f8bde38/CI with Java 8]   | Downloading https://plugins.gradle.org/m2/org/jetbrains/kotlin/kotlin-stdlib-jdk7/1.7.20/kotlin-stdlib-jdk7-1.7.20.pom to /home/runner/.gradle/.tmp/gradle_download2680500438946475910bin
[df848ff2-120a-4e8d-b0e1-bdc61f8bde38/CI with Java 8]   | Downloading https://plugins.gradle.org/m2/com/jcraft/jzlib/1.1.2/jzlib-1.1.2.pom to /home/runner/.gradle/.tmp/gradle_download3149155317985755884bin
[df848ff2-120a-4e8d-b0e1-bdc61f8bde38/CI with Java 8]   | Downloading https://plugins.gradle.org/m2/org/sonatype/oss/oss-parent/6/oss-parent-6.pom to /home/runner/.gradle/.tmp/gradle_download8466905985736499736bin
[df848ff2-120a-4e8d-b0e1-bdc61f8bde38/CI with Java 8]   | Downloading https://plugins.gradle.org/m2/com/googlecode/javaewah/JavaEWAH/1.1.12/JavaEWAH-1.1.12.pom to /home/runner/.gradle/.tmp/gradle_download1338876047220260511bin
[df848ff2-120a-4e8d-b0e1-bdc61f8bde38/CI with Java 8]   | Downloading https://plugins.gradle.org/m2/org/slf4j/slf4j-api/1.7.30/slf4j-api-1.7.30.pom to /home/runner/.gradle/.tmp/gradle_download3350868972207491801bin
[df848ff2-120a-4e8d-b0e1-bdc61f8bde38/CI with Java 8]   | Downloading https://plugins.gradle.org/m2/org/sonatype/oss/oss-parent/5/oss-parent-5.pom to /home/runner/.gradle/.tmp/gradle_download1787159171385137639bin
[df848ff2-120a-4e8d-b0e1-bdc61f8bde38/CI with Java 8]   | Downloading https://plugins.gradle.org/m2/org/slf4j/slf4j-parent/1.7.30/slf4j-parent-1.7.30.pom to /home/runner/.gradle/.tmp/gradle_download517261733197718191bin
[df848ff2-120a-4e8d-b0e1-bdc61f8bde38/CI with Java 8]   | Downloading https://plugins.gradle.org/m2/org/tmatesoft/sqljet/sqljet/1.1.10/sqljet-1.1.10.pom to /home/runner/.gradle/.tmp/gradle_download5584541502000460775bin
[df848ff2-120a-4e8d-b0e1-bdc61f8bde38/CI with Java 8]   | Downloading https://plugins.gradle.org/m2/de/regnis/q/sequence/sequence-library/1.0.3/sequence-library-1.0.3.pom to /home/runner/.gradle/.tmp/gradle_download1719013058854914532bin
[df848ff2-120a-4e8d-b0e1-bdc61f8bde38/CI with Java 8]   | Downloading https://plugins.gradle.org/m2/com/jcraft/jsch.agentproxy.svnkit-trilead-ssh2/0.0.7/jsch.agentproxy.svnkit-trilead-ssh2-0.0.7.pom to /home/runner/.gradle/.tmp/gradle_download4784490192640014393bin
[df848ff2-120a-4e8d-b0e1-bdc61f8bde38/CI with Java 8]   | Downloading https://plugins.gradle.org/m2/com/jcraft/jsch.agentproxy.connector-factory/0.0.7/jsch.agentproxy.connector-factory-0.0.7.pom to /home/runner/.gradle/.tmp/gradle_download1665599468171085724bin
[df848ff2-120a-4e8d-b0e1-bdc61f8bde38/CI with Java 8]   | Downloading https://plugins.gradle.org/m2/com/trilead/trilead-ssh2/1.0.0-build220/trilead-ssh2-1.0.0-build220.pom to /home/runner/.gradle/.tmp/gradle_download610854706189432476bin
[df848ff2-120a-4e8d-b0e1-bdc61f8bde38/CI with Java 8]   | Downloading https://plugins.gradle.org/m2/net/java/dev/jna/jna/4.1.0/jna-4.1.0.pom to /home/runner/.gradle/.tmp/gradle_download2520931888239507727bin
[df848ff2-120a-4e8d-b0e1-bdc61f8bde38/CI with Java 8]   | Downloading https://plugins.gradle.org/m2/com/jcraft/jsch.agentproxy/0.0.7/jsch.agentproxy-0.0.7.pom to /home/runner/.gradle/.tmp/gradle_download5009255423813368211bin
[df848ff2-120a-4e8d-b0e1-bdc61f8bde38/CI with Java 8]   | Downloading https://plugins.gradle.org/m2/net/java/dev/jna/jna/5.7.0/jna-5.7.0.pom to /home/runner/.gradle/.tmp/gradle_download7066757855825924293bin
[df848ff2-120a-4e8d-b0e1-bdc61f8bde38/CI with Java 8]   | Downloading https://plugins.gradle.org/m2/com/mycila/mycila-xmltool/4.4.ga/mycila-xmltool-4.4.ga.pom to /home/runner/.gradle/.tmp/gradle_download1440320197202612078bin
[df848ff2-120a-4e8d-b0e1-bdc61f8bde38/CI with Java 8]   | Downloading https://plugins.gradle.org/m2/org/springframework/spring-core/3.1.3.RELEASE/spring-core-3.1.3.RELEASE.pom to /home/runner/.gradle/.tmp/gradle_download3992589122702934051bin
[df848ff2-120a-4e8d-b0e1-bdc61f8bde38/CI with Java 8]   | Downloading https://plugins.gradle.org/m2/org/apache/maven/maven-settings-builder/3.0.4/maven-settings-builder-3.0.4.pom to /home/runner/.gradle/.tmp/gradle_download1681802947933439614bin
[df848ff2-120a-4e8d-b0e1-bdc61f8bde38/CI with Java 8]   | Downloading https://plugins.gradle.org/m2/org/apache/maven/maven-settings/3.0.4/maven-settings-3.0.4.pom to /home/runner/.gradle/.tmp/gradle_download3340149048130842040bin
[df848ff2-120a-4e8d-b0e1-bdc61f8bde38/CI with Java 8]   | Downloading https://plugins.gradle.org/m2/org/springframework/spring-parent/3.1.3.RELEASE/spring-parent-3.1.3.RELEASE.pom to /home/runner/.gradle/.tmp/gradle_download2101993570124470188bin
[df848ff2-120a-4e8d-b0e1-bdc61f8bde38/CI with Java 8]   | Downloading https://plugins.gradle.org/m2/org/apache/maven/maven/3.0.4/maven-3.0.4.pom to /home/runner/.gradle/.tmp/gradle_download5157625994053381013bin
[df848ff2-120a-4e8d-b0e1-bdc61f8bde38/CI with Java 8]   | Downloading https://plugins.gradle.org/m2/org/apache/maven/maven-parent/21/maven-parent-21.pom to /home/runner/.gradle/.tmp/gradle_download3273955804071102375bin
[df848ff2-120a-4e8d-b0e1-bdc61f8bde38/CI with Java 8]   | Downloading https://plugins.gradle.org/m2/org/apache/apache/10/apache-10.pom to /home/runner/.gradle/.tmp/gradle_download109952011054560270bin
[df848ff2-120a-4e8d-b0e1-bdc61f8bde38/CI with Java 8]   | Downloading https://plugins.gradle.org/m2/org/jetbrains/kotlin/kotlin-stdlib-common/1.4.20/kotlin-stdlib-common-1.4.20.pom to /home/runner/.gradle/.tmp/gradle_download5281187247422620576bin
[df848ff2-120a-4e8d-b0e1-bdc61f8bde38/CI with Java 8]   | Downloading https://plugins.gradle.org/m2/org/jetbrains/kotlin/kotlin-stdlib-common/1.7.20/kotlin-stdlib-common-1.7.20.pom to /home/runner/.gradle/.tmp/gradle_download3281392352406760764bin
[df848ff2-120a-4e8d-b0e1-bdc61f8bde38/CI with Java 8]   | Downloading https://plugins.gradle.org/m2/org/jetbrains/annotations/13.0/annotations-13.0.pom to /home/runner/.gradle/.tmp/gradle_download8079613477115468698bin
[df848ff2-120a-4e8d-b0e1-bdc61f8bde38/CI with Java 8]   | Downloading https://plugins.gradle.org/m2/com/jcraft/jsch.agentproxy.core/0.0.7/jsch.agentproxy.core-0.0.7.pom to /home/runner/.gradle/.tmp/gradle_download8460142648188668087bin
[df848ff2-120a-4e8d-b0e1-bdc61f8bde38/CI with Java 8]   | Downloading https://plugins.gradle.org/m2/com/jcraft/jsch.agentproxy.usocket-jna/0.0.7/jsch.agentproxy.usocket-jna-0.0.7.pom to /home/runner/.gradle/.tmp/gradle_download2753081133065832119bin
[df848ff2-120a-4e8d-b0e1-bdc61f8bde38/CI with Java 8]   | Downloading https://plugins.gradle.org/m2/com/jcraft/jsch.agentproxy.sshagent/0.0.7/jsch.agentproxy.sshagent-0.0.7.pom to /home/runner/.gradle/.tmp/gradle_download4137545496399278587bin
[df848ff2-120a-4e8d-b0e1-bdc61f8bde38/CI with Java 8]   | Downloading https://plugins.gradle.org/m2/com/jcraft/jsch.agentproxy.usocket-nc/0.0.7/jsch.agentproxy.usocket-nc-0.0.7.pom to /home/runner/.gradle/.tmp/gradle_download1068429126689265139bin
[df848ff2-120a-4e8d-b0e1-bdc61f8bde38/CI with Java 8]   | Downloading https://plugins.gradle.org/m2/com/jcraft/jsch.agentproxy.pageant/0.0.7/jsch.agentproxy.pageant-0.0.7.pom to /home/runner/.gradle/.tmp/gradle_download916145578429484544bin
[df848ff2-120a-4e8d-b0e1-bdc61f8bde38/CI with Java 8]   | Downloading https://plugins.gradle.org/m2/org/antlr/antlr-runtime/3.4/antlr-runtime-3.4.pom to /home/runner/.gradle/.tmp/gradle_download7979164032441409446bin
[df848ff2-120a-4e8d-b0e1-bdc61f8bde38/CI with Java 8]   | Downloading https://plugins.gradle.org/m2/org/antlr/antlr-master/3.4/antlr-master-3.4.pom to /home/runner/.gradle/.tmp/gradle_download4577472776819792659bin
[df848ff2-120a-4e8d-b0e1-bdc61f8bde38/CI with Java 8]   | Downloading https://plugins.gradle.org/m2/org/sonatype/oss/oss-parent/7/oss-parent-7.pom to /home/runner/.gradle/.tmp/gradle_download6080874696519935931bin
[df848ff2-120a-4e8d-b0e1-bdc61f8bde38/CI with Java 8]   | Downloading https://plugins.gradle.org/m2/org/sonatype/plexus/plexus-sec-dispatcher/1.3/plexus-sec-dispatcher-1.3.pom to /home/runner/.gradle/.tmp/gradle_download1290450106409116415bin
[df848ff2-120a-4e8d-b0e1-bdc61f8bde38/CI with Java 8]   | Downloading https://plugins.gradle.org/m2/org/codehaus/plexus/plexus-component-annotations/1.5.5/plexus-component-annotations-1.5.5.pom to /home/runner/.gradle/.tmp/gradle_download4776993201883172328bin
[df848ff2-120a-4e8d-b0e1-bdc61f8bde38/CI with Java 8]   | Downloading https://plugins.gradle.org/m2/org/codehaus/plexus/plexus-interpolation/1.14/plexus-interpolation-1.14.pom to /home/runner/.gradle/.tmp/gradle_download7838213854505830294bin
[df848ff2-120a-4e8d-b0e1-bdc61f8bde38/CI with Java 8]   | Downloading https://plugins.gradle.org/m2/org/sonatype/spice/spice-parent/12/spice-parent-12.pom to /home/runner/.gradle/.tmp/gradle_download9010934405349153432bin
[df848ff2-120a-4e8d-b0e1-bdc61f8bde38/CI with Java 8]   | Downloading https://plugins.gradle.org/m2/org/codehaus/plexus/plexus-containers/1.5.5/plexus-containers-1.5.5.pom to /home/runner/.gradle/.tmp/gradle_download5612194699560943944bin
[df848ff2-120a-4e8d-b0e1-bdc61f8bde38/CI with Java 8]   | Downloading https://plugins.gradle.org/m2/org/codehaus/plexus/plexus/2.0.7/plexus-2.0.7.pom to /home/runner/.gradle/.tmp/gradle_download582742684059551926bin
[df848ff2-120a-4e8d-b0e1-bdc61f8bde38/CI with Java 8]   | Downloading https://plugins.gradle.org/m2/org/sonatype/forge/forge-parent/4/forge-parent-4.pom to /home/runner/.gradle/.tmp/gradle_download545917333338450371bin
[df848ff2-120a-4e8d-b0e1-bdc61f8bde38/CI with Java 8]   | Downloading https://plugins.gradle.org/m2/org/codehaus/plexus/plexus-components/1.1.18/plexus-components-1.1.18.pom to /home/runner/.gradle/.tmp/gradle_download7928655121287805679bin
[df848ff2-120a-4e8d-b0e1-bdc61f8bde38/CI with Java 8]   | Downloading https://plugins.gradle.org/m2/commons-logging/commons-logging/1.1.1/commons-logging-1.1.1.pom to /home/runner/.gradle/.tmp/gradle_download8292711575261088510bin
[df848ff2-120a-4e8d-b0e1-bdc61f8bde38/CI with Java 8]   | Downloading https://plugins.gradle.org/m2/org/springframework/spring-asm/3.1.3.RELEASE/spring-asm-3.1.3.RELEASE.pom to /home/runner/.gradle/.tmp/gradle_download3070087702472096139bin
[df848ff2-120a-4e8d-b0e1-bdc61f8bde38/CI with Java 8]   | Downloading https://plugins.gradle.org/m2/org/apache/commons/commons-parent/5/commons-parent-5.pom to /home/runner/.gradle/.tmp/gradle_download670723373019581660bin
[df848ff2-120a-4e8d-b0e1-bdc61f8bde38/CI with Java 8]   | Downloading https://plugins.gradle.org/m2/org/apache/apache/4/apache-4.pom to /home/runner/.gradle/.tmp/gradle_download932160485238240876bin
[df848ff2-120a-4e8d-b0e1-bdc61f8bde38/CI with Java 8]   | Downloading https://plugins.gradle.org/m2/org/apache/commons/commons-pool2/2.2/commons-pool2-2.2.pom to /home/runner/.gradle/.tmp/gradle_download7948817340300939435bin
[df848ff2-120a-4e8d-b0e1-bdc61f8bde38/CI with Java 8]   | Downloading https://plugins.gradle.org/m2/org/apache/commons/commons-parent/33/commons-parent-33.pom to /home/runner/.gradle/.tmp/gradle_download3779719729539806147bin
[df848ff2-120a-4e8d-b0e1-bdc61f8bde38/CI with Java 8]   | Downloading https://plugins.gradle.org/m2/org/apache/apache/13/apache-13.pom to /home/runner/.gradle/.tmp/gradle_download9054509274716637469bin
[df848ff2-120a-4e8d-b0e1-bdc61f8bde38/CI with Java 8]   | Downloading https://plugins.gradle.org/m2/net/java/dev/jna/platform/3.4.0/platform-3.4.0.pom to /home/runner/.gradle/.tmp/gradle_download8929021588082040953bin
[df848ff2-120a-4e8d-b0e1-bdc61f8bde38/CI with Java 8]   | Downloading https://plugins.gradle.org/m2/org/sonatype/plexus/plexus-cipher/1.4/plexus-cipher-1.4.pom to /home/runner/.gradle/.tmp/gradle_download840948653789657920bin
[df848ff2-120a-4e8d-b0e1-bdc61f8bde38/CI with Java 8]   | Resource missing. [HTTP HEAD: https://plugins.gradle.org/m2/nebula/netflixoss/nebula.netflixoss.gradle.plugin/11.1.1/nebula.netflixoss.gradle.plugin-11.1.1.jar]
[df848ff2-120a-4e8d-b0e1-bdc61f8bde38/CI with Java 8]   | Downloading https://plugins.gradle.org/m2/com/netflix/nebula/nebula-oss-publishing-plugin/3.1.0/nebula-oss-publishing-plugin-3.1.0.jar to /home/runner/.gradle/.tmp/gradle_download1987657545812956778bin
[df848ff2-120a-4e8d-b0e1-bdc61f8bde38/CI with Java 8]   | Downloading https://plugins.gradle.org/m2/com/netflix/nebula/gradle-contacts-plugin/7.0.0/gradle-contacts-plugin-7.0.0.jar to /home/runner/.gradle/.tmp/gradle_download6434889223471520908bin
[df848ff2-120a-4e8d-b0e1-bdc61f8bde38/CI with Java 8]   | Downloading https://plugins.gradle.org/m2/io/github/gradle-nexus/publish-plugin/1.0.0/publish-plugin-1.0.0.jar to /home/runner/.gradle/.tmp/gradle_download5849949233947934129bin
[df848ff2-120a-4e8d-b0e1-bdc61f8bde38/CI with Java 8]   | Downloading https://plugins.gradle.org/m2/com/perforce/p4java/2015.2.1365273/p4java-2015.2.1365273.jar to /home/runner/.gradle/.tmp/gradle_download2566093083400727751bin
[df848ff2-120a-4e8d-b0e1-bdc61f8bde38/CI with Java 8]   | Downloading https://plugins.gradle.org/m2/com/mycila/xmltool/xmltool/3.3/xmltool-3.3.jar to /home/runner/.gradle/.tmp/gradle_download315657416063538674bin
[df848ff2-120a-4e8d-b0e1-bdc61f8bde38/CI with Java 8]   | Downloading https://plugins.gradle.org/m2/com/netflix/nebula/nebula-project-plugin/10.0.1/nebula-project-plugin-10.0.1.jar to /home/runner/.gradle/.tmp/gradle_download418769003864599079bin
[df848ff2-120a-4e8d-b0e1-bdc61f8bde38/CI with Java 8]   | Downloading https://plugins.gradle.org/m2/joda-time/joda-time/2.10/joda-time-2.10.jar to /home/runner/.gradle/.tmp/gradle_download3613747172978175213bin
[df848ff2-120a-4e8d-b0e1-bdc61f8bde38/CI with Java 8]   | Downloading https://plugins.gradle.org/m2/org/ajoberstar/grgit/grgit-core/4.1.1/grgit-core-4.1.1.jar to /home/runner/.gradle/.tmp/gradle_download2134723449220990598bin
[df848ff2-120a-4e8d-b0e1-bdc61f8bde38/CI with Java 8]   | Downloading https://plugins.gradle.org/m2/com/trilead/trilead-ssh2/1.0.0-build220/trilead-ssh2-1.0.0-build220.jar to /home/runner/.gradle/.tmp/gradle_download7025440123541345221bin
[df848ff2-120a-4e8d-b0e1-bdc61f8bde38/CI with Java 8]   | Downloading https://plugins.gradle.org/m2/com/netflix/nebula/gradle-dependency-lock-plugin/13.0.0/gradle-dependency-lock-plugin-13.0.0.jar to /home/runner/.gradle/.tmp/gradle_download6743534842494562736bin
[df848ff2-120a-4e8d-b0e1-bdc61f8bde38/CI with Java 8]   | Downloading https://plugins.gradle.org/m2/org/apache/maven/maven-model/3.6.2/maven-model-3.6.2.jar to /home/runner/.gradle/.tmp/gradle_download216045687686391139bin
[df848ff2-120a-4e8d-b0e1-bdc61f8bde38/CI with Java 8]   | Downloading https://plugins.gradle.org/m2/org/eclipse/jgit/org.eclipse.jgit/5.13.0.202109080827-r/org.eclipse.jgit-5.13.0.202109080827-r.jar to /home/runner/.gradle/.tmp/gradle_download3823365687914265143bin
[df848ff2-120a-4e8d-b0e1-bdc61f8bde38/CI with Java 8]   | Downloading https://plugins.gradle.org/m2/org/springframework/spring-core/3.1.3.RELEASE/spring-core-3.1.3.RELEASE.jar to /home/runner/.gradle/.tmp/gradle_download8222511203261719311bin
[df848ff2-120a-4e8d-b0e1-bdc61f8bde38/CI with Java 8]   | Downloading https://plugins.gradle.org/m2/org/jetbrains/annotations/13.0/annotations-13.0.jar to /home/runner/.gradle/.tmp/gradle_download7861953996718605678bin
[df848ff2-120a-4e8d-b0e1-bdc61f8bde38/CI with Java 8]   | Downloading https://plugins.gradle.org/m2/com/jcraft/jsch.agentproxy.sshagent/0.0.7/jsch.agentproxy.sshagent-0.0.7.jar to /home/runner/.gradle/.tmp/gradle_download3169167178667671407bin
[df848ff2-120a-4e8d-b0e1-bdc61f8bde38/CI with Java 8]   | Downloading https://plugins.gradle.org/m2/com/netflix/nebula/nebula-gradle-interop/2.0.0/nebula-gradle-interop-2.0.0.jar to /home/runner/.gradle/.tmp/gradle_download3103975284273534919bin
[df848ff2-120a-4e8d-b0e1-bdc61f8bde38/CI with Java 8]   | Downloading https://plugins.gradle.org/m2/com/jcraft/jsch.agentproxy.pageant/0.0.7/jsch.agentproxy.pageant-0.0.7.jar to /home/runner/.gradle/.tmp/gradle_download1167332636814566920bin
[df848ff2-120a-4e8d-b0e1-bdc61f8bde38/CI with Java 8]   | Downloading https://plugins.gradle.org/m2/com/github/zafarkhaja/java-semver/0.9.0/java-semver-0.9.0.jar to /home/runner/.gradle/.tmp/gradle_download4313733537750511314bin
[df848ff2-120a-4e8d-b0e1-bdc61f8bde38/CI with Java 8]   | Downloading https://plugins.gradle.org/m2/com/netflix/nebula/nebula-dependencies-comparison/0.2.1/nebula-dependencies-comparison-0.2.1.jar to /home/runner/.gradle/.tmp/gradle_download5855569057892620153bin
[df848ff2-120a-4e8d-b0e1-bdc61f8bde38/CI with Java 8]   | Downloading https://plugins.gradle.org/m2/com/jcraft/jsch.agentproxy.usocket-nc/0.0.7/jsch.agentproxy.usocket-nc-0.0.7.jar to /home/runner/.gradle/.tmp/gradle_download2335971578090757456bin
[df848ff2-120a-4e8d-b0e1-bdc61f8bde38/CI with Java 8]   | Downloading https://plugins.gradle.org/m2/org/jetbrains/kotlin/kotlin-stdlib-jdk8/1.7.20/kotlin-stdlib-jdk8-1.7.20.jar to /home/runner/.gradle/.tmp/gradle_download6213776032979450713bin
[df848ff2-120a-4e8d-b0e1-bdc61f8bde38/CI with Java 8]   | Downloading https://plugins.gradle.org/m2/com/jcraft/jsch.agentproxy.connector-factory/0.0.7/jsch.agentproxy.connector-factory-0.0.7.jar to /home/runner/.gradle/.tmp/gradle_download425424404777691416bin
[df848ff2-120a-4e8d-b0e1-bdc61f8bde38/CI with Java 8]   | Downloading https://plugins.gradle.org/m2/com/mycila/mycila-xmltool/4.4.ga/mycila-xmltool-4.4.ga.jar to /home/runner/.gradle/.tmp/gradle_download6065386112033856718bin
[df848ff2-120a-4e8d-b0e1-bdc61f8bde38/CI with Java 8]   | Downloading https://plugins.gradle.org/m2/de/regnis/q/sequence/sequence-library/1.0.3/sequence-library-1.0.3.jar to /home/runner/.gradle/.tmp/gradle_download7182740714365504664bin
[df848ff2-120a-4e8d-b0e1-bdc61f8bde38/CI with Java 8]   | Downloading https://plugins.gradle.org/m2/com/jcraft/jsch.agentproxy.usocket-jna/0.0.7/jsch.agentproxy.usocket-jna-0.0.7.jar to /home/runner/.gradle/.tmp/gradle_download8846767659859049163bin
[df848ff2-120a-4e8d-b0e1-bdc61f8bde38/CI with Java 8]   | Downloading https://plugins.gradle.org/m2/org/tmatesoft/sqljet/sqljet/1.1.10/sqljet-1.1.10.jar to /home/runner/.gradle/.tmp/gradle_download6140187101560313617bin
[df848ff2-120a-4e8d-b0e1-bdc61f8bde38/CI with Java 8]   | Downloading https://plugins.gradle.org/m2/com/netflix/nebula/nebula-publishing-plugin/19.0.0/nebula-publishing-plugin-19.0.0.jar to /home/runner/.gradle/.tmp/gradle_download1446235127936585336bin
[df848ff2-120a-4e8d-b0e1-bdc61f8bde38/CI with Java 8]   | Downloading https://plugins.gradle.org/m2/com/netflix/nebula/gradle-java-cross-compile-plugin/7.0.0/gradle-java-cross-compile-plugin-7.0.0.jar to /home/runner/.gradle/.tmp/gradle_download3192514586839417370bin
[df848ff2-120a-4e8d-b0e1-bdc61f8bde38/CI with Java 8]   | Downloading https://plugins.gradle.org/m2/com/netflix/nebula/gradle-netflixoss-project-plugin/11.1.1/gradle-netflixoss-project-plugin-11.1.1.jar to /home/runner/.gradle/.tmp/gradle_download575297060826707387bin
[df848ff2-120a-4e8d-b0e1-bdc61f8bde38/CI with Java 8]   | Downloading https://plugins.gradle.org/m2/gradle/plugin/com/hierynomus/gradle/plugins/license-gradle-plugin/0.16.1/license-gradle-plugin-0.16.1.jar to /home/runner/.gradle/.tmp/gradle_download1644777050847530392bin
[df848ff2-120a-4e8d-b0e1-bdc61f8bde38/CI with Java 8]   | Downloading https://plugins.gradle.org/m2/org/slf4j/slf4j-api/1.7.30/slf4j-api-1.7.30.jar to /home/runner/.gradle/.tmp/gradle_download7027864774402151502bin
[df848ff2-120a-4e8d-b0e1-bdc61f8bde38/CI with Java 8]   | Downloading https://plugins.gradle.org/m2/com/netflix/nebula/nebula-release-plugin/17.1.0/nebula-release-plugin-17.1.0.jar to /home/runner/.gradle/.tmp/gradle_download1666566792725633131bin
[df848ff2-120a-4e8d-b0e1-bdc61f8bde38/CI with Java 8]   | Downloading https://plugins.gradle.org/m2/org/sonatype/plexus/plexus-cipher/1.4/plexus-cipher-1.4.jar to /home/runner/.gradle/.tmp/gradle_download3570243153026980383bin
[df848ff2-120a-4e8d-b0e1-bdc61f8bde38/CI with Java 8]   | Downloading https://plugins.gradle.org/m2/org/codehaus/plexus/plexus-component-annotations/1.5.5/plexus-component-annotations-1.5.5.jar to /home/runner/.gradle/.tmp/gradle_download2711484830760416768bin
[df848ff2-120a-4e8d-b0e1-bdc61f8bde38/CI with Java 8]   | Downloading https://plugins.gradle.org/m2/net/java/dev/jna/platform/3.4.0/platform-3.4.0.jar to /home/runner/.gradle/.tmp/gradle_download1473688835663582554bin
[df848ff2-120a-4e8d-b0e1-bdc61f8bde38/CI with Java 8]   | Downloading https://plugins.gradle.org/m2/org/codehaus/plexus/plexus-interpolation/1.14/plexus-interpolation-1.14.jar to /home/runner/.gradle/.tmp/gradle_download8641802706214544126bin
[df848ff2-120a-4e8d-b0e1-bdc61f8bde38/CI with Java 8]   | Downloading https://plugins.gradle.org/m2/com/googlecode/javaewah/JavaEWAH/1.1.12/JavaEWAH-1.1.12.jar to /home/runner/.gradle/.tmp/gradle_download6970734479900316343bin
[df848ff2-120a-4e8d-b0e1-bdc61f8bde38/CI with Java 8]   | Downloading https://plugins.gradle.org/m2/com/netflix/nebula/gradle-scm-plugin/7.0.0/gradle-scm-plugin-7.0.0.jar to /home/runner/.gradle/.tmp/gradle_download7580012542378595735bin
[df848ff2-120a-4e8d-b0e1-bdc61f8bde38/CI with Java 8]   | Downloading https://plugins.gradle.org/m2/org/sonatype/plexus/plexus-sec-dispatcher/1.3/plexus-sec-dispatcher-1.3.jar to /home/runner/.gradle/.tmp/gradle_download5057436813720518367bin
[df848ff2-120a-4e8d-b0e1-bdc61f8bde38/CI with Java 8]   | Downloading https://plugins.gradle.org/m2/net/java/dev/jna/jna/5.7.0/jna-5.7.0.jar to /home/runner/.gradle/.tmp/gradle_download5195499036042641535bin
[df848ff2-120a-4e8d-b0e1-bdc61f8bde38/CI with Java 8]   | Downloading https://plugins.gradle.org/m2/org/apache/maven/maven-settings/3.0.4/maven-settings-3.0.4.jar to /home/runner/.gradle/.tmp/gradle_download131116761239568738bin
[df848ff2-120a-4e8d-b0e1-bdc61f8bde38/CI with Java 8]   | Downloading https://plugins.gradle.org/m2/net/java/dev/jna/jna-platform/5.7.0/jna-platform-5.7.0.jar to /home/runner/.gradle/.tmp/gradle_download4111540281474852223bin
[df848ff2-120a-4e8d-b0e1-bdc61f8bde38/CI with Java 8]   | Downloading https://plugins.gradle.org/m2/com/squareup/moshi/moshi/1.12.0/moshi-1.12.0.jar to /home/runner/.gradle/.tmp/gradle_download9183205211074522494bin
[df848ff2-120a-4e8d-b0e1-bdc61f8bde38/CI with Java 8]   | Downloading https://plugins.gradle.org/m2/org/apache/commons/commons-pool2/2.2/commons-pool2-2.2.jar to /home/runner/.gradle/.tmp/gradle_download3467326062326573725bin
[df848ff2-120a-4e8d-b0e1-bdc61f8bde38/CI with Java 8]   | Downloading https://plugins.gradle.org/m2/com/netflix/nebula/gradle-info-plugin/12.0.0/gradle-info-plugin-12.0.0.jar to /home/runner/.gradle/.tmp/gradle_download8105410699202548337bin
[df848ff2-120a-4e8d-b0e1-bdc61f8bde38/CI with Java 8]   | Downloading https://plugins.gradle.org/m2/org/jetbrains/kotlin/kotlin-stdlib-jdk7/1.7.20/kotlin-stdlib-jdk7-1.7.20.jar to /home/runner/.gradle/.tmp/gradle_download5632322686533229942bin
[df848ff2-120a-4e8d-b0e1-bdc61f8bde38/CI with Java 8]   | Downloading https://plugins.gradle.org/m2/commons-logging/commons-logging/1.1.1/commons-logging-1.1.1.jar to /home/runner/.gradle/.tmp/gradle_download906877044866370520bin
[df848ff2-120a-4e8d-b0e1-bdc61f8bde38/CI with Java 8]   | Downloading https://plugins.gradle.org/m2/com/jcraft/jsch.agentproxy.svnkit-trilead-ssh2/0.0.7/jsch.agentproxy.svnkit-trilead-ssh2-0.0.7.jar to /home/runner/.gradle/.tmp/gradle_download6841480202415399762bin
[df848ff2-120a-4e8d-b0e1-bdc61f8bde38/CI with Java 8]   | Downloading https://plugins.gradle.org/m2/org/antlr/antlr-runtime/3.4/antlr-runtime-3.4.jar to /home/runner/.gradle/.tmp/gradle_download1228563267192047026bin
[df848ff2-120a-4e8d-b0e1-bdc61f8bde38/CI with Java 8]   | Downloading https://plugins.gradle.org/m2/org/apache/maven/maven-settings-builder/3.0.4/maven-settings-builder-3.0.4.jar to /home/runner/.gradle/.tmp/gradle_download7512882516077235087bin
[df848ff2-120a-4e8d-b0e1-bdc61f8bde38/CI with Java 8]   | Downloading https://plugins.gradle.org/m2/com/jcraft/jzlib/1.1.2/jzlib-1.1.2.jar to /home/runner/.gradle/.tmp/gradle_download5786551120643771290bin
[df848ff2-120a-4e8d-b0e1-bdc61f8bde38/CI with Java 8]   | Downloading https://plugins.gradle.org/m2/org/jetbrains/kotlin/kotlin-stdlib-common/1.7.20/kotlin-stdlib-common-1.7.20.jar to /home/runner/.gradle/.tmp/gradle_download5767413361519589364bin
[df848ff2-120a-4e8d-b0e1-bdc61f8bde38/CI with Java 8]   | Downloading https://plugins.gradle.org/m2/com/jcraft/jsch.agentproxy.core/0.0.7/jsch.agentproxy.core-0.0.7.jar to /home/runner/.gradle/.tmp/gradle_download2685249602861531860bin
[df848ff2-120a-4e8d-b0e1-bdc61f8bde38/CI with Java 8]   | Downloading https://plugins.gradle.org/m2/com/mycila/license-maven-plugin/3.0/license-maven-plugin-3.0.jar to /home/runner/.gradle/.tmp/gradle_download4714827920240433491bin
[df848ff2-120a-4e8d-b0e1-bdc61f8bde38/CI with Java 8]   | Downloading https://plugins.gradle.org/m2/org/springframework/spring-asm/3.1.3.RELEASE/spring-asm-3.1.3.RELEASE.jar to /home/runner/.gradle/.tmp/gradle_download1797701676271247870bin
[df848ff2-120a-4e8d-b0e1-bdc61f8bde38/CI with Java 8]   | Downloading https://plugins.gradle.org/m2/org/tmatesoft/svnkit/svnkit/1.8.12/svnkit-1.8.12.jar to /home/runner/.gradle/.tmp/gradle_download2176298694858408512bin
[df848ff2-120a-4e8d-b0e1-bdc61f8bde38/CI with Java 8]   | Downloading https://plugins.gradle.org/m2/org/codehaus/plexus/plexus-utils/3.2.1/plexus-utils-3.2.1.jar to /home/runner/.gradle/.tmp/gradle_download8078019192670370374bin
[df848ff2-120a-4e8d-b0e1-bdc61f8bde38/CI with Java 8]   | Downloading https://plugins.gradle.org/m2/org/jetbrains/kotlin/kotlin-stdlib/1.7.20/kotlin-stdlib-1.7.20.jar to /home/runner/.gradle/.tmp/gradle_download6460206986867410887bin
[df848ff2-120a-4e8d-b0e1-bdc61f8bde38/CI with Java 8]   | Downloading https://plugins.gradle.org/m2/com/squareup/okio/okio/2.10.0/okio-2.10.0.jar to /home/runner/.gradle/.tmp/gradle_download2062133041036144751bin
[df848ff2-120a-4e8d-b0e1-bdc61f8bde38/CI with Java 8]   | Delaying dependency lock apply until beforeResolve (dependencyLock.lockAfterEvaluating set to true)
[df848ff2-120a-4e8d-b0e1-bdc61f8bde38/CI with Java 8]   | Adding license extension
[df848ff2-120a-4e8d-b0e1-bdc61f8bde38/CI with Java 8]   | Adding download licenses extension
[df848ff2-120a-4e8d-b0e1-bdc61f8bde38/CI with Java 8]   | Applying defaults to download task: :downloadLicenses
[df848ff2-120a-4e8d-b0e1-bdc61f8bde38/CI with Java 8]   | Skipping snapshot strategy because stage (null) is not one of: [SNAPSHOT]
[df848ff2-120a-4e8d-b0e1-bdc61f8bde38/CI with Java 8]   | Skipping immutable_snapshot strategy because stage (null) is not one of: [snapshot]
[df848ff2-120a-4e8d-b0e1-bdc61f8bde38/CI with Java 8]   | Skipping development strategy because stage (null) is not one of: [dev]
[df848ff2-120a-4e8d-b0e1-bdc61f8bde38/CI with Java 8]   | Skipping pre-release strategy because stage (null) is not one of: [milestone, rc]
[df848ff2-120a-4e8d-b0e1-bdc61f8bde38/CI with Java 8]   | Skipping final strategy because stage (null) is not one of: [final]
[df848ff2-120a-4e8d-b0e1-bdc61f8bde38/CI with Java 8]   | Using snapshot default strategy because repo is dirty and no stage defined
[df848ff2-120a-4e8d-b0e1-bdc61f8bde38/CI with Java 8]   | Falling back to default strategy: snapshot
[df848ff2-120a-4e8d-b0e1-bdc61f8bde38/CI with Java 8]   | Beginning version inference using snapshot strategy and input scope (null) and stage (SNAPSHOT)
[df848ff2-120a-4e8d-b0e1-bdc61f8bde38/CI with Java 8]   | Inferred project: frigga, version: 0.26.0-SNAPSHOT
[df848ff2-120a-4e8d-b0e1-bdc61f8bde38/CI with Java 8]   | Adding licenseMain task for sourceSet main
[df848ff2-120a-4e8d-b0e1-bdc61f8bde38/CI with Java 8]   | Applying license defaults to task: :licenseMain
[df848ff2-120a-4e8d-b0e1-bdc61f8bde38/CI with Java 8]   | Applying license defaults to task: :licenseFormatMain
[df848ff2-120a-4e8d-b0e1-bdc61f8bde38/CI with Java 8]   | Adding licenseTest task for sourceSet test
[df848ff2-120a-4e8d-b0e1-bdc61f8bde38/CI with Java 8]   | Applying license defaults to task: :licenseTest
[df848ff2-120a-4e8d-b0e1-bdc61f8bde38/CI with Java 8]   | Applying license defaults to task: :licenseFormatTest
[df848ff2-120a-4e8d-b0e1-bdc61f8bde38/CI with Java 8]   | Compiling build file '/tmp/462ef5e9-bc18-46c6-94ba-f8165ac687e5/build.gradle' using BuildScriptTransformer.
[df848ff2-120a-4e8d-b0e1-bdc61f8bde38/CI with Java 8]   | signNebulaPublication was not configured: signingKey and/or signingPassword were not provided
[df848ff2-120a-4e8d-b0e1-bdc61f8bde38/CI with Java 8]   | Starting process 'command '/usr/lib/jvm/temurin-21-jdk-amd64/bin/java''. Working directory: /home/runner/.gradle/.tmp/tmp-jvm9047366683170354303probe Command: /usr/lib/jvm/temurin-21-jdk-amd64/bin/java -cp . JavaProbe
[df848ff2-120a-4e8d-b0e1-bdc61f8bde38/CI with Java 8]   | Successfully started process 'command '/usr/lib/jvm/temurin-21-jdk-amd64/bin/java''
[df848ff2-120a-4e8d-b0e1-bdc61f8bde38/CI with Java 8]   | Received JVM installation metadata from '/usr/lib/jvm/temurin-21-jdk-amd64': {JAVA_HOME=/usr/lib/jvm/temurin-21-jdk-amd64, JAVA_VERSION=21, JAVA_VENDOR=Eclipse Adoptium, RUNTIME_NAME=OpenJDK Runtime Environment, RUNTIME_VERSION=21+35-LTS, VM_NAME=OpenJDK 64-Bit Server VM, VM_VERSION=21+35-LTS, VM_VENDOR=Eclipse Adoptium, OS_ARCH=amd64}
[df848ff2-120a-4e8d-b0e1-bdc61f8bde38/CI with Java 8]   | Starting process 'command '/usr/lib/jvm/temurin-8-jdk-amd64/bin/java''. Working directory: /home/runner/.gradle/.tmp/tmp-jvm3226161485609816523probe Command: /usr/lib/jvm/temurin-8-jdk-amd64/bin/java -cp . JavaProbe
[df848ff2-120a-4e8d-b0e1-bdc61f8bde38/CI with Java 8]   | Successfully started process 'command '/usr/lib/jvm/temurin-8-jdk-amd64/bin/java''
[df848ff2-120a-4e8d-b0e1-bdc61f8bde38/CI with Java 8]   | Received JVM installation metadata from '/usr/lib/jvm/temurin-8-jdk-amd64': {JAVA_HOME=/usr/lib/jvm/temurin-8-jdk-amd64/jre, JAVA_VERSION=1.8.0_382, JAVA_VENDOR=Temurin, RUNTIME_NAME=OpenJDK Runtime Environment, RUNTIME_VERSION=1.8.0_382-b05, VM_NAME=OpenJDK 64-Bit Server VM, VM_VERSION=25.382-b05, VM_VENDOR=Temurin, OS_ARCH=amd64}
[df848ff2-120a-4e8d-b0e1-bdc61f8bde38/CI with Java 8]   | Starting process 'command '/usr/lib/jvm/temurin-17-jdk-amd64/bin/java''. Working directory: /home/runner/.gradle/.tmp/tmp-jvm20714189376189510probe Command: /usr/lib/jvm/temurin-17-jdk-amd64/bin/java -cp . JavaProbe
[df848ff2-120a-4e8d-b0e1-bdc61f8bde38/CI with Java 8]   | Successfully started process 'command '/usr/lib/jvm/temurin-17-jdk-amd64/bin/java''
[df848ff2-120a-4e8d-b0e1-bdc61f8bde38/CI with Java 8]   | Received JVM installation metadata from '/usr/lib/jvm/temurin-17-jdk-amd64': {JAVA_HOME=/usr/lib/jvm/temurin-17-jdk-amd64, JAVA_VERSION=17.0.8.1, JAVA_VENDOR=Eclipse Adoptium, RUNTIME_NAME=OpenJDK Runtime Environment, RUNTIME_VERSION=17.0.8.1+1, VM_NAME=OpenJDK 64-Bit Server VM, VM_VERSION=17.0.8.1+1, VM_VENDOR=Eclipse Adoptium, OS_ARCH=amd64}
[df848ff2-120a-4e8d-b0e1-bdc61f8bde38/CI with Java 8]   | Starting process 'command '/usr/lib/jvm/temurin-11-jdk-amd64/bin/java''. Working directory: /home/runner/.gradle/.tmp/tmp-jvm4659699160287011650probe Command: /usr/lib/jvm/temurin-11-jdk-amd64/bin/java -cp . JavaProbe
[df848ff2-120a-4e8d-b0e1-bdc61f8bde38/CI with Java 8]   | Successfully started process 'command '/usr/lib/jvm/temurin-11-jdk-amd64/bin/java''
[df848ff2-120a-4e8d-b0e1-bdc61f8bde38/CI with Java 8]   | Received JVM installation metadata from '/usr/lib/jvm/temurin-11-jdk-amd64': {JAVA_HOME=/usr/lib/jvm/temurin-11-jdk-amd64, JAVA_VERSION=11.0.20.1, JAVA_VENDOR=Eclipse Adoptium, RUNTIME_NAME=OpenJDK Runtime Environment, RUNTIME_VERSION=11.0.20.1+1, VM_NAME=OpenJDK 64-Bit Server VM, VM_VERSION=11.0.20.1+1, VM_VENDOR=Eclipse Adoptium, OS_ARCH=amd64}
[df848ff2-120a-4e8d-b0e1-bdc61f8bde38/CI with Java 8]   | All projects evaluated.
[df848ff2-120a-4e8d-b0e1-bdc61f8bde38/CI with Java 8]   | Task name matched 'build'
[df848ff2-120a-4e8d-b0e1-bdc61f8bde38/CI with Java 8]   | Selected primary task 'build' from project :
[df848ff2-120a-4e8d-b0e1-bdc61f8bde38/CI with Java 8]   | Tasks to be executed: [task ':compileJava', task ':compileGroovy', task ':processResources', task ':classes', task ':createPropertiesFileForJar', task ':writeManifestProperties', task ':jar', task ':javadoc', task ':javadocJar', task ':sourceJar', task ':assemble', task ':writeLicenseHeader', task ':licenseMain', task ':licenseTest', task ':license', task ':compileTestJava', task ':compileTestGroovy', task ':processTestResources', task ':testClasses', task ':test', task ':check', task ':collectNetflixOSS', task ':build']
[df848ff2-120a-4e8d-b0e1-bdc61f8bde38/CI with Java 8]   | Tasks that were excluded: []
[df848ff2-120a-4e8d-b0e1-bdc61f8bde38/CI with Java 8]   | Resolve mutations for :compileJava (Thread[Execution worker Thread 3,5,main]) started.
[df848ff2-120a-4e8d-b0e1-bdc61f8bde38/CI with Java 8]   | :compileJava (Thread[Execution worker Thread 3,5,main]) started.
[df848ff2-120a-4e8d-b0e1-bdc61f8bde38/CI with Java 8]   | 
[df848ff2-120a-4e8d-b0e1-bdc61f8bde38/CI with Java 8]   | > Task :compileJava
[df848ff2-120a-4e8d-b0e1-bdc61f8bde38/CI with Java 8]   | Caching disabled for task ':compileJava' because:
[df848ff2-120a-4e8d-b0e1-bdc61f8bde38/CI with Java 8]   |   Build cache is disabled
[df848ff2-120a-4e8d-b0e1-bdc61f8bde38/CI with Java 8]   | Task ':compileJava' is not up-to-date because:
[df848ff2-120a-4e8d-b0e1-bdc61f8bde38/CI with Java 8]   |   No history is available.
[df848ff2-120a-4e8d-b0e1-bdc61f8bde38/CI with Java 8]   | The input changes require a full rebuild for incremental task ':compileJava'.
[df848ff2-120a-4e8d-b0e1-bdc61f8bde38/CI with Java 8]   | Full recompilation is required because no incremental change information is available. This is usually caused by clean builds or changing compiler arguments.
[df848ff2-120a-4e8d-b0e1-bdc61f8bde38/CI with Java 8]   | Compiling with toolchain '/opt/hostedtoolcache/jdk/8.0.392/x64'.
[df848ff2-120a-4e8d-b0e1-bdc61f8bde38/CI with Java 8]   | Compiling with JDK Java compiler API.
[df848ff2-120a-4e8d-b0e1-bdc61f8bde38/CI with Java 8]   | Class dependency analysis for incremental compilation took 0.071 secs.
[df848ff2-120a-4e8d-b0e1-bdc61f8bde38/CI with Java 8]   | Created classpath snapshot for incremental compilation in 0.002 secs.
[df848ff2-120a-4e8d-b0e1-bdc61f8bde38/CI with Java 8]   | Resolve mutations for :compileGroovy (Thread[Execution worker Thread 3,5,main]) started.
[df848ff2-120a-4e8d-b0e1-bdc61f8bde38/CI with Java 8]   | :compileGroovy (Thread[Execution worker Thread 3,5,main]) started.
[df848ff2-120a-4e8d-b0e1-bdc61f8bde38/CI with Java 8]   | 
[df848ff2-120a-4e8d-b0e1-bdc61f8bde38/CI with Java 8]   | > Task :compileGroovy SKIPPED
[df848ff2-120a-4e8d-b0e1-bdc61f8bde38/CI with Java 8]   | Skipping task ':compileGroovy' as task onlyIf 'Task is enabled' is false.
[df848ff2-120a-4e8d-b0e1-bdc61f8bde38/CI with Java 8]   | Resolve mutations for :processResources (Thread[Execution worker Thread 3,5,main]) started.
[df848ff2-120a-4e8d-b0e1-bdc61f8bde38/CI with Java 8]   | :processResources (Thread[Execution worker Thread 30,5,main]) started.
[df848ff2-120a-4e8d-b0e1-bdc61f8bde38/CI with Java 8]   | 
[df848ff2-120a-4e8d-b0e1-bdc61f8bde38/CI with Java 8]   | > Task :processResources NO-SOURCE
[df848ff2-120a-4e8d-b0e1-bdc61f8bde38/CI with Java 8]   | Skipping task ':processResources' as it has no source files and no previous output files.
[df848ff2-120a-4e8d-b0e1-bdc61f8bde38/CI with Java 8]   | Resolve mutations for :classes (Thread[Execution worker Thread 71,5,main]) started.
[df848ff2-120a-4e8d-b0e1-bdc61f8bde38/CI with Java 8]   | :classes (Thread[Execution worker Thread 71,5,main]) started.
[df848ff2-120a-4e8d-b0e1-bdc61f8bde38/CI with Java 8]   | 
[df848ff2-120a-4e8d-b0e1-bdc61f8bde38/CI with Java 8]   | > Task :classes
[df848ff2-120a-4e8d-b0e1-bdc61f8bde38/CI with Java 8]   | Skipping task ':classes' as it has no actions.
[df848ff2-120a-4e8d-b0e1-bdc61f8bde38/CI with Java 8]   | Resolve mutations for :createPropertiesFileForJar (Thread[Execution worker Thread 71,5,main]) started.
[df848ff2-120a-4e8d-b0e1-bdc61f8bde38/CI with Java 8]   | :createPropertiesFileForJar (Thread[Execution worker Thread 71,5,main]) started.
[df848ff2-120a-4e8d-b0e1-bdc61f8bde38/CI with Java 8]   | 
[df848ff2-120a-4e8d-b0e1-bdc61f8bde38/CI with Java 8]   | > Task :createPropertiesFileForJar
[df848ff2-120a-4e8d-b0e1-bdc61f8bde38/CI with Java 8]   | Caching disabled for task ':createPropertiesFileForJar' because:
[df848ff2-120a-4e8d-b0e1-bdc61f8bde38/CI with Java 8]   |   Build cache is disabled
[df848ff2-120a-4e8d-b0e1-bdc61f8bde38/CI with Java 8]   | Task ':createPropertiesFileForJar' is not up-to-date because:
[df848ff2-120a-4e8d-b0e1-bdc61f8bde38/CI with Java 8]   |   No history is available.
[df848ff2-120a-4e8d-b0e1-bdc61f8bde38/CI with Java 8]   | Resolve mutations for :writeManifestProperties (Thread[Execution worker Thread 71,5,main]) started.
[df848ff2-120a-4e8d-b0e1-bdc61f8bde38/CI with Java 8]   | :writeManifestProperties (Thread[Execution worker Thread 71,5,main]) started.
[df848ff2-120a-4e8d-b0e1-bdc61f8bde38/CI with Java 8]   | 
[df848ff2-120a-4e8d-b0e1-bdc61f8bde38/CI with Java 8]   | > Task :writeManifestProperties
[df848ff2-120a-4e8d-b0e1-bdc61f8bde38/CI with Java 8]   | Caching disabled for task ':writeManifestProperties' because:
[df848ff2-120a-4e8d-b0e1-bdc61f8bde38/CI with Java 8]   |   Build cache is disabled
[df848ff2-120a-4e8d-b0e1-bdc61f8bde38/CI with Java 8]   | Task ':writeManifestProperties' is not up-to-date because:
[df848ff2-120a-4e8d-b0e1-bdc61f8bde38/CI with Java 8]   |   No history is available.
[df848ff2-120a-4e8d-b0e1-bdc61f8bde38/CI with Java 8]   | Resolve mutations for :jar (Thread[Execution worker Thread 71,5,main]) started.
[df848ff2-120a-4e8d-b0e1-bdc61f8bde38/CI with Java 8]   | :jar (Thread[Execution worker Thread 65,5,main]) started.
[df848ff2-120a-4e8d-b0e1-bdc61f8bde38/CI with Java 8]   | 
[df848ff2-120a-4e8d-b0e1-bdc61f8bde38/CI with Java 8]   | > Task :jar
[df848ff2-120a-4e8d-b0e1-bdc61f8bde38/CI with Java 8]   | Caching disabled for task ':jar' because:
[df848ff2-120a-4e8d-b0e1-bdc61f8bde38/CI with Java 8]   |   Build cache is disabled
[df848ff2-120a-4e8d-b0e1-bdc61f8bde38/CI with Java 8]   | Task ':jar' is not up-to-date because:
[df848ff2-120a-4e8d-b0e1-bdc61f8bde38/CI with Java 8]   |   No history is available.
[df848ff2-120a-4e8d-b0e1-bdc61f8bde38/CI with Java 8]   | file or directory '/tmp/462ef5e9-bc18-46c6-94ba-f8165ac687e5/build/classes/groovy/main', not found
[df848ff2-120a-4e8d-b0e1-bdc61f8bde38/CI with Java 8]   | file or directory '/tmp/462ef5e9-bc18-46c6-94ba-f8165ac687e5/build/resources/main', not found
[df848ff2-120a-4e8d-b0e1-bdc61f8bde38/CI with Java 8]   | Resolve mutations for :javadoc (Thread[Execution worker Thread 84,5,main]) started.
[df848ff2-120a-4e8d-b0e1-bdc61f8bde38/CI with Java 8]   | :javadoc (Thread[Execution worker Thread 84,5,main]) started.
[df848ff2-120a-4e8d-b0e1-bdc61f8bde38/CI with Java 8]   | 
[df848ff2-120a-4e8d-b0e1-bdc61f8bde38/CI with Java 8]   | > Task :javadoc
[df848ff2-120a-4e8d-b0e1-bdc61f8bde38/CI with Java 8]   | Caching disabled for task ':javadoc' because:
[df848ff2-120a-4e8d-b0e1-bdc61f8bde38/CI with Java 8]   |   Build cache is disabled
[df848ff2-120a-4e8d-b0e1-bdc61f8bde38/CI with Java 8]   | Task ':javadoc' is not up-to-date because:
[df848ff2-120a-4e8d-b0e1-bdc61f8bde38/CI with Java 8]   |   No history is available.
[df848ff2-120a-4e8d-b0e1-bdc61f8bde38/CI with Java 8]   | file or directory '/tmp/462ef5e9-bc18-46c6-94ba-f8165ac687e5/src/main/groovy', not found
[df848ff2-120a-4e8d-b0e1-bdc61f8bde38/CI with Java 8]   | Starting process 'command '/opt/hostedtoolcache/jdk/8.0.392/x64/bin/javadoc''. Working directory: /tmp/462ef5e9-bc18-46c6-94ba-f8165ac687e5 Command: /opt/hostedtoolcache/jdk/8.0.392/x64/bin/javadoc @/tmp/462ef5e9-bc18-46c6-94ba-f8165ac687e5/build/tmp/javadoc/javadoc.options
[df848ff2-120a-4e8d-b0e1-bdc61f8bde38/CI with Java 8]   | Successfully started process 'command '/opt/hostedtoolcache/jdk/8.0.392/x64/bin/javadoc''
[df848ff2-120a-4e8d-b0e1-bdc61f8bde38/CI with Java 8]   | /tmp/462ef5e9-bc18-46c6-94ba-f8165ac687e5/src/main/java/com/netflix/frigga/ami/AppVersion.java:121: warning: no @return
[df848ff2-120a-4e8d-b0e1-bdc61f8bde38/CI with Java 8]   |     public static Pattern getAppVersionPattern() {
[df848ff2-120a-4e8d-b0e1-bdc61f8bde38/CI with Java 8]   |                           ^
[df848ff2-120a-4e8d-b0e1-bdc61f8bde38/CI with Java 8]   | /tmp/462ef5e9-bc18-46c6-94ba-f8165ac687e5/src/main/java/com/netflix/frigga/ami/AppVersion.java:128: warning: no @return
[df848ff2-120a-4e8d-b0e1-bdc61f8bde38/CI with Java 8]   |     public String getPackageName() {
[df848ff2-120a-4e8d-b0e1-bdc61f8bde38/CI with Java 8]   |                   ^
[df848ff2-120a-4e8d-b0e1-bdc61f8bde38/CI with Java 8]   | /tmp/462ef5e9-bc18-46c6-94ba-f8165ac687e5/src/main/java/com/netflix/frigga/ami/AppVersion.java:135: warning: no @return
[df848ff2-120a-4e8d-b0e1-bdc61f8bde38/CI with Java 8]   |     public String getVersion() {
[df848ff2-120a-4e8d-b0e1-bdc61f8bde38/CI with Java 8]   |                   ^
[df848ff2-120a-4e8d-b0e1-bdc61f8bde38/CI with Java 8]   | /tmp/462ef5e9-bc18-46c6-94ba-f8165ac687e5/src/main/java/com/netflix/frigga/ami/AppVersion.java:142: warning: no @return
[df848ff2-120a-4e8d-b0e1-bdc61f8bde38/CI with Java 8]   |     public String getBuildJobName() {
[df848ff2-120a-4e8d-b0e1-bdc61f8bde38/CI with Java 8]   |                   ^
[df848ff2-120a-4e8d-b0e1-bdc61f8bde38/CI with Java 8]   | /tmp/462ef5e9-bc18-46c6-94ba-f8165ac687e5/src/main/java/com/netflix/frigga/ami/AppVersion.java:149: warning: no @return
[df848ff2-120a-4e8d-b0e1-bdc61f8bde38/CI with Java 8]   |     public String getBuildNumber() {
[df848ff2-120a-4e8d-b0e1-bdc61f8bde38/CI with Java 8]   |                   ^
[df848ff2-120a-4e8d-b0e1-bdc61f8bde38/CI with Java 8]   | /tmp/462ef5e9-bc18-46c6-94ba-f8165ac687e5/src/main/java/com/netflix/frigga/ami/AppVersion.java:157: warning: no @return
[df848ff2-120a-4e8d-b0e1-bdc61f8bde38/CI with Java 8]   |     public String getCommit() {
[df848ff2-120a-4e8d-b0e1-bdc61f8bde38/CI with Java 8]   |                   ^
[df848ff2-120a-4e8d-b0e1-bdc61f8bde38/CI with Java 8]   | /tmp/462ef5e9-bc18-46c6-94ba-f8165ac687e5/src/main/java/com/netflix/frigga/ami/AppVersion.java:165: warning: no @return
[df848ff2-120a-4e8d-b0e1-bdc61f8bde38/CI with Java 8]   |     public String getChangelist() {
[df848ff2-120a-4e8d-b0e1-bdc61f8bde38/CI with Java 8]   |                   ^
[df848ff2-120a-4e8d-b0e1-bdc61f8bde38/CI with Java 8]   | /tmp/462ef5e9-bc18-46c6-94ba-f8165ac687e5/src/main/java/com/netflix/frigga/ami/AppVersion.java:165: warning - Tag @link: missing '#': "getCommit()"
[df848ff2-120a-4e8d-b0e1-bdc61f8bde38/CI with Java 8]   | 8 warnings
[df848ff2-120a-4e8d-b0e1-bdc61f8bde38/CI with Java 8]   | Resolve mutations for :javadocJar (Thread[Execution worker Thread 84,5,main]) started.
[df848ff2-120a-4e8d-b0e1-bdc61f8bde38/CI with Java 8]   | :javadocJar (Thread[Execution worker Thread 84,5,main]) started.
[df848ff2-120a-4e8d-b0e1-bdc61f8bde38/CI with Java 8]   | 
[df848ff2-120a-4e8d-b0e1-bdc61f8bde38/CI with Java 8]   | > Task :javadocJar
[df848ff2-120a-4e8d-b0e1-bdc61f8bde38/CI with Java 8]   | Caching disabled for task ':javadocJar' because:
[df848ff2-120a-4e8d-b0e1-bdc61f8bde38/CI with Java 8]   |   Build cache is disabled
[df848ff2-120a-4e8d-b0e1-bdc61f8bde38/CI with Java 8]   | Task ':javadocJar' is not up-to-date because:
[df848ff2-120a-4e8d-b0e1-bdc61f8bde38/CI with Java 8]   |   No history is available.
[df848ff2-120a-4e8d-b0e1-bdc61f8bde38/CI with Java 8]   | Resolve mutations for :sourceJar (Thread[Execution worker Thread 73,5,main]) started.
[df848ff2-120a-4e8d-b0e1-bdc61f8bde38/CI with Java 8]   | :sourceJar (Thread[Execution worker Thread 73,5,main]) started.
[df848ff2-120a-4e8d-b0e1-bdc61f8bde38/CI with Java 8]   | 
[df848ff2-120a-4e8d-b0e1-bdc61f8bde38/CI with Java 8]   | > Task :sourceJar
[df848ff2-120a-4e8d-b0e1-bdc61f8bde38/CI with Java 8]   | Caching disabled for task ':sourceJar' because:
[df848ff2-120a-4e8d-b0e1-bdc61f8bde38/CI with Java 8]   |   Build cache is disabled
[df848ff2-120a-4e8d-b0e1-bdc61f8bde38/CI with Java 8]   | Task ':sourceJar' is not up-to-date because:
[df848ff2-120a-4e8d-b0e1-bdc61f8bde38/CI with Java 8]   |   No history is available.
[df848ff2-120a-4e8d-b0e1-bdc61f8bde38/CI with Java 8]   | file or directory '/tmp/462ef5e9-bc18-46c6-94ba-f8165ac687e5/src/main/resources', not found
[df848ff2-120a-4e8d-b0e1-bdc61f8bde38/CI with Java 8]   | file or directory '/tmp/462ef5e9-bc18-46c6-94ba-f8165ac687e5/src/main/groovy', not found
[df848ff2-120a-4e8d-b0e1-bdc61f8bde38/CI with Java 8]   | Resolve mutations for :assemble (Thread[Execution worker Thread 73,5,main]) started.
[df848ff2-120a-4e8d-b0e1-bdc61f8bde38/CI with Java 8]   | :assemble (Thread[Execution worker Thread 73,5,main]) started.
[df848ff2-120a-4e8d-b0e1-bdc61f8bde38/CI with Java 8]   | 
[df848ff2-120a-4e8d-b0e1-bdc61f8bde38/CI with Java 8]   | > Task :assemble
[df848ff2-120a-4e8d-b0e1-bdc61f8bde38/CI with Java 8]   | Skipping task ':assemble' as it has no actions.
[df848ff2-120a-4e8d-b0e1-bdc61f8bde38/CI with Java 8]   | Resolve mutations for :writeLicenseHeader (Thread[Execution worker Thread 73,5,main]) started.
[df848ff2-120a-4e8d-b0e1-bdc61f8bde38/CI with Java 8]   | :writeLicenseHeader (Thread[Execution worker Thread 44,5,main]) started.
[df848ff2-120a-4e8d-b0e1-bdc61f8bde38/CI with Java 8]   | 
[df848ff2-120a-4e8d-b0e1-bdc61f8bde38/CI with Java 8]   | > Task :writeLicenseHeader
[df848ff2-120a-4e8d-b0e1-bdc61f8bde38/CI with Java 8]   | Caching disabled for task ':writeLicenseHeader' because:
[df848ff2-120a-4e8d-b0e1-bdc61f8bde38/CI with Java 8]   |   Build cache is disabled
[df848ff2-120a-4e8d-b0e1-bdc61f8bde38/CI with Java 8]   | Task ':writeLicenseHeader' is not up-to-date because:
[df848ff2-120a-4e8d-b0e1-bdc61f8bde38/CI with Java 8]   |   Task has not declared any outputs despite executing actions.
[df848ff2-120a-4e8d-b0e1-bdc61f8bde38/CI with Java 8]   | Resolve mutations for :licenseMain (Thread[Execution worker Thread 44,5,main]) started.
[df848ff2-120a-4e8d-b0e1-bdc61f8bde38/CI with Java 8]   | :licenseMain (Thread[Execution worker Thread 44,5,main]) started.
[df848ff2-120a-4e8d-b0e1-bdc61f8bde38/CI with Java 8]   | Ignoring header in: src/main/java/com/netflix/frigga/elb/LoadBalancerNameBuilder.java
[df848ff2-120a-4e8d-b0e1-bdc61f8bde38/CI with Java 8]   | Ignoring header in: src/main/java/com/netflix/frigga/autoscaling/AutoScalingGroupNameBuilder.java
[df848ff2-120a-4e8d-b0e1-bdc61f8bde38/CI with Java 8]   | Ignoring header in: src/main/java/com/netflix/frigga/conventions/sharding/ShardingNamingResult.java
[df848ff2-120a-4e8d-b0e1-bdc61f8bde38/CI with Java 8]   | Ignoring header in: src/main/java/com/netflix/frigga/NameValidation.java
[df848ff2-120a-4e8d-b0e1-bdc61f8bde38/CI with Java 8]   | Ignoring header in: src/main/java/com/netflix/frigga/extensions/NamingResult.java
[df848ff2-120a-4e8d-b0e1-bdc61f8bde38/CI with Java 8]   | Ignoring header in: src/main/java/com/netflix/frigga/ami/BaseAmiInfo.java
[df848ff2-120a-4e8d-b0e1-bdc61f8bde38/CI with Java 8]   | Ignoring header in: src/main/java/com/netflix/frigga/cluster/ClusterGrouper.java
[df848ff2-120a-4e8d-b0e1-bdc61f8bde38/CI with Java 8]   | Ignoring header in: src/main/java/com/netflix/frigga/NameConstants.java
[df848ff2-120a-4e8d-b0e1-bdc61f8bde38/CI with Java 8]   | Ignoring header in: src/main/java/com/netflix/frigga/extensions/NamingConvention.java
[df848ff2-120a-4e8d-b0e1-bdc61f8bde38/CI with Java 8]   | Ignoring header in: src/main/java/com/netflix/frigga/cluster/AsgNameProvider.java
[df848ff2-120a-4e8d-b0e1-bdc61f8bde38/CI with Java 8]   | Ignoring header in: src/main/java/com/netflix/frigga/conventions/labeledvariables/LabeledVariables.java
[df848ff2-120a-4e8d-b0e1-bdc61f8bde38/CI with Java 8]   | Ignoring header in: src/main/java/com/netflix/frigga/conventions/sharding/ShardingNamingConvention.java
[df848ff2-120a-4e8d-b0e1-bdc61f8bde38/CI with Java 8]   | Ignoring header in: src/main/java/com/netflix/frigga/ami/AppVersion.java
[df848ff2-120a-4e8d-b0e1-bdc61f8bde38/CI with Java 8]   | Ignoring header in: src/main/java/com/netflix/frigga/conventions/sharding/Shard.java
[df848ff2-120a-4e8d-b0e1-bdc61f8bde38/CI with Java 8]   | Ignoring header in: src/main/java/com/netflix/frigga/conventions/labeledvariables/LabeledVariablesNamingResult.java
[df848ff2-120a-4e8d-b0e1-bdc61f8bde38/CI with Java 8]   | Ignoring header in: src/main/java/com/netflix/frigga/Names.java
[df848ff2-120a-4e8d-b0e1-bdc61f8bde38/CI with Java 8]   | Ignoring header in: src/main/java/com/netflix/frigga/NameBuilder.java
[df848ff2-120a-4e8d-b0e1-bdc61f8bde38/CI with Java 8]   | Ignoring header in: src/main/java/com/netflix/frigga/conventions/labeledvariables/LabeledVariablesNamingConvention.java
[df848ff2-120a-4e8d-b0e1-bdc61f8bde38/CI with Java 8]   | 
[df848ff2-120a-4e8d-b0e1-bdc61f8bde38/CI with Java 8]   | > Task :licenseMain UP-TO-DATE
[df848ff2-120a-4e8d-b0e1-bdc61f8bde38/CI with Java 8]   | Caching disabled for task ':licenseMain' because:
[df848ff2-120a-4e8d-b0e1-bdc61f8bde38/CI with Java 8]   |   Build cache is disabled
[df848ff2-120a-4e8d-b0e1-bdc61f8bde38/CI with Java 8]   | Task ':licenseMain' is not up-to-date because:
[df848ff2-120a-4e8d-b0e1-bdc61f8bde38/CI with Java 8]   |   No history is available.
[df848ff2-120a-4e8d-b0e1-bdc61f8bde38/CI with Java 8]   | file or directory '/tmp/462ef5e9-bc18-46c6-94ba-f8165ac687e5/src/main/resources', not found
[df848ff2-120a-4e8d-b0e1-bdc61f8bde38/CI with Java 8]   | file or directory '/tmp/462ef5e9-bc18-46c6-94ba-f8165ac687e5/src/main/groovy', not found
[df848ff2-120a-4e8d-b0e1-bdc61f8bde38/CI with Java 8]   | Resolve mutations for :licenseTest (Thread[Execution worker Thread 44,5,main]) started.
[df848ff2-120a-4e8d-b0e1-bdc61f8bde38/CI with Java 8]   | :licenseTest (Thread[Execution worker Thread 44,5,main]) started.
[df848ff2-120a-4e8d-b0e1-bdc61f8bde38/CI with Java 8]   | Ignoring header in: src/test/groovy/com/netflix/frigga/autoscaling/AutoScalingGroupNameBuilderSpec.groovy
[df848ff2-120a-4e8d-b0e1-bdc61f8bde38/CI with Java 8]   | Ignoring header in: src/test/groovy/com/netflix/frigga/conventions/labeledvariables/LabeledVariablesNamingConventionSpec.groovy
[df848ff2-120a-4e8d-b0e1-bdc61f8bde38/CI with Java 8]   | Ignoring header in: src/test/groovy/com/netflix/frigga/conventions/sharding/ShardingNamingConventionSpec.groovy
[df848ff2-120a-4e8d-b0e1-bdc61f8bde38/CI with Java 8]   | Ignoring header in: src/test/groovy/com/netflix/frigga/cluster/ClusterGrouperSpec.groovy
[df848ff2-120a-4e8d-b0e1-bdc61f8bde38/CI with Java 8]   | Ignoring header in: src/test/groovy/com/netflix/frigga/NamesSpec.groovy
[df848ff2-120a-4e8d-b0e1-bdc61f8bde38/CI with Java 8]   | Ignoring header in: src/test/groovy/com/netflix/frigga/ami/BaseAmiInfoSpec.groovy
[df848ff2-120a-4e8d-b0e1-bdc61f8bde38/CI with Java 8]   | Ignoring header in: src/test/groovy/com/netflix/frigga/NameValidationSpec.groovy
[df848ff2-120a-4e8d-b0e1-bdc61f8bde38/CI with Java 8]   | Ignoring header in: src/test/groovy/com/netflix/frigga/ami/AppVersionTest.groovy
[df848ff2-120a-4e8d-b0e1-bdc61f8bde38/CI with Java 8]   | 
[df848ff2-120a-4e8d-b0e1-bdc61f8bde38/CI with Java 8]   | > Task :licenseTest UP-TO-DATE
[df848ff2-120a-4e8d-b0e1-bdc61f8bde38/CI with Java 8]   | Caching disabled for task ':licenseTest' because:
[df848ff2-120a-4e8d-b0e1-bdc61f8bde38/CI with Java 8]   |   Build cache is disabled
[df848ff2-120a-4e8d-b0e1-bdc61f8bde38/CI with Java 8]   | Task ':licenseTest' is not up-to-date because:
[df848ff2-120a-4e8d-b0e1-bdc61f8bde38/CI with Java 8]   |   No history is available.
[df848ff2-120a-4e8d-b0e1-bdc61f8bde38/CI with Java 8]   | file or directory '/tmp/462ef5e9-bc18-46c6-94ba-f8165ac687e5/src/test/resources', not found
[df848ff2-120a-4e8d-b0e1-bdc61f8bde38/CI with Java 8]   | file or directory '/tmp/462ef5e9-bc18-46c6-94ba-f8165ac687e5/src/test/java', not found
[df848ff2-120a-4e8d-b0e1-bdc61f8bde38/CI with Java 8]   | Resolve mutations for :license (Thread[Execution worker Thread 44,5,main]) started.
[df848ff2-120a-4e8d-b0e1-bdc61f8bde38/CI with Java 8]   | :license (Thread[Execution worker Thread 44,5,main]) started.
[df848ff2-120a-4e8d-b0e1-bdc61f8bde38/CI with Java 8]   | 
[df848ff2-120a-4e8d-b0e1-bdc61f8bde38/CI with Java 8]   | > Task :license UP-TO-DATE
[df848ff2-120a-4e8d-b0e1-bdc61f8bde38/CI with Java 8]   | Skipping task ':license' as it has no actions.
[df848ff2-120a-4e8d-b0e1-bdc61f8bde38/CI with Java 8]   | Resolve mutations for :compileTestJava (Thread[Execution worker Thread 44,5,main]) started.
[df848ff2-120a-4e8d-b0e1-bdc61f8bde38/CI with Java 8]   | :compileTestJava (Thread[Execution worker Thread 44,5,main]) started.
[df848ff2-120a-4e8d-b0e1-bdc61f8bde38/CI with Java 8]   | 
[df848ff2-120a-4e8d-b0e1-bdc61f8bde38/CI with Java 8]   | > Task :compileTestJava NO-SOURCE
[df848ff2-120a-4e8d-b0e1-bdc61f8bde38/CI with Java 8]   | Skipping task ':compileTestJava' as it has no source files and no previous output files.
[df848ff2-120a-4e8d-b0e1-bdc61f8bde38/CI with Java 8]   | Resolve mutations for :compileTestGroovy (Thread[Execution worker Thread 42,5,main]) started.
[df848ff2-120a-4e8d-b0e1-bdc61f8bde38/CI with Java 8]   | :compileTestGroovy (Thread[Execution worker Thread 99,5,main]) started.
[df848ff2-120a-4e8d-b0e1-bdc61f8bde38/CI with Java 8]   | 
[df848ff2-120a-4e8d-b0e1-bdc61f8bde38/CI with Java 8]   | > Task :compileTestGroovy
[df848ff2-120a-4e8d-b0e1-bdc61f8bde38/CI with Java 8]   | Downloading https://repo.maven.apache.org/maven2/org/spockframework/spock-core/1.0-groovy-2.4/spock-core-1.0-groovy-2.4.pom to /home/runner/.gradle/.tmp/gradle_download1012998233468068535bin
[df848ff2-120a-4e8d-b0e1-bdc61f8bde38/CI with Java 8]   | Downloading https://repo.maven.apache.org/maven2/org/codehaus/groovy/groovy-all/2.4.6/groovy-all-2.4.6.pom to /home/runner/.gradle/.tmp/gradle_download8359501919505326130bin
[df848ff2-120a-4e8d-b0e1-bdc61f8bde38/CI with Java 8]   | Downloading https://repo.maven.apache.org/maven2/junit/junit/4.12/junit-4.12.pom to /home/runner/.gradle/.tmp/gradle_download443298656790701726bin
[df848ff2-120a-4e8d-b0e1-bdc61f8bde38/CI with Java 8]   | Downloading https://repo.maven.apache.org/maven2/org/hamcrest/hamcrest-core/1.3/hamcrest-core-1.3.pom to /home/runner/.gradle/.tmp/gradle_download7865547887278459481bin
[df848ff2-120a-4e8d-b0e1-bdc61f8bde38/CI with Java 8]   | Downloading https://repo.maven.apache.org/maven2/org/hamcrest/hamcrest-parent/1.3/hamcrest-parent-1.3.pom to /home/runner/.gradle/.tmp/gradle_download7582271494646909694bin
[df848ff2-120a-4e8d-b0e1-bdc61f8bde38/CI with Java 8]   | Downloading https://repo.maven.apache.org/maven2/org/hamcrest/hamcrest-core/1.3/hamcrest-core-1.3.jar to /home/runner/.gradle/.tmp/gradle_download2051006954260993358bin
[df848ff2-120a-4e8d-b0e1-bdc61f8bde38/CI with Java 8]   | Downloading https://repo.maven.apache.org/maven2/org/spockframework/spock-core/1.0-groovy-2.4/spock-core-1.0-groovy-2.4.jar to /home/runner/.gradle/.tmp/gradle_download6595617109563561015bin
[df848ff2-120a-4e8d-b0e1-bdc61f8bde38/CI with Java 8]   | Downloading https://repo.maven.apache.org/maven2/junit/junit/4.12/junit-4.12.jar to /home/runner/.gradle/.tmp/gradle_download9215213207817647635bin
[df848ff2-120a-4e8d-b0e1-bdc61f8bde38/CI with Java 8]   | Downloading https://repo.maven.apache.org/maven2/org/codehaus/groovy/groovy-all/2.4.6/groovy-all-2.4.6.jar to /home/runner/.gradle/.tmp/gradle_download8539201769013174057bin
[df848ff2-120a-4e8d-b0e1-bdc61f8bde38/CI with Java 8]   | Caching disabled for task ':compileTestGroovy' because:
[df848ff2-120a-4e8d-b0e1-bdc61f8bde38/CI with Java 8]   |   Build cache is disabled
[df848ff2-120a-4e8d-b0e1-bdc61f8bde38/CI with Java 8]   | Task ':compileTestGroovy' is not up-to-date because:
[df848ff2-120a-4e8d-b0e1-bdc61f8bde38/CI with Java 8]   |   No history is available.
[df848ff2-120a-4e8d-b0e1-bdc61f8bde38/CI with Java 8]   | The input changes require a full rebuild for incremental task ':compileTestGroovy'.
[df848ff2-120a-4e8d-b0e1-bdc61f8bde38/CI with Java 8]   | Starting process 'Gradle Worker Daemon 1'. Working directory: /home/runner/.gradle/workers Command: /opt/hostedtoolcache/jdk/8.0.392/x64/bin/java -Djava.security.manager=worker.org.gradle.process.internal.worker.child.BootstrapSecurityManager -Xmx512m -Dfile.encoding=UTF-8 -Duser.country -Duser.language=en -Duser.variant -cp /home/runner/.gradle/caches/7.6/workerMain/gradle-worker.jar worker.org.gradle.process.internal.worker.GradleWorkerMain 'Gradle Worker Daemon 1'
[df848ff2-120a-4e8d-b0e1-bdc61f8bde38/CI with Java 8]   | Successfully started process 'Gradle Worker Daemon 1'
[df848ff2-120a-4e8d-b0e1-bdc61f8bde38/CI with Java 8]   | Started Gradle worker daemon (0.917 secs) with fork options DaemonForkOptions{executable=/opt/hostedtoolcache/jdk/8.0.392/x64/bin/java, minHeapSize=null, maxHeapSize=null, jvmArgs=[], keepAliveMode=SESSION}.
[df848ff2-120a-4e8d-b0e1-bdc61f8bde38/CI with Java 8]   | 
[df848ff2-120a-4e8d-b0e1-bdc61f8bde38/CI with Java 8]   | This JVM does not support getting OS memory, so no OS memory status updates will be broadcast
[df848ff2-120a-4e8d-b0e1-bdc61f8bde38/CI with Java 8]   | 
[df848ff2-120a-4e8d-b0e1-bdc61f8bde38/CI with Java 8]   | > Task :compileTestGroovy
[df848ff2-120a-4e8d-b0e1-bdc61f8bde38/CI with Java 8]   | Created user preferences directory.
[df848ff2-120a-4e8d-b0e1-bdc61f8bde38/CI with Java 8]   | Resolve mutations for :processTestResources (Thread[Execution worker Thread 99,5,main]) started.
[df848ff2-120a-4e8d-b0e1-bdc61f8bde38/CI with Java 8]   | :processTestResources (Thread[Execution worker Thread 98,5,main]) started.
[df848ff2-120a-4e8d-b0e1-bdc61f8bde38/CI with Java 8]   | 
[df848ff2-120a-4e8d-b0e1-bdc61f8bde38/CI with Java 8]   | > Task :processTestResources NO-SOURCE
[df848ff2-120a-4e8d-b0e1-bdc61f8bde38/CI with Java 8]   | Skipping task ':processTestResources' as it has no source files and no previous output files.
[df848ff2-120a-4e8d-b0e1-bdc61f8bde38/CI with Java 8]   | Resolve mutations for :testClasses (Thread[Execution worker Thread 98,5,main]) started.
[df848ff2-120a-4e8d-b0e1-bdc61f8bde38/CI with Java 8]   | :testClasses (Thread[Execution worker Thread 98,5,main]) started.
[df848ff2-120a-4e8d-b0e1-bdc61f8bde38/CI with Java 8]   | 
[df848ff2-120a-4e8d-b0e1-bdc61f8bde38/CI with Java 8]   | > Task :testClasses
[df848ff2-120a-4e8d-b0e1-bdc61f8bde38/CI with Java 8]   | Skipping task ':testClasses' as it has no actions.
[df848ff2-120a-4e8d-b0e1-bdc61f8bde38/CI with Java 8]   | Resolve mutations for :test (Thread[Execution worker Thread 98,5,main]) started.
[df848ff2-120a-4e8d-b0e1-bdc61f8bde38/CI with Java 8]   | producer locations for task group 0 (Thread[Execution worker Thread 98,5,main]) started.
[df848ff2-120a-4e8d-b0e1-bdc61f8bde38/CI with Java 8]   | :test (Thread[Execution worker Thread 3,5,main]) started.
[df848ff2-120a-4e8d-b0e1-bdc61f8bde38/CI with Java 8]   | Gradle Test Executor 2 started executing tests.
[df848ff2-120a-4e8d-b0e1-bdc61f8bde38/CI with Java 8]   | Gradle Test Executor 2 finished executing tests.
[df848ff2-120a-4e8d-b0e1-bdc61f8bde38/CI with Java 8]   | 
[df848ff2-120a-4e8d-b0e1-bdc61f8bde38/CI with Java 8]   | > Task :test
[df848ff2-120a-4e8d-b0e1-bdc61f8bde38/CI with Java 8]   | Caching disabled for task ':test' because:
[df848ff2-120a-4e8d-b0e1-bdc61f8bde38/CI with Java 8]   |   Build cache is disabled
[df848ff2-120a-4e8d-b0e1-bdc61f8bde38/CI with Java 8]   | Task ':test' is not up-to-date because:
[df848ff2-120a-4e8d-b0e1-bdc61f8bde38/CI with Java 8]   |   No history is available.
[df848ff2-120a-4e8d-b0e1-bdc61f8bde38/CI with Java 8]   | file or directory '/tmp/462ef5e9-bc18-46c6-94ba-f8165ac687e5/build/classes/java/test', not found
[df848ff2-120a-4e8d-b0e1-bdc61f8bde38/CI with Java 8]   | Starting process 'Gradle Test Executor 2'. Working directory: /tmp/462ef5e9-bc18-46c6-94ba-f8165ac687e5 Command: /opt/hostedtoolcache/jdk/8.0.392/x64/bin/java -Djava.security.manager=worker.org.gradle.process.internal.worker.child.BootstrapSecurityManager -Dorg.gradle.internal.worker.tmpdir=/tmp/462ef5e9-bc18-46c6-94ba-f8165ac687e5/build/tmp/test/work -Dorg.gradle.native=false -Xmx512m -Dfile.encoding=UTF-8 -Duser.country -Duser.language=en -Duser.variant -ea -cp /home/runner/.gradle/caches/7.6/workerMain/gradle-worker.jar worker.org.gradle.process.internal.worker.GradleWorkerMain 'Gradle Test Executor 2'
[df848ff2-120a-4e8d-b0e1-bdc61f8bde38/CI with Java 8]   | Successfully started process 'Gradle Test Executor 2'
[df848ff2-120a-4e8d-b0e1-bdc61f8bde38/CI with Java 8]   | Finished generating test XML results (0.027 secs) into: /tmp/462ef5e9-bc18-46c6-94ba-f8165ac687e5/build/test-results/test
[df848ff2-120a-4e8d-b0e1-bdc61f8bde38/CI with Java 8]   | Generating HTML test report...
[df848ff2-120a-4e8d-b0e1-bdc61f8bde38/CI with Java 8]   | Finished generating test html results (0.04 secs) into: /tmp/462ef5e9-bc18-46c6-94ba-f8165ac687e5/build/reports/tests/test
[df848ff2-120a-4e8d-b0e1-bdc61f8bde38/CI with Java 8]   | Resolve mutations for :check (Thread[Execution worker Thread 3,5,main]) started.
[df848ff2-120a-4e8d-b0e1-bdc61f8bde38/CI with Java 8]   | :check (Thread[Execution worker Thread 7,5,main]) started.
[df848ff2-120a-4e8d-b0e1-bdc61f8bde38/CI with Java 8]   | 
[df848ff2-120a-4e8d-b0e1-bdc61f8bde38/CI with Java 8]   | > Task :check
[df848ff2-120a-4e8d-b0e1-bdc61f8bde38/CI with Java 8]   | Skipping task ':check' as it has no actions.
[df848ff2-120a-4e8d-b0e1-bdc61f8bde38/CI with Java 8]   | Resolve mutations for :collectNetflixOSS (Thread[Execution worker Thread 98,5,main]) started.
[df848ff2-120a-4e8d-b0e1-bdc61f8bde38/CI with Java 8]   | :collectNetflixOSS (Thread[Execution worker Thread 98,5,main]) started.
[df848ff2-120a-4e8d-b0e1-bdc61f8bde38/CI with Java 8]   | 
[df848ff2-120a-4e8d-b0e1-bdc61f8bde38/CI with Java 8]   | > Task :collectNetflixOSS
[df848ff2-120a-4e8d-b0e1-bdc61f8bde38/CI with Java 8]   | Caching disabled for task ':collectNetflixOSS' because:
[df848ff2-120a-4e8d-b0e1-bdc61f8bde38/CI with Java 8]   |   Build cache is disabled
[df848ff2-120a-4e8d-b0e1-bdc61f8bde38/CI with Java 8]   | Task ':collectNetflixOSS' is not up-to-date because:
[df848ff2-120a-4e8d-b0e1-bdc61f8bde38/CI with Java 8]   |   Task has not declared any outputs despite executing actions.
[df848ff2-120a-4e8d-b0e1-bdc61f8bde38/CI with Java 8]   | Resolve mutations for :build (Thread[Execution worker Thread 20,5,main]) started.
[df848ff2-120a-4e8d-b0e1-bdc61f8bde38/CI with Java 8]   | :build (Thread[Execution worker Thread 97,5,main]) started.
[df848ff2-120a-4e8d-b0e1-bdc61f8bde38/CI with Java 8]   | 
[df848ff2-120a-4e8d-b0e1-bdc61f8bde38/CI with Java 8]   | > Task :build
[df848ff2-120a-4e8d-b0e1-bdc61f8bde38/CI with Java 8]   | Skipping task ':build' as it has no actions.
[df848ff2-120a-4e8d-b0e1-bdc61f8bde38/CI with Java 8]   | 
[df848ff2-120a-4e8d-b0e1-bdc61f8bde38/CI with Java 8]   | BUILD SUCCESSFUL in 58s
[df848ff2-120a-4e8d-b0e1-bdc61f8bde38/CI with Java 8]   | 13 actionable tasks: 11 executed, 2 up-to-date
[df848ff2-120a-4e8d-b0e1-bdc61f8bde38/CI with Java 8]   | Some of the file system contents retained in the virtual file system are on file systems that Gradle doesn't support watching. The relevant state was discarded to ensure changes to these locations are properly detected. You can override this by explicitly enabling file system watching.
[df848ff2-120a-4e8d-b0e1-bdc61f8bde38/CI with Java 8]   | Stopped 1 worker daemon(s).
[df848ff2-120a-4e8d-b0e1-bdc61f8bde38/CI with Java 8]   ✅  Success - Main Build with Gradle
[df848ff2-120a-4e8d-b0e1-bdc61f8bde38/CI with Java 8] unable to get git ref: failed to identify reference (tag/branch) for the checked-out revision '6b520bbb2e0cc0197da2b2c79805924411fe61ed'
[df848ff2-120a-4e8d-b0e1-bdc61f8bde38/CI with Java 8] unable to get git ref: failed to identify reference (tag/branch) for the checked-out revision '6b520bbb2e0cc0197da2b2c79805924411fe61ed'
[df848ff2-120a-4e8d-b0e1-bdc61f8bde38/CI with Java 8] unable to get git ref: failed to identify reference (tag/branch) for the checked-out revision '6b520bbb2e0cc0197da2b2c79805924411fe61ed'
[df848ff2-120a-4e8d-b0e1-bdc61f8bde38/CI with Java 8] unable to get git ref: failed to identify reference (tag/branch) for the checked-out revision '6b520bbb2e0cc0197da2b2c79805924411fe61ed'
[df848ff2-120a-4e8d-b0e1-bdc61f8bde38/CI with Java 8] unable to get git ref: failed to identify reference (tag/branch) for the checked-out revision '6b520bbb2e0cc0197da2b2c79805924411fe61ed'
[df848ff2-120a-4e8d-b0e1-bdc61f8bde38/CI with Java 8] ⭐ Run Post Setup jdk
[df848ff2-120a-4e8d-b0e1-bdc61f8bde38/CI with Java 8]   🐳  docker exec cmd=[node /var/run/act/actions/actions-setup-java@v1/dist/cleanup/index.js] user= workdir=
[df848ff2-120a-4e8d-b0e1-bdc61f8bde38/CI with Java 8]   ✅  Success - Post Setup jdk
[df848ff2-120a-4e8d-b0e1-bdc61f8bde38/CI with Java 8] 🏁  Job succeeded
[df848ff2-120a-4e8d-b0e1-bdc61f8bde38/CI with Java 8] unable to get git ref: failed to identify reference (tag/branch) for the checked-out revision '6b520bbb2e0cc0197da2b2c79805924411fe61ed'
