[aebc7319-9bb0-403f-82a3-c1ae8022dff1/build] 🚀  Start image=gitbugactions:latest
[aebc7319-9bb0-403f-82a3-c1ae8022dff1/build]   🐳  docker pull image=gitbugactions:latest platform= username= forcePull=false
[aebc7319-9bb0-403f-82a3-c1ae8022dff1/build]   🐳  docker create image=gitbugactions:latest platform= entrypoint=["tail" "-f" "/dev/null"] cmd=[]
[aebc7319-9bb0-403f-82a3-c1ae8022dff1/build]   🐳  docker run image=gitbugactions:latest platform= entrypoint=["tail" "-f" "/dev/null"] cmd=[]
[aebc7319-9bb0-403f-82a3-c1ae8022dff1/build]   🐳  docker exec cmd=[chown -R 1012:1013 /tmp/6355d1ce-1c97-4cc1-b30d-f71bc7d1cf30] user=0 workdir=
[aebc7319-9bb0-403f-82a3-c1ae8022dff1/build] unable to get git ref: failed to identify reference (tag/branch) for the checked-out revision '0f5c17535ff8a3bd7a8c8a0616535077e5c72d39'
[aebc7319-9bb0-403f-82a3-c1ae8022dff1/build] unable to get git ref: failed to identify reference (tag/branch) for the checked-out revision '0f5c17535ff8a3bd7a8c8a0616535077e5c72d39'
[aebc7319-9bb0-403f-82a3-c1ae8022dff1/build] unable to get git ref: failed to identify reference (tag/branch) for the checked-out revision '0f5c17535ff8a3bd7a8c8a0616535077e5c72d39'
[aebc7319-9bb0-403f-82a3-c1ae8022dff1/build] unable to get git ref: failed to identify reference (tag/branch) for the checked-out revision '0f5c17535ff8a3bd7a8c8a0616535077e5c72d39'
[aebc7319-9bb0-403f-82a3-c1ae8022dff1/build] unable to get git ref: failed to identify reference (tag/branch) for the checked-out revision '0f5c17535ff8a3bd7a8c8a0616535077e5c72d39'
[aebc7319-9bb0-403f-82a3-c1ae8022dff1/build] unable to get git ref: failed to identify reference (tag/branch) for the checked-out revision '0f5c17535ff8a3bd7a8c8a0616535077e5c72d39'
[aebc7319-9bb0-403f-82a3-c1ae8022dff1/build] unable to get git ref: failed to identify reference (tag/branch) for the checked-out revision '0f5c17535ff8a3bd7a8c8a0616535077e5c72d39'
[aebc7319-9bb0-403f-82a3-c1ae8022dff1/build] unable to get git ref: failed to identify reference (tag/branch) for the checked-out revision '0f5c17535ff8a3bd7a8c8a0616535077e5c72d39'
[aebc7319-9bb0-403f-82a3-c1ae8022dff1/build] unable to get git ref: failed to identify reference (tag/branch) for the checked-out revision '0f5c17535ff8a3bd7a8c8a0616535077e5c72d39'
[aebc7319-9bb0-403f-82a3-c1ae8022dff1/build] ⭐ Run Main actions/checkout@v3
[aebc7319-9bb0-403f-82a3-c1ae8022dff1/build] unable to get git ref: failed to identify reference (tag/branch) for the checked-out revision '0f5c17535ff8a3bd7a8c8a0616535077e5c72d39'
[aebc7319-9bb0-403f-82a3-c1ae8022dff1/build] unable to get git ref: failed to identify reference (tag/branch) for the checked-out revision '0f5c17535ff8a3bd7a8c8a0616535077e5c72d39'
[aebc7319-9bb0-403f-82a3-c1ae8022dff1/build]   🐳  docker cp src=/tmp/6355d1ce-1c97-4cc1-b30d-f71bc7d1cf30/. dst=/tmp/6355d1ce-1c97-4cc1-b30d-f71bc7d1cf30
[aebc7319-9bb0-403f-82a3-c1ae8022dff1/build]   🐳  docker exec cmd=[chown -R 1012:1013 /tmp/6355d1ce-1c97-4cc1-b30d-f71bc7d1cf30] user=0 workdir=
[aebc7319-9bb0-403f-82a3-c1ae8022dff1/build]   ✅  Success - Main actions/checkout@v3
[aebc7319-9bb0-403f-82a3-c1ae8022dff1/build] unable to get git ref: failed to identify reference (tag/branch) for the checked-out revision '0f5c17535ff8a3bd7a8c8a0616535077e5c72d39'
[aebc7319-9bb0-403f-82a3-c1ae8022dff1/build] unable to get git ref: failed to identify reference (tag/branch) for the checked-out revision '0f5c17535ff8a3bd7a8c8a0616535077e5c72d39'
[aebc7319-9bb0-403f-82a3-c1ae8022dff1/build] unable to get git ref: failed to identify reference (tag/branch) for the checked-out revision '0f5c17535ff8a3bd7a8c8a0616535077e5c72d39'
[aebc7319-9bb0-403f-82a3-c1ae8022dff1/build] unable to get git ref: failed to identify reference (tag/branch) for the checked-out revision '0f5c17535ff8a3bd7a8c8a0616535077e5c72d39'
[aebc7319-9bb0-403f-82a3-c1ae8022dff1/build] unable to get git ref: failed to identify reference (tag/branch) for the checked-out revision '0f5c17535ff8a3bd7a8c8a0616535077e5c72d39'
[aebc7319-9bb0-403f-82a3-c1ae8022dff1/build] ⭐ Run Main actions/setup-java@v3
[aebc7319-9bb0-403f-82a3-c1ae8022dff1/build] unable to get git ref: failed to identify reference (tag/branch) for the checked-out revision '0f5c17535ff8a3bd7a8c8a0616535077e5c72d39'
[aebc7319-9bb0-403f-82a3-c1ae8022dff1/build] unable to get git ref: failed to identify reference (tag/branch) for the checked-out revision '0f5c17535ff8a3bd7a8c8a0616535077e5c72d39'
[aebc7319-9bb0-403f-82a3-c1ae8022dff1/build] unable to get git ref: failed to identify reference (tag/branch) for the checked-out revision '0f5c17535ff8a3bd7a8c8a0616535077e5c72d39'
[aebc7319-9bb0-403f-82a3-c1ae8022dff1/build]   🐳  docker cp src=/tmp/act-cache/4250f21a-90ce-434c-b0f4-b0fc4809ad8d/act/actions-setup-java@v3/ dst=/var/run/act/actions/actions-setup-java@v3/
[aebc7319-9bb0-403f-82a3-c1ae8022dff1/build]   🐳  docker exec cmd=[chown -R 1012:1013 /var/run/act/actions/actions-setup-java@v3/] user=0 workdir=
[aebc7319-9bb0-403f-82a3-c1ae8022dff1/build]   🐳  docker exec cmd=[node /var/run/act/actions/actions-setup-java@v3/dist/setup/index.js] user= workdir=
[aebc7319-9bb0-403f-82a3-c1ae8022dff1/build]   ❓  ::group::Installed distributions
[aebc7319-9bb0-403f-82a3-c1ae8022dff1/build]   | Trying to resolve the latest version from remote
[aebc7319-9bb0-403f-82a3-c1ae8022dff1/build]   💬  ::debug::Gathering available versions from 'https://api.azul.com/zulu/download/community/v1.0/bundles/?os=linux&ext=tar.gz&bundle_type=jdk&javafx=false&arch=x86&hw_bitness=64&release_status=ga'
[aebc7319-9bb0-403f-82a3-c1ae8022dff1/build]   | Resolved latest version as 11.0.21+9
[aebc7319-9bb0-403f-82a3-c1ae8022dff1/build]   | Trying to download...
[aebc7319-9bb0-403f-82a3-c1ae8022dff1/build]   | Downloading Java 11.0.21+9 (Zulu) from https://cdn.azul.com/zulu/bin/zulu11.68.17-ca-jdk11.0.21-linux_x64.tar.gz ...
[aebc7319-9bb0-403f-82a3-c1ae8022dff1/build]   💬  ::debug::Downloading https://cdn.azul.com/zulu/bin/zulu11.68.17-ca-jdk11.0.21-linux_x64.tar.gz
[aebc7319-9bb0-403f-82a3-c1ae8022dff1/build]   💬  ::debug::Destination /tmp/60c1c729-da8a-437c-a4ba-7ba4ff8dcc10
[aebc7319-9bb0-403f-82a3-c1ae8022dff1/build]   💬  ::debug::download complete
[aebc7319-9bb0-403f-82a3-c1ae8022dff1/build]   | Extracting Java archive...
[aebc7319-9bb0-403f-82a3-c1ae8022dff1/build]   💬  ::debug::Checking tar --version
[aebc7319-9bb0-403f-82a3-c1ae8022dff1/build]   💬  ::debug::tar (GNU tar) 1.34%0ACopyright (C) 2021 Free Software Foundation, Inc.%0ALicense GPLv3+: GNU GPL version 3 or later <https://gnu.org/licenses/gpl.html>.%0AThis is free software: you are free to change and redistribute it.%0AThere is NO WARRANTY, to the extent permitted by law.%0A%0AWritten by John Gilmore and Jay Fenlason.
[aebc7319-9bb0-403f-82a3-c1ae8022dff1/build]   | [command]/usr/bin/tar xz --warning=no-unknown-keyword -C /tmp/0d9afaa4-5052-4b7d-98e2-55386613b42e -f /tmp/60c1c729-da8a-437c-a4ba-7ba4ff8dcc10
[aebc7319-9bb0-403f-82a3-c1ae8022dff1/build]   💬  ::debug::Caching tool Java_Zulu_jdk 11.0.21-9 x64
[aebc7319-9bb0-403f-82a3-c1ae8022dff1/build]   💬  ::debug::source dir: /tmp/0d9afaa4-5052-4b7d-98e2-55386613b42e/zulu11.68.17-ca-jdk11.0.21-linux_x64
[aebc7319-9bb0-403f-82a3-c1ae8022dff1/build]   💬  ::debug::destination /opt/hostedtoolcache/Java_Zulu_jdk/11.0.21-9/x64
[aebc7319-9bb0-403f-82a3-c1ae8022dff1/build]   💬  ::debug::finished caching tool
[aebc7319-9bb0-403f-82a3-c1ae8022dff1/build]   | Java 11.0.21+9 was downloaded
[aebc7319-9bb0-403f-82a3-c1ae8022dff1/build]   | Setting Java 11.0.21+9 as the default
[aebc7319-9bb0-403f-82a3-c1ae8022dff1/build]   | Creating toolchains.xml for JDK version 11 from zulu
[aebc7319-9bb0-403f-82a3-c1ae8022dff1/build]   | Writing to /home/runner/.m2/toolchains.xml
[aebc7319-9bb0-403f-82a3-c1ae8022dff1/build]   | 
[aebc7319-9bb0-403f-82a3-c1ae8022dff1/build]   | Java configuration:
[aebc7319-9bb0-403f-82a3-c1ae8022dff1/build]   |   Distribution: zulu
[aebc7319-9bb0-403f-82a3-c1ae8022dff1/build]   |   Version: 11.0.21+9
[aebc7319-9bb0-403f-82a3-c1ae8022dff1/build]   |   Path: /opt/hostedtoolcache/Java_Zulu_jdk/11.0.21-9/x64
[aebc7319-9bb0-403f-82a3-c1ae8022dff1/build]   | 
[aebc7319-9bb0-403f-82a3-c1ae8022dff1/build]   ❓  ::endgroup::
[aebc7319-9bb0-403f-82a3-c1ae8022dff1/build]   ❓ add-matcher /run/act/actions/actions-setup-java@v3/.github/java.json
[aebc7319-9bb0-403f-82a3-c1ae8022dff1/build]   | Creating settings.xml with server-id: github
[aebc7319-9bb0-403f-82a3-c1ae8022dff1/build]   | Writing to /home/runner/.m2/settings.xml
[aebc7319-9bb0-403f-82a3-c1ae8022dff1/build]   ✅  Success - Main actions/setup-java@v3
[aebc7319-9bb0-403f-82a3-c1ae8022dff1/build]   ⚙  ::set-env:: JAVA_HOME=/opt/hostedtoolcache/Java_Zulu_jdk/11.0.21-9/x64
[aebc7319-9bb0-403f-82a3-c1ae8022dff1/build]   ⚙  ::set-env:: JAVA_HOME_11_X64=/opt/hostedtoolcache/Java_Zulu_jdk/11.0.21-9/x64
[aebc7319-9bb0-403f-82a3-c1ae8022dff1/build]   ⚙  ::set-output:: distribution=Zulu
[aebc7319-9bb0-403f-82a3-c1ae8022dff1/build]   ⚙  ::set-output:: path=/opt/hostedtoolcache/Java_Zulu_jdk/11.0.21-9/x64
[aebc7319-9bb0-403f-82a3-c1ae8022dff1/build]   ⚙  ::set-output:: version=11.0.21+9
[aebc7319-9bb0-403f-82a3-c1ae8022dff1/build]   ⚙  ::add-path:: /opt/hostedtoolcache/Java_Zulu_jdk/11.0.21-9/x64/bin
[aebc7319-9bb0-403f-82a3-c1ae8022dff1/build] unable to get git ref: failed to identify reference (tag/branch) for the checked-out revision '0f5c17535ff8a3bd7a8c8a0616535077e5c72d39'
[aebc7319-9bb0-403f-82a3-c1ae8022dff1/build] unable to get git ref: failed to identify reference (tag/branch) for the checked-out revision '0f5c17535ff8a3bd7a8c8a0616535077e5c72d39'
[aebc7319-9bb0-403f-82a3-c1ae8022dff1/build] unable to get git ref: failed to identify reference (tag/branch) for the checked-out revision '0f5c17535ff8a3bd7a8c8a0616535077e5c72d39'
[aebc7319-9bb0-403f-82a3-c1ae8022dff1/build] unable to get git ref: failed to identify reference (tag/branch) for the checked-out revision '0f5c17535ff8a3bd7a8c8a0616535077e5c72d39'
[aebc7319-9bb0-403f-82a3-c1ae8022dff1/build] unable to get git ref: failed to identify reference (tag/branch) for the checked-out revision '0f5c17535ff8a3bd7a8c8a0616535077e5c72d39'
[aebc7319-9bb0-403f-82a3-c1ae8022dff1/build] ⭐ Run Main ./gradlew build --no-daemon --warning-mode=fail
[aebc7319-9bb0-403f-82a3-c1ae8022dff1/build] unable to get git ref: failed to identify reference (tag/branch) for the checked-out revision '0f5c17535ff8a3bd7a8c8a0616535077e5c72d39'
[aebc7319-9bb0-403f-82a3-c1ae8022dff1/build] unable to get git ref: failed to identify reference (tag/branch) for the checked-out revision '0f5c17535ff8a3bd7a8c8a0616535077e5c72d39'
[aebc7319-9bb0-403f-82a3-c1ae8022dff1/build] unable to get git ref: failed to identify reference (tag/branch) for the checked-out revision '0f5c17535ff8a3bd7a8c8a0616535077e5c72d39'
[aebc7319-9bb0-403f-82a3-c1ae8022dff1/build] unable to get git ref: failed to identify reference (tag/branch) for the checked-out revision '0f5c17535ff8a3bd7a8c8a0616535077e5c72d39'
[aebc7319-9bb0-403f-82a3-c1ae8022dff1/build]   🐳  docker exec cmd=[bash --noprofile --norc -e -o pipefail /var/run/act/workflow/2] user= workdir=
[aebc7319-9bb0-403f-82a3-c1ae8022dff1/build]   | Downloading https://services.gradle.org/distributions/gradle-7.5.1-bin.zip
[aebc7319-9bb0-403f-82a3-c1ae8022dff1/build]   | ...........10%............20%...........30%............40%...........50%............60%...........70%............80%...........90%............100%
[aebc7319-9bb0-403f-82a3-c1ae8022dff1/build]   | 
[aebc7319-9bb0-403f-82a3-c1ae8022dff1/build]   | Welcome to Gradle 7.5.1!
[aebc7319-9bb0-403f-82a3-c1ae8022dff1/build]   | 
[aebc7319-9bb0-403f-82a3-c1ae8022dff1/build]   | Here are the highlights of this release:
[aebc7319-9bb0-403f-82a3-c1ae8022dff1/build]   |  - Support for Java 18
[aebc7319-9bb0-403f-82a3-c1ae8022dff1/build]   |  - Support for building with Groovy 4
[aebc7319-9bb0-403f-82a3-c1ae8022dff1/build]   |  - Much more responsive continuous builds
[aebc7319-9bb0-403f-82a3-c1ae8022dff1/build]   |  - Improved diagnostics for dependency resolution
[aebc7319-9bb0-403f-82a3-c1ae8022dff1/build]   | 
[aebc7319-9bb0-403f-82a3-c1ae8022dff1/build]   | For more details see https://docs.gradle.org/7.5.1/release-notes.html
[aebc7319-9bb0-403f-82a3-c1ae8022dff1/build]   | 
[aebc7319-9bb0-403f-82a3-c1ae8022dff1/build]   | To honour the JVM settings for this build a single-use Daemon process will be forked. See https://docs.gradle.org/7.5.1/userguide/gradle_daemon.html#sec:disabling_the_daemon.
[aebc7319-9bb0-403f-82a3-c1ae8022dff1/build]   | Daemon will be stopped at the end of the build 
[aebc7319-9bb0-403f-82a3-c1ae8022dff1/build]   | 
[aebc7319-9bb0-403f-82a3-c1ae8022dff1/build]   | > Configure project :
[aebc7319-9bb0-403f-82a3-c1ae8022dff1/build]   | Kordamp Enforcer Gradle plugin 0.10.0. Consider becoming a patron at https://www.patreon.com/aalmiray
[aebc7319-9bb0-403f-82a3-c1ae8022dff1/build]   | 
[aebc7319-9bb0-403f-82a3-c1ae8022dff1/build]   | > Task :copyDependencies
[aebc7319-9bb0-403f-82a3-c1ae8022dff1/build]   | > Task :extractIncludeProto
[aebc7319-9bb0-403f-82a3-c1ae8022dff1/build]   | > Task :extractProto
[aebc7319-9bb0-403f-82a3-c1ae8022dff1/build]   | > Task :generateProto
[aebc7319-9bb0-403f-82a3-c1ae8022dff1/build]   | > Task :compileJava
[aebc7319-9bb0-403f-82a3-c1ae8022dff1/build]   | Note: Some input files use or override a deprecated API.
[aebc7319-9bb0-403f-82a3-c1ae8022dff1/build]   | Note: Recompile with -Xlint:deprecation for details.
[aebc7319-9bb0-403f-82a3-c1ae8022dff1/build]   | Note: Some input files use unchecked or unsafe operations.
[aebc7319-9bb0-403f-82a3-c1ae8022dff1/build]   | Note: Recompile with -Xlint:unchecked for details.
[aebc7319-9bb0-403f-82a3-c1ae8022dff1/build]   | 
[aebc7319-9bb0-403f-82a3-c1ae8022dff1/build]   | > Task :processResources
[aebc7319-9bb0-403f-82a3-c1ae8022dff1/build]   | > Task :classes
[aebc7319-9bb0-403f-82a3-c1ae8022dff1/build]   | > Task :jar
[aebc7319-9bb0-403f-82a3-c1ae8022dff1/build]   | > Task :assemble
[aebc7319-9bb0-403f-82a3-c1ae8022dff1/build]   | > Task :extractIncludeTestProto
[aebc7319-9bb0-403f-82a3-c1ae8022dff1/build]   | > Task :extractTestProto
[aebc7319-9bb0-403f-82a3-c1ae8022dff1/build]   | > Task :generateTestProto NO-SOURCE
[aebc7319-9bb0-403f-82a3-c1ae8022dff1/build]   | 
[aebc7319-9bb0-403f-82a3-c1ae8022dff1/build]   | > Task :compileTestJava
[aebc7319-9bb0-403f-82a3-c1ae8022dff1/build]   | Note: Some input files use or override a deprecated API.
[aebc7319-9bb0-403f-82a3-c1ae8022dff1/build]   | Note: Recompile with -Xlint:deprecation for details.
[aebc7319-9bb0-403f-82a3-c1ae8022dff1/build]   | 
[aebc7319-9bb0-403f-82a3-c1ae8022dff1/build]   | > Task :processTestResources NO-SOURCE
[aebc7319-9bb0-403f-82a3-c1ae8022dff1/build]   | > Task :testClasses
[aebc7319-9bb0-403f-82a3-c1ae8022dff1/build]   | > Task :checkstyleTest SKIPPED
[aebc7319-9bb0-403f-82a3-c1ae8022dff1/build]   | 
[aebc7319-9bb0-403f-82a3-c1ae8022dff1/build]   | > Task :test
[aebc7319-9bb0-403f-82a3-c1ae8022dff1/build]   | 
[aebc7319-9bb0-403f-82a3-c1ae8022dff1/build]   | org.traccar.protocol.MeitrackProtocolDecoderTest > testDecode FAILED
[aebc7319-9bb0-403f-82a3-c1ae8022dff1/build]   |     java.lang.IndexOutOfBoundsException at MeitrackProtocolDecoderTest.java:14
[aebc7319-9bb0-403f-82a3-c1ae8022dff1/build]   | 
[aebc7319-9bb0-403f-82a3-c1ae8022dff1/build]   | 493 tests completed, 1 failed, 23 skipped
[aebc7319-9bb0-403f-82a3-c1ae8022dff1/build]   | 
[aebc7319-9bb0-403f-82a3-c1ae8022dff1/build]   | > Task :test FAILED
[aebc7319-9bb0-403f-82a3-c1ae8022dff1/build]   | > Task :checkstyleMain
[aebc7319-9bb0-403f-82a3-c1ae8022dff1/build]   | 
[aebc7319-9bb0-403f-82a3-c1ae8022dff1/build]   | FAILURE: Build failed with an exception.
[aebc7319-9bb0-403f-82a3-c1ae8022dff1/build]   | 
[aebc7319-9bb0-403f-82a3-c1ae8022dff1/build]   | * What went wrong:
[aebc7319-9bb0-403f-82a3-c1ae8022dff1/build]   | Execution failed for task ':test'.
[aebc7319-9bb0-403f-82a3-c1ae8022dff1/build]   | > There were failing tests. See the report at: file:///tmp/6355d1ce-1c97-4cc1-b30d-f71bc7d1cf30/build/reports/tests/test/index.html
[aebc7319-9bb0-403f-82a3-c1ae8022dff1/build]   | 
[aebc7319-9bb0-403f-82a3-c1ae8022dff1/build]   | * Try:
[aebc7319-9bb0-403f-82a3-c1ae8022dff1/build]   | > Run with --stacktrace option to get the stack trace.
[aebc7319-9bb0-403f-82a3-c1ae8022dff1/build]   | > Run with --info or --debug option to get more log output.
[aebc7319-9bb0-403f-82a3-c1ae8022dff1/build]   | > Run with --scan to get full insights.
[aebc7319-9bb0-403f-82a3-c1ae8022dff1/build]   | 
[aebc7319-9bb0-403f-82a3-c1ae8022dff1/build]   | * Get more help at https://help.gradle.org
[aebc7319-9bb0-403f-82a3-c1ae8022dff1/build]   | 
[aebc7319-9bb0-403f-82a3-c1ae8022dff1/build]   | BUILD FAILED in 2m 35s
[aebc7319-9bb0-403f-82a3-c1ae8022dff1/build]   | 12 actionable tasks: 12 executed
[aebc7319-9bb0-403f-82a3-c1ae8022dff1/build]   ❌  Failure - Main ./gradlew build --no-daemon --warning-mode=fail
[aebc7319-9bb0-403f-82a3-c1ae8022dff1/build] exitcode '1': failure
[aebc7319-9bb0-403f-82a3-c1ae8022dff1/build] unable to get git ref: failed to identify reference (tag/branch) for the checked-out revision '0f5c17535ff8a3bd7a8c8a0616535077e5c72d39'
[aebc7319-9bb0-403f-82a3-c1ae8022dff1/build] unable to get git ref: failed to identify reference (tag/branch) for the checked-out revision '0f5c17535ff8a3bd7a8c8a0616535077e5c72d39'
[aebc7319-9bb0-403f-82a3-c1ae8022dff1/build] unable to get git ref: failed to identify reference (tag/branch) for the checked-out revision '0f5c17535ff8a3bd7a8c8a0616535077e5c72d39'
[aebc7319-9bb0-403f-82a3-c1ae8022dff1/build] unable to get git ref: failed to identify reference (tag/branch) for the checked-out revision '0f5c17535ff8a3bd7a8c8a0616535077e5c72d39'
[aebc7319-9bb0-403f-82a3-c1ae8022dff1/build] unable to get git ref: failed to identify reference (tag/branch) for the checked-out revision '0f5c17535ff8a3bd7a8c8a0616535077e5c72d39'
[aebc7319-9bb0-403f-82a3-c1ae8022dff1/build] ⭐ Run Post actions/setup-java@v3
[aebc7319-9bb0-403f-82a3-c1ae8022dff1/build]   🐳  docker exec cmd=[node /var/run/act/actions/actions-setup-java@v3/dist/cleanup/index.js] user= workdir=
[aebc7319-9bb0-403f-82a3-c1ae8022dff1/build]   ✅  Success - Post actions/setup-java@v3
[aebc7319-9bb0-403f-82a3-c1ae8022dff1/build] 🏁  Job failed
[aebc7319-9bb0-403f-82a3-c1ae8022dff1/build] unable to get git ref: failed to identify reference (tag/branch) for the checked-out revision '0f5c17535ff8a3bd7a8c8a0616535077e5c72d39'
