[700f18a7-5695-4fc5-8dc8-ff83bc2613b3/build] 🚀  Start image=gitbugactions:latest
[700f18a7-5695-4fc5-8dc8-ff83bc2613b3/build]   🐳  docker pull image=gitbugactions:latest platform= username= forcePull=false
[700f18a7-5695-4fc5-8dc8-ff83bc2613b3/build]   🐳  docker create image=gitbugactions:latest platform= entrypoint=["tail" "-f" "/dev/null"] cmd=[]
[700f18a7-5695-4fc5-8dc8-ff83bc2613b3/build]   🐳  docker run image=gitbugactions:latest platform= entrypoint=["tail" "-f" "/dev/null"] cmd=[]
[700f18a7-5695-4fc5-8dc8-ff83bc2613b3/build]   🐳  docker exec cmd=[chown -R 1012:1013 /tmp/8d561140-c38e-47e5-a7aa-52797a9c6c1b] user=0 workdir=
[700f18a7-5695-4fc5-8dc8-ff83bc2613b3/build] unable to get git ref: failed to identify reference (tag/branch) for the checked-out revision '074dc016d21f9848140d125c2812d8abf25e8d53'
[700f18a7-5695-4fc5-8dc8-ff83bc2613b3/build] unable to get git ref: failed to identify reference (tag/branch) for the checked-out revision '074dc016d21f9848140d125c2812d8abf25e8d53'
[700f18a7-5695-4fc5-8dc8-ff83bc2613b3/build] unable to get git ref: failed to identify reference (tag/branch) for the checked-out revision '074dc016d21f9848140d125c2812d8abf25e8d53'
[700f18a7-5695-4fc5-8dc8-ff83bc2613b3/build] unable to get git ref: failed to identify reference (tag/branch) for the checked-out revision '074dc016d21f9848140d125c2812d8abf25e8d53'
[700f18a7-5695-4fc5-8dc8-ff83bc2613b3/build] unable to get git ref: failed to identify reference (tag/branch) for the checked-out revision '074dc016d21f9848140d125c2812d8abf25e8d53'
[700f18a7-5695-4fc5-8dc8-ff83bc2613b3/build] unable to get git ref: failed to identify reference (tag/branch) for the checked-out revision '074dc016d21f9848140d125c2812d8abf25e8d53'
[700f18a7-5695-4fc5-8dc8-ff83bc2613b3/build] unable to get git ref: failed to identify reference (tag/branch) for the checked-out revision '074dc016d21f9848140d125c2812d8abf25e8d53'
[700f18a7-5695-4fc5-8dc8-ff83bc2613b3/build] unable to get git ref: failed to identify reference (tag/branch) for the checked-out revision '074dc016d21f9848140d125c2812d8abf25e8d53'
[700f18a7-5695-4fc5-8dc8-ff83bc2613b3/build] unable to get git ref: failed to identify reference (tag/branch) for the checked-out revision '074dc016d21f9848140d125c2812d8abf25e8d53'
[700f18a7-5695-4fc5-8dc8-ff83bc2613b3/build] ⭐ Run Main actions/checkout@v3
[700f18a7-5695-4fc5-8dc8-ff83bc2613b3/build] unable to get git ref: failed to identify reference (tag/branch) for the checked-out revision '074dc016d21f9848140d125c2812d8abf25e8d53'
[700f18a7-5695-4fc5-8dc8-ff83bc2613b3/build] unable to get git ref: failed to identify reference (tag/branch) for the checked-out revision '074dc016d21f9848140d125c2812d8abf25e8d53'
[700f18a7-5695-4fc5-8dc8-ff83bc2613b3/build]   🐳  docker cp src=/tmp/8d561140-c38e-47e5-a7aa-52797a9c6c1b/. dst=/tmp/8d561140-c38e-47e5-a7aa-52797a9c6c1b
[700f18a7-5695-4fc5-8dc8-ff83bc2613b3/build]   🐳  docker exec cmd=[chown -R 1012:1013 /tmp/8d561140-c38e-47e5-a7aa-52797a9c6c1b] user=0 workdir=
[700f18a7-5695-4fc5-8dc8-ff83bc2613b3/build]   ✅  Success - Main actions/checkout@v3
[700f18a7-5695-4fc5-8dc8-ff83bc2613b3/build] unable to get git ref: failed to identify reference (tag/branch) for the checked-out revision '074dc016d21f9848140d125c2812d8abf25e8d53'
[700f18a7-5695-4fc5-8dc8-ff83bc2613b3/build] unable to get git ref: failed to identify reference (tag/branch) for the checked-out revision '074dc016d21f9848140d125c2812d8abf25e8d53'
[700f18a7-5695-4fc5-8dc8-ff83bc2613b3/build] unable to get git ref: failed to identify reference (tag/branch) for the checked-out revision '074dc016d21f9848140d125c2812d8abf25e8d53'
[700f18a7-5695-4fc5-8dc8-ff83bc2613b3/build] unable to get git ref: failed to identify reference (tag/branch) for the checked-out revision '074dc016d21f9848140d125c2812d8abf25e8d53'
[700f18a7-5695-4fc5-8dc8-ff83bc2613b3/build] unable to get git ref: failed to identify reference (tag/branch) for the checked-out revision '074dc016d21f9848140d125c2812d8abf25e8d53'
[700f18a7-5695-4fc5-8dc8-ff83bc2613b3/build] ⭐ Run Main actions/setup-java@v3
[700f18a7-5695-4fc5-8dc8-ff83bc2613b3/build] unable to get git ref: failed to identify reference (tag/branch) for the checked-out revision '074dc016d21f9848140d125c2812d8abf25e8d53'
[700f18a7-5695-4fc5-8dc8-ff83bc2613b3/build] unable to get git ref: failed to identify reference (tag/branch) for the checked-out revision '074dc016d21f9848140d125c2812d8abf25e8d53'
[700f18a7-5695-4fc5-8dc8-ff83bc2613b3/build] unable to get git ref: failed to identify reference (tag/branch) for the checked-out revision '074dc016d21f9848140d125c2812d8abf25e8d53'
[700f18a7-5695-4fc5-8dc8-ff83bc2613b3/build]   🐳  docker cp src=/tmp/act-cache/ff7a736e-1fc4-4817-9147-d664e175e633/act/actions-setup-java@v3/ dst=/var/run/act/actions/actions-setup-java@v3/
[700f18a7-5695-4fc5-8dc8-ff83bc2613b3/build]   🐳  docker exec cmd=[chown -R 1012:1013 /var/run/act/actions/actions-setup-java@v3/] user=0 workdir=
[700f18a7-5695-4fc5-8dc8-ff83bc2613b3/build]   🐳  docker exec cmd=[node /var/run/act/actions/actions-setup-java@v3/dist/setup/index.js] user= workdir=
[700f18a7-5695-4fc5-8dc8-ff83bc2613b3/build]   ❓  ::group::Installed distributions
[700f18a7-5695-4fc5-8dc8-ff83bc2613b3/build]   | Trying to resolve the latest version from remote
[700f18a7-5695-4fc5-8dc8-ff83bc2613b3/build]   💬  ::debug::Gathering available versions from 'https://api.azul.com/zulu/download/community/v1.0/bundles/?os=linux&ext=tar.gz&bundle_type=jdk&javafx=false&arch=x86&hw_bitness=64&release_status=ga'
[700f18a7-5695-4fc5-8dc8-ff83bc2613b3/build]   | Resolved latest version as 11.0.21+9
[700f18a7-5695-4fc5-8dc8-ff83bc2613b3/build]   | Trying to download...
[700f18a7-5695-4fc5-8dc8-ff83bc2613b3/build]   | Downloading Java 11.0.21+9 (Zulu) from https://cdn.azul.com/zulu/bin/zulu11.68.17-ca-jdk11.0.21-linux_x64.tar.gz ...
[700f18a7-5695-4fc5-8dc8-ff83bc2613b3/build]   💬  ::debug::Downloading https://cdn.azul.com/zulu/bin/zulu11.68.17-ca-jdk11.0.21-linux_x64.tar.gz
[700f18a7-5695-4fc5-8dc8-ff83bc2613b3/build]   💬  ::debug::Destination /tmp/01c6ef8e-80a5-4b4b-b4b0-5f312590ffe8
[700f18a7-5695-4fc5-8dc8-ff83bc2613b3/build]   💬  ::debug::download complete
[700f18a7-5695-4fc5-8dc8-ff83bc2613b3/build]   | Extracting Java archive...
[700f18a7-5695-4fc5-8dc8-ff83bc2613b3/build]   💬  ::debug::Checking tar --version
[700f18a7-5695-4fc5-8dc8-ff83bc2613b3/build]   💬  ::debug::tar (GNU tar) 1.34%0ACopyright (C) 2021 Free Software Foundation, Inc.%0ALicense GPLv3+: GNU GPL version 3 or later <https://gnu.org/licenses/gpl.html>.%0AThis is free software: you are free to change and redistribute it.%0AThere is NO WARRANTY, to the extent permitted by law.%0A%0AWritten by John Gilmore and Jay Fenlason.
[700f18a7-5695-4fc5-8dc8-ff83bc2613b3/build]   | [command]/usr/bin/tar xz --warning=no-unknown-keyword -C /tmp/231641cd-bc6e-4663-83e9-988798e276d2 -f /tmp/01c6ef8e-80a5-4b4b-b4b0-5f312590ffe8
[700f18a7-5695-4fc5-8dc8-ff83bc2613b3/build]   💬  ::debug::Caching tool Java_Zulu_jdk 11.0.21-9 x64
[700f18a7-5695-4fc5-8dc8-ff83bc2613b3/build]   💬  ::debug::source dir: /tmp/231641cd-bc6e-4663-83e9-988798e276d2/zulu11.68.17-ca-jdk11.0.21-linux_x64
[700f18a7-5695-4fc5-8dc8-ff83bc2613b3/build]   💬  ::debug::destination /opt/hostedtoolcache/Java_Zulu_jdk/11.0.21-9/x64
[700f18a7-5695-4fc5-8dc8-ff83bc2613b3/build]   💬  ::debug::finished caching tool
[700f18a7-5695-4fc5-8dc8-ff83bc2613b3/build]   | Java 11.0.21+9 was downloaded
[700f18a7-5695-4fc5-8dc8-ff83bc2613b3/build]   | Setting Java 11.0.21+9 as the default
[700f18a7-5695-4fc5-8dc8-ff83bc2613b3/build]   | Creating toolchains.xml for JDK version 11 from zulu
[700f18a7-5695-4fc5-8dc8-ff83bc2613b3/build]   | Writing to /home/runner/.m2/toolchains.xml
[700f18a7-5695-4fc5-8dc8-ff83bc2613b3/build]   | 
[700f18a7-5695-4fc5-8dc8-ff83bc2613b3/build]   | Java configuration:
[700f18a7-5695-4fc5-8dc8-ff83bc2613b3/build]   |   Distribution: zulu
[700f18a7-5695-4fc5-8dc8-ff83bc2613b3/build]   |   Version: 11.0.21+9
[700f18a7-5695-4fc5-8dc8-ff83bc2613b3/build]   |   Path: /opt/hostedtoolcache/Java_Zulu_jdk/11.0.21-9/x64
[700f18a7-5695-4fc5-8dc8-ff83bc2613b3/build]   | 
[700f18a7-5695-4fc5-8dc8-ff83bc2613b3/build]   ❓  ::endgroup::
[700f18a7-5695-4fc5-8dc8-ff83bc2613b3/build]   ❓ add-matcher /run/act/actions/actions-setup-java@v3/.github/java.json
[700f18a7-5695-4fc5-8dc8-ff83bc2613b3/build]   | Creating settings.xml with server-id: github
[700f18a7-5695-4fc5-8dc8-ff83bc2613b3/build]   | Writing to /home/runner/.m2/settings.xml
[700f18a7-5695-4fc5-8dc8-ff83bc2613b3/build]   ✅  Success - Main actions/setup-java@v3
[700f18a7-5695-4fc5-8dc8-ff83bc2613b3/build]   ⚙  ::set-env:: JAVA_HOME=/opt/hostedtoolcache/Java_Zulu_jdk/11.0.21-9/x64
[700f18a7-5695-4fc5-8dc8-ff83bc2613b3/build]   ⚙  ::set-env:: JAVA_HOME_11_X64=/opt/hostedtoolcache/Java_Zulu_jdk/11.0.21-9/x64
[700f18a7-5695-4fc5-8dc8-ff83bc2613b3/build]   ⚙  ::set-output:: path=/opt/hostedtoolcache/Java_Zulu_jdk/11.0.21-9/x64
[700f18a7-5695-4fc5-8dc8-ff83bc2613b3/build]   ⚙  ::set-output:: version=11.0.21+9
[700f18a7-5695-4fc5-8dc8-ff83bc2613b3/build]   ⚙  ::set-output:: distribution=Zulu
[700f18a7-5695-4fc5-8dc8-ff83bc2613b3/build]   ⚙  ::add-path:: /opt/hostedtoolcache/Java_Zulu_jdk/11.0.21-9/x64/bin
[700f18a7-5695-4fc5-8dc8-ff83bc2613b3/build] unable to get git ref: failed to identify reference (tag/branch) for the checked-out revision '074dc016d21f9848140d125c2812d8abf25e8d53'
[700f18a7-5695-4fc5-8dc8-ff83bc2613b3/build] unable to get git ref: failed to identify reference (tag/branch) for the checked-out revision '074dc016d21f9848140d125c2812d8abf25e8d53'
[700f18a7-5695-4fc5-8dc8-ff83bc2613b3/build] unable to get git ref: failed to identify reference (tag/branch) for the checked-out revision '074dc016d21f9848140d125c2812d8abf25e8d53'
[700f18a7-5695-4fc5-8dc8-ff83bc2613b3/build] unable to get git ref: failed to identify reference (tag/branch) for the checked-out revision '074dc016d21f9848140d125c2812d8abf25e8d53'
[700f18a7-5695-4fc5-8dc8-ff83bc2613b3/build] unable to get git ref: failed to identify reference (tag/branch) for the checked-out revision '074dc016d21f9848140d125c2812d8abf25e8d53'
[700f18a7-5695-4fc5-8dc8-ff83bc2613b3/build] ⭐ Run Main ./gradlew build --no-daemon --warning-mode=fail
[700f18a7-5695-4fc5-8dc8-ff83bc2613b3/build] unable to get git ref: failed to identify reference (tag/branch) for the checked-out revision '074dc016d21f9848140d125c2812d8abf25e8d53'
[700f18a7-5695-4fc5-8dc8-ff83bc2613b3/build] unable to get git ref: failed to identify reference (tag/branch) for the checked-out revision '074dc016d21f9848140d125c2812d8abf25e8d53'
[700f18a7-5695-4fc5-8dc8-ff83bc2613b3/build] unable to get git ref: failed to identify reference (tag/branch) for the checked-out revision '074dc016d21f9848140d125c2812d8abf25e8d53'
[700f18a7-5695-4fc5-8dc8-ff83bc2613b3/build] unable to get git ref: failed to identify reference (tag/branch) for the checked-out revision '074dc016d21f9848140d125c2812d8abf25e8d53'
[700f18a7-5695-4fc5-8dc8-ff83bc2613b3/build]   🐳  docker exec cmd=[bash --noprofile --norc -e -o pipefail /var/run/act/workflow/2] user= workdir=
[700f18a7-5695-4fc5-8dc8-ff83bc2613b3/build]   | Downloading https://services.gradle.org/distributions/gradle-7.5.1-bin.zip
[700f18a7-5695-4fc5-8dc8-ff83bc2613b3/build]   | ...........10%............20%...........30%............40%...........50%............60%...........70%............80%...........90%............100%
[700f18a7-5695-4fc5-8dc8-ff83bc2613b3/build]   | 
[700f18a7-5695-4fc5-8dc8-ff83bc2613b3/build]   | Welcome to Gradle 7.5.1!
[700f18a7-5695-4fc5-8dc8-ff83bc2613b3/build]   | 
[700f18a7-5695-4fc5-8dc8-ff83bc2613b3/build]   | Here are the highlights of this release:
[700f18a7-5695-4fc5-8dc8-ff83bc2613b3/build]   |  - Support for Java 18
[700f18a7-5695-4fc5-8dc8-ff83bc2613b3/build]   |  - Support for building with Groovy 4
[700f18a7-5695-4fc5-8dc8-ff83bc2613b3/build]   |  - Much more responsive continuous builds
[700f18a7-5695-4fc5-8dc8-ff83bc2613b3/build]   |  - Improved diagnostics for dependency resolution
[700f18a7-5695-4fc5-8dc8-ff83bc2613b3/build]   | 
[700f18a7-5695-4fc5-8dc8-ff83bc2613b3/build]   | For more details see https://docs.gradle.org/7.5.1/release-notes.html
[700f18a7-5695-4fc5-8dc8-ff83bc2613b3/build]   | 
[700f18a7-5695-4fc5-8dc8-ff83bc2613b3/build]   | To honour the JVM settings for this build a single-use Daemon process will be forked. See https://docs.gradle.org/7.5.1/userguide/gradle_daemon.html#sec:disabling_the_daemon.
[700f18a7-5695-4fc5-8dc8-ff83bc2613b3/build]   | Daemon will be stopped at the end of the build 
[700f18a7-5695-4fc5-8dc8-ff83bc2613b3/build]   | 
[700f18a7-5695-4fc5-8dc8-ff83bc2613b3/build]   | > Configure project :
[700f18a7-5695-4fc5-8dc8-ff83bc2613b3/build]   | Kordamp Enforcer Gradle plugin 0.10.0. Consider becoming a patron at https://www.patreon.com/aalmiray
[700f18a7-5695-4fc5-8dc8-ff83bc2613b3/build]   | 
[700f18a7-5695-4fc5-8dc8-ff83bc2613b3/build]   | > Task :copyDependencies
[700f18a7-5695-4fc5-8dc8-ff83bc2613b3/build]   | > Task :extractIncludeProto
[700f18a7-5695-4fc5-8dc8-ff83bc2613b3/build]   | > Task :extractProto
[700f18a7-5695-4fc5-8dc8-ff83bc2613b3/build]   | > Task :generateProto
[700f18a7-5695-4fc5-8dc8-ff83bc2613b3/build]   | > Task :compileJava
[700f18a7-5695-4fc5-8dc8-ff83bc2613b3/build]   | Note: Some input files use or override a deprecated API.
[700f18a7-5695-4fc5-8dc8-ff83bc2613b3/build]   | Note: Recompile with -Xlint:deprecation for details.
[700f18a7-5695-4fc5-8dc8-ff83bc2613b3/build]   | Note: Some input files use unchecked or unsafe operations.
[700f18a7-5695-4fc5-8dc8-ff83bc2613b3/build]   | Note: Recompile with -Xlint:unchecked for details.
[700f18a7-5695-4fc5-8dc8-ff83bc2613b3/build]   | 
[700f18a7-5695-4fc5-8dc8-ff83bc2613b3/build]   | > Task :processResources
[700f18a7-5695-4fc5-8dc8-ff83bc2613b3/build]   | > Task :classes
[700f18a7-5695-4fc5-8dc8-ff83bc2613b3/build]   | > Task :jar
[700f18a7-5695-4fc5-8dc8-ff83bc2613b3/build]   | > Task :assemble
[700f18a7-5695-4fc5-8dc8-ff83bc2613b3/build]   | > Task :extractIncludeTestProto
[700f18a7-5695-4fc5-8dc8-ff83bc2613b3/build]   | > Task :extractTestProto
[700f18a7-5695-4fc5-8dc8-ff83bc2613b3/build]   | > Task :generateTestProto NO-SOURCE
[700f18a7-5695-4fc5-8dc8-ff83bc2613b3/build]   | Note: Some input files use or override a deprecated API.
[700f18a7-5695-4fc5-8dc8-ff83bc2613b3/build]   | Note: Recompile with -Xlint:deprecation for details.
[700f18a7-5695-4fc5-8dc8-ff83bc2613b3/build]   | 
[700f18a7-5695-4fc5-8dc8-ff83bc2613b3/build]   | > Task :compileTestJava
[700f18a7-5695-4fc5-8dc8-ff83bc2613b3/build]   | 
[700f18a7-5695-4fc5-8dc8-ff83bc2613b3/build]   | > Task :processTestResources NO-SOURCE
[700f18a7-5695-4fc5-8dc8-ff83bc2613b3/build]   | > Task :testClasses
[700f18a7-5695-4fc5-8dc8-ff83bc2613b3/build]   | > Task :checkstyleTest SKIPPED
[700f18a7-5695-4fc5-8dc8-ff83bc2613b3/build]   | > Task :checkstyleMain
[700f18a7-5695-4fc5-8dc8-ff83bc2613b3/build]   | 
[700f18a7-5695-4fc5-8dc8-ff83bc2613b3/build]   | > Task :test FAILED
[700f18a7-5695-4fc5-8dc8-ff83bc2613b3/build]   | 
[700f18a7-5695-4fc5-8dc8-ff83bc2613b3/build]   | HuabaoProtocolDecoderTest > testDecode() FAILED
[700f18a7-5695-4fc5-8dc8-ff83bc2613b3/build]   |     java.lang.IllegalArgumentException at HuabaoProtocolDecoderTest.java:17
[700f18a7-5695-4fc5-8dc8-ff83bc2613b3/build]   | 
[700f18a7-5695-4fc5-8dc8-ff83bc2613b3/build]   | 497 tests completed, 1 failed, 23 skipped
[700f18a7-5695-4fc5-8dc8-ff83bc2613b3/build]   | 12 actionable tasks: 12 executed
[700f18a7-5695-4fc5-8dc8-ff83bc2613b3/build]   | 
[700f18a7-5695-4fc5-8dc8-ff83bc2613b3/build]   | FAILURE: Build failed with an exception.
[700f18a7-5695-4fc5-8dc8-ff83bc2613b3/build]   | 
[700f18a7-5695-4fc5-8dc8-ff83bc2613b3/build]   | * What went wrong:
[700f18a7-5695-4fc5-8dc8-ff83bc2613b3/build]   | Execution failed for task ':test'.
[700f18a7-5695-4fc5-8dc8-ff83bc2613b3/build]   | > There were failing tests. See the report at: file:///tmp/8d561140-c38e-47e5-a7aa-52797a9c6c1b/build/reports/tests/test/index.html
[700f18a7-5695-4fc5-8dc8-ff83bc2613b3/build]   | 
[700f18a7-5695-4fc5-8dc8-ff83bc2613b3/build]   | * Try:
[700f18a7-5695-4fc5-8dc8-ff83bc2613b3/build]   | > Run with --stacktrace option to get the stack trace.
[700f18a7-5695-4fc5-8dc8-ff83bc2613b3/build]   | > Run with --info or --debug option to get more log output.
[700f18a7-5695-4fc5-8dc8-ff83bc2613b3/build]   | > Run with --scan to get full insights.
[700f18a7-5695-4fc5-8dc8-ff83bc2613b3/build]   | 
[700f18a7-5695-4fc5-8dc8-ff83bc2613b3/build]   | * Get more help at https://help.gradle.org
[700f18a7-5695-4fc5-8dc8-ff83bc2613b3/build]   | 
[700f18a7-5695-4fc5-8dc8-ff83bc2613b3/build]   | BUILD FAILED in 3m 6s
[700f18a7-5695-4fc5-8dc8-ff83bc2613b3/build]   ❌  Failure - Main ./gradlew build --no-daemon --warning-mode=fail
[700f18a7-5695-4fc5-8dc8-ff83bc2613b3/build] exitcode '1': failure
[700f18a7-5695-4fc5-8dc8-ff83bc2613b3/build] unable to get git ref: failed to identify reference (tag/branch) for the checked-out revision '074dc016d21f9848140d125c2812d8abf25e8d53'
[700f18a7-5695-4fc5-8dc8-ff83bc2613b3/build] unable to get git ref: failed to identify reference (tag/branch) for the checked-out revision '074dc016d21f9848140d125c2812d8abf25e8d53'
[700f18a7-5695-4fc5-8dc8-ff83bc2613b3/build] unable to get git ref: failed to identify reference (tag/branch) for the checked-out revision '074dc016d21f9848140d125c2812d8abf25e8d53'
[700f18a7-5695-4fc5-8dc8-ff83bc2613b3/build] unable to get git ref: failed to identify reference (tag/branch) for the checked-out revision '074dc016d21f9848140d125c2812d8abf25e8d53'
[700f18a7-5695-4fc5-8dc8-ff83bc2613b3/build] unable to get git ref: failed to identify reference (tag/branch) for the checked-out revision '074dc016d21f9848140d125c2812d8abf25e8d53'
[700f18a7-5695-4fc5-8dc8-ff83bc2613b3/build] ⭐ Run Post actions/setup-java@v3
[700f18a7-5695-4fc5-8dc8-ff83bc2613b3/build]   🐳  docker exec cmd=[node /var/run/act/actions/actions-setup-java@v3/dist/cleanup/index.js] user= workdir=
[700f18a7-5695-4fc5-8dc8-ff83bc2613b3/build]   ✅  Success - Post actions/setup-java@v3
[700f18a7-5695-4fc5-8dc8-ff83bc2613b3/build] 🏁  Job failed
[700f18a7-5695-4fc5-8dc8-ff83bc2613b3/build] unable to get git ref: failed to identify reference (tag/branch) for the checked-out revision '074dc016d21f9848140d125c2812d8abf25e8d53'
