[cd3959db-8143-49fb-b91c-2a6e19747072/build] 🚀  Start image=gitbugactions:latest
[cd3959db-8143-49fb-b91c-2a6e19747072/build]   🐳  docker pull image=gitbugactions:latest platform= username= forcePull=false
[cd3959db-8143-49fb-b91c-2a6e19747072/build]   🐳  docker create image=gitbugactions:latest platform= entrypoint=["tail" "-f" "/dev/null"] cmd=[]
[cd3959db-8143-49fb-b91c-2a6e19747072/build]   🐳  docker run image=gitbugactions:latest platform= entrypoint=["tail" "-f" "/dev/null"] cmd=[]
[cd3959db-8143-49fb-b91c-2a6e19747072/build]   🐳  docker exec cmd=[chown -R 1012:1013 /tmp/8d561140-c38e-47e5-a7aa-52797a9c6c1b] user=0 workdir=
[cd3959db-8143-49fb-b91c-2a6e19747072/build] unable to get git ref: failed to identify reference (tag/branch) for the checked-out revision '074dc016d21f9848140d125c2812d8abf25e8d53'
[cd3959db-8143-49fb-b91c-2a6e19747072/build] unable to get git ref: failed to identify reference (tag/branch) for the checked-out revision '074dc016d21f9848140d125c2812d8abf25e8d53'
[cd3959db-8143-49fb-b91c-2a6e19747072/build] unable to get git ref: failed to identify reference (tag/branch) for the checked-out revision '074dc016d21f9848140d125c2812d8abf25e8d53'
[cd3959db-8143-49fb-b91c-2a6e19747072/build] unable to get git ref: failed to identify reference (tag/branch) for the checked-out revision '074dc016d21f9848140d125c2812d8abf25e8d53'
[cd3959db-8143-49fb-b91c-2a6e19747072/build] unable to get git ref: failed to identify reference (tag/branch) for the checked-out revision '074dc016d21f9848140d125c2812d8abf25e8d53'
[cd3959db-8143-49fb-b91c-2a6e19747072/build] unable to get git ref: failed to identify reference (tag/branch) for the checked-out revision '074dc016d21f9848140d125c2812d8abf25e8d53'
[cd3959db-8143-49fb-b91c-2a6e19747072/build] unable to get git ref: failed to identify reference (tag/branch) for the checked-out revision '074dc016d21f9848140d125c2812d8abf25e8d53'
[cd3959db-8143-49fb-b91c-2a6e19747072/build] unable to get git ref: failed to identify reference (tag/branch) for the checked-out revision '074dc016d21f9848140d125c2812d8abf25e8d53'
[cd3959db-8143-49fb-b91c-2a6e19747072/build] unable to get git ref: failed to identify reference (tag/branch) for the checked-out revision '074dc016d21f9848140d125c2812d8abf25e8d53'
[cd3959db-8143-49fb-b91c-2a6e19747072/build] ⭐ Run Main actions/checkout@v3
[cd3959db-8143-49fb-b91c-2a6e19747072/build] unable to get git ref: failed to identify reference (tag/branch) for the checked-out revision '074dc016d21f9848140d125c2812d8abf25e8d53'
[cd3959db-8143-49fb-b91c-2a6e19747072/build] unable to get git ref: failed to identify reference (tag/branch) for the checked-out revision '074dc016d21f9848140d125c2812d8abf25e8d53'
[cd3959db-8143-49fb-b91c-2a6e19747072/build]   🐳  docker cp src=/tmp/8d561140-c38e-47e5-a7aa-52797a9c6c1b/. dst=/tmp/8d561140-c38e-47e5-a7aa-52797a9c6c1b
[cd3959db-8143-49fb-b91c-2a6e19747072/build]   🐳  docker exec cmd=[chown -R 1012:1013 /tmp/8d561140-c38e-47e5-a7aa-52797a9c6c1b] user=0 workdir=
[cd3959db-8143-49fb-b91c-2a6e19747072/build]   ✅  Success - Main actions/checkout@v3
[cd3959db-8143-49fb-b91c-2a6e19747072/build] unable to get git ref: failed to identify reference (tag/branch) for the checked-out revision '074dc016d21f9848140d125c2812d8abf25e8d53'
[cd3959db-8143-49fb-b91c-2a6e19747072/build] unable to get git ref: failed to identify reference (tag/branch) for the checked-out revision '074dc016d21f9848140d125c2812d8abf25e8d53'
[cd3959db-8143-49fb-b91c-2a6e19747072/build] unable to get git ref: failed to identify reference (tag/branch) for the checked-out revision '074dc016d21f9848140d125c2812d8abf25e8d53'
[cd3959db-8143-49fb-b91c-2a6e19747072/build] unable to get git ref: failed to identify reference (tag/branch) for the checked-out revision '074dc016d21f9848140d125c2812d8abf25e8d53'
[cd3959db-8143-49fb-b91c-2a6e19747072/build] unable to get git ref: failed to identify reference (tag/branch) for the checked-out revision '074dc016d21f9848140d125c2812d8abf25e8d53'
[cd3959db-8143-49fb-b91c-2a6e19747072/build] ⭐ Run Main actions/setup-java@v3
[cd3959db-8143-49fb-b91c-2a6e19747072/build] unable to get git ref: failed to identify reference (tag/branch) for the checked-out revision '074dc016d21f9848140d125c2812d8abf25e8d53'
[cd3959db-8143-49fb-b91c-2a6e19747072/build] unable to get git ref: failed to identify reference (tag/branch) for the checked-out revision '074dc016d21f9848140d125c2812d8abf25e8d53'
[cd3959db-8143-49fb-b91c-2a6e19747072/build] unable to get git ref: failed to identify reference (tag/branch) for the checked-out revision '074dc016d21f9848140d125c2812d8abf25e8d53'
[cd3959db-8143-49fb-b91c-2a6e19747072/build]   🐳  docker cp src=/tmp/act-cache/ff7a736e-1fc4-4817-9147-d664e175e633/act/actions-setup-java@v3/ dst=/var/run/act/actions/actions-setup-java@v3/
[cd3959db-8143-49fb-b91c-2a6e19747072/build]   🐳  docker exec cmd=[chown -R 1012:1013 /var/run/act/actions/actions-setup-java@v3/] user=0 workdir=
[cd3959db-8143-49fb-b91c-2a6e19747072/build]   🐳  docker exec cmd=[node /var/run/act/actions/actions-setup-java@v3/dist/setup/index.js] user= workdir=
[cd3959db-8143-49fb-b91c-2a6e19747072/build]   ❓  ::group::Installed distributions
[cd3959db-8143-49fb-b91c-2a6e19747072/build]   | Trying to resolve the latest version from remote
[cd3959db-8143-49fb-b91c-2a6e19747072/build]   💬  ::debug::Gathering available versions from 'https://api.azul.com/zulu/download/community/v1.0/bundles/?os=linux&ext=tar.gz&bundle_type=jdk&javafx=false&arch=x86&hw_bitness=64&release_status=ga'
[cd3959db-8143-49fb-b91c-2a6e19747072/build]   | Resolved latest version as 11.0.21+9
[cd3959db-8143-49fb-b91c-2a6e19747072/build]   | Trying to download...
[cd3959db-8143-49fb-b91c-2a6e19747072/build]   | Downloading Java 11.0.21+9 (Zulu) from https://cdn.azul.com/zulu/bin/zulu11.68.17-ca-jdk11.0.21-linux_x64.tar.gz ...
[cd3959db-8143-49fb-b91c-2a6e19747072/build]   💬  ::debug::Downloading https://cdn.azul.com/zulu/bin/zulu11.68.17-ca-jdk11.0.21-linux_x64.tar.gz
[cd3959db-8143-49fb-b91c-2a6e19747072/build]   💬  ::debug::Destination /tmp/9b05c5cd-215c-4a8b-9651-4445ab20d8b9
[cd3959db-8143-49fb-b91c-2a6e19747072/build]   💬  ::debug::download complete
[cd3959db-8143-49fb-b91c-2a6e19747072/build]   | Extracting Java archive...
[cd3959db-8143-49fb-b91c-2a6e19747072/build]   💬  ::debug::Checking tar --version
[cd3959db-8143-49fb-b91c-2a6e19747072/build]   💬  ::debug::tar (GNU tar) 1.34%0ACopyright (C) 2021 Free Software Foundation, Inc.%0ALicense GPLv3+: GNU GPL version 3 or later <https://gnu.org/licenses/gpl.html>.%0AThis is free software: you are free to change and redistribute it.%0AThere is NO WARRANTY, to the extent permitted by law.%0A%0AWritten by John Gilmore and Jay Fenlason.
[cd3959db-8143-49fb-b91c-2a6e19747072/build]   | [command]/usr/bin/tar xz --warning=no-unknown-keyword -C /tmp/af8a4186-4e17-4079-a457-0e6e6d77034d -f /tmp/9b05c5cd-215c-4a8b-9651-4445ab20d8b9
[cd3959db-8143-49fb-b91c-2a6e19747072/build]   💬  ::debug::Caching tool Java_Zulu_jdk 11.0.21-9 x64
[cd3959db-8143-49fb-b91c-2a6e19747072/build]   💬  ::debug::source dir: /tmp/af8a4186-4e17-4079-a457-0e6e6d77034d/zulu11.68.17-ca-jdk11.0.21-linux_x64
[cd3959db-8143-49fb-b91c-2a6e19747072/build]   💬  ::debug::destination /opt/hostedtoolcache/Java_Zulu_jdk/11.0.21-9/x64
[cd3959db-8143-49fb-b91c-2a6e19747072/build]   💬  ::debug::finished caching tool
[cd3959db-8143-49fb-b91c-2a6e19747072/build]   | Java 11.0.21+9 was downloaded
[cd3959db-8143-49fb-b91c-2a6e19747072/build]   | Setting Java 11.0.21+9 as the default
[cd3959db-8143-49fb-b91c-2a6e19747072/build]   | Creating toolchains.xml for JDK version 11 from zulu
[cd3959db-8143-49fb-b91c-2a6e19747072/build]   | Writing to /home/runner/.m2/toolchains.xml
[cd3959db-8143-49fb-b91c-2a6e19747072/build]   | 
[cd3959db-8143-49fb-b91c-2a6e19747072/build]   | Java configuration:
[cd3959db-8143-49fb-b91c-2a6e19747072/build]   |   Distribution: zulu
[cd3959db-8143-49fb-b91c-2a6e19747072/build]   |   Version: 11.0.21+9
[cd3959db-8143-49fb-b91c-2a6e19747072/build]   |   Path: /opt/hostedtoolcache/Java_Zulu_jdk/11.0.21-9/x64
[cd3959db-8143-49fb-b91c-2a6e19747072/build]   | 
[cd3959db-8143-49fb-b91c-2a6e19747072/build]   ❓  ::endgroup::
[cd3959db-8143-49fb-b91c-2a6e19747072/build]   ❓ add-matcher /run/act/actions/actions-setup-java@v3/.github/java.json
[cd3959db-8143-49fb-b91c-2a6e19747072/build]   | Creating settings.xml with server-id: github
[cd3959db-8143-49fb-b91c-2a6e19747072/build]   | Writing to /home/runner/.m2/settings.xml
[cd3959db-8143-49fb-b91c-2a6e19747072/build]   ✅  Success - Main actions/setup-java@v3
[cd3959db-8143-49fb-b91c-2a6e19747072/build]   ⚙  ::set-env:: JAVA_HOME=/opt/hostedtoolcache/Java_Zulu_jdk/11.0.21-9/x64
[cd3959db-8143-49fb-b91c-2a6e19747072/build]   ⚙  ::set-env:: JAVA_HOME_11_X64=/opt/hostedtoolcache/Java_Zulu_jdk/11.0.21-9/x64
[cd3959db-8143-49fb-b91c-2a6e19747072/build]   ⚙  ::set-output:: distribution=Zulu
[cd3959db-8143-49fb-b91c-2a6e19747072/build]   ⚙  ::set-output:: path=/opt/hostedtoolcache/Java_Zulu_jdk/11.0.21-9/x64
[cd3959db-8143-49fb-b91c-2a6e19747072/build]   ⚙  ::set-output:: version=11.0.21+9
[cd3959db-8143-49fb-b91c-2a6e19747072/build]   ⚙  ::add-path:: /opt/hostedtoolcache/Java_Zulu_jdk/11.0.21-9/x64/bin
[cd3959db-8143-49fb-b91c-2a6e19747072/build] unable to get git ref: failed to identify reference (tag/branch) for the checked-out revision '074dc016d21f9848140d125c2812d8abf25e8d53'
[cd3959db-8143-49fb-b91c-2a6e19747072/build] unable to get git ref: failed to identify reference (tag/branch) for the checked-out revision '074dc016d21f9848140d125c2812d8abf25e8d53'
[cd3959db-8143-49fb-b91c-2a6e19747072/build] unable to get git ref: failed to identify reference (tag/branch) for the checked-out revision '074dc016d21f9848140d125c2812d8abf25e8d53'
[cd3959db-8143-49fb-b91c-2a6e19747072/build] unable to get git ref: failed to identify reference (tag/branch) for the checked-out revision '074dc016d21f9848140d125c2812d8abf25e8d53'
[cd3959db-8143-49fb-b91c-2a6e19747072/build] unable to get git ref: failed to identify reference (tag/branch) for the checked-out revision '074dc016d21f9848140d125c2812d8abf25e8d53'
[cd3959db-8143-49fb-b91c-2a6e19747072/build] ⭐ Run Main ./gradlew build --no-daemon --warning-mode=fail
[cd3959db-8143-49fb-b91c-2a6e19747072/build] unable to get git ref: failed to identify reference (tag/branch) for the checked-out revision '074dc016d21f9848140d125c2812d8abf25e8d53'
[cd3959db-8143-49fb-b91c-2a6e19747072/build] unable to get git ref: failed to identify reference (tag/branch) for the checked-out revision '074dc016d21f9848140d125c2812d8abf25e8d53'
[cd3959db-8143-49fb-b91c-2a6e19747072/build] unable to get git ref: failed to identify reference (tag/branch) for the checked-out revision '074dc016d21f9848140d125c2812d8abf25e8d53'
[cd3959db-8143-49fb-b91c-2a6e19747072/build] unable to get git ref: failed to identify reference (tag/branch) for the checked-out revision '074dc016d21f9848140d125c2812d8abf25e8d53'
[cd3959db-8143-49fb-b91c-2a6e19747072/build]   🐳  docker exec cmd=[bash --noprofile --norc -e -o pipefail /var/run/act/workflow/2] user= workdir=
[cd3959db-8143-49fb-b91c-2a6e19747072/build]   | Downloading https://services.gradle.org/distributions/gradle-7.5.1-bin.zip
[cd3959db-8143-49fb-b91c-2a6e19747072/build]   | ...........10%............20%...........30%............40%...........50%............60%...........70%............80%...........90%............100%
[cd3959db-8143-49fb-b91c-2a6e19747072/build]   | 
[cd3959db-8143-49fb-b91c-2a6e19747072/build]   | Welcome to Gradle 7.5.1!
[cd3959db-8143-49fb-b91c-2a6e19747072/build]   | 
[cd3959db-8143-49fb-b91c-2a6e19747072/build]   | Here are the highlights of this release:
[cd3959db-8143-49fb-b91c-2a6e19747072/build]   |  - Support for Java 18
[cd3959db-8143-49fb-b91c-2a6e19747072/build]   |  - Support for building with Groovy 4
[cd3959db-8143-49fb-b91c-2a6e19747072/build]   |  - Much more responsive continuous builds
[cd3959db-8143-49fb-b91c-2a6e19747072/build]   |  - Improved diagnostics for dependency resolution
[cd3959db-8143-49fb-b91c-2a6e19747072/build]   | 
[cd3959db-8143-49fb-b91c-2a6e19747072/build]   | For more details see https://docs.gradle.org/7.5.1/release-notes.html
[cd3959db-8143-49fb-b91c-2a6e19747072/build]   | 
[cd3959db-8143-49fb-b91c-2a6e19747072/build]   | To honour the JVM settings for this build a single-use Daemon process will be forked. See https://docs.gradle.org/7.5.1/userguide/gradle_daemon.html#sec:disabling_the_daemon.
[cd3959db-8143-49fb-b91c-2a6e19747072/build]   | Daemon will be stopped at the end of the build 
[cd3959db-8143-49fb-b91c-2a6e19747072/build]   | 
[cd3959db-8143-49fb-b91c-2a6e19747072/build]   | > Configure project :
[cd3959db-8143-49fb-b91c-2a6e19747072/build]   | Kordamp Enforcer Gradle plugin 0.10.0. Consider becoming a patron at https://www.patreon.com/aalmiray
[cd3959db-8143-49fb-b91c-2a6e19747072/build]   | 
[cd3959db-8143-49fb-b91c-2a6e19747072/build]   | > Task :copyDependencies
[cd3959db-8143-49fb-b91c-2a6e19747072/build]   | > Task :extractIncludeProto
[cd3959db-8143-49fb-b91c-2a6e19747072/build]   | > Task :extractProto
[cd3959db-8143-49fb-b91c-2a6e19747072/build]   | > Task :generateProto
[cd3959db-8143-49fb-b91c-2a6e19747072/build]   | > Task :compileJava
[cd3959db-8143-49fb-b91c-2a6e19747072/build]   | Note: Some input files use or override a deprecated API.
[cd3959db-8143-49fb-b91c-2a6e19747072/build]   | Note: Recompile with -Xlint:deprecation for details.
[cd3959db-8143-49fb-b91c-2a6e19747072/build]   | Note: Some input files use unchecked or unsafe operations.
[cd3959db-8143-49fb-b91c-2a6e19747072/build]   | Note: Recompile with -Xlint:unchecked for details.
[cd3959db-8143-49fb-b91c-2a6e19747072/build]   | 
[cd3959db-8143-49fb-b91c-2a6e19747072/build]   | > Task :processResources
[cd3959db-8143-49fb-b91c-2a6e19747072/build]   | > Task :classes
[cd3959db-8143-49fb-b91c-2a6e19747072/build]   | > Task :jar
[cd3959db-8143-49fb-b91c-2a6e19747072/build]   | > Task :assemble
[cd3959db-8143-49fb-b91c-2a6e19747072/build]   | > Task :extractIncludeTestProto
[cd3959db-8143-49fb-b91c-2a6e19747072/build]   | > Task :extractTestProto
[cd3959db-8143-49fb-b91c-2a6e19747072/build]   | > Task :generateTestProto NO-SOURCE
[cd3959db-8143-49fb-b91c-2a6e19747072/build]   | Note: Some input files use or override a deprecated API.
[cd3959db-8143-49fb-b91c-2a6e19747072/build]   | Note: Recompile with -Xlint:deprecation for details.
[cd3959db-8143-49fb-b91c-2a6e19747072/build]   | 
[cd3959db-8143-49fb-b91c-2a6e19747072/build]   | > Task :compileTestJava
[cd3959db-8143-49fb-b91c-2a6e19747072/build]   | 
[cd3959db-8143-49fb-b91c-2a6e19747072/build]   | > Task :processTestResources NO-SOURCE
[cd3959db-8143-49fb-b91c-2a6e19747072/build]   | > Task :testClasses
[cd3959db-8143-49fb-b91c-2a6e19747072/build]   | > Task :checkstyleTest SKIPPED
[cd3959db-8143-49fb-b91c-2a6e19747072/build]   | > Task :test
[cd3959db-8143-49fb-b91c-2a6e19747072/build]   | > Task :checkstyleMain
[cd3959db-8143-49fb-b91c-2a6e19747072/build]   | > Task :check
[cd3959db-8143-49fb-b91c-2a6e19747072/build]   | > Task :build
[cd3959db-8143-49fb-b91c-2a6e19747072/build]   | 
[cd3959db-8143-49fb-b91c-2a6e19747072/build]   | BUILD SUCCESSFUL in 2m 28s
[cd3959db-8143-49fb-b91c-2a6e19747072/build]   | 12 actionable tasks: 12 executed
[cd3959db-8143-49fb-b91c-2a6e19747072/build]   ✅  Success - Main ./gradlew build --no-daemon --warning-mode=fail
[cd3959db-8143-49fb-b91c-2a6e19747072/build] unable to get git ref: failed to identify reference (tag/branch) for the checked-out revision '074dc016d21f9848140d125c2812d8abf25e8d53'
[cd3959db-8143-49fb-b91c-2a6e19747072/build] unable to get git ref: failed to identify reference (tag/branch) for the checked-out revision '074dc016d21f9848140d125c2812d8abf25e8d53'
[cd3959db-8143-49fb-b91c-2a6e19747072/build] unable to get git ref: failed to identify reference (tag/branch) for the checked-out revision '074dc016d21f9848140d125c2812d8abf25e8d53'
[cd3959db-8143-49fb-b91c-2a6e19747072/build] unable to get git ref: failed to identify reference (tag/branch) for the checked-out revision '074dc016d21f9848140d125c2812d8abf25e8d53'
[cd3959db-8143-49fb-b91c-2a6e19747072/build] unable to get git ref: failed to identify reference (tag/branch) for the checked-out revision '074dc016d21f9848140d125c2812d8abf25e8d53'
[cd3959db-8143-49fb-b91c-2a6e19747072/build] ⭐ Run Post actions/setup-java@v3
[cd3959db-8143-49fb-b91c-2a6e19747072/build]   🐳  docker exec cmd=[node /var/run/act/actions/actions-setup-java@v3/dist/cleanup/index.js] user= workdir=
[cd3959db-8143-49fb-b91c-2a6e19747072/build]   ✅  Success - Post actions/setup-java@v3
[cd3959db-8143-49fb-b91c-2a6e19747072/build] 🏁  Job succeeded
[cd3959db-8143-49fb-b91c-2a6e19747072/build] unable to get git ref: failed to identify reference (tag/branch) for the checked-out revision '074dc016d21f9848140d125c2812d8abf25e8d53'
