[4e15eec9-d106-43e2-82e0-0807543bbc4c/build] 🚀  Start image=gitbugactions:latest
[4e15eec9-d106-43e2-82e0-0807543bbc4c/build]   🐳  docker pull image=gitbugactions:latest platform= username= forcePull=false
[4e15eec9-d106-43e2-82e0-0807543bbc4c/build]   🐳  docker create image=gitbugactions:latest platform= entrypoint=["tail" "-f" "/dev/null"] cmd=[]
[4e15eec9-d106-43e2-82e0-0807543bbc4c/build]   🐳  docker run image=gitbugactions:latest platform= entrypoint=["tail" "-f" "/dev/null"] cmd=[]
[4e15eec9-d106-43e2-82e0-0807543bbc4c/build]   🐳  docker exec cmd=[chown -R 1012:1013 /tmp/c4ff446d-d2b9-429d-ba07-8fbdd01d204a] user=0 workdir=
[4e15eec9-d106-43e2-82e0-0807543bbc4c/build] unable to get git ref: failed to identify reference (tag/branch) for the checked-out revision 'c2dad387cb769284b279d8f0738a3f5b04c7819b'
[4e15eec9-d106-43e2-82e0-0807543bbc4c/build] unable to get git ref: failed to identify reference (tag/branch) for the checked-out revision 'c2dad387cb769284b279d8f0738a3f5b04c7819b'
[4e15eec9-d106-43e2-82e0-0807543bbc4c/build] unable to get git ref: failed to identify reference (tag/branch) for the checked-out revision 'c2dad387cb769284b279d8f0738a3f5b04c7819b'
[4e15eec9-d106-43e2-82e0-0807543bbc4c/build] unable to get git ref: failed to identify reference (tag/branch) for the checked-out revision 'c2dad387cb769284b279d8f0738a3f5b04c7819b'
[4e15eec9-d106-43e2-82e0-0807543bbc4c/build] unable to get git ref: failed to identify reference (tag/branch) for the checked-out revision 'c2dad387cb769284b279d8f0738a3f5b04c7819b'
[4e15eec9-d106-43e2-82e0-0807543bbc4c/build] unable to get git ref: failed to identify reference (tag/branch) for the checked-out revision 'c2dad387cb769284b279d8f0738a3f5b04c7819b'
[4e15eec9-d106-43e2-82e0-0807543bbc4c/build] unable to get git ref: failed to identify reference (tag/branch) for the checked-out revision 'c2dad387cb769284b279d8f0738a3f5b04c7819b'
[4e15eec9-d106-43e2-82e0-0807543bbc4c/build] unable to get git ref: failed to identify reference (tag/branch) for the checked-out revision 'c2dad387cb769284b279d8f0738a3f5b04c7819b'
[4e15eec9-d106-43e2-82e0-0807543bbc4c/build] unable to get git ref: failed to identify reference (tag/branch) for the checked-out revision 'c2dad387cb769284b279d8f0738a3f5b04c7819b'
[4e15eec9-d106-43e2-82e0-0807543bbc4c/build] ⭐ Run Main actions/checkout@v3
[4e15eec9-d106-43e2-82e0-0807543bbc4c/build] unable to get git ref: failed to identify reference (tag/branch) for the checked-out revision 'c2dad387cb769284b279d8f0738a3f5b04c7819b'
[4e15eec9-d106-43e2-82e0-0807543bbc4c/build] unable to get git ref: failed to identify reference (tag/branch) for the checked-out revision 'c2dad387cb769284b279d8f0738a3f5b04c7819b'
[4e15eec9-d106-43e2-82e0-0807543bbc4c/build]   🐳  docker cp src=/tmp/c4ff446d-d2b9-429d-ba07-8fbdd01d204a/. dst=/tmp/c4ff446d-d2b9-429d-ba07-8fbdd01d204a
[4e15eec9-d106-43e2-82e0-0807543bbc4c/build]   🐳  docker exec cmd=[chown -R 1012:1013 /tmp/c4ff446d-d2b9-429d-ba07-8fbdd01d204a] user=0 workdir=
[4e15eec9-d106-43e2-82e0-0807543bbc4c/build]   ✅  Success - Main actions/checkout@v3
[4e15eec9-d106-43e2-82e0-0807543bbc4c/build] unable to get git ref: failed to identify reference (tag/branch) for the checked-out revision 'c2dad387cb769284b279d8f0738a3f5b04c7819b'
[4e15eec9-d106-43e2-82e0-0807543bbc4c/build] unable to get git ref: failed to identify reference (tag/branch) for the checked-out revision 'c2dad387cb769284b279d8f0738a3f5b04c7819b'
[4e15eec9-d106-43e2-82e0-0807543bbc4c/build] unable to get git ref: failed to identify reference (tag/branch) for the checked-out revision 'c2dad387cb769284b279d8f0738a3f5b04c7819b'
[4e15eec9-d106-43e2-82e0-0807543bbc4c/build] unable to get git ref: failed to identify reference (tag/branch) for the checked-out revision 'c2dad387cb769284b279d8f0738a3f5b04c7819b'
[4e15eec9-d106-43e2-82e0-0807543bbc4c/build] unable to get git ref: failed to identify reference (tag/branch) for the checked-out revision 'c2dad387cb769284b279d8f0738a3f5b04c7819b'
[4e15eec9-d106-43e2-82e0-0807543bbc4c/build] ⭐ Run Main actions/setup-java@v3
[4e15eec9-d106-43e2-82e0-0807543bbc4c/build] unable to get git ref: failed to identify reference (tag/branch) for the checked-out revision 'c2dad387cb769284b279d8f0738a3f5b04c7819b'
[4e15eec9-d106-43e2-82e0-0807543bbc4c/build] unable to get git ref: failed to identify reference (tag/branch) for the checked-out revision 'c2dad387cb769284b279d8f0738a3f5b04c7819b'
[4e15eec9-d106-43e2-82e0-0807543bbc4c/build] unable to get git ref: failed to identify reference (tag/branch) for the checked-out revision 'c2dad387cb769284b279d8f0738a3f5b04c7819b'
[4e15eec9-d106-43e2-82e0-0807543bbc4c/build]   🐳  docker cp src=/tmp/act-cache/e218b415-6768-4e48-a918-898a5c2e2a77/act/actions-setup-java@v3/ dst=/var/run/act/actions/actions-setup-java@v3/
[4e15eec9-d106-43e2-82e0-0807543bbc4c/build]   🐳  docker exec cmd=[chown -R 1012:1013 /var/run/act/actions/actions-setup-java@v3/] user=0 workdir=
[4e15eec9-d106-43e2-82e0-0807543bbc4c/build]   🐳  docker exec cmd=[node /var/run/act/actions/actions-setup-java@v3/dist/setup/index.js] user= workdir=
[4e15eec9-d106-43e2-82e0-0807543bbc4c/build]   ❓  ::group::Installed distributions
[4e15eec9-d106-43e2-82e0-0807543bbc4c/build]   | Trying to resolve the latest version from remote
[4e15eec9-d106-43e2-82e0-0807543bbc4c/build]   💬  ::debug::Gathering available versions from 'https://api.azul.com/zulu/download/community/v1.0/bundles/?os=linux&ext=tar.gz&bundle_type=jdk&javafx=false&arch=x86&hw_bitness=64&release_status=ga'
[4e15eec9-d106-43e2-82e0-0807543bbc4c/build]   | Resolved latest version as 11.0.21+9
[4e15eec9-d106-43e2-82e0-0807543bbc4c/build]   | Trying to download...
[4e15eec9-d106-43e2-82e0-0807543bbc4c/build]   | Downloading Java 11.0.21+9 (Zulu) from https://cdn.azul.com/zulu/bin/zulu11.68.17-ca-jdk11.0.21-linux_x64.tar.gz ...
[4e15eec9-d106-43e2-82e0-0807543bbc4c/build]   💬  ::debug::Downloading https://cdn.azul.com/zulu/bin/zulu11.68.17-ca-jdk11.0.21-linux_x64.tar.gz
[4e15eec9-d106-43e2-82e0-0807543bbc4c/build]   💬  ::debug::Destination /tmp/03cec0d0-2523-4000-82d1-42db188b563f
[4e15eec9-d106-43e2-82e0-0807543bbc4c/build]   💬  ::debug::download complete
[4e15eec9-d106-43e2-82e0-0807543bbc4c/build]   | Extracting Java archive...
[4e15eec9-d106-43e2-82e0-0807543bbc4c/build]   💬  ::debug::Checking tar --version
[4e15eec9-d106-43e2-82e0-0807543bbc4c/build]   💬  ::debug::tar (GNU tar) 1.34%0ACopyright (C) 2021 Free Software Foundation, Inc.%0ALicense GPLv3+: GNU GPL version 3 or later <https://gnu.org/licenses/gpl.html>.%0AThis is free software: you are free to change and redistribute it.%0AThere is NO WARRANTY, to the extent permitted by law.%0A%0AWritten by John Gilmore and Jay Fenlason.
[4e15eec9-d106-43e2-82e0-0807543bbc4c/build]   | [command]/usr/bin/tar xz --warning=no-unknown-keyword -C /tmp/d62a1e2a-74ef-4e24-beb2-cab6bd734487 -f /tmp/03cec0d0-2523-4000-82d1-42db188b563f
[4e15eec9-d106-43e2-82e0-0807543bbc4c/build]   💬  ::debug::Caching tool Java_Zulu_jdk 11.0.21-9 x64
[4e15eec9-d106-43e2-82e0-0807543bbc4c/build]   💬  ::debug::source dir: /tmp/d62a1e2a-74ef-4e24-beb2-cab6bd734487/zulu11.68.17-ca-jdk11.0.21-linux_x64
[4e15eec9-d106-43e2-82e0-0807543bbc4c/build]   💬  ::debug::destination /opt/hostedtoolcache/Java_Zulu_jdk/11.0.21-9/x64
[4e15eec9-d106-43e2-82e0-0807543bbc4c/build]   💬  ::debug::finished caching tool
[4e15eec9-d106-43e2-82e0-0807543bbc4c/build]   | Java 11.0.21+9 was downloaded
[4e15eec9-d106-43e2-82e0-0807543bbc4c/build]   | Setting Java 11.0.21+9 as the default
[4e15eec9-d106-43e2-82e0-0807543bbc4c/build]   | Creating toolchains.xml for JDK version 11 from zulu
[4e15eec9-d106-43e2-82e0-0807543bbc4c/build]   | Writing to /home/runner/.m2/toolchains.xml
[4e15eec9-d106-43e2-82e0-0807543bbc4c/build]   | 
[4e15eec9-d106-43e2-82e0-0807543bbc4c/build]   | Java configuration:
[4e15eec9-d106-43e2-82e0-0807543bbc4c/build]   |   Distribution: zulu
[4e15eec9-d106-43e2-82e0-0807543bbc4c/build]   |   Version: 11.0.21+9
[4e15eec9-d106-43e2-82e0-0807543bbc4c/build]   |   Path: /opt/hostedtoolcache/Java_Zulu_jdk/11.0.21-9/x64
[4e15eec9-d106-43e2-82e0-0807543bbc4c/build]   | 
[4e15eec9-d106-43e2-82e0-0807543bbc4c/build]   ❓  ::endgroup::
[4e15eec9-d106-43e2-82e0-0807543bbc4c/build]   ❓ add-matcher /run/act/actions/actions-setup-java@v3/.github/java.json
[4e15eec9-d106-43e2-82e0-0807543bbc4c/build]   | Creating settings.xml with server-id: github
[4e15eec9-d106-43e2-82e0-0807543bbc4c/build]   | Writing to /home/runner/.m2/settings.xml
[4e15eec9-d106-43e2-82e0-0807543bbc4c/build]   ✅  Success - Main actions/setup-java@v3
[4e15eec9-d106-43e2-82e0-0807543bbc4c/build]   ⚙  ::set-env:: JAVA_HOME=/opt/hostedtoolcache/Java_Zulu_jdk/11.0.21-9/x64
[4e15eec9-d106-43e2-82e0-0807543bbc4c/build]   ⚙  ::set-env:: JAVA_HOME_11_X64=/opt/hostedtoolcache/Java_Zulu_jdk/11.0.21-9/x64
[4e15eec9-d106-43e2-82e0-0807543bbc4c/build]   ⚙  ::set-output:: distribution=Zulu
[4e15eec9-d106-43e2-82e0-0807543bbc4c/build]   ⚙  ::set-output:: path=/opt/hostedtoolcache/Java_Zulu_jdk/11.0.21-9/x64
[4e15eec9-d106-43e2-82e0-0807543bbc4c/build]   ⚙  ::set-output:: version=11.0.21+9
[4e15eec9-d106-43e2-82e0-0807543bbc4c/build]   ⚙  ::add-path:: /opt/hostedtoolcache/Java_Zulu_jdk/11.0.21-9/x64/bin
[4e15eec9-d106-43e2-82e0-0807543bbc4c/build] unable to get git ref: failed to identify reference (tag/branch) for the checked-out revision 'c2dad387cb769284b279d8f0738a3f5b04c7819b'
[4e15eec9-d106-43e2-82e0-0807543bbc4c/build] unable to get git ref: failed to identify reference (tag/branch) for the checked-out revision 'c2dad387cb769284b279d8f0738a3f5b04c7819b'
[4e15eec9-d106-43e2-82e0-0807543bbc4c/build] unable to get git ref: failed to identify reference (tag/branch) for the checked-out revision 'c2dad387cb769284b279d8f0738a3f5b04c7819b'
[4e15eec9-d106-43e2-82e0-0807543bbc4c/build] unable to get git ref: failed to identify reference (tag/branch) for the checked-out revision 'c2dad387cb769284b279d8f0738a3f5b04c7819b'
[4e15eec9-d106-43e2-82e0-0807543bbc4c/build] unable to get git ref: failed to identify reference (tag/branch) for the checked-out revision 'c2dad387cb769284b279d8f0738a3f5b04c7819b'
[4e15eec9-d106-43e2-82e0-0807543bbc4c/build] ⭐ Run Main ./gradlew build --no-daemon --warning-mode=fail
[4e15eec9-d106-43e2-82e0-0807543bbc4c/build] unable to get git ref: failed to identify reference (tag/branch) for the checked-out revision 'c2dad387cb769284b279d8f0738a3f5b04c7819b'
[4e15eec9-d106-43e2-82e0-0807543bbc4c/build] unable to get git ref: failed to identify reference (tag/branch) for the checked-out revision 'c2dad387cb769284b279d8f0738a3f5b04c7819b'
[4e15eec9-d106-43e2-82e0-0807543bbc4c/build] unable to get git ref: failed to identify reference (tag/branch) for the checked-out revision 'c2dad387cb769284b279d8f0738a3f5b04c7819b'
[4e15eec9-d106-43e2-82e0-0807543bbc4c/build] unable to get git ref: failed to identify reference (tag/branch) for the checked-out revision 'c2dad387cb769284b279d8f0738a3f5b04c7819b'
[4e15eec9-d106-43e2-82e0-0807543bbc4c/build]   🐳  docker exec cmd=[bash --noprofile --norc -e -o pipefail /var/run/act/workflow/2] user= workdir=
[4e15eec9-d106-43e2-82e0-0807543bbc4c/build]   | Downloading https://services.gradle.org/distributions/gradle-7.5.1-bin.zip
[4e15eec9-d106-43e2-82e0-0807543bbc4c/build]   | ...........10%............20%...........30%............40%...........50%............60%...........70%............80%...........90%............100%
[4e15eec9-d106-43e2-82e0-0807543bbc4c/build]   | 
[4e15eec9-d106-43e2-82e0-0807543bbc4c/build]   | Welcome to Gradle 7.5.1!
[4e15eec9-d106-43e2-82e0-0807543bbc4c/build]   | 
[4e15eec9-d106-43e2-82e0-0807543bbc4c/build]   | Here are the highlights of this release:
[4e15eec9-d106-43e2-82e0-0807543bbc4c/build]   |  - Support for Java 18
[4e15eec9-d106-43e2-82e0-0807543bbc4c/build]   |  - Support for building with Groovy 4
[4e15eec9-d106-43e2-82e0-0807543bbc4c/build]   |  - Much more responsive continuous builds
[4e15eec9-d106-43e2-82e0-0807543bbc4c/build]   |  - Improved diagnostics for dependency resolution
[4e15eec9-d106-43e2-82e0-0807543bbc4c/build]   | 
[4e15eec9-d106-43e2-82e0-0807543bbc4c/build]   | For more details see https://docs.gradle.org/7.5.1/release-notes.html
[4e15eec9-d106-43e2-82e0-0807543bbc4c/build]   | 
[4e15eec9-d106-43e2-82e0-0807543bbc4c/build]   | To honour the JVM settings for this build a single-use Daemon process will be forked. See https://docs.gradle.org/7.5.1/userguide/gradle_daemon.html#sec:disabling_the_daemon.
[4e15eec9-d106-43e2-82e0-0807543bbc4c/build]   | Daemon will be stopped at the end of the build 
[4e15eec9-d106-43e2-82e0-0807543bbc4c/build]   | 
[4e15eec9-d106-43e2-82e0-0807543bbc4c/build]   | > Configure project :
[4e15eec9-d106-43e2-82e0-0807543bbc4c/build]   | Kordamp Enforcer Gradle plugin 0.10.0. Consider becoming a patron at https://www.patreon.com/aalmiray
[4e15eec9-d106-43e2-82e0-0807543bbc4c/build]   | 
[4e15eec9-d106-43e2-82e0-0807543bbc4c/build]   | > Task :copyDependencies
[4e15eec9-d106-43e2-82e0-0807543bbc4c/build]   | > Task :extractIncludeProto
[4e15eec9-d106-43e2-82e0-0807543bbc4c/build]   | > Task :extractProto
[4e15eec9-d106-43e2-82e0-0807543bbc4c/build]   | > Task :generateProto
[4e15eec9-d106-43e2-82e0-0807543bbc4c/build]   | > Task :compileJava
[4e15eec9-d106-43e2-82e0-0807543bbc4c/build]   | Note: Some input files use or override a deprecated API.
[4e15eec9-d106-43e2-82e0-0807543bbc4c/build]   | Note: Recompile with -Xlint:deprecation for details.
[4e15eec9-d106-43e2-82e0-0807543bbc4c/build]   | Note: Some input files use unchecked or unsafe operations.
[4e15eec9-d106-43e2-82e0-0807543bbc4c/build]   | Note: Recompile with -Xlint:unchecked for details.
[4e15eec9-d106-43e2-82e0-0807543bbc4c/build]   | 
[4e15eec9-d106-43e2-82e0-0807543bbc4c/build]   | > Task :processResources
[4e15eec9-d106-43e2-82e0-0807543bbc4c/build]   | > Task :classes
[4e15eec9-d106-43e2-82e0-0807543bbc4c/build]   | > Task :jar
[4e15eec9-d106-43e2-82e0-0807543bbc4c/build]   | > Task :assemble
[4e15eec9-d106-43e2-82e0-0807543bbc4c/build]   | > Task :extractIncludeTestProto
[4e15eec9-d106-43e2-82e0-0807543bbc4c/build]   | > Task :extractTestProto
[4e15eec9-d106-43e2-82e0-0807543bbc4c/build]   | > Task :generateTestProto NO-SOURCE
[4e15eec9-d106-43e2-82e0-0807543bbc4c/build]   | 
[4e15eec9-d106-43e2-82e0-0807543bbc4c/build]   | > Task :compileTestJava
[4e15eec9-d106-43e2-82e0-0807543bbc4c/build]   | Note: Some input files use or override a deprecated API.
[4e15eec9-d106-43e2-82e0-0807543bbc4c/build]   | Note: Recompile with -Xlint:deprecation for details.
[4e15eec9-d106-43e2-82e0-0807543bbc4c/build]   | 
[4e15eec9-d106-43e2-82e0-0807543bbc4c/build]   | > Task :processTestResources NO-SOURCE
[4e15eec9-d106-43e2-82e0-0807543bbc4c/build]   | > Task :testClasses
[4e15eec9-d106-43e2-82e0-0807543bbc4c/build]   | > Task :checkstyleTest SKIPPED
[4e15eec9-d106-43e2-82e0-0807543bbc4c/build]   | 
[4e15eec9-d106-43e2-82e0-0807543bbc4c/build]   | > Task :test
[4e15eec9-d106-43e2-82e0-0807543bbc4c/build]   | 
[4e15eec9-d106-43e2-82e0-0807543bbc4c/build]   | MeitrackProtocolDecoderTest > testDecode() FAILED
[4e15eec9-d106-43e2-82e0-0807543bbc4c/build]   |     org.opentest4j.AssertionFailedError at MeitrackProtocolDecoderTest.java:14
[4e15eec9-d106-43e2-82e0-0807543bbc4c/build]   | 
[4e15eec9-d106-43e2-82e0-0807543bbc4c/build]   | 495 tests completed, 1 failed, 23 skipped
[4e15eec9-d106-43e2-82e0-0807543bbc4c/build]   | 
[4e15eec9-d106-43e2-82e0-0807543bbc4c/build]   | > Task :test FAILED
[4e15eec9-d106-43e2-82e0-0807543bbc4c/build]   | 
[4e15eec9-d106-43e2-82e0-0807543bbc4c/build]   | FAILURE: Build failed with an exception.
[4e15eec9-d106-43e2-82e0-0807543bbc4c/build]   | > Task :checkstyleMain
[4e15eec9-d106-43e2-82e0-0807543bbc4c/build]   | 
[4e15eec9-d106-43e2-82e0-0807543bbc4c/build]   | * What went wrong:
[4e15eec9-d106-43e2-82e0-0807543bbc4c/build]   | Execution failed for task ':test'.
[4e15eec9-d106-43e2-82e0-0807543bbc4c/build]   | > There were failing tests. See the report at: file:///tmp/c4ff446d-d2b9-429d-ba07-8fbdd01d204a/build/reports/tests/test/index.html
[4e15eec9-d106-43e2-82e0-0807543bbc4c/build]   | 
[4e15eec9-d106-43e2-82e0-0807543bbc4c/build]   | * Try:
[4e15eec9-d106-43e2-82e0-0807543bbc4c/build]   | > Run with --stacktrace option to get the stack trace.
[4e15eec9-d106-43e2-82e0-0807543bbc4c/build]   | > Run with --info or --debug option to get more log output.
[4e15eec9-d106-43e2-82e0-0807543bbc4c/build]   | > Run with --scan to get full insights.
[4e15eec9-d106-43e2-82e0-0807543bbc4c/build]   | 
[4e15eec9-d106-43e2-82e0-0807543bbc4c/build]   | * Get more help at https://help.gradle.org
[4e15eec9-d106-43e2-82e0-0807543bbc4c/build]   | 
[4e15eec9-d106-43e2-82e0-0807543bbc4c/build]   | BUILD FAILED in 2m 52s
[4e15eec9-d106-43e2-82e0-0807543bbc4c/build]   | 12 actionable tasks: 12 executed
[4e15eec9-d106-43e2-82e0-0807543bbc4c/build]   ❌  Failure - Main ./gradlew build --no-daemon --warning-mode=fail
[4e15eec9-d106-43e2-82e0-0807543bbc4c/build] exitcode '1': failure
[4e15eec9-d106-43e2-82e0-0807543bbc4c/build] unable to get git ref: failed to identify reference (tag/branch) for the checked-out revision 'c2dad387cb769284b279d8f0738a3f5b04c7819b'
[4e15eec9-d106-43e2-82e0-0807543bbc4c/build] unable to get git ref: failed to identify reference (tag/branch) for the checked-out revision 'c2dad387cb769284b279d8f0738a3f5b04c7819b'
[4e15eec9-d106-43e2-82e0-0807543bbc4c/build] unable to get git ref: failed to identify reference (tag/branch) for the checked-out revision 'c2dad387cb769284b279d8f0738a3f5b04c7819b'
[4e15eec9-d106-43e2-82e0-0807543bbc4c/build] unable to get git ref: failed to identify reference (tag/branch) for the checked-out revision 'c2dad387cb769284b279d8f0738a3f5b04c7819b'
[4e15eec9-d106-43e2-82e0-0807543bbc4c/build] unable to get git ref: failed to identify reference (tag/branch) for the checked-out revision 'c2dad387cb769284b279d8f0738a3f5b04c7819b'
[4e15eec9-d106-43e2-82e0-0807543bbc4c/build] ⭐ Run Post actions/setup-java@v3
[4e15eec9-d106-43e2-82e0-0807543bbc4c/build]   🐳  docker exec cmd=[node /var/run/act/actions/actions-setup-java@v3/dist/cleanup/index.js] user= workdir=
[4e15eec9-d106-43e2-82e0-0807543bbc4c/build]   ✅  Success - Post actions/setup-java@v3
[4e15eec9-d106-43e2-82e0-0807543bbc4c/build] 🏁  Job failed
[4e15eec9-d106-43e2-82e0-0807543bbc4c/build] unable to get git ref: failed to identify reference (tag/branch) for the checked-out revision 'c2dad387cb769284b279d8f0738a3f5b04c7819b'
