[e12b53ea-ec44-4b7b-a9b7-8f10e9c7dcd7/build] 🚀  Start image=gitbugactions:latest
[e12b53ea-ec44-4b7b-a9b7-8f10e9c7dcd7/build]   🐳  docker pull image=gitbugactions:latest platform= username= forcePull=false
[e12b53ea-ec44-4b7b-a9b7-8f10e9c7dcd7/build]   🐳  docker create image=gitbugactions:latest platform= entrypoint=["tail" "-f" "/dev/null"] cmd=[]
[e12b53ea-ec44-4b7b-a9b7-8f10e9c7dcd7/build]   🐳  docker run image=gitbugactions:latest platform= entrypoint=["tail" "-f" "/dev/null"] cmd=[]
[e12b53ea-ec44-4b7b-a9b7-8f10e9c7dcd7/build]   🐳  docker exec cmd=[chown -R 1012:1013 /tmp/707521a7-8e0a-45ba-84b5-8dfbabf4c0b3] user=0 workdir=
[e12b53ea-ec44-4b7b-a9b7-8f10e9c7dcd7/build] unable to get git ref: failed to identify reference (tag/branch) for the checked-out revision '3b6900a95342ae87861cfcae8870ac790da7a504'
[e12b53ea-ec44-4b7b-a9b7-8f10e9c7dcd7/build] unable to get git ref: failed to identify reference (tag/branch) for the checked-out revision '3b6900a95342ae87861cfcae8870ac790da7a504'
[e12b53ea-ec44-4b7b-a9b7-8f10e9c7dcd7/build] unable to get git ref: failed to identify reference (tag/branch) for the checked-out revision '3b6900a95342ae87861cfcae8870ac790da7a504'
[e12b53ea-ec44-4b7b-a9b7-8f10e9c7dcd7/build] unable to get git ref: failed to identify reference (tag/branch) for the checked-out revision '3b6900a95342ae87861cfcae8870ac790da7a504'
[e12b53ea-ec44-4b7b-a9b7-8f10e9c7dcd7/build] unable to get git ref: failed to identify reference (tag/branch) for the checked-out revision '3b6900a95342ae87861cfcae8870ac790da7a504'
[e12b53ea-ec44-4b7b-a9b7-8f10e9c7dcd7/build] unable to get git ref: failed to identify reference (tag/branch) for the checked-out revision '3b6900a95342ae87861cfcae8870ac790da7a504'
[e12b53ea-ec44-4b7b-a9b7-8f10e9c7dcd7/build] unable to get git ref: failed to identify reference (tag/branch) for the checked-out revision '3b6900a95342ae87861cfcae8870ac790da7a504'
[e12b53ea-ec44-4b7b-a9b7-8f10e9c7dcd7/build] unable to get git ref: failed to identify reference (tag/branch) for the checked-out revision '3b6900a95342ae87861cfcae8870ac790da7a504'
[e12b53ea-ec44-4b7b-a9b7-8f10e9c7dcd7/build] unable to get git ref: failed to identify reference (tag/branch) for the checked-out revision '3b6900a95342ae87861cfcae8870ac790da7a504'
[e12b53ea-ec44-4b7b-a9b7-8f10e9c7dcd7/build] ⭐ Run Main actions/checkout@v3
[e12b53ea-ec44-4b7b-a9b7-8f10e9c7dcd7/build] unable to get git ref: failed to identify reference (tag/branch) for the checked-out revision '3b6900a95342ae87861cfcae8870ac790da7a504'
[e12b53ea-ec44-4b7b-a9b7-8f10e9c7dcd7/build] unable to get git ref: failed to identify reference (tag/branch) for the checked-out revision '3b6900a95342ae87861cfcae8870ac790da7a504'
[e12b53ea-ec44-4b7b-a9b7-8f10e9c7dcd7/build]   🐳  docker cp src=/tmp/707521a7-8e0a-45ba-84b5-8dfbabf4c0b3/. dst=/tmp/707521a7-8e0a-45ba-84b5-8dfbabf4c0b3
[e12b53ea-ec44-4b7b-a9b7-8f10e9c7dcd7/build]   🐳  docker exec cmd=[chown -R 1012:1013 /tmp/707521a7-8e0a-45ba-84b5-8dfbabf4c0b3] user=0 workdir=
[e12b53ea-ec44-4b7b-a9b7-8f10e9c7dcd7/build]   ✅  Success - Main actions/checkout@v3
[e12b53ea-ec44-4b7b-a9b7-8f10e9c7dcd7/build] unable to get git ref: failed to identify reference (tag/branch) for the checked-out revision '3b6900a95342ae87861cfcae8870ac790da7a504'
[e12b53ea-ec44-4b7b-a9b7-8f10e9c7dcd7/build] unable to get git ref: failed to identify reference (tag/branch) for the checked-out revision '3b6900a95342ae87861cfcae8870ac790da7a504'
[e12b53ea-ec44-4b7b-a9b7-8f10e9c7dcd7/build] unable to get git ref: failed to identify reference (tag/branch) for the checked-out revision '3b6900a95342ae87861cfcae8870ac790da7a504'
[e12b53ea-ec44-4b7b-a9b7-8f10e9c7dcd7/build] unable to get git ref: failed to identify reference (tag/branch) for the checked-out revision '3b6900a95342ae87861cfcae8870ac790da7a504'
[e12b53ea-ec44-4b7b-a9b7-8f10e9c7dcd7/build] unable to get git ref: failed to identify reference (tag/branch) for the checked-out revision '3b6900a95342ae87861cfcae8870ac790da7a504'
[e12b53ea-ec44-4b7b-a9b7-8f10e9c7dcd7/build] ⭐ Run Main actions/setup-java@v3
[e12b53ea-ec44-4b7b-a9b7-8f10e9c7dcd7/build] unable to get git ref: failed to identify reference (tag/branch) for the checked-out revision '3b6900a95342ae87861cfcae8870ac790da7a504'
[e12b53ea-ec44-4b7b-a9b7-8f10e9c7dcd7/build] unable to get git ref: failed to identify reference (tag/branch) for the checked-out revision '3b6900a95342ae87861cfcae8870ac790da7a504'
[e12b53ea-ec44-4b7b-a9b7-8f10e9c7dcd7/build] unable to get git ref: failed to identify reference (tag/branch) for the checked-out revision '3b6900a95342ae87861cfcae8870ac790da7a504'
[e12b53ea-ec44-4b7b-a9b7-8f10e9c7dcd7/build]   🐳  docker cp src=/tmp/act-cache/06808cf2-d56a-420e-96a1-16d880d4a01b/act/actions-setup-java@v3/ dst=/var/run/act/actions/actions-setup-java@v3/
[e12b53ea-ec44-4b7b-a9b7-8f10e9c7dcd7/build]   🐳  docker exec cmd=[chown -R 1012:1013 /var/run/act/actions/actions-setup-java@v3/] user=0 workdir=
[e12b53ea-ec44-4b7b-a9b7-8f10e9c7dcd7/build]   🐳  docker exec cmd=[node /var/run/act/actions/actions-setup-java@v3/dist/setup/index.js] user= workdir=
[e12b53ea-ec44-4b7b-a9b7-8f10e9c7dcd7/build]   ❓  ::group::Installed distributions
[e12b53ea-ec44-4b7b-a9b7-8f10e9c7dcd7/build]   | Trying to resolve the latest version from remote
[e12b53ea-ec44-4b7b-a9b7-8f10e9c7dcd7/build]   💬  ::debug::Gathering available versions from 'https://api.azul.com/zulu/download/community/v1.0/bundles/?os=linux&ext=tar.gz&bundle_type=jdk&javafx=false&arch=x86&hw_bitness=64&release_status=ga'
[e12b53ea-ec44-4b7b-a9b7-8f10e9c7dcd7/build]   | Resolved latest version as 11.0.21+9
[e12b53ea-ec44-4b7b-a9b7-8f10e9c7dcd7/build]   | Trying to download...
[e12b53ea-ec44-4b7b-a9b7-8f10e9c7dcd7/build]   | Downloading Java 11.0.21+9 (Zulu) from https://cdn.azul.com/zulu/bin/zulu11.68.17-ca-jdk11.0.21-linux_x64.tar.gz ...
[e12b53ea-ec44-4b7b-a9b7-8f10e9c7dcd7/build]   💬  ::debug::Downloading https://cdn.azul.com/zulu/bin/zulu11.68.17-ca-jdk11.0.21-linux_x64.tar.gz
[e12b53ea-ec44-4b7b-a9b7-8f10e9c7dcd7/build]   💬  ::debug::Destination /tmp/7641633a-d184-493c-949a-ba69d5a19efd
[e12b53ea-ec44-4b7b-a9b7-8f10e9c7dcd7/build]   💬  ::debug::download complete
[e12b53ea-ec44-4b7b-a9b7-8f10e9c7dcd7/build]   | Extracting Java archive...
[e12b53ea-ec44-4b7b-a9b7-8f10e9c7dcd7/build]   💬  ::debug::Checking tar --version
[e12b53ea-ec44-4b7b-a9b7-8f10e9c7dcd7/build]   💬  ::debug::tar (GNU tar) 1.34%0ACopyright (C) 2021 Free Software Foundation, Inc.%0ALicense GPLv3+: GNU GPL version 3 or later <https://gnu.org/licenses/gpl.html>.%0AThis is free software: you are free to change and redistribute it.%0AThere is NO WARRANTY, to the extent permitted by law.%0A%0AWritten by John Gilmore and Jay Fenlason.
[e12b53ea-ec44-4b7b-a9b7-8f10e9c7dcd7/build]   | [command]/usr/bin/tar xz --warning=no-unknown-keyword -C /tmp/6f646d18-684b-43ba-9897-0fcc800d3ced -f /tmp/7641633a-d184-493c-949a-ba69d5a19efd
[e12b53ea-ec44-4b7b-a9b7-8f10e9c7dcd7/build]   💬  ::debug::Caching tool Java_Zulu_jdk 11.0.21-9 x64
[e12b53ea-ec44-4b7b-a9b7-8f10e9c7dcd7/build]   💬  ::debug::source dir: /tmp/6f646d18-684b-43ba-9897-0fcc800d3ced/zulu11.68.17-ca-jdk11.0.21-linux_x64
[e12b53ea-ec44-4b7b-a9b7-8f10e9c7dcd7/build]   💬  ::debug::destination /opt/hostedtoolcache/Java_Zulu_jdk/11.0.21-9/x64
[e12b53ea-ec44-4b7b-a9b7-8f10e9c7dcd7/build]   💬  ::debug::finished caching tool
[e12b53ea-ec44-4b7b-a9b7-8f10e9c7dcd7/build]   | Java 11.0.21+9 was downloaded
[e12b53ea-ec44-4b7b-a9b7-8f10e9c7dcd7/build]   | Setting Java 11.0.21+9 as the default
[e12b53ea-ec44-4b7b-a9b7-8f10e9c7dcd7/build]   | Creating toolchains.xml for JDK version 11 from zulu
[e12b53ea-ec44-4b7b-a9b7-8f10e9c7dcd7/build]   | Writing to /home/runner/.m2/toolchains.xml
[e12b53ea-ec44-4b7b-a9b7-8f10e9c7dcd7/build]   | 
[e12b53ea-ec44-4b7b-a9b7-8f10e9c7dcd7/build]   | Java configuration:
[e12b53ea-ec44-4b7b-a9b7-8f10e9c7dcd7/build]   |   Distribution: zulu
[e12b53ea-ec44-4b7b-a9b7-8f10e9c7dcd7/build]   |   Version: 11.0.21+9
[e12b53ea-ec44-4b7b-a9b7-8f10e9c7dcd7/build]   |   Path: /opt/hostedtoolcache/Java_Zulu_jdk/11.0.21-9/x64
[e12b53ea-ec44-4b7b-a9b7-8f10e9c7dcd7/build]   | 
[e12b53ea-ec44-4b7b-a9b7-8f10e9c7dcd7/build]   ❓  ::endgroup::
[e12b53ea-ec44-4b7b-a9b7-8f10e9c7dcd7/build]   ❓ add-matcher /run/act/actions/actions-setup-java@v3/.github/java.json
[e12b53ea-ec44-4b7b-a9b7-8f10e9c7dcd7/build]   | Creating settings.xml with server-id: github
[e12b53ea-ec44-4b7b-a9b7-8f10e9c7dcd7/build]   | Writing to /home/runner/.m2/settings.xml
[e12b53ea-ec44-4b7b-a9b7-8f10e9c7dcd7/build]   ✅  Success - Main actions/setup-java@v3
[e12b53ea-ec44-4b7b-a9b7-8f10e9c7dcd7/build]   ⚙  ::set-env:: JAVA_HOME=/opt/hostedtoolcache/Java_Zulu_jdk/11.0.21-9/x64
[e12b53ea-ec44-4b7b-a9b7-8f10e9c7dcd7/build]   ⚙  ::set-env:: JAVA_HOME_11_X64=/opt/hostedtoolcache/Java_Zulu_jdk/11.0.21-9/x64
[e12b53ea-ec44-4b7b-a9b7-8f10e9c7dcd7/build]   ⚙  ::set-output:: distribution=Zulu
[e12b53ea-ec44-4b7b-a9b7-8f10e9c7dcd7/build]   ⚙  ::set-output:: path=/opt/hostedtoolcache/Java_Zulu_jdk/11.0.21-9/x64
[e12b53ea-ec44-4b7b-a9b7-8f10e9c7dcd7/build]   ⚙  ::set-output:: version=11.0.21+9
[e12b53ea-ec44-4b7b-a9b7-8f10e9c7dcd7/build]   ⚙  ::add-path:: /opt/hostedtoolcache/Java_Zulu_jdk/11.0.21-9/x64/bin
[e12b53ea-ec44-4b7b-a9b7-8f10e9c7dcd7/build] unable to get git ref: failed to identify reference (tag/branch) for the checked-out revision '3b6900a95342ae87861cfcae8870ac790da7a504'
[e12b53ea-ec44-4b7b-a9b7-8f10e9c7dcd7/build] unable to get git ref: failed to identify reference (tag/branch) for the checked-out revision '3b6900a95342ae87861cfcae8870ac790da7a504'
[e12b53ea-ec44-4b7b-a9b7-8f10e9c7dcd7/build] unable to get git ref: failed to identify reference (tag/branch) for the checked-out revision '3b6900a95342ae87861cfcae8870ac790da7a504'
[e12b53ea-ec44-4b7b-a9b7-8f10e9c7dcd7/build] unable to get git ref: failed to identify reference (tag/branch) for the checked-out revision '3b6900a95342ae87861cfcae8870ac790da7a504'
[e12b53ea-ec44-4b7b-a9b7-8f10e9c7dcd7/build] unable to get git ref: failed to identify reference (tag/branch) for the checked-out revision '3b6900a95342ae87861cfcae8870ac790da7a504'
[e12b53ea-ec44-4b7b-a9b7-8f10e9c7dcd7/build] ⭐ Run Main ./gradlew build --no-daemon --warning-mode=fail
[e12b53ea-ec44-4b7b-a9b7-8f10e9c7dcd7/build] unable to get git ref: failed to identify reference (tag/branch) for the checked-out revision '3b6900a95342ae87861cfcae8870ac790da7a504'
[e12b53ea-ec44-4b7b-a9b7-8f10e9c7dcd7/build] unable to get git ref: failed to identify reference (tag/branch) for the checked-out revision '3b6900a95342ae87861cfcae8870ac790da7a504'
[e12b53ea-ec44-4b7b-a9b7-8f10e9c7dcd7/build] unable to get git ref: failed to identify reference (tag/branch) for the checked-out revision '3b6900a95342ae87861cfcae8870ac790da7a504'
[e12b53ea-ec44-4b7b-a9b7-8f10e9c7dcd7/build] unable to get git ref: failed to identify reference (tag/branch) for the checked-out revision '3b6900a95342ae87861cfcae8870ac790da7a504'
[e12b53ea-ec44-4b7b-a9b7-8f10e9c7dcd7/build]   🐳  docker exec cmd=[bash --noprofile --norc -e -o pipefail /var/run/act/workflow/2] user= workdir=
[e12b53ea-ec44-4b7b-a9b7-8f10e9c7dcd7/build]   | Downloading https://services.gradle.org/distributions/gradle-7.5.1-bin.zip
[e12b53ea-ec44-4b7b-a9b7-8f10e9c7dcd7/build]   | ...........10%............20%...........30%............40%...........50%............60%...........70%............80%...........90%............100%
[e12b53ea-ec44-4b7b-a9b7-8f10e9c7dcd7/build]   | 
[e12b53ea-ec44-4b7b-a9b7-8f10e9c7dcd7/build]   | Welcome to Gradle 7.5.1!
[e12b53ea-ec44-4b7b-a9b7-8f10e9c7dcd7/build]   | 
[e12b53ea-ec44-4b7b-a9b7-8f10e9c7dcd7/build]   | Here are the highlights of this release:
[e12b53ea-ec44-4b7b-a9b7-8f10e9c7dcd7/build]   |  - Support for Java 18
[e12b53ea-ec44-4b7b-a9b7-8f10e9c7dcd7/build]   |  - Support for building with Groovy 4
[e12b53ea-ec44-4b7b-a9b7-8f10e9c7dcd7/build]   |  - Much more responsive continuous builds
[e12b53ea-ec44-4b7b-a9b7-8f10e9c7dcd7/build]   |  - Improved diagnostics for dependency resolution
[e12b53ea-ec44-4b7b-a9b7-8f10e9c7dcd7/build]   | 
[e12b53ea-ec44-4b7b-a9b7-8f10e9c7dcd7/build]   | For more details see https://docs.gradle.org/7.5.1/release-notes.html
[e12b53ea-ec44-4b7b-a9b7-8f10e9c7dcd7/build]   | 
[e12b53ea-ec44-4b7b-a9b7-8f10e9c7dcd7/build]   | To honour the JVM settings for this build a single-use Daemon process will be forked. See https://docs.gradle.org/7.5.1/userguide/gradle_daemon.html#sec:disabling_the_daemon.
[e12b53ea-ec44-4b7b-a9b7-8f10e9c7dcd7/build]   | Daemon will be stopped at the end of the build 
[e12b53ea-ec44-4b7b-a9b7-8f10e9c7dcd7/build]   | 
[e12b53ea-ec44-4b7b-a9b7-8f10e9c7dcd7/build]   | > Configure project :
[e12b53ea-ec44-4b7b-a9b7-8f10e9c7dcd7/build]   | Kordamp Enforcer Gradle plugin 0.13.0. Consider becoming a patron at https://www.patreon.com/aalmiray
[e12b53ea-ec44-4b7b-a9b7-8f10e9c7dcd7/build]   | 
[e12b53ea-ec44-4b7b-a9b7-8f10e9c7dcd7/build]   | > Task :copyDependencies
[e12b53ea-ec44-4b7b-a9b7-8f10e9c7dcd7/build]   | > Task :extractIncludeProto
[e12b53ea-ec44-4b7b-a9b7-8f10e9c7dcd7/build]   | > Task :extractProto
[e12b53ea-ec44-4b7b-a9b7-8f10e9c7dcd7/build]   | > Task :generateProto
[e12b53ea-ec44-4b7b-a9b7-8f10e9c7dcd7/build]   | > Task :compileJava
[e12b53ea-ec44-4b7b-a9b7-8f10e9c7dcd7/build]   | Note: Some input files use or override a deprecated API.
[e12b53ea-ec44-4b7b-a9b7-8f10e9c7dcd7/build]   | Note: Recompile with -Xlint:deprecation for details.
[e12b53ea-ec44-4b7b-a9b7-8f10e9c7dcd7/build]   | Note: Some input files use unchecked or unsafe operations.
[e12b53ea-ec44-4b7b-a9b7-8f10e9c7dcd7/build]   | Note: Recompile with -Xlint:unchecked for details.
[e12b53ea-ec44-4b7b-a9b7-8f10e9c7dcd7/build]   | 
[e12b53ea-ec44-4b7b-a9b7-8f10e9c7dcd7/build]   | > Task :processResources
[e12b53ea-ec44-4b7b-a9b7-8f10e9c7dcd7/build]   | > Task :classes
[e12b53ea-ec44-4b7b-a9b7-8f10e9c7dcd7/build]   | > Task :jar
[e12b53ea-ec44-4b7b-a9b7-8f10e9c7dcd7/build]   | > Task :assemble
[e12b53ea-ec44-4b7b-a9b7-8f10e9c7dcd7/build]   | > Task :extractIncludeTestProto
[e12b53ea-ec44-4b7b-a9b7-8f10e9c7dcd7/build]   | > Task :extractTestProto
[e12b53ea-ec44-4b7b-a9b7-8f10e9c7dcd7/build]   | > Task :generateTestProto NO-SOURCE
[e12b53ea-ec44-4b7b-a9b7-8f10e9c7dcd7/build]   | Note: Some input files use or override a deprecated API.
[e12b53ea-ec44-4b7b-a9b7-8f10e9c7dcd7/build]   | Note: Recompile with -Xlint:deprecation for details.
[e12b53ea-ec44-4b7b-a9b7-8f10e9c7dcd7/build]   | 
[e12b53ea-ec44-4b7b-a9b7-8f10e9c7dcd7/build]   | > Task :compileTestJava
[e12b53ea-ec44-4b7b-a9b7-8f10e9c7dcd7/build]   | 
[e12b53ea-ec44-4b7b-a9b7-8f10e9c7dcd7/build]   | > Task :processTestResources NO-SOURCE
[e12b53ea-ec44-4b7b-a9b7-8f10e9c7dcd7/build]   | > Task :testClasses
[e12b53ea-ec44-4b7b-a9b7-8f10e9c7dcd7/build]   | > Task :checkstyleTest SKIPPED
[e12b53ea-ec44-4b7b-a9b7-8f10e9c7dcd7/build]   | > Task :checkstyleMain
[e12b53ea-ec44-4b7b-a9b7-8f10e9c7dcd7/build]   | > Task :test
[e12b53ea-ec44-4b7b-a9b7-8f10e9c7dcd7/build]   | > Task :check
[e12b53ea-ec44-4b7b-a9b7-8f10e9c7dcd7/build]   | > Task :build
[e12b53ea-ec44-4b7b-a9b7-8f10e9c7dcd7/build]   | 
[e12b53ea-ec44-4b7b-a9b7-8f10e9c7dcd7/build]   | BUILD SUCCESSFUL in 2m 40s
[e12b53ea-ec44-4b7b-a9b7-8f10e9c7dcd7/build]   | 12 actionable tasks: 12 executed
[e12b53ea-ec44-4b7b-a9b7-8f10e9c7dcd7/build]   ✅  Success - Main ./gradlew build --no-daemon --warning-mode=fail
[e12b53ea-ec44-4b7b-a9b7-8f10e9c7dcd7/build] unable to get git ref: failed to identify reference (tag/branch) for the checked-out revision '3b6900a95342ae87861cfcae8870ac790da7a504'
[e12b53ea-ec44-4b7b-a9b7-8f10e9c7dcd7/build] unable to get git ref: failed to identify reference (tag/branch) for the checked-out revision '3b6900a95342ae87861cfcae8870ac790da7a504'
[e12b53ea-ec44-4b7b-a9b7-8f10e9c7dcd7/build] unable to get git ref: failed to identify reference (tag/branch) for the checked-out revision '3b6900a95342ae87861cfcae8870ac790da7a504'
[e12b53ea-ec44-4b7b-a9b7-8f10e9c7dcd7/build] unable to get git ref: failed to identify reference (tag/branch) for the checked-out revision '3b6900a95342ae87861cfcae8870ac790da7a504'
[e12b53ea-ec44-4b7b-a9b7-8f10e9c7dcd7/build] unable to get git ref: failed to identify reference (tag/branch) for the checked-out revision '3b6900a95342ae87861cfcae8870ac790da7a504'
[e12b53ea-ec44-4b7b-a9b7-8f10e9c7dcd7/build] ⭐ Run Post actions/setup-java@v3
[e12b53ea-ec44-4b7b-a9b7-8f10e9c7dcd7/build]   🐳  docker exec cmd=[node /var/run/act/actions/actions-setup-java@v3/dist/cleanup/index.js] user= workdir=
[e12b53ea-ec44-4b7b-a9b7-8f10e9c7dcd7/build]   ✅  Success - Post actions/setup-java@v3
[e12b53ea-ec44-4b7b-a9b7-8f10e9c7dcd7/build] 🏁  Job succeeded
[e12b53ea-ec44-4b7b-a9b7-8f10e9c7dcd7/build] unable to get git ref: failed to identify reference (tag/branch) for the checked-out revision '3b6900a95342ae87861cfcae8870ac790da7a504'
