[a0449ae7-dfea-4c8c-88ec-54d1fd72acfb/build] 🚀  Start image=gitbugactions:latest
[a0449ae7-dfea-4c8c-88ec-54d1fd72acfb/build]   🐳  docker pull image=gitbugactions:latest platform= username= forcePull=false
[a0449ae7-dfea-4c8c-88ec-54d1fd72acfb/build]   🐳  docker create image=gitbugactions:latest platform= entrypoint=["tail" "-f" "/dev/null"] cmd=[]
[a0449ae7-dfea-4c8c-88ec-54d1fd72acfb/build]   🐳  docker run image=gitbugactions:latest platform= entrypoint=["tail" "-f" "/dev/null"] cmd=[]
[a0449ae7-dfea-4c8c-88ec-54d1fd72acfb/build]   🐳  docker exec cmd=[chown -R 1012:1013 /tmp/29e436c7-fcab-4205-9ec2-fe4fbd3320bf] user=0 workdir=
[a0449ae7-dfea-4c8c-88ec-54d1fd72acfb/build] unable to get git ref: failed to identify reference (tag/branch) for the checked-out revision '230f629c3dce039aa8856fe2fb4c447a086d72e4'
[a0449ae7-dfea-4c8c-88ec-54d1fd72acfb/build] unable to get git ref: failed to identify reference (tag/branch) for the checked-out revision '230f629c3dce039aa8856fe2fb4c447a086d72e4'
[a0449ae7-dfea-4c8c-88ec-54d1fd72acfb/build] unable to get git ref: failed to identify reference (tag/branch) for the checked-out revision '230f629c3dce039aa8856fe2fb4c447a086d72e4'
[a0449ae7-dfea-4c8c-88ec-54d1fd72acfb/build] unable to get git ref: failed to identify reference (tag/branch) for the checked-out revision '230f629c3dce039aa8856fe2fb4c447a086d72e4'
[a0449ae7-dfea-4c8c-88ec-54d1fd72acfb/build] unable to get git ref: failed to identify reference (tag/branch) for the checked-out revision '230f629c3dce039aa8856fe2fb4c447a086d72e4'
[a0449ae7-dfea-4c8c-88ec-54d1fd72acfb/build] unable to get git ref: failed to identify reference (tag/branch) for the checked-out revision '230f629c3dce039aa8856fe2fb4c447a086d72e4'
[a0449ae7-dfea-4c8c-88ec-54d1fd72acfb/build] unable to get git ref: failed to identify reference (tag/branch) for the checked-out revision '230f629c3dce039aa8856fe2fb4c447a086d72e4'
[a0449ae7-dfea-4c8c-88ec-54d1fd72acfb/build] unable to get git ref: failed to identify reference (tag/branch) for the checked-out revision '230f629c3dce039aa8856fe2fb4c447a086d72e4'
[a0449ae7-dfea-4c8c-88ec-54d1fd72acfb/build] unable to get git ref: failed to identify reference (tag/branch) for the checked-out revision '230f629c3dce039aa8856fe2fb4c447a086d72e4'
[a0449ae7-dfea-4c8c-88ec-54d1fd72acfb/build] ⭐ Run Main actions/checkout@v3
[a0449ae7-dfea-4c8c-88ec-54d1fd72acfb/build] unable to get git ref: failed to identify reference (tag/branch) for the checked-out revision '230f629c3dce039aa8856fe2fb4c447a086d72e4'
[a0449ae7-dfea-4c8c-88ec-54d1fd72acfb/build] unable to get git ref: failed to identify reference (tag/branch) for the checked-out revision '230f629c3dce039aa8856fe2fb4c447a086d72e4'
[a0449ae7-dfea-4c8c-88ec-54d1fd72acfb/build]   🐳  docker cp src=/tmp/29e436c7-fcab-4205-9ec2-fe4fbd3320bf/. dst=/tmp/29e436c7-fcab-4205-9ec2-fe4fbd3320bf
[a0449ae7-dfea-4c8c-88ec-54d1fd72acfb/build]   🐳  docker exec cmd=[chown -R 1012:1013 /tmp/29e436c7-fcab-4205-9ec2-fe4fbd3320bf] user=0 workdir=
[a0449ae7-dfea-4c8c-88ec-54d1fd72acfb/build]   ✅  Success - Main actions/checkout@v3
[a0449ae7-dfea-4c8c-88ec-54d1fd72acfb/build] unable to get git ref: failed to identify reference (tag/branch) for the checked-out revision '230f629c3dce039aa8856fe2fb4c447a086d72e4'
[a0449ae7-dfea-4c8c-88ec-54d1fd72acfb/build] unable to get git ref: failed to identify reference (tag/branch) for the checked-out revision '230f629c3dce039aa8856fe2fb4c447a086d72e4'
[a0449ae7-dfea-4c8c-88ec-54d1fd72acfb/build] unable to get git ref: failed to identify reference (tag/branch) for the checked-out revision '230f629c3dce039aa8856fe2fb4c447a086d72e4'
[a0449ae7-dfea-4c8c-88ec-54d1fd72acfb/build] unable to get git ref: failed to identify reference (tag/branch) for the checked-out revision '230f629c3dce039aa8856fe2fb4c447a086d72e4'
[a0449ae7-dfea-4c8c-88ec-54d1fd72acfb/build] unable to get git ref: failed to identify reference (tag/branch) for the checked-out revision '230f629c3dce039aa8856fe2fb4c447a086d72e4'
[a0449ae7-dfea-4c8c-88ec-54d1fd72acfb/build] ⭐ Run Main actions/setup-java@v3
[a0449ae7-dfea-4c8c-88ec-54d1fd72acfb/build] unable to get git ref: failed to identify reference (tag/branch) for the checked-out revision '230f629c3dce039aa8856fe2fb4c447a086d72e4'
[a0449ae7-dfea-4c8c-88ec-54d1fd72acfb/build] unable to get git ref: failed to identify reference (tag/branch) for the checked-out revision '230f629c3dce039aa8856fe2fb4c447a086d72e4'
[a0449ae7-dfea-4c8c-88ec-54d1fd72acfb/build] unable to get git ref: failed to identify reference (tag/branch) for the checked-out revision '230f629c3dce039aa8856fe2fb4c447a086d72e4'
[a0449ae7-dfea-4c8c-88ec-54d1fd72acfb/build]   🐳  docker cp src=/tmp/act-cache/e4b04cf7-4a55-49de-a912-145f3d16b8ca/act/actions-setup-java@v3/ dst=/var/run/act/actions/actions-setup-java@v3/
[a0449ae7-dfea-4c8c-88ec-54d1fd72acfb/build]   🐳  docker exec cmd=[chown -R 1012:1013 /var/run/act/actions/actions-setup-java@v3/] user=0 workdir=
[a0449ae7-dfea-4c8c-88ec-54d1fd72acfb/build]   🐳  docker exec cmd=[node /var/run/act/actions/actions-setup-java@v3/dist/setup/index.js] user= workdir=
[a0449ae7-dfea-4c8c-88ec-54d1fd72acfb/build]   ❓  ::group::Installed distributions
[a0449ae7-dfea-4c8c-88ec-54d1fd72acfb/build]   | Trying to resolve the latest version from remote
[a0449ae7-dfea-4c8c-88ec-54d1fd72acfb/build]   💬  ::debug::Gathering available versions from 'https://api.azul.com/zulu/download/community/v1.0/bundles/?os=linux&ext=tar.gz&bundle_type=jdk&javafx=false&arch=x86&hw_bitness=64&release_status=ga'
[a0449ae7-dfea-4c8c-88ec-54d1fd72acfb/build]   | Resolved latest version as 11.0.21+9
[a0449ae7-dfea-4c8c-88ec-54d1fd72acfb/build]   | Trying to download...
[a0449ae7-dfea-4c8c-88ec-54d1fd72acfb/build]   | Downloading Java 11.0.21+9 (Zulu) from https://cdn.azul.com/zulu/bin/zulu11.68.17-ca-jdk11.0.21-linux_x64.tar.gz ...
[a0449ae7-dfea-4c8c-88ec-54d1fd72acfb/build]   💬  ::debug::Downloading https://cdn.azul.com/zulu/bin/zulu11.68.17-ca-jdk11.0.21-linux_x64.tar.gz
[a0449ae7-dfea-4c8c-88ec-54d1fd72acfb/build]   💬  ::debug::Destination /tmp/824fe93a-a09c-48fa-955d-820c39d8c918
[a0449ae7-dfea-4c8c-88ec-54d1fd72acfb/build]   💬  ::debug::download complete
[a0449ae7-dfea-4c8c-88ec-54d1fd72acfb/build]   | Extracting Java archive...
[a0449ae7-dfea-4c8c-88ec-54d1fd72acfb/build]   💬  ::debug::Checking tar --version
[a0449ae7-dfea-4c8c-88ec-54d1fd72acfb/build]   💬  ::debug::tar (GNU tar) 1.34%0ACopyright (C) 2021 Free Software Foundation, Inc.%0ALicense GPLv3+: GNU GPL version 3 or later <https://gnu.org/licenses/gpl.html>.%0AThis is free software: you are free to change and redistribute it.%0AThere is NO WARRANTY, to the extent permitted by law.%0A%0AWritten by John Gilmore and Jay Fenlason.
[a0449ae7-dfea-4c8c-88ec-54d1fd72acfb/build]   | [command]/usr/bin/tar xz --warning=no-unknown-keyword -C /tmp/53624dab-9021-4990-8b04-b4fa605b16e5 -f /tmp/824fe93a-a09c-48fa-955d-820c39d8c918
[a0449ae7-dfea-4c8c-88ec-54d1fd72acfb/build]   💬  ::debug::Caching tool Java_Zulu_jdk 11.0.21-9 x64
[a0449ae7-dfea-4c8c-88ec-54d1fd72acfb/build]   💬  ::debug::source dir: /tmp/53624dab-9021-4990-8b04-b4fa605b16e5/zulu11.68.17-ca-jdk11.0.21-linux_x64
[a0449ae7-dfea-4c8c-88ec-54d1fd72acfb/build]   💬  ::debug::destination /opt/hostedtoolcache/Java_Zulu_jdk/11.0.21-9/x64
[a0449ae7-dfea-4c8c-88ec-54d1fd72acfb/build]   💬  ::debug::finished caching tool
[a0449ae7-dfea-4c8c-88ec-54d1fd72acfb/build]   | Java 11.0.21+9 was downloaded
[a0449ae7-dfea-4c8c-88ec-54d1fd72acfb/build]   | Setting Java 11.0.21+9 as the default
[a0449ae7-dfea-4c8c-88ec-54d1fd72acfb/build]   | Creating toolchains.xml for JDK version 11 from zulu
[a0449ae7-dfea-4c8c-88ec-54d1fd72acfb/build]   | Writing to /home/runner/.m2/toolchains.xml
[a0449ae7-dfea-4c8c-88ec-54d1fd72acfb/build]   | 
[a0449ae7-dfea-4c8c-88ec-54d1fd72acfb/build]   | Java configuration:
[a0449ae7-dfea-4c8c-88ec-54d1fd72acfb/build]   |   Distribution: zulu
[a0449ae7-dfea-4c8c-88ec-54d1fd72acfb/build]   |   Version: 11.0.21+9
[a0449ae7-dfea-4c8c-88ec-54d1fd72acfb/build]   |   Path: /opt/hostedtoolcache/Java_Zulu_jdk/11.0.21-9/x64
[a0449ae7-dfea-4c8c-88ec-54d1fd72acfb/build]   | 
[a0449ae7-dfea-4c8c-88ec-54d1fd72acfb/build]   ❓  ::endgroup::
[a0449ae7-dfea-4c8c-88ec-54d1fd72acfb/build]   ❓ add-matcher /run/act/actions/actions-setup-java@v3/.github/java.json
[a0449ae7-dfea-4c8c-88ec-54d1fd72acfb/build]   | Creating settings.xml with server-id: github
[a0449ae7-dfea-4c8c-88ec-54d1fd72acfb/build]   | Writing to /home/runner/.m2/settings.xml
[a0449ae7-dfea-4c8c-88ec-54d1fd72acfb/build]   ✅  Success - Main actions/setup-java@v3
[a0449ae7-dfea-4c8c-88ec-54d1fd72acfb/build]   ⚙  ::set-env:: JAVA_HOME=/opt/hostedtoolcache/Java_Zulu_jdk/11.0.21-9/x64
[a0449ae7-dfea-4c8c-88ec-54d1fd72acfb/build]   ⚙  ::set-env:: JAVA_HOME_11_X64=/opt/hostedtoolcache/Java_Zulu_jdk/11.0.21-9/x64
[a0449ae7-dfea-4c8c-88ec-54d1fd72acfb/build]   ⚙  ::set-output:: distribution=Zulu
[a0449ae7-dfea-4c8c-88ec-54d1fd72acfb/build]   ⚙  ::set-output:: path=/opt/hostedtoolcache/Java_Zulu_jdk/11.0.21-9/x64
[a0449ae7-dfea-4c8c-88ec-54d1fd72acfb/build]   ⚙  ::set-output:: version=11.0.21+9
[a0449ae7-dfea-4c8c-88ec-54d1fd72acfb/build]   ⚙  ::add-path:: /opt/hostedtoolcache/Java_Zulu_jdk/11.0.21-9/x64/bin
[a0449ae7-dfea-4c8c-88ec-54d1fd72acfb/build] unable to get git ref: failed to identify reference (tag/branch) for the checked-out revision '230f629c3dce039aa8856fe2fb4c447a086d72e4'
[a0449ae7-dfea-4c8c-88ec-54d1fd72acfb/build] unable to get git ref: failed to identify reference (tag/branch) for the checked-out revision '230f629c3dce039aa8856fe2fb4c447a086d72e4'
[a0449ae7-dfea-4c8c-88ec-54d1fd72acfb/build] unable to get git ref: failed to identify reference (tag/branch) for the checked-out revision '230f629c3dce039aa8856fe2fb4c447a086d72e4'
[a0449ae7-dfea-4c8c-88ec-54d1fd72acfb/build] unable to get git ref: failed to identify reference (tag/branch) for the checked-out revision '230f629c3dce039aa8856fe2fb4c447a086d72e4'
[a0449ae7-dfea-4c8c-88ec-54d1fd72acfb/build] unable to get git ref: failed to identify reference (tag/branch) for the checked-out revision '230f629c3dce039aa8856fe2fb4c447a086d72e4'
[a0449ae7-dfea-4c8c-88ec-54d1fd72acfb/build] ⭐ Run Main ./gradlew build --no-daemon --warning-mode=fail
[a0449ae7-dfea-4c8c-88ec-54d1fd72acfb/build] unable to get git ref: failed to identify reference (tag/branch) for the checked-out revision '230f629c3dce039aa8856fe2fb4c447a086d72e4'
[a0449ae7-dfea-4c8c-88ec-54d1fd72acfb/build] unable to get git ref: failed to identify reference (tag/branch) for the checked-out revision '230f629c3dce039aa8856fe2fb4c447a086d72e4'
[a0449ae7-dfea-4c8c-88ec-54d1fd72acfb/build] unable to get git ref: failed to identify reference (tag/branch) for the checked-out revision '230f629c3dce039aa8856fe2fb4c447a086d72e4'
[a0449ae7-dfea-4c8c-88ec-54d1fd72acfb/build] unable to get git ref: failed to identify reference (tag/branch) for the checked-out revision '230f629c3dce039aa8856fe2fb4c447a086d72e4'
[a0449ae7-dfea-4c8c-88ec-54d1fd72acfb/build]   🐳  docker exec cmd=[bash --noprofile --norc -e -o pipefail /var/run/act/workflow/2] user= workdir=
[a0449ae7-dfea-4c8c-88ec-54d1fd72acfb/build]   | Downloading https://services.gradle.org/distributions/gradle-7.5.1-bin.zip
[a0449ae7-dfea-4c8c-88ec-54d1fd72acfb/build]   | ...........10%............20%...........30%............40%...........50%............60%...........70%............80%...........90%............100%
[a0449ae7-dfea-4c8c-88ec-54d1fd72acfb/build]   | 
[a0449ae7-dfea-4c8c-88ec-54d1fd72acfb/build]   | Welcome to Gradle 7.5.1!
[a0449ae7-dfea-4c8c-88ec-54d1fd72acfb/build]   | 
[a0449ae7-dfea-4c8c-88ec-54d1fd72acfb/build]   | Here are the highlights of this release:
[a0449ae7-dfea-4c8c-88ec-54d1fd72acfb/build]   |  - Support for Java 18
[a0449ae7-dfea-4c8c-88ec-54d1fd72acfb/build]   |  - Support for building with Groovy 4
[a0449ae7-dfea-4c8c-88ec-54d1fd72acfb/build]   |  - Much more responsive continuous builds
[a0449ae7-dfea-4c8c-88ec-54d1fd72acfb/build]   |  - Improved diagnostics for dependency resolution
[a0449ae7-dfea-4c8c-88ec-54d1fd72acfb/build]   | 
[a0449ae7-dfea-4c8c-88ec-54d1fd72acfb/build]   | For more details see https://docs.gradle.org/7.5.1/release-notes.html
[a0449ae7-dfea-4c8c-88ec-54d1fd72acfb/build]   | 
[a0449ae7-dfea-4c8c-88ec-54d1fd72acfb/build]   | To honour the JVM settings for this build a single-use Daemon process will be forked. See https://docs.gradle.org/7.5.1/userguide/gradle_daemon.html#sec:disabling_the_daemon.
[a0449ae7-dfea-4c8c-88ec-54d1fd72acfb/build]   | Daemon will be stopped at the end of the build 
[a0449ae7-dfea-4c8c-88ec-54d1fd72acfb/build]   | 
[a0449ae7-dfea-4c8c-88ec-54d1fd72acfb/build]   | > Configure project :
[a0449ae7-dfea-4c8c-88ec-54d1fd72acfb/build]   | Kordamp Enforcer Gradle plugin 0.13.0. Consider becoming a patron at https://www.patreon.com/aalmiray
[a0449ae7-dfea-4c8c-88ec-54d1fd72acfb/build]   | 
[a0449ae7-dfea-4c8c-88ec-54d1fd72acfb/build]   | > Task :copyDependencies
[a0449ae7-dfea-4c8c-88ec-54d1fd72acfb/build]   | > Task :extractIncludeProto
[a0449ae7-dfea-4c8c-88ec-54d1fd72acfb/build]   | > Task :extractProto
[a0449ae7-dfea-4c8c-88ec-54d1fd72acfb/build]   | > Task :generateProto
[a0449ae7-dfea-4c8c-88ec-54d1fd72acfb/build]   | > Task :compileJava
[a0449ae7-dfea-4c8c-88ec-54d1fd72acfb/build]   | Note: Some input files use or override a deprecated API.
[a0449ae7-dfea-4c8c-88ec-54d1fd72acfb/build]   | Note: Recompile with -Xlint:deprecation for details.
[a0449ae7-dfea-4c8c-88ec-54d1fd72acfb/build]   | Note: Some input files use unchecked or unsafe operations.
[a0449ae7-dfea-4c8c-88ec-54d1fd72acfb/build]   | Note: Recompile with -Xlint:unchecked for details.
[a0449ae7-dfea-4c8c-88ec-54d1fd72acfb/build]   | 
[a0449ae7-dfea-4c8c-88ec-54d1fd72acfb/build]   | > Task :processResources
[a0449ae7-dfea-4c8c-88ec-54d1fd72acfb/build]   | > Task :classes
[a0449ae7-dfea-4c8c-88ec-54d1fd72acfb/build]   | > Task :jar
[a0449ae7-dfea-4c8c-88ec-54d1fd72acfb/build]   | > Task :assemble
[a0449ae7-dfea-4c8c-88ec-54d1fd72acfb/build]   | > Task :extractIncludeTestProto
[a0449ae7-dfea-4c8c-88ec-54d1fd72acfb/build]   | > Task :extractTestProto
[a0449ae7-dfea-4c8c-88ec-54d1fd72acfb/build]   | > Task :generateTestProto NO-SOURCE
[a0449ae7-dfea-4c8c-88ec-54d1fd72acfb/build]   | 
[a0449ae7-dfea-4c8c-88ec-54d1fd72acfb/build]   | > Task :compileTestJava
[a0449ae7-dfea-4c8c-88ec-54d1fd72acfb/build]   | Note: Some input files use or override a deprecated API.
[a0449ae7-dfea-4c8c-88ec-54d1fd72acfb/build]   | Note: Recompile with -Xlint:deprecation for details.
[a0449ae7-dfea-4c8c-88ec-54d1fd72acfb/build]   | 
[a0449ae7-dfea-4c8c-88ec-54d1fd72acfb/build]   | > Task :processTestResources NO-SOURCE
[a0449ae7-dfea-4c8c-88ec-54d1fd72acfb/build]   | > Task :testClasses
[a0449ae7-dfea-4c8c-88ec-54d1fd72acfb/build]   | > Task :checkstyleTest SKIPPED
[a0449ae7-dfea-4c8c-88ec-54d1fd72acfb/build]   | > Task :checkstyleMain
[a0449ae7-dfea-4c8c-88ec-54d1fd72acfb/build]   | 
[a0449ae7-dfea-4c8c-88ec-54d1fd72acfb/build]   | 499 tests completed, 1 failed, 23 skipped
[a0449ae7-dfea-4c8c-88ec-54d1fd72acfb/build]   | 
[a0449ae7-dfea-4c8c-88ec-54d1fd72acfb/build]   | > Task :test FAILED
[a0449ae7-dfea-4c8c-88ec-54d1fd72acfb/build]   | 
[a0449ae7-dfea-4c8c-88ec-54d1fd72acfb/build]   | Gt06ProtocolDecoderTest > testDecode() FAILED
[a0449ae7-dfea-4c8c-88ec-54d1fd72acfb/build]   |     org.opentest4j.AssertionFailedError at Gt06ProtocolDecoderTest.java:35
[a0449ae7-dfea-4c8c-88ec-54d1fd72acfb/build]   | 
[a0449ae7-dfea-4c8c-88ec-54d1fd72acfb/build]   | FAILURE: Build failed with an exception.
[a0449ae7-dfea-4c8c-88ec-54d1fd72acfb/build]   | 
[a0449ae7-dfea-4c8c-88ec-54d1fd72acfb/build]   | * What went wrong:
[a0449ae7-dfea-4c8c-88ec-54d1fd72acfb/build]   | Execution failed for task ':test'.
[a0449ae7-dfea-4c8c-88ec-54d1fd72acfb/build]   | > There were failing tests. See the report at: file:///tmp/29e436c7-fcab-4205-9ec2-fe4fbd3320bf/build/reports/tests/test/index.html
[a0449ae7-dfea-4c8c-88ec-54d1fd72acfb/build]   | 
[a0449ae7-dfea-4c8c-88ec-54d1fd72acfb/build]   | * Try:
[a0449ae7-dfea-4c8c-88ec-54d1fd72acfb/build]   | > Run with --stacktrace option to get the stack trace.
[a0449ae7-dfea-4c8c-88ec-54d1fd72acfb/build]   | > Run with --info or --debug option to get more log output.
[a0449ae7-dfea-4c8c-88ec-54d1fd72acfb/build]   | > Run with --scan to get full insights.
[a0449ae7-dfea-4c8c-88ec-54d1fd72acfb/build]   | 
[a0449ae7-dfea-4c8c-88ec-54d1fd72acfb/build]   | * Get more help at https://help.gradle.org
[a0449ae7-dfea-4c8c-88ec-54d1fd72acfb/build]   | 
[a0449ae7-dfea-4c8c-88ec-54d1fd72acfb/build]   | BUILD FAILED in 2m 49s
[a0449ae7-dfea-4c8c-88ec-54d1fd72acfb/build]   | 12 actionable tasks: 12 executed
[a0449ae7-dfea-4c8c-88ec-54d1fd72acfb/build]   ❌  Failure - Main ./gradlew build --no-daemon --warning-mode=fail
[a0449ae7-dfea-4c8c-88ec-54d1fd72acfb/build] exitcode '1': failure
[a0449ae7-dfea-4c8c-88ec-54d1fd72acfb/build] unable to get git ref: failed to identify reference (tag/branch) for the checked-out revision '230f629c3dce039aa8856fe2fb4c447a086d72e4'
[a0449ae7-dfea-4c8c-88ec-54d1fd72acfb/build] unable to get git ref: failed to identify reference (tag/branch) for the checked-out revision '230f629c3dce039aa8856fe2fb4c447a086d72e4'
[a0449ae7-dfea-4c8c-88ec-54d1fd72acfb/build] unable to get git ref: failed to identify reference (tag/branch) for the checked-out revision '230f629c3dce039aa8856fe2fb4c447a086d72e4'
[a0449ae7-dfea-4c8c-88ec-54d1fd72acfb/build] unable to get git ref: failed to identify reference (tag/branch) for the checked-out revision '230f629c3dce039aa8856fe2fb4c447a086d72e4'
[a0449ae7-dfea-4c8c-88ec-54d1fd72acfb/build] unable to get git ref: failed to identify reference (tag/branch) for the checked-out revision '230f629c3dce039aa8856fe2fb4c447a086d72e4'
[a0449ae7-dfea-4c8c-88ec-54d1fd72acfb/build] ⭐ Run Post actions/setup-java@v3
[a0449ae7-dfea-4c8c-88ec-54d1fd72acfb/build]   🐳  docker exec cmd=[node /var/run/act/actions/actions-setup-java@v3/dist/cleanup/index.js] user= workdir=
[a0449ae7-dfea-4c8c-88ec-54d1fd72acfb/build]   ✅  Success - Post actions/setup-java@v3
[a0449ae7-dfea-4c8c-88ec-54d1fd72acfb/build] 🏁  Job failed
[a0449ae7-dfea-4c8c-88ec-54d1fd72acfb/build] unable to get git ref: failed to identify reference (tag/branch) for the checked-out revision '230f629c3dce039aa8856fe2fb4c447a086d72e4'
