[e2b15155-de8b-46df-9a6c-74acb74ca712/Test JDK 8, ubuntu-latest] 🚀  Start image=gitbugactions:latest
[e2b15155-de8b-46df-9a6c-74acb74ca712/Test JDK 8, ubuntu-latest]   🐳  docker pull image=gitbugactions:latest platform= username= forcePull=false
[e2b15155-de8b-46df-9a6c-74acb74ca712/Test JDK 8, ubuntu-latest]   🐳  docker create image=gitbugactions:latest platform= entrypoint=["tail" "-f" "/dev/null"] cmd=[]
[e2b15155-de8b-46df-9a6c-74acb74ca712/Test JDK 8, ubuntu-latest]   🐳  docker run image=gitbugactions:latest platform= entrypoint=["tail" "-f" "/dev/null"] cmd=[]
[e2b15155-de8b-46df-9a6c-74acb74ca712/Test JDK 8, ubuntu-latest]   🐳  docker exec cmd=[chown -R 1012:1013 /tmp/a20e1ae7-ecc7-4e38-b99f-b35bed4b0c13] user=0 workdir=
[e2b15155-de8b-46df-9a6c-74acb74ca712/Test JDK 8, ubuntu-latest] unable to get git ref: failed to identify reference (tag/branch) for the checked-out revision '81182e58bd8036e09ac7cea8c169ec427133d0eb'
[e2b15155-de8b-46df-9a6c-74acb74ca712/Test JDK 8, ubuntu-latest] unable to get git ref: failed to identify reference (tag/branch) for the checked-out revision '81182e58bd8036e09ac7cea8c169ec427133d0eb'
[e2b15155-de8b-46df-9a6c-74acb74ca712/Test JDK 8, ubuntu-latest] unable to get git ref: failed to identify reference (tag/branch) for the checked-out revision '81182e58bd8036e09ac7cea8c169ec427133d0eb'
[e2b15155-de8b-46df-9a6c-74acb74ca712/Test JDK 8, ubuntu-latest] 🧪  Matrix: map[java:8 os:ubuntu-latest]
[e2b15155-de8b-46df-9a6c-74acb74ca712/Test JDK 8, ubuntu-latest] unable to get git ref: failed to identify reference (tag/branch) for the checked-out revision '81182e58bd8036e09ac7cea8c169ec427133d0eb'
[e2b15155-de8b-46df-9a6c-74acb74ca712/Test JDK 8, ubuntu-latest] unable to get git ref: failed to identify reference (tag/branch) for the checked-out revision '81182e58bd8036e09ac7cea8c169ec427133d0eb'
[e2b15155-de8b-46df-9a6c-74acb74ca712/Test JDK 8, ubuntu-latest] unable to get git ref: failed to identify reference (tag/branch) for the checked-out revision '81182e58bd8036e09ac7cea8c169ec427133d0eb'
[e2b15155-de8b-46df-9a6c-74acb74ca712/Test JDK 8, ubuntu-latest] unable to get git ref: failed to identify reference (tag/branch) for the checked-out revision '81182e58bd8036e09ac7cea8c169ec427133d0eb'
[e2b15155-de8b-46df-9a6c-74acb74ca712/Test JDK 8, ubuntu-latest] unable to get git ref: failed to identify reference (tag/branch) for the checked-out revision '81182e58bd8036e09ac7cea8c169ec427133d0eb'
[e2b15155-de8b-46df-9a6c-74acb74ca712/Test JDK 8, ubuntu-latest] unable to get git ref: failed to identify reference (tag/branch) for the checked-out revision '81182e58bd8036e09ac7cea8c169ec427133d0eb'
[e2b15155-de8b-46df-9a6c-74acb74ca712/Test JDK 8, ubuntu-latest] ⭐ Run Main actions/checkout@v3
[e2b15155-de8b-46df-9a6c-74acb74ca712/Test JDK 8, ubuntu-latest] unable to get git ref: failed to identify reference (tag/branch) for the checked-out revision '81182e58bd8036e09ac7cea8c169ec427133d0eb'
[e2b15155-de8b-46df-9a6c-74acb74ca712/Test JDK 8, ubuntu-latest] unable to get git ref: failed to identify reference (tag/branch) for the checked-out revision '81182e58bd8036e09ac7cea8c169ec427133d0eb'
[e2b15155-de8b-46df-9a6c-74acb74ca712/Test JDK 8, ubuntu-latest]   🐳  docker cp src=/tmp/a20e1ae7-ecc7-4e38-b99f-b35bed4b0c13/. dst=/tmp/a20e1ae7-ecc7-4e38-b99f-b35bed4b0c13
[e2b15155-de8b-46df-9a6c-74acb74ca712/Test JDK 8, ubuntu-latest]   🐳  docker exec cmd=[chown -R 1012:1013 /tmp/a20e1ae7-ecc7-4e38-b99f-b35bed4b0c13] user=0 workdir=
[e2b15155-de8b-46df-9a6c-74acb74ca712/Test JDK 8, ubuntu-latest]   ✅  Success - Main actions/checkout@v3
[e2b15155-de8b-46df-9a6c-74acb74ca712/Test JDK 8, ubuntu-latest] unable to get git ref: failed to identify reference (tag/branch) for the checked-out revision '81182e58bd8036e09ac7cea8c169ec427133d0eb'
[e2b15155-de8b-46df-9a6c-74acb74ca712/Test JDK 8, ubuntu-latest] unable to get git ref: failed to identify reference (tag/branch) for the checked-out revision '81182e58bd8036e09ac7cea8c169ec427133d0eb'
[e2b15155-de8b-46df-9a6c-74acb74ca712/Test JDK 8, ubuntu-latest] unable to get git ref: failed to identify reference (tag/branch) for the checked-out revision '81182e58bd8036e09ac7cea8c169ec427133d0eb'
[e2b15155-de8b-46df-9a6c-74acb74ca712/Test JDK 8, ubuntu-latest] unable to get git ref: failed to identify reference (tag/branch) for the checked-out revision '81182e58bd8036e09ac7cea8c169ec427133d0eb'
[e2b15155-de8b-46df-9a6c-74acb74ca712/Test JDK 8, ubuntu-latest] unable to get git ref: failed to identify reference (tag/branch) for the checked-out revision '81182e58bd8036e09ac7cea8c169ec427133d0eb'
[e2b15155-de8b-46df-9a6c-74acb74ca712/Test JDK 8, ubuntu-latest] ⭐ Run Main Set up JDK 8
[e2b15155-de8b-46df-9a6c-74acb74ca712/Test JDK 8, ubuntu-latest] unable to get git ref: failed to identify reference (tag/branch) for the checked-out revision '81182e58bd8036e09ac7cea8c169ec427133d0eb'
[e2b15155-de8b-46df-9a6c-74acb74ca712/Test JDK 8, ubuntu-latest] unable to get git ref: failed to identify reference (tag/branch) for the checked-out revision '81182e58bd8036e09ac7cea8c169ec427133d0eb'
[e2b15155-de8b-46df-9a6c-74acb74ca712/Test JDK 8, ubuntu-latest] unable to get git ref: failed to identify reference (tag/branch) for the checked-out revision '81182e58bd8036e09ac7cea8c169ec427133d0eb'
[e2b15155-de8b-46df-9a6c-74acb74ca712/Test JDK 8, ubuntu-latest]   🐳  docker cp src=/tmp/act-cache/8a8e0507-1265-432e-9542-3a434145bc55/act/actions-setup-java@v3/ dst=/var/run/act/actions/actions-setup-java@v3/
[e2b15155-de8b-46df-9a6c-74acb74ca712/Test JDK 8, ubuntu-latest]   🐳  docker exec cmd=[chown -R 1012:1013 /var/run/act/actions/actions-setup-java@v3/] user=0 workdir=
[e2b15155-de8b-46df-9a6c-74acb74ca712/Test JDK 8, ubuntu-latest]   🐳  docker exec cmd=[node /var/run/act/actions/actions-setup-java@v3/dist/setup/index.js] user= workdir=
[e2b15155-de8b-46df-9a6c-74acb74ca712/Test JDK 8, ubuntu-latest]   ❓  ::group::Installed distributions
[e2b15155-de8b-46df-9a6c-74acb74ca712/Test JDK 8, ubuntu-latest]   | Trying to resolve the latest version from remote
[e2b15155-de8b-46df-9a6c-74acb74ca712/Test JDK 8, ubuntu-latest]   💬  ::debug::Gathering available versions from 'https://api.azul.com/zulu/download/community/v1.0/bundles/?os=linux&ext=tar.gz&bundle_type=jdk&javafx=false&arch=x86&hw_bitness=64&release_status=ga'
[e2b15155-de8b-46df-9a6c-74acb74ca712/Test JDK 8, ubuntu-latest]   | Resolved latest version as 8.0.392+8
[e2b15155-de8b-46df-9a6c-74acb74ca712/Test JDK 8, ubuntu-latest]   | Trying to download...
[e2b15155-de8b-46df-9a6c-74acb74ca712/Test JDK 8, ubuntu-latest]   | Downloading Java 8.0.392+8 (Zulu) from https://cdn.azul.com/zulu/bin/zulu8.74.0.17-ca-jdk8.0.392-linux_x64.tar.gz ...
[e2b15155-de8b-46df-9a6c-74acb74ca712/Test JDK 8, ubuntu-latest]   💬  ::debug::Downloading https://cdn.azul.com/zulu/bin/zulu8.74.0.17-ca-jdk8.0.392-linux_x64.tar.gz
[e2b15155-de8b-46df-9a6c-74acb74ca712/Test JDK 8, ubuntu-latest]   💬  ::debug::Destination /tmp/9ed127c1-3f0f-4c46-b815-ab565b8fac0d
[e2b15155-de8b-46df-9a6c-74acb74ca712/Test JDK 8, ubuntu-latest]   💬  ::debug::download complete
[e2b15155-de8b-46df-9a6c-74acb74ca712/Test JDK 8, ubuntu-latest]   | Extracting Java archive...
[e2b15155-de8b-46df-9a6c-74acb74ca712/Test JDK 8, ubuntu-latest]   💬  ::debug::Checking tar --version
[e2b15155-de8b-46df-9a6c-74acb74ca712/Test JDK 8, ubuntu-latest]   💬  ::debug::tar (GNU tar) 1.34%0ACopyright (C) 2021 Free Software Foundation, Inc.%0ALicense GPLv3+: GNU GPL version 3 or later <https://gnu.org/licenses/gpl.html>.%0AThis is free software: you are free to change and redistribute it.%0AThere is NO WARRANTY, to the extent permitted by law.%0A%0AWritten by John Gilmore and Jay Fenlason.
[e2b15155-de8b-46df-9a6c-74acb74ca712/Test JDK 8, ubuntu-latest]   | [command]/usr/bin/tar xz --warning=no-unknown-keyword -C /tmp/d9d3481f-36c0-41a2-867a-ffb37b57a9c0 -f /tmp/9ed127c1-3f0f-4c46-b815-ab565b8fac0d
[e2b15155-de8b-46df-9a6c-74acb74ca712/Test JDK 8, ubuntu-latest]   💬  ::debug::Caching tool Java_Zulu_jdk 8.0.392-8 x64
[e2b15155-de8b-46df-9a6c-74acb74ca712/Test JDK 8, ubuntu-latest]   💬  ::debug::source dir: /tmp/d9d3481f-36c0-41a2-867a-ffb37b57a9c0/zulu8.74.0.17-ca-jdk8.0.392-linux_x64
[e2b15155-de8b-46df-9a6c-74acb74ca712/Test JDK 8, ubuntu-latest]   💬  ::debug::destination /opt/hostedtoolcache/Java_Zulu_jdk/8.0.392-8/x64
[e2b15155-de8b-46df-9a6c-74acb74ca712/Test JDK 8, ubuntu-latest]   💬  ::debug::finished caching tool
[e2b15155-de8b-46df-9a6c-74acb74ca712/Test JDK 8, ubuntu-latest]   | Java 8.0.392+8 was downloaded
[e2b15155-de8b-46df-9a6c-74acb74ca712/Test JDK 8, ubuntu-latest]   | Setting Java 8.0.392+8 as the default
[e2b15155-de8b-46df-9a6c-74acb74ca712/Test JDK 8, ubuntu-latest]   | Creating toolchains.xml for JDK version 8 from zulu
[e2b15155-de8b-46df-9a6c-74acb74ca712/Test JDK 8, ubuntu-latest]   | Writing to /home/runner/.m2/toolchains.xml
[e2b15155-de8b-46df-9a6c-74acb74ca712/Test JDK 8, ubuntu-latest]   | 
[e2b15155-de8b-46df-9a6c-74acb74ca712/Test JDK 8, ubuntu-latest]   | Java configuration:
[e2b15155-de8b-46df-9a6c-74acb74ca712/Test JDK 8, ubuntu-latest]   |   Distribution: zulu
[e2b15155-de8b-46df-9a6c-74acb74ca712/Test JDK 8, ubuntu-latest]   |   Version: 8.0.392+8
[e2b15155-de8b-46df-9a6c-74acb74ca712/Test JDK 8, ubuntu-latest]   |   Path: /opt/hostedtoolcache/Java_Zulu_jdk/8.0.392-8/x64
[e2b15155-de8b-46df-9a6c-74acb74ca712/Test JDK 8, ubuntu-latest]   | 
[e2b15155-de8b-46df-9a6c-74acb74ca712/Test JDK 8, ubuntu-latest]   ❓  ::endgroup::
[e2b15155-de8b-46df-9a6c-74acb74ca712/Test JDK 8, ubuntu-latest]   ❓ add-matcher /run/act/actions/actions-setup-java@v3/.github/java.json
[e2b15155-de8b-46df-9a6c-74acb74ca712/Test JDK 8, ubuntu-latest]   | Creating settings.xml with server-id: github
[e2b15155-de8b-46df-9a6c-74acb74ca712/Test JDK 8, ubuntu-latest]   | Writing to /home/runner/.m2/settings.xml
[e2b15155-de8b-46df-9a6c-74acb74ca712/Test JDK 8, ubuntu-latest]   ✅  Success - Main Set up JDK 8
[e2b15155-de8b-46df-9a6c-74acb74ca712/Test JDK 8, ubuntu-latest]   ⚙  ::set-env:: JAVA_HOME=/opt/hostedtoolcache/Java_Zulu_jdk/8.0.392-8/x64
[e2b15155-de8b-46df-9a6c-74acb74ca712/Test JDK 8, ubuntu-latest]   ⚙  ::set-env:: JAVA_HOME_8_X64=/opt/hostedtoolcache/Java_Zulu_jdk/8.0.392-8/x64
[e2b15155-de8b-46df-9a6c-74acb74ca712/Test JDK 8, ubuntu-latest]   ⚙  ::set-output:: distribution=Zulu
[e2b15155-de8b-46df-9a6c-74acb74ca712/Test JDK 8, ubuntu-latest]   ⚙  ::set-output:: path=/opt/hostedtoolcache/Java_Zulu_jdk/8.0.392-8/x64
[e2b15155-de8b-46df-9a6c-74acb74ca712/Test JDK 8, ubuntu-latest]   ⚙  ::set-output:: version=8.0.392+8
[e2b15155-de8b-46df-9a6c-74acb74ca712/Test JDK 8, ubuntu-latest]   ⚙  ::add-path:: /opt/hostedtoolcache/Java_Zulu_jdk/8.0.392-8/x64/bin
[e2b15155-de8b-46df-9a6c-74acb74ca712/Test JDK 8, ubuntu-latest] unable to get git ref: failed to identify reference (tag/branch) for the checked-out revision '81182e58bd8036e09ac7cea8c169ec427133d0eb'
[e2b15155-de8b-46df-9a6c-74acb74ca712/Test JDK 8, ubuntu-latest] unable to get git ref: failed to identify reference (tag/branch) for the checked-out revision '81182e58bd8036e09ac7cea8c169ec427133d0eb'
[e2b15155-de8b-46df-9a6c-74acb74ca712/Test JDK 8, ubuntu-latest] unable to get git ref: failed to identify reference (tag/branch) for the checked-out revision '81182e58bd8036e09ac7cea8c169ec427133d0eb'
[e2b15155-de8b-46df-9a6c-74acb74ca712/Test JDK 8, ubuntu-latest] unable to get git ref: failed to identify reference (tag/branch) for the checked-out revision '81182e58bd8036e09ac7cea8c169ec427133d0eb'
[e2b15155-de8b-46df-9a6c-74acb74ca712/Test JDK 8, ubuntu-latest] unable to get git ref: failed to identify reference (tag/branch) for the checked-out revision '81182e58bd8036e09ac7cea8c169ec427133d0eb'
[e2b15155-de8b-46df-9a6c-74acb74ca712/Test JDK 8, ubuntu-latest] ⭐ Run Main Build with Gradle
[e2b15155-de8b-46df-9a6c-74acb74ca712/Test JDK 8, ubuntu-latest] unable to get git ref: failed to identify reference (tag/branch) for the checked-out revision '81182e58bd8036e09ac7cea8c169ec427133d0eb'
[e2b15155-de8b-46df-9a6c-74acb74ca712/Test JDK 8, ubuntu-latest] unable to get git ref: failed to identify reference (tag/branch) for the checked-out revision '81182e58bd8036e09ac7cea8c169ec427133d0eb'
[e2b15155-de8b-46df-9a6c-74acb74ca712/Test JDK 8, ubuntu-latest] unable to get git ref: failed to identify reference (tag/branch) for the checked-out revision '81182e58bd8036e09ac7cea8c169ec427133d0eb'
[e2b15155-de8b-46df-9a6c-74acb74ca712/Test JDK 8, ubuntu-latest] unable to get git ref: failed to identify reference (tag/branch) for the checked-out revision '81182e58bd8036e09ac7cea8c169ec427133d0eb'
[e2b15155-de8b-46df-9a6c-74acb74ca712/Test JDK 8, ubuntu-latest]   🐳  docker exec cmd=[bash --noprofile --norc -e -o pipefail /var/run/act/workflow/2] user= workdir=
[e2b15155-de8b-46df-9a6c-74acb74ca712/Test JDK 8, ubuntu-latest]   | Downloading https://services.gradle.org/distributions/gradle-7.2-bin.zip
[e2b15155-de8b-46df-9a6c-74acb74ca712/Test JDK 8, ubuntu-latest]   | ..........10%...........20%...........30%...........40%...........50%...........60%...........70%...........80%...........90%...........100%
[e2b15155-de8b-46df-9a6c-74acb74ca712/Test JDK 8, ubuntu-latest]   | 
[e2b15155-de8b-46df-9a6c-74acb74ca712/Test JDK 8, ubuntu-latest]   | Welcome to Gradle 7.2!
[e2b15155-de8b-46df-9a6c-74acb74ca712/Test JDK 8, ubuntu-latest]   | 
[e2b15155-de8b-46df-9a6c-74acb74ca712/Test JDK 8, ubuntu-latest]   | Here are the highlights of this release:
[e2b15155-de8b-46df-9a6c-74acb74ca712/Test JDK 8, ubuntu-latest]   |  - Toolchain support for Scala
[e2b15155-de8b-46df-9a6c-74acb74ca712/Test JDK 8, ubuntu-latest]   |  - More cache hits when Java source files have platform-specific line endings
[e2b15155-de8b-46df-9a6c-74acb74ca712/Test JDK 8, ubuntu-latest]   |  - More resilient remote HTTP build cache behavior
[e2b15155-de8b-46df-9a6c-74acb74ca712/Test JDK 8, ubuntu-latest]   | 
[e2b15155-de8b-46df-9a6c-74acb74ca712/Test JDK 8, ubuntu-latest]   | For more details see https://docs.gradle.org/7.2/release-notes.html
[e2b15155-de8b-46df-9a6c-74acb74ca712/Test JDK 8, ubuntu-latest]   | 
[e2b15155-de8b-46df-9a6c-74acb74ca712/Test JDK 8, ubuntu-latest]   | To honour the JVM settings for this build a single-use Daemon process will be forked. See https://docs.gradle.org/7.2/userguide/gradle_daemon.html#sec:disabling_the_daemon.
[e2b15155-de8b-46df-9a6c-74acb74ca712/Test JDK 8, ubuntu-latest]   | Daemon will be stopped at the end of the build 
[e2b15155-de8b-46df-9a6c-74acb74ca712/Test JDK 8, ubuntu-latest]   | > Task :clean UP-TO-DATE
[e2b15155-de8b-46df-9a6c-74acb74ca712/Test JDK 8, ubuntu-latest]   | > Task :compileJava
[e2b15155-de8b-46df-9a6c-74acb74ca712/Test JDK 8, ubuntu-latest]   | > Task :processResources NO-SOURCE
[e2b15155-de8b-46df-9a6c-74acb74ca712/Test JDK 8, ubuntu-latest]   | > Task :classes
[e2b15155-de8b-46df-9a6c-74acb74ca712/Test JDK 8, ubuntu-latest]   | > Task :jar
[e2b15155-de8b-46df-9a6c-74acb74ca712/Test JDK 8, ubuntu-latest]   | > Task :javadoc
[e2b15155-de8b-46df-9a6c-74acb74ca712/Test JDK 8, ubuntu-latest]   | > Task :javadocJar
[e2b15155-de8b-46df-9a6c-74acb74ca712/Test JDK 8, ubuntu-latest]   | > Task :sourcesJar
[e2b15155-de8b-46df-9a6c-74acb74ca712/Test JDK 8, ubuntu-latest]   | > Task :assemble
[e2b15155-de8b-46df-9a6c-74acb74ca712/Test JDK 8, ubuntu-latest]   | > Task :checkstyleMain
[e2b15155-de8b-46df-9a6c-74acb74ca712/Test JDK 8, ubuntu-latest]   | > Task :compileTestJava
[e2b15155-de8b-46df-9a6c-74acb74ca712/Test JDK 8, ubuntu-latest]   | > Task :processTestResources NO-SOURCE
[e2b15155-de8b-46df-9a6c-74acb74ca712/Test JDK 8, ubuntu-latest]   | > Task :testClasses
[e2b15155-de8b-46df-9a6c-74acb74ca712/Test JDK 8, ubuntu-latest]   | > Task :checkstyleTest
[e2b15155-de8b-46df-9a6c-74acb74ca712/Test JDK 8, ubuntu-latest]   | > Task :test
[e2b15155-de8b-46df-9a6c-74acb74ca712/Test JDK 8, ubuntu-latest]   | > Task :check
[e2b15155-de8b-46df-9a6c-74acb74ca712/Test JDK 8, ubuntu-latest]   | > Task :build
[e2b15155-de8b-46df-9a6c-74acb74ca712/Test JDK 8, ubuntu-latest]   | 
[e2b15155-de8b-46df-9a6c-74acb74ca712/Test JDK 8, ubuntu-latest]   | BUILD SUCCESSFUL in 27s
[e2b15155-de8b-46df-9a6c-74acb74ca712/Test JDK 8, ubuntu-latest]   | 10 actionable tasks: 9 executed, 1 up-to-date
[e2b15155-de8b-46df-9a6c-74acb74ca712/Test JDK 8, ubuntu-latest]   ✅  Success - Main Build with Gradle
[e2b15155-de8b-46df-9a6c-74acb74ca712/Test JDK 8, ubuntu-latest] unable to get git ref: failed to identify reference (tag/branch) for the checked-out revision '81182e58bd8036e09ac7cea8c169ec427133d0eb'
[e2b15155-de8b-46df-9a6c-74acb74ca712/Test JDK 8, ubuntu-latest] unable to get git ref: failed to identify reference (tag/branch) for the checked-out revision '81182e58bd8036e09ac7cea8c169ec427133d0eb'
[e2b15155-de8b-46df-9a6c-74acb74ca712/Test JDK 8, ubuntu-latest] unable to get git ref: failed to identify reference (tag/branch) for the checked-out revision '81182e58bd8036e09ac7cea8c169ec427133d0eb'
[e2b15155-de8b-46df-9a6c-74acb74ca712/Test JDK 8, ubuntu-latest] unable to get git ref: failed to identify reference (tag/branch) for the checked-out revision '81182e58bd8036e09ac7cea8c169ec427133d0eb'
[e2b15155-de8b-46df-9a6c-74acb74ca712/Test JDK 8, ubuntu-latest] unable to get git ref: failed to identify reference (tag/branch) for the checked-out revision '81182e58bd8036e09ac7cea8c169ec427133d0eb'
[e2b15155-de8b-46df-9a6c-74acb74ca712/Test JDK 8, ubuntu-latest] ⭐ Run Post Set up JDK 8
[e2b15155-de8b-46df-9a6c-74acb74ca712/Test JDK 8, ubuntu-latest]   🐳  docker exec cmd=[node /var/run/act/actions/actions-setup-java@v3/dist/cleanup/index.js] user= workdir=
[e2b15155-de8b-46df-9a6c-74acb74ca712/Test JDK 8, ubuntu-latest]   ✅  Success - Post Set up JDK 8
[e2b15155-de8b-46df-9a6c-74acb74ca712/Test JDK 8, ubuntu-latest] 🏁  Job succeeded
[e2b15155-de8b-46df-9a6c-74acb74ca712/Test JDK 8, ubuntu-latest] unable to get git ref: failed to identify reference (tag/branch) for the checked-out revision '81182e58bd8036e09ac7cea8c169ec427133d0eb'
