[a1493a3f-0522-4bcd-804e-fed3bb8c9890/build] 🚀  Start image=gitbugactions:latest
[a1493a3f-0522-4bcd-804e-fed3bb8c9890/build]   🐳  docker pull image=gitbugactions:latest platform= username= forcePull=false
[a1493a3f-0522-4bcd-804e-fed3bb8c9890/build]   🐳  docker create image=gitbugactions:latest platform= entrypoint=["tail" "-f" "/dev/null"] cmd=[]
[a1493a3f-0522-4bcd-804e-fed3bb8c9890/build]   🐳  docker run image=gitbugactions:latest platform= entrypoint=["tail" "-f" "/dev/null"] cmd=[]
[a1493a3f-0522-4bcd-804e-fed3bb8c9890/build]   🐳  docker exec cmd=[chown -R 1012:1013 /tmp/3b066108-df10-4689-877e-e19fca2011c7] user=0 workdir=
[a1493a3f-0522-4bcd-804e-fed3bb8c9890/build] unable to get git ref: failed to identify reference (tag/branch) for the checked-out revision 'c5ac3108c970864280dcf19cc51641656a5a691b'
[a1493a3f-0522-4bcd-804e-fed3bb8c9890/build] unable to get git ref: failed to identify reference (tag/branch) for the checked-out revision 'c5ac3108c970864280dcf19cc51641656a5a691b'
[a1493a3f-0522-4bcd-804e-fed3bb8c9890/build] unable to get git ref: failed to identify reference (tag/branch) for the checked-out revision 'c5ac3108c970864280dcf19cc51641656a5a691b'
[a1493a3f-0522-4bcd-804e-fed3bb8c9890/build] unable to get git ref: failed to identify reference (tag/branch) for the checked-out revision 'c5ac3108c970864280dcf19cc51641656a5a691b'
[a1493a3f-0522-4bcd-804e-fed3bb8c9890/build] unable to get git ref: failed to identify reference (tag/branch) for the checked-out revision 'c5ac3108c970864280dcf19cc51641656a5a691b'
[a1493a3f-0522-4bcd-804e-fed3bb8c9890/build] unable to get git ref: failed to identify reference (tag/branch) for the checked-out revision 'c5ac3108c970864280dcf19cc51641656a5a691b'
[a1493a3f-0522-4bcd-804e-fed3bb8c9890/build] unable to get git ref: failed to identify reference (tag/branch) for the checked-out revision 'c5ac3108c970864280dcf19cc51641656a5a691b'
[a1493a3f-0522-4bcd-804e-fed3bb8c9890/build] unable to get git ref: failed to identify reference (tag/branch) for the checked-out revision 'c5ac3108c970864280dcf19cc51641656a5a691b'
[a1493a3f-0522-4bcd-804e-fed3bb8c9890/build] unable to get git ref: failed to identify reference (tag/branch) for the checked-out revision 'c5ac3108c970864280dcf19cc51641656a5a691b'
[a1493a3f-0522-4bcd-804e-fed3bb8c9890/build] ⭐ Run Main actions/checkout@v2
[a1493a3f-0522-4bcd-804e-fed3bb8c9890/build] unable to get git ref: failed to identify reference (tag/branch) for the checked-out revision 'c5ac3108c970864280dcf19cc51641656a5a691b'
[a1493a3f-0522-4bcd-804e-fed3bb8c9890/build] unable to get git ref: failed to identify reference (tag/branch) for the checked-out revision 'c5ac3108c970864280dcf19cc51641656a5a691b'
[a1493a3f-0522-4bcd-804e-fed3bb8c9890/build]   🐳  docker cp src=/tmp/3b066108-df10-4689-877e-e19fca2011c7/. dst=/tmp/3b066108-df10-4689-877e-e19fca2011c7
[a1493a3f-0522-4bcd-804e-fed3bb8c9890/build]   🐳  docker exec cmd=[chown -R 1012:1013 /tmp/3b066108-df10-4689-877e-e19fca2011c7] user=0 workdir=
[a1493a3f-0522-4bcd-804e-fed3bb8c9890/build]   ✅  Success - Main actions/checkout@v2
[a1493a3f-0522-4bcd-804e-fed3bb8c9890/build] unable to get git ref: failed to identify reference (tag/branch) for the checked-out revision 'c5ac3108c970864280dcf19cc51641656a5a691b'
[a1493a3f-0522-4bcd-804e-fed3bb8c9890/build] unable to get git ref: failed to identify reference (tag/branch) for the checked-out revision 'c5ac3108c970864280dcf19cc51641656a5a691b'
[a1493a3f-0522-4bcd-804e-fed3bb8c9890/build] unable to get git ref: failed to identify reference (tag/branch) for the checked-out revision 'c5ac3108c970864280dcf19cc51641656a5a691b'
[a1493a3f-0522-4bcd-804e-fed3bb8c9890/build] unable to get git ref: failed to identify reference (tag/branch) for the checked-out revision 'c5ac3108c970864280dcf19cc51641656a5a691b'
[a1493a3f-0522-4bcd-804e-fed3bb8c9890/build] unable to get git ref: failed to identify reference (tag/branch) for the checked-out revision 'c5ac3108c970864280dcf19cc51641656a5a691b'
[a1493a3f-0522-4bcd-804e-fed3bb8c9890/build] ⭐ Run Main Set up JDK 17
[a1493a3f-0522-4bcd-804e-fed3bb8c9890/build] unable to get git ref: failed to identify reference (tag/branch) for the checked-out revision 'c5ac3108c970864280dcf19cc51641656a5a691b'
[a1493a3f-0522-4bcd-804e-fed3bb8c9890/build] unable to get git ref: failed to identify reference (tag/branch) for the checked-out revision 'c5ac3108c970864280dcf19cc51641656a5a691b'
[a1493a3f-0522-4bcd-804e-fed3bb8c9890/build] unable to get git ref: failed to identify reference (tag/branch) for the checked-out revision 'c5ac3108c970864280dcf19cc51641656a5a691b'
[a1493a3f-0522-4bcd-804e-fed3bb8c9890/build]   🐳  docker cp src=/tmp/act-cache/022295c0-a99b-4b1b-b3e8-55a33b7d5b01/act/actions-setup-java@v2/ dst=/var/run/act/actions/actions-setup-java@v2/
[a1493a3f-0522-4bcd-804e-fed3bb8c9890/build]   🐳  docker exec cmd=[chown -R 1012:1013 /var/run/act/actions/actions-setup-java@v2/] user=0 workdir=
[a1493a3f-0522-4bcd-804e-fed3bb8c9890/build]   🐳  docker exec cmd=[node /var/run/act/actions/actions-setup-java@v2/dist/setup/index.js] user= workdir=
[a1493a3f-0522-4bcd-804e-fed3bb8c9890/build]   | Trying to resolve the latest version from remote
[a1493a3f-0522-4bcd-804e-fed3bb8c9890/build]   | Resolved latest version as 17.0.9+9
[a1493a3f-0522-4bcd-804e-fed3bb8c9890/build]   | Trying to download...
[a1493a3f-0522-4bcd-804e-fed3bb8c9890/build]   | Downloading Java 17.0.9+9 (Adopt-Hotspot) from https://github.com/adoptium/temurin17-binaries/releases/download/jdk-17.0.9%2B9/OpenJDK17U-jdk_x64_linux_hotspot_17.0.9_9.tar.gz ...
[a1493a3f-0522-4bcd-804e-fed3bb8c9890/build]   💬  ::debug::Downloading https://github.com/adoptium/temurin17-binaries/releases/download/jdk-17.0.9%252B9/OpenJDK17U-jdk_x64_linux_hotspot_17.0.9_9.tar.gz
[a1493a3f-0522-4bcd-804e-fed3bb8c9890/build]   💬  ::debug::Destination /tmp/dc2d1eda-8c50-44c3-8382-85e7b9753cb0
[a1493a3f-0522-4bcd-804e-fed3bb8c9890/build]   💬  ::debug::download complete
[a1493a3f-0522-4bcd-804e-fed3bb8c9890/build]   | Extracting Java archive...
[a1493a3f-0522-4bcd-804e-fed3bb8c9890/build]   💬  ::debug::Checking tar --version
[a1493a3f-0522-4bcd-804e-fed3bb8c9890/build]   💬  ::debug::tar (GNU tar) 1.34%0ACopyright (C) 2021 Free Software Foundation, Inc.%0ALicense GPLv3+: GNU GPL version 3 or later <https://gnu.org/licenses/gpl.html>.%0AThis is free software: you are free to change and redistribute it.%0AThere is NO WARRANTY, to the extent permitted by law.%0A%0AWritten by John Gilmore and Jay Fenlason.
[a1493a3f-0522-4bcd-804e-fed3bb8c9890/build]   | [command]/usr/bin/tar xz --warning=no-unknown-keyword -C /tmp/793bb053-0fa1-413c-b5db-c043f04956ac -f /tmp/dc2d1eda-8c50-44c3-8382-85e7b9753cb0
[a1493a3f-0522-4bcd-804e-fed3bb8c9890/build]   💬  ::debug::Caching tool Java_Adopt_jdk 17.0.9-9 x64
[a1493a3f-0522-4bcd-804e-fed3bb8c9890/build]   💬  ::debug::source dir: /tmp/793bb053-0fa1-413c-b5db-c043f04956ac/jdk-17.0.9+9
[a1493a3f-0522-4bcd-804e-fed3bb8c9890/build]   💬  ::debug::destination /opt/hostedtoolcache/Java_Adopt_jdk/17.0.9-9/x64
[a1493a3f-0522-4bcd-804e-fed3bb8c9890/build]   💬  ::debug::finished caching tool
[a1493a3f-0522-4bcd-804e-fed3bb8c9890/build]   | Java 17.0.9+9 was downloaded
[a1493a3f-0522-4bcd-804e-fed3bb8c9890/build]   | Setting Java 17.0.9+9 as the default
[a1493a3f-0522-4bcd-804e-fed3bb8c9890/build]   | 
[a1493a3f-0522-4bcd-804e-fed3bb8c9890/build]   | Java configuration:
[a1493a3f-0522-4bcd-804e-fed3bb8c9890/build]   |   Distribution: adopt
[a1493a3f-0522-4bcd-804e-fed3bb8c9890/build]   |   Version: 17.0.9+9
[a1493a3f-0522-4bcd-804e-fed3bb8c9890/build]   |   Path: /opt/hostedtoolcache/Java_Adopt_jdk/17.0.9-9/x64
[a1493a3f-0522-4bcd-804e-fed3bb8c9890/build]   | 
[a1493a3f-0522-4bcd-804e-fed3bb8c9890/build]   ❓ add-matcher /run/act/actions/actions-setup-java@v2/.github/java.json
[a1493a3f-0522-4bcd-804e-fed3bb8c9890/build]   | Creating settings.xml with server-id: github
[a1493a3f-0522-4bcd-804e-fed3bb8c9890/build]   | Writing to /home/runner/.m2/settings.xml
[a1493a3f-0522-4bcd-804e-fed3bb8c9890/build]   ✅  Success - Main Set up JDK 17
[a1493a3f-0522-4bcd-804e-fed3bb8c9890/build]   ⚙  ::set-env:: JAVA_HOME=/opt/hostedtoolcache/Java_Adopt_jdk/17.0.9-9/x64
[a1493a3f-0522-4bcd-804e-fed3bb8c9890/build]   ⚙  ::set-output:: distribution=Adopt-Hotspot
[a1493a3f-0522-4bcd-804e-fed3bb8c9890/build]   ⚙  ::set-output:: path=/opt/hostedtoolcache/Java_Adopt_jdk/17.0.9-9/x64
[a1493a3f-0522-4bcd-804e-fed3bb8c9890/build]   ⚙  ::set-output:: version=17.0.9+9
[a1493a3f-0522-4bcd-804e-fed3bb8c9890/build]   ⚙  ::add-path:: /opt/hostedtoolcache/Java_Adopt_jdk/17.0.9-9/x64/bin
[a1493a3f-0522-4bcd-804e-fed3bb8c9890/build] unable to get git ref: failed to identify reference (tag/branch) for the checked-out revision 'c5ac3108c970864280dcf19cc51641656a5a691b'
[a1493a3f-0522-4bcd-804e-fed3bb8c9890/build] unable to get git ref: failed to identify reference (tag/branch) for the checked-out revision 'c5ac3108c970864280dcf19cc51641656a5a691b'
[a1493a3f-0522-4bcd-804e-fed3bb8c9890/build] unable to get git ref: failed to identify reference (tag/branch) for the checked-out revision 'c5ac3108c970864280dcf19cc51641656a5a691b'
[a1493a3f-0522-4bcd-804e-fed3bb8c9890/build] unable to get git ref: failed to identify reference (tag/branch) for the checked-out revision 'c5ac3108c970864280dcf19cc51641656a5a691b'
[a1493a3f-0522-4bcd-804e-fed3bb8c9890/build] unable to get git ref: failed to identify reference (tag/branch) for the checked-out revision 'c5ac3108c970864280dcf19cc51641656a5a691b'
[a1493a3f-0522-4bcd-804e-fed3bb8c9890/build] ⭐ Run Main Grant execute permission for gradlew
[a1493a3f-0522-4bcd-804e-fed3bb8c9890/build] unable to get git ref: failed to identify reference (tag/branch) for the checked-out revision 'c5ac3108c970864280dcf19cc51641656a5a691b'
[a1493a3f-0522-4bcd-804e-fed3bb8c9890/build] unable to get git ref: failed to identify reference (tag/branch) for the checked-out revision 'c5ac3108c970864280dcf19cc51641656a5a691b'
[a1493a3f-0522-4bcd-804e-fed3bb8c9890/build] unable to get git ref: failed to identify reference (tag/branch) for the checked-out revision 'c5ac3108c970864280dcf19cc51641656a5a691b'
[a1493a3f-0522-4bcd-804e-fed3bb8c9890/build] unable to get git ref: failed to identify reference (tag/branch) for the checked-out revision 'c5ac3108c970864280dcf19cc51641656a5a691b'
[a1493a3f-0522-4bcd-804e-fed3bb8c9890/build]   🐳  docker exec cmd=[bash --noprofile --norc -e -o pipefail /var/run/act/workflow/2] user= workdir=
[a1493a3f-0522-4bcd-804e-fed3bb8c9890/build]   ✅  Success - Main Grant execute permission for gradlew
[a1493a3f-0522-4bcd-804e-fed3bb8c9890/build] unable to get git ref: failed to identify reference (tag/branch) for the checked-out revision 'c5ac3108c970864280dcf19cc51641656a5a691b'
[a1493a3f-0522-4bcd-804e-fed3bb8c9890/build] unable to get git ref: failed to identify reference (tag/branch) for the checked-out revision 'c5ac3108c970864280dcf19cc51641656a5a691b'
[a1493a3f-0522-4bcd-804e-fed3bb8c9890/build] unable to get git ref: failed to identify reference (tag/branch) for the checked-out revision 'c5ac3108c970864280dcf19cc51641656a5a691b'
[a1493a3f-0522-4bcd-804e-fed3bb8c9890/build] unable to get git ref: failed to identify reference (tag/branch) for the checked-out revision 'c5ac3108c970864280dcf19cc51641656a5a691b'
[a1493a3f-0522-4bcd-804e-fed3bb8c9890/build] unable to get git ref: failed to identify reference (tag/branch) for the checked-out revision 'c5ac3108c970864280dcf19cc51641656a5a691b'
[a1493a3f-0522-4bcd-804e-fed3bb8c9890/build] ⭐ Run Main Build with Gradle
[a1493a3f-0522-4bcd-804e-fed3bb8c9890/build] unable to get git ref: failed to identify reference (tag/branch) for the checked-out revision 'c5ac3108c970864280dcf19cc51641656a5a691b'
[a1493a3f-0522-4bcd-804e-fed3bb8c9890/build] unable to get git ref: failed to identify reference (tag/branch) for the checked-out revision 'c5ac3108c970864280dcf19cc51641656a5a691b'
[a1493a3f-0522-4bcd-804e-fed3bb8c9890/build] unable to get git ref: failed to identify reference (tag/branch) for the checked-out revision 'c5ac3108c970864280dcf19cc51641656a5a691b'
[a1493a3f-0522-4bcd-804e-fed3bb8c9890/build] unable to get git ref: failed to identify reference (tag/branch) for the checked-out revision 'c5ac3108c970864280dcf19cc51641656a5a691b'
[a1493a3f-0522-4bcd-804e-fed3bb8c9890/build]   🐳  docker exec cmd=[bash --noprofile --norc -e -o pipefail /var/run/act/workflow/3] user= workdir=
[a1493a3f-0522-4bcd-804e-fed3bb8c9890/build]   | Downloading https://services.gradle.org/distributions/gradle-7.4.2-bin.zip
[a1493a3f-0522-4bcd-804e-fed3bb8c9890/build]   | ...........10%...........20%...........30%...........40%...........50%...........60%...........70%...........80%...........90%...........100%
[a1493a3f-0522-4bcd-804e-fed3bb8c9890/build]   | 
[a1493a3f-0522-4bcd-804e-fed3bb8c9890/build]   | Welcome to Gradle 7.4.2!
[a1493a3f-0522-4bcd-804e-fed3bb8c9890/build]   | 
[a1493a3f-0522-4bcd-804e-fed3bb8c9890/build]   | Here are the highlights of this release:
[a1493a3f-0522-4bcd-804e-fed3bb8c9890/build]   |  - Aggregated test and JaCoCo reports
[a1493a3f-0522-4bcd-804e-fed3bb8c9890/build]   |  - Marking additional test source directories as tests in IntelliJ
[a1493a3f-0522-4bcd-804e-fed3bb8c9890/build]   |  - Support for Adoptium JDKs in Java toolchains
[a1493a3f-0522-4bcd-804e-fed3bb8c9890/build]   | 
[a1493a3f-0522-4bcd-804e-fed3bb8c9890/build]   | For more details see https://docs.gradle.org/7.4.2/release-notes.html
[a1493a3f-0522-4bcd-804e-fed3bb8c9890/build]   | 
[a1493a3f-0522-4bcd-804e-fed3bb8c9890/build]   | Starting a Gradle Daemon (subsequent builds will be faster)
[a1493a3f-0522-4bcd-804e-fed3bb8c9890/build]   | 
[a1493a3f-0522-4bcd-804e-fed3bb8c9890/build]   | > Task :compileJava
[a1493a3f-0522-4bcd-804e-fed3bb8c9890/build]   | Note: /tmp/3b066108-df10-4689-877e-e19fca2011c7/src/main/java/net/javadiscord/javabot/Bot.java uses unchecked or unsafe operations.
[a1493a3f-0522-4bcd-804e-fed3bb8c9890/build]   | Note: Recompile with -Xlint:unchecked for details.
[a1493a3f-0522-4bcd-804e-fed3bb8c9890/build]   | 
[a1493a3f-0522-4bcd-804e-fed3bb8c9890/build]   | > Task :processResources
[a1493a3f-0522-4bcd-804e-fed3bb8c9890/build]   | > Task :classes
[a1493a3f-0522-4bcd-804e-fed3bb8c9890/build]   | > Task :bootJarMainClassName
[a1493a3f-0522-4bcd-804e-fed3bb8c9890/build]   | > Task :bootJar
[a1493a3f-0522-4bcd-804e-fed3bb8c9890/build]   | > Task :jar
[a1493a3f-0522-4bcd-804e-fed3bb8c9890/build]   | > Task :assemble
[a1493a3f-0522-4bcd-804e-fed3bb8c9890/build]   | > Task :checkstyleMain
[a1493a3f-0522-4bcd-804e-fed3bb8c9890/build]   | > Task :compileTestJava
[a1493a3f-0522-4bcd-804e-fed3bb8c9890/build]   | > Task :processTestResources
[a1493a3f-0522-4bcd-804e-fed3bb8c9890/build]   | > Task :testClasses
[a1493a3f-0522-4bcd-804e-fed3bb8c9890/build]   | > Task :checkstyleTest
[a1493a3f-0522-4bcd-804e-fed3bb8c9890/build]   | > Task :test
[a1493a3f-0522-4bcd-804e-fed3bb8c9890/build]   | > Task :check
[a1493a3f-0522-4bcd-804e-fed3bb8c9890/build]   | > Task :build
[a1493a3f-0522-4bcd-804e-fed3bb8c9890/build]   | 
[a1493a3f-0522-4bcd-804e-fed3bb8c9890/build]   | BUILD SUCCESSFUL in 1m 31s
[a1493a3f-0522-4bcd-804e-fed3bb8c9890/build]   | 10 actionable tasks: 10 executed
[a1493a3f-0522-4bcd-804e-fed3bb8c9890/build]   ✅  Success - Main Build with Gradle
[a1493a3f-0522-4bcd-804e-fed3bb8c9890/build] unable to get git ref: failed to identify reference (tag/branch) for the checked-out revision 'c5ac3108c970864280dcf19cc51641656a5a691b'
[a1493a3f-0522-4bcd-804e-fed3bb8c9890/build] unable to get git ref: failed to identify reference (tag/branch) for the checked-out revision 'c5ac3108c970864280dcf19cc51641656a5a691b'
[a1493a3f-0522-4bcd-804e-fed3bb8c9890/build] unable to get git ref: failed to identify reference (tag/branch) for the checked-out revision 'c5ac3108c970864280dcf19cc51641656a5a691b'
[a1493a3f-0522-4bcd-804e-fed3bb8c9890/build] unable to get git ref: failed to identify reference (tag/branch) for the checked-out revision 'c5ac3108c970864280dcf19cc51641656a5a691b'
[a1493a3f-0522-4bcd-804e-fed3bb8c9890/build] unable to get git ref: failed to identify reference (tag/branch) for the checked-out revision 'c5ac3108c970864280dcf19cc51641656a5a691b'
[a1493a3f-0522-4bcd-804e-fed3bb8c9890/build] ⭐ Run Main Test with Gradle
[a1493a3f-0522-4bcd-804e-fed3bb8c9890/build] unable to get git ref: failed to identify reference (tag/branch) for the checked-out revision 'c5ac3108c970864280dcf19cc51641656a5a691b'
[a1493a3f-0522-4bcd-804e-fed3bb8c9890/build] unable to get git ref: failed to identify reference (tag/branch) for the checked-out revision 'c5ac3108c970864280dcf19cc51641656a5a691b'
[a1493a3f-0522-4bcd-804e-fed3bb8c9890/build] unable to get git ref: failed to identify reference (tag/branch) for the checked-out revision 'c5ac3108c970864280dcf19cc51641656a5a691b'
[a1493a3f-0522-4bcd-804e-fed3bb8c9890/build] unable to get git ref: failed to identify reference (tag/branch) for the checked-out revision 'c5ac3108c970864280dcf19cc51641656a5a691b'
[a1493a3f-0522-4bcd-804e-fed3bb8c9890/build]   🐳  docker exec cmd=[bash --noprofile --norc -e -o pipefail /var/run/act/workflow/4] user= workdir=
[a1493a3f-0522-4bcd-804e-fed3bb8c9890/build]   | > Task :compileJava UP-TO-DATE
[a1493a3f-0522-4bcd-804e-fed3bb8c9890/build]   | > Task :processResources UP-TO-DATE
[a1493a3f-0522-4bcd-804e-fed3bb8c9890/build]   | > Task :classes UP-TO-DATE
[a1493a3f-0522-4bcd-804e-fed3bb8c9890/build]   | > Task :compileTestJava UP-TO-DATE
[a1493a3f-0522-4bcd-804e-fed3bb8c9890/build]   | > Task :processTestResources UP-TO-DATE
[a1493a3f-0522-4bcd-804e-fed3bb8c9890/build]   | > Task :testClasses UP-TO-DATE
[a1493a3f-0522-4bcd-804e-fed3bb8c9890/build]   | > Task :test UP-TO-DATE
[a1493a3f-0522-4bcd-804e-fed3bb8c9890/build]   | 
[a1493a3f-0522-4bcd-804e-fed3bb8c9890/build]   | BUILD SUCCESSFUL in 1s
[a1493a3f-0522-4bcd-804e-fed3bb8c9890/build]   | 5 actionable tasks: 5 up-to-date
[a1493a3f-0522-4bcd-804e-fed3bb8c9890/build]   ✅  Success - Main Test with Gradle
[a1493a3f-0522-4bcd-804e-fed3bb8c9890/build] unable to get git ref: failed to identify reference (tag/branch) for the checked-out revision 'c5ac3108c970864280dcf19cc51641656a5a691b'
[a1493a3f-0522-4bcd-804e-fed3bb8c9890/build] unable to get git ref: failed to identify reference (tag/branch) for the checked-out revision 'c5ac3108c970864280dcf19cc51641656a5a691b'
[a1493a3f-0522-4bcd-804e-fed3bb8c9890/build] unable to get git ref: failed to identify reference (tag/branch) for the checked-out revision 'c5ac3108c970864280dcf19cc51641656a5a691b'
[a1493a3f-0522-4bcd-804e-fed3bb8c9890/build] unable to get git ref: failed to identify reference (tag/branch) for the checked-out revision 'c5ac3108c970864280dcf19cc51641656a5a691b'
[a1493a3f-0522-4bcd-804e-fed3bb8c9890/build] unable to get git ref: failed to identify reference (tag/branch) for the checked-out revision 'c5ac3108c970864280dcf19cc51641656a5a691b'
[a1493a3f-0522-4bcd-804e-fed3bb8c9890/build] ⭐ Run Post Set up JDK 17
[a1493a3f-0522-4bcd-804e-fed3bb8c9890/build]   🐳  docker exec cmd=[node /var/run/act/actions/actions-setup-java@v2/dist/cleanup/index.js] user= workdir=
[a1493a3f-0522-4bcd-804e-fed3bb8c9890/build]   ✅  Success - Post Set up JDK 17
[a1493a3f-0522-4bcd-804e-fed3bb8c9890/build] 🏁  Job succeeded
[a1493a3f-0522-4bcd-804e-fed3bb8c9890/build] unable to get git ref: failed to identify reference (tag/branch) for the checked-out revision 'c5ac3108c970864280dcf19cc51641656a5a691b'
