[d415b8e0-4419-42ac-a67a-d22aa6f52492/build] 🚀  Start image=gitbugactions:latest
[d415b8e0-4419-42ac-a67a-d22aa6f52492/build]   🐳  docker pull image=gitbugactions:latest platform= username= forcePull=false
[d415b8e0-4419-42ac-a67a-d22aa6f52492/build]   🐳  docker create image=gitbugactions:latest platform= entrypoint=["tail" "-f" "/dev/null"] cmd=[]
[d415b8e0-4419-42ac-a67a-d22aa6f52492/build]   🐳  docker run image=gitbugactions:latest platform= entrypoint=["tail" "-f" "/dev/null"] cmd=[]
[d415b8e0-4419-42ac-a67a-d22aa6f52492/build]   🐳  docker exec cmd=[chown -R 1012:1013 /tmp/3b066108-df10-4689-877e-e19fca2011c7] user=0 workdir=
[d415b8e0-4419-42ac-a67a-d22aa6f52492/build] unable to get git ref: failed to identify reference (tag/branch) for the checked-out revision '0bce500d0dac1249723e6ce972f9454c1b04f203'
[d415b8e0-4419-42ac-a67a-d22aa6f52492/build] unable to get git ref: failed to identify reference (tag/branch) for the checked-out revision '0bce500d0dac1249723e6ce972f9454c1b04f203'
[d415b8e0-4419-42ac-a67a-d22aa6f52492/build] unable to get git ref: failed to identify reference (tag/branch) for the checked-out revision '0bce500d0dac1249723e6ce972f9454c1b04f203'
[d415b8e0-4419-42ac-a67a-d22aa6f52492/build] unable to get git ref: failed to identify reference (tag/branch) for the checked-out revision '0bce500d0dac1249723e6ce972f9454c1b04f203'
[d415b8e0-4419-42ac-a67a-d22aa6f52492/build] unable to get git ref: failed to identify reference (tag/branch) for the checked-out revision '0bce500d0dac1249723e6ce972f9454c1b04f203'
[d415b8e0-4419-42ac-a67a-d22aa6f52492/build] unable to get git ref: failed to identify reference (tag/branch) for the checked-out revision '0bce500d0dac1249723e6ce972f9454c1b04f203'
[d415b8e0-4419-42ac-a67a-d22aa6f52492/build] unable to get git ref: failed to identify reference (tag/branch) for the checked-out revision '0bce500d0dac1249723e6ce972f9454c1b04f203'
[d415b8e0-4419-42ac-a67a-d22aa6f52492/build] unable to get git ref: failed to identify reference (tag/branch) for the checked-out revision '0bce500d0dac1249723e6ce972f9454c1b04f203'
[d415b8e0-4419-42ac-a67a-d22aa6f52492/build] unable to get git ref: failed to identify reference (tag/branch) for the checked-out revision '0bce500d0dac1249723e6ce972f9454c1b04f203'
[d415b8e0-4419-42ac-a67a-d22aa6f52492/build] ⭐ Run Main actions/checkout@v2
[d415b8e0-4419-42ac-a67a-d22aa6f52492/build] unable to get git ref: failed to identify reference (tag/branch) for the checked-out revision '0bce500d0dac1249723e6ce972f9454c1b04f203'
[d415b8e0-4419-42ac-a67a-d22aa6f52492/build] unable to get git ref: failed to identify reference (tag/branch) for the checked-out revision '0bce500d0dac1249723e6ce972f9454c1b04f203'
[d415b8e0-4419-42ac-a67a-d22aa6f52492/build]   🐳  docker cp src=/tmp/3b066108-df10-4689-877e-e19fca2011c7/. dst=/tmp/3b066108-df10-4689-877e-e19fca2011c7
[d415b8e0-4419-42ac-a67a-d22aa6f52492/build]   🐳  docker exec cmd=[chown -R 1012:1013 /tmp/3b066108-df10-4689-877e-e19fca2011c7] user=0 workdir=
[d415b8e0-4419-42ac-a67a-d22aa6f52492/build]   ✅  Success - Main actions/checkout@v2
[d415b8e0-4419-42ac-a67a-d22aa6f52492/build] unable to get git ref: failed to identify reference (tag/branch) for the checked-out revision '0bce500d0dac1249723e6ce972f9454c1b04f203'
[d415b8e0-4419-42ac-a67a-d22aa6f52492/build] unable to get git ref: failed to identify reference (tag/branch) for the checked-out revision '0bce500d0dac1249723e6ce972f9454c1b04f203'
[d415b8e0-4419-42ac-a67a-d22aa6f52492/build] unable to get git ref: failed to identify reference (tag/branch) for the checked-out revision '0bce500d0dac1249723e6ce972f9454c1b04f203'
[d415b8e0-4419-42ac-a67a-d22aa6f52492/build] unable to get git ref: failed to identify reference (tag/branch) for the checked-out revision '0bce500d0dac1249723e6ce972f9454c1b04f203'
[d415b8e0-4419-42ac-a67a-d22aa6f52492/build] unable to get git ref: failed to identify reference (tag/branch) for the checked-out revision '0bce500d0dac1249723e6ce972f9454c1b04f203'
[d415b8e0-4419-42ac-a67a-d22aa6f52492/build] ⭐ Run Main Set up JDK 17
[d415b8e0-4419-42ac-a67a-d22aa6f52492/build] unable to get git ref: failed to identify reference (tag/branch) for the checked-out revision '0bce500d0dac1249723e6ce972f9454c1b04f203'
[d415b8e0-4419-42ac-a67a-d22aa6f52492/build] unable to get git ref: failed to identify reference (tag/branch) for the checked-out revision '0bce500d0dac1249723e6ce972f9454c1b04f203'
[d415b8e0-4419-42ac-a67a-d22aa6f52492/build] unable to get git ref: failed to identify reference (tag/branch) for the checked-out revision '0bce500d0dac1249723e6ce972f9454c1b04f203'
[d415b8e0-4419-42ac-a67a-d22aa6f52492/build]   🐳  docker cp src=/tmp/act-cache/022295c0-a99b-4b1b-b3e8-55a33b7d5b01/act/actions-setup-java@v2/ dst=/var/run/act/actions/actions-setup-java@v2/
[d415b8e0-4419-42ac-a67a-d22aa6f52492/build]   🐳  docker exec cmd=[chown -R 1012:1013 /var/run/act/actions/actions-setup-java@v2/] user=0 workdir=
[d415b8e0-4419-42ac-a67a-d22aa6f52492/build]   🐳  docker exec cmd=[node /var/run/act/actions/actions-setup-java@v2/dist/setup/index.js] user= workdir=
[d415b8e0-4419-42ac-a67a-d22aa6f52492/build]   | Trying to resolve the latest version from remote
[d415b8e0-4419-42ac-a67a-d22aa6f52492/build]   | Resolved latest version as 17.0.9+9
[d415b8e0-4419-42ac-a67a-d22aa6f52492/build]   | Trying to download...
[d415b8e0-4419-42ac-a67a-d22aa6f52492/build]   | Downloading Java 17.0.9+9 (Adopt-Hotspot) from https://github.com/adoptium/temurin17-binaries/releases/download/jdk-17.0.9%2B9/OpenJDK17U-jdk_x64_linux_hotspot_17.0.9_9.tar.gz ...
[d415b8e0-4419-42ac-a67a-d22aa6f52492/build]   💬  ::debug::Downloading https://github.com/adoptium/temurin17-binaries/releases/download/jdk-17.0.9%252B9/OpenJDK17U-jdk_x64_linux_hotspot_17.0.9_9.tar.gz
[d415b8e0-4419-42ac-a67a-d22aa6f52492/build]   💬  ::debug::Destination /tmp/d85d748e-58e6-4db7-baab-f16d58906149
[d415b8e0-4419-42ac-a67a-d22aa6f52492/build]   💬  ::debug::download complete
[d415b8e0-4419-42ac-a67a-d22aa6f52492/build]   | Extracting Java archive...
[d415b8e0-4419-42ac-a67a-d22aa6f52492/build]   💬  ::debug::Checking tar --version
[d415b8e0-4419-42ac-a67a-d22aa6f52492/build]   💬  ::debug::tar (GNU tar) 1.34%0ACopyright (C) 2021 Free Software Foundation, Inc.%0ALicense GPLv3+: GNU GPL version 3 or later <https://gnu.org/licenses/gpl.html>.%0AThis is free software: you are free to change and redistribute it.%0AThere is NO WARRANTY, to the extent permitted by law.%0A%0AWritten by John Gilmore and Jay Fenlason.
[d415b8e0-4419-42ac-a67a-d22aa6f52492/build]   | [command]/usr/bin/tar xz --warning=no-unknown-keyword -C /tmp/2aa545b7-5023-4903-aa37-aab8d3847847 -f /tmp/d85d748e-58e6-4db7-baab-f16d58906149
[d415b8e0-4419-42ac-a67a-d22aa6f52492/build]   💬  ::debug::Caching tool Java_Adopt_jdk 17.0.9-9 x64
[d415b8e0-4419-42ac-a67a-d22aa6f52492/build]   💬  ::debug::source dir: /tmp/2aa545b7-5023-4903-aa37-aab8d3847847/jdk-17.0.9+9
[d415b8e0-4419-42ac-a67a-d22aa6f52492/build]   💬  ::debug::destination /opt/hostedtoolcache/Java_Adopt_jdk/17.0.9-9/x64
[d415b8e0-4419-42ac-a67a-d22aa6f52492/build]   💬  ::debug::finished caching tool
[d415b8e0-4419-42ac-a67a-d22aa6f52492/build]   | Java 17.0.9+9 was downloaded
[d415b8e0-4419-42ac-a67a-d22aa6f52492/build]   | Setting Java 17.0.9+9 as the default
[d415b8e0-4419-42ac-a67a-d22aa6f52492/build]   | 
[d415b8e0-4419-42ac-a67a-d22aa6f52492/build]   | Java configuration:
[d415b8e0-4419-42ac-a67a-d22aa6f52492/build]   |   Distribution: adopt
[d415b8e0-4419-42ac-a67a-d22aa6f52492/build]   |   Version: 17.0.9+9
[d415b8e0-4419-42ac-a67a-d22aa6f52492/build]   |   Path: /opt/hostedtoolcache/Java_Adopt_jdk/17.0.9-9/x64
[d415b8e0-4419-42ac-a67a-d22aa6f52492/build]   | 
[d415b8e0-4419-42ac-a67a-d22aa6f52492/build]   ❓ add-matcher /run/act/actions/actions-setup-java@v2/.github/java.json
[d415b8e0-4419-42ac-a67a-d22aa6f52492/build]   | Creating settings.xml with server-id: github
[d415b8e0-4419-42ac-a67a-d22aa6f52492/build]   | Writing to /home/runner/.m2/settings.xml
[d415b8e0-4419-42ac-a67a-d22aa6f52492/build]   ✅  Success - Main Set up JDK 17
[d415b8e0-4419-42ac-a67a-d22aa6f52492/build]   ⚙  ::set-env:: JAVA_HOME=/opt/hostedtoolcache/Java_Adopt_jdk/17.0.9-9/x64
[d415b8e0-4419-42ac-a67a-d22aa6f52492/build]   ⚙  ::set-output:: distribution=Adopt-Hotspot
[d415b8e0-4419-42ac-a67a-d22aa6f52492/build]   ⚙  ::set-output:: path=/opt/hostedtoolcache/Java_Adopt_jdk/17.0.9-9/x64
[d415b8e0-4419-42ac-a67a-d22aa6f52492/build]   ⚙  ::set-output:: version=17.0.9+9
[d415b8e0-4419-42ac-a67a-d22aa6f52492/build]   ⚙  ::add-path:: /opt/hostedtoolcache/Java_Adopt_jdk/17.0.9-9/x64/bin
[d415b8e0-4419-42ac-a67a-d22aa6f52492/build] unable to get git ref: failed to identify reference (tag/branch) for the checked-out revision '0bce500d0dac1249723e6ce972f9454c1b04f203'
[d415b8e0-4419-42ac-a67a-d22aa6f52492/build] unable to get git ref: failed to identify reference (tag/branch) for the checked-out revision '0bce500d0dac1249723e6ce972f9454c1b04f203'
[d415b8e0-4419-42ac-a67a-d22aa6f52492/build] unable to get git ref: failed to identify reference (tag/branch) for the checked-out revision '0bce500d0dac1249723e6ce972f9454c1b04f203'
[d415b8e0-4419-42ac-a67a-d22aa6f52492/build] unable to get git ref: failed to identify reference (tag/branch) for the checked-out revision '0bce500d0dac1249723e6ce972f9454c1b04f203'
[d415b8e0-4419-42ac-a67a-d22aa6f52492/build] unable to get git ref: failed to identify reference (tag/branch) for the checked-out revision '0bce500d0dac1249723e6ce972f9454c1b04f203'
[d415b8e0-4419-42ac-a67a-d22aa6f52492/build] ⭐ Run Main Grant execute permission for gradlew
[d415b8e0-4419-42ac-a67a-d22aa6f52492/build] unable to get git ref: failed to identify reference (tag/branch) for the checked-out revision '0bce500d0dac1249723e6ce972f9454c1b04f203'
[d415b8e0-4419-42ac-a67a-d22aa6f52492/build] unable to get git ref: failed to identify reference (tag/branch) for the checked-out revision '0bce500d0dac1249723e6ce972f9454c1b04f203'
[d415b8e0-4419-42ac-a67a-d22aa6f52492/build] unable to get git ref: failed to identify reference (tag/branch) for the checked-out revision '0bce500d0dac1249723e6ce972f9454c1b04f203'
[d415b8e0-4419-42ac-a67a-d22aa6f52492/build] unable to get git ref: failed to identify reference (tag/branch) for the checked-out revision '0bce500d0dac1249723e6ce972f9454c1b04f203'
[d415b8e0-4419-42ac-a67a-d22aa6f52492/build]   🐳  docker exec cmd=[bash --noprofile --norc -e -o pipefail /var/run/act/workflow/2] user= workdir=
[d415b8e0-4419-42ac-a67a-d22aa6f52492/build]   ✅  Success - Main Grant execute permission for gradlew
[d415b8e0-4419-42ac-a67a-d22aa6f52492/build] unable to get git ref: failed to identify reference (tag/branch) for the checked-out revision '0bce500d0dac1249723e6ce972f9454c1b04f203'
[d415b8e0-4419-42ac-a67a-d22aa6f52492/build] unable to get git ref: failed to identify reference (tag/branch) for the checked-out revision '0bce500d0dac1249723e6ce972f9454c1b04f203'
[d415b8e0-4419-42ac-a67a-d22aa6f52492/build] unable to get git ref: failed to identify reference (tag/branch) for the checked-out revision '0bce500d0dac1249723e6ce972f9454c1b04f203'
[d415b8e0-4419-42ac-a67a-d22aa6f52492/build] unable to get git ref: failed to identify reference (tag/branch) for the checked-out revision '0bce500d0dac1249723e6ce972f9454c1b04f203'
[d415b8e0-4419-42ac-a67a-d22aa6f52492/build] unable to get git ref: failed to identify reference (tag/branch) for the checked-out revision '0bce500d0dac1249723e6ce972f9454c1b04f203'
[d415b8e0-4419-42ac-a67a-d22aa6f52492/build] ⭐ Run Main Build with Gradle
[d415b8e0-4419-42ac-a67a-d22aa6f52492/build] unable to get git ref: failed to identify reference (tag/branch) for the checked-out revision '0bce500d0dac1249723e6ce972f9454c1b04f203'
[d415b8e0-4419-42ac-a67a-d22aa6f52492/build] unable to get git ref: failed to identify reference (tag/branch) for the checked-out revision '0bce500d0dac1249723e6ce972f9454c1b04f203'
[d415b8e0-4419-42ac-a67a-d22aa6f52492/build] unable to get git ref: failed to identify reference (tag/branch) for the checked-out revision '0bce500d0dac1249723e6ce972f9454c1b04f203'
[d415b8e0-4419-42ac-a67a-d22aa6f52492/build] unable to get git ref: failed to identify reference (tag/branch) for the checked-out revision '0bce500d0dac1249723e6ce972f9454c1b04f203'
[d415b8e0-4419-42ac-a67a-d22aa6f52492/build]   🐳  docker exec cmd=[bash --noprofile --norc -e -o pipefail /var/run/act/workflow/3] user= workdir=
[d415b8e0-4419-42ac-a67a-d22aa6f52492/build]   | Downloading https://services.gradle.org/distributions/gradle-7.4.2-bin.zip
[d415b8e0-4419-42ac-a67a-d22aa6f52492/build]   | ...........10%...........20%...........30%...........40%...........50%...........60%...........70%...........80%...........90%...........100%
[d415b8e0-4419-42ac-a67a-d22aa6f52492/build]   | 
[d415b8e0-4419-42ac-a67a-d22aa6f52492/build]   | Welcome to Gradle 7.4.2!
[d415b8e0-4419-42ac-a67a-d22aa6f52492/build]   | 
[d415b8e0-4419-42ac-a67a-d22aa6f52492/build]   | Here are the highlights of this release:
[d415b8e0-4419-42ac-a67a-d22aa6f52492/build]   |  - Aggregated test and JaCoCo reports
[d415b8e0-4419-42ac-a67a-d22aa6f52492/build]   |  - Marking additional test source directories as tests in IntelliJ
[d415b8e0-4419-42ac-a67a-d22aa6f52492/build]   |  - Support for Adoptium JDKs in Java toolchains
[d415b8e0-4419-42ac-a67a-d22aa6f52492/build]   | 
[d415b8e0-4419-42ac-a67a-d22aa6f52492/build]   | For more details see https://docs.gradle.org/7.4.2/release-notes.html
[d415b8e0-4419-42ac-a67a-d22aa6f52492/build]   | 
[d415b8e0-4419-42ac-a67a-d22aa6f52492/build]   | Starting a Gradle Daemon (subsequent builds will be faster)
[d415b8e0-4419-42ac-a67a-d22aa6f52492/build]   | 
[d415b8e0-4419-42ac-a67a-d22aa6f52492/build]   | > Task :compileJava
[d415b8e0-4419-42ac-a67a-d22aa6f52492/build]   | Note: /tmp/3b066108-df10-4689-877e-e19fca2011c7/src/main/java/net/javadiscord/javabot/Bot.java uses unchecked or unsafe operations.
[d415b8e0-4419-42ac-a67a-d22aa6f52492/build]   | Note: Recompile with -Xlint:unchecked for details.
[d415b8e0-4419-42ac-a67a-d22aa6f52492/build]   | 
[d415b8e0-4419-42ac-a67a-d22aa6f52492/build]   | > Task :processResources
[d415b8e0-4419-42ac-a67a-d22aa6f52492/build]   | > Task :classes
[d415b8e0-4419-42ac-a67a-d22aa6f52492/build]   | > Task :bootJarMainClassName
[d415b8e0-4419-42ac-a67a-d22aa6f52492/build]   | > Task :bootJar
[d415b8e0-4419-42ac-a67a-d22aa6f52492/build]   | > Task :jar
[d415b8e0-4419-42ac-a67a-d22aa6f52492/build]   | > Task :assemble
[d415b8e0-4419-42ac-a67a-d22aa6f52492/build]   | > Task :checkstyleMain
[d415b8e0-4419-42ac-a67a-d22aa6f52492/build]   | > Task :compileTestJava
[d415b8e0-4419-42ac-a67a-d22aa6f52492/build]   | > Task :processTestResources
[d415b8e0-4419-42ac-a67a-d22aa6f52492/build]   | > Task :testClasses
[d415b8e0-4419-42ac-a67a-d22aa6f52492/build]   | > Task :checkstyleTest
[d415b8e0-4419-42ac-a67a-d22aa6f52492/build]   | > Task :test
[d415b8e0-4419-42ac-a67a-d22aa6f52492/build]   | > Task :check
[d415b8e0-4419-42ac-a67a-d22aa6f52492/build]   | > Task :build
[d415b8e0-4419-42ac-a67a-d22aa6f52492/build]   | 
[d415b8e0-4419-42ac-a67a-d22aa6f52492/build]   | BUILD SUCCESSFUL in 1m 30s
[d415b8e0-4419-42ac-a67a-d22aa6f52492/build]   | 10 actionable tasks: 10 executed
[d415b8e0-4419-42ac-a67a-d22aa6f52492/build]   ✅  Success - Main Build with Gradle
[d415b8e0-4419-42ac-a67a-d22aa6f52492/build] unable to get git ref: failed to identify reference (tag/branch) for the checked-out revision '0bce500d0dac1249723e6ce972f9454c1b04f203'
[d415b8e0-4419-42ac-a67a-d22aa6f52492/build] unable to get git ref: failed to identify reference (tag/branch) for the checked-out revision '0bce500d0dac1249723e6ce972f9454c1b04f203'
[d415b8e0-4419-42ac-a67a-d22aa6f52492/build] unable to get git ref: failed to identify reference (tag/branch) for the checked-out revision '0bce500d0dac1249723e6ce972f9454c1b04f203'
[d415b8e0-4419-42ac-a67a-d22aa6f52492/build] unable to get git ref: failed to identify reference (tag/branch) for the checked-out revision '0bce500d0dac1249723e6ce972f9454c1b04f203'
[d415b8e0-4419-42ac-a67a-d22aa6f52492/build] unable to get git ref: failed to identify reference (tag/branch) for the checked-out revision '0bce500d0dac1249723e6ce972f9454c1b04f203'
[d415b8e0-4419-42ac-a67a-d22aa6f52492/build] ⭐ Run Main Test with Gradle
[d415b8e0-4419-42ac-a67a-d22aa6f52492/build] unable to get git ref: failed to identify reference (tag/branch) for the checked-out revision '0bce500d0dac1249723e6ce972f9454c1b04f203'
[d415b8e0-4419-42ac-a67a-d22aa6f52492/build] unable to get git ref: failed to identify reference (tag/branch) for the checked-out revision '0bce500d0dac1249723e6ce972f9454c1b04f203'
[d415b8e0-4419-42ac-a67a-d22aa6f52492/build] unable to get git ref: failed to identify reference (tag/branch) for the checked-out revision '0bce500d0dac1249723e6ce972f9454c1b04f203'
[d415b8e0-4419-42ac-a67a-d22aa6f52492/build] unable to get git ref: failed to identify reference (tag/branch) for the checked-out revision '0bce500d0dac1249723e6ce972f9454c1b04f203'
[d415b8e0-4419-42ac-a67a-d22aa6f52492/build]   🐳  docker exec cmd=[bash --noprofile --norc -e -o pipefail /var/run/act/workflow/4] user= workdir=
[d415b8e0-4419-42ac-a67a-d22aa6f52492/build]   | > Task :compileJava UP-TO-DATE
[d415b8e0-4419-42ac-a67a-d22aa6f52492/build]   | > Task :processResources UP-TO-DATE
[d415b8e0-4419-42ac-a67a-d22aa6f52492/build]   | > Task :classes UP-TO-DATE
[d415b8e0-4419-42ac-a67a-d22aa6f52492/build]   | > Task :compileTestJava UP-TO-DATE
[d415b8e0-4419-42ac-a67a-d22aa6f52492/build]   | > Task :processTestResources UP-TO-DATE
[d415b8e0-4419-42ac-a67a-d22aa6f52492/build]   | > Task :testClasses UP-TO-DATE
[d415b8e0-4419-42ac-a67a-d22aa6f52492/build]   | > Task :test UP-TO-DATE
[d415b8e0-4419-42ac-a67a-d22aa6f52492/build]   | 
[d415b8e0-4419-42ac-a67a-d22aa6f52492/build]   | BUILD SUCCESSFUL in 1s
[d415b8e0-4419-42ac-a67a-d22aa6f52492/build]   | 5 actionable tasks: 5 up-to-date
[d415b8e0-4419-42ac-a67a-d22aa6f52492/build]   ✅  Success - Main Test with Gradle
[d415b8e0-4419-42ac-a67a-d22aa6f52492/build] unable to get git ref: failed to identify reference (tag/branch) for the checked-out revision '0bce500d0dac1249723e6ce972f9454c1b04f203'
[d415b8e0-4419-42ac-a67a-d22aa6f52492/build] unable to get git ref: failed to identify reference (tag/branch) for the checked-out revision '0bce500d0dac1249723e6ce972f9454c1b04f203'
[d415b8e0-4419-42ac-a67a-d22aa6f52492/build] unable to get git ref: failed to identify reference (tag/branch) for the checked-out revision '0bce500d0dac1249723e6ce972f9454c1b04f203'
[d415b8e0-4419-42ac-a67a-d22aa6f52492/build] unable to get git ref: failed to identify reference (tag/branch) for the checked-out revision '0bce500d0dac1249723e6ce972f9454c1b04f203'
[d415b8e0-4419-42ac-a67a-d22aa6f52492/build] unable to get git ref: failed to identify reference (tag/branch) for the checked-out revision '0bce500d0dac1249723e6ce972f9454c1b04f203'
[d415b8e0-4419-42ac-a67a-d22aa6f52492/build] ⭐ Run Post Set up JDK 17
[d415b8e0-4419-42ac-a67a-d22aa6f52492/build]   🐳  docker exec cmd=[node /var/run/act/actions/actions-setup-java@v2/dist/cleanup/index.js] user= workdir=
[d415b8e0-4419-42ac-a67a-d22aa6f52492/build]   ✅  Success - Post Set up JDK 17
[d415b8e0-4419-42ac-a67a-d22aa6f52492/build] 🏁  Job succeeded
[d415b8e0-4419-42ac-a67a-d22aa6f52492/build] unable to get git ref: failed to identify reference (tag/branch) for the checked-out revision '0bce500d0dac1249723e6ce972f9454c1b04f203'
