[b2efbfca-359c-4475-b8c8-66be54742f3a/build] 🚀  Start image=gitbugactions:latest
[b2efbfca-359c-4475-b8c8-66be54742f3a/build]   🐳  docker pull image=gitbugactions:latest platform= username= forcePull=false
[b2efbfca-359c-4475-b8c8-66be54742f3a/build]   🐳  docker create image=gitbugactions:latest platform= entrypoint=["tail" "-f" "/dev/null"] cmd=[]
[b2efbfca-359c-4475-b8c8-66be54742f3a/build]   🐳  docker run image=gitbugactions:latest platform= entrypoint=["tail" "-f" "/dev/null"] cmd=[]
[b2efbfca-359c-4475-b8c8-66be54742f3a/build]   🐳  docker exec cmd=[chown -R 1012:1013 /tmp/af0d978c-fdff-498a-a029-9802ddc03b6a] user=0 workdir=
[b2efbfca-359c-4475-b8c8-66be54742f3a/build] unable to get git ref: failed to identify reference (tag/branch) for the checked-out revision 'b4934e05aab6c875cd1c2d412102e041a79b9210'
[b2efbfca-359c-4475-b8c8-66be54742f3a/build] unable to get git ref: failed to identify reference (tag/branch) for the checked-out revision 'b4934e05aab6c875cd1c2d412102e041a79b9210'
[b2efbfca-359c-4475-b8c8-66be54742f3a/build] unable to get git ref: failed to identify reference (tag/branch) for the checked-out revision 'b4934e05aab6c875cd1c2d412102e041a79b9210'
[b2efbfca-359c-4475-b8c8-66be54742f3a/build] unable to get git ref: failed to identify reference (tag/branch) for the checked-out revision 'b4934e05aab6c875cd1c2d412102e041a79b9210'
[b2efbfca-359c-4475-b8c8-66be54742f3a/build] unable to get git ref: failed to identify reference (tag/branch) for the checked-out revision 'b4934e05aab6c875cd1c2d412102e041a79b9210'
[b2efbfca-359c-4475-b8c8-66be54742f3a/build] unable to get git ref: failed to identify reference (tag/branch) for the checked-out revision 'b4934e05aab6c875cd1c2d412102e041a79b9210'
[b2efbfca-359c-4475-b8c8-66be54742f3a/build] unable to get git ref: failed to identify reference (tag/branch) for the checked-out revision 'b4934e05aab6c875cd1c2d412102e041a79b9210'
[b2efbfca-359c-4475-b8c8-66be54742f3a/build] unable to get git ref: failed to identify reference (tag/branch) for the checked-out revision 'b4934e05aab6c875cd1c2d412102e041a79b9210'
[b2efbfca-359c-4475-b8c8-66be54742f3a/build] unable to get git ref: failed to identify reference (tag/branch) for the checked-out revision 'b4934e05aab6c875cd1c2d412102e041a79b9210'
[b2efbfca-359c-4475-b8c8-66be54742f3a/build] ⭐ Run Main actions/checkout@v3
[b2efbfca-359c-4475-b8c8-66be54742f3a/build] unable to get git ref: failed to identify reference (tag/branch) for the checked-out revision 'b4934e05aab6c875cd1c2d412102e041a79b9210'
[b2efbfca-359c-4475-b8c8-66be54742f3a/build] unable to get git ref: failed to identify reference (tag/branch) for the checked-out revision 'b4934e05aab6c875cd1c2d412102e041a79b9210'
[b2efbfca-359c-4475-b8c8-66be54742f3a/build]   🐳  docker cp src=/tmp/af0d978c-fdff-498a-a029-9802ddc03b6a/. dst=/tmp/af0d978c-fdff-498a-a029-9802ddc03b6a
[b2efbfca-359c-4475-b8c8-66be54742f3a/build]   🐳  docker exec cmd=[chown -R 1012:1013 /tmp/af0d978c-fdff-498a-a029-9802ddc03b6a] user=0 workdir=
[b2efbfca-359c-4475-b8c8-66be54742f3a/build]   ✅  Success - Main actions/checkout@v3
[b2efbfca-359c-4475-b8c8-66be54742f3a/build] unable to get git ref: failed to identify reference (tag/branch) for the checked-out revision 'b4934e05aab6c875cd1c2d412102e041a79b9210'
[b2efbfca-359c-4475-b8c8-66be54742f3a/build] unable to get git ref: failed to identify reference (tag/branch) for the checked-out revision 'b4934e05aab6c875cd1c2d412102e041a79b9210'
[b2efbfca-359c-4475-b8c8-66be54742f3a/build] unable to get git ref: failed to identify reference (tag/branch) for the checked-out revision 'b4934e05aab6c875cd1c2d412102e041a79b9210'
[b2efbfca-359c-4475-b8c8-66be54742f3a/build] unable to get git ref: failed to identify reference (tag/branch) for the checked-out revision 'b4934e05aab6c875cd1c2d412102e041a79b9210'
[b2efbfca-359c-4475-b8c8-66be54742f3a/build] unable to get git ref: failed to identify reference (tag/branch) for the checked-out revision 'b4934e05aab6c875cd1c2d412102e041a79b9210'
[b2efbfca-359c-4475-b8c8-66be54742f3a/build] ⭐ Run Main actions/setup-java@v3
[b2efbfca-359c-4475-b8c8-66be54742f3a/build] unable to get git ref: failed to identify reference (tag/branch) for the checked-out revision 'b4934e05aab6c875cd1c2d412102e041a79b9210'
[b2efbfca-359c-4475-b8c8-66be54742f3a/build] unable to get git ref: failed to identify reference (tag/branch) for the checked-out revision 'b4934e05aab6c875cd1c2d412102e041a79b9210'
[b2efbfca-359c-4475-b8c8-66be54742f3a/build] unable to get git ref: failed to identify reference (tag/branch) for the checked-out revision 'b4934e05aab6c875cd1c2d412102e041a79b9210'
[b2efbfca-359c-4475-b8c8-66be54742f3a/build]   🐳  docker cp src=/tmp/act-cache/80aca6b1-1cdc-490c-bd64-d0d90a7d42fb/act/actions-setup-java@v3/ dst=/var/run/act/actions/actions-setup-java@v3/
[b2efbfca-359c-4475-b8c8-66be54742f3a/build]   🐳  docker exec cmd=[chown -R 1012:1013 /var/run/act/actions/actions-setup-java@v3/] user=0 workdir=
[b2efbfca-359c-4475-b8c8-66be54742f3a/build]   🐳  docker exec cmd=[node /var/run/act/actions/actions-setup-java@v3/dist/setup/index.js] user= workdir=
[b2efbfca-359c-4475-b8c8-66be54742f3a/build]   ❓  ::group::Installed distributions
[b2efbfca-359c-4475-b8c8-66be54742f3a/build]   | Trying to resolve the latest version from remote
[b2efbfca-359c-4475-b8c8-66be54742f3a/build]   💬  ::debug::Gathering available versions from 'https://api.azul.com/zulu/download/community/v1.0/bundles/?os=linux&ext=tar.gz&bundle_type=jdk&javafx=false&arch=x86&hw_bitness=64&release_status=ga'
[b2efbfca-359c-4475-b8c8-66be54742f3a/build]   | Resolved latest version as 11.0.21+9
[b2efbfca-359c-4475-b8c8-66be54742f3a/build]   | Trying to download...
[b2efbfca-359c-4475-b8c8-66be54742f3a/build]   | Downloading Java 11.0.21+9 (Zulu) from https://cdn.azul.com/zulu/bin/zulu11.68.17-ca-jdk11.0.21-linux_x64.tar.gz ...
[b2efbfca-359c-4475-b8c8-66be54742f3a/build]   💬  ::debug::Downloading https://cdn.azul.com/zulu/bin/zulu11.68.17-ca-jdk11.0.21-linux_x64.tar.gz
[b2efbfca-359c-4475-b8c8-66be54742f3a/build]   💬  ::debug::Destination /tmp/9186d78c-c1d8-4f10-b72e-f2fcba1fef77
[b2efbfca-359c-4475-b8c8-66be54742f3a/build]   💬  ::debug::download complete
[b2efbfca-359c-4475-b8c8-66be54742f3a/build]   | Extracting Java archive...
[b2efbfca-359c-4475-b8c8-66be54742f3a/build]   💬  ::debug::Checking tar --version
[b2efbfca-359c-4475-b8c8-66be54742f3a/build]   💬  ::debug::tar (GNU tar) 1.34%0ACopyright (C) 2021 Free Software Foundation, Inc.%0ALicense GPLv3+: GNU GPL version 3 or later <https://gnu.org/licenses/gpl.html>.%0AThis is free software: you are free to change and redistribute it.%0AThere is NO WARRANTY, to the extent permitted by law.%0A%0AWritten by John Gilmore and Jay Fenlason.
[b2efbfca-359c-4475-b8c8-66be54742f3a/build]   | [command]/usr/bin/tar xz --warning=no-unknown-keyword -C /tmp/263b0f03-6f4e-4f7f-b911-f1b0cb7c5a23 -f /tmp/9186d78c-c1d8-4f10-b72e-f2fcba1fef77
[b2efbfca-359c-4475-b8c8-66be54742f3a/build]   💬  ::debug::Caching tool Java_Zulu_jdk 11.0.21-9 x64
[b2efbfca-359c-4475-b8c8-66be54742f3a/build]   💬  ::debug::source dir: /tmp/263b0f03-6f4e-4f7f-b911-f1b0cb7c5a23/zulu11.68.17-ca-jdk11.0.21-linux_x64
[b2efbfca-359c-4475-b8c8-66be54742f3a/build]   💬  ::debug::destination /opt/hostedtoolcache/Java_Zulu_jdk/11.0.21-9/x64
[b2efbfca-359c-4475-b8c8-66be54742f3a/build]   💬  ::debug::finished caching tool
[b2efbfca-359c-4475-b8c8-66be54742f3a/build]   | Java 11.0.21+9 was downloaded
[b2efbfca-359c-4475-b8c8-66be54742f3a/build]   | Setting Java 11.0.21+9 as the default
[b2efbfca-359c-4475-b8c8-66be54742f3a/build]   | Creating toolchains.xml for JDK version 11 from zulu
[b2efbfca-359c-4475-b8c8-66be54742f3a/build]   | Writing to /home/runner/.m2/toolchains.xml
[b2efbfca-359c-4475-b8c8-66be54742f3a/build]   | 
[b2efbfca-359c-4475-b8c8-66be54742f3a/build]   | Java configuration:
[b2efbfca-359c-4475-b8c8-66be54742f3a/build]   |   Distribution: zulu
[b2efbfca-359c-4475-b8c8-66be54742f3a/build]   |   Version: 11.0.21+9
[b2efbfca-359c-4475-b8c8-66be54742f3a/build]   |   Path: /opt/hostedtoolcache/Java_Zulu_jdk/11.0.21-9/x64
[b2efbfca-359c-4475-b8c8-66be54742f3a/build]   | 
[b2efbfca-359c-4475-b8c8-66be54742f3a/build]   ❓  ::endgroup::
[b2efbfca-359c-4475-b8c8-66be54742f3a/build]   ❓ add-matcher /run/act/actions/actions-setup-java@v3/.github/java.json
[b2efbfca-359c-4475-b8c8-66be54742f3a/build]   | Creating settings.xml with server-id: github
[b2efbfca-359c-4475-b8c8-66be54742f3a/build]   | Writing to /home/runner/.m2/settings.xml
[b2efbfca-359c-4475-b8c8-66be54742f3a/build]   ✅  Success - Main actions/setup-java@v3
[b2efbfca-359c-4475-b8c8-66be54742f3a/build]   ⚙  ::set-env:: JAVA_HOME=/opt/hostedtoolcache/Java_Zulu_jdk/11.0.21-9/x64
[b2efbfca-359c-4475-b8c8-66be54742f3a/build]   ⚙  ::set-env:: JAVA_HOME_11_X64=/opt/hostedtoolcache/Java_Zulu_jdk/11.0.21-9/x64
[b2efbfca-359c-4475-b8c8-66be54742f3a/build]   ⚙  ::set-output:: distribution=Zulu
[b2efbfca-359c-4475-b8c8-66be54742f3a/build]   ⚙  ::set-output:: path=/opt/hostedtoolcache/Java_Zulu_jdk/11.0.21-9/x64
[b2efbfca-359c-4475-b8c8-66be54742f3a/build]   ⚙  ::set-output:: version=11.0.21+9
[b2efbfca-359c-4475-b8c8-66be54742f3a/build]   ⚙  ::add-path:: /opt/hostedtoolcache/Java_Zulu_jdk/11.0.21-9/x64/bin
[b2efbfca-359c-4475-b8c8-66be54742f3a/build] unable to get git ref: failed to identify reference (tag/branch) for the checked-out revision 'b4934e05aab6c875cd1c2d412102e041a79b9210'
[b2efbfca-359c-4475-b8c8-66be54742f3a/build] unable to get git ref: failed to identify reference (tag/branch) for the checked-out revision 'b4934e05aab6c875cd1c2d412102e041a79b9210'
[b2efbfca-359c-4475-b8c8-66be54742f3a/build] unable to get git ref: failed to identify reference (tag/branch) for the checked-out revision 'b4934e05aab6c875cd1c2d412102e041a79b9210'
[b2efbfca-359c-4475-b8c8-66be54742f3a/build] unable to get git ref: failed to identify reference (tag/branch) for the checked-out revision 'b4934e05aab6c875cd1c2d412102e041a79b9210'
[b2efbfca-359c-4475-b8c8-66be54742f3a/build] unable to get git ref: failed to identify reference (tag/branch) for the checked-out revision 'b4934e05aab6c875cd1c2d412102e041a79b9210'
[b2efbfca-359c-4475-b8c8-66be54742f3a/build] ⭐ Run Main ./gradlew build --no-daemon --warning-mode=fail
[b2efbfca-359c-4475-b8c8-66be54742f3a/build] unable to get git ref: failed to identify reference (tag/branch) for the checked-out revision 'b4934e05aab6c875cd1c2d412102e041a79b9210'
[b2efbfca-359c-4475-b8c8-66be54742f3a/build] unable to get git ref: failed to identify reference (tag/branch) for the checked-out revision 'b4934e05aab6c875cd1c2d412102e041a79b9210'
[b2efbfca-359c-4475-b8c8-66be54742f3a/build] unable to get git ref: failed to identify reference (tag/branch) for the checked-out revision 'b4934e05aab6c875cd1c2d412102e041a79b9210'
[b2efbfca-359c-4475-b8c8-66be54742f3a/build] unable to get git ref: failed to identify reference (tag/branch) for the checked-out revision 'b4934e05aab6c875cd1c2d412102e041a79b9210'
[b2efbfca-359c-4475-b8c8-66be54742f3a/build]   🐳  docker exec cmd=[bash --noprofile --norc -e -o pipefail /var/run/act/workflow/2] user= workdir=
[b2efbfca-359c-4475-b8c8-66be54742f3a/build]   | Downloading https://services.gradle.org/distributions/gradle-7.5.1-bin.zip
[b2efbfca-359c-4475-b8c8-66be54742f3a/build]   | ...........10%............20%...........30%............40%...........50%............60%...........70%............80%...........90%............100%
[b2efbfca-359c-4475-b8c8-66be54742f3a/build]   | 
[b2efbfca-359c-4475-b8c8-66be54742f3a/build]   | Welcome to Gradle 7.5.1!
[b2efbfca-359c-4475-b8c8-66be54742f3a/build]   | 
[b2efbfca-359c-4475-b8c8-66be54742f3a/build]   | Here are the highlights of this release:
[b2efbfca-359c-4475-b8c8-66be54742f3a/build]   |  - Support for Java 18
[b2efbfca-359c-4475-b8c8-66be54742f3a/build]   |  - Support for building with Groovy 4
[b2efbfca-359c-4475-b8c8-66be54742f3a/build]   |  - Much more responsive continuous builds
[b2efbfca-359c-4475-b8c8-66be54742f3a/build]   |  - Improved diagnostics for dependency resolution
[b2efbfca-359c-4475-b8c8-66be54742f3a/build]   | 
[b2efbfca-359c-4475-b8c8-66be54742f3a/build]   | For more details see https://docs.gradle.org/7.5.1/release-notes.html
[b2efbfca-359c-4475-b8c8-66be54742f3a/build]   | 
[b2efbfca-359c-4475-b8c8-66be54742f3a/build]   | To honour the JVM settings for this build a single-use Daemon process will be forked. See https://docs.gradle.org/7.5.1/userguide/gradle_daemon.html#sec:disabling_the_daemon.
[b2efbfca-359c-4475-b8c8-66be54742f3a/build]   | Daemon will be stopped at the end of the build 
[b2efbfca-359c-4475-b8c8-66be54742f3a/build]   | 
[b2efbfca-359c-4475-b8c8-66be54742f3a/build]   | > Configure project :
[b2efbfca-359c-4475-b8c8-66be54742f3a/build]   | Kordamp Enforcer Gradle plugin 0.10.0. Consider becoming a patron at https://www.patreon.com/aalmiray
[b2efbfca-359c-4475-b8c8-66be54742f3a/build]   | 
[b2efbfca-359c-4475-b8c8-66be54742f3a/build]   | > Task :copyDependencies
[b2efbfca-359c-4475-b8c8-66be54742f3a/build]   | > Task :extractIncludeProto
[b2efbfca-359c-4475-b8c8-66be54742f3a/build]   | > Task :extractProto
[b2efbfca-359c-4475-b8c8-66be54742f3a/build]   | > Task :generateProto
[b2efbfca-359c-4475-b8c8-66be54742f3a/build]   | > Task :compileJava
[b2efbfca-359c-4475-b8c8-66be54742f3a/build]   | Note: Some input files use or override a deprecated API.
[b2efbfca-359c-4475-b8c8-66be54742f3a/build]   | Note: Recompile with -Xlint:deprecation for details.
[b2efbfca-359c-4475-b8c8-66be54742f3a/build]   | Note: Some input files use unchecked or unsafe operations.
[b2efbfca-359c-4475-b8c8-66be54742f3a/build]   | Note: Recompile with -Xlint:unchecked for details.
[b2efbfca-359c-4475-b8c8-66be54742f3a/build]   | 
[b2efbfca-359c-4475-b8c8-66be54742f3a/build]   | > Task :processResources
[b2efbfca-359c-4475-b8c8-66be54742f3a/build]   | > Task :classes
[b2efbfca-359c-4475-b8c8-66be54742f3a/build]   | > Task :jar
[b2efbfca-359c-4475-b8c8-66be54742f3a/build]   | > Task :assemble
[b2efbfca-359c-4475-b8c8-66be54742f3a/build]   | > Task :extractIncludeTestProto
[b2efbfca-359c-4475-b8c8-66be54742f3a/build]   | > Task :extractTestProto
[b2efbfca-359c-4475-b8c8-66be54742f3a/build]   | > Task :generateTestProto NO-SOURCE
[b2efbfca-359c-4475-b8c8-66be54742f3a/build]   | 
[b2efbfca-359c-4475-b8c8-66be54742f3a/build]   | > Task :compileTestJava
[b2efbfca-359c-4475-b8c8-66be54742f3a/build]   | Note: Some input files use or override a deprecated API.
[b2efbfca-359c-4475-b8c8-66be54742f3a/build]   | Note: Recompile with -Xlint:deprecation for details.
[b2efbfca-359c-4475-b8c8-66be54742f3a/build]   | Note: /tmp/af0d978c-fdff-498a-a029-9802ddc03b6a/src/test/java/org/traccar/helper/ServletHelperTest.java uses unchecked or unsafe operations.
[b2efbfca-359c-4475-b8c8-66be54742f3a/build]   | Note: Recompile with -Xlint:unchecked for details.
[b2efbfca-359c-4475-b8c8-66be54742f3a/build]   | 
[b2efbfca-359c-4475-b8c8-66be54742f3a/build]   | > Task :processTestResources NO-SOURCE
[b2efbfca-359c-4475-b8c8-66be54742f3a/build]   | > Task :testClasses
[b2efbfca-359c-4475-b8c8-66be54742f3a/build]   | > Task :checkstyleTest SKIPPED
[b2efbfca-359c-4475-b8c8-66be54742f3a/build]   | > Task :test
[b2efbfca-359c-4475-b8c8-66be54742f3a/build]   | > Task :checkstyleMain
[b2efbfca-359c-4475-b8c8-66be54742f3a/build]   | > Task :check
[b2efbfca-359c-4475-b8c8-66be54742f3a/build]   | > Task :build
[b2efbfca-359c-4475-b8c8-66be54742f3a/build]   | 
[b2efbfca-359c-4475-b8c8-66be54742f3a/build]   | BUILD SUCCESSFUL in 2m 3s
[b2efbfca-359c-4475-b8c8-66be54742f3a/build]   | 12 actionable tasks: 12 executed
[b2efbfca-359c-4475-b8c8-66be54742f3a/build]   ✅  Success - Main ./gradlew build --no-daemon --warning-mode=fail
[b2efbfca-359c-4475-b8c8-66be54742f3a/build] unable to get git ref: failed to identify reference (tag/branch) for the checked-out revision 'b4934e05aab6c875cd1c2d412102e041a79b9210'
[b2efbfca-359c-4475-b8c8-66be54742f3a/build] unable to get git ref: failed to identify reference (tag/branch) for the checked-out revision 'b4934e05aab6c875cd1c2d412102e041a79b9210'
[b2efbfca-359c-4475-b8c8-66be54742f3a/build] unable to get git ref: failed to identify reference (tag/branch) for the checked-out revision 'b4934e05aab6c875cd1c2d412102e041a79b9210'
[b2efbfca-359c-4475-b8c8-66be54742f3a/build] unable to get git ref: failed to identify reference (tag/branch) for the checked-out revision 'b4934e05aab6c875cd1c2d412102e041a79b9210'
[b2efbfca-359c-4475-b8c8-66be54742f3a/build] unable to get git ref: failed to identify reference (tag/branch) for the checked-out revision 'b4934e05aab6c875cd1c2d412102e041a79b9210'
[b2efbfca-359c-4475-b8c8-66be54742f3a/build] ⭐ Run Post actions/setup-java@v3
[b2efbfca-359c-4475-b8c8-66be54742f3a/build]   🐳  docker exec cmd=[node /var/run/act/actions/actions-setup-java@v3/dist/cleanup/index.js] user= workdir=
[b2efbfca-359c-4475-b8c8-66be54742f3a/build]   ✅  Success - Post actions/setup-java@v3
[b2efbfca-359c-4475-b8c8-66be54742f3a/build] 🏁  Job succeeded
[b2efbfca-359c-4475-b8c8-66be54742f3a/build] unable to get git ref: failed to identify reference (tag/branch) for the checked-out revision 'b4934e05aab6c875cd1c2d412102e041a79b9210'
