[d043efbf-4943-4fec-9c67-e1bd2ca4d937/build] 🚀  Start image=crawlergpt:latest
[d043efbf-4943-4fec-9c67-e1bd2ca4d937/build]   🐳  docker pull image=crawlergpt:latest platform= username= forcePull=false
[d043efbf-4943-4fec-9c67-e1bd2ca4d937/build]   🐳  docker create image=crawlergpt:latest platform= entrypoint=["tail" "-f" "/dev/null"] cmd=[]
[d043efbf-4943-4fec-9c67-e1bd2ca4d937/build]   🐳  docker run image=crawlergpt:latest platform= entrypoint=["tail" "-f" "/dev/null"] cmd=[]
[d043efbf-4943-4fec-9c67-e1bd2ca4d937/build]   🐳  docker exec cmd=[chown -R 1012:1013 /tmp/3ef6801b-fcbb-4435-840d-211e6d6063e4] user=0 workdir=
[d043efbf-4943-4fec-9c67-e1bd2ca4d937/build] unable to get git ref: failed to identify reference (tag/branch) for the checked-out revision 'fd0ba95fcc6fd8abae7a26edfef57230876ac70e'
[d043efbf-4943-4fec-9c67-e1bd2ca4d937/build] unable to get git ref: failed to identify reference (tag/branch) for the checked-out revision 'fd0ba95fcc6fd8abae7a26edfef57230876ac70e'
[d043efbf-4943-4fec-9c67-e1bd2ca4d937/build] unable to get git ref: failed to identify reference (tag/branch) for the checked-out revision 'fd0ba95fcc6fd8abae7a26edfef57230876ac70e'
[d043efbf-4943-4fec-9c67-e1bd2ca4d937/build] unable to get git ref: failed to identify reference (tag/branch) for the checked-out revision 'fd0ba95fcc6fd8abae7a26edfef57230876ac70e'
[d043efbf-4943-4fec-9c67-e1bd2ca4d937/build] unable to get git ref: failed to identify reference (tag/branch) for the checked-out revision 'fd0ba95fcc6fd8abae7a26edfef57230876ac70e'
[d043efbf-4943-4fec-9c67-e1bd2ca4d937/build] unable to get git ref: failed to identify reference (tag/branch) for the checked-out revision 'fd0ba95fcc6fd8abae7a26edfef57230876ac70e'
[d043efbf-4943-4fec-9c67-e1bd2ca4d937/build] unable to get git ref: failed to identify reference (tag/branch) for the checked-out revision 'fd0ba95fcc6fd8abae7a26edfef57230876ac70e'
[d043efbf-4943-4fec-9c67-e1bd2ca4d937/build] unable to get git ref: failed to identify reference (tag/branch) for the checked-out revision 'fd0ba95fcc6fd8abae7a26edfef57230876ac70e'
[d043efbf-4943-4fec-9c67-e1bd2ca4d937/build] unable to get git ref: failed to identify reference (tag/branch) for the checked-out revision 'fd0ba95fcc6fd8abae7a26edfef57230876ac70e'
[d043efbf-4943-4fec-9c67-e1bd2ca4d937/build] ⭐ Run Main actions/checkout@v3
[d043efbf-4943-4fec-9c67-e1bd2ca4d937/build] unable to get git ref: failed to identify reference (tag/branch) for the checked-out revision 'fd0ba95fcc6fd8abae7a26edfef57230876ac70e'
[d043efbf-4943-4fec-9c67-e1bd2ca4d937/build] unable to get git ref: failed to identify reference (tag/branch) for the checked-out revision 'fd0ba95fcc6fd8abae7a26edfef57230876ac70e'
[d043efbf-4943-4fec-9c67-e1bd2ca4d937/build]   🐳  docker cp src=/tmp/3ef6801b-fcbb-4435-840d-211e6d6063e4/. dst=/tmp/3ef6801b-fcbb-4435-840d-211e6d6063e4
[d043efbf-4943-4fec-9c67-e1bd2ca4d937/build]   🐳  docker exec cmd=[chown -R 1012:1013 /tmp/3ef6801b-fcbb-4435-840d-211e6d6063e4] user=0 workdir=
[d043efbf-4943-4fec-9c67-e1bd2ca4d937/build]   ✅  Success - Main actions/checkout@v3
[d043efbf-4943-4fec-9c67-e1bd2ca4d937/build] unable to get git ref: failed to identify reference (tag/branch) for the checked-out revision 'fd0ba95fcc6fd8abae7a26edfef57230876ac70e'
[d043efbf-4943-4fec-9c67-e1bd2ca4d937/build] unable to get git ref: failed to identify reference (tag/branch) for the checked-out revision 'fd0ba95fcc6fd8abae7a26edfef57230876ac70e'
[d043efbf-4943-4fec-9c67-e1bd2ca4d937/build] unable to get git ref: failed to identify reference (tag/branch) for the checked-out revision 'fd0ba95fcc6fd8abae7a26edfef57230876ac70e'
[d043efbf-4943-4fec-9c67-e1bd2ca4d937/build] unable to get git ref: failed to identify reference (tag/branch) for the checked-out revision 'fd0ba95fcc6fd8abae7a26edfef57230876ac70e'
[d043efbf-4943-4fec-9c67-e1bd2ca4d937/build] unable to get git ref: failed to identify reference (tag/branch) for the checked-out revision 'fd0ba95fcc6fd8abae7a26edfef57230876ac70e'
[d043efbf-4943-4fec-9c67-e1bd2ca4d937/build] ⭐ Run Main Set up Go
[d043efbf-4943-4fec-9c67-e1bd2ca4d937/build] unable to get git ref: failed to identify reference (tag/branch) for the checked-out revision 'fd0ba95fcc6fd8abae7a26edfef57230876ac70e'
[d043efbf-4943-4fec-9c67-e1bd2ca4d937/build] unable to get git ref: failed to identify reference (tag/branch) for the checked-out revision 'fd0ba95fcc6fd8abae7a26edfef57230876ac70e'
[d043efbf-4943-4fec-9c67-e1bd2ca4d937/build] unable to get git ref: failed to identify reference (tag/branch) for the checked-out revision 'fd0ba95fcc6fd8abae7a26edfef57230876ac70e'
[d043efbf-4943-4fec-9c67-e1bd2ca4d937/build]   🐳  docker cp src=/tmp/act-cache/740fc43f-64a7-4f20-a33d-5a1b580e619e/act/actions-setup-go@v3/ dst=/var/run/act/actions/actions-setup-go@v3/
[d043efbf-4943-4fec-9c67-e1bd2ca4d937/build]   🐳  docker exec cmd=[chown -R 1012:1013 /var/run/act/actions/actions-setup-go@v3/] user=0 workdir=
[d043efbf-4943-4fec-9c67-e1bd2ca4d937/build]   🐳  docker exec cmd=[node /var/run/act/actions/actions-setup-go@v3/dist/setup/index.js] user= workdir=
[d043efbf-4943-4fec-9c67-e1bd2ca4d937/build]   | Setup go version spec 1.19
[d043efbf-4943-4fec-9c67-e1bd2ca4d937/build]   💬  ::debug::isExplicit: 
[d043efbf-4943-4fec-9c67-e1bd2ca4d937/build]   💬  ::debug::explicit? false
[d043efbf-4943-4fec-9c67-e1bd2ca4d937/build]   💬  ::debug::isExplicit: 1.14.15
[d043efbf-4943-4fec-9c67-e1bd2ca4d937/build]   💬  ::debug::explicit? true
[d043efbf-4943-4fec-9c67-e1bd2ca4d937/build]   💬  ::debug::isExplicit: 1.15.15
[d043efbf-4943-4fec-9c67-e1bd2ca4d937/build]   💬  ::debug::explicit? true
[d043efbf-4943-4fec-9c67-e1bd2ca4d937/build]   💬  ::debug::isExplicit: 1.16.7
[d043efbf-4943-4fec-9c67-e1bd2ca4d937/build]   💬  ::debug::explicit? true
[d043efbf-4943-4fec-9c67-e1bd2ca4d937/build]   💬  ::debug::evaluating 3 versions
[d043efbf-4943-4fec-9c67-e1bd2ca4d937/build]   💬  ::debug::match not found
[d043efbf-4943-4fec-9c67-e1bd2ca4d937/build]   | Attempting to download 1.19...
[d043efbf-4943-4fec-9c67-e1bd2ca4d937/build]   💬  ::debug::No manifest cached
[d043efbf-4943-4fec-9c67-e1bd2ca4d937/build]   💬  ::debug::set auth
[d043efbf-4943-4fec-9c67-e1bd2ca4d937/build]   | matching 1.19...
[d043efbf-4943-4fec-9c67-e1bd2ca4d937/build]   💬  ::debug::check 1.21.3 satisfies 1.19
[d043efbf-4943-4fec-9c67-e1bd2ca4d937/build]   💬  ::debug::check 1.21.2 satisfies 1.19
[d043efbf-4943-4fec-9c67-e1bd2ca4d937/build]   💬  ::debug::check 1.21.1 satisfies 1.19
[d043efbf-4943-4fec-9c67-e1bd2ca4d937/build]   💬  ::debug::check 1.21.0 satisfies 1.19
[d043efbf-4943-4fec-9c67-e1bd2ca4d937/build]   💬  ::debug::check 1.20.10 satisfies 1.19
[d043efbf-4943-4fec-9c67-e1bd2ca4d937/build]   💬  ::debug::check 1.20.9 satisfies 1.19
[d043efbf-4943-4fec-9c67-e1bd2ca4d937/build]   💬  ::debug::check 1.20.8 satisfies 1.19
[d043efbf-4943-4fec-9c67-e1bd2ca4d937/build]   💬  ::debug::check 1.20.7 satisfies 1.19
[d043efbf-4943-4fec-9c67-e1bd2ca4d937/build]   💬  ::debug::check 1.20.6 satisfies 1.19
[d043efbf-4943-4fec-9c67-e1bd2ca4d937/build]   💬  ::debug::check 1.20.5 satisfies 1.19
[d043efbf-4943-4fec-9c67-e1bd2ca4d937/build]   💬  ::debug::check 1.20.4 satisfies 1.19
[d043efbf-4943-4fec-9c67-e1bd2ca4d937/build]   💬  ::debug::check 1.20.3 satisfies 1.19
[d043efbf-4943-4fec-9c67-e1bd2ca4d937/build]   💬  ::debug::check 1.20.2 satisfies 1.19
[d043efbf-4943-4fec-9c67-e1bd2ca4d937/build]   💬  ::debug::check 1.20.1 satisfies 1.19
[d043efbf-4943-4fec-9c67-e1bd2ca4d937/build]   💬  ::debug::check 1.20.0 satisfies 1.19
[d043efbf-4943-4fec-9c67-e1bd2ca4d937/build]   💬  ::debug::check 1.19.13 satisfies 1.19
[d043efbf-4943-4fec-9c67-e1bd2ca4d937/build]   💬  ::debug::arm64===x64 && darwin===linux
[d043efbf-4943-4fec-9c67-e1bd2ca4d937/build]   💬  ::debug::x64===x64 && darwin===linux
[d043efbf-4943-4fec-9c67-e1bd2ca4d937/build]   💬  ::debug::x64===x64 && linux===linux
[d043efbf-4943-4fec-9c67-e1bd2ca4d937/build]   💬  ::debug::matched 1.19.13
[d043efbf-4943-4fec-9c67-e1bd2ca4d937/build]   | Acquiring 1.19.13 from https://github.com/actions/go-versions/releases/download/1.19.13-6107263891/go-1.19.13-linux-x64.tar.gz
[d043efbf-4943-4fec-9c67-e1bd2ca4d937/build]   💬  ::debug::Downloading https://github.com/actions/go-versions/releases/download/1.19.13-6107263891/go-1.19.13-linux-x64.tar.gz
[d043efbf-4943-4fec-9c67-e1bd2ca4d937/build]   💬  ::debug::Destination /tmp/371bf688-7344-4d9d-b81a-439de995c69c
[d043efbf-4943-4fec-9c67-e1bd2ca4d937/build]   💬  ::debug::set auth
[d043efbf-4943-4fec-9c67-e1bd2ca4d937/build]   💬  ::debug::download complete
[d043efbf-4943-4fec-9c67-e1bd2ca4d937/build]   | Extracting Go...
[d043efbf-4943-4fec-9c67-e1bd2ca4d937/build]   💬  ::debug::Checking tar --version
[d043efbf-4943-4fec-9c67-e1bd2ca4d937/build]   💬  ::debug::tar (GNU tar) 1.30%0ACopyright (C) 2017 Free Software Foundation, Inc.%0ALicense GPLv3+: GNU GPL version 3 or later <https://gnu.org/licenses/gpl.html>.%0AThis is free software: you are free to change and redistribute it.%0AThere is NO WARRANTY, to the extent permitted by law.%0A%0AWritten by John Gilmore and Jay Fenlason.
[d043efbf-4943-4fec-9c67-e1bd2ca4d937/build]   | [command]/usr/bin/tar xz --warning=no-unknown-keyword --overwrite -C /tmp/dc4c1e55-d0c6-4fa2-9fc3-c6af9aa64338 -f /tmp/371bf688-7344-4d9d-b81a-439de995c69c
[d043efbf-4943-4fec-9c67-e1bd2ca4d937/build]   | Successfully extracted go to /tmp/dc4c1e55-d0c6-4fa2-9fc3-c6af9aa64338
[d043efbf-4943-4fec-9c67-e1bd2ca4d937/build]   | Adding to the cache ...
[d043efbf-4943-4fec-9c67-e1bd2ca4d937/build]   💬  ::debug::Caching tool go 1.19.13 x64
[d043efbf-4943-4fec-9c67-e1bd2ca4d937/build]   💬  ::debug::source dir: /tmp/dc4c1e55-d0c6-4fa2-9fc3-c6af9aa64338
[d043efbf-4943-4fec-9c67-e1bd2ca4d937/build]   💬  ::debug::destination /opt/hostedtoolcache/go/1.19.13/x64
[d043efbf-4943-4fec-9c67-e1bd2ca4d937/build]   💬  ::debug::finished caching tool
[d043efbf-4943-4fec-9c67-e1bd2ca4d937/build]   | Successfully cached go to /opt/hostedtoolcache/go/1.19.13/x64
[d043efbf-4943-4fec-9c67-e1bd2ca4d937/build]   | Added go to the path
[d043efbf-4943-4fec-9c67-e1bd2ca4d937/build]   💬  ::debug::which go :/opt/hostedtoolcache/go/1.19.13/x64/bin/go:
[d043efbf-4943-4fec-9c67-e1bd2ca4d937/build]   💬  ::debug::go env GOPATH :/home/runneradmin/go:
[d043efbf-4943-4fec-9c67-e1bd2ca4d937/build]   💬  ::debug::creating /home/runneradmin/go
[d043efbf-4943-4fec-9c67-e1bd2ca4d937/build]   💬  ::debug::creating /home/runneradmin/go/bin
[d043efbf-4943-4fec-9c67-e1bd2ca4d937/build]   💬  ::debug::add bin true
[d043efbf-4943-4fec-9c67-e1bd2ca4d937/build]   | Successfully set up Go version 1.19
[d043efbf-4943-4fec-9c67-e1bd2ca4d937/build]   ❓ add-matcher /run/act/actions/actions-setup-go@v3/matchers.json
[d043efbf-4943-4fec-9c67-e1bd2ca4d937/build]   | go version go1.19.13 linux/amd64
[d043efbf-4943-4fec-9c67-e1bd2ca4d937/build]   | 
[d043efbf-4943-4fec-9c67-e1bd2ca4d937/build]   ❓  ::group::go env
[d043efbf-4943-4fec-9c67-e1bd2ca4d937/build]   | GO111MODULE=""
[d043efbf-4943-4fec-9c67-e1bd2ca4d937/build]   | GOARCH="amd64"
[d043efbf-4943-4fec-9c67-e1bd2ca4d937/build]   | GOBIN=""
[d043efbf-4943-4fec-9c67-e1bd2ca4d937/build]   | GOCACHE="/home/runneradmin/.cache/go-build"
[d043efbf-4943-4fec-9c67-e1bd2ca4d937/build]   | GOENV="/home/runneradmin/.config/go/env"
[d043efbf-4943-4fec-9c67-e1bd2ca4d937/build]   | GOEXE=""
[d043efbf-4943-4fec-9c67-e1bd2ca4d937/build]   | GOEXPERIMENT=""
[d043efbf-4943-4fec-9c67-e1bd2ca4d937/build]   | GOFLAGS=""
[d043efbf-4943-4fec-9c67-e1bd2ca4d937/build]   | GOHOSTARCH="amd64"
[d043efbf-4943-4fec-9c67-e1bd2ca4d937/build]   | GOHOSTOS="linux"
[d043efbf-4943-4fec-9c67-e1bd2ca4d937/build]   | GOINSECURE=""
[d043efbf-4943-4fec-9c67-e1bd2ca4d937/build]   | GOMODCACHE="/home/runneradmin/go/pkg/mod"
[d043efbf-4943-4fec-9c67-e1bd2ca4d937/build]   | GONOPROXY=""
[d043efbf-4943-4fec-9c67-e1bd2ca4d937/build]   | GONOSUMDB=""
[d043efbf-4943-4fec-9c67-e1bd2ca4d937/build]   | GOOS="linux"
[d043efbf-4943-4fec-9c67-e1bd2ca4d937/build]   | GOPATH="/home/runneradmin/go"
[d043efbf-4943-4fec-9c67-e1bd2ca4d937/build]   | GOPRIVATE=""
[d043efbf-4943-4fec-9c67-e1bd2ca4d937/build]   | GOPROXY="https://proxy.golang.org,direct"
[d043efbf-4943-4fec-9c67-e1bd2ca4d937/build]   | GOROOT="/opt/hostedtoolcache/go/1.19.13/x64"
[d043efbf-4943-4fec-9c67-e1bd2ca4d937/build]   | GOSUMDB="sum.golang.org"
[d043efbf-4943-4fec-9c67-e1bd2ca4d937/build]   | GOTMPDIR=""
[d043efbf-4943-4fec-9c67-e1bd2ca4d937/build]   | GOTOOLDIR="/opt/hostedtoolcache/go/1.19.13/x64/pkg/tool/linux_amd64"
[d043efbf-4943-4fec-9c67-e1bd2ca4d937/build]   | GOVCS=""
[d043efbf-4943-4fec-9c67-e1bd2ca4d937/build]   | GOVERSION="go1.19.13"
[d043efbf-4943-4fec-9c67-e1bd2ca4d937/build]   | GCCGO="gccgo"
[d043efbf-4943-4fec-9c67-e1bd2ca4d937/build]   | GOAMD64="v1"
[d043efbf-4943-4fec-9c67-e1bd2ca4d937/build]   | AR="ar"
[d043efbf-4943-4fec-9c67-e1bd2ca4d937/build]   | CC="gcc"
[d043efbf-4943-4fec-9c67-e1bd2ca4d937/build]   | CXX="g++"
[d043efbf-4943-4fec-9c67-e1bd2ca4d937/build]   | CGO_ENABLED="1"
[d043efbf-4943-4fec-9c67-e1bd2ca4d937/build]   | GOMOD="/tmp/3ef6801b-fcbb-4435-840d-211e6d6063e4/go.mod"
[d043efbf-4943-4fec-9c67-e1bd2ca4d937/build]   | GOWORK=""
[d043efbf-4943-4fec-9c67-e1bd2ca4d937/build]   | CGO_CFLAGS="-g -O2"
[d043efbf-4943-4fec-9c67-e1bd2ca4d937/build]   | CGO_CPPFLAGS=""
[d043efbf-4943-4fec-9c67-e1bd2ca4d937/build]   | CGO_CXXFLAGS="-g -O2"
[d043efbf-4943-4fec-9c67-e1bd2ca4d937/build]   | CGO_FFLAGS="-g -O2"
[d043efbf-4943-4fec-9c67-e1bd2ca4d937/build]   | CGO_LDFLAGS="-g -O2"
[d043efbf-4943-4fec-9c67-e1bd2ca4d937/build]   | PKG_CONFIG="pkg-config"
[d043efbf-4943-4fec-9c67-e1bd2ca4d937/build]   | GOGCCFLAGS="-fPIC -m64 -pthread -Wl,--no-gc-sections -fmessage-length=0 -fdebug-prefix-map=/tmp/go-build3654499304=/tmp/go-build -gno-record-gcc-switches"
[d043efbf-4943-4fec-9c67-e1bd2ca4d937/build]   | 
[d043efbf-4943-4fec-9c67-e1bd2ca4d937/build]   ❓  ::endgroup::
[d043efbf-4943-4fec-9c67-e1bd2ca4d937/build]   ✅  Success - Main Set up Go
[d043efbf-4943-4fec-9c67-e1bd2ca4d937/build]   ⚙  ::set-output:: go-version=1.19.13
[d043efbf-4943-4fec-9c67-e1bd2ca4d937/build]   ⚙  ::add-path:: /opt/hostedtoolcache/go/1.19.13/x64/bin
[d043efbf-4943-4fec-9c67-e1bd2ca4d937/build]   ⚙  ::add-path:: /home/runneradmin/go/bin
[d043efbf-4943-4fec-9c67-e1bd2ca4d937/build] unable to get git ref: failed to identify reference (tag/branch) for the checked-out revision 'fd0ba95fcc6fd8abae7a26edfef57230876ac70e'
[d043efbf-4943-4fec-9c67-e1bd2ca4d937/build] unable to get git ref: failed to identify reference (tag/branch) for the checked-out revision 'fd0ba95fcc6fd8abae7a26edfef57230876ac70e'
[d043efbf-4943-4fec-9c67-e1bd2ca4d937/build] unable to get git ref: failed to identify reference (tag/branch) for the checked-out revision 'fd0ba95fcc6fd8abae7a26edfef57230876ac70e'
[d043efbf-4943-4fec-9c67-e1bd2ca4d937/build] unable to get git ref: failed to identify reference (tag/branch) for the checked-out revision 'fd0ba95fcc6fd8abae7a26edfef57230876ac70e'
[d043efbf-4943-4fec-9c67-e1bd2ca4d937/build] unable to get git ref: failed to identify reference (tag/branch) for the checked-out revision 'fd0ba95fcc6fd8abae7a26edfef57230876ac70e'
[d043efbf-4943-4fec-9c67-e1bd2ca4d937/build] ⭐ Run Main Build
[d043efbf-4943-4fec-9c67-e1bd2ca4d937/build] unable to get git ref: failed to identify reference (tag/branch) for the checked-out revision 'fd0ba95fcc6fd8abae7a26edfef57230876ac70e'
[d043efbf-4943-4fec-9c67-e1bd2ca4d937/build] unable to get git ref: failed to identify reference (tag/branch) for the checked-out revision 'fd0ba95fcc6fd8abae7a26edfef57230876ac70e'
[d043efbf-4943-4fec-9c67-e1bd2ca4d937/build] unable to get git ref: failed to identify reference (tag/branch) for the checked-out revision 'fd0ba95fcc6fd8abae7a26edfef57230876ac70e'
[d043efbf-4943-4fec-9c67-e1bd2ca4d937/build] unable to get git ref: failed to identify reference (tag/branch) for the checked-out revision 'fd0ba95fcc6fd8abae7a26edfef57230876ac70e'
[d043efbf-4943-4fec-9c67-e1bd2ca4d937/build]   🐳  docker exec cmd=[bash --noprofile --norc -e -o pipefail /var/run/act/workflow/2] user= workdir=
[d043efbf-4943-4fec-9c67-e1bd2ca4d937/build]   | go: downloading github.com/sourcegraph/sourcegraph/lib v0.0.0-20221216004406-749998a2ac74
[d043efbf-4943-4fec-9c67-e1bd2ca4d937/build]   | go: downloading github.com/cockroachdb/errors v1.9.0
[d043efbf-4943-4fec-9c67-e1bd2ca4d937/build]   | go: downloading github.com/getsentry/sentry-go v0.13.0
[d043efbf-4943-4fec-9c67-e1bd2ca4d937/build]   | go: downloading github.com/cockroachdb/redact v1.1.3
[d043efbf-4943-4fec-9c67-e1bd2ca4d937/build]   | go: downloading github.com/cockroachdb/logtags v0.0.0-20211118104740-dabe8e521a4f
[d043efbf-4943-4fec-9c67-e1bd2ca4d937/build]   | go: downloading github.com/pkg/errors v0.9.1
[d043efbf-4943-4fec-9c67-e1bd2ca4d937/build]   | go: downloading github.com/gogo/protobuf v1.3.2
[d043efbf-4943-4fec-9c67-e1bd2ca4d937/build]   | go: downloading github.com/kr/pretty v0.3.0
[d043efbf-4943-4fec-9c67-e1bd2ca4d937/build]   | go: downloading github.com/rogpeppe/go-internal v1.9.0
[d043efbf-4943-4fec-9c67-e1bd2ca4d937/build]   | go: downloading github.com/kr/text v0.2.0
[d043efbf-4943-4fec-9c67-e1bd2ca4d937/build]   | go: downloading golang.org/x/sys v0.0.0-20220829200755-d48e67d00261
[d043efbf-4943-4fec-9c67-e1bd2ca4d937/build]   | github.com/cockroachdb/errors/stdstrings
[d043efbf-4943-4fec-9c67-e1bd2ca4d937/build]   | github.com/gogo/protobuf/sortkeys
[d043efbf-4943-4fec-9c67-e1bd2ca4d937/build]   | github.com/kr/text
[d043efbf-4943-4fec-9c67-e1bd2ca4d937/build]   | github.com/cockroachdb/redact/internal/rfmt/fmtsort
[d043efbf-4943-4fec-9c67-e1bd2ca4d937/build]   | github.com/rogpeppe/go-internal/fmtsort
[d043efbf-4943-4fec-9c67-e1bd2ca4d937/build]   | github.com/cockroachdb/redact/internal/fmtforward
[d043efbf-4943-4fec-9c67-e1bd2ca4d937/build]   | github.com/cockroachdb/redact/interfaces
[d043efbf-4943-4fec-9c67-e1bd2ca4d937/build]   | github.com/cockroachdb/logtags
[d043efbf-4943-4fec-9c67-e1bd2ca4d937/build]   | github.com/pkg/errors
[d043efbf-4943-4fec-9c67-e1bd2ca4d937/build]   | golang.org/x/sys/execabs
[d043efbf-4943-4fec-9c67-e1bd2ca4d937/build]   | github.com/getsentry/sentry-go/internal/crypto/randutil
[d043efbf-4943-4fec-9c67-e1bd2ca4d937/build]   | github.com/gogo/protobuf/proto
[d043efbf-4943-4fec-9c67-e1bd2ca4d937/build]   | github.com/getsentry/sentry-go/internal/ratelimit
[d043efbf-4943-4fec-9c67-e1bd2ca4d937/build]   | github.com/getsentry/sentry-go/internal/debug
[d043efbf-4943-4fec-9c67-e1bd2ca4d937/build]   | github.com/cockroachdb/redact/internal/markers
[d043efbf-4943-4fec-9c67-e1bd2ca4d937/build]   | github.com/cockroachdb/redact/internal/redact
[d043efbf-4943-4fec-9c67-e1bd2ca4d937/build]   | github.com/kr/pretty
[d043efbf-4943-4fec-9c67-e1bd2ca4d937/build]   | github.com/cockroachdb/redact/internal/escape
[d043efbf-4943-4fec-9c67-e1bd2ca4d937/build]   | github.com/getsentry/sentry-go
[d043efbf-4943-4fec-9c67-e1bd2ca4d937/build]   | github.com/cockroachdb/redact/internal/buffer
[d043efbf-4943-4fec-9c67-e1bd2ca4d937/build]   | github.com/cockroachdb/redact/internal/rfmt
[d043efbf-4943-4fec-9c67-e1bd2ca4d937/build]   | github.com/cockroachdb/redact/builder
[d043efbf-4943-4fec-9c67-e1bd2ca4d937/build]   | github.com/cockroachdb/redact
[d043efbf-4943-4fec-9c67-e1bd2ca4d937/build]   | github.com/gogo/protobuf/protoc-gen-gogo/descriptor
[d043efbf-4943-4fec-9c67-e1bd2ca4d937/build]   | github.com/gogo/protobuf/types
[d043efbf-4943-4fec-9c67-e1bd2ca4d937/build]   | github.com/gogo/protobuf/gogoproto
[d043efbf-4943-4fec-9c67-e1bd2ca4d937/build]   | github.com/cockroachdb/errors/errorspb
[d043efbf-4943-4fec-9c67-e1bd2ca4d937/build]   | github.com/cockroachdb/errors/errbase
[d043efbf-4943-4fec-9c67-e1bd2ca4d937/build]   | github.com/cockroachdb/errors/barriers
[d043efbf-4943-4fec-9c67-e1bd2ca4d937/build]   | github.com/cockroachdb/errors/contexttags
[d043efbf-4943-4fec-9c67-e1bd2ca4d937/build]   | github.com/cockroachdb/errors/telemetrykeys
[d043efbf-4943-4fec-9c67-e1bd2ca4d937/build]   | github.com/cockroachdb/errors/withstack
[d043efbf-4943-4fec-9c67-e1bd2ca4d937/build]   | github.com/cockroachdb/errors/safedetails
[d043efbf-4943-4fec-9c67-e1bd2ca4d937/build]   | github.com/cockroachdb/errors/markers
[d043efbf-4943-4fec-9c67-e1bd2ca4d937/build]   | github.com/cockroachdb/errors/hintdetail
[d043efbf-4943-4fec-9c67-e1bd2ca4d937/build]   | github.com/cockroachdb/errors/secondary
[d043efbf-4943-4fec-9c67-e1bd2ca4d937/build]   | github.com/cockroachdb/errors/domains
[d043efbf-4943-4fec-9c67-e1bd2ca4d937/build]   | github.com/cockroachdb/errors/assert
[d043efbf-4943-4fec-9c67-e1bd2ca4d937/build]   | github.com/cockroachdb/errors/issuelink
[d043efbf-4943-4fec-9c67-e1bd2ca4d937/build]   | github.com/cockroachdb/errors/report
[d043efbf-4943-4fec-9c67-e1bd2ca4d937/build]   | github.com/cockroachdb/errors/errutil
[d043efbf-4943-4fec-9c67-e1bd2ca4d937/build]   | github.com/cockroachdb/errors
[d043efbf-4943-4fec-9c67-e1bd2ca4d937/build]   | github.com/sourcegraph/sourcegraph/lib/errors
[d043efbf-4943-4fec-9c67-e1bd2ca4d937/build]   | github.com/camdencheek/conc
[d043efbf-4943-4fec-9c67-e1bd2ca4d937/build]   | github.com/camdencheek/conc/group
[d043efbf-4943-4fec-9c67-e1bd2ca4d937/build]   | github.com/camdencheek/conc/pool
[d043efbf-4943-4fec-9c67-e1bd2ca4d937/build]   | github.com/camdencheek/conc/stream
[d043efbf-4943-4fec-9c67-e1bd2ca4d937/build]   ✅  Success - Main Build
[d043efbf-4943-4fec-9c67-e1bd2ca4d937/build] unable to get git ref: failed to identify reference (tag/branch) for the checked-out revision 'fd0ba95fcc6fd8abae7a26edfef57230876ac70e'
[d043efbf-4943-4fec-9c67-e1bd2ca4d937/build] unable to get git ref: failed to identify reference (tag/branch) for the checked-out revision 'fd0ba95fcc6fd8abae7a26edfef57230876ac70e'
[d043efbf-4943-4fec-9c67-e1bd2ca4d937/build] unable to get git ref: failed to identify reference (tag/branch) for the checked-out revision 'fd0ba95fcc6fd8abae7a26edfef57230876ac70e'
[d043efbf-4943-4fec-9c67-e1bd2ca4d937/build] unable to get git ref: failed to identify reference (tag/branch) for the checked-out revision 'fd0ba95fcc6fd8abae7a26edfef57230876ac70e'
[d043efbf-4943-4fec-9c67-e1bd2ca4d937/build] unable to get git ref: failed to identify reference (tag/branch) for the checked-out revision 'fd0ba95fcc6fd8abae7a26edfef57230876ac70e'
[d043efbf-4943-4fec-9c67-e1bd2ca4d937/build] ⭐ Run Main Test
[d043efbf-4943-4fec-9c67-e1bd2ca4d937/build] unable to get git ref: failed to identify reference (tag/branch) for the checked-out revision 'fd0ba95fcc6fd8abae7a26edfef57230876ac70e'
[d043efbf-4943-4fec-9c67-e1bd2ca4d937/build] unable to get git ref: failed to identify reference (tag/branch) for the checked-out revision 'fd0ba95fcc6fd8abae7a26edfef57230876ac70e'
[d043efbf-4943-4fec-9c67-e1bd2ca4d937/build] unable to get git ref: failed to identify reference (tag/branch) for the checked-out revision 'fd0ba95fcc6fd8abae7a26edfef57230876ac70e'
[d043efbf-4943-4fec-9c67-e1bd2ca4d937/build] unable to get git ref: failed to identify reference (tag/branch) for the checked-out revision 'fd0ba95fcc6fd8abae7a26edfef57230876ac70e'
[d043efbf-4943-4fec-9c67-e1bd2ca4d937/build]   🐳  docker exec cmd=[bash --noprofile --norc -e -o pipefail /var/run/act/workflow/3] user= workdir=
[d043efbf-4943-4fec-9c67-e1bd2ca4d937/build]   | go: downloading github.com/jstemmer/go-junit-report/v2 v2.0.0
[d043efbf-4943-4fec-9c67-e1bd2ca4d937/build]   ❌  Failure - Main Test
[d043efbf-4943-4fec-9c67-e1bd2ca4d937/build] exitcode '1': failure
[d043efbf-4943-4fec-9c67-e1bd2ca4d937/build] unable to get git ref: failed to identify reference (tag/branch) for the checked-out revision 'fd0ba95fcc6fd8abae7a26edfef57230876ac70e'
[d043efbf-4943-4fec-9c67-e1bd2ca4d937/build] unable to get git ref: failed to identify reference (tag/branch) for the checked-out revision 'fd0ba95fcc6fd8abae7a26edfef57230876ac70e'
[d043efbf-4943-4fec-9c67-e1bd2ca4d937/build] unable to get git ref: failed to identify reference (tag/branch) for the checked-out revision 'fd0ba95fcc6fd8abae7a26edfef57230876ac70e'
[d043efbf-4943-4fec-9c67-e1bd2ca4d937/build] unable to get git ref: failed to identify reference (tag/branch) for the checked-out revision 'fd0ba95fcc6fd8abae7a26edfef57230876ac70e'
[d043efbf-4943-4fec-9c67-e1bd2ca4d937/build] unable to get git ref: failed to identify reference (tag/branch) for the checked-out revision 'fd0ba95fcc6fd8abae7a26edfef57230876ac70e'
[d043efbf-4943-4fec-9c67-e1bd2ca4d937/build] 🏁  Job failed
[d043efbf-4943-4fec-9c67-e1bd2ca4d937/build] unable to get git ref: failed to identify reference (tag/branch) for the checked-out revision 'fd0ba95fcc6fd8abae7a26edfef57230876ac70e'
