[90a6dc85-3671-4453-b518-c45c792277e4/build] 🚀  Start image=gitbugactions:latest
[90a6dc85-3671-4453-b518-c45c792277e4/build]   🐳  docker pull image=gitbugactions:latest platform= username= forcePull=false
[90a6dc85-3671-4453-b518-c45c792277e4/build]   🐳  docker create image=gitbugactions:latest platform= entrypoint=["tail" "-f" "/dev/null"] cmd=[]
[90a6dc85-3671-4453-b518-c45c792277e4/build]   🐳  docker run image=gitbugactions:latest platform= entrypoint=["tail" "-f" "/dev/null"] cmd=[]
[90a6dc85-3671-4453-b518-c45c792277e4/build]   🐳  docker exec cmd=[chown -R 1012:1013 /tmp/4624ebf4-86e9-4856-bbb1-4ecda0cc051e] user=0 workdir=
[90a6dc85-3671-4453-b518-c45c792277e4/build] unable to get git ref: failed to identify reference (tag/branch) for the checked-out revision '3b6900a95342ae87861cfcae8870ac790da7a504'
[90a6dc85-3671-4453-b518-c45c792277e4/build] unable to get git ref: failed to identify reference (tag/branch) for the checked-out revision '3b6900a95342ae87861cfcae8870ac790da7a504'
[90a6dc85-3671-4453-b518-c45c792277e4/build] unable to get git ref: failed to identify reference (tag/branch) for the checked-out revision '3b6900a95342ae87861cfcae8870ac790da7a504'
[90a6dc85-3671-4453-b518-c45c792277e4/build] unable to get git ref: failed to identify reference (tag/branch) for the checked-out revision '3b6900a95342ae87861cfcae8870ac790da7a504'
[90a6dc85-3671-4453-b518-c45c792277e4/build] unable to get git ref: failed to identify reference (tag/branch) for the checked-out revision '3b6900a95342ae87861cfcae8870ac790da7a504'
[90a6dc85-3671-4453-b518-c45c792277e4/build] unable to get git ref: failed to identify reference (tag/branch) for the checked-out revision '3b6900a95342ae87861cfcae8870ac790da7a504'
[90a6dc85-3671-4453-b518-c45c792277e4/build] unable to get git ref: failed to identify reference (tag/branch) for the checked-out revision '3b6900a95342ae87861cfcae8870ac790da7a504'
[90a6dc85-3671-4453-b518-c45c792277e4/build] unable to get git ref: failed to identify reference (tag/branch) for the checked-out revision '3b6900a95342ae87861cfcae8870ac790da7a504'
[90a6dc85-3671-4453-b518-c45c792277e4/build] unable to get git ref: failed to identify reference (tag/branch) for the checked-out revision '3b6900a95342ae87861cfcae8870ac790da7a504'
[90a6dc85-3671-4453-b518-c45c792277e4/build] ⭐ Run Main actions/checkout@v3
[90a6dc85-3671-4453-b518-c45c792277e4/build] unable to get git ref: failed to identify reference (tag/branch) for the checked-out revision '3b6900a95342ae87861cfcae8870ac790da7a504'
[90a6dc85-3671-4453-b518-c45c792277e4/build] unable to get git ref: failed to identify reference (tag/branch) for the checked-out revision '3b6900a95342ae87861cfcae8870ac790da7a504'
[90a6dc85-3671-4453-b518-c45c792277e4/build]   🐳  docker cp src=/tmp/4624ebf4-86e9-4856-bbb1-4ecda0cc051e/. dst=/tmp/4624ebf4-86e9-4856-bbb1-4ecda0cc051e
[90a6dc85-3671-4453-b518-c45c792277e4/build]   🐳  docker exec cmd=[chown -R 1012:1013 /tmp/4624ebf4-86e9-4856-bbb1-4ecda0cc051e] user=0 workdir=
[90a6dc85-3671-4453-b518-c45c792277e4/build]   ✅  Success - Main actions/checkout@v3
[90a6dc85-3671-4453-b518-c45c792277e4/build] unable to get git ref: failed to identify reference (tag/branch) for the checked-out revision '3b6900a95342ae87861cfcae8870ac790da7a504'
[90a6dc85-3671-4453-b518-c45c792277e4/build] unable to get git ref: failed to identify reference (tag/branch) for the checked-out revision '3b6900a95342ae87861cfcae8870ac790da7a504'
[90a6dc85-3671-4453-b518-c45c792277e4/build] unable to get git ref: failed to identify reference (tag/branch) for the checked-out revision '3b6900a95342ae87861cfcae8870ac790da7a504'
[90a6dc85-3671-4453-b518-c45c792277e4/build] unable to get git ref: failed to identify reference (tag/branch) for the checked-out revision '3b6900a95342ae87861cfcae8870ac790da7a504'
[90a6dc85-3671-4453-b518-c45c792277e4/build] unable to get git ref: failed to identify reference (tag/branch) for the checked-out revision '3b6900a95342ae87861cfcae8870ac790da7a504'
[90a6dc85-3671-4453-b518-c45c792277e4/build] ⭐ Run Main actions/setup-java@v3
[90a6dc85-3671-4453-b518-c45c792277e4/build] unable to get git ref: failed to identify reference (tag/branch) for the checked-out revision '3b6900a95342ae87861cfcae8870ac790da7a504'
[90a6dc85-3671-4453-b518-c45c792277e4/build] unable to get git ref: failed to identify reference (tag/branch) for the checked-out revision '3b6900a95342ae87861cfcae8870ac790da7a504'
[90a6dc85-3671-4453-b518-c45c792277e4/build] unable to get git ref: failed to identify reference (tag/branch) for the checked-out revision '3b6900a95342ae87861cfcae8870ac790da7a504'
[90a6dc85-3671-4453-b518-c45c792277e4/build]   🐳  docker cp src=/tmp/act-cache/ff7a736e-1fc4-4817-9147-d664e175e633/act/actions-setup-java@v3/ dst=/var/run/act/actions/actions-setup-java@v3/
[90a6dc85-3671-4453-b518-c45c792277e4/build]   🐳  docker exec cmd=[chown -R 1012:1013 /var/run/act/actions/actions-setup-java@v3/] user=0 workdir=
[90a6dc85-3671-4453-b518-c45c792277e4/build]   🐳  docker exec cmd=[node /var/run/act/actions/actions-setup-java@v3/dist/setup/index.js] user= workdir=
[90a6dc85-3671-4453-b518-c45c792277e4/build]   ❓  ::group::Installed distributions
[90a6dc85-3671-4453-b518-c45c792277e4/build]   | Trying to resolve the latest version from remote
[90a6dc85-3671-4453-b518-c45c792277e4/build]   💬  ::debug::Gathering available versions from 'https://api.azul.com/zulu/download/community/v1.0/bundles/?os=linux&ext=tar.gz&bundle_type=jdk&javafx=false&arch=x86&hw_bitness=64&release_status=ga'
[90a6dc85-3671-4453-b518-c45c792277e4/build]   | Resolved latest version as 11.0.21+9
[90a6dc85-3671-4453-b518-c45c792277e4/build]   | Trying to download...
[90a6dc85-3671-4453-b518-c45c792277e4/build]   | Downloading Java 11.0.21+9 (Zulu) from https://cdn.azul.com/zulu/bin/zulu11.68.17-ca-jdk11.0.21-linux_x64.tar.gz ...
[90a6dc85-3671-4453-b518-c45c792277e4/build]   💬  ::debug::Downloading https://cdn.azul.com/zulu/bin/zulu11.68.17-ca-jdk11.0.21-linux_x64.tar.gz
[90a6dc85-3671-4453-b518-c45c792277e4/build]   💬  ::debug::Destination /tmp/a5894bd0-11a1-45de-a705-085408ac11b9
[90a6dc85-3671-4453-b518-c45c792277e4/build]   💬  ::debug::download complete
[90a6dc85-3671-4453-b518-c45c792277e4/build]   | Extracting Java archive...
[90a6dc85-3671-4453-b518-c45c792277e4/build]   💬  ::debug::Checking tar --version
[90a6dc85-3671-4453-b518-c45c792277e4/build]   💬  ::debug::tar (GNU tar) 1.34%0ACopyright (C) 2021 Free Software Foundation, Inc.%0ALicense GPLv3+: GNU GPL version 3 or later <https://gnu.org/licenses/gpl.html>.%0AThis is free software: you are free to change and redistribute it.%0AThere is NO WARRANTY, to the extent permitted by law.%0A%0AWritten by John Gilmore and Jay Fenlason.
[90a6dc85-3671-4453-b518-c45c792277e4/build]   | [command]/usr/bin/tar xz --warning=no-unknown-keyword -C /tmp/0c4e131c-16dd-4b37-9c88-7a6433511d7c -f /tmp/a5894bd0-11a1-45de-a705-085408ac11b9
[90a6dc85-3671-4453-b518-c45c792277e4/build]   💬  ::debug::Caching tool Java_Zulu_jdk 11.0.21-9 x64
[90a6dc85-3671-4453-b518-c45c792277e4/build]   💬  ::debug::source dir: /tmp/0c4e131c-16dd-4b37-9c88-7a6433511d7c/zulu11.68.17-ca-jdk11.0.21-linux_x64
[90a6dc85-3671-4453-b518-c45c792277e4/build]   💬  ::debug::destination /opt/hostedtoolcache/Java_Zulu_jdk/11.0.21-9/x64
[90a6dc85-3671-4453-b518-c45c792277e4/build]   💬  ::debug::finished caching tool
[90a6dc85-3671-4453-b518-c45c792277e4/build]   | Java 11.0.21+9 was downloaded
[90a6dc85-3671-4453-b518-c45c792277e4/build]   | Setting Java 11.0.21+9 as the default
[90a6dc85-3671-4453-b518-c45c792277e4/build]   | Creating toolchains.xml for JDK version 11 from zulu
[90a6dc85-3671-4453-b518-c45c792277e4/build]   | Writing to /home/runner/.m2/toolchains.xml
[90a6dc85-3671-4453-b518-c45c792277e4/build]   | 
[90a6dc85-3671-4453-b518-c45c792277e4/build]   | Java configuration:
[90a6dc85-3671-4453-b518-c45c792277e4/build]   |   Distribution: zulu
[90a6dc85-3671-4453-b518-c45c792277e4/build]   |   Version: 11.0.21+9
[90a6dc85-3671-4453-b518-c45c792277e4/build]   |   Path: /opt/hostedtoolcache/Java_Zulu_jdk/11.0.21-9/x64
[90a6dc85-3671-4453-b518-c45c792277e4/build]   | 
[90a6dc85-3671-4453-b518-c45c792277e4/build]   ❓  ::endgroup::
[90a6dc85-3671-4453-b518-c45c792277e4/build]   ❓ add-matcher /run/act/actions/actions-setup-java@v3/.github/java.json
[90a6dc85-3671-4453-b518-c45c792277e4/build]   | Creating settings.xml with server-id: github
[90a6dc85-3671-4453-b518-c45c792277e4/build]   | Writing to /home/runner/.m2/settings.xml
[90a6dc85-3671-4453-b518-c45c792277e4/build]   ✅  Success - Main actions/setup-java@v3
[90a6dc85-3671-4453-b518-c45c792277e4/build]   ⚙  ::set-env:: JAVA_HOME=/opt/hostedtoolcache/Java_Zulu_jdk/11.0.21-9/x64
[90a6dc85-3671-4453-b518-c45c792277e4/build]   ⚙  ::set-env:: JAVA_HOME_11_X64=/opt/hostedtoolcache/Java_Zulu_jdk/11.0.21-9/x64
[90a6dc85-3671-4453-b518-c45c792277e4/build]   ⚙  ::set-output:: distribution=Zulu
[90a6dc85-3671-4453-b518-c45c792277e4/build]   ⚙  ::set-output:: path=/opt/hostedtoolcache/Java_Zulu_jdk/11.0.21-9/x64
[90a6dc85-3671-4453-b518-c45c792277e4/build]   ⚙  ::set-output:: version=11.0.21+9
[90a6dc85-3671-4453-b518-c45c792277e4/build]   ⚙  ::add-path:: /opt/hostedtoolcache/Java_Zulu_jdk/11.0.21-9/x64/bin
[90a6dc85-3671-4453-b518-c45c792277e4/build] unable to get git ref: failed to identify reference (tag/branch) for the checked-out revision '3b6900a95342ae87861cfcae8870ac790da7a504'
[90a6dc85-3671-4453-b518-c45c792277e4/build] unable to get git ref: failed to identify reference (tag/branch) for the checked-out revision '3b6900a95342ae87861cfcae8870ac790da7a504'
[90a6dc85-3671-4453-b518-c45c792277e4/build] unable to get git ref: failed to identify reference (tag/branch) for the checked-out revision '3b6900a95342ae87861cfcae8870ac790da7a504'
[90a6dc85-3671-4453-b518-c45c792277e4/build] unable to get git ref: failed to identify reference (tag/branch) for the checked-out revision '3b6900a95342ae87861cfcae8870ac790da7a504'
[90a6dc85-3671-4453-b518-c45c792277e4/build] unable to get git ref: failed to identify reference (tag/branch) for the checked-out revision '3b6900a95342ae87861cfcae8870ac790da7a504'
[90a6dc85-3671-4453-b518-c45c792277e4/build] ⭐ Run Main ./gradlew build --no-daemon --warning-mode=fail
[90a6dc85-3671-4453-b518-c45c792277e4/build] unable to get git ref: failed to identify reference (tag/branch) for the checked-out revision '3b6900a95342ae87861cfcae8870ac790da7a504'
[90a6dc85-3671-4453-b518-c45c792277e4/build] unable to get git ref: failed to identify reference (tag/branch) for the checked-out revision '3b6900a95342ae87861cfcae8870ac790da7a504'
[90a6dc85-3671-4453-b518-c45c792277e4/build] unable to get git ref: failed to identify reference (tag/branch) for the checked-out revision '3b6900a95342ae87861cfcae8870ac790da7a504'
[90a6dc85-3671-4453-b518-c45c792277e4/build] unable to get git ref: failed to identify reference (tag/branch) for the checked-out revision '3b6900a95342ae87861cfcae8870ac790da7a504'
[90a6dc85-3671-4453-b518-c45c792277e4/build]   🐳  docker exec cmd=[bash --noprofile --norc -e -o pipefail /var/run/act/workflow/2] user= workdir=
[90a6dc85-3671-4453-b518-c45c792277e4/build]   | Downloading https://services.gradle.org/distributions/gradle-7.5.1-bin.zip
[90a6dc85-3671-4453-b518-c45c792277e4/build]   | ...........10%............20%...........30%............40%...........50%............60%...........70%............80%...........90%............100%
[90a6dc85-3671-4453-b518-c45c792277e4/build]   | 
[90a6dc85-3671-4453-b518-c45c792277e4/build]   | Welcome to Gradle 7.5.1!
[90a6dc85-3671-4453-b518-c45c792277e4/build]   | 
[90a6dc85-3671-4453-b518-c45c792277e4/build]   | Here are the highlights of this release:
[90a6dc85-3671-4453-b518-c45c792277e4/build]   |  - Support for Java 18
[90a6dc85-3671-4453-b518-c45c792277e4/build]   |  - Support for building with Groovy 4
[90a6dc85-3671-4453-b518-c45c792277e4/build]   |  - Much more responsive continuous builds
[90a6dc85-3671-4453-b518-c45c792277e4/build]   |  - Improved diagnostics for dependency resolution
[90a6dc85-3671-4453-b518-c45c792277e4/build]   | 
[90a6dc85-3671-4453-b518-c45c792277e4/build]   | For more details see https://docs.gradle.org/7.5.1/release-notes.html
[90a6dc85-3671-4453-b518-c45c792277e4/build]   | 
[90a6dc85-3671-4453-b518-c45c792277e4/build]   | To honour the JVM settings for this build a single-use Daemon process will be forked. See https://docs.gradle.org/7.5.1/userguide/gradle_daemon.html#sec:disabling_the_daemon.
[90a6dc85-3671-4453-b518-c45c792277e4/build]   | Daemon will be stopped at the end of the build 
[90a6dc85-3671-4453-b518-c45c792277e4/build]   | 
[90a6dc85-3671-4453-b518-c45c792277e4/build]   | Kordamp Enforcer Gradle plugin 0.13.0. Consider becoming a patron at https://www.patreon.com/aalmiray
[90a6dc85-3671-4453-b518-c45c792277e4/build]   | > Configure project :
[90a6dc85-3671-4453-b518-c45c792277e4/build]   | 
[90a6dc85-3671-4453-b518-c45c792277e4/build]   | > Task :copyDependencies
[90a6dc85-3671-4453-b518-c45c792277e4/build]   | > Task :extractIncludeProto
[90a6dc85-3671-4453-b518-c45c792277e4/build]   | > Task :extractProto
[90a6dc85-3671-4453-b518-c45c792277e4/build]   | > Task :generateProto
[90a6dc85-3671-4453-b518-c45c792277e4/build]   | > Task :compileJava
[90a6dc85-3671-4453-b518-c45c792277e4/build]   | Note: Some input files use or override a deprecated API.
[90a6dc85-3671-4453-b518-c45c792277e4/build]   | Note: Recompile with -Xlint:deprecation for details.
[90a6dc85-3671-4453-b518-c45c792277e4/build]   | Note: Some input files use unchecked or unsafe operations.
[90a6dc85-3671-4453-b518-c45c792277e4/build]   | Note: Recompile with -Xlint:unchecked for details.
[90a6dc85-3671-4453-b518-c45c792277e4/build]   | 
[90a6dc85-3671-4453-b518-c45c792277e4/build]   | > Task :processResources
[90a6dc85-3671-4453-b518-c45c792277e4/build]   | > Task :classes
[90a6dc85-3671-4453-b518-c45c792277e4/build]   | > Task :jar
[90a6dc85-3671-4453-b518-c45c792277e4/build]   | > Task :assemble
[90a6dc85-3671-4453-b518-c45c792277e4/build]   | > Task :extractIncludeTestProto
[90a6dc85-3671-4453-b518-c45c792277e4/build]   | > Task :extractTestProto
[90a6dc85-3671-4453-b518-c45c792277e4/build]   | > Task :generateTestProto NO-SOURCE
[90a6dc85-3671-4453-b518-c45c792277e4/build]   | Note: Some input files use or override a deprecated API.
[90a6dc85-3671-4453-b518-c45c792277e4/build]   | Note: Recompile with -Xlint:deprecation for details.
[90a6dc85-3671-4453-b518-c45c792277e4/build]   | 
[90a6dc85-3671-4453-b518-c45c792277e4/build]   | > Task :compileTestJava
[90a6dc85-3671-4453-b518-c45c792277e4/build]   | 
[90a6dc85-3671-4453-b518-c45c792277e4/build]   | > Task :processTestResources NO-SOURCE
[90a6dc85-3671-4453-b518-c45c792277e4/build]   | > Task :testClasses
[90a6dc85-3671-4453-b518-c45c792277e4/build]   | > Task :checkstyleTest SKIPPED
[90a6dc85-3671-4453-b518-c45c792277e4/build]   | > Task :checkstyleMain
[90a6dc85-3671-4453-b518-c45c792277e4/build]   | > Task :test
[90a6dc85-3671-4453-b518-c45c792277e4/build]   | > Task :check
[90a6dc85-3671-4453-b518-c45c792277e4/build]   | > Task :build
[90a6dc85-3671-4453-b518-c45c792277e4/build]   | 
[90a6dc85-3671-4453-b518-c45c792277e4/build]   | BUILD SUCCESSFUL in 3m 7s
[90a6dc85-3671-4453-b518-c45c792277e4/build]   | 12 actionable tasks: 12 executed
[90a6dc85-3671-4453-b518-c45c792277e4/build]   ✅  Success - Main ./gradlew build --no-daemon --warning-mode=fail
[90a6dc85-3671-4453-b518-c45c792277e4/build] unable to get git ref: failed to identify reference (tag/branch) for the checked-out revision '3b6900a95342ae87861cfcae8870ac790da7a504'
[90a6dc85-3671-4453-b518-c45c792277e4/build] unable to get git ref: failed to identify reference (tag/branch) for the checked-out revision '3b6900a95342ae87861cfcae8870ac790da7a504'
[90a6dc85-3671-4453-b518-c45c792277e4/build] unable to get git ref: failed to identify reference (tag/branch) for the checked-out revision '3b6900a95342ae87861cfcae8870ac790da7a504'
[90a6dc85-3671-4453-b518-c45c792277e4/build] unable to get git ref: failed to identify reference (tag/branch) for the checked-out revision '3b6900a95342ae87861cfcae8870ac790da7a504'
[90a6dc85-3671-4453-b518-c45c792277e4/build] unable to get git ref: failed to identify reference (tag/branch) for the checked-out revision '3b6900a95342ae87861cfcae8870ac790da7a504'
[90a6dc85-3671-4453-b518-c45c792277e4/build] ⭐ Run Post actions/setup-java@v3
[90a6dc85-3671-4453-b518-c45c792277e4/build]   🐳  docker exec cmd=[node /var/run/act/actions/actions-setup-java@v3/dist/cleanup/index.js] user= workdir=
[90a6dc85-3671-4453-b518-c45c792277e4/build]   ✅  Success - Post actions/setup-java@v3
[90a6dc85-3671-4453-b518-c45c792277e4/build] 🏁  Job succeeded
[90a6dc85-3671-4453-b518-c45c792277e4/build] unable to get git ref: failed to identify reference (tag/branch) for the checked-out revision '3b6900a95342ae87861cfcae8870ac790da7a504'
