[fa7a3eb8-ff16-425d-aacd-20e0c1839021/build] 🚀  Start image=gitbugactions:latest
[fa7a3eb8-ff16-425d-aacd-20e0c1839021/build]   🐳  docker pull image=gitbugactions:latest platform= username= forcePull=false
[fa7a3eb8-ff16-425d-aacd-20e0c1839021/build]   🐳  docker create image=gitbugactions:latest platform= entrypoint=["tail" "-f" "/dev/null"] cmd=[]
[fa7a3eb8-ff16-425d-aacd-20e0c1839021/build]   🐳  docker run image=gitbugactions:latest platform= entrypoint=["tail" "-f" "/dev/null"] cmd=[]
[fa7a3eb8-ff16-425d-aacd-20e0c1839021/build]   🐳  docker exec cmd=[chown -R 1012:1013 /tmp/c6bda649-98be-4561-9a2c-9727b4562125] user=0 workdir=
[fa7a3eb8-ff16-425d-aacd-20e0c1839021/build] unable to get git ref: failed to identify reference (tag/branch) for the checked-out revision '4ece72558c80038728fa67ec51238bac48fc4d64'
[fa7a3eb8-ff16-425d-aacd-20e0c1839021/build] unable to get git ref: failed to identify reference (tag/branch) for the checked-out revision '4ece72558c80038728fa67ec51238bac48fc4d64'
[fa7a3eb8-ff16-425d-aacd-20e0c1839021/build] unable to get git ref: failed to identify reference (tag/branch) for the checked-out revision '4ece72558c80038728fa67ec51238bac48fc4d64'
[fa7a3eb8-ff16-425d-aacd-20e0c1839021/build] unable to get git ref: failed to identify reference (tag/branch) for the checked-out revision '4ece72558c80038728fa67ec51238bac48fc4d64'
[fa7a3eb8-ff16-425d-aacd-20e0c1839021/build] unable to get git ref: failed to identify reference (tag/branch) for the checked-out revision '4ece72558c80038728fa67ec51238bac48fc4d64'
[fa7a3eb8-ff16-425d-aacd-20e0c1839021/build] unable to get git ref: failed to identify reference (tag/branch) for the checked-out revision '4ece72558c80038728fa67ec51238bac48fc4d64'
[fa7a3eb8-ff16-425d-aacd-20e0c1839021/build] unable to get git ref: failed to identify reference (tag/branch) for the checked-out revision '4ece72558c80038728fa67ec51238bac48fc4d64'
[fa7a3eb8-ff16-425d-aacd-20e0c1839021/build] unable to get git ref: failed to identify reference (tag/branch) for the checked-out revision '4ece72558c80038728fa67ec51238bac48fc4d64'
[fa7a3eb8-ff16-425d-aacd-20e0c1839021/build] unable to get git ref: failed to identify reference (tag/branch) for the checked-out revision '4ece72558c80038728fa67ec51238bac48fc4d64'
[fa7a3eb8-ff16-425d-aacd-20e0c1839021/build] ⭐ Run Main actions/checkout@v3
[fa7a3eb8-ff16-425d-aacd-20e0c1839021/build] unable to get git ref: failed to identify reference (tag/branch) for the checked-out revision '4ece72558c80038728fa67ec51238bac48fc4d64'
[fa7a3eb8-ff16-425d-aacd-20e0c1839021/build] unable to get git ref: failed to identify reference (tag/branch) for the checked-out revision '4ece72558c80038728fa67ec51238bac48fc4d64'
[fa7a3eb8-ff16-425d-aacd-20e0c1839021/build]   🐳  docker cp src=/tmp/c6bda649-98be-4561-9a2c-9727b4562125/. dst=/tmp/c6bda649-98be-4561-9a2c-9727b4562125
[fa7a3eb8-ff16-425d-aacd-20e0c1839021/build]   🐳  docker exec cmd=[chown -R 1012:1013 /tmp/c6bda649-98be-4561-9a2c-9727b4562125] user=0 workdir=
[fa7a3eb8-ff16-425d-aacd-20e0c1839021/build]   ✅  Success - Main actions/checkout@v3
[fa7a3eb8-ff16-425d-aacd-20e0c1839021/build] unable to get git ref: failed to identify reference (tag/branch) for the checked-out revision '4ece72558c80038728fa67ec51238bac48fc4d64'
[fa7a3eb8-ff16-425d-aacd-20e0c1839021/build] unable to get git ref: failed to identify reference (tag/branch) for the checked-out revision '4ece72558c80038728fa67ec51238bac48fc4d64'
[fa7a3eb8-ff16-425d-aacd-20e0c1839021/build] unable to get git ref: failed to identify reference (tag/branch) for the checked-out revision '4ece72558c80038728fa67ec51238bac48fc4d64'
[fa7a3eb8-ff16-425d-aacd-20e0c1839021/build] unable to get git ref: failed to identify reference (tag/branch) for the checked-out revision '4ece72558c80038728fa67ec51238bac48fc4d64'
[fa7a3eb8-ff16-425d-aacd-20e0c1839021/build] unable to get git ref: failed to identify reference (tag/branch) for the checked-out revision '4ece72558c80038728fa67ec51238bac48fc4d64'
[fa7a3eb8-ff16-425d-aacd-20e0c1839021/build] ⭐ Run Main actions/setup-java@v3
[fa7a3eb8-ff16-425d-aacd-20e0c1839021/build] unable to get git ref: failed to identify reference (tag/branch) for the checked-out revision '4ece72558c80038728fa67ec51238bac48fc4d64'
[fa7a3eb8-ff16-425d-aacd-20e0c1839021/build] unable to get git ref: failed to identify reference (tag/branch) for the checked-out revision '4ece72558c80038728fa67ec51238bac48fc4d64'
[fa7a3eb8-ff16-425d-aacd-20e0c1839021/build] unable to get git ref: failed to identify reference (tag/branch) for the checked-out revision '4ece72558c80038728fa67ec51238bac48fc4d64'
[fa7a3eb8-ff16-425d-aacd-20e0c1839021/build]   🐳  docker cp src=/tmp/act-cache/9c81282b-6748-4dd6-9c58-11697630aa29/act/actions-setup-java@v3/ dst=/var/run/act/actions/actions-setup-java@v3/
[fa7a3eb8-ff16-425d-aacd-20e0c1839021/build]   🐳  docker exec cmd=[chown -R 1012:1013 /var/run/act/actions/actions-setup-java@v3/] user=0 workdir=
[fa7a3eb8-ff16-425d-aacd-20e0c1839021/build]   🐳  docker exec cmd=[node /var/run/act/actions/actions-setup-java@v3/dist/setup/index.js] user= workdir=
[fa7a3eb8-ff16-425d-aacd-20e0c1839021/build]   ❓  ::group::Installed distributions
[fa7a3eb8-ff16-425d-aacd-20e0c1839021/build]   | Trying to resolve the latest version from remote
[fa7a3eb8-ff16-425d-aacd-20e0c1839021/build]   💬  ::debug::Gathering available versions from 'https://api.azul.com/zulu/download/community/v1.0/bundles/?os=linux&ext=tar.gz&bundle_type=jdk&javafx=false&arch=x86&hw_bitness=64&release_status=ga'
[fa7a3eb8-ff16-425d-aacd-20e0c1839021/build]   | Resolved latest version as 11.0.21+9
[fa7a3eb8-ff16-425d-aacd-20e0c1839021/build]   | Trying to download...
[fa7a3eb8-ff16-425d-aacd-20e0c1839021/build]   | Downloading Java 11.0.21+9 (Zulu) from https://cdn.azul.com/zulu/bin/zulu11.68.17-ca-jdk11.0.21-linux_x64.tar.gz ...
[fa7a3eb8-ff16-425d-aacd-20e0c1839021/build]   💬  ::debug::Downloading https://cdn.azul.com/zulu/bin/zulu11.68.17-ca-jdk11.0.21-linux_x64.tar.gz
[fa7a3eb8-ff16-425d-aacd-20e0c1839021/build]   💬  ::debug::Destination /tmp/0e90c3ce-5ba9-4f59-bd17-3db9a0707f18
[fa7a3eb8-ff16-425d-aacd-20e0c1839021/build]   💬  ::debug::download complete
[fa7a3eb8-ff16-425d-aacd-20e0c1839021/build]   | Extracting Java archive...
[fa7a3eb8-ff16-425d-aacd-20e0c1839021/build]   💬  ::debug::Checking tar --version
[fa7a3eb8-ff16-425d-aacd-20e0c1839021/build]   💬  ::debug::tar (GNU tar) 1.34%0ACopyright (C) 2021 Free Software Foundation, Inc.%0ALicense GPLv3+: GNU GPL version 3 or later <https://gnu.org/licenses/gpl.html>.%0AThis is free software: you are free to change and redistribute it.%0AThere is NO WARRANTY, to the extent permitted by law.%0A%0AWritten by John Gilmore and Jay Fenlason.
[fa7a3eb8-ff16-425d-aacd-20e0c1839021/build]   | [command]/usr/bin/tar xz --warning=no-unknown-keyword -C /tmp/65ecc282-e005-440a-919c-d13c56a7202e -f /tmp/0e90c3ce-5ba9-4f59-bd17-3db9a0707f18
[fa7a3eb8-ff16-425d-aacd-20e0c1839021/build]   💬  ::debug::Caching tool Java_Zulu_jdk 11.0.21-9 x64
[fa7a3eb8-ff16-425d-aacd-20e0c1839021/build]   💬  ::debug::source dir: /tmp/65ecc282-e005-440a-919c-d13c56a7202e/zulu11.68.17-ca-jdk11.0.21-linux_x64
[fa7a3eb8-ff16-425d-aacd-20e0c1839021/build]   💬  ::debug::destination /opt/hostedtoolcache/Java_Zulu_jdk/11.0.21-9/x64
[fa7a3eb8-ff16-425d-aacd-20e0c1839021/build]   💬  ::debug::finished caching tool
[fa7a3eb8-ff16-425d-aacd-20e0c1839021/build]   | Java 11.0.21+9 was downloaded
[fa7a3eb8-ff16-425d-aacd-20e0c1839021/build]   | Setting Java 11.0.21+9 as the default
[fa7a3eb8-ff16-425d-aacd-20e0c1839021/build]   | Creating toolchains.xml for JDK version 11 from zulu
[fa7a3eb8-ff16-425d-aacd-20e0c1839021/build]   | Writing to /home/runner/.m2/toolchains.xml
[fa7a3eb8-ff16-425d-aacd-20e0c1839021/build]   | 
[fa7a3eb8-ff16-425d-aacd-20e0c1839021/build]   | Java configuration:
[fa7a3eb8-ff16-425d-aacd-20e0c1839021/build]   |   Distribution: zulu
[fa7a3eb8-ff16-425d-aacd-20e0c1839021/build]   |   Version: 11.0.21+9
[fa7a3eb8-ff16-425d-aacd-20e0c1839021/build]   |   Path: /opt/hostedtoolcache/Java_Zulu_jdk/11.0.21-9/x64
[fa7a3eb8-ff16-425d-aacd-20e0c1839021/build]   | 
[fa7a3eb8-ff16-425d-aacd-20e0c1839021/build]   ❓  ::endgroup::
[fa7a3eb8-ff16-425d-aacd-20e0c1839021/build]   ❓ add-matcher /run/act/actions/actions-setup-java@v3/.github/java.json
[fa7a3eb8-ff16-425d-aacd-20e0c1839021/build]   | Creating settings.xml with server-id: github
[fa7a3eb8-ff16-425d-aacd-20e0c1839021/build]   | Writing to /home/runner/.m2/settings.xml
[fa7a3eb8-ff16-425d-aacd-20e0c1839021/build]   ✅  Success - Main actions/setup-java@v3
[fa7a3eb8-ff16-425d-aacd-20e0c1839021/build]   ⚙  ::set-env:: JAVA_HOME=/opt/hostedtoolcache/Java_Zulu_jdk/11.0.21-9/x64
[fa7a3eb8-ff16-425d-aacd-20e0c1839021/build]   ⚙  ::set-env:: JAVA_HOME_11_X64=/opt/hostedtoolcache/Java_Zulu_jdk/11.0.21-9/x64
[fa7a3eb8-ff16-425d-aacd-20e0c1839021/build]   ⚙  ::set-output:: distribution=Zulu
[fa7a3eb8-ff16-425d-aacd-20e0c1839021/build]   ⚙  ::set-output:: path=/opt/hostedtoolcache/Java_Zulu_jdk/11.0.21-9/x64
[fa7a3eb8-ff16-425d-aacd-20e0c1839021/build]   ⚙  ::set-output:: version=11.0.21+9
[fa7a3eb8-ff16-425d-aacd-20e0c1839021/build]   ⚙  ::add-path:: /opt/hostedtoolcache/Java_Zulu_jdk/11.0.21-9/x64/bin
[fa7a3eb8-ff16-425d-aacd-20e0c1839021/build] unable to get git ref: failed to identify reference (tag/branch) for the checked-out revision '4ece72558c80038728fa67ec51238bac48fc4d64'
[fa7a3eb8-ff16-425d-aacd-20e0c1839021/build] unable to get git ref: failed to identify reference (tag/branch) for the checked-out revision '4ece72558c80038728fa67ec51238bac48fc4d64'
[fa7a3eb8-ff16-425d-aacd-20e0c1839021/build] unable to get git ref: failed to identify reference (tag/branch) for the checked-out revision '4ece72558c80038728fa67ec51238bac48fc4d64'
[fa7a3eb8-ff16-425d-aacd-20e0c1839021/build] unable to get git ref: failed to identify reference (tag/branch) for the checked-out revision '4ece72558c80038728fa67ec51238bac48fc4d64'
[fa7a3eb8-ff16-425d-aacd-20e0c1839021/build] unable to get git ref: failed to identify reference (tag/branch) for the checked-out revision '4ece72558c80038728fa67ec51238bac48fc4d64'
[fa7a3eb8-ff16-425d-aacd-20e0c1839021/build] ⭐ Run Main ./gradlew build --no-daemon --warning-mode=fail
[fa7a3eb8-ff16-425d-aacd-20e0c1839021/build] unable to get git ref: failed to identify reference (tag/branch) for the checked-out revision '4ece72558c80038728fa67ec51238bac48fc4d64'
[fa7a3eb8-ff16-425d-aacd-20e0c1839021/build] unable to get git ref: failed to identify reference (tag/branch) for the checked-out revision '4ece72558c80038728fa67ec51238bac48fc4d64'
[fa7a3eb8-ff16-425d-aacd-20e0c1839021/build] unable to get git ref: failed to identify reference (tag/branch) for the checked-out revision '4ece72558c80038728fa67ec51238bac48fc4d64'
[fa7a3eb8-ff16-425d-aacd-20e0c1839021/build] unable to get git ref: failed to identify reference (tag/branch) for the checked-out revision '4ece72558c80038728fa67ec51238bac48fc4d64'
[fa7a3eb8-ff16-425d-aacd-20e0c1839021/build]   🐳  docker exec cmd=[bash --noprofile --norc -e -o pipefail /var/run/act/workflow/2] user= workdir=
[fa7a3eb8-ff16-425d-aacd-20e0c1839021/build]   | Downloading https://services.gradle.org/distributions/gradle-7.5.1-bin.zip
[fa7a3eb8-ff16-425d-aacd-20e0c1839021/build]   | ...........10%............20%...........30%............40%...........50%............60%...........70%............80%...........90%............100%
[fa7a3eb8-ff16-425d-aacd-20e0c1839021/build]   | 
[fa7a3eb8-ff16-425d-aacd-20e0c1839021/build]   | Welcome to Gradle 7.5.1!
[fa7a3eb8-ff16-425d-aacd-20e0c1839021/build]   | 
[fa7a3eb8-ff16-425d-aacd-20e0c1839021/build]   | Here are the highlights of this release:
[fa7a3eb8-ff16-425d-aacd-20e0c1839021/build]   |  - Support for Java 18
[fa7a3eb8-ff16-425d-aacd-20e0c1839021/build]   |  - Support for building with Groovy 4
[fa7a3eb8-ff16-425d-aacd-20e0c1839021/build]   |  - Much more responsive continuous builds
[fa7a3eb8-ff16-425d-aacd-20e0c1839021/build]   |  - Improved diagnostics for dependency resolution
[fa7a3eb8-ff16-425d-aacd-20e0c1839021/build]   | 
[fa7a3eb8-ff16-425d-aacd-20e0c1839021/build]   | For more details see https://docs.gradle.org/7.5.1/release-notes.html
[fa7a3eb8-ff16-425d-aacd-20e0c1839021/build]   | 
[fa7a3eb8-ff16-425d-aacd-20e0c1839021/build]   | To honour the JVM settings for this build a single-use Daemon process will be forked. See https://docs.gradle.org/7.5.1/userguide/gradle_daemon.html#sec:disabling_the_daemon.
[fa7a3eb8-ff16-425d-aacd-20e0c1839021/build]   | Daemon will be stopped at the end of the build 
[fa7a3eb8-ff16-425d-aacd-20e0c1839021/build]   | 
[fa7a3eb8-ff16-425d-aacd-20e0c1839021/build]   | > Configure project :
[fa7a3eb8-ff16-425d-aacd-20e0c1839021/build]   | Kordamp Enforcer Gradle plugin 0.10.0. Consider becoming a patron at https://www.patreon.com/aalmiray
[fa7a3eb8-ff16-425d-aacd-20e0c1839021/build]   | 
[fa7a3eb8-ff16-425d-aacd-20e0c1839021/build]   | > Task :copyDependencies
[fa7a3eb8-ff16-425d-aacd-20e0c1839021/build]   | > Task :extractIncludeProto
[fa7a3eb8-ff16-425d-aacd-20e0c1839021/build]   | > Task :extractProto
[fa7a3eb8-ff16-425d-aacd-20e0c1839021/build]   | > Task :generateProto
[fa7a3eb8-ff16-425d-aacd-20e0c1839021/build]   | > Task :compileJava
[fa7a3eb8-ff16-425d-aacd-20e0c1839021/build]   | Note: Some input files use or override a deprecated API.
[fa7a3eb8-ff16-425d-aacd-20e0c1839021/build]   | Note: Recompile with -Xlint:deprecation for details.
[fa7a3eb8-ff16-425d-aacd-20e0c1839021/build]   | Note: Some input files use unchecked or unsafe operations.
[fa7a3eb8-ff16-425d-aacd-20e0c1839021/build]   | Note: Recompile with -Xlint:unchecked for details.
[fa7a3eb8-ff16-425d-aacd-20e0c1839021/build]   | 
[fa7a3eb8-ff16-425d-aacd-20e0c1839021/build]   | > Task :processResources
[fa7a3eb8-ff16-425d-aacd-20e0c1839021/build]   | > Task :classes
[fa7a3eb8-ff16-425d-aacd-20e0c1839021/build]   | > Task :jar
[fa7a3eb8-ff16-425d-aacd-20e0c1839021/build]   | > Task :assemble
[fa7a3eb8-ff16-425d-aacd-20e0c1839021/build]   | > Task :extractIncludeTestProto
[fa7a3eb8-ff16-425d-aacd-20e0c1839021/build]   | > Task :extractTestProto
[fa7a3eb8-ff16-425d-aacd-20e0c1839021/build]   | > Task :generateTestProto NO-SOURCE
[fa7a3eb8-ff16-425d-aacd-20e0c1839021/build]   | 
[fa7a3eb8-ff16-425d-aacd-20e0c1839021/build]   | > Task :compileTestJava
[fa7a3eb8-ff16-425d-aacd-20e0c1839021/build]   | Note: Some input files use or override a deprecated API.
[fa7a3eb8-ff16-425d-aacd-20e0c1839021/build]   | Note: Recompile with -Xlint:deprecation for details.
[fa7a3eb8-ff16-425d-aacd-20e0c1839021/build]   | 
[fa7a3eb8-ff16-425d-aacd-20e0c1839021/build]   | > Task :processTestResources NO-SOURCE
[fa7a3eb8-ff16-425d-aacd-20e0c1839021/build]   | > Task :testClasses
[fa7a3eb8-ff16-425d-aacd-20e0c1839021/build]   | > Task :checkstyleTest SKIPPED
[fa7a3eb8-ff16-425d-aacd-20e0c1839021/build]   | > Task :checkstyleMain
[fa7a3eb8-ff16-425d-aacd-20e0c1839021/build]   | > Task :test
[fa7a3eb8-ff16-425d-aacd-20e0c1839021/build]   | > Task :check
[fa7a3eb8-ff16-425d-aacd-20e0c1839021/build]   | > Task :build
[fa7a3eb8-ff16-425d-aacd-20e0c1839021/build]   | 
[fa7a3eb8-ff16-425d-aacd-20e0c1839021/build]   | BUILD SUCCESSFUL in 2m 41s
[fa7a3eb8-ff16-425d-aacd-20e0c1839021/build]   | 12 actionable tasks: 12 executed
[fa7a3eb8-ff16-425d-aacd-20e0c1839021/build]   ✅  Success - Main ./gradlew build --no-daemon --warning-mode=fail
[fa7a3eb8-ff16-425d-aacd-20e0c1839021/build] unable to get git ref: failed to identify reference (tag/branch) for the checked-out revision '4ece72558c80038728fa67ec51238bac48fc4d64'
[fa7a3eb8-ff16-425d-aacd-20e0c1839021/build] unable to get git ref: failed to identify reference (tag/branch) for the checked-out revision '4ece72558c80038728fa67ec51238bac48fc4d64'
[fa7a3eb8-ff16-425d-aacd-20e0c1839021/build] unable to get git ref: failed to identify reference (tag/branch) for the checked-out revision '4ece72558c80038728fa67ec51238bac48fc4d64'
[fa7a3eb8-ff16-425d-aacd-20e0c1839021/build] unable to get git ref: failed to identify reference (tag/branch) for the checked-out revision '4ece72558c80038728fa67ec51238bac48fc4d64'
[fa7a3eb8-ff16-425d-aacd-20e0c1839021/build] unable to get git ref: failed to identify reference (tag/branch) for the checked-out revision '4ece72558c80038728fa67ec51238bac48fc4d64'
[fa7a3eb8-ff16-425d-aacd-20e0c1839021/build] ⭐ Run Post actions/setup-java@v3
[fa7a3eb8-ff16-425d-aacd-20e0c1839021/build]   🐳  docker exec cmd=[node /var/run/act/actions/actions-setup-java@v3/dist/cleanup/index.js] user= workdir=
[fa7a3eb8-ff16-425d-aacd-20e0c1839021/build]   ✅  Success - Post actions/setup-java@v3
[fa7a3eb8-ff16-425d-aacd-20e0c1839021/build] 🏁  Job succeeded
[fa7a3eb8-ff16-425d-aacd-20e0c1839021/build] unable to get git ref: failed to identify reference (tag/branch) for the checked-out revision '4ece72558c80038728fa67ec51238bac48fc4d64'
