[16bf0ff7-c203-4d44-8080-7328fcfb31e6/build] 🚀  Start image=gitbugactions:latest
[16bf0ff7-c203-4d44-8080-7328fcfb31e6/build]   🐳  docker pull image=gitbugactions:latest platform= username= forcePull=false
[16bf0ff7-c203-4d44-8080-7328fcfb31e6/build]   🐳  docker create image=gitbugactions:latest platform= entrypoint=["tail" "-f" "/dev/null"] cmd=[]
[16bf0ff7-c203-4d44-8080-7328fcfb31e6/build]   🐳  docker run image=gitbugactions:latest platform= entrypoint=["tail" "-f" "/dev/null"] cmd=[]
[16bf0ff7-c203-4d44-8080-7328fcfb31e6/build]   🐳  docker exec cmd=[chown -R 1012:1013 /tmp/249e0dea-409c-4599-9400-b2155c1ccd6e] user=0 workdir=
[16bf0ff7-c203-4d44-8080-7328fcfb31e6/build] unable to get git ref: failed to identify reference (tag/branch) for the checked-out revision 'fa2a61f6487c9ad8a338cdacf18f15be9c299cfd'
[16bf0ff7-c203-4d44-8080-7328fcfb31e6/build] unable to get git ref: failed to identify reference (tag/branch) for the checked-out revision 'fa2a61f6487c9ad8a338cdacf18f15be9c299cfd'
[16bf0ff7-c203-4d44-8080-7328fcfb31e6/build] unable to get git ref: failed to identify reference (tag/branch) for the checked-out revision 'fa2a61f6487c9ad8a338cdacf18f15be9c299cfd'
[16bf0ff7-c203-4d44-8080-7328fcfb31e6/build] unable to get git ref: failed to identify reference (tag/branch) for the checked-out revision 'fa2a61f6487c9ad8a338cdacf18f15be9c299cfd'
[16bf0ff7-c203-4d44-8080-7328fcfb31e6/build] unable to get git ref: failed to identify reference (tag/branch) for the checked-out revision 'fa2a61f6487c9ad8a338cdacf18f15be9c299cfd'
[16bf0ff7-c203-4d44-8080-7328fcfb31e6/build] unable to get git ref: failed to identify reference (tag/branch) for the checked-out revision 'fa2a61f6487c9ad8a338cdacf18f15be9c299cfd'
[16bf0ff7-c203-4d44-8080-7328fcfb31e6/build] unable to get git ref: failed to identify reference (tag/branch) for the checked-out revision 'fa2a61f6487c9ad8a338cdacf18f15be9c299cfd'
[16bf0ff7-c203-4d44-8080-7328fcfb31e6/build] unable to get git ref: failed to identify reference (tag/branch) for the checked-out revision 'fa2a61f6487c9ad8a338cdacf18f15be9c299cfd'
[16bf0ff7-c203-4d44-8080-7328fcfb31e6/build] unable to get git ref: failed to identify reference (tag/branch) for the checked-out revision 'fa2a61f6487c9ad8a338cdacf18f15be9c299cfd'
[16bf0ff7-c203-4d44-8080-7328fcfb31e6/build] ⭐ Run Main actions/checkout@v3
[16bf0ff7-c203-4d44-8080-7328fcfb31e6/build] unable to get git ref: failed to identify reference (tag/branch) for the checked-out revision 'fa2a61f6487c9ad8a338cdacf18f15be9c299cfd'
[16bf0ff7-c203-4d44-8080-7328fcfb31e6/build] unable to get git ref: failed to identify reference (tag/branch) for the checked-out revision 'fa2a61f6487c9ad8a338cdacf18f15be9c299cfd'
[16bf0ff7-c203-4d44-8080-7328fcfb31e6/build]   🐳  docker cp src=/tmp/249e0dea-409c-4599-9400-b2155c1ccd6e/. dst=/tmp/249e0dea-409c-4599-9400-b2155c1ccd6e
[16bf0ff7-c203-4d44-8080-7328fcfb31e6/build]   🐳  docker exec cmd=[chown -R 1012:1013 /tmp/249e0dea-409c-4599-9400-b2155c1ccd6e] user=0 workdir=
[16bf0ff7-c203-4d44-8080-7328fcfb31e6/build]   ✅  Success - Main actions/checkout@v3
[16bf0ff7-c203-4d44-8080-7328fcfb31e6/build] unable to get git ref: failed to identify reference (tag/branch) for the checked-out revision 'fa2a61f6487c9ad8a338cdacf18f15be9c299cfd'
[16bf0ff7-c203-4d44-8080-7328fcfb31e6/build] unable to get git ref: failed to identify reference (tag/branch) for the checked-out revision 'fa2a61f6487c9ad8a338cdacf18f15be9c299cfd'
[16bf0ff7-c203-4d44-8080-7328fcfb31e6/build] unable to get git ref: failed to identify reference (tag/branch) for the checked-out revision 'fa2a61f6487c9ad8a338cdacf18f15be9c299cfd'
[16bf0ff7-c203-4d44-8080-7328fcfb31e6/build] unable to get git ref: failed to identify reference (tag/branch) for the checked-out revision 'fa2a61f6487c9ad8a338cdacf18f15be9c299cfd'
[16bf0ff7-c203-4d44-8080-7328fcfb31e6/build] unable to get git ref: failed to identify reference (tag/branch) for the checked-out revision 'fa2a61f6487c9ad8a338cdacf18f15be9c299cfd'
[16bf0ff7-c203-4d44-8080-7328fcfb31e6/build] ⭐ Run Main actions/setup-java@v3
[16bf0ff7-c203-4d44-8080-7328fcfb31e6/build] unable to get git ref: failed to identify reference (tag/branch) for the checked-out revision 'fa2a61f6487c9ad8a338cdacf18f15be9c299cfd'
[16bf0ff7-c203-4d44-8080-7328fcfb31e6/build] unable to get git ref: failed to identify reference (tag/branch) for the checked-out revision 'fa2a61f6487c9ad8a338cdacf18f15be9c299cfd'
[16bf0ff7-c203-4d44-8080-7328fcfb31e6/build] unable to get git ref: failed to identify reference (tag/branch) for the checked-out revision 'fa2a61f6487c9ad8a338cdacf18f15be9c299cfd'
[16bf0ff7-c203-4d44-8080-7328fcfb31e6/build]   🐳  docker cp src=/tmp/act-cache/c488b012-dd0d-49a9-8316-81b6fa4eba08/act/actions-setup-java@v3/ dst=/var/run/act/actions/actions-setup-java@v3/
[16bf0ff7-c203-4d44-8080-7328fcfb31e6/build]   🐳  docker exec cmd=[chown -R 1012:1013 /var/run/act/actions/actions-setup-java@v3/] user=0 workdir=
[16bf0ff7-c203-4d44-8080-7328fcfb31e6/build]   🐳  docker exec cmd=[node /var/run/act/actions/actions-setup-java@v3/dist/setup/index.js] user= workdir=
[16bf0ff7-c203-4d44-8080-7328fcfb31e6/build]   ❓  ::group::Installed distributions
[16bf0ff7-c203-4d44-8080-7328fcfb31e6/build]   | Trying to resolve the latest version from remote
[16bf0ff7-c203-4d44-8080-7328fcfb31e6/build]   💬  ::debug::Gathering available versions from 'https://api.azul.com/zulu/download/community/v1.0/bundles/?os=linux&ext=tar.gz&bundle_type=jdk&javafx=false&arch=x86&hw_bitness=64&release_status=ga'
[16bf0ff7-c203-4d44-8080-7328fcfb31e6/build]   | Resolved latest version as 11.0.21+9
[16bf0ff7-c203-4d44-8080-7328fcfb31e6/build]   | Trying to download...
[16bf0ff7-c203-4d44-8080-7328fcfb31e6/build]   | Downloading Java 11.0.21+9 (Zulu) from https://cdn.azul.com/zulu/bin/zulu11.68.17-ca-jdk11.0.21-linux_x64.tar.gz ...
[16bf0ff7-c203-4d44-8080-7328fcfb31e6/build]   💬  ::debug::Downloading https://cdn.azul.com/zulu/bin/zulu11.68.17-ca-jdk11.0.21-linux_x64.tar.gz
[16bf0ff7-c203-4d44-8080-7328fcfb31e6/build]   💬  ::debug::Destination /tmp/356b875d-252a-4e46-bf80-0ffcae68dba3
[16bf0ff7-c203-4d44-8080-7328fcfb31e6/build]   💬  ::debug::download complete
[16bf0ff7-c203-4d44-8080-7328fcfb31e6/build]   | Extracting Java archive...
[16bf0ff7-c203-4d44-8080-7328fcfb31e6/build]   💬  ::debug::Checking tar --version
[16bf0ff7-c203-4d44-8080-7328fcfb31e6/build]   💬  ::debug::tar (GNU tar) 1.34%0ACopyright (C) 2021 Free Software Foundation, Inc.%0ALicense GPLv3+: GNU GPL version 3 or later <https://gnu.org/licenses/gpl.html>.%0AThis is free software: you are free to change and redistribute it.%0AThere is NO WARRANTY, to the extent permitted by law.%0A%0AWritten by John Gilmore and Jay Fenlason.
[16bf0ff7-c203-4d44-8080-7328fcfb31e6/build]   | [command]/usr/bin/tar xz --warning=no-unknown-keyword -C /tmp/72838746-9cbd-49a8-bb67-6ecc6a39396f -f /tmp/356b875d-252a-4e46-bf80-0ffcae68dba3
[16bf0ff7-c203-4d44-8080-7328fcfb31e6/build]   💬  ::debug::Caching tool Java_Zulu_jdk 11.0.21-9 x64
[16bf0ff7-c203-4d44-8080-7328fcfb31e6/build]   💬  ::debug::source dir: /tmp/72838746-9cbd-49a8-bb67-6ecc6a39396f/zulu11.68.17-ca-jdk11.0.21-linux_x64
[16bf0ff7-c203-4d44-8080-7328fcfb31e6/build]   💬  ::debug::destination /opt/hostedtoolcache/Java_Zulu_jdk/11.0.21-9/x64
[16bf0ff7-c203-4d44-8080-7328fcfb31e6/build]   💬  ::debug::finished caching tool
[16bf0ff7-c203-4d44-8080-7328fcfb31e6/build]   | Java 11.0.21+9 was downloaded
[16bf0ff7-c203-4d44-8080-7328fcfb31e6/build]   | Setting Java 11.0.21+9 as the default
[16bf0ff7-c203-4d44-8080-7328fcfb31e6/build]   | Creating toolchains.xml for JDK version 11 from zulu
[16bf0ff7-c203-4d44-8080-7328fcfb31e6/build]   | Writing to /home/runner/.m2/toolchains.xml
[16bf0ff7-c203-4d44-8080-7328fcfb31e6/build]   | 
[16bf0ff7-c203-4d44-8080-7328fcfb31e6/build]   | Java configuration:
[16bf0ff7-c203-4d44-8080-7328fcfb31e6/build]   |   Distribution: zulu
[16bf0ff7-c203-4d44-8080-7328fcfb31e6/build]   |   Version: 11.0.21+9
[16bf0ff7-c203-4d44-8080-7328fcfb31e6/build]   |   Path: /opt/hostedtoolcache/Java_Zulu_jdk/11.0.21-9/x64
[16bf0ff7-c203-4d44-8080-7328fcfb31e6/build]   | 
[16bf0ff7-c203-4d44-8080-7328fcfb31e6/build]   ❓  ::endgroup::
[16bf0ff7-c203-4d44-8080-7328fcfb31e6/build]   ❓ add-matcher /run/act/actions/actions-setup-java@v3/.github/java.json
[16bf0ff7-c203-4d44-8080-7328fcfb31e6/build]   | Creating settings.xml with server-id: github
[16bf0ff7-c203-4d44-8080-7328fcfb31e6/build]   | Writing to /home/runner/.m2/settings.xml
[16bf0ff7-c203-4d44-8080-7328fcfb31e6/build]   ✅  Success - Main actions/setup-java@v3
[16bf0ff7-c203-4d44-8080-7328fcfb31e6/build]   ⚙  ::set-env:: JAVA_HOME=/opt/hostedtoolcache/Java_Zulu_jdk/11.0.21-9/x64
[16bf0ff7-c203-4d44-8080-7328fcfb31e6/build]   ⚙  ::set-env:: JAVA_HOME_11_X64=/opt/hostedtoolcache/Java_Zulu_jdk/11.0.21-9/x64
[16bf0ff7-c203-4d44-8080-7328fcfb31e6/build]   ⚙  ::set-output:: version=11.0.21+9
[16bf0ff7-c203-4d44-8080-7328fcfb31e6/build]   ⚙  ::set-output:: distribution=Zulu
[16bf0ff7-c203-4d44-8080-7328fcfb31e6/build]   ⚙  ::set-output:: path=/opt/hostedtoolcache/Java_Zulu_jdk/11.0.21-9/x64
[16bf0ff7-c203-4d44-8080-7328fcfb31e6/build]   ⚙  ::add-path:: /opt/hostedtoolcache/Java_Zulu_jdk/11.0.21-9/x64/bin
[16bf0ff7-c203-4d44-8080-7328fcfb31e6/build] unable to get git ref: failed to identify reference (tag/branch) for the checked-out revision 'fa2a61f6487c9ad8a338cdacf18f15be9c299cfd'
[16bf0ff7-c203-4d44-8080-7328fcfb31e6/build] unable to get git ref: failed to identify reference (tag/branch) for the checked-out revision 'fa2a61f6487c9ad8a338cdacf18f15be9c299cfd'
[16bf0ff7-c203-4d44-8080-7328fcfb31e6/build] unable to get git ref: failed to identify reference (tag/branch) for the checked-out revision 'fa2a61f6487c9ad8a338cdacf18f15be9c299cfd'
[16bf0ff7-c203-4d44-8080-7328fcfb31e6/build] unable to get git ref: failed to identify reference (tag/branch) for the checked-out revision 'fa2a61f6487c9ad8a338cdacf18f15be9c299cfd'
[16bf0ff7-c203-4d44-8080-7328fcfb31e6/build] unable to get git ref: failed to identify reference (tag/branch) for the checked-out revision 'fa2a61f6487c9ad8a338cdacf18f15be9c299cfd'
[16bf0ff7-c203-4d44-8080-7328fcfb31e6/build] ⭐ Run Main ./gradlew build --no-daemon --warning-mode=fail
[16bf0ff7-c203-4d44-8080-7328fcfb31e6/build] unable to get git ref: failed to identify reference (tag/branch) for the checked-out revision 'fa2a61f6487c9ad8a338cdacf18f15be9c299cfd'
[16bf0ff7-c203-4d44-8080-7328fcfb31e6/build] unable to get git ref: failed to identify reference (tag/branch) for the checked-out revision 'fa2a61f6487c9ad8a338cdacf18f15be9c299cfd'
[16bf0ff7-c203-4d44-8080-7328fcfb31e6/build] unable to get git ref: failed to identify reference (tag/branch) for the checked-out revision 'fa2a61f6487c9ad8a338cdacf18f15be9c299cfd'
[16bf0ff7-c203-4d44-8080-7328fcfb31e6/build] unable to get git ref: failed to identify reference (tag/branch) for the checked-out revision 'fa2a61f6487c9ad8a338cdacf18f15be9c299cfd'
[16bf0ff7-c203-4d44-8080-7328fcfb31e6/build]   🐳  docker exec cmd=[bash --noprofile --norc -e -o pipefail /var/run/act/workflow/2] user= workdir=
[16bf0ff7-c203-4d44-8080-7328fcfb31e6/build]   | Downloading https://services.gradle.org/distributions/gradle-7.5.1-bin.zip
[16bf0ff7-c203-4d44-8080-7328fcfb31e6/build]   | ...........10%............20%...........30%............40%...........50%............60%...........70%............80%...........90%............100%
[16bf0ff7-c203-4d44-8080-7328fcfb31e6/build]   | 
[16bf0ff7-c203-4d44-8080-7328fcfb31e6/build]   | Welcome to Gradle 7.5.1!
[16bf0ff7-c203-4d44-8080-7328fcfb31e6/build]   | 
[16bf0ff7-c203-4d44-8080-7328fcfb31e6/build]   | Here are the highlights of this release:
[16bf0ff7-c203-4d44-8080-7328fcfb31e6/build]   |  - Support for Java 18
[16bf0ff7-c203-4d44-8080-7328fcfb31e6/build]   |  - Support for building with Groovy 4
[16bf0ff7-c203-4d44-8080-7328fcfb31e6/build]   |  - Much more responsive continuous builds
[16bf0ff7-c203-4d44-8080-7328fcfb31e6/build]   |  - Improved diagnostics for dependency resolution
[16bf0ff7-c203-4d44-8080-7328fcfb31e6/build]   | 
[16bf0ff7-c203-4d44-8080-7328fcfb31e6/build]   | For more details see https://docs.gradle.org/7.5.1/release-notes.html
[16bf0ff7-c203-4d44-8080-7328fcfb31e6/build]   | 
[16bf0ff7-c203-4d44-8080-7328fcfb31e6/build]   | To honour the JVM settings for this build a single-use Daemon process will be forked. See https://docs.gradle.org/7.5.1/userguide/gradle_daemon.html#sec:disabling_the_daemon.
[16bf0ff7-c203-4d44-8080-7328fcfb31e6/build]   | Daemon will be stopped at the end of the build 
[16bf0ff7-c203-4d44-8080-7328fcfb31e6/build]   | 
[16bf0ff7-c203-4d44-8080-7328fcfb31e6/build]   | > Configure project :
[16bf0ff7-c203-4d44-8080-7328fcfb31e6/build]   | Kordamp Enforcer Gradle plugin 0.13.0. Consider becoming a patron at https://www.patreon.com/aalmiray
[16bf0ff7-c203-4d44-8080-7328fcfb31e6/build]   | 
[16bf0ff7-c203-4d44-8080-7328fcfb31e6/build]   | > Task :copyDependencies
[16bf0ff7-c203-4d44-8080-7328fcfb31e6/build]   | > Task :extractIncludeProto
[16bf0ff7-c203-4d44-8080-7328fcfb31e6/build]   | > Task :extractProto
[16bf0ff7-c203-4d44-8080-7328fcfb31e6/build]   | > Task :generateProto
[16bf0ff7-c203-4d44-8080-7328fcfb31e6/build]   | > Task :compileJava
[16bf0ff7-c203-4d44-8080-7328fcfb31e6/build]   | Note: Some input files use or override a deprecated API.
[16bf0ff7-c203-4d44-8080-7328fcfb31e6/build]   | Note: Recompile with -Xlint:deprecation for details.
[16bf0ff7-c203-4d44-8080-7328fcfb31e6/build]   | Note: Some input files use unchecked or unsafe operations.
[16bf0ff7-c203-4d44-8080-7328fcfb31e6/build]   | Note: Recompile with -Xlint:unchecked for details.
[16bf0ff7-c203-4d44-8080-7328fcfb31e6/build]   | 
[16bf0ff7-c203-4d44-8080-7328fcfb31e6/build]   | > Task :processResources
[16bf0ff7-c203-4d44-8080-7328fcfb31e6/build]   | > Task :classes
[16bf0ff7-c203-4d44-8080-7328fcfb31e6/build]   | > Task :jar
[16bf0ff7-c203-4d44-8080-7328fcfb31e6/build]   | > Task :assemble
[16bf0ff7-c203-4d44-8080-7328fcfb31e6/build]   | > Task :extractIncludeTestProto
[16bf0ff7-c203-4d44-8080-7328fcfb31e6/build]   | > Task :extractTestProto
[16bf0ff7-c203-4d44-8080-7328fcfb31e6/build]   | > Task :generateTestProto NO-SOURCE
[16bf0ff7-c203-4d44-8080-7328fcfb31e6/build]   | 
[16bf0ff7-c203-4d44-8080-7328fcfb31e6/build]   | > Task :compileTestJava
[16bf0ff7-c203-4d44-8080-7328fcfb31e6/build]   | Note: Some input files use or override a deprecated API.
[16bf0ff7-c203-4d44-8080-7328fcfb31e6/build]   | Note: Recompile with -Xlint:deprecation for details.
[16bf0ff7-c203-4d44-8080-7328fcfb31e6/build]   | 
[16bf0ff7-c203-4d44-8080-7328fcfb31e6/build]   | > Task :processTestResources NO-SOURCE
[16bf0ff7-c203-4d44-8080-7328fcfb31e6/build]   | > Task :testClasses
[16bf0ff7-c203-4d44-8080-7328fcfb31e6/build]   | > Task :checkstyleTest SKIPPED
[16bf0ff7-c203-4d44-8080-7328fcfb31e6/build]   | > Task :checkstyleMain
[16bf0ff7-c203-4d44-8080-7328fcfb31e6/build]   | > Task :test
[16bf0ff7-c203-4d44-8080-7328fcfb31e6/build]   | > Task :check
[16bf0ff7-c203-4d44-8080-7328fcfb31e6/build]   | > Task :build
[16bf0ff7-c203-4d44-8080-7328fcfb31e6/build]   | 
[16bf0ff7-c203-4d44-8080-7328fcfb31e6/build]   | BUILD SUCCESSFUL in 2m 44s
[16bf0ff7-c203-4d44-8080-7328fcfb31e6/build]   | 12 actionable tasks: 12 executed
[16bf0ff7-c203-4d44-8080-7328fcfb31e6/build]   ✅  Success - Main ./gradlew build --no-daemon --warning-mode=fail
[16bf0ff7-c203-4d44-8080-7328fcfb31e6/build] unable to get git ref: failed to identify reference (tag/branch) for the checked-out revision 'fa2a61f6487c9ad8a338cdacf18f15be9c299cfd'
[16bf0ff7-c203-4d44-8080-7328fcfb31e6/build] unable to get git ref: failed to identify reference (tag/branch) for the checked-out revision 'fa2a61f6487c9ad8a338cdacf18f15be9c299cfd'
[16bf0ff7-c203-4d44-8080-7328fcfb31e6/build] unable to get git ref: failed to identify reference (tag/branch) for the checked-out revision 'fa2a61f6487c9ad8a338cdacf18f15be9c299cfd'
[16bf0ff7-c203-4d44-8080-7328fcfb31e6/build] unable to get git ref: failed to identify reference (tag/branch) for the checked-out revision 'fa2a61f6487c9ad8a338cdacf18f15be9c299cfd'
[16bf0ff7-c203-4d44-8080-7328fcfb31e6/build] unable to get git ref: failed to identify reference (tag/branch) for the checked-out revision 'fa2a61f6487c9ad8a338cdacf18f15be9c299cfd'
[16bf0ff7-c203-4d44-8080-7328fcfb31e6/build] ⭐ Run Post actions/setup-java@v3
[16bf0ff7-c203-4d44-8080-7328fcfb31e6/build]   🐳  docker exec cmd=[node /var/run/act/actions/actions-setup-java@v3/dist/cleanup/index.js] user= workdir=
[16bf0ff7-c203-4d44-8080-7328fcfb31e6/build]   ✅  Success - Post actions/setup-java@v3
[16bf0ff7-c203-4d44-8080-7328fcfb31e6/build] 🏁  Job succeeded
[16bf0ff7-c203-4d44-8080-7328fcfb31e6/build] unable to get git ref: failed to identify reference (tag/branch) for the checked-out revision 'fa2a61f6487c9ad8a338cdacf18f15be9c299cfd'
