[e183dbc0-a8d6-461c-a856-9fb1662a8981/build] 🚀  Start image=gitbugactions:latest
[e183dbc0-a8d6-461c-a856-9fb1662a8981/build]   🐳  docker pull image=gitbugactions:latest platform= username= forcePull=false
[e183dbc0-a8d6-461c-a856-9fb1662a8981/build]   🐳  docker create image=gitbugactions:latest platform= entrypoint=["tail" "-f" "/dev/null"] cmd=[]
[e183dbc0-a8d6-461c-a856-9fb1662a8981/build]   🐳  docker run image=gitbugactions:latest platform= entrypoint=["tail" "-f" "/dev/null"] cmd=[]
[e183dbc0-a8d6-461c-a856-9fb1662a8981/build]   🐳  docker exec cmd=[chown -R 1012:1013 /tmp/ba97dcdb-1dca-4231-8209-42fd28b2e071] user=0 workdir=
[e183dbc0-a8d6-461c-a856-9fb1662a8981/build] unable to get git ref: failed to identify reference (tag/branch) for the checked-out revision 'a9c311855a495901935c2cb70252fa917fd88232'
[e183dbc0-a8d6-461c-a856-9fb1662a8981/build] unable to get git ref: failed to identify reference (tag/branch) for the checked-out revision 'a9c311855a495901935c2cb70252fa917fd88232'
[e183dbc0-a8d6-461c-a856-9fb1662a8981/build] unable to get git ref: failed to identify reference (tag/branch) for the checked-out revision 'a9c311855a495901935c2cb70252fa917fd88232'
[e183dbc0-a8d6-461c-a856-9fb1662a8981/build] unable to get git ref: failed to identify reference (tag/branch) for the checked-out revision 'a9c311855a495901935c2cb70252fa917fd88232'
[e183dbc0-a8d6-461c-a856-9fb1662a8981/build] unable to get git ref: failed to identify reference (tag/branch) for the checked-out revision 'a9c311855a495901935c2cb70252fa917fd88232'
[e183dbc0-a8d6-461c-a856-9fb1662a8981/build] unable to get git ref: failed to identify reference (tag/branch) for the checked-out revision 'a9c311855a495901935c2cb70252fa917fd88232'
[e183dbc0-a8d6-461c-a856-9fb1662a8981/build] unable to get git ref: failed to identify reference (tag/branch) for the checked-out revision 'a9c311855a495901935c2cb70252fa917fd88232'
[e183dbc0-a8d6-461c-a856-9fb1662a8981/build] unable to get git ref: failed to identify reference (tag/branch) for the checked-out revision 'a9c311855a495901935c2cb70252fa917fd88232'
[e183dbc0-a8d6-461c-a856-9fb1662a8981/build] unable to get git ref: failed to identify reference (tag/branch) for the checked-out revision 'a9c311855a495901935c2cb70252fa917fd88232'
[e183dbc0-a8d6-461c-a856-9fb1662a8981/build] ⭐ Run Main actions/checkout@v3
[e183dbc0-a8d6-461c-a856-9fb1662a8981/build] unable to get git ref: failed to identify reference (tag/branch) for the checked-out revision 'a9c311855a495901935c2cb70252fa917fd88232'
[e183dbc0-a8d6-461c-a856-9fb1662a8981/build] unable to get git ref: failed to identify reference (tag/branch) for the checked-out revision 'a9c311855a495901935c2cb70252fa917fd88232'
[e183dbc0-a8d6-461c-a856-9fb1662a8981/build]   🐳  docker cp src=/tmp/ba97dcdb-1dca-4231-8209-42fd28b2e071/. dst=/tmp/ba97dcdb-1dca-4231-8209-42fd28b2e071
[e183dbc0-a8d6-461c-a856-9fb1662a8981/build]   🐳  docker exec cmd=[chown -R 1012:1013 /tmp/ba97dcdb-1dca-4231-8209-42fd28b2e071] user=0 workdir=
[e183dbc0-a8d6-461c-a856-9fb1662a8981/build]   ✅  Success - Main actions/checkout@v3
[e183dbc0-a8d6-461c-a856-9fb1662a8981/build] unable to get git ref: failed to identify reference (tag/branch) for the checked-out revision 'a9c311855a495901935c2cb70252fa917fd88232'
[e183dbc0-a8d6-461c-a856-9fb1662a8981/build] unable to get git ref: failed to identify reference (tag/branch) for the checked-out revision 'a9c311855a495901935c2cb70252fa917fd88232'
[e183dbc0-a8d6-461c-a856-9fb1662a8981/build] unable to get git ref: failed to identify reference (tag/branch) for the checked-out revision 'a9c311855a495901935c2cb70252fa917fd88232'
[e183dbc0-a8d6-461c-a856-9fb1662a8981/build] unable to get git ref: failed to identify reference (tag/branch) for the checked-out revision 'a9c311855a495901935c2cb70252fa917fd88232'
[e183dbc0-a8d6-461c-a856-9fb1662a8981/build] unable to get git ref: failed to identify reference (tag/branch) for the checked-out revision 'a9c311855a495901935c2cb70252fa917fd88232'
[e183dbc0-a8d6-461c-a856-9fb1662a8981/build] ⭐ Run Main actions/setup-java@v3
[e183dbc0-a8d6-461c-a856-9fb1662a8981/build] unable to get git ref: failed to identify reference (tag/branch) for the checked-out revision 'a9c311855a495901935c2cb70252fa917fd88232'
[e183dbc0-a8d6-461c-a856-9fb1662a8981/build] unable to get git ref: failed to identify reference (tag/branch) for the checked-out revision 'a9c311855a495901935c2cb70252fa917fd88232'
[e183dbc0-a8d6-461c-a856-9fb1662a8981/build] unable to get git ref: failed to identify reference (tag/branch) for the checked-out revision 'a9c311855a495901935c2cb70252fa917fd88232'
[e183dbc0-a8d6-461c-a856-9fb1662a8981/build]   🐳  docker cp src=/tmp/act-cache/9c81282b-6748-4dd6-9c58-11697630aa29/act/actions-setup-java@v3/ dst=/var/run/act/actions/actions-setup-java@v3/
[e183dbc0-a8d6-461c-a856-9fb1662a8981/build]   🐳  docker exec cmd=[chown -R 1012:1013 /var/run/act/actions/actions-setup-java@v3/] user=0 workdir=
[e183dbc0-a8d6-461c-a856-9fb1662a8981/build]   🐳  docker exec cmd=[node /var/run/act/actions/actions-setup-java@v3/dist/setup/index.js] user= workdir=
[e183dbc0-a8d6-461c-a856-9fb1662a8981/build]   ❓  ::group::Installed distributions
[e183dbc0-a8d6-461c-a856-9fb1662a8981/build]   | Trying to resolve the latest version from remote
[e183dbc0-a8d6-461c-a856-9fb1662a8981/build]   💬  ::debug::Gathering available versions from 'https://api.azul.com/zulu/download/community/v1.0/bundles/?os=linux&ext=tar.gz&bundle_type=jdk&javafx=false&arch=x86&hw_bitness=64&release_status=ga'
[e183dbc0-a8d6-461c-a856-9fb1662a8981/build]   | Resolved latest version as 11.0.21+9
[e183dbc0-a8d6-461c-a856-9fb1662a8981/build]   | Trying to download...
[e183dbc0-a8d6-461c-a856-9fb1662a8981/build]   | Downloading Java 11.0.21+9 (Zulu) from https://cdn.azul.com/zulu/bin/zulu11.68.17-ca-jdk11.0.21-linux_x64.tar.gz ...
[e183dbc0-a8d6-461c-a856-9fb1662a8981/build]   💬  ::debug::Downloading https://cdn.azul.com/zulu/bin/zulu11.68.17-ca-jdk11.0.21-linux_x64.tar.gz
[e183dbc0-a8d6-461c-a856-9fb1662a8981/build]   💬  ::debug::Destination /tmp/51642dbd-5eb8-4ce8-ae7b-9f6e472ef451
[e183dbc0-a8d6-461c-a856-9fb1662a8981/build]   💬  ::debug::download complete
[e183dbc0-a8d6-461c-a856-9fb1662a8981/build]   | Extracting Java archive...
[e183dbc0-a8d6-461c-a856-9fb1662a8981/build]   💬  ::debug::Checking tar --version
[e183dbc0-a8d6-461c-a856-9fb1662a8981/build]   💬  ::debug::tar (GNU tar) 1.34%0ACopyright (C) 2021 Free Software Foundation, Inc.%0ALicense GPLv3+: GNU GPL version 3 or later <https://gnu.org/licenses/gpl.html>.%0AThis is free software: you are free to change and redistribute it.%0AThere is NO WARRANTY, to the extent permitted by law.%0A%0AWritten by John Gilmore and Jay Fenlason.
[e183dbc0-a8d6-461c-a856-9fb1662a8981/build]   | [command]/usr/bin/tar xz --warning=no-unknown-keyword -C /tmp/772f0478-94c5-4f2a-9182-0151d08670a4 -f /tmp/51642dbd-5eb8-4ce8-ae7b-9f6e472ef451
[e183dbc0-a8d6-461c-a856-9fb1662a8981/build]   💬  ::debug::Caching tool Java_Zulu_jdk 11.0.21-9 x64
[e183dbc0-a8d6-461c-a856-9fb1662a8981/build]   💬  ::debug::source dir: /tmp/772f0478-94c5-4f2a-9182-0151d08670a4/zulu11.68.17-ca-jdk11.0.21-linux_x64
[e183dbc0-a8d6-461c-a856-9fb1662a8981/build]   💬  ::debug::destination /opt/hostedtoolcache/Java_Zulu_jdk/11.0.21-9/x64
[e183dbc0-a8d6-461c-a856-9fb1662a8981/build]   💬  ::debug::finished caching tool
[e183dbc0-a8d6-461c-a856-9fb1662a8981/build]   | Java 11.0.21+9 was downloaded
[e183dbc0-a8d6-461c-a856-9fb1662a8981/build]   | Setting Java 11.0.21+9 as the default
[e183dbc0-a8d6-461c-a856-9fb1662a8981/build]   | Creating toolchains.xml for JDK version 11 from zulu
[e183dbc0-a8d6-461c-a856-9fb1662a8981/build]   | Writing to /home/runner/.m2/toolchains.xml
[e183dbc0-a8d6-461c-a856-9fb1662a8981/build]   | 
[e183dbc0-a8d6-461c-a856-9fb1662a8981/build]   | Java configuration:
[e183dbc0-a8d6-461c-a856-9fb1662a8981/build]   |   Distribution: zulu
[e183dbc0-a8d6-461c-a856-9fb1662a8981/build]   |   Version: 11.0.21+9
[e183dbc0-a8d6-461c-a856-9fb1662a8981/build]   |   Path: /opt/hostedtoolcache/Java_Zulu_jdk/11.0.21-9/x64
[e183dbc0-a8d6-461c-a856-9fb1662a8981/build]   | 
[e183dbc0-a8d6-461c-a856-9fb1662a8981/build]   ❓  ::endgroup::
[e183dbc0-a8d6-461c-a856-9fb1662a8981/build]   ❓ add-matcher /run/act/actions/actions-setup-java@v3/.github/java.json
[e183dbc0-a8d6-461c-a856-9fb1662a8981/build]   | Creating settings.xml with server-id: github
[e183dbc0-a8d6-461c-a856-9fb1662a8981/build]   | Writing to /home/runner/.m2/settings.xml
[e183dbc0-a8d6-461c-a856-9fb1662a8981/build]   ✅  Success - Main actions/setup-java@v3
[e183dbc0-a8d6-461c-a856-9fb1662a8981/build]   ⚙  ::set-env:: JAVA_HOME=/opt/hostedtoolcache/Java_Zulu_jdk/11.0.21-9/x64
[e183dbc0-a8d6-461c-a856-9fb1662a8981/build]   ⚙  ::set-env:: JAVA_HOME_11_X64=/opt/hostedtoolcache/Java_Zulu_jdk/11.0.21-9/x64
[e183dbc0-a8d6-461c-a856-9fb1662a8981/build]   ⚙  ::set-output:: distribution=Zulu
[e183dbc0-a8d6-461c-a856-9fb1662a8981/build]   ⚙  ::set-output:: path=/opt/hostedtoolcache/Java_Zulu_jdk/11.0.21-9/x64
[e183dbc0-a8d6-461c-a856-9fb1662a8981/build]   ⚙  ::set-output:: version=11.0.21+9
[e183dbc0-a8d6-461c-a856-9fb1662a8981/build]   ⚙  ::add-path:: /opt/hostedtoolcache/Java_Zulu_jdk/11.0.21-9/x64/bin
[e183dbc0-a8d6-461c-a856-9fb1662a8981/build] unable to get git ref: failed to identify reference (tag/branch) for the checked-out revision 'a9c311855a495901935c2cb70252fa917fd88232'
[e183dbc0-a8d6-461c-a856-9fb1662a8981/build] unable to get git ref: failed to identify reference (tag/branch) for the checked-out revision 'a9c311855a495901935c2cb70252fa917fd88232'
[e183dbc0-a8d6-461c-a856-9fb1662a8981/build] unable to get git ref: failed to identify reference (tag/branch) for the checked-out revision 'a9c311855a495901935c2cb70252fa917fd88232'
[e183dbc0-a8d6-461c-a856-9fb1662a8981/build] unable to get git ref: failed to identify reference (tag/branch) for the checked-out revision 'a9c311855a495901935c2cb70252fa917fd88232'
[e183dbc0-a8d6-461c-a856-9fb1662a8981/build] unable to get git ref: failed to identify reference (tag/branch) for the checked-out revision 'a9c311855a495901935c2cb70252fa917fd88232'
[e183dbc0-a8d6-461c-a856-9fb1662a8981/build] ⭐ Run Main ./gradlew build --no-daemon --warning-mode=fail
[e183dbc0-a8d6-461c-a856-9fb1662a8981/build] unable to get git ref: failed to identify reference (tag/branch) for the checked-out revision 'a9c311855a495901935c2cb70252fa917fd88232'
[e183dbc0-a8d6-461c-a856-9fb1662a8981/build] unable to get git ref: failed to identify reference (tag/branch) for the checked-out revision 'a9c311855a495901935c2cb70252fa917fd88232'
[e183dbc0-a8d6-461c-a856-9fb1662a8981/build] unable to get git ref: failed to identify reference (tag/branch) for the checked-out revision 'a9c311855a495901935c2cb70252fa917fd88232'
[e183dbc0-a8d6-461c-a856-9fb1662a8981/build] unable to get git ref: failed to identify reference (tag/branch) for the checked-out revision 'a9c311855a495901935c2cb70252fa917fd88232'
[e183dbc0-a8d6-461c-a856-9fb1662a8981/build]   🐳  docker exec cmd=[bash --noprofile --norc -e -o pipefail /var/run/act/workflow/2] user= workdir=
[e183dbc0-a8d6-461c-a856-9fb1662a8981/build]   | Downloading https://services.gradle.org/distributions/gradle-7.5.1-bin.zip
[e183dbc0-a8d6-461c-a856-9fb1662a8981/build]   | ...........10%............20%...........30%............40%...........50%............60%...........70%............80%...........90%............100%
[e183dbc0-a8d6-461c-a856-9fb1662a8981/build]   | 
[e183dbc0-a8d6-461c-a856-9fb1662a8981/build]   | Welcome to Gradle 7.5.1!
[e183dbc0-a8d6-461c-a856-9fb1662a8981/build]   | 
[e183dbc0-a8d6-461c-a856-9fb1662a8981/build]   | Here are the highlights of this release:
[e183dbc0-a8d6-461c-a856-9fb1662a8981/build]   |  - Support for Java 18
[e183dbc0-a8d6-461c-a856-9fb1662a8981/build]   |  - Support for building with Groovy 4
[e183dbc0-a8d6-461c-a856-9fb1662a8981/build]   |  - Much more responsive continuous builds
[e183dbc0-a8d6-461c-a856-9fb1662a8981/build]   |  - Improved diagnostics for dependency resolution
[e183dbc0-a8d6-461c-a856-9fb1662a8981/build]   | 
[e183dbc0-a8d6-461c-a856-9fb1662a8981/build]   | For more details see https://docs.gradle.org/7.5.1/release-notes.html
[e183dbc0-a8d6-461c-a856-9fb1662a8981/build]   | 
[e183dbc0-a8d6-461c-a856-9fb1662a8981/build]   | To honour the JVM settings for this build a single-use Daemon process will be forked. See https://docs.gradle.org/7.5.1/userguide/gradle_daemon.html#sec:disabling_the_daemon.
[e183dbc0-a8d6-461c-a856-9fb1662a8981/build]   | Daemon will be stopped at the end of the build 
[e183dbc0-a8d6-461c-a856-9fb1662a8981/build]   | Kordamp Enforcer Gradle plugin 0.13.0. Consider becoming a patron at https://www.patreon.com/aalmiray
[e183dbc0-a8d6-461c-a856-9fb1662a8981/build]   | 
[e183dbc0-a8d6-461c-a856-9fb1662a8981/build]   | > Configure project :
[e183dbc0-a8d6-461c-a856-9fb1662a8981/build]   | 
[e183dbc0-a8d6-461c-a856-9fb1662a8981/build]   | > Task :copyDependencies
[e183dbc0-a8d6-461c-a856-9fb1662a8981/build]   | > Task :extractIncludeProto
[e183dbc0-a8d6-461c-a856-9fb1662a8981/build]   | > Task :extractProto
[e183dbc0-a8d6-461c-a856-9fb1662a8981/build]   | > Task :generateProto
[e183dbc0-a8d6-461c-a856-9fb1662a8981/build]   | > Task :compileJava
[e183dbc0-a8d6-461c-a856-9fb1662a8981/build]   | Note: Some input files use or override a deprecated API.
[e183dbc0-a8d6-461c-a856-9fb1662a8981/build]   | Note: Recompile with -Xlint:deprecation for details.
[e183dbc0-a8d6-461c-a856-9fb1662a8981/build]   | Note: Some input files use unchecked or unsafe operations.
[e183dbc0-a8d6-461c-a856-9fb1662a8981/build]   | Note: Recompile with -Xlint:unchecked for details.
[e183dbc0-a8d6-461c-a856-9fb1662a8981/build]   | 
[e183dbc0-a8d6-461c-a856-9fb1662a8981/build]   | > Task :processResources
[e183dbc0-a8d6-461c-a856-9fb1662a8981/build]   | > Task :classes
[e183dbc0-a8d6-461c-a856-9fb1662a8981/build]   | > Task :jar
[e183dbc0-a8d6-461c-a856-9fb1662a8981/build]   | > Task :assemble
[e183dbc0-a8d6-461c-a856-9fb1662a8981/build]   | > Task :extractIncludeTestProto
[e183dbc0-a8d6-461c-a856-9fb1662a8981/build]   | > Task :extractTestProto
[e183dbc0-a8d6-461c-a856-9fb1662a8981/build]   | > Task :generateTestProto NO-SOURCE
[e183dbc0-a8d6-461c-a856-9fb1662a8981/build]   | 
[e183dbc0-a8d6-461c-a856-9fb1662a8981/build]   | > Task :compileTestJava
[e183dbc0-a8d6-461c-a856-9fb1662a8981/build]   | Note: Some input files use or override a deprecated API.
[e183dbc0-a8d6-461c-a856-9fb1662a8981/build]   | Note: Recompile with -Xlint:deprecation for details.
[e183dbc0-a8d6-461c-a856-9fb1662a8981/build]   | 
[e183dbc0-a8d6-461c-a856-9fb1662a8981/build]   | > Task :processTestResources NO-SOURCE
[e183dbc0-a8d6-461c-a856-9fb1662a8981/build]   | > Task :testClasses
[e183dbc0-a8d6-461c-a856-9fb1662a8981/build]   | > Task :checkstyleTest SKIPPED
[e183dbc0-a8d6-461c-a856-9fb1662a8981/build]   | > Task :checkstyleMain
[e183dbc0-a8d6-461c-a856-9fb1662a8981/build]   | > Task :test
[e183dbc0-a8d6-461c-a856-9fb1662a8981/build]   | > Task :check
[e183dbc0-a8d6-461c-a856-9fb1662a8981/build]   | > Task :build
[e183dbc0-a8d6-461c-a856-9fb1662a8981/build]   | 
[e183dbc0-a8d6-461c-a856-9fb1662a8981/build]   | BUILD SUCCESSFUL in 2m 51s
[e183dbc0-a8d6-461c-a856-9fb1662a8981/build]   | 12 actionable tasks: 12 executed
[e183dbc0-a8d6-461c-a856-9fb1662a8981/build]   ✅  Success - Main ./gradlew build --no-daemon --warning-mode=fail
[e183dbc0-a8d6-461c-a856-9fb1662a8981/build] unable to get git ref: failed to identify reference (tag/branch) for the checked-out revision 'a9c311855a495901935c2cb70252fa917fd88232'
[e183dbc0-a8d6-461c-a856-9fb1662a8981/build] unable to get git ref: failed to identify reference (tag/branch) for the checked-out revision 'a9c311855a495901935c2cb70252fa917fd88232'
[e183dbc0-a8d6-461c-a856-9fb1662a8981/build] unable to get git ref: failed to identify reference (tag/branch) for the checked-out revision 'a9c311855a495901935c2cb70252fa917fd88232'
[e183dbc0-a8d6-461c-a856-9fb1662a8981/build] unable to get git ref: failed to identify reference (tag/branch) for the checked-out revision 'a9c311855a495901935c2cb70252fa917fd88232'
[e183dbc0-a8d6-461c-a856-9fb1662a8981/build] unable to get git ref: failed to identify reference (tag/branch) for the checked-out revision 'a9c311855a495901935c2cb70252fa917fd88232'
[e183dbc0-a8d6-461c-a856-9fb1662a8981/build] ⭐ Run Post actions/setup-java@v3
[e183dbc0-a8d6-461c-a856-9fb1662a8981/build]   🐳  docker exec cmd=[node /var/run/act/actions/actions-setup-java@v3/dist/cleanup/index.js] user= workdir=
[e183dbc0-a8d6-461c-a856-9fb1662a8981/build]   ✅  Success - Post actions/setup-java@v3
[e183dbc0-a8d6-461c-a856-9fb1662a8981/build] 🏁  Job succeeded
[e183dbc0-a8d6-461c-a856-9fb1662a8981/build] unable to get git ref: failed to identify reference (tag/branch) for the checked-out revision 'a9c311855a495901935c2cb70252fa917fd88232'
