[98788824-6c4d-413c-ac70-5f473e39ff46/build] 🚀  Start image=gitbugactions:latest
[98788824-6c4d-413c-ac70-5f473e39ff46/build]   🐳  docker pull image=gitbugactions:latest platform= username= forcePull=false
[98788824-6c4d-413c-ac70-5f473e39ff46/build]   🐳  docker create image=gitbugactions:latest platform= entrypoint=["tail" "-f" "/dev/null"] cmd=[]
[98788824-6c4d-413c-ac70-5f473e39ff46/build]   🐳  docker run image=gitbugactions:latest platform= entrypoint=["tail" "-f" "/dev/null"] cmd=[]
[98788824-6c4d-413c-ac70-5f473e39ff46/build]   🐳  docker exec cmd=[chown -R 1012:1013 /tmp/10b5c6ea-9c6e-47a6-b8e8-cd2b35bdd612] user=0 workdir=
[98788824-6c4d-413c-ac70-5f473e39ff46/build] unable to get git ref: failed to identify reference (tag/branch) for the checked-out revision 'cbd55507cdb475104d988cfaad73426a6eed5717'
[98788824-6c4d-413c-ac70-5f473e39ff46/build] unable to get git ref: failed to identify reference (tag/branch) for the checked-out revision 'cbd55507cdb475104d988cfaad73426a6eed5717'
[98788824-6c4d-413c-ac70-5f473e39ff46/build] unable to get git ref: failed to identify reference (tag/branch) for the checked-out revision 'cbd55507cdb475104d988cfaad73426a6eed5717'
[98788824-6c4d-413c-ac70-5f473e39ff46/build] unable to get git ref: failed to identify reference (tag/branch) for the checked-out revision 'cbd55507cdb475104d988cfaad73426a6eed5717'
[98788824-6c4d-413c-ac70-5f473e39ff46/build] unable to get git ref: failed to identify reference (tag/branch) for the checked-out revision 'cbd55507cdb475104d988cfaad73426a6eed5717'
[98788824-6c4d-413c-ac70-5f473e39ff46/build] unable to get git ref: failed to identify reference (tag/branch) for the checked-out revision 'cbd55507cdb475104d988cfaad73426a6eed5717'
[98788824-6c4d-413c-ac70-5f473e39ff46/build] unable to get git ref: failed to identify reference (tag/branch) for the checked-out revision 'cbd55507cdb475104d988cfaad73426a6eed5717'
[98788824-6c4d-413c-ac70-5f473e39ff46/build] unable to get git ref: failed to identify reference (tag/branch) for the checked-out revision 'cbd55507cdb475104d988cfaad73426a6eed5717'
[98788824-6c4d-413c-ac70-5f473e39ff46/build] unable to get git ref: failed to identify reference (tag/branch) for the checked-out revision 'cbd55507cdb475104d988cfaad73426a6eed5717'
[98788824-6c4d-413c-ac70-5f473e39ff46/build] ⭐ Run Main actions/checkout@v3
[98788824-6c4d-413c-ac70-5f473e39ff46/build] unable to get git ref: failed to identify reference (tag/branch) for the checked-out revision 'cbd55507cdb475104d988cfaad73426a6eed5717'
[98788824-6c4d-413c-ac70-5f473e39ff46/build] unable to get git ref: failed to identify reference (tag/branch) for the checked-out revision 'cbd55507cdb475104d988cfaad73426a6eed5717'
[98788824-6c4d-413c-ac70-5f473e39ff46/build]   🐳  docker cp src=/tmp/10b5c6ea-9c6e-47a6-b8e8-cd2b35bdd612/. dst=/tmp/10b5c6ea-9c6e-47a6-b8e8-cd2b35bdd612
[98788824-6c4d-413c-ac70-5f473e39ff46/build]   🐳  docker exec cmd=[chown -R 1012:1013 /tmp/10b5c6ea-9c6e-47a6-b8e8-cd2b35bdd612] user=0 workdir=
[98788824-6c4d-413c-ac70-5f473e39ff46/build]   ✅  Success - Main actions/checkout@v3
[98788824-6c4d-413c-ac70-5f473e39ff46/build] unable to get git ref: failed to identify reference (tag/branch) for the checked-out revision 'cbd55507cdb475104d988cfaad73426a6eed5717'
[98788824-6c4d-413c-ac70-5f473e39ff46/build] unable to get git ref: failed to identify reference (tag/branch) for the checked-out revision 'cbd55507cdb475104d988cfaad73426a6eed5717'
[98788824-6c4d-413c-ac70-5f473e39ff46/build] unable to get git ref: failed to identify reference (tag/branch) for the checked-out revision 'cbd55507cdb475104d988cfaad73426a6eed5717'
[98788824-6c4d-413c-ac70-5f473e39ff46/build] unable to get git ref: failed to identify reference (tag/branch) for the checked-out revision 'cbd55507cdb475104d988cfaad73426a6eed5717'
[98788824-6c4d-413c-ac70-5f473e39ff46/build] unable to get git ref: failed to identify reference (tag/branch) for the checked-out revision 'cbd55507cdb475104d988cfaad73426a6eed5717'
[98788824-6c4d-413c-ac70-5f473e39ff46/build] ⭐ Run Main Set up JDK 17
[98788824-6c4d-413c-ac70-5f473e39ff46/build] unable to get git ref: failed to identify reference (tag/branch) for the checked-out revision 'cbd55507cdb475104d988cfaad73426a6eed5717'
[98788824-6c4d-413c-ac70-5f473e39ff46/build] unable to get git ref: failed to identify reference (tag/branch) for the checked-out revision 'cbd55507cdb475104d988cfaad73426a6eed5717'
[98788824-6c4d-413c-ac70-5f473e39ff46/build] unable to get git ref: failed to identify reference (tag/branch) for the checked-out revision 'cbd55507cdb475104d988cfaad73426a6eed5717'
[98788824-6c4d-413c-ac70-5f473e39ff46/build]   🐳  docker cp src=/tmp/act-cache/4250f21a-90ce-434c-b0f4-b0fc4809ad8d/act/actions-setup-java@v2/ dst=/var/run/act/actions/actions-setup-java@v2/
[98788824-6c4d-413c-ac70-5f473e39ff46/build]   🐳  docker exec cmd=[chown -R 1012:1013 /var/run/act/actions/actions-setup-java@v2/] user=0 workdir=
[98788824-6c4d-413c-ac70-5f473e39ff46/build]   🐳  docker exec cmd=[node /var/run/act/actions/actions-setup-java@v2/dist/setup/index.js] user= workdir=
[98788824-6c4d-413c-ac70-5f473e39ff46/build]   | Trying to resolve the latest version from remote
[98788824-6c4d-413c-ac70-5f473e39ff46/build]   | Resolved latest version as 17.0.9+9
[98788824-6c4d-413c-ac70-5f473e39ff46/build]   | Trying to download...
[98788824-6c4d-413c-ac70-5f473e39ff46/build]   | Downloading Java 17.0.9+9 (Zulu) from https://cdn.azul.com/zulu/bin/zulu17.46.29-ca-crac-jdk17.0.9-linux_x64.tar.gz ...
[98788824-6c4d-413c-ac70-5f473e39ff46/build]   💬  ::debug::Downloading https://cdn.azul.com/zulu/bin/zulu17.46.29-ca-crac-jdk17.0.9-linux_x64.tar.gz
[98788824-6c4d-413c-ac70-5f473e39ff46/build]   💬  ::debug::Destination /tmp/689a32b8-26b4-4910-9371-5d582511ce33
[98788824-6c4d-413c-ac70-5f473e39ff46/build]   💬  ::debug::download complete
[98788824-6c4d-413c-ac70-5f473e39ff46/build]   | Extracting Java archive...
[98788824-6c4d-413c-ac70-5f473e39ff46/build]   💬  ::debug::Checking tar --version
[98788824-6c4d-413c-ac70-5f473e39ff46/build]   💬  ::debug::tar (GNU tar) 1.34%0ACopyright (C) 2021 Free Software Foundation, Inc.%0ALicense GPLv3+: GNU GPL version 3 or later <https://gnu.org/licenses/gpl.html>.%0AThis is free software: you are free to change and redistribute it.%0AThere is NO WARRANTY, to the extent permitted by law.%0A%0AWritten by John Gilmore and Jay Fenlason.
[98788824-6c4d-413c-ac70-5f473e39ff46/build]   | [command]/usr/bin/tar xz --warning=no-unknown-keyword -C /tmp/0c4209ff-dbbe-43e2-a08c-f4ba3f18d561 -f /tmp/689a32b8-26b4-4910-9371-5d582511ce33
[98788824-6c4d-413c-ac70-5f473e39ff46/build]   💬  ::debug::Caching tool Java_Zulu_jdk 17.0.9-9 x64
[98788824-6c4d-413c-ac70-5f473e39ff46/build]   💬  ::debug::source dir: /tmp/0c4209ff-dbbe-43e2-a08c-f4ba3f18d561/zulu17.46.29-ca-crac-jdk17.0.9-linux_x64
[98788824-6c4d-413c-ac70-5f473e39ff46/build]   💬  ::debug::destination /opt/hostedtoolcache/Java_Zulu_jdk/17.0.9-9/x64
[98788824-6c4d-413c-ac70-5f473e39ff46/build]   💬  ::debug::finished caching tool
[98788824-6c4d-413c-ac70-5f473e39ff46/build]   | Java 17.0.9+9 was downloaded
[98788824-6c4d-413c-ac70-5f473e39ff46/build]   | Setting Java 17.0.9+9 as the default
[98788824-6c4d-413c-ac70-5f473e39ff46/build]   | 
[98788824-6c4d-413c-ac70-5f473e39ff46/build]   | Java configuration:
[98788824-6c4d-413c-ac70-5f473e39ff46/build]   |   Distribution: zulu
[98788824-6c4d-413c-ac70-5f473e39ff46/build]   |   Version: 17.0.9+9
[98788824-6c4d-413c-ac70-5f473e39ff46/build]   |   Path: /opt/hostedtoolcache/Java_Zulu_jdk/17.0.9-9/x64
[98788824-6c4d-413c-ac70-5f473e39ff46/build]   | 
[98788824-6c4d-413c-ac70-5f473e39ff46/build]   ❓ add-matcher /run/act/actions/actions-setup-java@v2/.github/java.json
[98788824-6c4d-413c-ac70-5f473e39ff46/build]   | Creating settings.xml with server-id: github
[98788824-6c4d-413c-ac70-5f473e39ff46/build]   | Writing to /home/runner/.m2/settings.xml
[98788824-6c4d-413c-ac70-5f473e39ff46/build]   ✅  Success - Main Set up JDK 17
[98788824-6c4d-413c-ac70-5f473e39ff46/build]   ⚙  ::set-env:: JAVA_HOME=/opt/hostedtoolcache/Java_Zulu_jdk/17.0.9-9/x64
[98788824-6c4d-413c-ac70-5f473e39ff46/build]   ⚙  ::set-output:: distribution=Zulu
[98788824-6c4d-413c-ac70-5f473e39ff46/build]   ⚙  ::set-output:: path=/opt/hostedtoolcache/Java_Zulu_jdk/17.0.9-9/x64
[98788824-6c4d-413c-ac70-5f473e39ff46/build]   ⚙  ::set-output:: version=17.0.9+9
[98788824-6c4d-413c-ac70-5f473e39ff46/build]   ⚙  ::add-path:: /opt/hostedtoolcache/Java_Zulu_jdk/17.0.9-9/x64/bin
[98788824-6c4d-413c-ac70-5f473e39ff46/build] unable to get git ref: failed to identify reference (tag/branch) for the checked-out revision 'cbd55507cdb475104d988cfaad73426a6eed5717'
[98788824-6c4d-413c-ac70-5f473e39ff46/build] unable to get git ref: failed to identify reference (tag/branch) for the checked-out revision 'cbd55507cdb475104d988cfaad73426a6eed5717'
[98788824-6c4d-413c-ac70-5f473e39ff46/build] unable to get git ref: failed to identify reference (tag/branch) for the checked-out revision 'cbd55507cdb475104d988cfaad73426a6eed5717'
[98788824-6c4d-413c-ac70-5f473e39ff46/build] unable to get git ref: failed to identify reference (tag/branch) for the checked-out revision 'cbd55507cdb475104d988cfaad73426a6eed5717'
[98788824-6c4d-413c-ac70-5f473e39ff46/build] unable to get git ref: failed to identify reference (tag/branch) for the checked-out revision 'cbd55507cdb475104d988cfaad73426a6eed5717'
[98788824-6c4d-413c-ac70-5f473e39ff46/build] ⭐ Run Main Grant execute permission for gradlew
[98788824-6c4d-413c-ac70-5f473e39ff46/build] unable to get git ref: failed to identify reference (tag/branch) for the checked-out revision 'cbd55507cdb475104d988cfaad73426a6eed5717'
[98788824-6c4d-413c-ac70-5f473e39ff46/build] unable to get git ref: failed to identify reference (tag/branch) for the checked-out revision 'cbd55507cdb475104d988cfaad73426a6eed5717'
[98788824-6c4d-413c-ac70-5f473e39ff46/build] unable to get git ref: failed to identify reference (tag/branch) for the checked-out revision 'cbd55507cdb475104d988cfaad73426a6eed5717'
[98788824-6c4d-413c-ac70-5f473e39ff46/build] unable to get git ref: failed to identify reference (tag/branch) for the checked-out revision 'cbd55507cdb475104d988cfaad73426a6eed5717'
[98788824-6c4d-413c-ac70-5f473e39ff46/build]   🐳  docker exec cmd=[bash --noprofile --norc -e -o pipefail /var/run/act/workflow/2] user= workdir=
[98788824-6c4d-413c-ac70-5f473e39ff46/build]   ✅  Success - Main Grant execute permission for gradlew
[98788824-6c4d-413c-ac70-5f473e39ff46/build] unable to get git ref: failed to identify reference (tag/branch) for the checked-out revision 'cbd55507cdb475104d988cfaad73426a6eed5717'
[98788824-6c4d-413c-ac70-5f473e39ff46/build] unable to get git ref: failed to identify reference (tag/branch) for the checked-out revision 'cbd55507cdb475104d988cfaad73426a6eed5717'
[98788824-6c4d-413c-ac70-5f473e39ff46/build] unable to get git ref: failed to identify reference (tag/branch) for the checked-out revision 'cbd55507cdb475104d988cfaad73426a6eed5717'
[98788824-6c4d-413c-ac70-5f473e39ff46/build] unable to get git ref: failed to identify reference (tag/branch) for the checked-out revision 'cbd55507cdb475104d988cfaad73426a6eed5717'
[98788824-6c4d-413c-ac70-5f473e39ff46/build] unable to get git ref: failed to identify reference (tag/branch) for the checked-out revision 'cbd55507cdb475104d988cfaad73426a6eed5717'
[98788824-6c4d-413c-ac70-5f473e39ff46/build] ⭐ Run Main Build with Gradle
[98788824-6c4d-413c-ac70-5f473e39ff46/build] unable to get git ref: failed to identify reference (tag/branch) for the checked-out revision 'cbd55507cdb475104d988cfaad73426a6eed5717'
[98788824-6c4d-413c-ac70-5f473e39ff46/build] unable to get git ref: failed to identify reference (tag/branch) for the checked-out revision 'cbd55507cdb475104d988cfaad73426a6eed5717'
[98788824-6c4d-413c-ac70-5f473e39ff46/build] unable to get git ref: failed to identify reference (tag/branch) for the checked-out revision 'cbd55507cdb475104d988cfaad73426a6eed5717'
[98788824-6c4d-413c-ac70-5f473e39ff46/build] unable to get git ref: failed to identify reference (tag/branch) for the checked-out revision 'cbd55507cdb475104d988cfaad73426a6eed5717'
[98788824-6c4d-413c-ac70-5f473e39ff46/build]   🐳  docker exec cmd=[bash --noprofile --norc -e -o pipefail /var/run/act/workflow/3] user= workdir=
[98788824-6c4d-413c-ac70-5f473e39ff46/build]   | Downloading https://services.gradle.org/distributions/gradle-8.1-bin.zip
[98788824-6c4d-413c-ac70-5f473e39ff46/build]   | ...........10%............20%............30%............40%............50%............60%............70%............80%...........90%............100%
[98788824-6c4d-413c-ac70-5f473e39ff46/build]   | 
[98788824-6c4d-413c-ac70-5f473e39ff46/build]   | Welcome to Gradle 8.1!
[98788824-6c4d-413c-ac70-5f473e39ff46/build]   | 
[98788824-6c4d-413c-ac70-5f473e39ff46/build]   | Here are the highlights of this release:
[98788824-6c4d-413c-ac70-5f473e39ff46/build]   |  - Stable configuration cache
[98788824-6c4d-413c-ac70-5f473e39ff46/build]   |  - Experimental Kotlin DSL assignment syntax
[98788824-6c4d-413c-ac70-5f473e39ff46/build]   |  - Building with Java 20
[98788824-6c4d-413c-ac70-5f473e39ff46/build]   | 
[98788824-6c4d-413c-ac70-5f473e39ff46/build]   | For more details see https://docs.gradle.org/8.1/release-notes.html
[98788824-6c4d-413c-ac70-5f473e39ff46/build]   | 
[98788824-6c4d-413c-ac70-5f473e39ff46/build]   | Starting a Gradle Daemon (subsequent builds will be faster)
[98788824-6c4d-413c-ac70-5f473e39ff46/build]   | 
[98788824-6c4d-413c-ac70-5f473e39ff46/build]   | > Task :initializeIntelliJPlugin
[98788824-6c4d-413c-ac70-5f473e39ff46/build]   | [gradle-intellij-plugin :initializeIntelliJPlugin] Gradle IntelliJ Plugin is outdated: 1.14.2. Update `org.jetbrains.intellij` to: 1.16.0
[98788824-6c4d-413c-ac70-5f473e39ff46/build]   | 
[98788824-6c4d-413c-ac70-5f473e39ff46/build]   | > Task :patchPluginXml
[98788824-6c4d-413c-ac70-5f473e39ff46/build]   | > Task :verifyPluginConfiguration
[98788824-6c4d-413c-ac70-5f473e39ff46/build]   | 
[98788824-6c4d-413c-ac70-5f473e39ff46/build]   | > Task :compileJava
[98788824-6c4d-413c-ac70-5f473e39ff46/build]   | Note: /tmp/10b5c6ea-9c6e-47a6-b8e8-cd2b35bdd612/src/main/java/com/reason/lang/core/psi/impl/RPsiParameters.java uses or overrides a deprecated API.
[98788824-6c4d-413c-ac70-5f473e39ff46/build]   | Note: Recompile with -Xlint:deprecation for details.
[98788824-6c4d-413c-ac70-5f473e39ff46/build]   | Note: Some input files use unchecked or unsafe operations.
[98788824-6c4d-413c-ac70-5f473e39ff46/build]   | Note: Recompile with -Xlint:unchecked for details.
[98788824-6c4d-413c-ac70-5f473e39ff46/build]   | 
[98788824-6c4d-413c-ac70-5f473e39ff46/build]   | > Task :processResources
[98788824-6c4d-413c-ac70-5f473e39ff46/build]   | > Task :classes
[98788824-6c4d-413c-ac70-5f473e39ff46/build]   | > Task :instrumentCode
[98788824-6c4d-413c-ac70-5f473e39ff46/build]   | > Task :compileTestJava
[98788824-6c4d-413c-ac70-5f473e39ff46/build]   | > Task :processTestResources NO-SOURCE
[98788824-6c4d-413c-ac70-5f473e39ff46/build]   | > Task :testClasses
[98788824-6c4d-413c-ac70-5f473e39ff46/build]   | > Task :instrumentTestCode
[98788824-6c4d-413c-ac70-5f473e39ff46/build]   | > Task :instrumentedJar
[98788824-6c4d-413c-ac70-5f473e39ff46/build]   | > Task :jar
[98788824-6c4d-413c-ac70-5f473e39ff46/build]   | > Task :prepareTestingSandbox
[98788824-6c4d-413c-ac70-5f473e39ff46/build]   | 
[98788824-6c4d-413c-ac70-5f473e39ff46/build]   | > Task :test
[98788824-6c4d-413c-ac70-5f473e39ff46/build]   | LaunchSystemArgumentProvider = [-Didea.config.path=/tmp/10b5c6ea-9c6e-47a6-b8e8-cd2b35bdd612/build/idea-sandbox/config-test, -Didea.system.path=/tmp/10b5c6ea-9c6e-47a6-b8e8-cd2b35bdd612/build/idea-sandbox/system-test, -Didea.log.path=/tmp/10b5c6ea-9c6e-47a6-b8e8-cd2b35bdd612/build/idea-sandbox/system-test/log, -Didea.plugins.path=/tmp/10b5c6ea-9c6e-47a6-b8e8-cd2b35bdd612/build/idea-sandbox/plugins-test, -Didea.required.plugins.id=reasonml]
[98788824-6c4d-413c-ac70-5f473e39ff46/build]   | 
[98788824-6c4d-413c-ac70-5f473e39ff46/build]   | > Task :classpathIndexCleanup
[98788824-6c4d-413c-ac70-5f473e39ff46/build]   | > Task :prepareSandbox
[98788824-6c4d-413c-ac70-5f473e39ff46/build]   | 
[98788824-6c4d-413c-ac70-5f473e39ff46/build]   | > Task :buildSearchableOptions
[98788824-6c4d-413c-ac70-5f473e39ff46/build]   | systemProperties = {}
[98788824-6c4d-413c-ac70-5f473e39ff46/build]   | LaunchSystemArgumentProvider = [-Didea.config.path=/tmp/10b5c6ea-9c6e-47a6-b8e8-cd2b35bdd612/build/idea-sandbox/config, -Didea.system.path=/tmp/10b5c6ea-9c6e-47a6-b8e8-cd2b35bdd612/build/idea-sandbox/system, -Didea.log.path=/tmp/10b5c6ea-9c6e-47a6-b8e8-cd2b35bdd612/build/idea-sandbox/system/log, -Didea.plugins.path=/tmp/10b5c6ea-9c6e-47a6-b8e8-cd2b35bdd612/build/idea-sandbox/plugins, -Didea.required.plugins.id=reasonml]
[98788824-6c4d-413c-ac70-5f473e39ff46/build]   | 2023-11-25 19:42:38,809 [    918]   WARN - j.u.prefs - Prefs file removed in background /home/runner/.java/.userPrefs/prefs.xml
[98788824-6c4d-413c-ac70-5f473e39ff46/build]   | Starting searchable options index builder
[98788824-6c4d-413c-ac70-5f473e39ff46/build]   | 2023-11-25 19:42:39,453 [   1562]   WARN - #c.i.n.i.NotificationGroupManagerImpl - Notification group CodeWithMe is already registered (group=com.intellij.notification.NotificationGroup@63536c46). Plugin descriptor: PluginDescriptor(name=Code With Me, id=com.jetbrains.codeWithMe, descriptorPath=plugin.xml, path=~/.gradle/caches/modules-2/files-2.1/com.jetbrains.intellij.idea/ideaIU/2022.2/e174f5155244551c98619d83efcb30642add07c2/ideaIU-2022.2/plugins/cwm-plugin, version=222.3345.118, package=null, isBundled=true)
[98788824-6c4d-413c-ac70-5f473e39ff46/build]   | 2023-11-25 19:42:42,131 [   4240]   WARN - Jetbrains UI DSL - Unsupported labeled component: com.intellij.ui.ToolbarDecorator$2
[98788824-6c4d-413c-ac70-5f473e39ff46/build]   | 2023-11-25 19:42:42,132 [   4241]   WARN - Jetbrains UI DSL - Unsupported labeled component: com.intellij.ui.ToolbarDecorator$2
[98788824-6c4d-413c-ac70-5f473e39ff46/build]   | 2023-11-25 19:42:55,033 [  17142]   WARN - Jetbrains UI DSL - Unsupported labeled component: com.intellij.ui.components.ActionLink
[98788824-6c4d-413c-ac70-5f473e39ff46/build]   | 2023-11-25 19:43:02,497 [  24606]   WARN - Jetbrains UI DSL - Unsupported labeled component: com.intellij.ui.ToolbarDecorator$2
[98788824-6c4d-413c-ac70-5f473e39ff46/build]   | 2023-11-25 19:43:03,032 [  25141]   WARN - Jetbrains UI DSL - Unsupported labeled component: com.intellij.ui.components.JBList
[98788824-6c4d-413c-ac70-5f473e39ff46/build]   | 2023-11-25 19:43:05,019 [  27128]   WARN - #c.i.u.j.JBCefApp - JCEF is manually disabled in headless env via 'ide.browser.jcef.headless.enabled=false'
[98788824-6c4d-413c-ac70-5f473e39ff46/build]   | Found 348 configurables
[98788824-6c4d-413c-ac70-5f473e39ff46/build]   | Searchable options index builder completed
[98788824-6c4d-413c-ac70-5f473e39ff46/build]   | 
[98788824-6c4d-413c-ac70-5f473e39ff46/build]   | > Task :jarSearchableOptions
[98788824-6c4d-413c-ac70-5f473e39ff46/build]   | > Task :buildPlugin
[98788824-6c4d-413c-ac70-5f473e39ff46/build]   | > Task :assemble
[98788824-6c4d-413c-ac70-5f473e39ff46/build]   | > Task :check
[98788824-6c4d-413c-ac70-5f473e39ff46/build]   | > Task :build
[98788824-6c4d-413c-ac70-5f473e39ff46/build]   | 
[98788824-6c4d-413c-ac70-5f473e39ff46/build]   | BUILD SUCCESSFUL in 4m 33s
[98788824-6c4d-413c-ac70-5f473e39ff46/build]   | 17 actionable tasks: 17 executed
[98788824-6c4d-413c-ac70-5f473e39ff46/build]   ✅  Success - Main Build with Gradle
[98788824-6c4d-413c-ac70-5f473e39ff46/build] unable to get git ref: failed to identify reference (tag/branch) for the checked-out revision 'cbd55507cdb475104d988cfaad73426a6eed5717'
[98788824-6c4d-413c-ac70-5f473e39ff46/build] unable to get git ref: failed to identify reference (tag/branch) for the checked-out revision 'cbd55507cdb475104d988cfaad73426a6eed5717'
[98788824-6c4d-413c-ac70-5f473e39ff46/build] unable to get git ref: failed to identify reference (tag/branch) for the checked-out revision 'cbd55507cdb475104d988cfaad73426a6eed5717'
[98788824-6c4d-413c-ac70-5f473e39ff46/build] unable to get git ref: failed to identify reference (tag/branch) for the checked-out revision 'cbd55507cdb475104d988cfaad73426a6eed5717'
[98788824-6c4d-413c-ac70-5f473e39ff46/build] unable to get git ref: failed to identify reference (tag/branch) for the checked-out revision 'cbd55507cdb475104d988cfaad73426a6eed5717'
[98788824-6c4d-413c-ac70-5f473e39ff46/build] ⭐ Run Main Test with Gradle
[98788824-6c4d-413c-ac70-5f473e39ff46/build] unable to get git ref: failed to identify reference (tag/branch) for the checked-out revision 'cbd55507cdb475104d988cfaad73426a6eed5717'
[98788824-6c4d-413c-ac70-5f473e39ff46/build] unable to get git ref: failed to identify reference (tag/branch) for the checked-out revision 'cbd55507cdb475104d988cfaad73426a6eed5717'
[98788824-6c4d-413c-ac70-5f473e39ff46/build] unable to get git ref: failed to identify reference (tag/branch) for the checked-out revision 'cbd55507cdb475104d988cfaad73426a6eed5717'
[98788824-6c4d-413c-ac70-5f473e39ff46/build] unable to get git ref: failed to identify reference (tag/branch) for the checked-out revision 'cbd55507cdb475104d988cfaad73426a6eed5717'
[98788824-6c4d-413c-ac70-5f473e39ff46/build]   🐳  docker exec cmd=[bash --noprofile --norc -e -o pipefail /var/run/act/workflow/4] user= workdir=
[98788824-6c4d-413c-ac70-5f473e39ff46/build]   | > Task :initializeIntelliJPlugin SKIPPED
[98788824-6c4d-413c-ac70-5f473e39ff46/build]   | > Task :patchPluginXml UP-TO-DATE
[98788824-6c4d-413c-ac70-5f473e39ff46/build]   | > Task :verifyPluginConfiguration
[98788824-6c4d-413c-ac70-5f473e39ff46/build]   | > Task :compileJava UP-TO-DATE
[98788824-6c4d-413c-ac70-5f473e39ff46/build]   | > Task :processResources UP-TO-DATE
[98788824-6c4d-413c-ac70-5f473e39ff46/build]   | > Task :classes UP-TO-DATE
[98788824-6c4d-413c-ac70-5f473e39ff46/build]   | > Task :instrumentCode
[98788824-6c4d-413c-ac70-5f473e39ff46/build]   | > Task :instrumentedJar UP-TO-DATE
[98788824-6c4d-413c-ac70-5f473e39ff46/build]   | > Task :jar UP-TO-DATE
[98788824-6c4d-413c-ac70-5f473e39ff46/build]   | > Task :compileTestJava UP-TO-DATE
[98788824-6c4d-413c-ac70-5f473e39ff46/build]   | > Task :processTestResources NO-SOURCE
[98788824-6c4d-413c-ac70-5f473e39ff46/build]   | > Task :testClasses UP-TO-DATE
[98788824-6c4d-413c-ac70-5f473e39ff46/build]   | > Task :instrumentTestCode
[98788824-6c4d-413c-ac70-5f473e39ff46/build]   | > Task :prepareTestingSandbox UP-TO-DATE
[98788824-6c4d-413c-ac70-5f473e39ff46/build]   | 
[98788824-6c4d-413c-ac70-5f473e39ff46/build]   | > Task :test
[98788824-6c4d-413c-ac70-5f473e39ff46/build]   | LaunchSystemArgumentProvider = [-Didea.config.path=/tmp/10b5c6ea-9c6e-47a6-b8e8-cd2b35bdd612/build/idea-sandbox/config-test, -Didea.system.path=/tmp/10b5c6ea-9c6e-47a6-b8e8-cd2b35bdd612/build/idea-sandbox/system-test, -Didea.log.path=/tmp/10b5c6ea-9c6e-47a6-b8e8-cd2b35bdd612/build/idea-sandbox/system-test/log, -Didea.plugins.path=/tmp/10b5c6ea-9c6e-47a6-b8e8-cd2b35bdd612/build/idea-sandbox/plugins-test, -Didea.required.plugins.id=reasonml]
[98788824-6c4d-413c-ac70-5f473e39ff46/build]   | 
[98788824-6c4d-413c-ac70-5f473e39ff46/build]   | > Task :classpathIndexCleanup
[98788824-6c4d-413c-ac70-5f473e39ff46/build]   | 
[98788824-6c4d-413c-ac70-5f473e39ff46/build]   | BUILD SUCCESSFUL in 50s
[98788824-6c4d-413c-ac70-5f473e39ff46/build]   | 12 actionable tasks: 5 executed, 7 up-to-date
[98788824-6c4d-413c-ac70-5f473e39ff46/build]   ✅  Success - Main Test with Gradle
[98788824-6c4d-413c-ac70-5f473e39ff46/build] unable to get git ref: failed to identify reference (tag/branch) for the checked-out revision 'cbd55507cdb475104d988cfaad73426a6eed5717'
[98788824-6c4d-413c-ac70-5f473e39ff46/build] unable to get git ref: failed to identify reference (tag/branch) for the checked-out revision 'cbd55507cdb475104d988cfaad73426a6eed5717'
[98788824-6c4d-413c-ac70-5f473e39ff46/build] unable to get git ref: failed to identify reference (tag/branch) for the checked-out revision 'cbd55507cdb475104d988cfaad73426a6eed5717'
[98788824-6c4d-413c-ac70-5f473e39ff46/build] unable to get git ref: failed to identify reference (tag/branch) for the checked-out revision 'cbd55507cdb475104d988cfaad73426a6eed5717'
[98788824-6c4d-413c-ac70-5f473e39ff46/build] unable to get git ref: failed to identify reference (tag/branch) for the checked-out revision 'cbd55507cdb475104d988cfaad73426a6eed5717'
[98788824-6c4d-413c-ac70-5f473e39ff46/build] ⭐ Run Post Set up JDK 17
[98788824-6c4d-413c-ac70-5f473e39ff46/build]   🐳  docker exec cmd=[node /var/run/act/actions/actions-setup-java@v2/dist/cleanup/index.js] user= workdir=
[98788824-6c4d-413c-ac70-5f473e39ff46/build]   ✅  Success - Post Set up JDK 17
[98788824-6c4d-413c-ac70-5f473e39ff46/build] 🏁  Job succeeded
[98788824-6c4d-413c-ac70-5f473e39ff46/build] unable to get git ref: failed to identify reference (tag/branch) for the checked-out revision 'cbd55507cdb475104d988cfaad73426a6eed5717'
