[34b37ed4-7726-48d8-a7ac-64d620bfd2a8/build] 🚀  Start image=gitbugactions:latest
[34b37ed4-7726-48d8-a7ac-64d620bfd2a8/build]   🐳  docker pull image=gitbugactions:latest platform= username= forcePull=false
[34b37ed4-7726-48d8-a7ac-64d620bfd2a8/build]   🐳  docker create image=gitbugactions:latest platform= entrypoint=["tail" "-f" "/dev/null"] cmd=[]
[34b37ed4-7726-48d8-a7ac-64d620bfd2a8/build]   🐳  docker run image=gitbugactions:latest platform= entrypoint=["tail" "-f" "/dev/null"] cmd=[]
[34b37ed4-7726-48d8-a7ac-64d620bfd2a8/build]   🐳  docker exec cmd=[chown -R 1012:1013 /tmp/e5dafa74-92f4-463d-b1f4-ed1db1359c7b] user=0 workdir=
[34b37ed4-7726-48d8-a7ac-64d620bfd2a8/build] unable to get git ref: failed to identify reference (tag/branch) for the checked-out revision '833ebaf06efe617091a4d5b9a2812aaae8dc73c8'
[34b37ed4-7726-48d8-a7ac-64d620bfd2a8/build] unable to get git ref: failed to identify reference (tag/branch) for the checked-out revision '833ebaf06efe617091a4d5b9a2812aaae8dc73c8'
[34b37ed4-7726-48d8-a7ac-64d620bfd2a8/build] unable to get git ref: failed to identify reference (tag/branch) for the checked-out revision '833ebaf06efe617091a4d5b9a2812aaae8dc73c8'
[34b37ed4-7726-48d8-a7ac-64d620bfd2a8/build] unable to get git ref: failed to identify reference (tag/branch) for the checked-out revision '833ebaf06efe617091a4d5b9a2812aaae8dc73c8'
[34b37ed4-7726-48d8-a7ac-64d620bfd2a8/build] unable to get git ref: failed to identify reference (tag/branch) for the checked-out revision '833ebaf06efe617091a4d5b9a2812aaae8dc73c8'
[34b37ed4-7726-48d8-a7ac-64d620bfd2a8/build] unable to get git ref: failed to identify reference (tag/branch) for the checked-out revision '833ebaf06efe617091a4d5b9a2812aaae8dc73c8'
[34b37ed4-7726-48d8-a7ac-64d620bfd2a8/build] unable to get git ref: failed to identify reference (tag/branch) for the checked-out revision '833ebaf06efe617091a4d5b9a2812aaae8dc73c8'
[34b37ed4-7726-48d8-a7ac-64d620bfd2a8/build] unable to get git ref: failed to identify reference (tag/branch) for the checked-out revision '833ebaf06efe617091a4d5b9a2812aaae8dc73c8'
[34b37ed4-7726-48d8-a7ac-64d620bfd2a8/build] unable to get git ref: failed to identify reference (tag/branch) for the checked-out revision '833ebaf06efe617091a4d5b9a2812aaae8dc73c8'
[34b37ed4-7726-48d8-a7ac-64d620bfd2a8/build] ⭐ Run Main actions/checkout@v2
[34b37ed4-7726-48d8-a7ac-64d620bfd2a8/build] unable to get git ref: failed to identify reference (tag/branch) for the checked-out revision '833ebaf06efe617091a4d5b9a2812aaae8dc73c8'
[34b37ed4-7726-48d8-a7ac-64d620bfd2a8/build] unable to get git ref: failed to identify reference (tag/branch) for the checked-out revision '833ebaf06efe617091a4d5b9a2812aaae8dc73c8'
[34b37ed4-7726-48d8-a7ac-64d620bfd2a8/build]   🐳  docker cp src=/tmp/e5dafa74-92f4-463d-b1f4-ed1db1359c7b/. dst=/tmp/e5dafa74-92f4-463d-b1f4-ed1db1359c7b
[34b37ed4-7726-48d8-a7ac-64d620bfd2a8/build]   🐳  docker exec cmd=[chown -R 1012:1013 /tmp/e5dafa74-92f4-463d-b1f4-ed1db1359c7b] user=0 workdir=
[34b37ed4-7726-48d8-a7ac-64d620bfd2a8/build]   ✅  Success - Main actions/checkout@v2
[34b37ed4-7726-48d8-a7ac-64d620bfd2a8/build] unable to get git ref: failed to identify reference (tag/branch) for the checked-out revision '833ebaf06efe617091a4d5b9a2812aaae8dc73c8'
[34b37ed4-7726-48d8-a7ac-64d620bfd2a8/build] unable to get git ref: failed to identify reference (tag/branch) for the checked-out revision '833ebaf06efe617091a4d5b9a2812aaae8dc73c8'
[34b37ed4-7726-48d8-a7ac-64d620bfd2a8/build] unable to get git ref: failed to identify reference (tag/branch) for the checked-out revision '833ebaf06efe617091a4d5b9a2812aaae8dc73c8'
[34b37ed4-7726-48d8-a7ac-64d620bfd2a8/build] unable to get git ref: failed to identify reference (tag/branch) for the checked-out revision '833ebaf06efe617091a4d5b9a2812aaae8dc73c8'
[34b37ed4-7726-48d8-a7ac-64d620bfd2a8/build] unable to get git ref: failed to identify reference (tag/branch) for the checked-out revision '833ebaf06efe617091a4d5b9a2812aaae8dc73c8'
[34b37ed4-7726-48d8-a7ac-64d620bfd2a8/build] ⭐ Run Main Set up JDK 17
[34b37ed4-7726-48d8-a7ac-64d620bfd2a8/build] unable to get git ref: failed to identify reference (tag/branch) for the checked-out revision '833ebaf06efe617091a4d5b9a2812aaae8dc73c8'
[34b37ed4-7726-48d8-a7ac-64d620bfd2a8/build] unable to get git ref: failed to identify reference (tag/branch) for the checked-out revision '833ebaf06efe617091a4d5b9a2812aaae8dc73c8'
[34b37ed4-7726-48d8-a7ac-64d620bfd2a8/build] unable to get git ref: failed to identify reference (tag/branch) for the checked-out revision '833ebaf06efe617091a4d5b9a2812aaae8dc73c8'
[34b37ed4-7726-48d8-a7ac-64d620bfd2a8/build]   🐳  docker cp src=/tmp/act-cache/9c81282b-6748-4dd6-9c58-11697630aa29/act/actions-setup-java@v2/ dst=/var/run/act/actions/actions-setup-java@v2/
[34b37ed4-7726-48d8-a7ac-64d620bfd2a8/build]   🐳  docker exec cmd=[chown -R 1012:1013 /var/run/act/actions/actions-setup-java@v2/] user=0 workdir=
[34b37ed4-7726-48d8-a7ac-64d620bfd2a8/build]   🐳  docker exec cmd=[node /var/run/act/actions/actions-setup-java@v2/dist/setup/index.js] user= workdir=
[34b37ed4-7726-48d8-a7ac-64d620bfd2a8/build]   💬  ::debug::isExplicit: 11.0.20-1
[34b37ed4-7726-48d8-a7ac-64d620bfd2a8/build]   💬  ::debug::explicit? true
[34b37ed4-7726-48d8-a7ac-64d620bfd2a8/build]   💬  ::debug::isExplicit: 17.0.8-1
[34b37ed4-7726-48d8-a7ac-64d620bfd2a8/build]   💬  ::debug::explicit? true
[34b37ed4-7726-48d8-a7ac-64d620bfd2a8/build]   💬  ::debug::isExplicit: 21.0.0-35
[34b37ed4-7726-48d8-a7ac-64d620bfd2a8/build]   💬  ::debug::explicit? true
[34b37ed4-7726-48d8-a7ac-64d620bfd2a8/build]   💬  ::debug::isExplicit: 8.0.382-5
[34b37ed4-7726-48d8-a7ac-64d620bfd2a8/build]   💬  ::debug::explicit? true
[34b37ed4-7726-48d8-a7ac-64d620bfd2a8/build]   | Resolved Java 17.0.8+1 from tool-cache
[34b37ed4-7726-48d8-a7ac-64d620bfd2a8/build]   | Setting Java 17.0.8+1 as the default
[34b37ed4-7726-48d8-a7ac-64d620bfd2a8/build]   | 
[34b37ed4-7726-48d8-a7ac-64d620bfd2a8/build]   | Java configuration:
[34b37ed4-7726-48d8-a7ac-64d620bfd2a8/build]   |   Distribution: temurin
[34b37ed4-7726-48d8-a7ac-64d620bfd2a8/build]   |   Version: 17.0.8+1
[34b37ed4-7726-48d8-a7ac-64d620bfd2a8/build]   |   Path: /opt/hostedtoolcache/Java_Temurin-Hotspot_jdk/17.0.8-1/x64
[34b37ed4-7726-48d8-a7ac-64d620bfd2a8/build]   | 
[34b37ed4-7726-48d8-a7ac-64d620bfd2a8/build]   ❓ add-matcher /run/act/actions/actions-setup-java@v2/.github/java.json
[34b37ed4-7726-48d8-a7ac-64d620bfd2a8/build]   | Creating settings.xml with server-id: github
[34b37ed4-7726-48d8-a7ac-64d620bfd2a8/build]   | Writing to /home/runner/.m2/settings.xml
[34b37ed4-7726-48d8-a7ac-64d620bfd2a8/build]   ✅  Success - Main Set up JDK 17
[34b37ed4-7726-48d8-a7ac-64d620bfd2a8/build]   ⚙  ::set-env:: JAVA_HOME=/opt/hostedtoolcache/Java_Temurin-Hotspot_jdk/17.0.8-1/x64
[34b37ed4-7726-48d8-a7ac-64d620bfd2a8/build]   ⚙  ::set-output:: distribution=Temurin-Hotspot
[34b37ed4-7726-48d8-a7ac-64d620bfd2a8/build]   ⚙  ::set-output:: path=/opt/hostedtoolcache/Java_Temurin-Hotspot_jdk/17.0.8-1/x64
[34b37ed4-7726-48d8-a7ac-64d620bfd2a8/build]   ⚙  ::set-output:: version=17.0.8+1
[34b37ed4-7726-48d8-a7ac-64d620bfd2a8/build]   ⚙  ::add-path:: /opt/hostedtoolcache/Java_Temurin-Hotspot_jdk/17.0.8-1/x64/bin
[34b37ed4-7726-48d8-a7ac-64d620bfd2a8/build] unable to get git ref: failed to identify reference (tag/branch) for the checked-out revision '833ebaf06efe617091a4d5b9a2812aaae8dc73c8'
[34b37ed4-7726-48d8-a7ac-64d620bfd2a8/build] unable to get git ref: failed to identify reference (tag/branch) for the checked-out revision '833ebaf06efe617091a4d5b9a2812aaae8dc73c8'
[34b37ed4-7726-48d8-a7ac-64d620bfd2a8/build] unable to get git ref: failed to identify reference (tag/branch) for the checked-out revision '833ebaf06efe617091a4d5b9a2812aaae8dc73c8'
[34b37ed4-7726-48d8-a7ac-64d620bfd2a8/build] unable to get git ref: failed to identify reference (tag/branch) for the checked-out revision '833ebaf06efe617091a4d5b9a2812aaae8dc73c8'
[34b37ed4-7726-48d8-a7ac-64d620bfd2a8/build] unable to get git ref: failed to identify reference (tag/branch) for the checked-out revision '833ebaf06efe617091a4d5b9a2812aaae8dc73c8'
[34b37ed4-7726-48d8-a7ac-64d620bfd2a8/build] ⭐ Run Main Test with Gradle
[34b37ed4-7726-48d8-a7ac-64d620bfd2a8/build] unable to get git ref: failed to identify reference (tag/branch) for the checked-out revision '833ebaf06efe617091a4d5b9a2812aaae8dc73c8'
[34b37ed4-7726-48d8-a7ac-64d620bfd2a8/build] unable to get git ref: failed to identify reference (tag/branch) for the checked-out revision '833ebaf06efe617091a4d5b9a2812aaae8dc73c8'
[34b37ed4-7726-48d8-a7ac-64d620bfd2a8/build] unable to get git ref: failed to identify reference (tag/branch) for the checked-out revision '833ebaf06efe617091a4d5b9a2812aaae8dc73c8'
[34b37ed4-7726-48d8-a7ac-64d620bfd2a8/build] unable to get git ref: failed to identify reference (tag/branch) for the checked-out revision '833ebaf06efe617091a4d5b9a2812aaae8dc73c8'
[34b37ed4-7726-48d8-a7ac-64d620bfd2a8/build]   🐳  docker exec cmd=[bash --noprofile --norc -e -o pipefail /var/run/act/workflow/2] user= workdir=
[34b37ed4-7726-48d8-a7ac-64d620bfd2a8/build]   | Downloading https://services.gradle.org/distributions/gradle-7.5.1-bin.zip
[34b37ed4-7726-48d8-a7ac-64d620bfd2a8/build]   | ...........10%............20%...........30%............40%...........50%............60%...........70%............80%...........90%............100%
[34b37ed4-7726-48d8-a7ac-64d620bfd2a8/build]   | 
[34b37ed4-7726-48d8-a7ac-64d620bfd2a8/build]   | Welcome to Gradle 7.5.1!
[34b37ed4-7726-48d8-a7ac-64d620bfd2a8/build]   | 
[34b37ed4-7726-48d8-a7ac-64d620bfd2a8/build]   | Here are the highlights of this release:
[34b37ed4-7726-48d8-a7ac-64d620bfd2a8/build]   |  - Support for Java 18
[34b37ed4-7726-48d8-a7ac-64d620bfd2a8/build]   |  - Support for building with Groovy 4
[34b37ed4-7726-48d8-a7ac-64d620bfd2a8/build]   |  - Much more responsive continuous builds
[34b37ed4-7726-48d8-a7ac-64d620bfd2a8/build]   |  - Improved diagnostics for dependency resolution
[34b37ed4-7726-48d8-a7ac-64d620bfd2a8/build]   | 
[34b37ed4-7726-48d8-a7ac-64d620bfd2a8/build]   | For more details see https://docs.gradle.org/7.5.1/release-notes.html
[34b37ed4-7726-48d8-a7ac-64d620bfd2a8/build]   | 
[34b37ed4-7726-48d8-a7ac-64d620bfd2a8/build]   | Starting a Gradle Daemon (subsequent builds will be faster)
[34b37ed4-7726-48d8-a7ac-64d620bfd2a8/build]   | 
[34b37ed4-7726-48d8-a7ac-64d620bfd2a8/build]   | > Configure project :
[34b37ed4-7726-48d8-a7ac-64d620bfd2a8/build]   | Project : => 'network.brightspots.rcv' Java module
[34b37ed4-7726-48d8-a7ac-64d620bfd2a8/build]   | 
[34b37ed4-7726-48d8-a7ac-64d620bfd2a8/build]   | > Task :compileJava
[34b37ed4-7726-48d8-a7ac-64d620bfd2a8/build]   | Note: /tmp/e5dafa74-92f4-463d-b1f4-ed1db1359c7b/src/main/java/network/brightspots/rcv/ResultsWriter.java uses unchecked or unsafe operations.
[34b37ed4-7726-48d8-a7ac-64d620bfd2a8/build]   | Note: Recompile with -Xlint:unchecked for details.
[34b37ed4-7726-48d8-a7ac-64d620bfd2a8/build]   | 
[34b37ed4-7726-48d8-a7ac-64d620bfd2a8/build]   | > Task :processResources
[34b37ed4-7726-48d8-a7ac-64d620bfd2a8/build]   | > Task :classes
[34b37ed4-7726-48d8-a7ac-64d620bfd2a8/build]   | 
[34b37ed4-7726-48d8-a7ac-64d620bfd2a8/build]   | > Task :compileTestJava
[34b37ed4-7726-48d8-a7ac-64d620bfd2a8/build]   | warning: [options] module name in --add-exports option not found: org.junit.platform.engine
[34b37ed4-7726-48d8-a7ac-64d620bfd2a8/build]   | 1 warning
[34b37ed4-7726-48d8-a7ac-64d620bfd2a8/build]   | 
[34b37ed4-7726-48d8-a7ac-64d620bfd2a8/build]   | > Task :processTestResources
[34b37ed4-7726-48d8-a7ac-64d620bfd2a8/build]   | > Task :testClasses
[34b37ed4-7726-48d8-a7ac-64d620bfd2a8/build]   | > Task :mergeClasses SKIPPED
[34b37ed4-7726-48d8-a7ac-64d620bfd2a8/build]   | 
[34b37ed4-7726-48d8-a7ac-64d620bfd2a8/build]   | > Task :test
[34b37ed4-7726-48d8-a7ac-64d620bfd2a8/build]   | 
[34b37ed4-7726-48d8-a7ac-64d620bfd2a8/build]   | ContestConfigTests > test isVersionNewer PASSED
[34b37ed4-7726-48d8-a7ac-64d620bfd2a8/build]   | 
[34b37ed4-7726-48d8-a7ac-64d620bfd2a8/build]   | TabulatorTests > multi-seat fractional number threshold PASSED
[34b37ed4-7726-48d8-a7ac-64d620bfd2a8/build]   | 
[34b37ed4-7726-48d8-a7ac-64d620bfd2a8/build]   | TabulatorTests > unisyn_xml_cdf_city_council_member PASSED
[34b37ed4-7726-48d8-a7ac-64d620bfd2a8/build]   | 
[34b37ed4-7726-48d8-a7ac-64d620bfd2a8/build]   | > Task :checkstyleTest
[34b37ed4-7726-48d8-a7ac-64d620bfd2a8/build]   | > Task :checkstyleMain
[34b37ed4-7726-48d8-a7ac-64d620bfd2a8/build]   | > Task :spotbugsTest
[34b37ed4-7726-48d8-a7ac-64d620bfd2a8/build]   | 
[34b37ed4-7726-48d8-a7ac-64d620bfd2a8/build]   | > Task :test
[34b37ed4-7726-48d8-a7ac-64d620bfd2a8/build]   | 
[34b37ed4-7726-48d8-a7ac-64d620bfd2a8/build]   | TabulatorTests > 2017 Minneapolis Mayor PASSED
[34b37ed4-7726-48d8-a7ac-64d620bfd2a8/build]   | 
[34b37ed4-7726-48d8-a7ac-64d620bfd2a8/build]   | TabulatorTests > unisyn_xml_cdf_county_sheriff PASSED
[34b37ed4-7726-48d8-a7ac-64d620bfd2a8/build]   | 
[34b37ed4-7726-48d8-a7ac-64d620bfd2a8/build]   | TabulatorTests > test invalid params in config file PASSED
[34b37ed4-7726-48d8-a7ac-64d620bfd2a8/build]   | 
[34b37ed4-7726-48d8-a7ac-64d620bfd2a8/build]   | TabulatorTests > overvote delimiter test PASSED
[34b37ed4-7726-48d8-a7ac-64d620bfd2a8/build]   | 
[34b37ed4-7726-48d8-a7ac-64d620bfd2a8/build]   | TabulatorTests > multi-cvr file dominion test PASSED
[34b37ed4-7726-48d8-a7ac-64d620bfd2a8/build]   | 
[34b37ed4-7726-48d8-a7ac-64d620bfd2a8/build]   | TabulatorTests > treat blank as undeclared write-in PASSED
[34b37ed4-7726-48d8-a7ac-64d620bfd2a8/build]   | 
[34b37ed4-7726-48d8-a7ac-64d620bfd2a8/build]   | > Task :spotbugsMain
[34b37ed4-7726-48d8-a7ac-64d620bfd2a8/build]   | 
[34b37ed4-7726-48d8-a7ac-64d620bfd2a8/build]   | > Task :test
[34b37ed4-7726-48d8-a7ac-64d620bfd2a8/build]   | 
[34b37ed4-7726-48d8-a7ac-64d620bfd2a8/build]   | TabulatorTests > Dominion test - Wyoming test data PASSED
[34b37ed4-7726-48d8-a7ac-64d620bfd2a8/build]   | 
[34b37ed4-7726-48d8-a7ac-64d620bfd2a8/build]   | TabulatorTests > test sequential multi-seat logic PASSED
[34b37ed4-7726-48d8-a7ac-64d620bfd2a8/build]   | 
[34b37ed4-7726-48d8-a7ac-64d620bfd2a8/build]   | TabulatorTests > Dominion - No Precinct Data PASSED
[34b37ed4-7726-48d8-a7ac-64d620bfd2a8/build]   | 
[34b37ed4-7726-48d8-a7ac-64d620bfd2a8/build]   | TabulatorTests > unisyn_xml_cdf_city_coroner PASSED
[34b37ed4-7726-48d8-a7ac-64d620bfd2a8/build]   | 
[34b37ed4-7726-48d8-a7ac-64d620bfd2a8/build]   | TabulatorTests > 2013 Minneapolis Mayor Scale PASSED
[34b37ed4-7726-48d8-a7ac-64d620bfd2a8/build]   | 
[34b37ed4-7726-48d8-a7ac-64d620bfd2a8/build]   | TabulatorTests > tiebreak using previousRoundCountsThenRandom PASSED
[34b37ed4-7726-48d8-a7ac-64d620bfd2a8/build]   | 
[34b37ed4-7726-48d8-a7ac-64d620bfd2a8/build]   | TabulatorTests > unisyn_xml_cdf_city_chief_of_police PASSED
[34b37ed4-7726-48d8-a7ac-64d620bfd2a8/build]   | 
[34b37ed4-7726-48d8-a7ac-64d620bfd2a8/build]   | TabulatorTests > Dominion test - Alaska test data PASSED
[34b37ed4-7726-48d8-a7ac-64d620bfd2a8/build]   | 
[34b37ed4-7726-48d8-a7ac-64d620bfd2a8/build]   | TabulatorTests > tiebreak using permutation in config PASSED
[34b37ed4-7726-48d8-a7ac-64d620bfd2a8/build]   | 
[34b37ed4-7726-48d8-a7ac-64d620bfd2a8/build]   | TabulatorTests > test tiebreak seed PASSED
[34b37ed4-7726-48d8-a7ac-64d620bfd2a8/build]   | 
[34b37ed4-7726-48d8-a7ac-64d620bfd2a8/build]   | TabulatorTests > test allow only one winner per round logic PASSED
[34b37ed4-7726-48d8-a7ac-64d620bfd2a8/build]   | 
[34b37ed4-7726-48d8-a7ac-64d620bfd2a8/build]   | TabulatorTests > Continue Until Two Candidates Remain PASSED
[34b37ed4-7726-48d8-a7ac-64d620bfd2a8/build]   | 
[34b37ed4-7726-48d8-a7ac-64d620bfd2a8/build]   | TabulatorTests > Dominion test - Kansas test data PASSED
[34b37ed4-7726-48d8-a7ac-64d620bfd2a8/build]   | 
[34b37ed4-7726-48d8-a7ac-64d620bfd2a8/build]   | TabulatorTests > NIST XML CDF 2 PASSED
[34b37ed4-7726-48d8-a7ac-64d620bfd2a8/build]   | 
[34b37ed4-7726-48d8-a7ac-64d620bfd2a8/build]   | TabulatorTests > test invalid source files PASSED
[34b37ed4-7726-48d8-a7ac-64d620bfd2a8/build]   | 
[34b37ed4-7726-48d8-a7ac-64d620bfd2a8/build]   | TabulatorTests > test excluding candidates in config file PASSED
[34b37ed4-7726-48d8-a7ac-64d620bfd2a8/build]   | 
[34b37ed4-7726-48d8-a7ac-64d620bfd2a8/build]   | TabulatorTests > Hart - Travis County Officers PASSED
[34b37ed4-7726-48d8-a7ac-64d620bfd2a8/build]   | 
[34b37ed4-7726-48d8-a7ac-64d620bfd2a8/build]   | TabulatorTests > undeclared write-in (UWI) cannot win test PASSED
[34b37ed4-7726-48d8-a7ac-64d620bfd2a8/build]   | 
[34b37ed4-7726-48d8-a7ac-64d620bfd2a8/build]   | TabulatorTests > sequential with continue until two test PASSED
[34b37ed4-7726-48d8-a7ac-64d620bfd2a8/build]   | 
[34b37ed4-7726-48d8-a7ac-64d620bfd2a8/build]   | TabulatorTests > skipped first choice PASSED
[34b37ed4-7726-48d8-a7ac-64d620bfd2a8/build]   | 
[34b37ed4-7726-48d8-a7ac-64d620bfd2a8/build]   | TabulatorTests > exhaust at overvote rule PASSED
[34b37ed4-7726-48d8-a7ac-64d620bfd2a8/build]   | 
[34b37ed4-7726-48d8-a7ac-64d620bfd2a8/build]   | TabulatorTests > overvote skips to next rank PASSED
[34b37ed4-7726-48d8-a7ac-64d620bfd2a8/build]   | 
[34b37ed4-7726-48d8-a7ac-64d620bfd2a8/build]   | TabulatorTests > skipped choice exhausts option PASSED
[34b37ed4-7726-48d8-a7ac-64d620bfd2a8/build]   | 
[34b37ed4-7726-48d8-a7ac-64d620bfd2a8/build]   | TabulatorTests > skipped choice next option PASSED
[34b37ed4-7726-48d8-a7ac-64d620bfd2a8/build]   | 
[34b37ed4-7726-48d8-a7ac-64d620bfd2a8/build]   | TabulatorTests > two skipped ranks exhausts option PASSED
[34b37ed4-7726-48d8-a7ac-64d620bfd2a8/build]   | 
[34b37ed4-7726-48d8-a7ac-64d620bfd2a8/build]   | TabulatorTests > duplicate rank exhausts PASSED
[34b37ed4-7726-48d8-a7ac-64d620bfd2a8/build]   | 
[34b37ed4-7726-48d8-a7ac-64d620bfd2a8/build]   | TabulatorTests > duplicate rank skips to next option PASSED
[34b37ed4-7726-48d8-a7ac-64d620bfd2a8/build]   | 
[34b37ed4-7726-48d8-a7ac-64d620bfd2a8/build]   | TabulatorTests > multi-cdf tabulation PASSED
[34b37ed4-7726-48d8-a7ac-64d620bfd2a8/build]   | 
[34b37ed4-7726-48d8-a7ac-64d620bfd2a8/build]   | TabulatorTests > test skipping to next candidate after overvote PASSED
[34b37ed4-7726-48d8-a7ac-64d620bfd2a8/build]   | 
[34b37ed4-7726-48d8-a7ac-64d620bfd2a8/build]   | TabulatorTests > multi-seat UWI test PASSED
[34b37ed4-7726-48d8-a7ac-64d620bfd2a8/build]   | 
[34b37ed4-7726-48d8-a7ac-64d620bfd2a8/build]   | TabulatorTests > test bottoms-up multi-seat with threshold logic PASSED
[34b37ed4-7726-48d8-a7ac-64d620bfd2a8/build]   | 
[34b37ed4-7726-48d8-a7ac-64d620bfd2a8/build]   | TabulatorTests > test minimum vote threshold setting PASSED
[34b37ed4-7726-48d8-a7ac-64d620bfd2a8/build]   | 
[34b37ed4-7726-48d8-a7ac-64d620bfd2a8/build]   | TabulatorTests > 2018 Maine Governor Democratic Primary PASSED
[34b37ed4-7726-48d8-a7ac-64d620bfd2a8/build]   | 
[34b37ed4-7726-48d8-a7ac-64d620bfd2a8/build]   | TabulatorTests > test Hare quota PASSED
[34b37ed4-7726-48d8-a7ac-64d620bfd2a8/build]   | 
[34b37ed4-7726-48d8-a7ac-64d620bfd2a8/build]   | TabulatorTests > Continue Until Two Candidates Remain with Batch Elimination PASSED
[34b37ed4-7726-48d8-a7ac-64d620bfd2a8/build]   | 
[34b37ed4-7726-48d8-a7ac-64d620bfd2a8/build]   | TabulatorTests > sequential with batch elimination test PASSED
[34b37ed4-7726-48d8-a7ac-64d620bfd2a8/build]   | 
[34b37ed4-7726-48d8-a7ac-64d620bfd2a8/build]   | TabulatorTests > first round determine threshold test PASSED
[34b37ed4-7726-48d8-a7ac-64d620bfd2a8/build]   | 
[34b37ed4-7726-48d8-a7ac-64d620bfd2a8/build]   | TabulatorTests > Test Convert to CDF works for Dominion PASSED
[34b37ed4-7726-48d8-a7ac-64d620bfd2a8/build]   | 
[34b37ed4-7726-48d8-a7ac-64d620bfd2a8/build]   | TabulatorTests > Test Convert to CDF works for CDF PASSED
[34b37ed4-7726-48d8-a7ac-64d620bfd2a8/build]   | 
[34b37ed4-7726-48d8-a7ac-64d620bfd2a8/build]   | TabulatorTests > Test Convert to CDF works for ES&S PASSED
[34b37ed4-7726-48d8-a7ac-64d620bfd2a8/build]   | 
[34b37ed4-7726-48d8-a7ac-64d620bfd2a8/build]   | TabulatorTests > multi-seat whole number threshold PASSED
[34b37ed4-7726-48d8-a7ac-64d620bfd2a8/build]   | 
[34b37ed4-7726-48d8-a7ac-64d620bfd2a8/build]   | TabulatorTests > tiebreak using generated permutation PASSED
[34b37ed4-7726-48d8-a7ac-64d620bfd2a8/build]   | 
[34b37ed4-7726-48d8-a7ac-64d620bfd2a8/build]   | TabulatorTests > aliases (CDF JSON format) PASSED
[34b37ed4-7726-48d8-a7ac-64d620bfd2a8/build]   | 
[34b37ed4-7726-48d8-a7ac-64d620bfd2a8/build]   | TabulatorTests > aliases (ES&S XLSX format) PASSED
[34b37ed4-7726-48d8-a7ac-64d620bfd2a8/build]   | 
[34b37ed4-7726-48d8-a7ac-64d620bfd2a8/build]   | TabulatorTests > no one meets minimum test PASSED
[34b37ed4-7726-48d8-a7ac-64d620bfd2a8/build]   | 
[34b37ed4-7726-48d8-a7ac-64d620bfd2a8/build]   | TabulatorTests > missing precinct example PASSED
[34b37ed4-7726-48d8-a7ac-64d620bfd2a8/build]   | 
[34b37ed4-7726-48d8-a7ac-64d620bfd2a8/build]   | TabulatorTests > test bottoms-up multi-seat logic PASSED
[34b37ed4-7726-48d8-a7ac-64d620bfd2a8/build]   | 
[34b37ed4-7726-48d8-a7ac-64d620bfd2a8/build]   | TabulatorTests > unisyn_xml_cdf_city_tax_collector PASSED
[34b37ed4-7726-48d8-a7ac-64d620bfd2a8/build]   | 
[34b37ed4-7726-48d8-a7ac-64d620bfd2a8/build]   | TabulatorTests > 2013 Minneapolis Mayor PASSED
[34b37ed4-7726-48d8-a7ac-64d620bfd2a8/build]   | 
[34b37ed4-7726-48d8-a7ac-64d620bfd2a8/build]   | TabulatorTests > unisyn_xml_cdf_county_coroner PASSED
[34b37ed4-7726-48d8-a7ac-64d620bfd2a8/build]   | 
[34b37ed4-7726-48d8-a7ac-64d620bfd2a8/build]   | TabulatorTests > testMinneapolisMultiSeatThreshold PASSED
[34b37ed4-7726-48d8-a7ac-64d620bfd2a8/build]   | 
[34b37ed4-7726-48d8-a7ac-64d620bfd2a8/build]   | TabulatorTests > overvote exhaust if multiple continuing test PASSED
[34b37ed4-7726-48d8-a7ac-64d620bfd2a8/build]   | 
[34b37ed4-7726-48d8-a7ac-64d620bfd2a8/build]   | TabulatorTests > first round determine threshold and tiebreaker runs test PASSED
[34b37ed4-7726-48d8-a7ac-64d620bfd2a8/build]   | 
[34b37ed4-7726-48d8-a7ac-64d620bfd2a8/build]   | TabulatorTests > 2015 Portland Mayor Candidate Codes PASSED
[34b37ed4-7726-48d8-a7ac-64d620bfd2a8/build]   | 
[34b37ed4-7726-48d8-a7ac-64d620bfd2a8/build]   | TabulatorTests > gracefully fail when tabulate-by-precinct option set without any precincts in CVR PASSED
[34b37ed4-7726-48d8-a7ac-64d620bfd2a8/build]   | 
[34b37ed4-7726-48d8-a7ac-64d620bfd2a8/build]   | TabulatorTests > Clear Ballot - Kansas Primary PASSED
[34b37ed4-7726-48d8-a7ac-64d620bfd2a8/build]   | 
[34b37ed4-7726-48d8-a7ac-64d620bfd2a8/build]   | TabulatorTests > unisyn_xml_cdf_city_mayor PASSED
[34b37ed4-7726-48d8-a7ac-64d620bfd2a8/build]   | 
[34b37ed4-7726-48d8-a7ac-64d620bfd2a8/build]   | TabulatorTests > Hart - Cedar Park School Board PASSED
[34b37ed4-7726-48d8-a7ac-64d620bfd2a8/build]   | 
[34b37ed4-7726-48d8-a7ac-64d620bfd2a8/build]   | TabulatorTests > 2013 Minneapolis Park PASSED
[34b37ed4-7726-48d8-a7ac-64d620bfd2a8/build]   | 
[34b37ed4-7726-48d8-a7ac-64d620bfd2a8/build]   | TabulatorTests > generic CSV test PASSED
[34b37ed4-7726-48d8-a7ac-64d620bfd2a8/build]   | 
[34b37ed4-7726-48d8-a7ac-64d620bfd2a8/build]   | TabulatorTests > test for overvotes PASSED
[34b37ed4-7726-48d8-a7ac-64d620bfd2a8/build]   | 
[34b37ed4-7726-48d8-a7ac-64d620bfd2a8/build]   | TabulatorTests > 2015 Portland Mayor PASSED
[34b37ed4-7726-48d8-a7ac-64d620bfd2a8/build]   | 
[34b37ed4-7726-48d8-a7ac-64d620bfd2a8/build]   | TabulatorTests > test stopping tabulation early PASSED
[34b37ed4-7726-48d8-a7ac-64d620bfd2a8/build]   | 
[34b37ed4-7726-48d8-a7ac-64d620bfd2a8/build]   | TabulatorTests > precinct example PASSED
[34b37ed4-7726-48d8-a7ac-64d620bfd2a8/build]   | 
[34b37ed4-7726-48d8-a7ac-64d620bfd2a8/build]   | > Task :check
[34b37ed4-7726-48d8-a7ac-64d620bfd2a8/build]   | 
[34b37ed4-7726-48d8-a7ac-64d620bfd2a8/build]   | BUILD SUCCESSFUL in 3m 23s
[34b37ed4-7726-48d8-a7ac-64d620bfd2a8/build]   | 9 actionable tasks: 9 executed
[34b37ed4-7726-48d8-a7ac-64d620bfd2a8/build]   ✅  Success - Main Test with Gradle
[34b37ed4-7726-48d8-a7ac-64d620bfd2a8/build] unable to get git ref: failed to identify reference (tag/branch) for the checked-out revision '833ebaf06efe617091a4d5b9a2812aaae8dc73c8'
[34b37ed4-7726-48d8-a7ac-64d620bfd2a8/build] unable to get git ref: failed to identify reference (tag/branch) for the checked-out revision '833ebaf06efe617091a4d5b9a2812aaae8dc73c8'
[34b37ed4-7726-48d8-a7ac-64d620bfd2a8/build] unable to get git ref: failed to identify reference (tag/branch) for the checked-out revision '833ebaf06efe617091a4d5b9a2812aaae8dc73c8'
[34b37ed4-7726-48d8-a7ac-64d620bfd2a8/build] unable to get git ref: failed to identify reference (tag/branch) for the checked-out revision '833ebaf06efe617091a4d5b9a2812aaae8dc73c8'
[34b37ed4-7726-48d8-a7ac-64d620bfd2a8/build] unable to get git ref: failed to identify reference (tag/branch) for the checked-out revision '833ebaf06efe617091a4d5b9a2812aaae8dc73c8'
[34b37ed4-7726-48d8-a7ac-64d620bfd2a8/build] ⭐ Run Post Set up JDK 17
[34b37ed4-7726-48d8-a7ac-64d620bfd2a8/build]   🐳  docker exec cmd=[node /var/run/act/actions/actions-setup-java@v2/dist/cleanup/index.js] user= workdir=
[34b37ed4-7726-48d8-a7ac-64d620bfd2a8/build]   ✅  Success - Post Set up JDK 17
[34b37ed4-7726-48d8-a7ac-64d620bfd2a8/build] 🏁  Job succeeded
[34b37ed4-7726-48d8-a7ac-64d620bfd2a8/build] unable to get git ref: failed to identify reference (tag/branch) for the checked-out revision '833ebaf06efe617091a4d5b9a2812aaae8dc73c8'
