[83e32a03-0c0c-40fb-85ac-48996b76e99e/test] 🚀  Start image=gitbugactions:latest
[83e32a03-0c0c-40fb-85ac-48996b76e99e/test]   🐳  docker pull image=gitbugactions:latest platform= username= forcePull=false
[83e32a03-0c0c-40fb-85ac-48996b76e99e/test]   🐳  docker create image=gitbugactions:latest platform= entrypoint=["tail" "-f" "/dev/null"] cmd=[]
[83e32a03-0c0c-40fb-85ac-48996b76e99e/test]   🐳  docker run image=gitbugactions:latest platform= entrypoint=["tail" "-f" "/dev/null"] cmd=[]
[83e32a03-0c0c-40fb-85ac-48996b76e99e/test]   🐳  docker exec cmd=[chown -R 1012:1013 /tmp/8dca25dc-b250-4c89-ad12-8ac2105be84a] user=0 workdir=
[83e32a03-0c0c-40fb-85ac-48996b76e99e/test] unable to get git ref: failed to identify reference (tag/branch) for the checked-out revision '09d7f4542ce314aca64b239959788250b3fb65b7'
[83e32a03-0c0c-40fb-85ac-48996b76e99e/test] unable to get git ref: failed to identify reference (tag/branch) for the checked-out revision '09d7f4542ce314aca64b239959788250b3fb65b7'
[83e32a03-0c0c-40fb-85ac-48996b76e99e/test] unable to get git ref: failed to identify reference (tag/branch) for the checked-out revision '09d7f4542ce314aca64b239959788250b3fb65b7'
[83e32a03-0c0c-40fb-85ac-48996b76e99e/test] unable to get git ref: failed to identify reference (tag/branch) for the checked-out revision '09d7f4542ce314aca64b239959788250b3fb65b7'
[83e32a03-0c0c-40fb-85ac-48996b76e99e/test] unable to get git ref: failed to identify reference (tag/branch) for the checked-out revision '09d7f4542ce314aca64b239959788250b3fb65b7'
[83e32a03-0c0c-40fb-85ac-48996b76e99e/test] unable to get git ref: failed to identify reference (tag/branch) for the checked-out revision '09d7f4542ce314aca64b239959788250b3fb65b7'
[83e32a03-0c0c-40fb-85ac-48996b76e99e/test] unable to get git ref: failed to identify reference (tag/branch) for the checked-out revision '09d7f4542ce314aca64b239959788250b3fb65b7'
[83e32a03-0c0c-40fb-85ac-48996b76e99e/test] unable to get git ref: failed to identify reference (tag/branch) for the checked-out revision '09d7f4542ce314aca64b239959788250b3fb65b7'
[83e32a03-0c0c-40fb-85ac-48996b76e99e/test] unable to get git ref: failed to identify reference (tag/branch) for the checked-out revision '09d7f4542ce314aca64b239959788250b3fb65b7'
[83e32a03-0c0c-40fb-85ac-48996b76e99e/test] ⭐ Run Main Checkout code
[83e32a03-0c0c-40fb-85ac-48996b76e99e/test] unable to get git ref: failed to identify reference (tag/branch) for the checked-out revision '09d7f4542ce314aca64b239959788250b3fb65b7'
[83e32a03-0c0c-40fb-85ac-48996b76e99e/test] unable to get git ref: failed to identify reference (tag/branch) for the checked-out revision '09d7f4542ce314aca64b239959788250b3fb65b7'
[83e32a03-0c0c-40fb-85ac-48996b76e99e/test]   🐳  docker cp src=/tmp/8dca25dc-b250-4c89-ad12-8ac2105be84a/. dst=/tmp/8dca25dc-b250-4c89-ad12-8ac2105be84a
[83e32a03-0c0c-40fb-85ac-48996b76e99e/test]   🐳  docker exec cmd=[chown -R 1012:1013 /tmp/8dca25dc-b250-4c89-ad12-8ac2105be84a] user=0 workdir=
[83e32a03-0c0c-40fb-85ac-48996b76e99e/test]   ✅  Success - Main Checkout code
[83e32a03-0c0c-40fb-85ac-48996b76e99e/test] unable to get git ref: failed to identify reference (tag/branch) for the checked-out revision '09d7f4542ce314aca64b239959788250b3fb65b7'
[83e32a03-0c0c-40fb-85ac-48996b76e99e/test] unable to get git ref: failed to identify reference (tag/branch) for the checked-out revision '09d7f4542ce314aca64b239959788250b3fb65b7'
[83e32a03-0c0c-40fb-85ac-48996b76e99e/test] unable to get git ref: failed to identify reference (tag/branch) for the checked-out revision '09d7f4542ce314aca64b239959788250b3fb65b7'
[83e32a03-0c0c-40fb-85ac-48996b76e99e/test] unable to get git ref: failed to identify reference (tag/branch) for the checked-out revision '09d7f4542ce314aca64b239959788250b3fb65b7'
[83e32a03-0c0c-40fb-85ac-48996b76e99e/test] unable to get git ref: failed to identify reference (tag/branch) for the checked-out revision '09d7f4542ce314aca64b239959788250b3fb65b7'
[83e32a03-0c0c-40fb-85ac-48996b76e99e/test] ⭐ Run Main Set up JDK
[83e32a03-0c0c-40fb-85ac-48996b76e99e/test] unable to get git ref: failed to identify reference (tag/branch) for the checked-out revision '09d7f4542ce314aca64b239959788250b3fb65b7'
[83e32a03-0c0c-40fb-85ac-48996b76e99e/test] unable to get git ref: failed to identify reference (tag/branch) for the checked-out revision '09d7f4542ce314aca64b239959788250b3fb65b7'
[83e32a03-0c0c-40fb-85ac-48996b76e99e/test] unable to get git ref: failed to identify reference (tag/branch) for the checked-out revision '09d7f4542ce314aca64b239959788250b3fb65b7'
[83e32a03-0c0c-40fb-85ac-48996b76e99e/test]   🐳  docker cp src=/tmp/act-cache/3c7f50a5-98c4-45df-b392-4b52f8183502/act/actions-setup-java@v2/ dst=/var/run/act/actions/actions-setup-java@v2/
[83e32a03-0c0c-40fb-85ac-48996b76e99e/test]   🐳  docker exec cmd=[chown -R 1012:1013 /var/run/act/actions/actions-setup-java@v2/] user=0 workdir=
[83e32a03-0c0c-40fb-85ac-48996b76e99e/test]   🐳  docker exec cmd=[node /var/run/act/actions/actions-setup-java@v2/dist/setup/index.js] user= workdir=
[83e32a03-0c0c-40fb-85ac-48996b76e99e/test]   | Trying to resolve the latest version from remote
[83e32a03-0c0c-40fb-85ac-48996b76e99e/test]   | Resolved latest version as 11.0.13
[83e32a03-0c0c-40fb-85ac-48996b76e99e/test]   | Trying to download...
[83e32a03-0c0c-40fb-85ac-48996b76e99e/test]   | Downloading Java 11.0.13 (Microsoft) from https://aka.ms/download-jdk/microsoft-jdk-11.0.13.8.1-linux-x64.tar.gz ...
[83e32a03-0c0c-40fb-85ac-48996b76e99e/test]   💬  ::debug::Downloading https://aka.ms/download-jdk/microsoft-jdk-11.0.13.8.1-linux-x64.tar.gz
[83e32a03-0c0c-40fb-85ac-48996b76e99e/test]   💬  ::debug::Destination /tmp/fcb0e7b6-3300-449d-9328-3ae96096efc2
[83e32a03-0c0c-40fb-85ac-48996b76e99e/test]   💬  ::debug::download complete
[83e32a03-0c0c-40fb-85ac-48996b76e99e/test]   | Extracting Java archive...
[83e32a03-0c0c-40fb-85ac-48996b76e99e/test]   💬  ::debug::Checking tar --version
[83e32a03-0c0c-40fb-85ac-48996b76e99e/test]   💬  ::debug::tar (GNU tar) 1.34%0ACopyright (C) 2021 Free Software Foundation, Inc.%0ALicense GPLv3+: GNU GPL version 3 or later <https://gnu.org/licenses/gpl.html>.%0AThis is free software: you are free to change and redistribute it.%0AThere is NO WARRANTY, to the extent permitted by law.%0A%0AWritten by John Gilmore and Jay Fenlason.
[83e32a03-0c0c-40fb-85ac-48996b76e99e/test]   | [command]/usr/bin/tar xz --warning=no-unknown-keyword -C /tmp/fac0128a-c0e8-4f13-8387-7d8cf7066868 -f /tmp/fcb0e7b6-3300-449d-9328-3ae96096efc2
[83e32a03-0c0c-40fb-85ac-48996b76e99e/test]   💬  ::debug::Caching tool Java_Microsoft_jdk 11.0.13 x64
[83e32a03-0c0c-40fb-85ac-48996b76e99e/test]   💬  ::debug::source dir: /tmp/fac0128a-c0e8-4f13-8387-7d8cf7066868/jdk-11.0.13+8
[83e32a03-0c0c-40fb-85ac-48996b76e99e/test]   💬  ::debug::destination /opt/hostedtoolcache/Java_Microsoft_jdk/11.0.13/x64
[83e32a03-0c0c-40fb-85ac-48996b76e99e/test]   💬  ::debug::finished caching tool
[83e32a03-0c0c-40fb-85ac-48996b76e99e/test]   | Java 11.0.13 was downloaded
[83e32a03-0c0c-40fb-85ac-48996b76e99e/test]   | Setting Java 11.0.13 as the default
[83e32a03-0c0c-40fb-85ac-48996b76e99e/test]   | 
[83e32a03-0c0c-40fb-85ac-48996b76e99e/test]   | Java configuration:
[83e32a03-0c0c-40fb-85ac-48996b76e99e/test]   |   Distribution: microsoft
[83e32a03-0c0c-40fb-85ac-48996b76e99e/test]   |   Version: 11.0.13
[83e32a03-0c0c-40fb-85ac-48996b76e99e/test]   |   Path: /opt/hostedtoolcache/Java_Microsoft_jdk/11.0.13/x64
[83e32a03-0c0c-40fb-85ac-48996b76e99e/test]   | 
[83e32a03-0c0c-40fb-85ac-48996b76e99e/test]   ❓ add-matcher /run/act/actions/actions-setup-java@v2/.github/java.json
[83e32a03-0c0c-40fb-85ac-48996b76e99e/test]   | Creating settings.xml with server-id: github
[83e32a03-0c0c-40fb-85ac-48996b76e99e/test]   | Writing to /home/runner/.m2/settings.xml
[83e32a03-0c0c-40fb-85ac-48996b76e99e/test]   ✅  Success - Main Set up JDK
[83e32a03-0c0c-40fb-85ac-48996b76e99e/test]   ⚙  ::set-env:: JAVA_HOME=/opt/hostedtoolcache/Java_Microsoft_jdk/11.0.13/x64
[83e32a03-0c0c-40fb-85ac-48996b76e99e/test]   ⚙  ::set-output:: distribution=Microsoft
[83e32a03-0c0c-40fb-85ac-48996b76e99e/test]   ⚙  ::set-output:: path=/opt/hostedtoolcache/Java_Microsoft_jdk/11.0.13/x64
[83e32a03-0c0c-40fb-85ac-48996b76e99e/test]   ⚙  ::set-output:: version=11.0.13
[83e32a03-0c0c-40fb-85ac-48996b76e99e/test]   ⚙  ::add-path:: /opt/hostedtoolcache/Java_Microsoft_jdk/11.0.13/x64/bin
[83e32a03-0c0c-40fb-85ac-48996b76e99e/test] unable to get git ref: failed to identify reference (tag/branch) for the checked-out revision '09d7f4542ce314aca64b239959788250b3fb65b7'
[83e32a03-0c0c-40fb-85ac-48996b76e99e/test] unable to get git ref: failed to identify reference (tag/branch) for the checked-out revision '09d7f4542ce314aca64b239959788250b3fb65b7'
[83e32a03-0c0c-40fb-85ac-48996b76e99e/test] unable to get git ref: failed to identify reference (tag/branch) for the checked-out revision '09d7f4542ce314aca64b239959788250b3fb65b7'
[83e32a03-0c0c-40fb-85ac-48996b76e99e/test] unable to get git ref: failed to identify reference (tag/branch) for the checked-out revision '09d7f4542ce314aca64b239959788250b3fb65b7'
[83e32a03-0c0c-40fb-85ac-48996b76e99e/test] unable to get git ref: failed to identify reference (tag/branch) for the checked-out revision '09d7f4542ce314aca64b239959788250b3fb65b7'
[83e32a03-0c0c-40fb-85ac-48996b76e99e/test] ⭐ Run Main Test
[83e32a03-0c0c-40fb-85ac-48996b76e99e/test] unable to get git ref: failed to identify reference (tag/branch) for the checked-out revision '09d7f4542ce314aca64b239959788250b3fb65b7'
[83e32a03-0c0c-40fb-85ac-48996b76e99e/test] unable to get git ref: failed to identify reference (tag/branch) for the checked-out revision '09d7f4542ce314aca64b239959788250b3fb65b7'
[83e32a03-0c0c-40fb-85ac-48996b76e99e/test] unable to get git ref: failed to identify reference (tag/branch) for the checked-out revision '09d7f4542ce314aca64b239959788250b3fb65b7'
[83e32a03-0c0c-40fb-85ac-48996b76e99e/test] unable to get git ref: failed to identify reference (tag/branch) for the checked-out revision '09d7f4542ce314aca64b239959788250b3fb65b7'
[83e32a03-0c0c-40fb-85ac-48996b76e99e/test]   🐳  docker exec cmd=[bash --noprofile --norc -e -o pipefail /var/run/act/workflow/2] user= workdir=
[83e32a03-0c0c-40fb-85ac-48996b76e99e/test]   | Downloading https://services.gradle.org/distributions/gradle-7.4.1-bin.zip
[83e32a03-0c0c-40fb-85ac-48996b76e99e/test]   | ...........10%...........20%...........30%...........40%...........50%...........60%...........70%...........80%...........90%...........100%
[83e32a03-0c0c-40fb-85ac-48996b76e99e/test]   | 
[83e32a03-0c0c-40fb-85ac-48996b76e99e/test]   | Welcome to Gradle 7.4.1!
[83e32a03-0c0c-40fb-85ac-48996b76e99e/test]   | 
[83e32a03-0c0c-40fb-85ac-48996b76e99e/test]   | Here are the highlights of this release:
[83e32a03-0c0c-40fb-85ac-48996b76e99e/test]   |  - Aggregated test and JaCoCo reports
[83e32a03-0c0c-40fb-85ac-48996b76e99e/test]   |  - Marking additional test source directories as tests in IntelliJ
[83e32a03-0c0c-40fb-85ac-48996b76e99e/test]   |  - Support for Adoptium JDKs in Java toolchains
[83e32a03-0c0c-40fb-85ac-48996b76e99e/test]   | 
[83e32a03-0c0c-40fb-85ac-48996b76e99e/test]   | For more details see https://docs.gradle.org/7.4.1/release-notes.html
[83e32a03-0c0c-40fb-85ac-48996b76e99e/test]   | 
[83e32a03-0c0c-40fb-85ac-48996b76e99e/test]   | Starting a Gradle Daemon (subsequent builds will be faster)
[83e32a03-0c0c-40fb-85ac-48996b76e99e/test]   | > Task :generateEffectiveLombokConfig
[83e32a03-0c0c-40fb-85ac-48996b76e99e/test]   | 
[83e32a03-0c0c-40fb-85ac-48996b76e99e/test]   | > Task :compileJava
[83e32a03-0c0c-40fb-85ac-48996b76e99e/test]   | Note: Some input files use or override a deprecated API.
[83e32a03-0c0c-40fb-85ac-48996b76e99e/test]   | Note: Recompile with -Xlint:deprecation for details.
[83e32a03-0c0c-40fb-85ac-48996b76e99e/test]   | Note: Some input files use unchecked or unsafe operations.
[83e32a03-0c0c-40fb-85ac-48996b76e99e/test]   | Note: Recompile with -Xlint:unchecked for details.
[83e32a03-0c0c-40fb-85ac-48996b76e99e/test]   | 
[83e32a03-0c0c-40fb-85ac-48996b76e99e/test]   | > Task :processResources NO-SOURCE
[83e32a03-0c0c-40fb-85ac-48996b76e99e/test]   | > Task :classes
[83e32a03-0c0c-40fb-85ac-48996b76e99e/test]   | > Task :generateTestEffectiveLombokConfig
[83e32a03-0c0c-40fb-85ac-48996b76e99e/test]   | 
[83e32a03-0c0c-40fb-85ac-48996b76e99e/test]   | > Task :compileTestJava
[83e32a03-0c0c-40fb-85ac-48996b76e99e/test]   | Note: Some input files use or override a deprecated API.
[83e32a03-0c0c-40fb-85ac-48996b76e99e/test]   | Note: Recompile with -Xlint:deprecation for details.
[83e32a03-0c0c-40fb-85ac-48996b76e99e/test]   | 
[83e32a03-0c0c-40fb-85ac-48996b76e99e/test]   | > Task :processTestResources NO-SOURCE
[83e32a03-0c0c-40fb-85ac-48996b76e99e/test]   | > Task :testClasses
[83e32a03-0c0c-40fb-85ac-48996b76e99e/test]   | 
[83e32a03-0c0c-40fb-85ac-48996b76e99e/test]   | > Task :test
[83e32a03-0c0c-40fb-85ac-48996b76e99e/test]   | 
[83e32a03-0c0c-40fb-85ac-48996b76e99e/test]   | org.stellar.sdk.requests.ResponseHandlerTest > testTooManyRequests FAILED
[83e32a03-0c0c-40fb-85ac-48996b76e99e/test]   |     java.lang.AssertionError at ResponseHandlerTest.java:34
[83e32a03-0c0c-40fb-85ac-48996b76e99e/test]   | 
[83e32a03-0c0c-40fb-85ac-48996b76e99e/test]   | org.stellar.sdk.requests.ResponseHandlerTest > testTooManyRequestsNoHeader FAILED
[83e32a03-0c0c-40fb-85ac-48996b76e99e/test]   |     java.lang.AssertionError at ResponseHandlerTest.java:59
[83e32a03-0c0c-40fb-85ac-48996b76e99e/test]   | 
[83e32a03-0c0c-40fb-85ac-48996b76e99e/test]   | 499 tests completed, 2 failed, 1 skipped
[83e32a03-0c0c-40fb-85ac-48996b76e99e/test]   | 
[83e32a03-0c0c-40fb-85ac-48996b76e99e/test]   | FAILURE: Build failed with an exception.
[83e32a03-0c0c-40fb-85ac-48996b76e99e/test]   | 
[83e32a03-0c0c-40fb-85ac-48996b76e99e/test]   | 
[83e32a03-0c0c-40fb-85ac-48996b76e99e/test]   | * What went wrong:> Task :test FAILED
[83e32a03-0c0c-40fb-85ac-48996b76e99e/test]   | 
[83e32a03-0c0c-40fb-85ac-48996b76e99e/test]   | Execution failed for task ':test'.
[83e32a03-0c0c-40fb-85ac-48996b76e99e/test]   | > 5 actionable tasks: 5 executed
[83e32a03-0c0c-40fb-85ac-48996b76e99e/test]   | There were failing tests. See the report at: file:///tmp/8dca25dc-b250-4c89-ad12-8ac2105be84a/build/reports/tests/test/index.html
[83e32a03-0c0c-40fb-85ac-48996b76e99e/test]   | 
[83e32a03-0c0c-40fb-85ac-48996b76e99e/test]   | * Try:
[83e32a03-0c0c-40fb-85ac-48996b76e99e/test]   | > Run with --stacktrace option to get the stack trace.
[83e32a03-0c0c-40fb-85ac-48996b76e99e/test]   | > Run with --info or --debug option to get more log output.
[83e32a03-0c0c-40fb-85ac-48996b76e99e/test]   | > Run with --scan to get full insights.
[83e32a03-0c0c-40fb-85ac-48996b76e99e/test]   | 
[83e32a03-0c0c-40fb-85ac-48996b76e99e/test]   | * Get more help at https://help.gradle.org
[83e32a03-0c0c-40fb-85ac-48996b76e99e/test]   | 
[83e32a03-0c0c-40fb-85ac-48996b76e99e/test]   | BUILD FAILED in 45s
[83e32a03-0c0c-40fb-85ac-48996b76e99e/test]   ❌  Failure - Main Test
[83e32a03-0c0c-40fb-85ac-48996b76e99e/test] exitcode '1': failure
[83e32a03-0c0c-40fb-85ac-48996b76e99e/test] unable to get git ref: failed to identify reference (tag/branch) for the checked-out revision '09d7f4542ce314aca64b239959788250b3fb65b7'
[83e32a03-0c0c-40fb-85ac-48996b76e99e/test] unable to get git ref: failed to identify reference (tag/branch) for the checked-out revision '09d7f4542ce314aca64b239959788250b3fb65b7'
[83e32a03-0c0c-40fb-85ac-48996b76e99e/test] unable to get git ref: failed to identify reference (tag/branch) for the checked-out revision '09d7f4542ce314aca64b239959788250b3fb65b7'
[83e32a03-0c0c-40fb-85ac-48996b76e99e/test] unable to get git ref: failed to identify reference (tag/branch) for the checked-out revision '09d7f4542ce314aca64b239959788250b3fb65b7'
[83e32a03-0c0c-40fb-85ac-48996b76e99e/test] unable to get git ref: failed to identify reference (tag/branch) for the checked-out revision '09d7f4542ce314aca64b239959788250b3fb65b7'
[83e32a03-0c0c-40fb-85ac-48996b76e99e/test] ⭐ Run Post Set up JDK
[83e32a03-0c0c-40fb-85ac-48996b76e99e/test]   🐳  docker exec cmd=[node /var/run/act/actions/actions-setup-java@v2/dist/cleanup/index.js] user= workdir=
[83e32a03-0c0c-40fb-85ac-48996b76e99e/test]   ✅  Success - Post Set up JDK
[83e32a03-0c0c-40fb-85ac-48996b76e99e/test] 🏁  Job failed
[83e32a03-0c0c-40fb-85ac-48996b76e99e/test] unable to get git ref: failed to identify reference (tag/branch) for the checked-out revision '09d7f4542ce314aca64b239959788250b3fb65b7'
