[dd7e2d94-4e20-4db6-a636-cefbc3a5a299/build] 🚀  Start image=gitbugactions:latest
[dd7e2d94-4e20-4db6-a636-cefbc3a5a299/build]   🐳  docker pull image=gitbugactions:latest platform= username= forcePull=false
[dd7e2d94-4e20-4db6-a636-cefbc3a5a299/build]   🐳  docker create image=gitbugactions:latest platform= entrypoint=["tail" "-f" "/dev/null"] cmd=[]
[dd7e2d94-4e20-4db6-a636-cefbc3a5a299/build]   🐳  docker run image=gitbugactions:latest platform= entrypoint=["tail" "-f" "/dev/null"] cmd=[]
[dd7e2d94-4e20-4db6-a636-cefbc3a5a299/build]   🐳  docker exec cmd=[chown -R 1012:1013 /tmp/b2a8735a-e076-4d19-a62c-922bee5804bc] user=0 workdir=
[dd7e2d94-4e20-4db6-a636-cefbc3a5a299/build] unable to get git ref: failed to identify reference (tag/branch) for the checked-out revision 'd5bc3cc9d97be0df8e0ce46b000556efb08a9451'
[dd7e2d94-4e20-4db6-a636-cefbc3a5a299/build] unable to get git ref: failed to identify reference (tag/branch) for the checked-out revision 'd5bc3cc9d97be0df8e0ce46b000556efb08a9451'
[dd7e2d94-4e20-4db6-a636-cefbc3a5a299/build] unable to get git ref: failed to identify reference (tag/branch) for the checked-out revision 'd5bc3cc9d97be0df8e0ce46b000556efb08a9451'
[dd7e2d94-4e20-4db6-a636-cefbc3a5a299/build] unable to get git ref: failed to identify reference (tag/branch) for the checked-out revision 'd5bc3cc9d97be0df8e0ce46b000556efb08a9451'
[dd7e2d94-4e20-4db6-a636-cefbc3a5a299/build] unable to get git ref: failed to identify reference (tag/branch) for the checked-out revision 'd5bc3cc9d97be0df8e0ce46b000556efb08a9451'
[dd7e2d94-4e20-4db6-a636-cefbc3a5a299/build] unable to get git ref: failed to identify reference (tag/branch) for the checked-out revision 'd5bc3cc9d97be0df8e0ce46b000556efb08a9451'
[dd7e2d94-4e20-4db6-a636-cefbc3a5a299/build] unable to get git ref: failed to identify reference (tag/branch) for the checked-out revision 'd5bc3cc9d97be0df8e0ce46b000556efb08a9451'
[dd7e2d94-4e20-4db6-a636-cefbc3a5a299/build] unable to get git ref: failed to identify reference (tag/branch) for the checked-out revision 'd5bc3cc9d97be0df8e0ce46b000556efb08a9451'
[dd7e2d94-4e20-4db6-a636-cefbc3a5a299/build] unable to get git ref: failed to identify reference (tag/branch) for the checked-out revision 'd5bc3cc9d97be0df8e0ce46b000556efb08a9451'
[dd7e2d94-4e20-4db6-a636-cefbc3a5a299/build] ⭐ Run Main actions/checkout@v3
[dd7e2d94-4e20-4db6-a636-cefbc3a5a299/build] unable to get git ref: failed to identify reference (tag/branch) for the checked-out revision 'd5bc3cc9d97be0df8e0ce46b000556efb08a9451'
[dd7e2d94-4e20-4db6-a636-cefbc3a5a299/build] unable to get git ref: failed to identify reference (tag/branch) for the checked-out revision 'd5bc3cc9d97be0df8e0ce46b000556efb08a9451'
[dd7e2d94-4e20-4db6-a636-cefbc3a5a299/build]   🐳  docker cp src=/tmp/b2a8735a-e076-4d19-a62c-922bee5804bc/. dst=/tmp/b2a8735a-e076-4d19-a62c-922bee5804bc
[dd7e2d94-4e20-4db6-a636-cefbc3a5a299/build]   🐳  docker exec cmd=[chown -R 1012:1013 /tmp/b2a8735a-e076-4d19-a62c-922bee5804bc] user=0 workdir=
[dd7e2d94-4e20-4db6-a636-cefbc3a5a299/build]   ✅  Success - Main actions/checkout@v3
[dd7e2d94-4e20-4db6-a636-cefbc3a5a299/build] unable to get git ref: failed to identify reference (tag/branch) for the checked-out revision 'd5bc3cc9d97be0df8e0ce46b000556efb08a9451'
[dd7e2d94-4e20-4db6-a636-cefbc3a5a299/build] unable to get git ref: failed to identify reference (tag/branch) for the checked-out revision 'd5bc3cc9d97be0df8e0ce46b000556efb08a9451'
[dd7e2d94-4e20-4db6-a636-cefbc3a5a299/build] unable to get git ref: failed to identify reference (tag/branch) for the checked-out revision 'd5bc3cc9d97be0df8e0ce46b000556efb08a9451'
[dd7e2d94-4e20-4db6-a636-cefbc3a5a299/build] unable to get git ref: failed to identify reference (tag/branch) for the checked-out revision 'd5bc3cc9d97be0df8e0ce46b000556efb08a9451'
[dd7e2d94-4e20-4db6-a636-cefbc3a5a299/build] unable to get git ref: failed to identify reference (tag/branch) for the checked-out revision 'd5bc3cc9d97be0df8e0ce46b000556efb08a9451'
[dd7e2d94-4e20-4db6-a636-cefbc3a5a299/build] ⭐ Run Main actions/setup-java@v3
[dd7e2d94-4e20-4db6-a636-cefbc3a5a299/build] unable to get git ref: failed to identify reference (tag/branch) for the checked-out revision 'd5bc3cc9d97be0df8e0ce46b000556efb08a9451'
[dd7e2d94-4e20-4db6-a636-cefbc3a5a299/build] unable to get git ref: failed to identify reference (tag/branch) for the checked-out revision 'd5bc3cc9d97be0df8e0ce46b000556efb08a9451'
[dd7e2d94-4e20-4db6-a636-cefbc3a5a299/build] unable to get git ref: failed to identify reference (tag/branch) for the checked-out revision 'd5bc3cc9d97be0df8e0ce46b000556efb08a9451'
[dd7e2d94-4e20-4db6-a636-cefbc3a5a299/build]   🐳  docker cp src=/tmp/act-cache/279a65d3-a090-4e2c-aa88-00b40ef5dc4d/act/actions-setup-java@v3/ dst=/var/run/act/actions/actions-setup-java@v3/
[dd7e2d94-4e20-4db6-a636-cefbc3a5a299/build]   🐳  docker exec cmd=[chown -R 1012:1013 /var/run/act/actions/actions-setup-java@v3/] user=0 workdir=
[dd7e2d94-4e20-4db6-a636-cefbc3a5a299/build]   🐳  docker exec cmd=[node /var/run/act/actions/actions-setup-java@v3/dist/setup/index.js] user= workdir=
[dd7e2d94-4e20-4db6-a636-cefbc3a5a299/build]   ❓  ::group::Installed distributions
[dd7e2d94-4e20-4db6-a636-cefbc3a5a299/build]   | Trying to resolve the latest version from remote
[dd7e2d94-4e20-4db6-a636-cefbc3a5a299/build]   💬  ::debug::Gathering available versions from 'https://api.azul.com/zulu/download/community/v1.0/bundles/?os=linux&ext=tar.gz&bundle_type=jdk&javafx=false&arch=x86&hw_bitness=64&release_status=ga'
[dd7e2d94-4e20-4db6-a636-cefbc3a5a299/build]   | Resolved latest version as 11.0.21+9
[dd7e2d94-4e20-4db6-a636-cefbc3a5a299/build]   | Trying to download...
[dd7e2d94-4e20-4db6-a636-cefbc3a5a299/build]   | Downloading Java 11.0.21+9 (Zulu) from https://cdn.azul.com/zulu/bin/zulu11.68.17-ca-jdk11.0.21-linux_x64.tar.gz ...
[dd7e2d94-4e20-4db6-a636-cefbc3a5a299/build]   💬  ::debug::Downloading https://cdn.azul.com/zulu/bin/zulu11.68.17-ca-jdk11.0.21-linux_x64.tar.gz
[dd7e2d94-4e20-4db6-a636-cefbc3a5a299/build]   💬  ::debug::Destination /tmp/02b83584-da34-4d54-a654-a75130a416a6
[dd7e2d94-4e20-4db6-a636-cefbc3a5a299/build]   💬  ::debug::download complete
[dd7e2d94-4e20-4db6-a636-cefbc3a5a299/build]   | Extracting Java archive...
[dd7e2d94-4e20-4db6-a636-cefbc3a5a299/build]   💬  ::debug::Checking tar --version
[dd7e2d94-4e20-4db6-a636-cefbc3a5a299/build]   💬  ::debug::tar (GNU tar) 1.34%0ACopyright (C) 2021 Free Software Foundation, Inc.%0ALicense GPLv3+: GNU GPL version 3 or later <https://gnu.org/licenses/gpl.html>.%0AThis is free software: you are free to change and redistribute it.%0AThere is NO WARRANTY, to the extent permitted by law.%0A%0AWritten by John Gilmore and Jay Fenlason.
[dd7e2d94-4e20-4db6-a636-cefbc3a5a299/build]   | [command]/usr/bin/tar xz --warning=no-unknown-keyword -C /tmp/be97005e-30ab-44e5-a647-399f77103d18 -f /tmp/02b83584-da34-4d54-a654-a75130a416a6
[dd7e2d94-4e20-4db6-a636-cefbc3a5a299/build]   💬  ::debug::Caching tool Java_Zulu_jdk 11.0.21-9 x64
[dd7e2d94-4e20-4db6-a636-cefbc3a5a299/build]   💬  ::debug::source dir: /tmp/be97005e-30ab-44e5-a647-399f77103d18/zulu11.68.17-ca-jdk11.0.21-linux_x64
[dd7e2d94-4e20-4db6-a636-cefbc3a5a299/build]   💬  ::debug::destination /opt/hostedtoolcache/Java_Zulu_jdk/11.0.21-9/x64
[dd7e2d94-4e20-4db6-a636-cefbc3a5a299/build]   💬  ::debug::finished caching tool
[dd7e2d94-4e20-4db6-a636-cefbc3a5a299/build]   | Java 11.0.21+9 was downloaded
[dd7e2d94-4e20-4db6-a636-cefbc3a5a299/build]   | Setting Java 11.0.21+9 as the default
[dd7e2d94-4e20-4db6-a636-cefbc3a5a299/build]   | Creating toolchains.xml for JDK version 11 from zulu
[dd7e2d94-4e20-4db6-a636-cefbc3a5a299/build]   | Writing to /home/runner/.m2/toolchains.xml
[dd7e2d94-4e20-4db6-a636-cefbc3a5a299/build]   | 
[dd7e2d94-4e20-4db6-a636-cefbc3a5a299/build]   | Java configuration:
[dd7e2d94-4e20-4db6-a636-cefbc3a5a299/build]   |   Distribution: zulu
[dd7e2d94-4e20-4db6-a636-cefbc3a5a299/build]   |   Version: 11.0.21+9
[dd7e2d94-4e20-4db6-a636-cefbc3a5a299/build]   |   Path: /opt/hostedtoolcache/Java_Zulu_jdk/11.0.21-9/x64
[dd7e2d94-4e20-4db6-a636-cefbc3a5a299/build]   | 
[dd7e2d94-4e20-4db6-a636-cefbc3a5a299/build]   ❓  ::endgroup::
[dd7e2d94-4e20-4db6-a636-cefbc3a5a299/build]   ❓ add-matcher /run/act/actions/actions-setup-java@v3/.github/java.json
[dd7e2d94-4e20-4db6-a636-cefbc3a5a299/build]   | Creating settings.xml with server-id: github
[dd7e2d94-4e20-4db6-a636-cefbc3a5a299/build]   | Writing to /home/runner/.m2/settings.xml
[dd7e2d94-4e20-4db6-a636-cefbc3a5a299/build]   ✅  Success - Main actions/setup-java@v3
[dd7e2d94-4e20-4db6-a636-cefbc3a5a299/build]   ⚙  ::set-env:: JAVA_HOME=/opt/hostedtoolcache/Java_Zulu_jdk/11.0.21-9/x64
[dd7e2d94-4e20-4db6-a636-cefbc3a5a299/build]   ⚙  ::set-env:: JAVA_HOME_11_X64=/opt/hostedtoolcache/Java_Zulu_jdk/11.0.21-9/x64
[dd7e2d94-4e20-4db6-a636-cefbc3a5a299/build]   ⚙  ::set-output:: path=/opt/hostedtoolcache/Java_Zulu_jdk/11.0.21-9/x64
[dd7e2d94-4e20-4db6-a636-cefbc3a5a299/build]   ⚙  ::set-output:: version=11.0.21+9
[dd7e2d94-4e20-4db6-a636-cefbc3a5a299/build]   ⚙  ::set-output:: distribution=Zulu
[dd7e2d94-4e20-4db6-a636-cefbc3a5a299/build]   ⚙  ::add-path:: /opt/hostedtoolcache/Java_Zulu_jdk/11.0.21-9/x64/bin
[dd7e2d94-4e20-4db6-a636-cefbc3a5a299/build] unable to get git ref: failed to identify reference (tag/branch) for the checked-out revision 'd5bc3cc9d97be0df8e0ce46b000556efb08a9451'
[dd7e2d94-4e20-4db6-a636-cefbc3a5a299/build] unable to get git ref: failed to identify reference (tag/branch) for the checked-out revision 'd5bc3cc9d97be0df8e0ce46b000556efb08a9451'
[dd7e2d94-4e20-4db6-a636-cefbc3a5a299/build] unable to get git ref: failed to identify reference (tag/branch) for the checked-out revision 'd5bc3cc9d97be0df8e0ce46b000556efb08a9451'
[dd7e2d94-4e20-4db6-a636-cefbc3a5a299/build] unable to get git ref: failed to identify reference (tag/branch) for the checked-out revision 'd5bc3cc9d97be0df8e0ce46b000556efb08a9451'
[dd7e2d94-4e20-4db6-a636-cefbc3a5a299/build] unable to get git ref: failed to identify reference (tag/branch) for the checked-out revision 'd5bc3cc9d97be0df8e0ce46b000556efb08a9451'
[dd7e2d94-4e20-4db6-a636-cefbc3a5a299/build] ⭐ Run Main ./gradlew build --no-daemon --warning-mode=fail
[dd7e2d94-4e20-4db6-a636-cefbc3a5a299/build] unable to get git ref: failed to identify reference (tag/branch) for the checked-out revision 'd5bc3cc9d97be0df8e0ce46b000556efb08a9451'
[dd7e2d94-4e20-4db6-a636-cefbc3a5a299/build] unable to get git ref: failed to identify reference (tag/branch) for the checked-out revision 'd5bc3cc9d97be0df8e0ce46b000556efb08a9451'
[dd7e2d94-4e20-4db6-a636-cefbc3a5a299/build] unable to get git ref: failed to identify reference (tag/branch) for the checked-out revision 'd5bc3cc9d97be0df8e0ce46b000556efb08a9451'
[dd7e2d94-4e20-4db6-a636-cefbc3a5a299/build] unable to get git ref: failed to identify reference (tag/branch) for the checked-out revision 'd5bc3cc9d97be0df8e0ce46b000556efb08a9451'
[dd7e2d94-4e20-4db6-a636-cefbc3a5a299/build]   🐳  docker exec cmd=[bash --noprofile --norc -e -o pipefail /var/run/act/workflow/2] user= workdir=
[dd7e2d94-4e20-4db6-a636-cefbc3a5a299/build]   | Downloading https://services.gradle.org/distributions/gradle-7.5.1-bin.zip
[dd7e2d94-4e20-4db6-a636-cefbc3a5a299/build]   | ...........10%............20%...........30%............40%...........50%............60%...........70%............80%...........90%............100%
[dd7e2d94-4e20-4db6-a636-cefbc3a5a299/build]   | 
[dd7e2d94-4e20-4db6-a636-cefbc3a5a299/build]   | Welcome to Gradle 7.5.1!
[dd7e2d94-4e20-4db6-a636-cefbc3a5a299/build]   | 
[dd7e2d94-4e20-4db6-a636-cefbc3a5a299/build]   | Here are the highlights of this release:
[dd7e2d94-4e20-4db6-a636-cefbc3a5a299/build]   |  - Support for Java 18
[dd7e2d94-4e20-4db6-a636-cefbc3a5a299/build]   |  - Support for building with Groovy 4
[dd7e2d94-4e20-4db6-a636-cefbc3a5a299/build]   |  - Much more responsive continuous builds
[dd7e2d94-4e20-4db6-a636-cefbc3a5a299/build]   |  - Improved diagnostics for dependency resolution
[dd7e2d94-4e20-4db6-a636-cefbc3a5a299/build]   | 
[dd7e2d94-4e20-4db6-a636-cefbc3a5a299/build]   | For more details see https://docs.gradle.org/7.5.1/release-notes.html
[dd7e2d94-4e20-4db6-a636-cefbc3a5a299/build]   | 
[dd7e2d94-4e20-4db6-a636-cefbc3a5a299/build]   | To honour the JVM settings for this build a single-use Daemon process will be forked. See https://docs.gradle.org/7.5.1/userguide/gradle_daemon.html#sec:disabling_the_daemon.
[dd7e2d94-4e20-4db6-a636-cefbc3a5a299/build]   | Daemon will be stopped at the end of the build 
[dd7e2d94-4e20-4db6-a636-cefbc3a5a299/build]   | 
[dd7e2d94-4e20-4db6-a636-cefbc3a5a299/build]   | > Configure project :
[dd7e2d94-4e20-4db6-a636-cefbc3a5a299/build]   | Kordamp Enforcer Gradle plugin 0.13.0. Consider becoming a patron at https://www.patreon.com/aalmiray
[dd7e2d94-4e20-4db6-a636-cefbc3a5a299/build]   | 
[dd7e2d94-4e20-4db6-a636-cefbc3a5a299/build]   | > Task :copyDependencies
[dd7e2d94-4e20-4db6-a636-cefbc3a5a299/build]   | > Task :extractIncludeProto
[dd7e2d94-4e20-4db6-a636-cefbc3a5a299/build]   | > Task :extractProto
[dd7e2d94-4e20-4db6-a636-cefbc3a5a299/build]   | > Task :generateProto
[dd7e2d94-4e20-4db6-a636-cefbc3a5a299/build]   | > Task :compileJava
[dd7e2d94-4e20-4db6-a636-cefbc3a5a299/build]   | Note: Some input files use or override a deprecated API.
[dd7e2d94-4e20-4db6-a636-cefbc3a5a299/build]   | Note: Recompile with -Xlint:deprecation for details.
[dd7e2d94-4e20-4db6-a636-cefbc3a5a299/build]   | Note: Some input files use unchecked or unsafe operations.
[dd7e2d94-4e20-4db6-a636-cefbc3a5a299/build]   | Note: Recompile with -Xlint:unchecked for details.
[dd7e2d94-4e20-4db6-a636-cefbc3a5a299/build]   | 
[dd7e2d94-4e20-4db6-a636-cefbc3a5a299/build]   | > Task :processResources
[dd7e2d94-4e20-4db6-a636-cefbc3a5a299/build]   | > Task :classes
[dd7e2d94-4e20-4db6-a636-cefbc3a5a299/build]   | > Task :jar
[dd7e2d94-4e20-4db6-a636-cefbc3a5a299/build]   | > Task :assemble
[dd7e2d94-4e20-4db6-a636-cefbc3a5a299/build]   | > Task :extractIncludeTestProto
[dd7e2d94-4e20-4db6-a636-cefbc3a5a299/build]   | > Task :extractTestProto
[dd7e2d94-4e20-4db6-a636-cefbc3a5a299/build]   | > Task :generateTestProto NO-SOURCE
[dd7e2d94-4e20-4db6-a636-cefbc3a5a299/build]   | 
[dd7e2d94-4e20-4db6-a636-cefbc3a5a299/build]   | > Task :compileTestJava
[dd7e2d94-4e20-4db6-a636-cefbc3a5a299/build]   | Note: Some input files use or override a deprecated API.
[dd7e2d94-4e20-4db6-a636-cefbc3a5a299/build]   | Note: Recompile with -Xlint:deprecation for details.
[dd7e2d94-4e20-4db6-a636-cefbc3a5a299/build]   | 
[dd7e2d94-4e20-4db6-a636-cefbc3a5a299/build]   | > Task :processTestResources NO-SOURCE
[dd7e2d94-4e20-4db6-a636-cefbc3a5a299/build]   | > Task :testClasses
[dd7e2d94-4e20-4db6-a636-cefbc3a5a299/build]   | > Task :checkstyleTest SKIPPED
[dd7e2d94-4e20-4db6-a636-cefbc3a5a299/build]   | > Task :checkstyleMain
[dd7e2d94-4e20-4db6-a636-cefbc3a5a299/build]   | 
[dd7e2d94-4e20-4db6-a636-cefbc3a5a299/build]   | > Task :test FAILED
[dd7e2d94-4e20-4db6-a636-cefbc3a5a299/build]   | 
[dd7e2d94-4e20-4db6-a636-cefbc3a5a299/build]   | T800xProtocolDecoderTest > testDecode() FAILED
[dd7e2d94-4e20-4db6-a636-cefbc3a5a299/build]   |     java.lang.NumberFormatException at T800xProtocolDecoderTest.java:14
[dd7e2d94-4e20-4db6-a636-cefbc3a5a299/build]   | 
[dd7e2d94-4e20-4db6-a636-cefbc3a5a299/build]   | 502 tests completed, 1 failed, 23 skipped
[dd7e2d94-4e20-4db6-a636-cefbc3a5a299/build]   | 
[dd7e2d94-4e20-4db6-a636-cefbc3a5a299/build]   | FAILURE: Build failed with an exception.
[dd7e2d94-4e20-4db6-a636-cefbc3a5a299/build]   | 
[dd7e2d94-4e20-4db6-a636-cefbc3a5a299/build]   | * What went wrong:
[dd7e2d94-4e20-4db6-a636-cefbc3a5a299/build]   | Execution failed for task ':test'.
[dd7e2d94-4e20-4db6-a636-cefbc3a5a299/build]   | > There were failing tests. See the report at: file:///tmp/b2a8735a-e076-4d19-a62c-922bee5804bc/build/reports/tests/test/index.html
[dd7e2d94-4e20-4db6-a636-cefbc3a5a299/build]   | 
[dd7e2d94-4e20-4db6-a636-cefbc3a5a299/build]   | * Try:
[dd7e2d94-4e20-4db6-a636-cefbc3a5a299/build]   | > Run with --stacktrace option to get the stack trace.
[dd7e2d94-4e20-4db6-a636-cefbc3a5a299/build]   | > Run with --info or --debug option to get more log output.
[dd7e2d94-4e20-4db6-a636-cefbc3a5a299/build]   | > Run with --scan to get full insights.
[dd7e2d94-4e20-4db6-a636-cefbc3a5a299/build]   | 
[dd7e2d94-4e20-4db6-a636-cefbc3a5a299/build]   | * Get more help at https://help.gradle.org
[dd7e2d94-4e20-4db6-a636-cefbc3a5a299/build]   | 
[dd7e2d94-4e20-4db6-a636-cefbc3a5a299/build]   | 12 actionable tasks: 12 executed
[dd7e2d94-4e20-4db6-a636-cefbc3a5a299/build]   | BUILD FAILED in 3m
[dd7e2d94-4e20-4db6-a636-cefbc3a5a299/build]   ❌  Failure - Main ./gradlew build --no-daemon --warning-mode=fail
[dd7e2d94-4e20-4db6-a636-cefbc3a5a299/build] exitcode '1': failure
[dd7e2d94-4e20-4db6-a636-cefbc3a5a299/build] unable to get git ref: failed to identify reference (tag/branch) for the checked-out revision 'd5bc3cc9d97be0df8e0ce46b000556efb08a9451'
[dd7e2d94-4e20-4db6-a636-cefbc3a5a299/build] unable to get git ref: failed to identify reference (tag/branch) for the checked-out revision 'd5bc3cc9d97be0df8e0ce46b000556efb08a9451'
[dd7e2d94-4e20-4db6-a636-cefbc3a5a299/build] unable to get git ref: failed to identify reference (tag/branch) for the checked-out revision 'd5bc3cc9d97be0df8e0ce46b000556efb08a9451'
[dd7e2d94-4e20-4db6-a636-cefbc3a5a299/build] unable to get git ref: failed to identify reference (tag/branch) for the checked-out revision 'd5bc3cc9d97be0df8e0ce46b000556efb08a9451'
[dd7e2d94-4e20-4db6-a636-cefbc3a5a299/build] unable to get git ref: failed to identify reference (tag/branch) for the checked-out revision 'd5bc3cc9d97be0df8e0ce46b000556efb08a9451'
[dd7e2d94-4e20-4db6-a636-cefbc3a5a299/build] ⭐ Run Post actions/setup-java@v3
[dd7e2d94-4e20-4db6-a636-cefbc3a5a299/build]   🐳  docker exec cmd=[node /var/run/act/actions/actions-setup-java@v3/dist/cleanup/index.js] user= workdir=
[dd7e2d94-4e20-4db6-a636-cefbc3a5a299/build]   ✅  Success - Post actions/setup-java@v3
[dd7e2d94-4e20-4db6-a636-cefbc3a5a299/build] 🏁  Job failed
[dd7e2d94-4e20-4db6-a636-cefbc3a5a299/build] unable to get git ref: failed to identify reference (tag/branch) for the checked-out revision 'd5bc3cc9d97be0df8e0ce46b000556efb08a9451'
