[a6aab7ca-44aa-4407-83f4-5061d7fc896a/build] 🚀  Start image=gitbugactions:latest
[a6aab7ca-44aa-4407-83f4-5061d7fc896a/build]   🐳  docker pull image=gitbugactions:latest platform= username= forcePull=false
[a6aab7ca-44aa-4407-83f4-5061d7fc896a/build]   🐳  docker create image=gitbugactions:latest platform= entrypoint=["tail" "-f" "/dev/null"] cmd=[]
[a6aab7ca-44aa-4407-83f4-5061d7fc896a/build]   🐳  docker run image=gitbugactions:latest platform= entrypoint=["tail" "-f" "/dev/null"] cmd=[]
[a6aab7ca-44aa-4407-83f4-5061d7fc896a/build]   🐳  docker exec cmd=[chown -R 1012:1013 /tmp/b2a8735a-e076-4d19-a62c-922bee5804bc] user=0 workdir=
[a6aab7ca-44aa-4407-83f4-5061d7fc896a/build] unable to get git ref: failed to identify reference (tag/branch) for the checked-out revision 'd5bc3cc9d97be0df8e0ce46b000556efb08a9451'
[a6aab7ca-44aa-4407-83f4-5061d7fc896a/build] unable to get git ref: failed to identify reference (tag/branch) for the checked-out revision 'd5bc3cc9d97be0df8e0ce46b000556efb08a9451'
[a6aab7ca-44aa-4407-83f4-5061d7fc896a/build] unable to get git ref: failed to identify reference (tag/branch) for the checked-out revision 'd5bc3cc9d97be0df8e0ce46b000556efb08a9451'
[a6aab7ca-44aa-4407-83f4-5061d7fc896a/build] unable to get git ref: failed to identify reference (tag/branch) for the checked-out revision 'd5bc3cc9d97be0df8e0ce46b000556efb08a9451'
[a6aab7ca-44aa-4407-83f4-5061d7fc896a/build] unable to get git ref: failed to identify reference (tag/branch) for the checked-out revision 'd5bc3cc9d97be0df8e0ce46b000556efb08a9451'
[a6aab7ca-44aa-4407-83f4-5061d7fc896a/build] unable to get git ref: failed to identify reference (tag/branch) for the checked-out revision 'd5bc3cc9d97be0df8e0ce46b000556efb08a9451'
[a6aab7ca-44aa-4407-83f4-5061d7fc896a/build] unable to get git ref: failed to identify reference (tag/branch) for the checked-out revision 'd5bc3cc9d97be0df8e0ce46b000556efb08a9451'
[a6aab7ca-44aa-4407-83f4-5061d7fc896a/build] unable to get git ref: failed to identify reference (tag/branch) for the checked-out revision 'd5bc3cc9d97be0df8e0ce46b000556efb08a9451'
[a6aab7ca-44aa-4407-83f4-5061d7fc896a/build] unable to get git ref: failed to identify reference (tag/branch) for the checked-out revision 'd5bc3cc9d97be0df8e0ce46b000556efb08a9451'
[a6aab7ca-44aa-4407-83f4-5061d7fc896a/build] ⭐ Run Main actions/checkout@v3
[a6aab7ca-44aa-4407-83f4-5061d7fc896a/build] unable to get git ref: failed to identify reference (tag/branch) for the checked-out revision 'd5bc3cc9d97be0df8e0ce46b000556efb08a9451'
[a6aab7ca-44aa-4407-83f4-5061d7fc896a/build] unable to get git ref: failed to identify reference (tag/branch) for the checked-out revision 'd5bc3cc9d97be0df8e0ce46b000556efb08a9451'
[a6aab7ca-44aa-4407-83f4-5061d7fc896a/build]   🐳  docker cp src=/tmp/b2a8735a-e076-4d19-a62c-922bee5804bc/. dst=/tmp/b2a8735a-e076-4d19-a62c-922bee5804bc
[a6aab7ca-44aa-4407-83f4-5061d7fc896a/build]   🐳  docker exec cmd=[chown -R 1012:1013 /tmp/b2a8735a-e076-4d19-a62c-922bee5804bc] user=0 workdir=
[a6aab7ca-44aa-4407-83f4-5061d7fc896a/build]   ✅  Success - Main actions/checkout@v3
[a6aab7ca-44aa-4407-83f4-5061d7fc896a/build] unable to get git ref: failed to identify reference (tag/branch) for the checked-out revision 'd5bc3cc9d97be0df8e0ce46b000556efb08a9451'
[a6aab7ca-44aa-4407-83f4-5061d7fc896a/build] unable to get git ref: failed to identify reference (tag/branch) for the checked-out revision 'd5bc3cc9d97be0df8e0ce46b000556efb08a9451'
[a6aab7ca-44aa-4407-83f4-5061d7fc896a/build] unable to get git ref: failed to identify reference (tag/branch) for the checked-out revision 'd5bc3cc9d97be0df8e0ce46b000556efb08a9451'
[a6aab7ca-44aa-4407-83f4-5061d7fc896a/build] unable to get git ref: failed to identify reference (tag/branch) for the checked-out revision 'd5bc3cc9d97be0df8e0ce46b000556efb08a9451'
[a6aab7ca-44aa-4407-83f4-5061d7fc896a/build] unable to get git ref: failed to identify reference (tag/branch) for the checked-out revision 'd5bc3cc9d97be0df8e0ce46b000556efb08a9451'
[a6aab7ca-44aa-4407-83f4-5061d7fc896a/build] ⭐ Run Main actions/setup-java@v3
[a6aab7ca-44aa-4407-83f4-5061d7fc896a/build] unable to get git ref: failed to identify reference (tag/branch) for the checked-out revision 'd5bc3cc9d97be0df8e0ce46b000556efb08a9451'
[a6aab7ca-44aa-4407-83f4-5061d7fc896a/build] unable to get git ref: failed to identify reference (tag/branch) for the checked-out revision 'd5bc3cc9d97be0df8e0ce46b000556efb08a9451'
[a6aab7ca-44aa-4407-83f4-5061d7fc896a/build] unable to get git ref: failed to identify reference (tag/branch) for the checked-out revision 'd5bc3cc9d97be0df8e0ce46b000556efb08a9451'
[a6aab7ca-44aa-4407-83f4-5061d7fc896a/build]   🐳  docker cp src=/tmp/act-cache/279a65d3-a090-4e2c-aa88-00b40ef5dc4d/act/actions-setup-java@v3/ dst=/var/run/act/actions/actions-setup-java@v3/
[a6aab7ca-44aa-4407-83f4-5061d7fc896a/build]   🐳  docker exec cmd=[chown -R 1012:1013 /var/run/act/actions/actions-setup-java@v3/] user=0 workdir=
[a6aab7ca-44aa-4407-83f4-5061d7fc896a/build]   🐳  docker exec cmd=[node /var/run/act/actions/actions-setup-java@v3/dist/setup/index.js] user= workdir=
[a6aab7ca-44aa-4407-83f4-5061d7fc896a/build]   ❓  ::group::Installed distributions
[a6aab7ca-44aa-4407-83f4-5061d7fc896a/build]   | Trying to resolve the latest version from remote
[a6aab7ca-44aa-4407-83f4-5061d7fc896a/build]   💬  ::debug::Gathering available versions from 'https://api.azul.com/zulu/download/community/v1.0/bundles/?os=linux&ext=tar.gz&bundle_type=jdk&javafx=false&arch=x86&hw_bitness=64&release_status=ga'
[a6aab7ca-44aa-4407-83f4-5061d7fc896a/build]   | Resolved latest version as 11.0.21+9
[a6aab7ca-44aa-4407-83f4-5061d7fc896a/build]   | Trying to download...
[a6aab7ca-44aa-4407-83f4-5061d7fc896a/build]   | Downloading Java 11.0.21+9 (Zulu) from https://cdn.azul.com/zulu/bin/zulu11.68.17-ca-jdk11.0.21-linux_x64.tar.gz ...
[a6aab7ca-44aa-4407-83f4-5061d7fc896a/build]   💬  ::debug::Downloading https://cdn.azul.com/zulu/bin/zulu11.68.17-ca-jdk11.0.21-linux_x64.tar.gz
[a6aab7ca-44aa-4407-83f4-5061d7fc896a/build]   💬  ::debug::Destination /tmp/b4101b2c-7b8e-4b88-bb34-a3243e3a98ce
[a6aab7ca-44aa-4407-83f4-5061d7fc896a/build]   💬  ::debug::download complete
[a6aab7ca-44aa-4407-83f4-5061d7fc896a/build]   | Extracting Java archive...
[a6aab7ca-44aa-4407-83f4-5061d7fc896a/build]   💬  ::debug::Checking tar --version
[a6aab7ca-44aa-4407-83f4-5061d7fc896a/build]   💬  ::debug::tar (GNU tar) 1.34%0ACopyright (C) 2021 Free Software Foundation, Inc.%0ALicense GPLv3+: GNU GPL version 3 or later <https://gnu.org/licenses/gpl.html>.%0AThis is free software: you are free to change and redistribute it.%0AThere is NO WARRANTY, to the extent permitted by law.%0A%0AWritten by John Gilmore and Jay Fenlason.
[a6aab7ca-44aa-4407-83f4-5061d7fc896a/build]   | [command]/usr/bin/tar xz --warning=no-unknown-keyword -C /tmp/3aa5bf6d-bb2f-4905-ad91-195a069edbb1 -f /tmp/b4101b2c-7b8e-4b88-bb34-a3243e3a98ce
[a6aab7ca-44aa-4407-83f4-5061d7fc896a/build]   💬  ::debug::Caching tool Java_Zulu_jdk 11.0.21-9 x64
[a6aab7ca-44aa-4407-83f4-5061d7fc896a/build]   💬  ::debug::source dir: /tmp/3aa5bf6d-bb2f-4905-ad91-195a069edbb1/zulu11.68.17-ca-jdk11.0.21-linux_x64
[a6aab7ca-44aa-4407-83f4-5061d7fc896a/build]   💬  ::debug::destination /opt/hostedtoolcache/Java_Zulu_jdk/11.0.21-9/x64
[a6aab7ca-44aa-4407-83f4-5061d7fc896a/build]   💬  ::debug::finished caching tool
[a6aab7ca-44aa-4407-83f4-5061d7fc896a/build]   | Java 11.0.21+9 was downloaded
[a6aab7ca-44aa-4407-83f4-5061d7fc896a/build]   | Setting Java 11.0.21+9 as the default
[a6aab7ca-44aa-4407-83f4-5061d7fc896a/build]   | Creating toolchains.xml for JDK version 11 from zulu
[a6aab7ca-44aa-4407-83f4-5061d7fc896a/build]   | Writing to /home/runner/.m2/toolchains.xml
[a6aab7ca-44aa-4407-83f4-5061d7fc896a/build]   | 
[a6aab7ca-44aa-4407-83f4-5061d7fc896a/build]   | Java configuration:
[a6aab7ca-44aa-4407-83f4-5061d7fc896a/build]   |   Distribution: zulu
[a6aab7ca-44aa-4407-83f4-5061d7fc896a/build]   |   Version: 11.0.21+9
[a6aab7ca-44aa-4407-83f4-5061d7fc896a/build]   |   Path: /opt/hostedtoolcache/Java_Zulu_jdk/11.0.21-9/x64
[a6aab7ca-44aa-4407-83f4-5061d7fc896a/build]   | 
[a6aab7ca-44aa-4407-83f4-5061d7fc896a/build]   ❓  ::endgroup::
[a6aab7ca-44aa-4407-83f4-5061d7fc896a/build]   ❓ add-matcher /run/act/actions/actions-setup-java@v3/.github/java.json
[a6aab7ca-44aa-4407-83f4-5061d7fc896a/build]   | Creating settings.xml with server-id: github
[a6aab7ca-44aa-4407-83f4-5061d7fc896a/build]   | Writing to /home/runner/.m2/settings.xml
[a6aab7ca-44aa-4407-83f4-5061d7fc896a/build]   ✅  Success - Main actions/setup-java@v3
[a6aab7ca-44aa-4407-83f4-5061d7fc896a/build]   ⚙  ::set-env:: JAVA_HOME=/opt/hostedtoolcache/Java_Zulu_jdk/11.0.21-9/x64
[a6aab7ca-44aa-4407-83f4-5061d7fc896a/build]   ⚙  ::set-env:: JAVA_HOME_11_X64=/opt/hostedtoolcache/Java_Zulu_jdk/11.0.21-9/x64
[a6aab7ca-44aa-4407-83f4-5061d7fc896a/build]   ⚙  ::set-output:: distribution=Zulu
[a6aab7ca-44aa-4407-83f4-5061d7fc896a/build]   ⚙  ::set-output:: path=/opt/hostedtoolcache/Java_Zulu_jdk/11.0.21-9/x64
[a6aab7ca-44aa-4407-83f4-5061d7fc896a/build]   ⚙  ::set-output:: version=11.0.21+9
[a6aab7ca-44aa-4407-83f4-5061d7fc896a/build]   ⚙  ::add-path:: /opt/hostedtoolcache/Java_Zulu_jdk/11.0.21-9/x64/bin
[a6aab7ca-44aa-4407-83f4-5061d7fc896a/build] unable to get git ref: failed to identify reference (tag/branch) for the checked-out revision 'd5bc3cc9d97be0df8e0ce46b000556efb08a9451'
[a6aab7ca-44aa-4407-83f4-5061d7fc896a/build] unable to get git ref: failed to identify reference (tag/branch) for the checked-out revision 'd5bc3cc9d97be0df8e0ce46b000556efb08a9451'
[a6aab7ca-44aa-4407-83f4-5061d7fc896a/build] unable to get git ref: failed to identify reference (tag/branch) for the checked-out revision 'd5bc3cc9d97be0df8e0ce46b000556efb08a9451'
[a6aab7ca-44aa-4407-83f4-5061d7fc896a/build] unable to get git ref: failed to identify reference (tag/branch) for the checked-out revision 'd5bc3cc9d97be0df8e0ce46b000556efb08a9451'
[a6aab7ca-44aa-4407-83f4-5061d7fc896a/build] unable to get git ref: failed to identify reference (tag/branch) for the checked-out revision 'd5bc3cc9d97be0df8e0ce46b000556efb08a9451'
[a6aab7ca-44aa-4407-83f4-5061d7fc896a/build] ⭐ Run Main ./gradlew build --no-daemon --warning-mode=fail
[a6aab7ca-44aa-4407-83f4-5061d7fc896a/build] unable to get git ref: failed to identify reference (tag/branch) for the checked-out revision 'd5bc3cc9d97be0df8e0ce46b000556efb08a9451'
[a6aab7ca-44aa-4407-83f4-5061d7fc896a/build] unable to get git ref: failed to identify reference (tag/branch) for the checked-out revision 'd5bc3cc9d97be0df8e0ce46b000556efb08a9451'
[a6aab7ca-44aa-4407-83f4-5061d7fc896a/build] unable to get git ref: failed to identify reference (tag/branch) for the checked-out revision 'd5bc3cc9d97be0df8e0ce46b000556efb08a9451'
[a6aab7ca-44aa-4407-83f4-5061d7fc896a/build] unable to get git ref: failed to identify reference (tag/branch) for the checked-out revision 'd5bc3cc9d97be0df8e0ce46b000556efb08a9451'
[a6aab7ca-44aa-4407-83f4-5061d7fc896a/build]   🐳  docker exec cmd=[bash --noprofile --norc -e -o pipefail /var/run/act/workflow/2] user= workdir=
[a6aab7ca-44aa-4407-83f4-5061d7fc896a/build]   | Downloading https://services.gradle.org/distributions/gradle-7.5.1-bin.zip
[a6aab7ca-44aa-4407-83f4-5061d7fc896a/build]   | ...........10%............20%...........30%............40%...........50%............60%...........70%............80%...........90%............100%
[a6aab7ca-44aa-4407-83f4-5061d7fc896a/build]   | 
[a6aab7ca-44aa-4407-83f4-5061d7fc896a/build]   | Welcome to Gradle 7.5.1!
[a6aab7ca-44aa-4407-83f4-5061d7fc896a/build]   | 
[a6aab7ca-44aa-4407-83f4-5061d7fc896a/build]   | Here are the highlights of this release:
[a6aab7ca-44aa-4407-83f4-5061d7fc896a/build]   |  - Support for Java 18
[a6aab7ca-44aa-4407-83f4-5061d7fc896a/build]   |  - Support for building with Groovy 4
[a6aab7ca-44aa-4407-83f4-5061d7fc896a/build]   |  - Much more responsive continuous builds
[a6aab7ca-44aa-4407-83f4-5061d7fc896a/build]   |  - Improved diagnostics for dependency resolution
[a6aab7ca-44aa-4407-83f4-5061d7fc896a/build]   | 
[a6aab7ca-44aa-4407-83f4-5061d7fc896a/build]   | For more details see https://docs.gradle.org/7.5.1/release-notes.html
[a6aab7ca-44aa-4407-83f4-5061d7fc896a/build]   | 
[a6aab7ca-44aa-4407-83f4-5061d7fc896a/build]   | To honour the JVM settings for this build a single-use Daemon process will be forked. See https://docs.gradle.org/7.5.1/userguide/gradle_daemon.html#sec:disabling_the_daemon.
[a6aab7ca-44aa-4407-83f4-5061d7fc896a/build]   | Daemon will be stopped at the end of the build 
[a6aab7ca-44aa-4407-83f4-5061d7fc896a/build]   | 
[a6aab7ca-44aa-4407-83f4-5061d7fc896a/build]   | > Configure project :
[a6aab7ca-44aa-4407-83f4-5061d7fc896a/build]   | Kordamp Enforcer Gradle plugin 0.13.0. Consider becoming a patron at https://www.patreon.com/aalmiray
[a6aab7ca-44aa-4407-83f4-5061d7fc896a/build]   | 
[a6aab7ca-44aa-4407-83f4-5061d7fc896a/build]   | > Task :copyDependencies
[a6aab7ca-44aa-4407-83f4-5061d7fc896a/build]   | > Task :extractIncludeProto
[a6aab7ca-44aa-4407-83f4-5061d7fc896a/build]   | > Task :extractProto
[a6aab7ca-44aa-4407-83f4-5061d7fc896a/build]   | > Task :generateProto
[a6aab7ca-44aa-4407-83f4-5061d7fc896a/build]   | > Task :compileJava
[a6aab7ca-44aa-4407-83f4-5061d7fc896a/build]   | Note: Some input files use or override a deprecated API.
[a6aab7ca-44aa-4407-83f4-5061d7fc896a/build]   | Note: Recompile with -Xlint:deprecation for details.
[a6aab7ca-44aa-4407-83f4-5061d7fc896a/build]   | Note: Some input files use unchecked or unsafe operations.
[a6aab7ca-44aa-4407-83f4-5061d7fc896a/build]   | Note: Recompile with -Xlint:unchecked for details.
[a6aab7ca-44aa-4407-83f4-5061d7fc896a/build]   | 
[a6aab7ca-44aa-4407-83f4-5061d7fc896a/build]   | > Task :processResources
[a6aab7ca-44aa-4407-83f4-5061d7fc896a/build]   | > Task :classes
[a6aab7ca-44aa-4407-83f4-5061d7fc896a/build]   | > Task :jar
[a6aab7ca-44aa-4407-83f4-5061d7fc896a/build]   | > Task :assemble
[a6aab7ca-44aa-4407-83f4-5061d7fc896a/build]   | > Task :extractIncludeTestProto
[a6aab7ca-44aa-4407-83f4-5061d7fc896a/build]   | > Task :extractTestProto
[a6aab7ca-44aa-4407-83f4-5061d7fc896a/build]   | > Task :generateTestProto NO-SOURCE
[a6aab7ca-44aa-4407-83f4-5061d7fc896a/build]   | 
[a6aab7ca-44aa-4407-83f4-5061d7fc896a/build]   | > Task :compileTestJava
[a6aab7ca-44aa-4407-83f4-5061d7fc896a/build]   | Note: Some input files use or override a deprecated API.
[a6aab7ca-44aa-4407-83f4-5061d7fc896a/build]   | Note: Recompile with -Xlint:deprecation for details.
[a6aab7ca-44aa-4407-83f4-5061d7fc896a/build]   | 
[a6aab7ca-44aa-4407-83f4-5061d7fc896a/build]   | > Task :processTestResources NO-SOURCE
[a6aab7ca-44aa-4407-83f4-5061d7fc896a/build]   | > Task :testClasses
[a6aab7ca-44aa-4407-83f4-5061d7fc896a/build]   | > Task :checkstyleTest SKIPPED
[a6aab7ca-44aa-4407-83f4-5061d7fc896a/build]   | > Task :checkstyleMain
[a6aab7ca-44aa-4407-83f4-5061d7fc896a/build]   | > Task :test
[a6aab7ca-44aa-4407-83f4-5061d7fc896a/build]   | > Task :check
[a6aab7ca-44aa-4407-83f4-5061d7fc896a/build]   | > Task :build
[a6aab7ca-44aa-4407-83f4-5061d7fc896a/build]   | 
[a6aab7ca-44aa-4407-83f4-5061d7fc896a/build]   | BUILD SUCCESSFUL in 3m 10s
[a6aab7ca-44aa-4407-83f4-5061d7fc896a/build]   | 12 actionable tasks: 12 executed
[a6aab7ca-44aa-4407-83f4-5061d7fc896a/build]   ✅  Success - Main ./gradlew build --no-daemon --warning-mode=fail
[a6aab7ca-44aa-4407-83f4-5061d7fc896a/build] unable to get git ref: failed to identify reference (tag/branch) for the checked-out revision 'd5bc3cc9d97be0df8e0ce46b000556efb08a9451'
[a6aab7ca-44aa-4407-83f4-5061d7fc896a/build] unable to get git ref: failed to identify reference (tag/branch) for the checked-out revision 'd5bc3cc9d97be0df8e0ce46b000556efb08a9451'
[a6aab7ca-44aa-4407-83f4-5061d7fc896a/build] unable to get git ref: failed to identify reference (tag/branch) for the checked-out revision 'd5bc3cc9d97be0df8e0ce46b000556efb08a9451'
[a6aab7ca-44aa-4407-83f4-5061d7fc896a/build] unable to get git ref: failed to identify reference (tag/branch) for the checked-out revision 'd5bc3cc9d97be0df8e0ce46b000556efb08a9451'
[a6aab7ca-44aa-4407-83f4-5061d7fc896a/build] unable to get git ref: failed to identify reference (tag/branch) for the checked-out revision 'd5bc3cc9d97be0df8e0ce46b000556efb08a9451'
[a6aab7ca-44aa-4407-83f4-5061d7fc896a/build] ⭐ Run Post actions/setup-java@v3
[a6aab7ca-44aa-4407-83f4-5061d7fc896a/build]   🐳  docker exec cmd=[node /var/run/act/actions/actions-setup-java@v3/dist/cleanup/index.js] user= workdir=
[a6aab7ca-44aa-4407-83f4-5061d7fc896a/build]   ✅  Success - Post actions/setup-java@v3
[a6aab7ca-44aa-4407-83f4-5061d7fc896a/build] 🏁  Job succeeded
[a6aab7ca-44aa-4407-83f4-5061d7fc896a/build] unable to get git ref: failed to identify reference (tag/branch) for the checked-out revision 'd5bc3cc9d97be0df8e0ce46b000556efb08a9451'
