[337aacda-3a6e-424d-93fd-978e42665c0c/build] 🚀  Start image=crawlergpt:latest
[337aacda-3a6e-424d-93fd-978e42665c0c/build]   🐳  docker pull image=crawlergpt:latest platform= username= forcePull=false
[337aacda-3a6e-424d-93fd-978e42665c0c/build]   🐳  docker create image=crawlergpt:latest platform= entrypoint=["tail" "-f" "/dev/null"] cmd=[]
[337aacda-3a6e-424d-93fd-978e42665c0c/build]   🐳  docker run image=crawlergpt:latest platform= entrypoint=["tail" "-f" "/dev/null"] cmd=[]
[337aacda-3a6e-424d-93fd-978e42665c0c/build]   🐳  docker exec cmd=[chown -R 1012:1013 /tmp/ab2ed543-2974-4655-8b0a-e66d0c946f73] user=0 workdir=
[337aacda-3a6e-424d-93fd-978e42665c0c/build] unable to get git ref: failed to identify reference (tag/branch) for the checked-out revision '46b701512c633642feff862ecb2d882c84d2958a'
[337aacda-3a6e-424d-93fd-978e42665c0c/build] unable to get git ref: failed to identify reference (tag/branch) for the checked-out revision '46b701512c633642feff862ecb2d882c84d2958a'
[337aacda-3a6e-424d-93fd-978e42665c0c/build] unable to get git ref: failed to identify reference (tag/branch) for the checked-out revision '46b701512c633642feff862ecb2d882c84d2958a'
[337aacda-3a6e-424d-93fd-978e42665c0c/build] unable to get git ref: failed to identify reference (tag/branch) for the checked-out revision '46b701512c633642feff862ecb2d882c84d2958a'
[337aacda-3a6e-424d-93fd-978e42665c0c/build] unable to get git ref: failed to identify reference (tag/branch) for the checked-out revision '46b701512c633642feff862ecb2d882c84d2958a'
[337aacda-3a6e-424d-93fd-978e42665c0c/build] 🧪  Matrix: map[java:8 os:ubuntu-latest]
[337aacda-3a6e-424d-93fd-978e42665c0c/build] unable to get git ref: failed to identify reference (tag/branch) for the checked-out revision '46b701512c633642feff862ecb2d882c84d2958a'
[337aacda-3a6e-424d-93fd-978e42665c0c/build] unable to get git ref: failed to identify reference (tag/branch) for the checked-out revision '46b701512c633642feff862ecb2d882c84d2958a'
[337aacda-3a6e-424d-93fd-978e42665c0c/build] unable to get git ref: failed to identify reference (tag/branch) for the checked-out revision '46b701512c633642feff862ecb2d882c84d2958a'
[337aacda-3a6e-424d-93fd-978e42665c0c/build] unable to get git ref: failed to identify reference (tag/branch) for the checked-out revision '46b701512c633642feff862ecb2d882c84d2958a'
[337aacda-3a6e-424d-93fd-978e42665c0c/build] unable to get git ref: failed to identify reference (tag/branch) for the checked-out revision '46b701512c633642feff862ecb2d882c84d2958a'
[337aacda-3a6e-424d-93fd-978e42665c0c/build] unable to get git ref: failed to identify reference (tag/branch) for the checked-out revision '46b701512c633642feff862ecb2d882c84d2958a'
[337aacda-3a6e-424d-93fd-978e42665c0c/build] ⭐ Run Main Checkout the repo
[337aacda-3a6e-424d-93fd-978e42665c0c/build] unable to get git ref: failed to identify reference (tag/branch) for the checked-out revision '46b701512c633642feff862ecb2d882c84d2958a'
[337aacda-3a6e-424d-93fd-978e42665c0c/build]   ✅  Success - Main Checkout the repo
[337aacda-3a6e-424d-93fd-978e42665c0c/build] unable to get git ref: failed to identify reference (tag/branch) for the checked-out revision '46b701512c633642feff862ecb2d882c84d2958a'
[337aacda-3a6e-424d-93fd-978e42665c0c/build] unable to get git ref: failed to identify reference (tag/branch) for the checked-out revision '46b701512c633642feff862ecb2d882c84d2958a'
[337aacda-3a6e-424d-93fd-978e42665c0c/build] unable to get git ref: failed to identify reference (tag/branch) for the checked-out revision '46b701512c633642feff862ecb2d882c84d2958a'
[337aacda-3a6e-424d-93fd-978e42665c0c/build] unable to get git ref: failed to identify reference (tag/branch) for the checked-out revision '46b701512c633642feff862ecb2d882c84d2958a'
[337aacda-3a6e-424d-93fd-978e42665c0c/build] unable to get git ref: failed to identify reference (tag/branch) for the checked-out revision '46b701512c633642feff862ecb2d882c84d2958a'
[337aacda-3a6e-424d-93fd-978e42665c0c/build] ⭐ Run Main Setup Java
[337aacda-3a6e-424d-93fd-978e42665c0c/build] unable to get git ref: failed to identify reference (tag/branch) for the checked-out revision '46b701512c633642feff862ecb2d882c84d2958a'
[337aacda-3a6e-424d-93fd-978e42665c0c/build] unable to get git ref: failed to identify reference (tag/branch) for the checked-out revision '46b701512c633642feff862ecb2d882c84d2958a'
[337aacda-3a6e-424d-93fd-978e42665c0c/build] unable to get git ref: failed to identify reference (tag/branch) for the checked-out revision '46b701512c633642feff862ecb2d882c84d2958a'
[337aacda-3a6e-424d-93fd-978e42665c0c/build]   🐳  docker cp src=/tmp/act-cache/bc2f0fed-c927-4073-a547-cb4c156d6609/act/actions-setup-java@v3/ dst=/var/run/act/actions/actions-setup-java@v3/
[337aacda-3a6e-424d-93fd-978e42665c0c/build]   🐳  docker exec cmd=[chown -R 1012:1013 /var/run/act/actions/actions-setup-java@v3/] user=0 workdir=
[337aacda-3a6e-424d-93fd-978e42665c0c/build]   🐳  docker exec cmd=[node /var/run/act/actions/actions-setup-java@v3/dist/setup/index.js] user= workdir=
[337aacda-3a6e-424d-93fd-978e42665c0c/build]   ❓  ::group::Installed distributions
[337aacda-3a6e-424d-93fd-978e42665c0c/build]   | Trying to resolve the latest version from remote
[337aacda-3a6e-424d-93fd-978e42665c0c/build]   💬  ::debug::Gathering available versions from 'https://api.azul.com/zulu/download/community/v1.0/bundles/?os=linux&ext=tar.gz&bundle_type=jdk&javafx=false&arch=x86&hw_bitness=64&release_status=ga'
[337aacda-3a6e-424d-93fd-978e42665c0c/build]   | Resolved latest version as 8.0.372+7
[337aacda-3a6e-424d-93fd-978e42665c0c/build]   | Trying to download...
[337aacda-3a6e-424d-93fd-978e42665c0c/build]   | Downloading Java 8.0.372+7 (Zulu) from https://cdn.azul.com/zulu/bin/zulu8.70.0.23-ca-jdk8.0.372-linux_x64.tar.gz ...
[337aacda-3a6e-424d-93fd-978e42665c0c/build]   💬  ::debug::Downloading https://cdn.azul.com/zulu/bin/zulu8.70.0.23-ca-jdk8.0.372-linux_x64.tar.gz
[337aacda-3a6e-424d-93fd-978e42665c0c/build]   💬  ::debug::Destination /tmp/9878d36c-82ee-4c68-853c-776f7a7a8c7d
[337aacda-3a6e-424d-93fd-978e42665c0c/build]   💬  ::debug::download complete
[337aacda-3a6e-424d-93fd-978e42665c0c/build]   | Extracting Java archive...
[337aacda-3a6e-424d-93fd-978e42665c0c/build]   💬  ::debug::Checking tar --version
[337aacda-3a6e-424d-93fd-978e42665c0c/build]   💬  ::debug::tar (GNU tar) 1.30%0ACopyright (C) 2017 Free Software Foundation, Inc.%0ALicense GPLv3+: GNU GPL version 3 or later <https://gnu.org/licenses/gpl.html>.%0AThis is free software: you are free to change and redistribute it.%0AThere is NO WARRANTY, to the extent permitted by law.%0A%0AWritten by John Gilmore and Jay Fenlason.
[337aacda-3a6e-424d-93fd-978e42665c0c/build]   | [command]/usr/bin/tar xz --warning=no-unknown-keyword -C /tmp/3c352e38-2449-4ce1-a6fc-9e653fd29b98 -f /tmp/9878d36c-82ee-4c68-853c-776f7a7a8c7d
[337aacda-3a6e-424d-93fd-978e42665c0c/build]   💬  ::debug::Caching tool Java_Zulu_jdk 8.0.372-7 x64
[337aacda-3a6e-424d-93fd-978e42665c0c/build]   💬  ::debug::source dir: /tmp/3c352e38-2449-4ce1-a6fc-9e653fd29b98/zulu8.70.0.23-ca-jdk8.0.372-linux_x64
[337aacda-3a6e-424d-93fd-978e42665c0c/build]   💬  ::debug::destination /opt/hostedtoolcache/Java_Zulu_jdk/8.0.372-7/x64
[337aacda-3a6e-424d-93fd-978e42665c0c/build]   💬  ::debug::finished caching tool
[337aacda-3a6e-424d-93fd-978e42665c0c/build]   | Java 8.0.372+7 was downloaded
[337aacda-3a6e-424d-93fd-978e42665c0c/build]   | Setting Java 8.0.372+7 as the default
[337aacda-3a6e-424d-93fd-978e42665c0c/build]   | Creating toolchains.xml for JDK version 8 from zulu
[337aacda-3a6e-424d-93fd-978e42665c0c/build]   | Writing to /home/runneradmin/.m2/toolchains.xml
[337aacda-3a6e-424d-93fd-978e42665c0c/build]   | 
[337aacda-3a6e-424d-93fd-978e42665c0c/build]   | Java configuration:
[337aacda-3a6e-424d-93fd-978e42665c0c/build]   |   Distribution: zulu
[337aacda-3a6e-424d-93fd-978e42665c0c/build]   |   Version: 8.0.372+7
[337aacda-3a6e-424d-93fd-978e42665c0c/build]   |   Path: /opt/hostedtoolcache/Java_Zulu_jdk/8.0.372-7/x64
[337aacda-3a6e-424d-93fd-978e42665c0c/build]   | 
[337aacda-3a6e-424d-93fd-978e42665c0c/build]   ❓  ::endgroup::
[337aacda-3a6e-424d-93fd-978e42665c0c/build]   ❓ add-matcher /run/act/actions/actions-setup-java@v3/.github/java.json
[337aacda-3a6e-424d-93fd-978e42665c0c/build]   | Creating settings.xml with server-id: github
[337aacda-3a6e-424d-93fd-978e42665c0c/build]   | Writing to /home/runneradmin/.m2/settings.xml
[337aacda-3a6e-424d-93fd-978e42665c0c/build]   ✅  Success - Main Setup Java
[337aacda-3a6e-424d-93fd-978e42665c0c/build]   ⚙  ::set-env:: JAVA_HOME=/opt/hostedtoolcache/Java_Zulu_jdk/8.0.372-7/x64
[337aacda-3a6e-424d-93fd-978e42665c0c/build]   ⚙  ::set-env:: JAVA_HOME_8_X64=/opt/hostedtoolcache/Java_Zulu_jdk/8.0.372-7/x64
[337aacda-3a6e-424d-93fd-978e42665c0c/build]   ⚙  ::set-output:: distribution=Zulu
[337aacda-3a6e-424d-93fd-978e42665c0c/build]   ⚙  ::set-output:: path=/opt/hostedtoolcache/Java_Zulu_jdk/8.0.372-7/x64
[337aacda-3a6e-424d-93fd-978e42665c0c/build]   ⚙  ::set-output:: version=8.0.372+7
[337aacda-3a6e-424d-93fd-978e42665c0c/build]   ⚙  ::add-path:: /opt/hostedtoolcache/Java_Zulu_jdk/8.0.372-7/x64/bin
[337aacda-3a6e-424d-93fd-978e42665c0c/build] unable to get git ref: failed to identify reference (tag/branch) for the checked-out revision '46b701512c633642feff862ecb2d882c84d2958a'
[337aacda-3a6e-424d-93fd-978e42665c0c/build] unable to get git ref: failed to identify reference (tag/branch) for the checked-out revision '46b701512c633642feff862ecb2d882c84d2958a'
[337aacda-3a6e-424d-93fd-978e42665c0c/build] unable to get git ref: failed to identify reference (tag/branch) for the checked-out revision '46b701512c633642feff862ecb2d882c84d2958a'
[337aacda-3a6e-424d-93fd-978e42665c0c/build] unable to get git ref: failed to identify reference (tag/branch) for the checked-out revision '46b701512c633642feff862ecb2d882c84d2958a'
[337aacda-3a6e-424d-93fd-978e42665c0c/build] unable to get git ref: failed to identify reference (tag/branch) for the checked-out revision '46b701512c633642feff862ecb2d882c84d2958a'
[337aacda-3a6e-424d-93fd-978e42665c0c/build] ⭐ Run Main Grant execute permission for gradlew
[337aacda-3a6e-424d-93fd-978e42665c0c/build] unable to get git ref: failed to identify reference (tag/branch) for the checked-out revision '46b701512c633642feff862ecb2d882c84d2958a'
[337aacda-3a6e-424d-93fd-978e42665c0c/build] unable to get git ref: failed to identify reference (tag/branch) for the checked-out revision '46b701512c633642feff862ecb2d882c84d2958a'
[337aacda-3a6e-424d-93fd-978e42665c0c/build] unable to get git ref: failed to identify reference (tag/branch) for the checked-out revision '46b701512c633642feff862ecb2d882c84d2958a'
[337aacda-3a6e-424d-93fd-978e42665c0c/build] unable to get git ref: failed to identify reference (tag/branch) for the checked-out revision '46b701512c633642feff862ecb2d882c84d2958a'
[337aacda-3a6e-424d-93fd-978e42665c0c/build]   🐳  docker exec cmd=[bash --noprofile --norc -e -o pipefail /var/run/act/workflow/2] user= workdir=
[337aacda-3a6e-424d-93fd-978e42665c0c/build]   ✅  Success - Main Grant execute permission for gradlew
[337aacda-3a6e-424d-93fd-978e42665c0c/build] unable to get git ref: failed to identify reference (tag/branch) for the checked-out revision '46b701512c633642feff862ecb2d882c84d2958a'
[337aacda-3a6e-424d-93fd-978e42665c0c/build] unable to get git ref: failed to identify reference (tag/branch) for the checked-out revision '46b701512c633642feff862ecb2d882c84d2958a'
[337aacda-3a6e-424d-93fd-978e42665c0c/build] unable to get git ref: failed to identify reference (tag/branch) for the checked-out revision '46b701512c633642feff862ecb2d882c84d2958a'
[337aacda-3a6e-424d-93fd-978e42665c0c/build] unable to get git ref: failed to identify reference (tag/branch) for the checked-out revision '46b701512c633642feff862ecb2d882c84d2958a'
[337aacda-3a6e-424d-93fd-978e42665c0c/build] unable to get git ref: failed to identify reference (tag/branch) for the checked-out revision '46b701512c633642feff862ecb2d882c84d2958a'
[337aacda-3a6e-424d-93fd-978e42665c0c/build] ⭐ Run Main Cache Gradle packages
[337aacda-3a6e-424d-93fd-978e42665c0c/build] unable to get git ref: failed to identify reference (tag/branch) for the checked-out revision '46b701512c633642feff862ecb2d882c84d2958a'
[337aacda-3a6e-424d-93fd-978e42665c0c/build] unable to get git ref: failed to identify reference (tag/branch) for the checked-out revision '46b701512c633642feff862ecb2d882c84d2958a'
[337aacda-3a6e-424d-93fd-978e42665c0c/build] unable to get git ref: failed to identify reference (tag/branch) for the checked-out revision '46b701512c633642feff862ecb2d882c84d2958a'
[337aacda-3a6e-424d-93fd-978e42665c0c/build]   🐳  docker cp src=/tmp/act-cache/bc2f0fed-c927-4073-a547-cb4c156d6609/act/actions-cache@v3/ dst=/var/run/act/actions/actions-cache@v3/
[337aacda-3a6e-424d-93fd-978e42665c0c/build]   🐳  docker exec cmd=[chown -R 1012:1013 /var/run/act/actions/actions-cache@v3/] user=0 workdir=
[337aacda-3a6e-424d-93fd-978e42665c0c/build]   🐳  docker exec cmd=[node /var/run/act/actions/actions-cache@v3/dist/restore/index.js] user= workdir=
[337aacda-3a6e-424d-93fd-978e42665c0c/build]   | [warning]An internal error has occurred in cache backend. Please check https://www.githubstatus.com/ for any ongoing issue in actions.
[337aacda-3a6e-424d-93fd-978e42665c0c/build]   ✅  Success - Main Cache Gradle packages
[337aacda-3a6e-424d-93fd-978e42665c0c/build]   ⚙  ::set-output:: cache-hit=false
[337aacda-3a6e-424d-93fd-978e42665c0c/build] unable to get git ref: failed to identify reference (tag/branch) for the checked-out revision '46b701512c633642feff862ecb2d882c84d2958a'
[337aacda-3a6e-424d-93fd-978e42665c0c/build] unable to get git ref: failed to identify reference (tag/branch) for the checked-out revision '46b701512c633642feff862ecb2d882c84d2958a'
[337aacda-3a6e-424d-93fd-978e42665c0c/build] unable to get git ref: failed to identify reference (tag/branch) for the checked-out revision '46b701512c633642feff862ecb2d882c84d2958a'
[337aacda-3a6e-424d-93fd-978e42665c0c/build] unable to get git ref: failed to identify reference (tag/branch) for the checked-out revision '46b701512c633642feff862ecb2d882c84d2958a'
[337aacda-3a6e-424d-93fd-978e42665c0c/build] unable to get git ref: failed to identify reference (tag/branch) for the checked-out revision '46b701512c633642feff862ecb2d882c84d2958a'
[337aacda-3a6e-424d-93fd-978e42665c0c/build] ⭐ Run Main Build with Gradle
[337aacda-3a6e-424d-93fd-978e42665c0c/build] unable to get git ref: failed to identify reference (tag/branch) for the checked-out revision '46b701512c633642feff862ecb2d882c84d2958a'
[337aacda-3a6e-424d-93fd-978e42665c0c/build] unable to get git ref: failed to identify reference (tag/branch) for the checked-out revision '46b701512c633642feff862ecb2d882c84d2958a'
[337aacda-3a6e-424d-93fd-978e42665c0c/build] unable to get git ref: failed to identify reference (tag/branch) for the checked-out revision '46b701512c633642feff862ecb2d882c84d2958a'
[337aacda-3a6e-424d-93fd-978e42665c0c/build] unable to get git ref: failed to identify reference (tag/branch) for the checked-out revision '46b701512c633642feff862ecb2d882c84d2958a'
[337aacda-3a6e-424d-93fd-978e42665c0c/build]   🐳  docker exec cmd=[bash --noprofile --norc -e -o pipefail /var/run/act/workflow/4] user= workdir=
[337aacda-3a6e-424d-93fd-978e42665c0c/build]   | Downloading https://services.gradle.org/distributions/gradle-7.4.2-all.zip
[337aacda-3a6e-424d-93fd-978e42665c0c/build]   | ...............10%...............20%...............30%...............40%...............50%................60%...............70%...............80%...............90%...............100%
[337aacda-3a6e-424d-93fd-978e42665c0c/build]   | 
[337aacda-3a6e-424d-93fd-978e42665c0c/build]   | Welcome to Gradle 7.4.2!
[337aacda-3a6e-424d-93fd-978e42665c0c/build]   | 
[337aacda-3a6e-424d-93fd-978e42665c0c/build]   | Here are the highlights of this release:
[337aacda-3a6e-424d-93fd-978e42665c0c/build]   |  - Aggregated test and JaCoCo reports
[337aacda-3a6e-424d-93fd-978e42665c0c/build]   |  - Marking additional test source directories as tests in IntelliJ
[337aacda-3a6e-424d-93fd-978e42665c0c/build]   |  - Support for Adoptium JDKs in Java toolchains
[337aacda-3a6e-424d-93fd-978e42665c0c/build]   | 
[337aacda-3a6e-424d-93fd-978e42665c0c/build]   | For more details see https://docs.gradle.org/7.4.2/release-notes.html
[337aacda-3a6e-424d-93fd-978e42665c0c/build]   | 
[337aacda-3a6e-424d-93fd-978e42665c0c/build]   | Starting a Gradle Daemon (subsequent builds will be faster)
[337aacda-3a6e-424d-93fd-978e42665c0c/build]   | 
[337aacda-3a6e-424d-93fd-978e42665c0c/build]   | > Task :compileJava
[337aacda-3a6e-424d-93fd-978e42665c0c/build]   | Note: /tmp/ab2ed543-2974-4655-8b0a-e66d0c946f73/src/main/java/com/vonage/client/VonageClient.java uses or overrides a deprecated API.
[337aacda-3a6e-424d-93fd-978e42665c0c/build]   | Note: Recompile with -Xlint:deprecation for details.
[337aacda-3a6e-424d-93fd-978e42665c0c/build]   | 
[337aacda-3a6e-424d-93fd-978e42665c0c/build]   | > Task :processResources NO-SOURCE
[337aacda-3a6e-424d-93fd-978e42665c0c/build]   | > Task :classes
[337aacda-3a6e-424d-93fd-978e42665c0c/build]   | > Task :jar
[337aacda-3a6e-424d-93fd-978e42665c0c/build]   | > Task :javadoc
[337aacda-3a6e-424d-93fd-978e42665c0c/build]   | > Task :javadocJar
[337aacda-3a6e-424d-93fd-978e42665c0c/build]   | > Task :sourcesJar
[337aacda-3a6e-424d-93fd-978e42665c0c/build]   | > Task :assemble
[337aacda-3a6e-424d-93fd-978e42665c0c/build]   | > Task :compileTestJava UP-TO-DATE
[337aacda-3a6e-424d-93fd-978e42665c0c/build]   | > Task :processTestResources UP-TO-DATE
[337aacda-3a6e-424d-93fd-978e42665c0c/build]   | > Task :testClasses UP-TO-DATE
[337aacda-3a6e-424d-93fd-978e42665c0c/build]   | > Task :test
[337aacda-3a6e-424d-93fd-978e42665c0c/build]   | > Task :jacocoTestReport
[337aacda-3a6e-424d-93fd-978e42665c0c/build]   | > Task :check
[337aacda-3a6e-424d-93fd-978e42665c0c/build]   | > Task :build
[337aacda-3a6e-424d-93fd-978e42665c0c/build]   | 
[337aacda-3a6e-424d-93fd-978e42665c0c/build]   | BUILD SUCCESSFUL in 1m 13s
[337aacda-3a6e-424d-93fd-978e42665c0c/build]   | 9 actionable tasks: 7 executed, 2 up-to-date
[337aacda-3a6e-424d-93fd-978e42665c0c/build]   ✅  Success - Main Build with Gradle
[337aacda-3a6e-424d-93fd-978e42665c0c/build] unable to get git ref: failed to identify reference (tag/branch) for the checked-out revision '46b701512c633642feff862ecb2d882c84d2958a'
[337aacda-3a6e-424d-93fd-978e42665c0c/build] unable to get git ref: failed to identify reference (tag/branch) for the checked-out revision '46b701512c633642feff862ecb2d882c84d2958a'
[337aacda-3a6e-424d-93fd-978e42665c0c/build] unable to get git ref: failed to identify reference (tag/branch) for the checked-out revision '46b701512c633642feff862ecb2d882c84d2958a'
[337aacda-3a6e-424d-93fd-978e42665c0c/build] unable to get git ref: failed to identify reference (tag/branch) for the checked-out revision '46b701512c633642feff862ecb2d882c84d2958a'
[337aacda-3a6e-424d-93fd-978e42665c0c/build] unable to get git ref: failed to identify reference (tag/branch) for the checked-out revision '46b701512c633642feff862ecb2d882c84d2958a'
[337aacda-3a6e-424d-93fd-978e42665c0c/build] ⭐ Run Main Run Codecov
[337aacda-3a6e-424d-93fd-978e42665c0c/build] unable to get git ref: failed to identify reference (tag/branch) for the checked-out revision '46b701512c633642feff862ecb2d882c84d2958a'
[337aacda-3a6e-424d-93fd-978e42665c0c/build] unable to get git ref: failed to identify reference (tag/branch) for the checked-out revision '46b701512c633642feff862ecb2d882c84d2958a'
[337aacda-3a6e-424d-93fd-978e42665c0c/build] unable to get git ref: failed to identify reference (tag/branch) for the checked-out revision '46b701512c633642feff862ecb2d882c84d2958a'
[337aacda-3a6e-424d-93fd-978e42665c0c/build]   🐳  docker cp src=/tmp/act-cache/bc2f0fed-c927-4073-a547-cb4c156d6609/act/codecov-codecov-action@v2/ dst=/var/run/act/actions/codecov-codecov-action@v2/
[337aacda-3a6e-424d-93fd-978e42665c0c/build]   🐳  docker exec cmd=[chown -R 1012:1013 /var/run/act/actions/codecov-codecov-action@v2/] user=0 workdir=
[337aacda-3a6e-424d-93fd-978e42665c0c/build]   🐳  docker exec cmd=[node /var/run/act/actions/codecov-codecov-action@v2/dist/index.js] user= workdir=
[337aacda-3a6e-424d-93fd-978e42665c0c/build]   | ==> linux OS detected
[337aacda-3a6e-424d-93fd-978e42665c0c/build]   | https://uploader.codecov.io/latest/linux/codecov.SHA256SUM
[337aacda-3a6e-424d-93fd-978e42665c0c/build]   | ==> SHASUM file signed by key id 806bb28aed779869
[337aacda-3a6e-424d-93fd-978e42665c0c/build]   | ==> Uploader SHASUM verified (0c9b79119b0d8dbe7aaf460dc3bd7c3094ceda06e5ae32b0d11a8ff56e2cc5c5  codecov)
[337aacda-3a6e-424d-93fd-978e42665c0c/build]   | ==> Running version latest
[337aacda-3a6e-424d-93fd-978e42665c0c/build]   | ==> Running version v0.6.1
[337aacda-3a6e-424d-93fd-978e42665c0c/build]   | [command]/run/act/actions/codecov-codecov-action@v2/dist/codecov -n  -Q github-action-2.1.0
[337aacda-3a6e-424d-93fd-978e42665c0c/build]   | [2023-07-12T11:12:43.738Z] ['info'] 
[337aacda-3a6e-424d-93fd-978e42665c0c/build]   |      _____          _
[337aacda-3a6e-424d-93fd-978e42665c0c/build]   |     / ____|        | |
[337aacda-3a6e-424d-93fd-978e42665c0c/build]   |    | |     ___   __| | ___  ___ _____   __
[337aacda-3a6e-424d-93fd-978e42665c0c/build]   |    | |    / _ \ / _` |/ _ \/ __/ _ \ \ / /
[337aacda-3a6e-424d-93fd-978e42665c0c/build]   |    | |___| (_) | (_| |  __/ (_| (_) \ V /
[337aacda-3a6e-424d-93fd-978e42665c0c/build]   |     \_____\___/ \__,_|\___|\___\___/ \_/
[337aacda-3a6e-424d-93fd-978e42665c0c/build]   | 
[337aacda-3a6e-424d-93fd-978e42665c0c/build]   |   Codecov report uploader 0.6.1
[337aacda-3a6e-424d-93fd-978e42665c0c/build]   | [2023-07-12T11:12:43.750Z] ['info'] => Project root located at: /tmp/ab2ed543-2974-4655-8b0a-e66d0c946f73
[337aacda-3a6e-424d-93fd-978e42665c0c/build]   | [2023-07-12T11:12:43.756Z] ['info'] -> No token specified or token is empty
[337aacda-3a6e-424d-93fd-978e42665c0c/build]   | [2023-07-12T11:12:43.769Z] ['info'] Searching for coverage files...
[337aacda-3a6e-424d-93fd-978e42665c0c/build]   | [2023-07-12T11:12:43.896Z] ['info'] Warning: Some files located via search were excluded from upload.
[337aacda-3a6e-424d-93fd-978e42665c0c/build]   | [2023-07-12T11:12:43.896Z] ['info'] If Codecov did not locate your files, please review https://docs.codecov.com/docs/supported-report-formats
[337aacda-3a6e-424d-93fd-978e42665c0c/build]   | [2023-07-12T11:12:43.896Z] ['info'] => Found 1 possible coverage files:
[337aacda-3a6e-424d-93fd-978e42665c0c/build]   |   build/reports/jacoco/test/jacocoTestReport.xml
[337aacda-3a6e-424d-93fd-978e42665c0c/build]   | [2023-07-12T11:12:43.896Z] ['info'] Processing /tmp/ab2ed543-2974-4655-8b0a-e66d0c946f73/build/reports/jacoco/test/jacocoTestReport.xml...
[337aacda-3a6e-424d-93fd-978e42665c0c/build]   | [2023-07-12T11:12:43.936Z] ['info'] Detected GitHub Actions as the CI provider.
[337aacda-3a6e-424d-93fd-978e42665c0c/build]   | [2023-07-12T11:12:49.095Z] ['error'] There was an error running the uploader: 
[337aacda-3a6e-424d-93fd-978e42665c0c/build]   | Unable to detect SHA and slug, please specify them manually.
[337aacda-3a6e-424d-93fd-978e42665c0c/build]   | See the help for more details.
[337aacda-3a6e-424d-93fd-978e42665c0c/build]   ✅  Success - Main Run Codecov
[337aacda-3a6e-424d-93fd-978e42665c0c/build] unable to get git ref: failed to identify reference (tag/branch) for the checked-out revision '46b701512c633642feff862ecb2d882c84d2958a'
[337aacda-3a6e-424d-93fd-978e42665c0c/build] unable to get git ref: failed to identify reference (tag/branch) for the checked-out revision '46b701512c633642feff862ecb2d882c84d2958a'
[337aacda-3a6e-424d-93fd-978e42665c0c/build] unable to get git ref: failed to identify reference (tag/branch) for the checked-out revision '46b701512c633642feff862ecb2d882c84d2958a'
[337aacda-3a6e-424d-93fd-978e42665c0c/build] unable to get git ref: failed to identify reference (tag/branch) for the checked-out revision '46b701512c633642feff862ecb2d882c84d2958a'
[337aacda-3a6e-424d-93fd-978e42665c0c/build] unable to get git ref: failed to identify reference (tag/branch) for the checked-out revision '46b701512c633642feff862ecb2d882c84d2958a'
[337aacda-3a6e-424d-93fd-978e42665c0c/build] ⭐ Run Post Cache Gradle packages
[337aacda-3a6e-424d-93fd-978e42665c0c/build]   🐳  docker exec cmd=[node /var/run/act/actions/actions-cache@v3/dist/save/index.js] user= workdir=
[337aacda-3a6e-424d-93fd-978e42665c0c/build]   | [warning]An internal error has occurred in cache backend. Please check https://www.githubstatus.com/ for any ongoing issue in actions.
[337aacda-3a6e-424d-93fd-978e42665c0c/build]   ✅  Success - Post Cache Gradle packages
[337aacda-3a6e-424d-93fd-978e42665c0c/build] unable to get git ref: failed to identify reference (tag/branch) for the checked-out revision '46b701512c633642feff862ecb2d882c84d2958a'
[337aacda-3a6e-424d-93fd-978e42665c0c/build] unable to get git ref: failed to identify reference (tag/branch) for the checked-out revision '46b701512c633642feff862ecb2d882c84d2958a'
[337aacda-3a6e-424d-93fd-978e42665c0c/build] unable to get git ref: failed to identify reference (tag/branch) for the checked-out revision '46b701512c633642feff862ecb2d882c84d2958a'
[337aacda-3a6e-424d-93fd-978e42665c0c/build] unable to get git ref: failed to identify reference (tag/branch) for the checked-out revision '46b701512c633642feff862ecb2d882c84d2958a'
[337aacda-3a6e-424d-93fd-978e42665c0c/build] unable to get git ref: failed to identify reference (tag/branch) for the checked-out revision '46b701512c633642feff862ecb2d882c84d2958a'
[337aacda-3a6e-424d-93fd-978e42665c0c/build] ⭐ Run Post Setup Java
[337aacda-3a6e-424d-93fd-978e42665c0c/build]   🐳  docker exec cmd=[node /var/run/act/actions/actions-setup-java@v3/dist/cleanup/index.js] user= workdir=
[337aacda-3a6e-424d-93fd-978e42665c0c/build]   ✅  Success - Post Setup Java
[337aacda-3a6e-424d-93fd-978e42665c0c/build] 🏁  Job succeeded
[337aacda-3a6e-424d-93fd-978e42665c0c/build] unable to get git ref: failed to identify reference (tag/branch) for the checked-out revision '46b701512c633642feff862ecb2d882c84d2958a'
