[bfeca96f-845b-43cd-b910-d6fdc23a9ca8/build] 🚀  Start image=gitbugactions:latest
[bfeca96f-845b-43cd-b910-d6fdc23a9ca8/build]   🐳  docker pull image=gitbugactions:latest platform= username= forcePull=false
[bfeca96f-845b-43cd-b910-d6fdc23a9ca8/build]   🐳  docker create image=gitbugactions:latest platform= entrypoint=["tail" "-f" "/dev/null"] cmd=[]
[bfeca96f-845b-43cd-b910-d6fdc23a9ca8/build]   🐳  docker run image=gitbugactions:latest platform= entrypoint=["tail" "-f" "/dev/null"] cmd=[]
[bfeca96f-845b-43cd-b910-d6fdc23a9ca8/build]   🐳  docker exec cmd=[chown -R 1012:1013 /tmp/10b5c6ea-9c6e-47a6-b8e8-cd2b35bdd612] user=0 workdir=
[bfeca96f-845b-43cd-b910-d6fdc23a9ca8/build] unable to get git ref: failed to identify reference (tag/branch) for the checked-out revision '22eebe2cadb3e98d858749ff30785aaac17cb7f7'
[bfeca96f-845b-43cd-b910-d6fdc23a9ca8/build] unable to get git ref: failed to identify reference (tag/branch) for the checked-out revision '22eebe2cadb3e98d858749ff30785aaac17cb7f7'
[bfeca96f-845b-43cd-b910-d6fdc23a9ca8/build] unable to get git ref: failed to identify reference (tag/branch) for the checked-out revision '22eebe2cadb3e98d858749ff30785aaac17cb7f7'
[bfeca96f-845b-43cd-b910-d6fdc23a9ca8/build] unable to get git ref: failed to identify reference (tag/branch) for the checked-out revision '22eebe2cadb3e98d858749ff30785aaac17cb7f7'
[bfeca96f-845b-43cd-b910-d6fdc23a9ca8/build] unable to get git ref: failed to identify reference (tag/branch) for the checked-out revision '22eebe2cadb3e98d858749ff30785aaac17cb7f7'
[bfeca96f-845b-43cd-b910-d6fdc23a9ca8/build] unable to get git ref: failed to identify reference (tag/branch) for the checked-out revision '22eebe2cadb3e98d858749ff30785aaac17cb7f7'
[bfeca96f-845b-43cd-b910-d6fdc23a9ca8/build] unable to get git ref: failed to identify reference (tag/branch) for the checked-out revision '22eebe2cadb3e98d858749ff30785aaac17cb7f7'
[bfeca96f-845b-43cd-b910-d6fdc23a9ca8/build] unable to get git ref: failed to identify reference (tag/branch) for the checked-out revision '22eebe2cadb3e98d858749ff30785aaac17cb7f7'
[bfeca96f-845b-43cd-b910-d6fdc23a9ca8/build] unable to get git ref: failed to identify reference (tag/branch) for the checked-out revision '22eebe2cadb3e98d858749ff30785aaac17cb7f7'
[bfeca96f-845b-43cd-b910-d6fdc23a9ca8/build] ⭐ Run Main actions/checkout@v3
[bfeca96f-845b-43cd-b910-d6fdc23a9ca8/build] unable to get git ref: failed to identify reference (tag/branch) for the checked-out revision '22eebe2cadb3e98d858749ff30785aaac17cb7f7'
[bfeca96f-845b-43cd-b910-d6fdc23a9ca8/build] unable to get git ref: failed to identify reference (tag/branch) for the checked-out revision '22eebe2cadb3e98d858749ff30785aaac17cb7f7'
[bfeca96f-845b-43cd-b910-d6fdc23a9ca8/build]   🐳  docker cp src=/tmp/10b5c6ea-9c6e-47a6-b8e8-cd2b35bdd612/. dst=/tmp/10b5c6ea-9c6e-47a6-b8e8-cd2b35bdd612
[bfeca96f-845b-43cd-b910-d6fdc23a9ca8/build]   🐳  docker exec cmd=[chown -R 1012:1013 /tmp/10b5c6ea-9c6e-47a6-b8e8-cd2b35bdd612] user=0 workdir=
[bfeca96f-845b-43cd-b910-d6fdc23a9ca8/build]   ✅  Success - Main actions/checkout@v3
[bfeca96f-845b-43cd-b910-d6fdc23a9ca8/build] unable to get git ref: failed to identify reference (tag/branch) for the checked-out revision '22eebe2cadb3e98d858749ff30785aaac17cb7f7'
[bfeca96f-845b-43cd-b910-d6fdc23a9ca8/build] unable to get git ref: failed to identify reference (tag/branch) for the checked-out revision '22eebe2cadb3e98d858749ff30785aaac17cb7f7'
[bfeca96f-845b-43cd-b910-d6fdc23a9ca8/build] unable to get git ref: failed to identify reference (tag/branch) for the checked-out revision '22eebe2cadb3e98d858749ff30785aaac17cb7f7'
[bfeca96f-845b-43cd-b910-d6fdc23a9ca8/build] unable to get git ref: failed to identify reference (tag/branch) for the checked-out revision '22eebe2cadb3e98d858749ff30785aaac17cb7f7'
[bfeca96f-845b-43cd-b910-d6fdc23a9ca8/build] unable to get git ref: failed to identify reference (tag/branch) for the checked-out revision '22eebe2cadb3e98d858749ff30785aaac17cb7f7'
[bfeca96f-845b-43cd-b910-d6fdc23a9ca8/build] ⭐ Run Main Set up JDK 17
[bfeca96f-845b-43cd-b910-d6fdc23a9ca8/build] unable to get git ref: failed to identify reference (tag/branch) for the checked-out revision '22eebe2cadb3e98d858749ff30785aaac17cb7f7'
[bfeca96f-845b-43cd-b910-d6fdc23a9ca8/build] unable to get git ref: failed to identify reference (tag/branch) for the checked-out revision '22eebe2cadb3e98d858749ff30785aaac17cb7f7'
[bfeca96f-845b-43cd-b910-d6fdc23a9ca8/build] unable to get git ref: failed to identify reference (tag/branch) for the checked-out revision '22eebe2cadb3e98d858749ff30785aaac17cb7f7'
[bfeca96f-845b-43cd-b910-d6fdc23a9ca8/build]   🐳  docker cp src=/tmp/act-cache/4250f21a-90ce-434c-b0f4-b0fc4809ad8d/act/actions-setup-java@v2/ dst=/var/run/act/actions/actions-setup-java@v2/
[bfeca96f-845b-43cd-b910-d6fdc23a9ca8/build]   🐳  docker exec cmd=[chown -R 1012:1013 /var/run/act/actions/actions-setup-java@v2/] user=0 workdir=
[bfeca96f-845b-43cd-b910-d6fdc23a9ca8/build]   🐳  docker exec cmd=[node /var/run/act/actions/actions-setup-java@v2/dist/setup/index.js] user= workdir=
[bfeca96f-845b-43cd-b910-d6fdc23a9ca8/build]   | Trying to resolve the latest version from remote
[bfeca96f-845b-43cd-b910-d6fdc23a9ca8/build]   | Resolved latest version as 17.0.9+9
[bfeca96f-845b-43cd-b910-d6fdc23a9ca8/build]   | Trying to download...
[bfeca96f-845b-43cd-b910-d6fdc23a9ca8/build]   | Downloading Java 17.0.9+9 (Zulu) from https://cdn.azul.com/zulu/bin/zulu17.46.29-ca-crac-jdk17.0.9-linux_x64.tar.gz ...
[bfeca96f-845b-43cd-b910-d6fdc23a9ca8/build]   💬  ::debug::Downloading https://cdn.azul.com/zulu/bin/zulu17.46.29-ca-crac-jdk17.0.9-linux_x64.tar.gz
[bfeca96f-845b-43cd-b910-d6fdc23a9ca8/build]   💬  ::debug::Destination /tmp/099e1df8-071c-451b-9860-21ac63dd0086
[bfeca96f-845b-43cd-b910-d6fdc23a9ca8/build]   💬  ::debug::download complete
[bfeca96f-845b-43cd-b910-d6fdc23a9ca8/build]   | Extracting Java archive...
[bfeca96f-845b-43cd-b910-d6fdc23a9ca8/build]   💬  ::debug::Checking tar --version
[bfeca96f-845b-43cd-b910-d6fdc23a9ca8/build]   💬  ::debug::tar (GNU tar) 1.34%0ACopyright (C) 2021 Free Software Foundation, Inc.%0ALicense GPLv3+: GNU GPL version 3 or later <https://gnu.org/licenses/gpl.html>.%0AThis is free software: you are free to change and redistribute it.%0AThere is NO WARRANTY, to the extent permitted by law.%0A%0AWritten by John Gilmore and Jay Fenlason.
[bfeca96f-845b-43cd-b910-d6fdc23a9ca8/build]   | [command]/usr/bin/tar xz --warning=no-unknown-keyword -C /tmp/bb6e077f-e8d4-4bb7-8d60-e2ccf8a902d4 -f /tmp/099e1df8-071c-451b-9860-21ac63dd0086
[bfeca96f-845b-43cd-b910-d6fdc23a9ca8/build]   💬  ::debug::Caching tool Java_Zulu_jdk 17.0.9-9 x64
[bfeca96f-845b-43cd-b910-d6fdc23a9ca8/build]   💬  ::debug::source dir: /tmp/bb6e077f-e8d4-4bb7-8d60-e2ccf8a902d4/zulu17.46.29-ca-crac-jdk17.0.9-linux_x64
[bfeca96f-845b-43cd-b910-d6fdc23a9ca8/build]   💬  ::debug::destination /opt/hostedtoolcache/Java_Zulu_jdk/17.0.9-9/x64
[bfeca96f-845b-43cd-b910-d6fdc23a9ca8/build]   💬  ::debug::finished caching tool
[bfeca96f-845b-43cd-b910-d6fdc23a9ca8/build]   | Java 17.0.9+9 was downloaded
[bfeca96f-845b-43cd-b910-d6fdc23a9ca8/build]   | Setting Java 17.0.9+9 as the default
[bfeca96f-845b-43cd-b910-d6fdc23a9ca8/build]   | 
[bfeca96f-845b-43cd-b910-d6fdc23a9ca8/build]   | Java configuration:
[bfeca96f-845b-43cd-b910-d6fdc23a9ca8/build]   |   Distribution: zulu
[bfeca96f-845b-43cd-b910-d6fdc23a9ca8/build]   |   Version: 17.0.9+9
[bfeca96f-845b-43cd-b910-d6fdc23a9ca8/build]   |   Path: /opt/hostedtoolcache/Java_Zulu_jdk/17.0.9-9/x64
[bfeca96f-845b-43cd-b910-d6fdc23a9ca8/build]   | 
[bfeca96f-845b-43cd-b910-d6fdc23a9ca8/build]   ❓ add-matcher /run/act/actions/actions-setup-java@v2/.github/java.json
[bfeca96f-845b-43cd-b910-d6fdc23a9ca8/build]   | Creating settings.xml with server-id: github
[bfeca96f-845b-43cd-b910-d6fdc23a9ca8/build]   | Writing to /home/runner/.m2/settings.xml
[bfeca96f-845b-43cd-b910-d6fdc23a9ca8/build]   ✅  Success - Main Set up JDK 17
[bfeca96f-845b-43cd-b910-d6fdc23a9ca8/build]   ⚙  ::set-env:: JAVA_HOME=/opt/hostedtoolcache/Java_Zulu_jdk/17.0.9-9/x64
[bfeca96f-845b-43cd-b910-d6fdc23a9ca8/build]   ⚙  ::set-output:: distribution=Zulu
[bfeca96f-845b-43cd-b910-d6fdc23a9ca8/build]   ⚙  ::set-output:: path=/opt/hostedtoolcache/Java_Zulu_jdk/17.0.9-9/x64
[bfeca96f-845b-43cd-b910-d6fdc23a9ca8/build]   ⚙  ::set-output:: version=17.0.9+9
[bfeca96f-845b-43cd-b910-d6fdc23a9ca8/build]   ⚙  ::add-path:: /opt/hostedtoolcache/Java_Zulu_jdk/17.0.9-9/x64/bin
[bfeca96f-845b-43cd-b910-d6fdc23a9ca8/build] unable to get git ref: failed to identify reference (tag/branch) for the checked-out revision '22eebe2cadb3e98d858749ff30785aaac17cb7f7'
[bfeca96f-845b-43cd-b910-d6fdc23a9ca8/build] unable to get git ref: failed to identify reference (tag/branch) for the checked-out revision '22eebe2cadb3e98d858749ff30785aaac17cb7f7'
[bfeca96f-845b-43cd-b910-d6fdc23a9ca8/build] unable to get git ref: failed to identify reference (tag/branch) for the checked-out revision '22eebe2cadb3e98d858749ff30785aaac17cb7f7'
[bfeca96f-845b-43cd-b910-d6fdc23a9ca8/build] unable to get git ref: failed to identify reference (tag/branch) for the checked-out revision '22eebe2cadb3e98d858749ff30785aaac17cb7f7'
[bfeca96f-845b-43cd-b910-d6fdc23a9ca8/build] unable to get git ref: failed to identify reference (tag/branch) for the checked-out revision '22eebe2cadb3e98d858749ff30785aaac17cb7f7'
[bfeca96f-845b-43cd-b910-d6fdc23a9ca8/build] ⭐ Run Main Grant execute permission for gradlew
[bfeca96f-845b-43cd-b910-d6fdc23a9ca8/build] unable to get git ref: failed to identify reference (tag/branch) for the checked-out revision '22eebe2cadb3e98d858749ff30785aaac17cb7f7'
[bfeca96f-845b-43cd-b910-d6fdc23a9ca8/build] unable to get git ref: failed to identify reference (tag/branch) for the checked-out revision '22eebe2cadb3e98d858749ff30785aaac17cb7f7'
[bfeca96f-845b-43cd-b910-d6fdc23a9ca8/build] unable to get git ref: failed to identify reference (tag/branch) for the checked-out revision '22eebe2cadb3e98d858749ff30785aaac17cb7f7'
[bfeca96f-845b-43cd-b910-d6fdc23a9ca8/build] unable to get git ref: failed to identify reference (tag/branch) for the checked-out revision '22eebe2cadb3e98d858749ff30785aaac17cb7f7'
[bfeca96f-845b-43cd-b910-d6fdc23a9ca8/build]   🐳  docker exec cmd=[bash --noprofile --norc -e -o pipefail /var/run/act/workflow/2] user= workdir=
[bfeca96f-845b-43cd-b910-d6fdc23a9ca8/build]   ✅  Success - Main Grant execute permission for gradlew
[bfeca96f-845b-43cd-b910-d6fdc23a9ca8/build] unable to get git ref: failed to identify reference (tag/branch) for the checked-out revision '22eebe2cadb3e98d858749ff30785aaac17cb7f7'
[bfeca96f-845b-43cd-b910-d6fdc23a9ca8/build] unable to get git ref: failed to identify reference (tag/branch) for the checked-out revision '22eebe2cadb3e98d858749ff30785aaac17cb7f7'
[bfeca96f-845b-43cd-b910-d6fdc23a9ca8/build] unable to get git ref: failed to identify reference (tag/branch) for the checked-out revision '22eebe2cadb3e98d858749ff30785aaac17cb7f7'
[bfeca96f-845b-43cd-b910-d6fdc23a9ca8/build] unable to get git ref: failed to identify reference (tag/branch) for the checked-out revision '22eebe2cadb3e98d858749ff30785aaac17cb7f7'
[bfeca96f-845b-43cd-b910-d6fdc23a9ca8/build] unable to get git ref: failed to identify reference (tag/branch) for the checked-out revision '22eebe2cadb3e98d858749ff30785aaac17cb7f7'
[bfeca96f-845b-43cd-b910-d6fdc23a9ca8/build] ⭐ Run Main Build with Gradle
[bfeca96f-845b-43cd-b910-d6fdc23a9ca8/build] unable to get git ref: failed to identify reference (tag/branch) for the checked-out revision '22eebe2cadb3e98d858749ff30785aaac17cb7f7'
[bfeca96f-845b-43cd-b910-d6fdc23a9ca8/build] unable to get git ref: failed to identify reference (tag/branch) for the checked-out revision '22eebe2cadb3e98d858749ff30785aaac17cb7f7'
[bfeca96f-845b-43cd-b910-d6fdc23a9ca8/build] unable to get git ref: failed to identify reference (tag/branch) for the checked-out revision '22eebe2cadb3e98d858749ff30785aaac17cb7f7'
[bfeca96f-845b-43cd-b910-d6fdc23a9ca8/build] unable to get git ref: failed to identify reference (tag/branch) for the checked-out revision '22eebe2cadb3e98d858749ff30785aaac17cb7f7'
[bfeca96f-845b-43cd-b910-d6fdc23a9ca8/build]   🐳  docker exec cmd=[bash --noprofile --norc -e -o pipefail /var/run/act/workflow/3] user= workdir=
[bfeca96f-845b-43cd-b910-d6fdc23a9ca8/build]   | Downloading https://services.gradle.org/distributions/gradle-8.1-bin.zip
[bfeca96f-845b-43cd-b910-d6fdc23a9ca8/build]   | ...........10%............20%............30%............40%............50%............60%............70%............80%...........90%............100%
[bfeca96f-845b-43cd-b910-d6fdc23a9ca8/build]   | 
[bfeca96f-845b-43cd-b910-d6fdc23a9ca8/build]   | Welcome to Gradle 8.1!
[bfeca96f-845b-43cd-b910-d6fdc23a9ca8/build]   | 
[bfeca96f-845b-43cd-b910-d6fdc23a9ca8/build]   | Here are the highlights of this release:
[bfeca96f-845b-43cd-b910-d6fdc23a9ca8/build]   |  - Stable configuration cache
[bfeca96f-845b-43cd-b910-d6fdc23a9ca8/build]   |  - Experimental Kotlin DSL assignment syntax
[bfeca96f-845b-43cd-b910-d6fdc23a9ca8/build]   |  - Building with Java 20
[bfeca96f-845b-43cd-b910-d6fdc23a9ca8/build]   | 
[bfeca96f-845b-43cd-b910-d6fdc23a9ca8/build]   | For more details see https://docs.gradle.org/8.1/release-notes.html
[bfeca96f-845b-43cd-b910-d6fdc23a9ca8/build]   | 
[bfeca96f-845b-43cd-b910-d6fdc23a9ca8/build]   | Starting a Gradle Daemon (subsequent builds will be faster)
[bfeca96f-845b-43cd-b910-d6fdc23a9ca8/build]   | 
[bfeca96f-845b-43cd-b910-d6fdc23a9ca8/build]   | > Task :initializeIntelliJPlugin
[bfeca96f-845b-43cd-b910-d6fdc23a9ca8/build]   | [gradle-intellij-plugin :initializeIntelliJPlugin] Gradle IntelliJ Plugin is outdated: 1.14.2. Update `org.jetbrains.intellij` to: 1.16.0
[bfeca96f-845b-43cd-b910-d6fdc23a9ca8/build]   | 
[bfeca96f-845b-43cd-b910-d6fdc23a9ca8/build]   | > Task :patchPluginXml
[bfeca96f-845b-43cd-b910-d6fdc23a9ca8/build]   | > Task :verifyPluginConfiguration
[bfeca96f-845b-43cd-b910-d6fdc23a9ca8/build]   | 
[bfeca96f-845b-43cd-b910-d6fdc23a9ca8/build]   | > Task :compileJava
[bfeca96f-845b-43cd-b910-d6fdc23a9ca8/build]   | Note: /tmp/10b5c6ea-9c6e-47a6-b8e8-cd2b35bdd612/src/main/java/com/reason/lang/core/psi/impl/RPsiParameters.java uses or overrides a deprecated API.
[bfeca96f-845b-43cd-b910-d6fdc23a9ca8/build]   | Note: Recompile with -Xlint:deprecation for details.
[bfeca96f-845b-43cd-b910-d6fdc23a9ca8/build]   | Note: Some input files use unchecked or unsafe operations.
[bfeca96f-845b-43cd-b910-d6fdc23a9ca8/build]   | Note: Recompile with -Xlint:unchecked for details.
[bfeca96f-845b-43cd-b910-d6fdc23a9ca8/build]   | 
[bfeca96f-845b-43cd-b910-d6fdc23a9ca8/build]   | > Task :processResources
[bfeca96f-845b-43cd-b910-d6fdc23a9ca8/build]   | > Task :classes
[bfeca96f-845b-43cd-b910-d6fdc23a9ca8/build]   | > Task :instrumentCode
[bfeca96f-845b-43cd-b910-d6fdc23a9ca8/build]   | > Task :compileTestJava
[bfeca96f-845b-43cd-b910-d6fdc23a9ca8/build]   | > Task :processTestResources NO-SOURCE
[bfeca96f-845b-43cd-b910-d6fdc23a9ca8/build]   | > Task :testClasses
[bfeca96f-845b-43cd-b910-d6fdc23a9ca8/build]   | > Task :instrumentTestCode
[bfeca96f-845b-43cd-b910-d6fdc23a9ca8/build]   | > Task :instrumentedJar
[bfeca96f-845b-43cd-b910-d6fdc23a9ca8/build]   | > Task :jar
[bfeca96f-845b-43cd-b910-d6fdc23a9ca8/build]   | > Task :prepareTestingSandbox
[bfeca96f-845b-43cd-b910-d6fdc23a9ca8/build]   | 
[bfeca96f-845b-43cd-b910-d6fdc23a9ca8/build]   | > Task :test
[bfeca96f-845b-43cd-b910-d6fdc23a9ca8/build]   | LaunchSystemArgumentProvider = [-Didea.config.path=/tmp/10b5c6ea-9c6e-47a6-b8e8-cd2b35bdd612/build/idea-sandbox/config-test, -Didea.system.path=/tmp/10b5c6ea-9c6e-47a6-b8e8-cd2b35bdd612/build/idea-sandbox/system-test, -Didea.log.path=/tmp/10b5c6ea-9c6e-47a6-b8e8-cd2b35bdd612/build/idea-sandbox/system-test/log, -Didea.plugins.path=/tmp/10b5c6ea-9c6e-47a6-b8e8-cd2b35bdd612/build/idea-sandbox/plugins-test, -Didea.required.plugins.id=reasonml]
[bfeca96f-845b-43cd-b910-d6fdc23a9ca8/build]   | 
[bfeca96f-845b-43cd-b910-d6fdc23a9ca8/build]   | com.reason.ide.search.reference.ResolveLowerElementRESTest > test_global_local FAILED
[bfeca96f-845b-43cd-b910-d6fdc23a9ca8/build]   |     java.lang.AssertionError at ResolveLowerElementRESTest.java:447
[bfeca96f-845b-43cd-b910-d6fdc23a9ca8/build]   | 
[bfeca96f-845b-43cd-b910-d6fdc23a9ca8/build]   | com.reason.ide.search.reference.ResolveLowerElementRMLTest > test_global_local FAILED
[bfeca96f-845b-43cd-b910-d6fdc23a9ca8/build]   |     java.lang.AssertionError at ResolveLowerElementRMLTest.java:447
[bfeca96f-845b-43cd-b910-d6fdc23a9ca8/build]   | 
[bfeca96f-845b-43cd-b910-d6fdc23a9ca8/build]   | 1470 tests completed, 2 failed
[bfeca96f-845b-43cd-b910-d6fdc23a9ca8/build]   | 
[bfeca96f-845b-43cd-b910-d6fdc23a9ca8/build]   | > Task :test FAILED
[bfeca96f-845b-43cd-b910-d6fdc23a9ca8/build]   | > Task :classpathIndexCleanup
[bfeca96f-845b-43cd-b910-d6fdc23a9ca8/build]   | 
[bfeca96f-845b-43cd-b910-d6fdc23a9ca8/build]   | FAILURE: Build failed with an exception.
[bfeca96f-845b-43cd-b910-d6fdc23a9ca8/build]   | 
[bfeca96f-845b-43cd-b910-d6fdc23a9ca8/build]   | * What went wrong:
[bfeca96f-845b-43cd-b910-d6fdc23a9ca8/build]   | Execution failed for task ':test'.
[bfeca96f-845b-43cd-b910-d6fdc23a9ca8/build]   | > There were failing tests. See the report at: file:///tmp/10b5c6ea-9c6e-47a6-b8e8-cd2b35bdd612/build/reports/tests/test/index.html
[bfeca96f-845b-43cd-b910-d6fdc23a9ca8/build]   | 
[bfeca96f-845b-43cd-b910-d6fdc23a9ca8/build]   | * Try:
[bfeca96f-845b-43cd-b910-d6fdc23a9ca8/build]   | > Run with --stacktrace option to get the stack trace.
[bfeca96f-845b-43cd-b910-d6fdc23a9ca8/build]   | > Run with --info or --debug option to get more log output.
[bfeca96f-845b-43cd-b910-d6fdc23a9ca8/build]   | > Run with --scan to get full insights.
[bfeca96f-845b-43cd-b910-d6fdc23a9ca8/build]   | 
[bfeca96f-845b-43cd-b910-d6fdc23a9ca8/build]   | * Get more help at https://help.gradle.org
[bfeca96f-845b-43cd-b910-d6fdc23a9ca8/build]   | 
[bfeca96f-845b-43cd-b910-d6fdc23a9ca8/build]   | BUILD FAILED in 5m 28s
[bfeca96f-845b-43cd-b910-d6fdc23a9ca8/build]   | 13 actionable tasks: 13 executed
[bfeca96f-845b-43cd-b910-d6fdc23a9ca8/build]   ❌  Failure - Main Build with Gradle
[bfeca96f-845b-43cd-b910-d6fdc23a9ca8/build] exitcode '1': failure
[bfeca96f-845b-43cd-b910-d6fdc23a9ca8/build] unable to get git ref: failed to identify reference (tag/branch) for the checked-out revision '22eebe2cadb3e98d858749ff30785aaac17cb7f7'
[bfeca96f-845b-43cd-b910-d6fdc23a9ca8/build] unable to get git ref: failed to identify reference (tag/branch) for the checked-out revision '22eebe2cadb3e98d858749ff30785aaac17cb7f7'
[bfeca96f-845b-43cd-b910-d6fdc23a9ca8/build] unable to get git ref: failed to identify reference (tag/branch) for the checked-out revision '22eebe2cadb3e98d858749ff30785aaac17cb7f7'
[bfeca96f-845b-43cd-b910-d6fdc23a9ca8/build] unable to get git ref: failed to identify reference (tag/branch) for the checked-out revision '22eebe2cadb3e98d858749ff30785aaac17cb7f7'
[bfeca96f-845b-43cd-b910-d6fdc23a9ca8/build] unable to get git ref: failed to identify reference (tag/branch) for the checked-out revision '22eebe2cadb3e98d858749ff30785aaac17cb7f7'
[bfeca96f-845b-43cd-b910-d6fdc23a9ca8/build] unable to get git ref: failed to identify reference (tag/branch) for the checked-out revision '22eebe2cadb3e98d858749ff30785aaac17cb7f7'
[bfeca96f-845b-43cd-b910-d6fdc23a9ca8/build] unable to get git ref: failed to identify reference (tag/branch) for the checked-out revision '22eebe2cadb3e98d858749ff30785aaac17cb7f7'
[bfeca96f-845b-43cd-b910-d6fdc23a9ca8/build] unable to get git ref: failed to identify reference (tag/branch) for the checked-out revision '22eebe2cadb3e98d858749ff30785aaac17cb7f7'
[bfeca96f-845b-43cd-b910-d6fdc23a9ca8/build] unable to get git ref: failed to identify reference (tag/branch) for the checked-out revision '22eebe2cadb3e98d858749ff30785aaac17cb7f7'
[bfeca96f-845b-43cd-b910-d6fdc23a9ca8/build] unable to get git ref: failed to identify reference (tag/branch) for the checked-out revision '22eebe2cadb3e98d858749ff30785aaac17cb7f7'
[bfeca96f-845b-43cd-b910-d6fdc23a9ca8/build] ⭐ Run Post Set up JDK 17
[bfeca96f-845b-43cd-b910-d6fdc23a9ca8/build]   🐳  docker exec cmd=[node /var/run/act/actions/actions-setup-java@v2/dist/cleanup/index.js] user= workdir=
[bfeca96f-845b-43cd-b910-d6fdc23a9ca8/build]   ✅  Success - Post Set up JDK 17
[bfeca96f-845b-43cd-b910-d6fdc23a9ca8/build] 🏁  Job failed
[bfeca96f-845b-43cd-b910-d6fdc23a9ca8/build] unable to get git ref: failed to identify reference (tag/branch) for the checked-out revision '22eebe2cadb3e98d858749ff30785aaac17cb7f7'
