[739464f8-4172-424e-bbce-5110cac3278f/build] 🚀  Start image=gitbugactions:latest
[739464f8-4172-424e-bbce-5110cac3278f/build]   🐳  docker pull image=gitbugactions:latest platform= username= forcePull=false
[739464f8-4172-424e-bbce-5110cac3278f/build]   🐳  docker create image=gitbugactions:latest platform= entrypoint=["tail" "-f" "/dev/null"] cmd=[]
[739464f8-4172-424e-bbce-5110cac3278f/build]   🐳  docker run image=gitbugactions:latest platform= entrypoint=["tail" "-f" "/dev/null"] cmd=[]
[739464f8-4172-424e-bbce-5110cac3278f/build]   🐳  docker exec cmd=[chown -R 1012:1013 /tmp/47b01e3d-d08a-43ac-ae26-44d83ff19347] user=0 workdir=
[739464f8-4172-424e-bbce-5110cac3278f/build] unable to get git ref: failed to identify reference (tag/branch) for the checked-out revision 'ec2b7b64a83aa1c3dcd0cd69c1ae7b2d0d8a7864'
[739464f8-4172-424e-bbce-5110cac3278f/build] unable to get git ref: failed to identify reference (tag/branch) for the checked-out revision 'ec2b7b64a83aa1c3dcd0cd69c1ae7b2d0d8a7864'
[739464f8-4172-424e-bbce-5110cac3278f/build] unable to get git ref: failed to identify reference (tag/branch) for the checked-out revision 'ec2b7b64a83aa1c3dcd0cd69c1ae7b2d0d8a7864'
[739464f8-4172-424e-bbce-5110cac3278f/build] unable to get git ref: failed to identify reference (tag/branch) for the checked-out revision 'ec2b7b64a83aa1c3dcd0cd69c1ae7b2d0d8a7864'
[739464f8-4172-424e-bbce-5110cac3278f/build] unable to get git ref: failed to identify reference (tag/branch) for the checked-out revision 'ec2b7b64a83aa1c3dcd0cd69c1ae7b2d0d8a7864'
[739464f8-4172-424e-bbce-5110cac3278f/build] unable to get git ref: failed to identify reference (tag/branch) for the checked-out revision 'ec2b7b64a83aa1c3dcd0cd69c1ae7b2d0d8a7864'
[739464f8-4172-424e-bbce-5110cac3278f/build] unable to get git ref: failed to identify reference (tag/branch) for the checked-out revision 'ec2b7b64a83aa1c3dcd0cd69c1ae7b2d0d8a7864'
[739464f8-4172-424e-bbce-5110cac3278f/build] unable to get git ref: failed to identify reference (tag/branch) for the checked-out revision 'ec2b7b64a83aa1c3dcd0cd69c1ae7b2d0d8a7864'
[739464f8-4172-424e-bbce-5110cac3278f/build] unable to get git ref: failed to identify reference (tag/branch) for the checked-out revision 'ec2b7b64a83aa1c3dcd0cd69c1ae7b2d0d8a7864'
[739464f8-4172-424e-bbce-5110cac3278f/build] ⭐ Run Main actions/checkout@v3
[739464f8-4172-424e-bbce-5110cac3278f/build] unable to get git ref: failed to identify reference (tag/branch) for the checked-out revision 'ec2b7b64a83aa1c3dcd0cd69c1ae7b2d0d8a7864'
[739464f8-4172-424e-bbce-5110cac3278f/build] unable to get git ref: failed to identify reference (tag/branch) for the checked-out revision 'ec2b7b64a83aa1c3dcd0cd69c1ae7b2d0d8a7864'
[739464f8-4172-424e-bbce-5110cac3278f/build]   🐳  docker cp src=/tmp/47b01e3d-d08a-43ac-ae26-44d83ff19347/. dst=/tmp/47b01e3d-d08a-43ac-ae26-44d83ff19347
[739464f8-4172-424e-bbce-5110cac3278f/build]   🐳  docker exec cmd=[chown -R 1012:1013 /tmp/47b01e3d-d08a-43ac-ae26-44d83ff19347] user=0 workdir=
[739464f8-4172-424e-bbce-5110cac3278f/build]   ✅  Success - Main actions/checkout@v3
[739464f8-4172-424e-bbce-5110cac3278f/build] unable to get git ref: failed to identify reference (tag/branch) for the checked-out revision 'ec2b7b64a83aa1c3dcd0cd69c1ae7b2d0d8a7864'
[739464f8-4172-424e-bbce-5110cac3278f/build] unable to get git ref: failed to identify reference (tag/branch) for the checked-out revision 'ec2b7b64a83aa1c3dcd0cd69c1ae7b2d0d8a7864'
[739464f8-4172-424e-bbce-5110cac3278f/build] unable to get git ref: failed to identify reference (tag/branch) for the checked-out revision 'ec2b7b64a83aa1c3dcd0cd69c1ae7b2d0d8a7864'
[739464f8-4172-424e-bbce-5110cac3278f/build] unable to get git ref: failed to identify reference (tag/branch) for the checked-out revision 'ec2b7b64a83aa1c3dcd0cd69c1ae7b2d0d8a7864'
[739464f8-4172-424e-bbce-5110cac3278f/build] unable to get git ref: failed to identify reference (tag/branch) for the checked-out revision 'ec2b7b64a83aa1c3dcd0cd69c1ae7b2d0d8a7864'
[739464f8-4172-424e-bbce-5110cac3278f/build] ⭐ Run Main actions/setup-java@v3
[739464f8-4172-424e-bbce-5110cac3278f/build] unable to get git ref: failed to identify reference (tag/branch) for the checked-out revision 'ec2b7b64a83aa1c3dcd0cd69c1ae7b2d0d8a7864'
[739464f8-4172-424e-bbce-5110cac3278f/build] unable to get git ref: failed to identify reference (tag/branch) for the checked-out revision 'ec2b7b64a83aa1c3dcd0cd69c1ae7b2d0d8a7864'
[739464f8-4172-424e-bbce-5110cac3278f/build] unable to get git ref: failed to identify reference (tag/branch) for the checked-out revision 'ec2b7b64a83aa1c3dcd0cd69c1ae7b2d0d8a7864'
[739464f8-4172-424e-bbce-5110cac3278f/build]   🐳  docker cp src=/tmp/act-cache/f5fca6e3-3e47-4a0e-a23a-7466f0d6fe5a/act/actions-setup-java@v3/ dst=/var/run/act/actions/actions-setup-java@v3/
[739464f8-4172-424e-bbce-5110cac3278f/build]   🐳  docker exec cmd=[chown -R 1012:1013 /var/run/act/actions/actions-setup-java@v3/] user=0 workdir=
[739464f8-4172-424e-bbce-5110cac3278f/build]   🐳  docker exec cmd=[node /var/run/act/actions/actions-setup-java@v3/dist/setup/index.js] user= workdir=
[739464f8-4172-424e-bbce-5110cac3278f/build]   ❓  ::group::Installed distributions
[739464f8-4172-424e-bbce-5110cac3278f/build]   | Trying to resolve the latest version from remote
[739464f8-4172-424e-bbce-5110cac3278f/build]   💬  ::debug::Gathering available versions from 'https://api.azul.com/zulu/download/community/v1.0/bundles/?os=linux&ext=tar.gz&bundle_type=jdk&javafx=false&arch=x86&hw_bitness=64&release_status=ga'
[739464f8-4172-424e-bbce-5110cac3278f/build]   | Resolved latest version as 11.0.21+9
[739464f8-4172-424e-bbce-5110cac3278f/build]   | Trying to download...
[739464f8-4172-424e-bbce-5110cac3278f/build]   | Downloading Java 11.0.21+9 (Zulu) from https://cdn.azul.com/zulu/bin/zulu11.68.17-ca-jdk11.0.21-linux_x64.tar.gz ...
[739464f8-4172-424e-bbce-5110cac3278f/build]   💬  ::debug::Downloading https://cdn.azul.com/zulu/bin/zulu11.68.17-ca-jdk11.0.21-linux_x64.tar.gz
[739464f8-4172-424e-bbce-5110cac3278f/build]   💬  ::debug::Destination /tmp/c6824645-0254-4acc-8211-290c677e75cc
[739464f8-4172-424e-bbce-5110cac3278f/build]   💬  ::debug::download complete
[739464f8-4172-424e-bbce-5110cac3278f/build]   | Extracting Java archive...
[739464f8-4172-424e-bbce-5110cac3278f/build]   💬  ::debug::Checking tar --version
[739464f8-4172-424e-bbce-5110cac3278f/build]   💬  ::debug::tar (GNU tar) 1.34%0ACopyright (C) 2021 Free Software Foundation, Inc.%0ALicense GPLv3+: GNU GPL version 3 or later <https://gnu.org/licenses/gpl.html>.%0AThis is free software: you are free to change and redistribute it.%0AThere is NO WARRANTY, to the extent permitted by law.%0A%0AWritten by John Gilmore and Jay Fenlason.
[739464f8-4172-424e-bbce-5110cac3278f/build]   | [command]/usr/bin/tar xz --warning=no-unknown-keyword -C /tmp/f6b054db-2a73-4bbf-b47d-94c164f6263a -f /tmp/c6824645-0254-4acc-8211-290c677e75cc
[739464f8-4172-424e-bbce-5110cac3278f/build]   💬  ::debug::Caching tool Java_Zulu_jdk 11.0.21-9 x64
[739464f8-4172-424e-bbce-5110cac3278f/build]   💬  ::debug::source dir: /tmp/f6b054db-2a73-4bbf-b47d-94c164f6263a/zulu11.68.17-ca-jdk11.0.21-linux_x64
[739464f8-4172-424e-bbce-5110cac3278f/build]   💬  ::debug::destination /opt/hostedtoolcache/Java_Zulu_jdk/11.0.21-9/x64
[739464f8-4172-424e-bbce-5110cac3278f/build]   💬  ::debug::finished caching tool
[739464f8-4172-424e-bbce-5110cac3278f/build]   | Java 11.0.21+9 was downloaded
[739464f8-4172-424e-bbce-5110cac3278f/build]   | Setting Java 11.0.21+9 as the default
[739464f8-4172-424e-bbce-5110cac3278f/build]   | Creating toolchains.xml for JDK version 11 from zulu
[739464f8-4172-424e-bbce-5110cac3278f/build]   | Writing to /home/runner/.m2/toolchains.xml
[739464f8-4172-424e-bbce-5110cac3278f/build]   | 
[739464f8-4172-424e-bbce-5110cac3278f/build]   | Java configuration:
[739464f8-4172-424e-bbce-5110cac3278f/build]   |   Distribution: zulu
[739464f8-4172-424e-bbce-5110cac3278f/build]   |   Version: 11.0.21+9
[739464f8-4172-424e-bbce-5110cac3278f/build]   |   Path: /opt/hostedtoolcache/Java_Zulu_jdk/11.0.21-9/x64
[739464f8-4172-424e-bbce-5110cac3278f/build]   | 
[739464f8-4172-424e-bbce-5110cac3278f/build]   ❓  ::endgroup::
[739464f8-4172-424e-bbce-5110cac3278f/build]   ❓ add-matcher /run/act/actions/actions-setup-java@v3/.github/java.json
[739464f8-4172-424e-bbce-5110cac3278f/build]   | Creating settings.xml with server-id: github
[739464f8-4172-424e-bbce-5110cac3278f/build]   | Writing to /home/runner/.m2/settings.xml
[739464f8-4172-424e-bbce-5110cac3278f/build]   ✅  Success - Main actions/setup-java@v3
[739464f8-4172-424e-bbce-5110cac3278f/build]   ⚙  ::set-env:: JAVA_HOME_11_X64=/opt/hostedtoolcache/Java_Zulu_jdk/11.0.21-9/x64
[739464f8-4172-424e-bbce-5110cac3278f/build]   ⚙  ::set-env:: JAVA_HOME=/opt/hostedtoolcache/Java_Zulu_jdk/11.0.21-9/x64
[739464f8-4172-424e-bbce-5110cac3278f/build]   ⚙  ::set-output:: distribution=Zulu
[739464f8-4172-424e-bbce-5110cac3278f/build]   ⚙  ::set-output:: path=/opt/hostedtoolcache/Java_Zulu_jdk/11.0.21-9/x64
[739464f8-4172-424e-bbce-5110cac3278f/build]   ⚙  ::set-output:: version=11.0.21+9
[739464f8-4172-424e-bbce-5110cac3278f/build]   ⚙  ::add-path:: /opt/hostedtoolcache/Java_Zulu_jdk/11.0.21-9/x64/bin
[739464f8-4172-424e-bbce-5110cac3278f/build] unable to get git ref: failed to identify reference (tag/branch) for the checked-out revision 'ec2b7b64a83aa1c3dcd0cd69c1ae7b2d0d8a7864'
[739464f8-4172-424e-bbce-5110cac3278f/build] unable to get git ref: failed to identify reference (tag/branch) for the checked-out revision 'ec2b7b64a83aa1c3dcd0cd69c1ae7b2d0d8a7864'
[739464f8-4172-424e-bbce-5110cac3278f/build] unable to get git ref: failed to identify reference (tag/branch) for the checked-out revision 'ec2b7b64a83aa1c3dcd0cd69c1ae7b2d0d8a7864'
[739464f8-4172-424e-bbce-5110cac3278f/build] unable to get git ref: failed to identify reference (tag/branch) for the checked-out revision 'ec2b7b64a83aa1c3dcd0cd69c1ae7b2d0d8a7864'
[739464f8-4172-424e-bbce-5110cac3278f/build] unable to get git ref: failed to identify reference (tag/branch) for the checked-out revision 'ec2b7b64a83aa1c3dcd0cd69c1ae7b2d0d8a7864'
[739464f8-4172-424e-bbce-5110cac3278f/build] ⭐ Run Main ./gradlew build --no-daemon --warning-mode=fail
[739464f8-4172-424e-bbce-5110cac3278f/build] unable to get git ref: failed to identify reference (tag/branch) for the checked-out revision 'ec2b7b64a83aa1c3dcd0cd69c1ae7b2d0d8a7864'
[739464f8-4172-424e-bbce-5110cac3278f/build] unable to get git ref: failed to identify reference (tag/branch) for the checked-out revision 'ec2b7b64a83aa1c3dcd0cd69c1ae7b2d0d8a7864'
[739464f8-4172-424e-bbce-5110cac3278f/build] unable to get git ref: failed to identify reference (tag/branch) for the checked-out revision 'ec2b7b64a83aa1c3dcd0cd69c1ae7b2d0d8a7864'
[739464f8-4172-424e-bbce-5110cac3278f/build] unable to get git ref: failed to identify reference (tag/branch) for the checked-out revision 'ec2b7b64a83aa1c3dcd0cd69c1ae7b2d0d8a7864'
[739464f8-4172-424e-bbce-5110cac3278f/build]   🐳  docker exec cmd=[bash --noprofile --norc -e -o pipefail /var/run/act/workflow/2] user= workdir=
[739464f8-4172-424e-bbce-5110cac3278f/build]   | Downloading https://services.gradle.org/distributions/gradle-7.5.1-bin.zip
[739464f8-4172-424e-bbce-5110cac3278f/build]   | ...........10%............20%...........30%............40%...........50%............60%...........70%............80%...........90%............100%
[739464f8-4172-424e-bbce-5110cac3278f/build]   | 
[739464f8-4172-424e-bbce-5110cac3278f/build]   | Welcome to Gradle 7.5.1!
[739464f8-4172-424e-bbce-5110cac3278f/build]   | 
[739464f8-4172-424e-bbce-5110cac3278f/build]   | Here are the highlights of this release:
[739464f8-4172-424e-bbce-5110cac3278f/build]   |  - Support for Java 18
[739464f8-4172-424e-bbce-5110cac3278f/build]   |  - Support for building with Groovy 4
[739464f8-4172-424e-bbce-5110cac3278f/build]   |  - Much more responsive continuous builds
[739464f8-4172-424e-bbce-5110cac3278f/build]   |  - Improved diagnostics for dependency resolution
[739464f8-4172-424e-bbce-5110cac3278f/build]   | 
[739464f8-4172-424e-bbce-5110cac3278f/build]   | For more details see https://docs.gradle.org/7.5.1/release-notes.html
[739464f8-4172-424e-bbce-5110cac3278f/build]   | 
[739464f8-4172-424e-bbce-5110cac3278f/build]   | To honour the JVM settings for this build a single-use Daemon process will be forked. See https://docs.gradle.org/7.5.1/userguide/gradle_daemon.html#sec:disabling_the_daemon.
[739464f8-4172-424e-bbce-5110cac3278f/build]   | Daemon will be stopped at the end of the build 
[739464f8-4172-424e-bbce-5110cac3278f/build]   | 
[739464f8-4172-424e-bbce-5110cac3278f/build]   | > Configure project :
[739464f8-4172-424e-bbce-5110cac3278f/build]   | Kordamp Enforcer Gradle plugin 0.10.0. Consider becoming a patron at https://www.patreon.com/aalmiray
[739464f8-4172-424e-bbce-5110cac3278f/build]   | 
[739464f8-4172-424e-bbce-5110cac3278f/build]   | > Task :copyDependencies
[739464f8-4172-424e-bbce-5110cac3278f/build]   | > Task :extractIncludeProto
[739464f8-4172-424e-bbce-5110cac3278f/build]   | > Task :extractProto
[739464f8-4172-424e-bbce-5110cac3278f/build]   | > Task :generateProto
[739464f8-4172-424e-bbce-5110cac3278f/build]   | > Task :compileJava
[739464f8-4172-424e-bbce-5110cac3278f/build]   | Note: Some input files use or override a deprecated API.
[739464f8-4172-424e-bbce-5110cac3278f/build]   | Note: Recompile with -Xlint:deprecation for details.
[739464f8-4172-424e-bbce-5110cac3278f/build]   | Note: Some input files use unchecked or unsafe operations.
[739464f8-4172-424e-bbce-5110cac3278f/build]   | Note: Recompile with -Xlint:unchecked for details.
[739464f8-4172-424e-bbce-5110cac3278f/build]   | 
[739464f8-4172-424e-bbce-5110cac3278f/build]   | > Task :processResources
[739464f8-4172-424e-bbce-5110cac3278f/build]   | > Task :classes
[739464f8-4172-424e-bbce-5110cac3278f/build]   | > Task :jar
[739464f8-4172-424e-bbce-5110cac3278f/build]   | > Task :assemble
[739464f8-4172-424e-bbce-5110cac3278f/build]   | > Task :extractIncludeTestProto
[739464f8-4172-424e-bbce-5110cac3278f/build]   | > Task :extractTestProto
[739464f8-4172-424e-bbce-5110cac3278f/build]   | > Task :generateTestProto NO-SOURCE
[739464f8-4172-424e-bbce-5110cac3278f/build]   | 
[739464f8-4172-424e-bbce-5110cac3278f/build]   | > Task :compileTestJava
[739464f8-4172-424e-bbce-5110cac3278f/build]   | Note: Some input files use or override a deprecated API.
[739464f8-4172-424e-bbce-5110cac3278f/build]   | Note: Recompile with -Xlint:deprecation for details.
[739464f8-4172-424e-bbce-5110cac3278f/build]   | 
[739464f8-4172-424e-bbce-5110cac3278f/build]   | > Task :processTestResources NO-SOURCE
[739464f8-4172-424e-bbce-5110cac3278f/build]   | > Task :testClasses
[739464f8-4172-424e-bbce-5110cac3278f/build]   | > Task :checkstyleTest SKIPPED
[739464f8-4172-424e-bbce-5110cac3278f/build]   | 
[739464f8-4172-424e-bbce-5110cac3278f/build]   | > Task :test
[739464f8-4172-424e-bbce-5110cac3278f/build]   | 
[739464f8-4172-424e-bbce-5110cac3278f/build]   | org.traccar.protocol.Gl200TextProtocolDecoderTest > testDecode FAILED
[739464f8-4172-424e-bbce-5110cac3278f/build]   |     java.lang.NullPointerException at Gl200TextProtocolDecoderTest.java:14
[739464f8-4172-424e-bbce-5110cac3278f/build]   | 
[739464f8-4172-424e-bbce-5110cac3278f/build]   | 493 tests completed, 1 failed, 23 skipped
[739464f8-4172-424e-bbce-5110cac3278f/build]   | 
[739464f8-4172-424e-bbce-5110cac3278f/build]   | > Task :test FAILED
[739464f8-4172-424e-bbce-5110cac3278f/build]   | > Task :checkstyleMain
[739464f8-4172-424e-bbce-5110cac3278f/build]   | 
[739464f8-4172-424e-bbce-5110cac3278f/build]   | FAILURE: Build failed with an exception.
[739464f8-4172-424e-bbce-5110cac3278f/build]   | 
[739464f8-4172-424e-bbce-5110cac3278f/build]   | * What went wrong:
[739464f8-4172-424e-bbce-5110cac3278f/build]   | Execution failed for task ':test'.
[739464f8-4172-424e-bbce-5110cac3278f/build]   | > There were failing tests. See the report at: file:///tmp/47b01e3d-d08a-43ac-ae26-44d83ff19347/build/reports/tests/test/index.html
[739464f8-4172-424e-bbce-5110cac3278f/build]   | 
[739464f8-4172-424e-bbce-5110cac3278f/build]   | * Try:
[739464f8-4172-424e-bbce-5110cac3278f/build]   | > Run with --stacktrace option to get the stack trace.
[739464f8-4172-424e-bbce-5110cac3278f/build]   | > Run with --info or --debug option to get more log output.
[739464f8-4172-424e-bbce-5110cac3278f/build]   | > Run with --scan to get full insights.
[739464f8-4172-424e-bbce-5110cac3278f/build]   | 
[739464f8-4172-424e-bbce-5110cac3278f/build]   | * Get more help at https://help.gradle.org
[739464f8-4172-424e-bbce-5110cac3278f/build]   | 
[739464f8-4172-424e-bbce-5110cac3278f/build]   | BUILD FAILED in 2m 39s
[739464f8-4172-424e-bbce-5110cac3278f/build]   | 12 actionable tasks: 12 executed
[739464f8-4172-424e-bbce-5110cac3278f/build]   ❌  Failure - Main ./gradlew build --no-daemon --warning-mode=fail
[739464f8-4172-424e-bbce-5110cac3278f/build] exitcode '1': failure
[739464f8-4172-424e-bbce-5110cac3278f/build] unable to get git ref: failed to identify reference (tag/branch) for the checked-out revision 'ec2b7b64a83aa1c3dcd0cd69c1ae7b2d0d8a7864'
[739464f8-4172-424e-bbce-5110cac3278f/build] unable to get git ref: failed to identify reference (tag/branch) for the checked-out revision 'ec2b7b64a83aa1c3dcd0cd69c1ae7b2d0d8a7864'
[739464f8-4172-424e-bbce-5110cac3278f/build] unable to get git ref: failed to identify reference (tag/branch) for the checked-out revision 'ec2b7b64a83aa1c3dcd0cd69c1ae7b2d0d8a7864'
[739464f8-4172-424e-bbce-5110cac3278f/build] unable to get git ref: failed to identify reference (tag/branch) for the checked-out revision 'ec2b7b64a83aa1c3dcd0cd69c1ae7b2d0d8a7864'
[739464f8-4172-424e-bbce-5110cac3278f/build] unable to get git ref: failed to identify reference (tag/branch) for the checked-out revision 'ec2b7b64a83aa1c3dcd0cd69c1ae7b2d0d8a7864'
[739464f8-4172-424e-bbce-5110cac3278f/build] ⭐ Run Post actions/setup-java@v3
[739464f8-4172-424e-bbce-5110cac3278f/build]   🐳  docker exec cmd=[node /var/run/act/actions/actions-setup-java@v3/dist/cleanup/index.js] user= workdir=
[739464f8-4172-424e-bbce-5110cac3278f/build]   ✅  Success - Post actions/setup-java@v3
[739464f8-4172-424e-bbce-5110cac3278f/build] 🏁  Job failed
[739464f8-4172-424e-bbce-5110cac3278f/build] unable to get git ref: failed to identify reference (tag/branch) for the checked-out revision 'ec2b7b64a83aa1c3dcd0cd69c1ae7b2d0d8a7864'
