[7effcea7-c67d-417f-8758-d4bd73a0d67e/build] 🚀  Start image=gitbugactions:latest
[7effcea7-c67d-417f-8758-d4bd73a0d67e/build]   🐳  docker pull image=gitbugactions:latest platform= username= forcePull=false
[7effcea7-c67d-417f-8758-d4bd73a0d67e/build]   🐳  docker create image=gitbugactions:latest platform= entrypoint=["tail" "-f" "/dev/null"] cmd=[]
[7effcea7-c67d-417f-8758-d4bd73a0d67e/build]   🐳  docker run image=gitbugactions:latest platform= entrypoint=["tail" "-f" "/dev/null"] cmd=[]
[7effcea7-c67d-417f-8758-d4bd73a0d67e/build]   🐳  docker exec cmd=[chown -R 1012:1013 /tmp/0cd030e6-b653-4dd9-9285-b9bcccc51039] user=0 workdir=
[7effcea7-c67d-417f-8758-d4bd73a0d67e/build] unable to get git ref: failed to identify reference (tag/branch) for the checked-out revision 'a5c2d52a5401544add754f75bb12e0b2a8ed3e81'
[7effcea7-c67d-417f-8758-d4bd73a0d67e/build] unable to get git ref: failed to identify reference (tag/branch) for the checked-out revision 'a5c2d52a5401544add754f75bb12e0b2a8ed3e81'
[7effcea7-c67d-417f-8758-d4bd73a0d67e/build] unable to get git ref: failed to identify reference (tag/branch) for the checked-out revision 'a5c2d52a5401544add754f75bb12e0b2a8ed3e81'
[7effcea7-c67d-417f-8758-d4bd73a0d67e/build] unable to get git ref: failed to identify reference (tag/branch) for the checked-out revision 'a5c2d52a5401544add754f75bb12e0b2a8ed3e81'
[7effcea7-c67d-417f-8758-d4bd73a0d67e/build] unable to get git ref: failed to identify reference (tag/branch) for the checked-out revision 'a5c2d52a5401544add754f75bb12e0b2a8ed3e81'
[7effcea7-c67d-417f-8758-d4bd73a0d67e/build] unable to get git ref: failed to identify reference (tag/branch) for the checked-out revision 'a5c2d52a5401544add754f75bb12e0b2a8ed3e81'
[7effcea7-c67d-417f-8758-d4bd73a0d67e/build] unable to get git ref: failed to identify reference (tag/branch) for the checked-out revision 'a5c2d52a5401544add754f75bb12e0b2a8ed3e81'
[7effcea7-c67d-417f-8758-d4bd73a0d67e/build] unable to get git ref: failed to identify reference (tag/branch) for the checked-out revision 'a5c2d52a5401544add754f75bb12e0b2a8ed3e81'
[7effcea7-c67d-417f-8758-d4bd73a0d67e/build] unable to get git ref: failed to identify reference (tag/branch) for the checked-out revision 'a5c2d52a5401544add754f75bb12e0b2a8ed3e81'
[7effcea7-c67d-417f-8758-d4bd73a0d67e/build] unable to get git ref: failed to identify reference (tag/branch) for the checked-out revision 'a5c2d52a5401544add754f75bb12e0b2a8ed3e81'
[7effcea7-c67d-417f-8758-d4bd73a0d67e/build] ⭐ Run Main actions/checkout@v3
[7effcea7-c67d-417f-8758-d4bd73a0d67e/build] unable to get git ref: failed to identify reference (tag/branch) for the checked-out revision 'a5c2d52a5401544add754f75bb12e0b2a8ed3e81'
[7effcea7-c67d-417f-8758-d4bd73a0d67e/build] unable to get git ref: failed to identify reference (tag/branch) for the checked-out revision 'a5c2d52a5401544add754f75bb12e0b2a8ed3e81'
[7effcea7-c67d-417f-8758-d4bd73a0d67e/build]   🐳  docker cp src=/tmp/0cd030e6-b653-4dd9-9285-b9bcccc51039/. dst=/tmp/0cd030e6-b653-4dd9-9285-b9bcccc51039
[7effcea7-c67d-417f-8758-d4bd73a0d67e/build]   🐳  docker exec cmd=[chown -R 1012:1013 /tmp/0cd030e6-b653-4dd9-9285-b9bcccc51039] user=0 workdir=
[7effcea7-c67d-417f-8758-d4bd73a0d67e/build]   ✅  Success - Main actions/checkout@v3
[7effcea7-c67d-417f-8758-d4bd73a0d67e/build] unable to get git ref: failed to identify reference (tag/branch) for the checked-out revision 'a5c2d52a5401544add754f75bb12e0b2a8ed3e81'
[7effcea7-c67d-417f-8758-d4bd73a0d67e/build] unable to get git ref: failed to identify reference (tag/branch) for the checked-out revision 'a5c2d52a5401544add754f75bb12e0b2a8ed3e81'
[7effcea7-c67d-417f-8758-d4bd73a0d67e/build] unable to get git ref: failed to identify reference (tag/branch) for the checked-out revision 'a5c2d52a5401544add754f75bb12e0b2a8ed3e81'
[7effcea7-c67d-417f-8758-d4bd73a0d67e/build] unable to get git ref: failed to identify reference (tag/branch) for the checked-out revision 'a5c2d52a5401544add754f75bb12e0b2a8ed3e81'
[7effcea7-c67d-417f-8758-d4bd73a0d67e/build] unable to get git ref: failed to identify reference (tag/branch) for the checked-out revision 'a5c2d52a5401544add754f75bb12e0b2a8ed3e81'
[7effcea7-c67d-417f-8758-d4bd73a0d67e/build] ⭐ Run Main Set up JDK
[7effcea7-c67d-417f-8758-d4bd73a0d67e/build] unable to get git ref: failed to identify reference (tag/branch) for the checked-out revision 'a5c2d52a5401544add754f75bb12e0b2a8ed3e81'
[7effcea7-c67d-417f-8758-d4bd73a0d67e/build] unable to get git ref: failed to identify reference (tag/branch) for the checked-out revision 'a5c2d52a5401544add754f75bb12e0b2a8ed3e81'
[7effcea7-c67d-417f-8758-d4bd73a0d67e/build] unable to get git ref: failed to identify reference (tag/branch) for the checked-out revision 'a5c2d52a5401544add754f75bb12e0b2a8ed3e81'
[7effcea7-c67d-417f-8758-d4bd73a0d67e/build]   🐳  docker cp src=/tmp/act-cache/c4922c8f-dae0-49c2-a391-8506d72e4c23/act/actions-setup-java@v3/ dst=/var/run/act/actions/actions-setup-java@v3/
[7effcea7-c67d-417f-8758-d4bd73a0d67e/build]   🐳  docker exec cmd=[chown -R 1012:1013 /var/run/act/actions/actions-setup-java@v3/] user=0 workdir=
[7effcea7-c67d-417f-8758-d4bd73a0d67e/build]   🐳  docker exec cmd=[node /var/run/act/actions/actions-setup-java@v3/dist/setup/index.js] user= workdir=
[7effcea7-c67d-417f-8758-d4bd73a0d67e/build]   ❓  ::group::Installed distributions
[7effcea7-c67d-417f-8758-d4bd73a0d67e/build]   | Trying to resolve the latest version from remote
[7effcea7-c67d-417f-8758-d4bd73a0d67e/build]   | Resolved latest version as 11.0.21+9.1
[7effcea7-c67d-417f-8758-d4bd73a0d67e/build]   | Trying to download...
[7effcea7-c67d-417f-8758-d4bd73a0d67e/build]   | Downloading Java 11.0.21+9.1 (Corretto) from https://corretto.aws/downloads/resources/11.0.21.9.1/amazon-corretto-11.0.21.9.1-linux-x64.tar.gz ...
[7effcea7-c67d-417f-8758-d4bd73a0d67e/build]   💬  ::debug::Downloading https://corretto.aws/downloads/resources/11.0.21.9.1/amazon-corretto-11.0.21.9.1-linux-x64.tar.gz
[7effcea7-c67d-417f-8758-d4bd73a0d67e/build]   💬  ::debug::Destination /tmp/8cbe37a7-4103-41e0-8937-9609a07a2ad7
[7effcea7-c67d-417f-8758-d4bd73a0d67e/build]   💬  ::debug::download complete
[7effcea7-c67d-417f-8758-d4bd73a0d67e/build]   | Extracting Java archive...
[7effcea7-c67d-417f-8758-d4bd73a0d67e/build]   💬  ::debug::Checking tar --version
[7effcea7-c67d-417f-8758-d4bd73a0d67e/build]   💬  ::debug::tar (GNU tar) 1.34%0ACopyright (C) 2021 Free Software Foundation, Inc.%0ALicense GPLv3+: GNU GPL version 3 or later <https://gnu.org/licenses/gpl.html>.%0AThis is free software: you are free to change and redistribute it.%0AThere is NO WARRANTY, to the extent permitted by law.%0A%0AWritten by John Gilmore and Jay Fenlason.
[7effcea7-c67d-417f-8758-d4bd73a0d67e/build]   | [command]/usr/bin/tar xz --warning=no-unknown-keyword -C /tmp/7c672c21-b58d-4b0e-bf7f-79769508bb4b -f /tmp/8cbe37a7-4103-41e0-8937-9609a07a2ad7
[7effcea7-c67d-417f-8758-d4bd73a0d67e/build]   💬  ::debug::Caching tool Java_Corretto_jdk 11.0.21-9.1 x64
[7effcea7-c67d-417f-8758-d4bd73a0d67e/build]   💬  ::debug::source dir: /tmp/7c672c21-b58d-4b0e-bf7f-79769508bb4b/amazon-corretto-11.0.21.9.1-linux-x64
[7effcea7-c67d-417f-8758-d4bd73a0d67e/build]   💬  ::debug::destination /opt/hostedtoolcache/Java_Corretto_jdk/11.0.21-9.1/x64
[7effcea7-c67d-417f-8758-d4bd73a0d67e/build]   💬  ::debug::finished caching tool
[7effcea7-c67d-417f-8758-d4bd73a0d67e/build]   | Java 11.0.21+9.1 was downloaded
[7effcea7-c67d-417f-8758-d4bd73a0d67e/build]   | Setting Java 11.0.21+9.1 as the default
[7effcea7-c67d-417f-8758-d4bd73a0d67e/build]   | Creating toolchains.xml for JDK version 11 from corretto
[7effcea7-c67d-417f-8758-d4bd73a0d67e/build]   | Writing to /home/runner/.m2/toolchains.xml
[7effcea7-c67d-417f-8758-d4bd73a0d67e/build]   | 
[7effcea7-c67d-417f-8758-d4bd73a0d67e/build]   | Java configuration:
[7effcea7-c67d-417f-8758-d4bd73a0d67e/build]   |   Distribution: corretto
[7effcea7-c67d-417f-8758-d4bd73a0d67e/build]   |   Version: 11.0.21+9.1
[7effcea7-c67d-417f-8758-d4bd73a0d67e/build]   |   Path: /opt/hostedtoolcache/Java_Corretto_jdk/11.0.21-9.1/x64
[7effcea7-c67d-417f-8758-d4bd73a0d67e/build]   | 
[7effcea7-c67d-417f-8758-d4bd73a0d67e/build]   ❓  ::endgroup::
[7effcea7-c67d-417f-8758-d4bd73a0d67e/build]   ❓ add-matcher /run/act/actions/actions-setup-java@v3/.github/java.json
[7effcea7-c67d-417f-8758-d4bd73a0d67e/build]   | Creating settings.xml with server-id: github
[7effcea7-c67d-417f-8758-d4bd73a0d67e/build]   | Writing to /home/runner/.m2/settings.xml
[7effcea7-c67d-417f-8758-d4bd73a0d67e/build]   ✅  Success - Main Set up JDK
[7effcea7-c67d-417f-8758-d4bd73a0d67e/build]   ⚙  ::set-env:: JAVA_HOME=/opt/hostedtoolcache/Java_Corretto_jdk/11.0.21-9.1/x64
[7effcea7-c67d-417f-8758-d4bd73a0d67e/build]   ⚙  ::set-env:: JAVA_HOME_11_X64=/opt/hostedtoolcache/Java_Corretto_jdk/11.0.21-9.1/x64
[7effcea7-c67d-417f-8758-d4bd73a0d67e/build]   ⚙  ::set-output:: distribution=Corretto
[7effcea7-c67d-417f-8758-d4bd73a0d67e/build]   ⚙  ::set-output:: path=/opt/hostedtoolcache/Java_Corretto_jdk/11.0.21-9.1/x64
[7effcea7-c67d-417f-8758-d4bd73a0d67e/build]   ⚙  ::set-output:: version=11.0.21+9.1
[7effcea7-c67d-417f-8758-d4bd73a0d67e/build]   ⚙  ::add-path:: /opt/hostedtoolcache/Java_Corretto_jdk/11.0.21-9.1/x64/bin
[7effcea7-c67d-417f-8758-d4bd73a0d67e/build] unable to get git ref: failed to identify reference (tag/branch) for the checked-out revision 'a5c2d52a5401544add754f75bb12e0b2a8ed3e81'
[7effcea7-c67d-417f-8758-d4bd73a0d67e/build] unable to get git ref: failed to identify reference (tag/branch) for the checked-out revision 'a5c2d52a5401544add754f75bb12e0b2a8ed3e81'
[7effcea7-c67d-417f-8758-d4bd73a0d67e/build] unable to get git ref: failed to identify reference (tag/branch) for the checked-out revision 'a5c2d52a5401544add754f75bb12e0b2a8ed3e81'
[7effcea7-c67d-417f-8758-d4bd73a0d67e/build] unable to get git ref: failed to identify reference (tag/branch) for the checked-out revision 'a5c2d52a5401544add754f75bb12e0b2a8ed3e81'
[7effcea7-c67d-417f-8758-d4bd73a0d67e/build] unable to get git ref: failed to identify reference (tag/branch) for the checked-out revision 'a5c2d52a5401544add754f75bb12e0b2a8ed3e81'
[7effcea7-c67d-417f-8758-d4bd73a0d67e/build] ⭐ Run Main Setup Gradle
[7effcea7-c67d-417f-8758-d4bd73a0d67e/build] unable to get git ref: failed to identify reference (tag/branch) for the checked-out revision 'a5c2d52a5401544add754f75bb12e0b2a8ed3e81'
[7effcea7-c67d-417f-8758-d4bd73a0d67e/build] unable to get git ref: failed to identify reference (tag/branch) for the checked-out revision 'a5c2d52a5401544add754f75bb12e0b2a8ed3e81'
[7effcea7-c67d-417f-8758-d4bd73a0d67e/build] unable to get git ref: failed to identify reference (tag/branch) for the checked-out revision 'a5c2d52a5401544add754f75bb12e0b2a8ed3e81'
[7effcea7-c67d-417f-8758-d4bd73a0d67e/build]   🐳  docker cp src=/tmp/act-cache/c4922c8f-dae0-49c2-a391-8506d72e4c23/act/gradle-gradle-build-action@v2.4.2/ dst=/var/run/act/actions/gradle-gradle-build-action@v2.4.2/
[7effcea7-c67d-417f-8758-d4bd73a0d67e/build]   🐳  docker exec cmd=[chown -R 1012:1013 /var/run/act/actions/gradle-gradle-build-action@v2.4.2/] user=0 workdir=
[7effcea7-c67d-417f-8758-d4bd73a0d67e/build]   🐳  docker exec cmd=[node /var/run/act/actions/gradle-gradle-build-action@v2.4.2/dist/main/index.js] user= workdir=
[7effcea7-c67d-417f-8758-d4bd73a0d67e/build]   💬  ::debug::Determined user.home from java -version output: '/home/runner'
[7effcea7-c67d-417f-8758-d4bd73a0d67e/build]   | Cache is disabled: will not restore state from previous builds.
[7effcea7-c67d-417f-8758-d4bd73a0d67e/build]   ✅  Success - Main Setup Gradle
[7effcea7-c67d-417f-8758-d4bd73a0d67e/build]   ⚙  ::set-env:: GRADLE_BUILD_ACTION_CACHE_RESTORED=true
[7effcea7-c67d-417f-8758-d4bd73a0d67e/build]   ⚙  ::set-env:: GRADLE_BUILD_ACTION_SETUP_COMPLETED=true
[7effcea7-c67d-417f-8758-d4bd73a0d67e/build] unable to get git ref: failed to identify reference (tag/branch) for the checked-out revision 'a5c2d52a5401544add754f75bb12e0b2a8ed3e81'
[7effcea7-c67d-417f-8758-d4bd73a0d67e/build] unable to get git ref: failed to identify reference (tag/branch) for the checked-out revision 'a5c2d52a5401544add754f75bb12e0b2a8ed3e81'
[7effcea7-c67d-417f-8758-d4bd73a0d67e/build] unable to get git ref: failed to identify reference (tag/branch) for the checked-out revision 'a5c2d52a5401544add754f75bb12e0b2a8ed3e81'
[7effcea7-c67d-417f-8758-d4bd73a0d67e/build] unable to get git ref: failed to identify reference (tag/branch) for the checked-out revision 'a5c2d52a5401544add754f75bb12e0b2a8ed3e81'
[7effcea7-c67d-417f-8758-d4bd73a0d67e/build] unable to get git ref: failed to identify reference (tag/branch) for the checked-out revision 'a5c2d52a5401544add754f75bb12e0b2a8ed3e81'
[7effcea7-c67d-417f-8758-d4bd73a0d67e/build] ⭐ Run Main Execute Gradle build
[7effcea7-c67d-417f-8758-d4bd73a0d67e/build] unable to get git ref: failed to identify reference (tag/branch) for the checked-out revision 'a5c2d52a5401544add754f75bb12e0b2a8ed3e81'
[7effcea7-c67d-417f-8758-d4bd73a0d67e/build] unable to get git ref: failed to identify reference (tag/branch) for the checked-out revision 'a5c2d52a5401544add754f75bb12e0b2a8ed3e81'
[7effcea7-c67d-417f-8758-d4bd73a0d67e/build] unable to get git ref: failed to identify reference (tag/branch) for the checked-out revision 'a5c2d52a5401544add754f75bb12e0b2a8ed3e81'
[7effcea7-c67d-417f-8758-d4bd73a0d67e/build] unable to get git ref: failed to identify reference (tag/branch) for the checked-out revision 'a5c2d52a5401544add754f75bb12e0b2a8ed3e81'
[7effcea7-c67d-417f-8758-d4bd73a0d67e/build]   🐳  docker exec cmd=[bash --noprofile --norc -e -o pipefail /var/run/act/workflow/3] user= workdir=
[7effcea7-c67d-417f-8758-d4bd73a0d67e/build]   | Downloading https://services.gradle.org/distributions/gradle-7.1-bin.zip
[7effcea7-c67d-417f-8758-d4bd73a0d67e/build]   | ..........10%...........20%...........30%..........40%...........50%...........60%..........70%...........80%...........90%...........100%
[7effcea7-c67d-417f-8758-d4bd73a0d67e/build]   | 
[7effcea7-c67d-417f-8758-d4bd73a0d67e/build]   | Welcome to Gradle 7.1!
[7effcea7-c67d-417f-8758-d4bd73a0d67e/build]   | 
[7effcea7-c67d-417f-8758-d4bd73a0d67e/build]   | Here are the highlights of this release:
[7effcea7-c67d-417f-8758-d4bd73a0d67e/build]   |  - Faster incremental Java compilation
[7effcea7-c67d-417f-8758-d4bd73a0d67e/build]   |  - Easier source set configuration in the Kotlin DSL
[7effcea7-c67d-417f-8758-d4bd73a0d67e/build]   | 
[7effcea7-c67d-417f-8758-d4bd73a0d67e/build]   | For more details see https://docs.gradle.org/7.1/release-notes.html
[7effcea7-c67d-417f-8758-d4bd73a0d67e/build]   | 
[7effcea7-c67d-417f-8758-d4bd73a0d67e/build]   | Starting a Gradle Daemon (subsequent builds will be faster)
[7effcea7-c67d-417f-8758-d4bd73a0d67e/build]   | > Task :compileJava
[7effcea7-c67d-417f-8758-d4bd73a0d67e/build]   | > Task :processResources
[7effcea7-c67d-417f-8758-d4bd73a0d67e/build]   | > Task :classes
[7effcea7-c67d-417f-8758-d4bd73a0d67e/build]   | > Task :jar
[7effcea7-c67d-417f-8758-d4bd73a0d67e/build]   | 
[7effcea7-c67d-417f-8758-d4bd73a0d67e/build]   | > Task :javadoc
[7effcea7-c67d-417f-8758-d4bd73a0d67e/build]   | /tmp/0cd030e6-b653-4dd9-9285-b9bcccc51039/src/main/java/software/amazon/nio/spi/s3/S3FileSystemProvider.java:204: warning: no @param for client
[7effcea7-c67d-417f-8758-d4bd73a0d67e/build]   |     protected SeekableByteChannel newByteChannel(S3AsyncClient client, Path path, Set<? extends OpenOption> options, FileAttribute<?>... attrs) throws IOException {
[7effcea7-c67d-417f-8758-d4bd73a0d67e/build]   |                                   ^
[7effcea7-c67d-417f-8758-d4bd73a0d67e/build]   | /tmp/0cd030e6-b653-4dd9-9285-b9bcccc51039/src/main/java/software/amazon/nio/spi/s3/S3FileSystemProvider.java:204: warning: no @param for path
[7effcea7-c67d-417f-8758-d4bd73a0d67e/build]   |     protected SeekableByteChannel newByteChannel(S3AsyncClient client, Path path, Set<? extends OpenOption> options, FileAttribute<?>... attrs) throws IOException {
[7effcea7-c67d-417f-8758-d4bd73a0d67e/build]   |                                   ^
[7effcea7-c67d-417f-8758-d4bd73a0d67e/build]   | /tmp/0cd030e6-b653-4dd9-9285-b9bcccc51039/src/main/java/software/amazon/nio/spi/s3/S3FileSystemProvider.java:204: warning: no @param for options
[7effcea7-c67d-417f-8758-d4bd73a0d67e/build]   |     protected SeekableByteChannel newByteChannel(S3AsyncClient client, Path path, Set<? extends OpenOption> options, FileAttribute<?>... attrs) throws IOException {
[7effcea7-c67d-417f-8758-d4bd73a0d67e/build]   |                                   ^
[7effcea7-c67d-417f-8758-d4bd73a0d67e/build]   | /tmp/0cd030e6-b653-4dd9-9285-b9bcccc51039/src/main/java/software/amazon/nio/spi/s3/S3FileSystemProvider.java:204: warning: no @param for attrs
[7effcea7-c67d-417f-8758-d4bd73a0d67e/build]   |     protected SeekableByteChannel newByteChannel(S3AsyncClient client, Path path, Set<? extends OpenOption> options, FileAttribute<?>... attrs) throws IOException {
[7effcea7-c67d-417f-8758-d4bd73a0d67e/build]   |                                   ^
[7effcea7-c67d-417f-8758-d4bd73a0d67e/build]   | /tmp/0cd030e6-b653-4dd9-9285-b9bcccc51039/src/main/java/software/amazon/nio/spi/s3/S3FileSystemProvider.java:204: warning: no @return
[7effcea7-c67d-417f-8758-d4bd73a0d67e/build]   |     protected SeekableByteChannel newByteChannel(S3AsyncClient client, Path path, Set<? extends OpenOption> options, FileAttribute<?>... attrs) throws IOException {
[7effcea7-c67d-417f-8758-d4bd73a0d67e/build]   |                                   ^
[7effcea7-c67d-417f-8758-d4bd73a0d67e/build]   | /tmp/0cd030e6-b653-4dd9-9285-b9bcccc51039/src/main/java/software/amazon/nio/spi/s3/S3FileSystemProvider.java:204: warning: no @throws for java.io.IOException
[7effcea7-c67d-417f-8758-d4bd73a0d67e/build]   |     protected SeekableByteChannel newByteChannel(S3AsyncClient client, Path path, Set<? extends OpenOption> options, FileAttribute<?>... attrs) throws IOException {
[7effcea7-c67d-417f-8758-d4bd73a0d67e/build]   |                                   ^
[7effcea7-c67d-417f-8758-d4bd73a0d67e/build]   | /tmp/0cd030e6-b653-4dd9-9285-b9bcccc51039/src/main/java/software/amazon/nio/spi/s3/S3FileSystemProvider.java:249: warning: no @param for s3Client
[7effcea7-c67d-417f-8758-d4bd73a0d67e/build]   |     protected DirectoryStream<Path> newDirectoryStream(S3AsyncClient s3Client, Path dir, DirectoryStream.Filter<? super Path> filter) throws ExecutionException, InterruptedException {
[7effcea7-c67d-417f-8758-d4bd73a0d67e/build]   |                                     ^
[7effcea7-c67d-417f-8758-d4bd73a0d67e/build]   | /tmp/0cd030e6-b653-4dd9-9285-b9bcccc51039/src/main/java/software/amazon/nio/spi/s3/S3FileSystemProvider.java:249: warning: no @param for dir
[7effcea7-c67d-417f-8758-d4bd73a0d67e/build]   |     protected DirectoryStream<Path> newDirectoryStream(S3AsyncClient s3Client, Path dir, DirectoryStream.Filter<? super Path> filter) throws ExecutionException, InterruptedException {
[7effcea7-c67d-417f-8758-d4bd73a0d67e/build]   |                                     ^
[7effcea7-c67d-417f-8758-d4bd73a0d67e/build]   | /tmp/0cd030e6-b653-4dd9-9285-b9bcccc51039/src/main/java/software/amazon/nio/spi/s3/S3FileSystemProvider.java:249: warning: no @param for filter
[7effcea7-c67d-417f-8758-d4bd73a0d67e/build]   |     protected DirectoryStream<Path> newDirectoryStream(S3AsyncClient s3Client, Path dir, DirectoryStream.Filter<? super Path> filter) throws ExecutionException, InterruptedException {
[7effcea7-c67d-417f-8758-d4bd73a0d67e/build]   |                                     ^
[7effcea7-c67d-417f-8758-d4bd73a0d67e/build]   | /tmp/0cd030e6-b653-4dd9-9285-b9bcccc51039/src/main/java/software/amazon/nio/spi/s3/S3FileSystemProvider.java:249: warning: no @return
[7effcea7-c67d-417f-8758-d4bd73a0d67e/build]   |     protected DirectoryStream<Path> newDirectoryStream(S3AsyncClient s3Client, Path dir, DirectoryStream.Filter<? super Path> filter) throws ExecutionException, InterruptedException {
[7effcea7-c67d-417f-8758-d4bd73a0d67e/build]   |                                     ^
[7effcea7-c67d-417f-8758-d4bd73a0d67e/build]   | /tmp/0cd030e6-b653-4dd9-9285-b9bcccc51039/src/main/java/software/amazon/nio/spi/s3/S3FileSystemProvider.java:249: warning: no @throws for java.util.concurrent.ExecutionException
[7effcea7-c67d-417f-8758-d4bd73a0d67e/build]   |     protected DirectoryStream<Path> newDirectoryStream(S3AsyncClient s3Client, Path dir, DirectoryStream.Filter<? super Path> filter) throws ExecutionException, InterruptedException {
[7effcea7-c67d-417f-8758-d4bd73a0d67e/build]   |                                     ^
[7effcea7-c67d-417f-8758-d4bd73a0d67e/build]   | /tmp/0cd030e6-b653-4dd9-9285-b9bcccc51039/src/main/java/software/amazon/nio/spi/s3/S3FileSystemProvider.java:249: warning: no @throws for java.lang.InterruptedException
[7effcea7-c67d-417f-8758-d4bd73a0d67e/build]   |     protected DirectoryStream<Path> newDirectoryStream(S3AsyncClient s3Client, Path dir, DirectoryStream.Filter<? super Path> filter) throws ExecutionException, InterruptedException {
[7effcea7-c67d-417f-8758-d4bd73a0d67e/build]   |                                     ^
[7effcea7-c67d-417f-8758-d4bd73a0d67e/build]   | /tmp/0cd030e6-b653-4dd9-9285-b9bcccc51039/src/main/java/software/amazon/nio/spi/s3/S3FileSystemProvider.java:675: warning: no @param for s3Client
[7effcea7-c67d-417f-8758-d4bd73a0d67e/build]   |     protected void checkAccess(S3AsyncClient s3Client, Path path, AccessMode... modes) throws IOException, ExecutionException, InterruptedException {
[7effcea7-c67d-417f-8758-d4bd73a0d67e/build]   |                    ^
[7effcea7-c67d-417f-8758-d4bd73a0d67e/build]   | /tmp/0cd030e6-b653-4dd9-9285-b9bcccc51039/src/main/java/software/amazon/nio/spi/s3/S3FileSystemProvider.java:675: warning: no @param for path
[7effcea7-c67d-417f-8758-d4bd73a0d67e/build]   |     protected void checkAccess(S3AsyncClient s3Client, Path path, AccessMode... modes) throws IOException, ExecutionException, InterruptedException {
[7effcea7-c67d-417f-8758-d4bd73a0d67e/build]   |                    ^
[7effcea7-c67d-417f-8758-d4bd73a0d67e/build]   | /tmp/0cd030e6-b653-4dd9-9285-b9bcccc51039/src/main/java/software/amazon/nio/spi/s3/S3FileSystemProvider.java:675: warning: no @param for modes
[7effcea7-c67d-417f-8758-d4bd73a0d67e/build]   |     protected void checkAccess(S3AsyncClient s3Client, Path path, AccessMode... modes) throws IOException, ExecutionException, InterruptedException {
[7effcea7-c67d-417f-8758-d4bd73a0d67e/build]   |                    ^
[7effcea7-c67d-417f-8758-d4bd73a0d67e/build]   | /tmp/0cd030e6-b653-4dd9-9285-b9bcccc51039/src/main/java/software/amazon/nio/spi/s3/S3FileSystemProvider.java:675: warning: no @throws for java.io.IOException
[7effcea7-c67d-417f-8758-d4bd73a0d67e/build]   |     protected void checkAccess(S3AsyncClient s3Client, Path path, AccessMode... modes) throws IOException, ExecutionException, InterruptedException {
[7effcea7-c67d-417f-8758-d4bd73a0d67e/build]   |                    ^
[7effcea7-c67d-417f-8758-d4bd73a0d67e/build]   | /tmp/0cd030e6-b653-4dd9-9285-b9bcccc51039/src/main/java/software/amazon/nio/spi/s3/S3FileSystemProvider.java:675: warning: no @throws for java.util.concurrent.ExecutionException
[7effcea7-c67d-417f-8758-d4bd73a0d67e/build]   |     protected void checkAccess(S3AsyncClient s3Client, Path path, AccessMode... modes) throws IOException, ExecutionException, InterruptedException {
[7effcea7-c67d-417f-8758-d4bd73a0d67e/build]   |                    ^
[7effcea7-c67d-417f-8758-d4bd73a0d67e/build]   | /tmp/0cd030e6-b653-4dd9-9285-b9bcccc51039/src/main/java/software/amazon/nio/spi/s3/S3FileSystemProvider.java:675: warning: no @throws for java.lang.InterruptedException
[7effcea7-c67d-417f-8758-d4bd73a0d67e/build]   |     protected void checkAccess(S3AsyncClient s3Client, Path path, AccessMode... modes) throws IOException, ExecutionException, InterruptedException {
[7effcea7-c67d-417f-8758-d4bd73a0d67e/build]   |                    ^
[7effcea7-c67d-417f-8758-d4bd73a0d67e/build]   | /tmp/0cd030e6-b653-4dd9-9285-b9bcccc51039/src/main/java/software/amazon/nio/spi/s3/S3ReadAheadByteChannel.java:66: warning: no @param for timeout
[7effcea7-c67d-417f-8758-d4bd73a0d67e/build]   |     public S3ReadAheadByteChannel(S3Path path, int maxFragmentSize, int maxNumberFragments, S3AsyncClient client, S3SeekableByteChannel delegator, Long timeout, TimeUnit timeUnit) throws IOException {
[7effcea7-c67d-417f-8758-d4bd73a0d67e/build]   |            ^
[7effcea7-c67d-417f-8758-d4bd73a0d67e/build]   | /tmp/0cd030e6-b653-4dd9-9285-b9bcccc51039/src/main/java/software/amazon/nio/spi/s3/S3ReadAheadByteChannel.java:66: warning: no @param for timeUnit
[7effcea7-c67d-417f-8758-d4bd73a0d67e/build]   |     public S3ReadAheadByteChannel(S3Path path, int maxFragmentSize, int maxNumberFragments, S3AsyncClient client, S3SeekableByteChannel delegator, Long timeout, TimeUnit timeUnit) throws IOException {
[7effcea7-c67d-417f-8758-d4bd73a0d67e/build]   |            ^
[7effcea7-c67d-417f-8758-d4bd73a0d67e/build]   | /tmp/0cd030e6-b653-4dd9-9285-b9bcccc51039/src/main/java/software/amazon/nio/spi/s3/S3SeekableByteChannel.java:48: warning: no @param for s3Path
[7effcea7-c67d-417f-8758-d4bd73a0d67e/build]   |     protected S3SeekableByteChannel(S3Path s3Path, S3AsyncClient s3Client, long startAt) throws IOException {
[7effcea7-c67d-417f-8758-d4bd73a0d67e/build]   |               ^
[7effcea7-c67d-417f-8758-d4bd73a0d67e/build]   | /tmp/0cd030e6-b653-4dd9-9285-b9bcccc51039/src/main/java/software/amazon/nio/spi/s3/S3SeekableByteChannel.java:48: warning: no @param for s3Client
[7effcea7-c67d-417f-8758-d4bd73a0d67e/build]   |     protected S3SeekableByteChannel(S3Path s3Path, S3AsyncClient s3Client, long startAt) throws IOException {
[7effcea7-c67d-417f-8758-d4bd73a0d67e/build]   |               ^
[7effcea7-c67d-417f-8758-d4bd73a0d67e/build]   | /tmp/0cd030e6-b653-4dd9-9285-b9bcccc51039/src/main/java/software/amazon/nio/spi/s3/S3SeekableByteChannel.java:48: warning: no @param for startAt
[7effcea7-c67d-417f-8758-d4bd73a0d67e/build]   |     protected S3SeekableByteChannel(S3Path s3Path, S3AsyncClient s3Client, long startAt) throws IOException {
[7effcea7-c67d-417f-8758-d4bd73a0d67e/build]   |               ^
[7effcea7-c67d-417f-8758-d4bd73a0d67e/build]   | /tmp/0cd030e6-b653-4dd9-9285-b9bcccc51039/src/main/java/software/amazon/nio/spi/s3/S3SeekableByteChannel.java:48: warning: no @throws for java.io.IOException
[7effcea7-c67d-417f-8758-d4bd73a0d67e/build]   |     protected S3SeekableByteChannel(S3Path s3Path, S3AsyncClient s3Client, long startAt) throws IOException {
[7effcea7-c67d-417f-8758-d4bd73a0d67e/build]   |               ^
[7effcea7-c67d-417f-8758-d4bd73a0d67e/build]   | /tmp/0cd030e6-b653-4dd9-9285-b9bcccc51039/src/main/java/software/amazon/nio/spi/s3/S3SeekableByteChannel.java:57: warning: no @param for s3Path
[7effcea7-c67d-417f-8758-d4bd73a0d67e/build]   |     protected S3SeekableByteChannel(S3Path s3Path, long startAt) throws IOException {
[7effcea7-c67d-417f-8758-d4bd73a0d67e/build]   |               ^
[7effcea7-c67d-417f-8758-d4bd73a0d67e/build]   | /tmp/0cd030e6-b653-4dd9-9285-b9bcccc51039/src/main/java/software/amazon/nio/spi/s3/S3SeekableByteChannel.java:57: warning: no @param for startAt
[7effcea7-c67d-417f-8758-d4bd73a0d67e/build]   |     protected S3SeekableByteChannel(S3Path s3Path, long startAt) throws IOException {
[7effcea7-c67d-417f-8758-d4bd73a0d67e/build]   |               ^
[7effcea7-c67d-417f-8758-d4bd73a0d67e/build]   | /tmp/0cd030e6-b653-4dd9-9285-b9bcccc51039/src/main/java/software/amazon/nio/spi/s3/S3SeekableByteChannel.java:57: warning: no @throws for java.io.IOException
[7effcea7-c67d-417f-8758-d4bd73a0d67e/build]   |     protected S3SeekableByteChannel(S3Path s3Path, long startAt) throws IOException {
[7effcea7-c67d-417f-8758-d4bd73a0d67e/build]   |               ^
[7effcea7-c67d-417f-8758-d4bd73a0d67e/build]   | 27 warnings
[7effcea7-c67d-417f-8758-d4bd73a0d67e/build]   | 
[7effcea7-c67d-417f-8758-d4bd73a0d67e/build]   | > Task :javadocJar
[7effcea7-c67d-417f-8758-d4bd73a0d67e/build]   | > Task :sourcesJar
[7effcea7-c67d-417f-8758-d4bd73a0d67e/build]   | > Task :assemble
[7effcea7-c67d-417f-8758-d4bd73a0d67e/build]   | > Task :compileTestJava
[7effcea7-c67d-417f-8758-d4bd73a0d67e/build]   | > Task :processTestResources
[7effcea7-c67d-417f-8758-d4bd73a0d67e/build]   | > Task :testClasses
[7effcea7-c67d-417f-8758-d4bd73a0d67e/build]   | > Task :test
[7effcea7-c67d-417f-8758-d4bd73a0d67e/build]   | > Task :jacocoTestReport
[7effcea7-c67d-417f-8758-d4bd73a0d67e/build]   | > Task :check
[7effcea7-c67d-417f-8758-d4bd73a0d67e/build]   | > Task :build
[7effcea7-c67d-417f-8758-d4bd73a0d67e/build]   | 
[7effcea7-c67d-417f-8758-d4bd73a0d67e/build]   | BUILD SUCCESSFUL in 1m 8s
[7effcea7-c67d-417f-8758-d4bd73a0d67e/build]   | 10 actionable tasks: 10 executed
[7effcea7-c67d-417f-8758-d4bd73a0d67e/build]   ✅  Success - Main Execute Gradle build
[7effcea7-c67d-417f-8758-d4bd73a0d67e/build] unable to get git ref: failed to identify reference (tag/branch) for the checked-out revision 'a5c2d52a5401544add754f75bb12e0b2a8ed3e81'
[7effcea7-c67d-417f-8758-d4bd73a0d67e/build] unable to get git ref: failed to identify reference (tag/branch) for the checked-out revision 'a5c2d52a5401544add754f75bb12e0b2a8ed3e81'
[7effcea7-c67d-417f-8758-d4bd73a0d67e/build] unable to get git ref: failed to identify reference (tag/branch) for the checked-out revision 'a5c2d52a5401544add754f75bb12e0b2a8ed3e81'
[7effcea7-c67d-417f-8758-d4bd73a0d67e/build] unable to get git ref: failed to identify reference (tag/branch) for the checked-out revision 'a5c2d52a5401544add754f75bb12e0b2a8ed3e81'
[7effcea7-c67d-417f-8758-d4bd73a0d67e/build] unable to get git ref: failed to identify reference (tag/branch) for the checked-out revision 'a5c2d52a5401544add754f75bb12e0b2a8ed3e81'
[7effcea7-c67d-417f-8758-d4bd73a0d67e/build] ⭐ Run Post Setup Gradle
[7effcea7-c67d-417f-8758-d4bd73a0d67e/build]   🐳  docker exec cmd=[node /var/run/act/actions/gradle-gradle-build-action@v2.4.2/dist/post/index.js] user= workdir=
[7effcea7-c67d-417f-8758-d4bd73a0d67e/build]   | In final post-action step, saving state and writing summary
[7effcea7-c67d-417f-8758-d4bd73a0d67e/build]   | Cache is disabled: will not save state for later builds.
[7effcea7-c67d-417f-8758-d4bd73a0d67e/build]   | Writing job summary
[7effcea7-c67d-417f-8758-d4bd73a0d67e/build]   ✅  Success - Post Setup Gradle
[7effcea7-c67d-417f-8758-d4bd73a0d67e/build] unable to get git ref: failed to identify reference (tag/branch) for the checked-out revision 'a5c2d52a5401544add754f75bb12e0b2a8ed3e81'
[7effcea7-c67d-417f-8758-d4bd73a0d67e/build] unable to get git ref: failed to identify reference (tag/branch) for the checked-out revision 'a5c2d52a5401544add754f75bb12e0b2a8ed3e81'
[7effcea7-c67d-417f-8758-d4bd73a0d67e/build] unable to get git ref: failed to identify reference (tag/branch) for the checked-out revision 'a5c2d52a5401544add754f75bb12e0b2a8ed3e81'
[7effcea7-c67d-417f-8758-d4bd73a0d67e/build] unable to get git ref: failed to identify reference (tag/branch) for the checked-out revision 'a5c2d52a5401544add754f75bb12e0b2a8ed3e81'
[7effcea7-c67d-417f-8758-d4bd73a0d67e/build] unable to get git ref: failed to identify reference (tag/branch) for the checked-out revision 'a5c2d52a5401544add754f75bb12e0b2a8ed3e81'
[7effcea7-c67d-417f-8758-d4bd73a0d67e/build] ⭐ Run Post Set up JDK
[7effcea7-c67d-417f-8758-d4bd73a0d67e/build]   🐳  docker exec cmd=[node /var/run/act/actions/actions-setup-java@v3/dist/cleanup/index.js] user= workdir=
[7effcea7-c67d-417f-8758-d4bd73a0d67e/build]   ✅  Success - Post Set up JDK
[7effcea7-c67d-417f-8758-d4bd73a0d67e/build] 🏁  Job succeeded
[7effcea7-c67d-417f-8758-d4bd73a0d67e/build] unable to get git ref: failed to identify reference (tag/branch) for the checked-out revision 'a5c2d52a5401544add754f75bb12e0b2a8ed3e81'
