[a8db9372-f025-4489-814c-35066a060040/build] 🚀  Start image=gitbugactions:latest
[a8db9372-f025-4489-814c-35066a060040/build]   🐳  docker pull image=gitbugactions:latest platform= username= forcePull=false
[a8db9372-f025-4489-814c-35066a060040/build]   🐳  docker create image=gitbugactions:latest platform= entrypoint=["tail" "-f" "/dev/null"] cmd=[]
[a8db9372-f025-4489-814c-35066a060040/build]   🐳  docker run image=gitbugactions:latest platform= entrypoint=["tail" "-f" "/dev/null"] cmd=[]
[a8db9372-f025-4489-814c-35066a060040/build]   🐳  docker exec cmd=[chown -R 1012:1013 /tmp/82bba31d-d1f1-45a7-87d7-89cb214b8411] user=0 workdir=
[a8db9372-f025-4489-814c-35066a060040/build] unable to get git ref: failed to identify reference (tag/branch) for the checked-out revision '85501f9cf4918d5eee345f83aed7a31eecb26b8d'
[a8db9372-f025-4489-814c-35066a060040/build] unable to get git ref: failed to identify reference (tag/branch) for the checked-out revision '85501f9cf4918d5eee345f83aed7a31eecb26b8d'
[a8db9372-f025-4489-814c-35066a060040/build] unable to get git ref: failed to identify reference (tag/branch) for the checked-out revision '85501f9cf4918d5eee345f83aed7a31eecb26b8d'
[a8db9372-f025-4489-814c-35066a060040/build] unable to get git ref: failed to identify reference (tag/branch) for the checked-out revision '85501f9cf4918d5eee345f83aed7a31eecb26b8d'
[a8db9372-f025-4489-814c-35066a060040/build] unable to get git ref: failed to identify reference (tag/branch) for the checked-out revision '85501f9cf4918d5eee345f83aed7a31eecb26b8d'
[a8db9372-f025-4489-814c-35066a060040/build] unable to get git ref: failed to identify reference (tag/branch) for the checked-out revision '85501f9cf4918d5eee345f83aed7a31eecb26b8d'
[a8db9372-f025-4489-814c-35066a060040/build] unable to get git ref: failed to identify reference (tag/branch) for the checked-out revision '85501f9cf4918d5eee345f83aed7a31eecb26b8d'
[a8db9372-f025-4489-814c-35066a060040/build] unable to get git ref: failed to identify reference (tag/branch) for the checked-out revision '85501f9cf4918d5eee345f83aed7a31eecb26b8d'
[a8db9372-f025-4489-814c-35066a060040/build] unable to get git ref: failed to identify reference (tag/branch) for the checked-out revision '85501f9cf4918d5eee345f83aed7a31eecb26b8d'
[a8db9372-f025-4489-814c-35066a060040/build] ⭐ Run Main actions/checkout@v3
[a8db9372-f025-4489-814c-35066a060040/build] unable to get git ref: failed to identify reference (tag/branch) for the checked-out revision '85501f9cf4918d5eee345f83aed7a31eecb26b8d'
[a8db9372-f025-4489-814c-35066a060040/build] unable to get git ref: failed to identify reference (tag/branch) for the checked-out revision '85501f9cf4918d5eee345f83aed7a31eecb26b8d'
[a8db9372-f025-4489-814c-35066a060040/build]   🐳  docker cp src=/tmp/82bba31d-d1f1-45a7-87d7-89cb214b8411/. dst=/tmp/82bba31d-d1f1-45a7-87d7-89cb214b8411
[a8db9372-f025-4489-814c-35066a060040/build]   🐳  docker exec cmd=[chown -R 1012:1013 /tmp/82bba31d-d1f1-45a7-87d7-89cb214b8411] user=0 workdir=
[a8db9372-f025-4489-814c-35066a060040/build]   ✅  Success - Main actions/checkout@v3
[a8db9372-f025-4489-814c-35066a060040/build] unable to get git ref: failed to identify reference (tag/branch) for the checked-out revision '85501f9cf4918d5eee345f83aed7a31eecb26b8d'
[a8db9372-f025-4489-814c-35066a060040/build] unable to get git ref: failed to identify reference (tag/branch) for the checked-out revision '85501f9cf4918d5eee345f83aed7a31eecb26b8d'
[a8db9372-f025-4489-814c-35066a060040/build] unable to get git ref: failed to identify reference (tag/branch) for the checked-out revision '85501f9cf4918d5eee345f83aed7a31eecb26b8d'
[a8db9372-f025-4489-814c-35066a060040/build] unable to get git ref: failed to identify reference (tag/branch) for the checked-out revision '85501f9cf4918d5eee345f83aed7a31eecb26b8d'
[a8db9372-f025-4489-814c-35066a060040/build] unable to get git ref: failed to identify reference (tag/branch) for the checked-out revision '85501f9cf4918d5eee345f83aed7a31eecb26b8d'
[a8db9372-f025-4489-814c-35066a060040/build] ⭐ Run Main actions/setup-java@v3
[a8db9372-f025-4489-814c-35066a060040/build] unable to get git ref: failed to identify reference (tag/branch) for the checked-out revision '85501f9cf4918d5eee345f83aed7a31eecb26b8d'
[a8db9372-f025-4489-814c-35066a060040/build] unable to get git ref: failed to identify reference (tag/branch) for the checked-out revision '85501f9cf4918d5eee345f83aed7a31eecb26b8d'
[a8db9372-f025-4489-814c-35066a060040/build] unable to get git ref: failed to identify reference (tag/branch) for the checked-out revision '85501f9cf4918d5eee345f83aed7a31eecb26b8d'
[a8db9372-f025-4489-814c-35066a060040/build]   🐳  docker cp src=/tmp/act-cache/27c48a5b-2ef1-42b5-adfd-cea03259e653/act/actions-setup-java@v3/ dst=/var/run/act/actions/actions-setup-java@v3/
[a8db9372-f025-4489-814c-35066a060040/build]   🐳  docker exec cmd=[chown -R 1012:1013 /var/run/act/actions/actions-setup-java@v3/] user=0 workdir=
[a8db9372-f025-4489-814c-35066a060040/build]   🐳  docker exec cmd=[node /var/run/act/actions/actions-setup-java@v3/dist/setup/index.js] user= workdir=
[a8db9372-f025-4489-814c-35066a060040/build]   ❓  ::group::Installed distributions
[a8db9372-f025-4489-814c-35066a060040/build]   | Trying to resolve the latest version from remote
[a8db9372-f025-4489-814c-35066a060040/build]   💬  ::debug::Gathering available versions from 'https://api.azul.com/zulu/download/community/v1.0/bundles/?os=linux&ext=tar.gz&bundle_type=jdk&javafx=false&arch=x86&hw_bitness=64&release_status=ga'
[a8db9372-f025-4489-814c-35066a060040/build]   | Resolved latest version as 11.0.21+9
[a8db9372-f025-4489-814c-35066a060040/build]   | Trying to download...
[a8db9372-f025-4489-814c-35066a060040/build]   | Downloading Java 11.0.21+9 (Zulu) from https://cdn.azul.com/zulu/bin/zulu11.68.17-ca-jdk11.0.21-linux_x64.tar.gz ...
[a8db9372-f025-4489-814c-35066a060040/build]   💬  ::debug::Downloading https://cdn.azul.com/zulu/bin/zulu11.68.17-ca-jdk11.0.21-linux_x64.tar.gz
[a8db9372-f025-4489-814c-35066a060040/build]   💬  ::debug::Destination /tmp/693c9220-48c7-45f3-ad42-0d45bf7c95fa
[a8db9372-f025-4489-814c-35066a060040/build]   💬  ::debug::download complete
[a8db9372-f025-4489-814c-35066a060040/build]   | Extracting Java archive...
[a8db9372-f025-4489-814c-35066a060040/build]   💬  ::debug::Checking tar --version
[a8db9372-f025-4489-814c-35066a060040/build]   💬  ::debug::tar (GNU tar) 1.34%0ACopyright (C) 2021 Free Software Foundation, Inc.%0ALicense GPLv3+: GNU GPL version 3 or later <https://gnu.org/licenses/gpl.html>.%0AThis is free software: you are free to change and redistribute it.%0AThere is NO WARRANTY, to the extent permitted by law.%0A%0AWritten by John Gilmore and Jay Fenlason.
[a8db9372-f025-4489-814c-35066a060040/build]   | [command]/usr/bin/tar xz --warning=no-unknown-keyword -C /tmp/e6d73bf3-7eb8-40b6-9027-863aca37dc75 -f /tmp/693c9220-48c7-45f3-ad42-0d45bf7c95fa
[a8db9372-f025-4489-814c-35066a060040/build]   💬  ::debug::Caching tool Java_Zulu_jdk 11.0.21-9 x64
[a8db9372-f025-4489-814c-35066a060040/build]   💬  ::debug::source dir: /tmp/e6d73bf3-7eb8-40b6-9027-863aca37dc75/zulu11.68.17-ca-jdk11.0.21-linux_x64
[a8db9372-f025-4489-814c-35066a060040/build]   💬  ::debug::destination /opt/hostedtoolcache/Java_Zulu_jdk/11.0.21-9/x64
[a8db9372-f025-4489-814c-35066a060040/build]   💬  ::debug::finished caching tool
[a8db9372-f025-4489-814c-35066a060040/build]   | Java 11.0.21+9 was downloaded
[a8db9372-f025-4489-814c-35066a060040/build]   | Setting Java 11.0.21+9 as the default
[a8db9372-f025-4489-814c-35066a060040/build]   | Creating toolchains.xml for JDK version 11 from zulu
[a8db9372-f025-4489-814c-35066a060040/build]   | Writing to /home/runner/.m2/toolchains.xml
[a8db9372-f025-4489-814c-35066a060040/build]   | 
[a8db9372-f025-4489-814c-35066a060040/build]   | Java configuration:
[a8db9372-f025-4489-814c-35066a060040/build]   |   Distribution: zulu
[a8db9372-f025-4489-814c-35066a060040/build]   |   Version: 11.0.21+9
[a8db9372-f025-4489-814c-35066a060040/build]   |   Path: /opt/hostedtoolcache/Java_Zulu_jdk/11.0.21-9/x64
[a8db9372-f025-4489-814c-35066a060040/build]   | 
[a8db9372-f025-4489-814c-35066a060040/build]   ❓  ::endgroup::
[a8db9372-f025-4489-814c-35066a060040/build]   ❓ add-matcher /run/act/actions/actions-setup-java@v3/.github/java.json
[a8db9372-f025-4489-814c-35066a060040/build]   | Creating settings.xml with server-id: github
[a8db9372-f025-4489-814c-35066a060040/build]   | Writing to /home/runner/.m2/settings.xml
[a8db9372-f025-4489-814c-35066a060040/build]   ✅  Success - Main actions/setup-java@v3
[a8db9372-f025-4489-814c-35066a060040/build]   ⚙  ::set-env:: JAVA_HOME=/opt/hostedtoolcache/Java_Zulu_jdk/11.0.21-9/x64
[a8db9372-f025-4489-814c-35066a060040/build]   ⚙  ::set-env:: JAVA_HOME_11_X64=/opt/hostedtoolcache/Java_Zulu_jdk/11.0.21-9/x64
[a8db9372-f025-4489-814c-35066a060040/build]   ⚙  ::set-output:: path=/opt/hostedtoolcache/Java_Zulu_jdk/11.0.21-9/x64
[a8db9372-f025-4489-814c-35066a060040/build]   ⚙  ::set-output:: version=11.0.21+9
[a8db9372-f025-4489-814c-35066a060040/build]   ⚙  ::set-output:: distribution=Zulu
[a8db9372-f025-4489-814c-35066a060040/build]   ⚙  ::add-path:: /opt/hostedtoolcache/Java_Zulu_jdk/11.0.21-9/x64/bin
[a8db9372-f025-4489-814c-35066a060040/build] unable to get git ref: failed to identify reference (tag/branch) for the checked-out revision '85501f9cf4918d5eee345f83aed7a31eecb26b8d'
[a8db9372-f025-4489-814c-35066a060040/build] unable to get git ref: failed to identify reference (tag/branch) for the checked-out revision '85501f9cf4918d5eee345f83aed7a31eecb26b8d'
[a8db9372-f025-4489-814c-35066a060040/build] unable to get git ref: failed to identify reference (tag/branch) for the checked-out revision '85501f9cf4918d5eee345f83aed7a31eecb26b8d'
[a8db9372-f025-4489-814c-35066a060040/build] unable to get git ref: failed to identify reference (tag/branch) for the checked-out revision '85501f9cf4918d5eee345f83aed7a31eecb26b8d'
[a8db9372-f025-4489-814c-35066a060040/build] unable to get git ref: failed to identify reference (tag/branch) for the checked-out revision '85501f9cf4918d5eee345f83aed7a31eecb26b8d'
[a8db9372-f025-4489-814c-35066a060040/build] ⭐ Run Main ./gradlew build --no-daemon --warning-mode=fail
[a8db9372-f025-4489-814c-35066a060040/build] unable to get git ref: failed to identify reference (tag/branch) for the checked-out revision '85501f9cf4918d5eee345f83aed7a31eecb26b8d'
[a8db9372-f025-4489-814c-35066a060040/build] unable to get git ref: failed to identify reference (tag/branch) for the checked-out revision '85501f9cf4918d5eee345f83aed7a31eecb26b8d'
[a8db9372-f025-4489-814c-35066a060040/build] unable to get git ref: failed to identify reference (tag/branch) for the checked-out revision '85501f9cf4918d5eee345f83aed7a31eecb26b8d'
[a8db9372-f025-4489-814c-35066a060040/build] unable to get git ref: failed to identify reference (tag/branch) for the checked-out revision '85501f9cf4918d5eee345f83aed7a31eecb26b8d'
[a8db9372-f025-4489-814c-35066a060040/build]   🐳  docker exec cmd=[bash --noprofile --norc -e -o pipefail /var/run/act/workflow/2] user= workdir=
[a8db9372-f025-4489-814c-35066a060040/build]   | Downloading https://services.gradle.org/distributions/gradle-7.5.1-bin.zip
[a8db9372-f025-4489-814c-35066a060040/build]   | ...........10%............20%...........30%............40%...........50%............60%...........70%............80%...........90%............100%
[a8db9372-f025-4489-814c-35066a060040/build]   | 
[a8db9372-f025-4489-814c-35066a060040/build]   | Welcome to Gradle 7.5.1!
[a8db9372-f025-4489-814c-35066a060040/build]   | 
[a8db9372-f025-4489-814c-35066a060040/build]   | Here are the highlights of this release:
[a8db9372-f025-4489-814c-35066a060040/build]   |  - Support for Java 18
[a8db9372-f025-4489-814c-35066a060040/build]   |  - Support for building with Groovy 4
[a8db9372-f025-4489-814c-35066a060040/build]   |  - Much more responsive continuous builds
[a8db9372-f025-4489-814c-35066a060040/build]   |  - Improved diagnostics for dependency resolution
[a8db9372-f025-4489-814c-35066a060040/build]   | 
[a8db9372-f025-4489-814c-35066a060040/build]   | For more details see https://docs.gradle.org/7.5.1/release-notes.html
[a8db9372-f025-4489-814c-35066a060040/build]   | 
[a8db9372-f025-4489-814c-35066a060040/build]   | To honour the JVM settings for this build a single-use Daemon process will be forked. See https://docs.gradle.org/7.5.1/userguide/gradle_daemon.html#sec:disabling_the_daemon.
[a8db9372-f025-4489-814c-35066a060040/build]   | Daemon will be stopped at the end of the build 
[a8db9372-f025-4489-814c-35066a060040/build]   | 
[a8db9372-f025-4489-814c-35066a060040/build]   | > Configure project :
[a8db9372-f025-4489-814c-35066a060040/build]   | Kordamp Enforcer Gradle plugin 0.10.0. Consider becoming a patron at https://www.patreon.com/aalmiray
[a8db9372-f025-4489-814c-35066a060040/build]   | 
[a8db9372-f025-4489-814c-35066a060040/build]   | > Task :copyDependencies
[a8db9372-f025-4489-814c-35066a060040/build]   | > Task :extractIncludeProto
[a8db9372-f025-4489-814c-35066a060040/build]   | > Task :extractProto
[a8db9372-f025-4489-814c-35066a060040/build]   | > Task :generateProto
[a8db9372-f025-4489-814c-35066a060040/build]   | > Task :compileJava
[a8db9372-f025-4489-814c-35066a060040/build]   | Note: Some input files use or override a deprecated API.
[a8db9372-f025-4489-814c-35066a060040/build]   | Note: Recompile with -Xlint:deprecation for details.
[a8db9372-f025-4489-814c-35066a060040/build]   | Note: Some input files use unchecked or unsafe operations.
[a8db9372-f025-4489-814c-35066a060040/build]   | Note: Recompile with -Xlint:unchecked for details.
[a8db9372-f025-4489-814c-35066a060040/build]   | 
[a8db9372-f025-4489-814c-35066a060040/build]   | > Task :processResources
[a8db9372-f025-4489-814c-35066a060040/build]   | > Task :classes
[a8db9372-f025-4489-814c-35066a060040/build]   | > Task :jar
[a8db9372-f025-4489-814c-35066a060040/build]   | > Task :assemble
[a8db9372-f025-4489-814c-35066a060040/build]   | > Task :extractIncludeTestProto
[a8db9372-f025-4489-814c-35066a060040/build]   | > Task :extractTestProto
[a8db9372-f025-4489-814c-35066a060040/build]   | > Task :generateTestProto NO-SOURCE
[a8db9372-f025-4489-814c-35066a060040/build]   | Note: Some input files use or override a deprecated API.
[a8db9372-f025-4489-814c-35066a060040/build]   | Note: Recompile with -Xlint:deprecation for details.
[a8db9372-f025-4489-814c-35066a060040/build]   | Note: /tmp/82bba31d-d1f1-45a7-87d7-89cb214b8411/src/test/java/org/traccar/helper/ServletHelperTest.java uses unchecked or unsafe operations.
[a8db9372-f025-4489-814c-35066a060040/build]   | Note: Recompile with -Xlint:unchecked for details.
[a8db9372-f025-4489-814c-35066a060040/build]   | 
[a8db9372-f025-4489-814c-35066a060040/build]   | > Task :compileTestJava
[a8db9372-f025-4489-814c-35066a060040/build]   | 
[a8db9372-f025-4489-814c-35066a060040/build]   | > Task :processTestResources NO-SOURCE
[a8db9372-f025-4489-814c-35066a060040/build]   | > Task :testClasses
[a8db9372-f025-4489-814c-35066a060040/build]   | > Task :checkstyleTest SKIPPED
[a8db9372-f025-4489-814c-35066a060040/build]   | > Task :test
[a8db9372-f025-4489-814c-35066a060040/build]   | > Task :checkstyleMain
[a8db9372-f025-4489-814c-35066a060040/build]   | > Task :check
[a8db9372-f025-4489-814c-35066a060040/build]   | > Task :build
[a8db9372-f025-4489-814c-35066a060040/build]   | 
[a8db9372-f025-4489-814c-35066a060040/build]   | BUILD SUCCESSFUL in 2m 18s
[a8db9372-f025-4489-814c-35066a060040/build]   | 12 actionable tasks: 12 executed
[a8db9372-f025-4489-814c-35066a060040/build]   ✅  Success - Main ./gradlew build --no-daemon --warning-mode=fail
[a8db9372-f025-4489-814c-35066a060040/build] unable to get git ref: failed to identify reference (tag/branch) for the checked-out revision '85501f9cf4918d5eee345f83aed7a31eecb26b8d'
[a8db9372-f025-4489-814c-35066a060040/build] unable to get git ref: failed to identify reference (tag/branch) for the checked-out revision '85501f9cf4918d5eee345f83aed7a31eecb26b8d'
[a8db9372-f025-4489-814c-35066a060040/build] unable to get git ref: failed to identify reference (tag/branch) for the checked-out revision '85501f9cf4918d5eee345f83aed7a31eecb26b8d'
[a8db9372-f025-4489-814c-35066a060040/build] unable to get git ref: failed to identify reference (tag/branch) for the checked-out revision '85501f9cf4918d5eee345f83aed7a31eecb26b8d'
[a8db9372-f025-4489-814c-35066a060040/build] unable to get git ref: failed to identify reference (tag/branch) for the checked-out revision '85501f9cf4918d5eee345f83aed7a31eecb26b8d'
[a8db9372-f025-4489-814c-35066a060040/build] ⭐ Run Post actions/setup-java@v3
[a8db9372-f025-4489-814c-35066a060040/build]   🐳  docker exec cmd=[node /var/run/act/actions/actions-setup-java@v3/dist/cleanup/index.js] user= workdir=
[a8db9372-f025-4489-814c-35066a060040/build]   ✅  Success - Post actions/setup-java@v3
[a8db9372-f025-4489-814c-35066a060040/build] 🏁  Job succeeded
[a8db9372-f025-4489-814c-35066a060040/build] unable to get git ref: failed to identify reference (tag/branch) for the checked-out revision '85501f9cf4918d5eee345f83aed7a31eecb26b8d'
