[8e1b5445-724e-405a-a70b-51e335ac28b9/build] 🚀  Start image=gitbugactions:latest
[8e1b5445-724e-405a-a70b-51e335ac28b9/build]   🐳  docker pull image=gitbugactions:latest platform= username= forcePull=false
[8e1b5445-724e-405a-a70b-51e335ac28b9/build]   🐳  docker create image=gitbugactions:latest platform= entrypoint=["tail" "-f" "/dev/null"] cmd=[]
[8e1b5445-724e-405a-a70b-51e335ac28b9/build]   🐳  docker run image=gitbugactions:latest platform= entrypoint=["tail" "-f" "/dev/null"] cmd=[]
[8e1b5445-724e-405a-a70b-51e335ac28b9/build]   🐳  docker exec cmd=[chown -R 1012:1013 /tmp/370231da-216d-4673-946e-d2e56fe325f5] user=0 workdir=
[8e1b5445-724e-405a-a70b-51e335ac28b9/build] unable to get git ref: failed to identify reference (tag/branch) for the checked-out revision 'b3c6e22fc19ceeceb0f318131538b5e1d260450c'
[8e1b5445-724e-405a-a70b-51e335ac28b9/build] unable to get git ref: failed to identify reference (tag/branch) for the checked-out revision 'b3c6e22fc19ceeceb0f318131538b5e1d260450c'
[8e1b5445-724e-405a-a70b-51e335ac28b9/build] unable to get git ref: failed to identify reference (tag/branch) for the checked-out revision 'b3c6e22fc19ceeceb0f318131538b5e1d260450c'
[8e1b5445-724e-405a-a70b-51e335ac28b9/build] unable to get git ref: failed to identify reference (tag/branch) for the checked-out revision 'b3c6e22fc19ceeceb0f318131538b5e1d260450c'
[8e1b5445-724e-405a-a70b-51e335ac28b9/build] unable to get git ref: failed to identify reference (tag/branch) for the checked-out revision 'b3c6e22fc19ceeceb0f318131538b5e1d260450c'
[8e1b5445-724e-405a-a70b-51e335ac28b9/build] unable to get git ref: failed to identify reference (tag/branch) for the checked-out revision 'b3c6e22fc19ceeceb0f318131538b5e1d260450c'
[8e1b5445-724e-405a-a70b-51e335ac28b9/build] unable to get git ref: failed to identify reference (tag/branch) for the checked-out revision 'b3c6e22fc19ceeceb0f318131538b5e1d260450c'
[8e1b5445-724e-405a-a70b-51e335ac28b9/build] unable to get git ref: failed to identify reference (tag/branch) for the checked-out revision 'b3c6e22fc19ceeceb0f318131538b5e1d260450c'
[8e1b5445-724e-405a-a70b-51e335ac28b9/build] unable to get git ref: failed to identify reference (tag/branch) for the checked-out revision 'b3c6e22fc19ceeceb0f318131538b5e1d260450c'
[8e1b5445-724e-405a-a70b-51e335ac28b9/build] ⭐ Run Main actions/checkout@v3
[8e1b5445-724e-405a-a70b-51e335ac28b9/build] unable to get git ref: failed to identify reference (tag/branch) for the checked-out revision 'b3c6e22fc19ceeceb0f318131538b5e1d260450c'
[8e1b5445-724e-405a-a70b-51e335ac28b9/build] unable to get git ref: failed to identify reference (tag/branch) for the checked-out revision 'b3c6e22fc19ceeceb0f318131538b5e1d260450c'
[8e1b5445-724e-405a-a70b-51e335ac28b9/build]   🐳  docker cp src=/tmp/370231da-216d-4673-946e-d2e56fe325f5/. dst=/tmp/370231da-216d-4673-946e-d2e56fe325f5
[8e1b5445-724e-405a-a70b-51e335ac28b9/build]   🐳  docker exec cmd=[chown -R 1012:1013 /tmp/370231da-216d-4673-946e-d2e56fe325f5] user=0 workdir=
[8e1b5445-724e-405a-a70b-51e335ac28b9/build]   ✅  Success - Main actions/checkout@v3
[8e1b5445-724e-405a-a70b-51e335ac28b9/build] unable to get git ref: failed to identify reference (tag/branch) for the checked-out revision 'b3c6e22fc19ceeceb0f318131538b5e1d260450c'
[8e1b5445-724e-405a-a70b-51e335ac28b9/build] unable to get git ref: failed to identify reference (tag/branch) for the checked-out revision 'b3c6e22fc19ceeceb0f318131538b5e1d260450c'
[8e1b5445-724e-405a-a70b-51e335ac28b9/build] unable to get git ref: failed to identify reference (tag/branch) for the checked-out revision 'b3c6e22fc19ceeceb0f318131538b5e1d260450c'
[8e1b5445-724e-405a-a70b-51e335ac28b9/build] unable to get git ref: failed to identify reference (tag/branch) for the checked-out revision 'b3c6e22fc19ceeceb0f318131538b5e1d260450c'
[8e1b5445-724e-405a-a70b-51e335ac28b9/build] unable to get git ref: failed to identify reference (tag/branch) for the checked-out revision 'b3c6e22fc19ceeceb0f318131538b5e1d260450c'
[8e1b5445-724e-405a-a70b-51e335ac28b9/build] ⭐ Run Main actions/setup-java@v3
[8e1b5445-724e-405a-a70b-51e335ac28b9/build] unable to get git ref: failed to identify reference (tag/branch) for the checked-out revision 'b3c6e22fc19ceeceb0f318131538b5e1d260450c'
[8e1b5445-724e-405a-a70b-51e335ac28b9/build] unable to get git ref: failed to identify reference (tag/branch) for the checked-out revision 'b3c6e22fc19ceeceb0f318131538b5e1d260450c'
[8e1b5445-724e-405a-a70b-51e335ac28b9/build] unable to get git ref: failed to identify reference (tag/branch) for the checked-out revision 'b3c6e22fc19ceeceb0f318131538b5e1d260450c'
[8e1b5445-724e-405a-a70b-51e335ac28b9/build]   🐳  docker cp src=/tmp/act-cache/022295c0-a99b-4b1b-b3e8-55a33b7d5b01/act/actions-setup-java@v3/ dst=/var/run/act/actions/actions-setup-java@v3/
[8e1b5445-724e-405a-a70b-51e335ac28b9/build]   🐳  docker exec cmd=[chown -R 1012:1013 /var/run/act/actions/actions-setup-java@v3/] user=0 workdir=
[8e1b5445-724e-405a-a70b-51e335ac28b9/build]   🐳  docker exec cmd=[node /var/run/act/actions/actions-setup-java@v3/dist/setup/index.js] user= workdir=
[8e1b5445-724e-405a-a70b-51e335ac28b9/build]   ❓  ::group::Installed distributions
[8e1b5445-724e-405a-a70b-51e335ac28b9/build]   | Trying to resolve the latest version from remote
[8e1b5445-724e-405a-a70b-51e335ac28b9/build]   💬  ::debug::Gathering available versions from 'https://api.azul.com/zulu/download/community/v1.0/bundles/?os=linux&ext=tar.gz&bundle_type=jdk&javafx=false&arch=x86&hw_bitness=64&release_status=ga'
[8e1b5445-724e-405a-a70b-51e335ac28b9/build]   | Resolved latest version as 11.0.21+9
[8e1b5445-724e-405a-a70b-51e335ac28b9/build]   | Trying to download...
[8e1b5445-724e-405a-a70b-51e335ac28b9/build]   | Downloading Java 11.0.21+9 (Zulu) from https://cdn.azul.com/zulu/bin/zulu11.68.17-ca-jdk11.0.21-linux_x64.tar.gz ...
[8e1b5445-724e-405a-a70b-51e335ac28b9/build]   💬  ::debug::Downloading https://cdn.azul.com/zulu/bin/zulu11.68.17-ca-jdk11.0.21-linux_x64.tar.gz
[8e1b5445-724e-405a-a70b-51e335ac28b9/build]   💬  ::debug::Destination /tmp/e9a12b29-1e4a-4c8a-ad30-441d1295a768
[8e1b5445-724e-405a-a70b-51e335ac28b9/build]   💬  ::debug::download complete
[8e1b5445-724e-405a-a70b-51e335ac28b9/build]   | Extracting Java archive...
[8e1b5445-724e-405a-a70b-51e335ac28b9/build]   💬  ::debug::Checking tar --version
[8e1b5445-724e-405a-a70b-51e335ac28b9/build]   💬  ::debug::tar (GNU tar) 1.34%0ACopyright (C) 2021 Free Software Foundation, Inc.%0ALicense GPLv3+: GNU GPL version 3 or later <https://gnu.org/licenses/gpl.html>.%0AThis is free software: you are free to change and redistribute it.%0AThere is NO WARRANTY, to the extent permitted by law.%0A%0AWritten by John Gilmore and Jay Fenlason.
[8e1b5445-724e-405a-a70b-51e335ac28b9/build]   | [command]/usr/bin/tar xz --warning=no-unknown-keyword -C /tmp/c9dfd10d-a015-4af3-b80d-d862cee63795 -f /tmp/e9a12b29-1e4a-4c8a-ad30-441d1295a768
[8e1b5445-724e-405a-a70b-51e335ac28b9/build]   💬  ::debug::Caching tool Java_Zulu_jdk 11.0.21-9 x64
[8e1b5445-724e-405a-a70b-51e335ac28b9/build]   💬  ::debug::source dir: /tmp/c9dfd10d-a015-4af3-b80d-d862cee63795/zulu11.68.17-ca-jdk11.0.21-linux_x64
[8e1b5445-724e-405a-a70b-51e335ac28b9/build]   💬  ::debug::destination /opt/hostedtoolcache/Java_Zulu_jdk/11.0.21-9/x64
[8e1b5445-724e-405a-a70b-51e335ac28b9/build]   💬  ::debug::finished caching tool
[8e1b5445-724e-405a-a70b-51e335ac28b9/build]   | Java 11.0.21+9 was downloaded
[8e1b5445-724e-405a-a70b-51e335ac28b9/build]   | Setting Java 11.0.21+9 as the default
[8e1b5445-724e-405a-a70b-51e335ac28b9/build]   | Creating toolchains.xml for JDK version 11 from zulu
[8e1b5445-724e-405a-a70b-51e335ac28b9/build]   | Writing to /home/runner/.m2/toolchains.xml
[8e1b5445-724e-405a-a70b-51e335ac28b9/build]   | 
[8e1b5445-724e-405a-a70b-51e335ac28b9/build]   | Java configuration:
[8e1b5445-724e-405a-a70b-51e335ac28b9/build]   |   Distribution: zulu
[8e1b5445-724e-405a-a70b-51e335ac28b9/build]   |   Version: 11.0.21+9
[8e1b5445-724e-405a-a70b-51e335ac28b9/build]   |   Path: /opt/hostedtoolcache/Java_Zulu_jdk/11.0.21-9/x64
[8e1b5445-724e-405a-a70b-51e335ac28b9/build]   | 
[8e1b5445-724e-405a-a70b-51e335ac28b9/build]   ❓  ::endgroup::
[8e1b5445-724e-405a-a70b-51e335ac28b9/build]   ❓ add-matcher /run/act/actions/actions-setup-java@v3/.github/java.json
[8e1b5445-724e-405a-a70b-51e335ac28b9/build]   | Creating settings.xml with server-id: github
[8e1b5445-724e-405a-a70b-51e335ac28b9/build]   | Writing to /home/runner/.m2/settings.xml
[8e1b5445-724e-405a-a70b-51e335ac28b9/build]   ✅  Success - Main actions/setup-java@v3
[8e1b5445-724e-405a-a70b-51e335ac28b9/build]   ⚙  ::set-env:: JAVA_HOME=/opt/hostedtoolcache/Java_Zulu_jdk/11.0.21-9/x64
[8e1b5445-724e-405a-a70b-51e335ac28b9/build]   ⚙  ::set-env:: JAVA_HOME_11_X64=/opt/hostedtoolcache/Java_Zulu_jdk/11.0.21-9/x64
[8e1b5445-724e-405a-a70b-51e335ac28b9/build]   ⚙  ::set-output:: distribution=Zulu
[8e1b5445-724e-405a-a70b-51e335ac28b9/build]   ⚙  ::set-output:: path=/opt/hostedtoolcache/Java_Zulu_jdk/11.0.21-9/x64
[8e1b5445-724e-405a-a70b-51e335ac28b9/build]   ⚙  ::set-output:: version=11.0.21+9
[8e1b5445-724e-405a-a70b-51e335ac28b9/build]   ⚙  ::add-path:: /opt/hostedtoolcache/Java_Zulu_jdk/11.0.21-9/x64/bin
[8e1b5445-724e-405a-a70b-51e335ac28b9/build] unable to get git ref: failed to identify reference (tag/branch) for the checked-out revision 'b3c6e22fc19ceeceb0f318131538b5e1d260450c'
[8e1b5445-724e-405a-a70b-51e335ac28b9/build] unable to get git ref: failed to identify reference (tag/branch) for the checked-out revision 'b3c6e22fc19ceeceb0f318131538b5e1d260450c'
[8e1b5445-724e-405a-a70b-51e335ac28b9/build] unable to get git ref: failed to identify reference (tag/branch) for the checked-out revision 'b3c6e22fc19ceeceb0f318131538b5e1d260450c'
[8e1b5445-724e-405a-a70b-51e335ac28b9/build] unable to get git ref: failed to identify reference (tag/branch) for the checked-out revision 'b3c6e22fc19ceeceb0f318131538b5e1d260450c'
[8e1b5445-724e-405a-a70b-51e335ac28b9/build] unable to get git ref: failed to identify reference (tag/branch) for the checked-out revision 'b3c6e22fc19ceeceb0f318131538b5e1d260450c'
[8e1b5445-724e-405a-a70b-51e335ac28b9/build] ⭐ Run Main ./gradlew build --no-daemon --warning-mode=fail
[8e1b5445-724e-405a-a70b-51e335ac28b9/build] unable to get git ref: failed to identify reference (tag/branch) for the checked-out revision 'b3c6e22fc19ceeceb0f318131538b5e1d260450c'
[8e1b5445-724e-405a-a70b-51e335ac28b9/build] unable to get git ref: failed to identify reference (tag/branch) for the checked-out revision 'b3c6e22fc19ceeceb0f318131538b5e1d260450c'
[8e1b5445-724e-405a-a70b-51e335ac28b9/build] unable to get git ref: failed to identify reference (tag/branch) for the checked-out revision 'b3c6e22fc19ceeceb0f318131538b5e1d260450c'
[8e1b5445-724e-405a-a70b-51e335ac28b9/build] unable to get git ref: failed to identify reference (tag/branch) for the checked-out revision 'b3c6e22fc19ceeceb0f318131538b5e1d260450c'
[8e1b5445-724e-405a-a70b-51e335ac28b9/build]   🐳  docker exec cmd=[bash --noprofile --norc -e -o pipefail /var/run/act/workflow/2] user= workdir=
[8e1b5445-724e-405a-a70b-51e335ac28b9/build]   | Downloading https://services.gradle.org/distributions/gradle-7.5.1-bin.zip
[8e1b5445-724e-405a-a70b-51e335ac28b9/build]   | ...........10%............20%...........30%............40%...........50%............60%...........70%............80%...........90%............100%
[8e1b5445-724e-405a-a70b-51e335ac28b9/build]   | 
[8e1b5445-724e-405a-a70b-51e335ac28b9/build]   | Welcome to Gradle 7.5.1!
[8e1b5445-724e-405a-a70b-51e335ac28b9/build]   | 
[8e1b5445-724e-405a-a70b-51e335ac28b9/build]   | Here are the highlights of this release:
[8e1b5445-724e-405a-a70b-51e335ac28b9/build]   |  - Support for Java 18
[8e1b5445-724e-405a-a70b-51e335ac28b9/build]   |  - Support for building with Groovy 4
[8e1b5445-724e-405a-a70b-51e335ac28b9/build]   |  - Much more responsive continuous builds
[8e1b5445-724e-405a-a70b-51e335ac28b9/build]   |  - Improved diagnostics for dependency resolution
[8e1b5445-724e-405a-a70b-51e335ac28b9/build]   | 
[8e1b5445-724e-405a-a70b-51e335ac28b9/build]   | For more details see https://docs.gradle.org/7.5.1/release-notes.html
[8e1b5445-724e-405a-a70b-51e335ac28b9/build]   | 
[8e1b5445-724e-405a-a70b-51e335ac28b9/build]   | To honour the JVM settings for this build a single-use Daemon process will be forked. See https://docs.gradle.org/7.5.1/userguide/gradle_daemon.html#sec:disabling_the_daemon.
[8e1b5445-724e-405a-a70b-51e335ac28b9/build]   | Daemon will be stopped at the end of the build 
[8e1b5445-724e-405a-a70b-51e335ac28b9/build]   | 
[8e1b5445-724e-405a-a70b-51e335ac28b9/build]   | > Configure project :
[8e1b5445-724e-405a-a70b-51e335ac28b9/build]   | Kordamp Enforcer Gradle plugin 0.13.0. Consider becoming a patron at https://www.patreon.com/aalmiray
[8e1b5445-724e-405a-a70b-51e335ac28b9/build]   | 
[8e1b5445-724e-405a-a70b-51e335ac28b9/build]   | > Task :copyDependencies
[8e1b5445-724e-405a-a70b-51e335ac28b9/build]   | > Task :extractIncludeProto
[8e1b5445-724e-405a-a70b-51e335ac28b9/build]   | > Task :extractProto
[8e1b5445-724e-405a-a70b-51e335ac28b9/build]   | > Task :generateProto
[8e1b5445-724e-405a-a70b-51e335ac28b9/build]   | > Task :compileJava
[8e1b5445-724e-405a-a70b-51e335ac28b9/build]   | Note: Some input files use or override a deprecated API.
[8e1b5445-724e-405a-a70b-51e335ac28b9/build]   | Note: Recompile with -Xlint:deprecation for details.
[8e1b5445-724e-405a-a70b-51e335ac28b9/build]   | Note: Some input files use unchecked or unsafe operations.
[8e1b5445-724e-405a-a70b-51e335ac28b9/build]   | Note: Recompile with -Xlint:unchecked for details.
[8e1b5445-724e-405a-a70b-51e335ac28b9/build]   | 
[8e1b5445-724e-405a-a70b-51e335ac28b9/build]   | > Task :processResources
[8e1b5445-724e-405a-a70b-51e335ac28b9/build]   | > Task :classes
[8e1b5445-724e-405a-a70b-51e335ac28b9/build]   | > Task :jar
[8e1b5445-724e-405a-a70b-51e335ac28b9/build]   | > Task :assemble
[8e1b5445-724e-405a-a70b-51e335ac28b9/build]   | > Task :extractIncludeTestProto
[8e1b5445-724e-405a-a70b-51e335ac28b9/build]   | > Task :extractTestProto
[8e1b5445-724e-405a-a70b-51e335ac28b9/build]   | > Task :generateTestProto NO-SOURCE
[8e1b5445-724e-405a-a70b-51e335ac28b9/build]   | 
[8e1b5445-724e-405a-a70b-51e335ac28b9/build]   | > Task :compileTestJava
[8e1b5445-724e-405a-a70b-51e335ac28b9/build]   | Note: Some input files use or override a deprecated API.
[8e1b5445-724e-405a-a70b-51e335ac28b9/build]   | Note: Recompile with -Xlint:deprecation for details.
[8e1b5445-724e-405a-a70b-51e335ac28b9/build]   | 
[8e1b5445-724e-405a-a70b-51e335ac28b9/build]   | > Task :processTestResources NO-SOURCE
[8e1b5445-724e-405a-a70b-51e335ac28b9/build]   | > Task :testClasses
[8e1b5445-724e-405a-a70b-51e335ac28b9/build]   | > Task :checkstyleTest SKIPPED
[8e1b5445-724e-405a-a70b-51e335ac28b9/build]   | > Task :checkstyleMain
[8e1b5445-724e-405a-a70b-51e335ac28b9/build]   | > Task :test
[8e1b5445-724e-405a-a70b-51e335ac28b9/build]   | > Task :check
[8e1b5445-724e-405a-a70b-51e335ac28b9/build]   | > Task :build
[8e1b5445-724e-405a-a70b-51e335ac28b9/build]   | 
[8e1b5445-724e-405a-a70b-51e335ac28b9/build]   | BUILD SUCCESSFUL in 3m 5s
[8e1b5445-724e-405a-a70b-51e335ac28b9/build]   | 12 actionable tasks: 12 executed
[8e1b5445-724e-405a-a70b-51e335ac28b9/build]   ✅  Success - Main ./gradlew build --no-daemon --warning-mode=fail
[8e1b5445-724e-405a-a70b-51e335ac28b9/build] unable to get git ref: failed to identify reference (tag/branch) for the checked-out revision 'b3c6e22fc19ceeceb0f318131538b5e1d260450c'
[8e1b5445-724e-405a-a70b-51e335ac28b9/build] unable to get git ref: failed to identify reference (tag/branch) for the checked-out revision 'b3c6e22fc19ceeceb0f318131538b5e1d260450c'
[8e1b5445-724e-405a-a70b-51e335ac28b9/build] unable to get git ref: failed to identify reference (tag/branch) for the checked-out revision 'b3c6e22fc19ceeceb0f318131538b5e1d260450c'
[8e1b5445-724e-405a-a70b-51e335ac28b9/build] unable to get git ref: failed to identify reference (tag/branch) for the checked-out revision 'b3c6e22fc19ceeceb0f318131538b5e1d260450c'
[8e1b5445-724e-405a-a70b-51e335ac28b9/build] unable to get git ref: failed to identify reference (tag/branch) for the checked-out revision 'b3c6e22fc19ceeceb0f318131538b5e1d260450c'
[8e1b5445-724e-405a-a70b-51e335ac28b9/build] ⭐ Run Post actions/setup-java@v3
[8e1b5445-724e-405a-a70b-51e335ac28b9/build]   🐳  docker exec cmd=[node /var/run/act/actions/actions-setup-java@v3/dist/cleanup/index.js] user= workdir=
[8e1b5445-724e-405a-a70b-51e335ac28b9/build]   ✅  Success - Post actions/setup-java@v3
[8e1b5445-724e-405a-a70b-51e335ac28b9/build] 🏁  Job succeeded
[8e1b5445-724e-405a-a70b-51e335ac28b9/build] unable to get git ref: failed to identify reference (tag/branch) for the checked-out revision 'b3c6e22fc19ceeceb0f318131538b5e1d260450c'
