[1372662f-8e2a-400a-a9e1-cab7fa5d4b12/build] 🚀  Start image=crawlergpt:latest
[1372662f-8e2a-400a-a9e1-cab7fa5d4b12/build]   🐳  docker pull image=crawlergpt:latest platform= username= forcePull=false
[1372662f-8e2a-400a-a9e1-cab7fa5d4b12/build]   🐳  docker create image=crawlergpt:latest platform= entrypoint=["tail" "-f" "/dev/null"] cmd=[]
[1372662f-8e2a-400a-a9e1-cab7fa5d4b12/build]   🐳  docker run image=crawlergpt:latest platform= entrypoint=["tail" "-f" "/dev/null"] cmd=[]
[1372662f-8e2a-400a-a9e1-cab7fa5d4b12/build]   🐳  docker exec cmd=[chown -R 1012:1013 /tmp/6692d02e-3753-4ec1-8ea5-036a1190e1a7] user=0 workdir=
[1372662f-8e2a-400a-a9e1-cab7fa5d4b12/build] unable to get git ref: failed to identify reference (tag/branch) for the checked-out revision '99c92429e9a2972552ccd48b9ad8bbfc80aab818'
[1372662f-8e2a-400a-a9e1-cab7fa5d4b12/build] unable to get git ref: failed to identify reference (tag/branch) for the checked-out revision '99c92429e9a2972552ccd48b9ad8bbfc80aab818'
[1372662f-8e2a-400a-a9e1-cab7fa5d4b12/build] unable to get git ref: failed to identify reference (tag/branch) for the checked-out revision '99c92429e9a2972552ccd48b9ad8bbfc80aab818'
[1372662f-8e2a-400a-a9e1-cab7fa5d4b12/build] unable to get git ref: failed to identify reference (tag/branch) for the checked-out revision '99c92429e9a2972552ccd48b9ad8bbfc80aab818'
[1372662f-8e2a-400a-a9e1-cab7fa5d4b12/build] unable to get git ref: failed to identify reference (tag/branch) for the checked-out revision '99c92429e9a2972552ccd48b9ad8bbfc80aab818'
[1372662f-8e2a-400a-a9e1-cab7fa5d4b12/build] unable to get git ref: failed to identify reference (tag/branch) for the checked-out revision '99c92429e9a2972552ccd48b9ad8bbfc80aab818'
[1372662f-8e2a-400a-a9e1-cab7fa5d4b12/build] unable to get git ref: failed to identify reference (tag/branch) for the checked-out revision '99c92429e9a2972552ccd48b9ad8bbfc80aab818'
[1372662f-8e2a-400a-a9e1-cab7fa5d4b12/build] unable to get git ref: failed to identify reference (tag/branch) for the checked-out revision '99c92429e9a2972552ccd48b9ad8bbfc80aab818'
[1372662f-8e2a-400a-a9e1-cab7fa5d4b12/build] unable to get git ref: failed to identify reference (tag/branch) for the checked-out revision '99c92429e9a2972552ccd48b9ad8bbfc80aab818'
[1372662f-8e2a-400a-a9e1-cab7fa5d4b12/build] ⭐ Run Main Checkout code
[1372662f-8e2a-400a-a9e1-cab7fa5d4b12/build] unable to get git ref: failed to identify reference (tag/branch) for the checked-out revision '99c92429e9a2972552ccd48b9ad8bbfc80aab818'
[1372662f-8e2a-400a-a9e1-cab7fa5d4b12/build] unable to get git ref: failed to identify reference (tag/branch) for the checked-out revision '99c92429e9a2972552ccd48b9ad8bbfc80aab818'
[1372662f-8e2a-400a-a9e1-cab7fa5d4b12/build]   🐳  docker cp src=/tmp/6692d02e-3753-4ec1-8ea5-036a1190e1a7/. dst=/tmp/6692d02e-3753-4ec1-8ea5-036a1190e1a7
[1372662f-8e2a-400a-a9e1-cab7fa5d4b12/build]   🐳  docker exec cmd=[chown -R 1012:1013 /tmp/6692d02e-3753-4ec1-8ea5-036a1190e1a7] user=0 workdir=
[1372662f-8e2a-400a-a9e1-cab7fa5d4b12/build]   ✅  Success - Main Checkout code
[1372662f-8e2a-400a-a9e1-cab7fa5d4b12/build] unable to get git ref: failed to identify reference (tag/branch) for the checked-out revision '99c92429e9a2972552ccd48b9ad8bbfc80aab818'
[1372662f-8e2a-400a-a9e1-cab7fa5d4b12/build] unable to get git ref: failed to identify reference (tag/branch) for the checked-out revision '99c92429e9a2972552ccd48b9ad8bbfc80aab818'
[1372662f-8e2a-400a-a9e1-cab7fa5d4b12/build] unable to get git ref: failed to identify reference (tag/branch) for the checked-out revision '99c92429e9a2972552ccd48b9ad8bbfc80aab818'
[1372662f-8e2a-400a-a9e1-cab7fa5d4b12/build] unable to get git ref: failed to identify reference (tag/branch) for the checked-out revision '99c92429e9a2972552ccd48b9ad8bbfc80aab818'
[1372662f-8e2a-400a-a9e1-cab7fa5d4b12/build] unable to get git ref: failed to identify reference (tag/branch) for the checked-out revision '99c92429e9a2972552ccd48b9ad8bbfc80aab818'
[1372662f-8e2a-400a-a9e1-cab7fa5d4b12/build] ⭐ Run Main Setup
[1372662f-8e2a-400a-a9e1-cab7fa5d4b12/build] unable to get git ref: failed to identify reference (tag/branch) for the checked-out revision '99c92429e9a2972552ccd48b9ad8bbfc80aab818'
[1372662f-8e2a-400a-a9e1-cab7fa5d4b12/build] unable to get git ref: failed to identify reference (tag/branch) for the checked-out revision '99c92429e9a2972552ccd48b9ad8bbfc80aab818'
[1372662f-8e2a-400a-a9e1-cab7fa5d4b12/build] unable to get git ref: failed to identify reference (tag/branch) for the checked-out revision '99c92429e9a2972552ccd48b9ad8bbfc80aab818'
[1372662f-8e2a-400a-a9e1-cab7fa5d4b12/build]   🐳  docker cp src=/tmp/act-cache/cd3ef278-6a29-4abb-99f6-40d025591bb7/act/actions-setup-go@v3/ dst=/var/run/act/actions/actions-setup-go@v3/
[1372662f-8e2a-400a-a9e1-cab7fa5d4b12/build]   🐳  docker exec cmd=[chown -R 1012:1013 /var/run/act/actions/actions-setup-go@v3/] user=0 workdir=
[1372662f-8e2a-400a-a9e1-cab7fa5d4b12/build]   🐳  docker exec cmd=[node /var/run/act/actions/actions-setup-go@v3/dist/setup/index.js] user= workdir=
[1372662f-8e2a-400a-a9e1-cab7fa5d4b12/build]   | Setup go version spec 1.18
[1372662f-8e2a-400a-a9e1-cab7fa5d4b12/build]   💬  ::debug::isExplicit: 
[1372662f-8e2a-400a-a9e1-cab7fa5d4b12/build]   💬  ::debug::explicit? false
[1372662f-8e2a-400a-a9e1-cab7fa5d4b12/build]   💬  ::debug::isExplicit: 1.14.15
[1372662f-8e2a-400a-a9e1-cab7fa5d4b12/build]   💬  ::debug::explicit? true
[1372662f-8e2a-400a-a9e1-cab7fa5d4b12/build]   💬  ::debug::isExplicit: 1.15.15
[1372662f-8e2a-400a-a9e1-cab7fa5d4b12/build]   💬  ::debug::explicit? true
[1372662f-8e2a-400a-a9e1-cab7fa5d4b12/build]   💬  ::debug::isExplicit: 1.16.7
[1372662f-8e2a-400a-a9e1-cab7fa5d4b12/build]   💬  ::debug::explicit? true
[1372662f-8e2a-400a-a9e1-cab7fa5d4b12/build]   💬  ::debug::evaluating 3 versions
[1372662f-8e2a-400a-a9e1-cab7fa5d4b12/build]   💬  ::debug::match not found
[1372662f-8e2a-400a-a9e1-cab7fa5d4b12/build]   | Attempting to download 1.18...
[1372662f-8e2a-400a-a9e1-cab7fa5d4b12/build]   💬  ::debug::No manifest cached
[1372662f-8e2a-400a-a9e1-cab7fa5d4b12/build]   💬  ::debug::set auth
[1372662f-8e2a-400a-a9e1-cab7fa5d4b12/build]   | matching 1.18...
[1372662f-8e2a-400a-a9e1-cab7fa5d4b12/build]   💬  ::debug::check 1.21.3 satisfies 1.18
[1372662f-8e2a-400a-a9e1-cab7fa5d4b12/build]   💬  ::debug::check 1.21.2 satisfies 1.18
[1372662f-8e2a-400a-a9e1-cab7fa5d4b12/build]   💬  ::debug::check 1.21.1 satisfies 1.18
[1372662f-8e2a-400a-a9e1-cab7fa5d4b12/build]   💬  ::debug::check 1.21.0 satisfies 1.18
[1372662f-8e2a-400a-a9e1-cab7fa5d4b12/build]   💬  ::debug::check 1.20.10 satisfies 1.18
[1372662f-8e2a-400a-a9e1-cab7fa5d4b12/build]   💬  ::debug::check 1.20.9 satisfies 1.18
[1372662f-8e2a-400a-a9e1-cab7fa5d4b12/build]   💬  ::debug::check 1.20.8 satisfies 1.18
[1372662f-8e2a-400a-a9e1-cab7fa5d4b12/build]   💬  ::debug::check 1.20.7 satisfies 1.18
[1372662f-8e2a-400a-a9e1-cab7fa5d4b12/build]   💬  ::debug::check 1.20.6 satisfies 1.18
[1372662f-8e2a-400a-a9e1-cab7fa5d4b12/build]   💬  ::debug::check 1.20.5 satisfies 1.18
[1372662f-8e2a-400a-a9e1-cab7fa5d4b12/build]   💬  ::debug::check 1.20.4 satisfies 1.18
[1372662f-8e2a-400a-a9e1-cab7fa5d4b12/build]   💬  ::debug::check 1.20.3 satisfies 1.18
[1372662f-8e2a-400a-a9e1-cab7fa5d4b12/build]   💬  ::debug::check 1.20.2 satisfies 1.18
[1372662f-8e2a-400a-a9e1-cab7fa5d4b12/build]   💬  ::debug::check 1.20.1 satisfies 1.18
[1372662f-8e2a-400a-a9e1-cab7fa5d4b12/build]   💬  ::debug::check 1.20.0 satisfies 1.18
[1372662f-8e2a-400a-a9e1-cab7fa5d4b12/build]   💬  ::debug::check 1.19.13 satisfies 1.18
[1372662f-8e2a-400a-a9e1-cab7fa5d4b12/build]   💬  ::debug::check 1.19.12 satisfies 1.18
[1372662f-8e2a-400a-a9e1-cab7fa5d4b12/build]   💬  ::debug::check 1.19.11 satisfies 1.18
[1372662f-8e2a-400a-a9e1-cab7fa5d4b12/build]   💬  ::debug::check 1.19.10 satisfies 1.18
[1372662f-8e2a-400a-a9e1-cab7fa5d4b12/build]   💬  ::debug::check 1.19.9 satisfies 1.18
[1372662f-8e2a-400a-a9e1-cab7fa5d4b12/build]   💬  ::debug::check 1.19.8 satisfies 1.18
[1372662f-8e2a-400a-a9e1-cab7fa5d4b12/build]   💬  ::debug::check 1.19.7 satisfies 1.18
[1372662f-8e2a-400a-a9e1-cab7fa5d4b12/build]   💬  ::debug::check 1.19.6 satisfies 1.18
[1372662f-8e2a-400a-a9e1-cab7fa5d4b12/build]   💬  ::debug::check 1.19.5 satisfies 1.18
[1372662f-8e2a-400a-a9e1-cab7fa5d4b12/build]   💬  ::debug::check 1.19.4 satisfies 1.18
[1372662f-8e2a-400a-a9e1-cab7fa5d4b12/build]   💬  ::debug::check 1.19.3 satisfies 1.18
[1372662f-8e2a-400a-a9e1-cab7fa5d4b12/build]   💬  ::debug::check 1.19.2 satisfies 1.18
[1372662f-8e2a-400a-a9e1-cab7fa5d4b12/build]   💬  ::debug::check 1.19.1 satisfies 1.18
[1372662f-8e2a-400a-a9e1-cab7fa5d4b12/build]   💬  ::debug::check 1.19.0 satisfies 1.18
[1372662f-8e2a-400a-a9e1-cab7fa5d4b12/build]   💬  ::debug::check 1.18.10 satisfies 1.18
[1372662f-8e2a-400a-a9e1-cab7fa5d4b12/build]   💬  ::debug::x64===x64 && darwin===linux
[1372662f-8e2a-400a-a9e1-cab7fa5d4b12/build]   💬  ::debug::x64===x64 && linux===linux
[1372662f-8e2a-400a-a9e1-cab7fa5d4b12/build]   💬  ::debug::matched 1.18.10
[1372662f-8e2a-400a-a9e1-cab7fa5d4b12/build]   | Acquiring 1.18.10 from https://github.com/actions/go-versions/releases/download/1.18.10-3890634278/go-1.18.10-linux-x64.tar.gz
[1372662f-8e2a-400a-a9e1-cab7fa5d4b12/build]   💬  ::debug::Downloading https://github.com/actions/go-versions/releases/download/1.18.10-3890634278/go-1.18.10-linux-x64.tar.gz
[1372662f-8e2a-400a-a9e1-cab7fa5d4b12/build]   💬  ::debug::Destination /tmp/5f64a384-91d3-4c33-9cd8-68ba30101050
[1372662f-8e2a-400a-a9e1-cab7fa5d4b12/build]   💬  ::debug::set auth
[1372662f-8e2a-400a-a9e1-cab7fa5d4b12/build]   💬  ::debug::download complete
[1372662f-8e2a-400a-a9e1-cab7fa5d4b12/build]   | Extracting Go...
[1372662f-8e2a-400a-a9e1-cab7fa5d4b12/build]   💬  ::debug::Checking tar --version
[1372662f-8e2a-400a-a9e1-cab7fa5d4b12/build]   💬  ::debug::tar (GNU tar) 1.30%0ACopyright (C) 2017 Free Software Foundation, Inc.%0ALicense GPLv3+: GNU GPL version 3 or later <https://gnu.org/licenses/gpl.html>.%0AThis is free software: you are free to change and redistribute it.%0AThere is NO WARRANTY, to the extent permitted by law.%0A%0AWritten by John Gilmore and Jay Fenlason.
[1372662f-8e2a-400a-a9e1-cab7fa5d4b12/build]   | [command]/usr/bin/tar xz --warning=no-unknown-keyword --overwrite -C /tmp/5988db39-d35e-44b2-9701-6d48e47943de -f /tmp/5f64a384-91d3-4c33-9cd8-68ba30101050
[1372662f-8e2a-400a-a9e1-cab7fa5d4b12/build]   | Successfully extracted go to /tmp/5988db39-d35e-44b2-9701-6d48e47943de
[1372662f-8e2a-400a-a9e1-cab7fa5d4b12/build]   | Adding to the cache ...
[1372662f-8e2a-400a-a9e1-cab7fa5d4b12/build]   💬  ::debug::Caching tool go 1.18.10 x64
[1372662f-8e2a-400a-a9e1-cab7fa5d4b12/build]   💬  ::debug::source dir: /tmp/5988db39-d35e-44b2-9701-6d48e47943de
[1372662f-8e2a-400a-a9e1-cab7fa5d4b12/build]   💬  ::debug::destination /opt/hostedtoolcache/go/1.18.10/x64
[1372662f-8e2a-400a-a9e1-cab7fa5d4b12/build]   💬  ::debug::finished caching tool
[1372662f-8e2a-400a-a9e1-cab7fa5d4b12/build]   | Successfully cached go to /opt/hostedtoolcache/go/1.18.10/x64
[1372662f-8e2a-400a-a9e1-cab7fa5d4b12/build]   | Added go to the path
[1372662f-8e2a-400a-a9e1-cab7fa5d4b12/build]   💬  ::debug::which go :/opt/hostedtoolcache/go/1.18.10/x64/bin/go:
[1372662f-8e2a-400a-a9e1-cab7fa5d4b12/build]   💬  ::debug::go env GOPATH :/home/runneradmin/go:
[1372662f-8e2a-400a-a9e1-cab7fa5d4b12/build]   💬  ::debug::creating /home/runneradmin/go
[1372662f-8e2a-400a-a9e1-cab7fa5d4b12/build]   💬  ::debug::creating /home/runneradmin/go/bin
[1372662f-8e2a-400a-a9e1-cab7fa5d4b12/build]   💬  ::debug::add bin true
[1372662f-8e2a-400a-a9e1-cab7fa5d4b12/build]   | Successfully set up Go version 1.18
[1372662f-8e2a-400a-a9e1-cab7fa5d4b12/build]   ❓ add-matcher /run/act/actions/actions-setup-go@v3/matchers.json
[1372662f-8e2a-400a-a9e1-cab7fa5d4b12/build]   | go version go1.18.10 linux/amd64
[1372662f-8e2a-400a-a9e1-cab7fa5d4b12/build]   | 
[1372662f-8e2a-400a-a9e1-cab7fa5d4b12/build]   ❓  ::group::go env
[1372662f-8e2a-400a-a9e1-cab7fa5d4b12/build]   | GO111MODULE=""
[1372662f-8e2a-400a-a9e1-cab7fa5d4b12/build]   | GOARCH="amd64"
[1372662f-8e2a-400a-a9e1-cab7fa5d4b12/build]   | GOBIN=""
[1372662f-8e2a-400a-a9e1-cab7fa5d4b12/build]   | GOCACHE="/home/runneradmin/.cache/go-build"
[1372662f-8e2a-400a-a9e1-cab7fa5d4b12/build]   | GOENV="/home/runneradmin/.config/go/env"
[1372662f-8e2a-400a-a9e1-cab7fa5d4b12/build]   | GOEXE=""
[1372662f-8e2a-400a-a9e1-cab7fa5d4b12/build]   | GOEXPERIMENT=""
[1372662f-8e2a-400a-a9e1-cab7fa5d4b12/build]   | GOFLAGS=""
[1372662f-8e2a-400a-a9e1-cab7fa5d4b12/build]   | GOHOSTARCH="amd64"
[1372662f-8e2a-400a-a9e1-cab7fa5d4b12/build]   | GOHOSTOS="linux"
[1372662f-8e2a-400a-a9e1-cab7fa5d4b12/build]   | GOINSECURE=""
[1372662f-8e2a-400a-a9e1-cab7fa5d4b12/build]   | GOMODCACHE="/home/runneradmin/go/pkg/mod"
[1372662f-8e2a-400a-a9e1-cab7fa5d4b12/build]   | GONOPROXY=""
[1372662f-8e2a-400a-a9e1-cab7fa5d4b12/build]   | GONOSUMDB=""
[1372662f-8e2a-400a-a9e1-cab7fa5d4b12/build]   | GOOS="linux"
[1372662f-8e2a-400a-a9e1-cab7fa5d4b12/build]   | GOPATH="/home/runneradmin/go"
[1372662f-8e2a-400a-a9e1-cab7fa5d4b12/build]   | GOPRIVATE=""
[1372662f-8e2a-400a-a9e1-cab7fa5d4b12/build]   | GOPROXY="https://proxy.golang.org,direct"
[1372662f-8e2a-400a-a9e1-cab7fa5d4b12/build]   | GOROOT="/opt/hostedtoolcache/go/1.18.10/x64"
[1372662f-8e2a-400a-a9e1-cab7fa5d4b12/build]   | GOSUMDB="sum.golang.org"
[1372662f-8e2a-400a-a9e1-cab7fa5d4b12/build]   | GOTMPDIR=""
[1372662f-8e2a-400a-a9e1-cab7fa5d4b12/build]   | GOTOOLDIR="/opt/hostedtoolcache/go/1.18.10/x64/pkg/tool/linux_amd64"
[1372662f-8e2a-400a-a9e1-cab7fa5d4b12/build]   | GOVCS=""
[1372662f-8e2a-400a-a9e1-cab7fa5d4b12/build]   | GOVERSION="go1.18.10"
[1372662f-8e2a-400a-a9e1-cab7fa5d4b12/build]   | GCCGO="gccgo"
[1372662f-8e2a-400a-a9e1-cab7fa5d4b12/build]   | GOAMD64="v1"
[1372662f-8e2a-400a-a9e1-cab7fa5d4b12/build]   | AR="ar"
[1372662f-8e2a-400a-a9e1-cab7fa5d4b12/build]   | CC="gcc"
[1372662f-8e2a-400a-a9e1-cab7fa5d4b12/build]   | CXX="g++"
[1372662f-8e2a-400a-a9e1-cab7fa5d4b12/build]   | CGO_ENABLED="1"
[1372662f-8e2a-400a-a9e1-cab7fa5d4b12/build]   | GOMOD="/tmp/6692d02e-3753-4ec1-8ea5-036a1190e1a7/go.mod"
[1372662f-8e2a-400a-a9e1-cab7fa5d4b12/build]   | GOWORK=""
[1372662f-8e2a-400a-a9e1-cab7fa5d4b12/build]   | CGO_CFLAGS="-g -O2"
[1372662f-8e2a-400a-a9e1-cab7fa5d4b12/build]   | CGO_CPPFLAGS=""
[1372662f-8e2a-400a-a9e1-cab7fa5d4b12/build]   | CGO_CXXFLAGS="-g -O2"
[1372662f-8e2a-400a-a9e1-cab7fa5d4b12/build]   | CGO_FFLAGS="-g -O2"
[1372662f-8e2a-400a-a9e1-cab7fa5d4b12/build]   | CGO_LDFLAGS="-g -O2"
[1372662f-8e2a-400a-a9e1-cab7fa5d4b12/build]   | PKG_CONFIG="pkg-config"
[1372662f-8e2a-400a-a9e1-cab7fa5d4b12/build]   | GOGCCFLAGS="-fPIC -m64 -pthread -fmessage-length=0 -fdebug-prefix-map=/tmp/go-build865218208=/tmp/go-build -gno-record-gcc-switches"
[1372662f-8e2a-400a-a9e1-cab7fa5d4b12/build]   | 
[1372662f-8e2a-400a-a9e1-cab7fa5d4b12/build]   ❓  ::endgroup::
[1372662f-8e2a-400a-a9e1-cab7fa5d4b12/build]   ✅  Success - Main Setup
[1372662f-8e2a-400a-a9e1-cab7fa5d4b12/build]   ⚙  ::set-output:: go-version=1.18.10
[1372662f-8e2a-400a-a9e1-cab7fa5d4b12/build]   ⚙  ::add-path:: /opt/hostedtoolcache/go/1.18.10/x64/bin
[1372662f-8e2a-400a-a9e1-cab7fa5d4b12/build]   ⚙  ::add-path:: /home/runneradmin/go/bin
[1372662f-8e2a-400a-a9e1-cab7fa5d4b12/build] unable to get git ref: failed to identify reference (tag/branch) for the checked-out revision '99c92429e9a2972552ccd48b9ad8bbfc80aab818'
[1372662f-8e2a-400a-a9e1-cab7fa5d4b12/build] unable to get git ref: failed to identify reference (tag/branch) for the checked-out revision '99c92429e9a2972552ccd48b9ad8bbfc80aab818'
[1372662f-8e2a-400a-a9e1-cab7fa5d4b12/build] unable to get git ref: failed to identify reference (tag/branch) for the checked-out revision '99c92429e9a2972552ccd48b9ad8bbfc80aab818'
[1372662f-8e2a-400a-a9e1-cab7fa5d4b12/build] unable to get git ref: failed to identify reference (tag/branch) for the checked-out revision '99c92429e9a2972552ccd48b9ad8bbfc80aab818'
[1372662f-8e2a-400a-a9e1-cab7fa5d4b12/build] unable to get git ref: failed to identify reference (tag/branch) for the checked-out revision '99c92429e9a2972552ccd48b9ad8bbfc80aab818'
[1372662f-8e2a-400a-a9e1-cab7fa5d4b12/build] ⭐ Run Main Build
[1372662f-8e2a-400a-a9e1-cab7fa5d4b12/build] unable to get git ref: failed to identify reference (tag/branch) for the checked-out revision '99c92429e9a2972552ccd48b9ad8bbfc80aab818'
[1372662f-8e2a-400a-a9e1-cab7fa5d4b12/build] unable to get git ref: failed to identify reference (tag/branch) for the checked-out revision '99c92429e9a2972552ccd48b9ad8bbfc80aab818'
[1372662f-8e2a-400a-a9e1-cab7fa5d4b12/build] unable to get git ref: failed to identify reference (tag/branch) for the checked-out revision '99c92429e9a2972552ccd48b9ad8bbfc80aab818'
[1372662f-8e2a-400a-a9e1-cab7fa5d4b12/build] unable to get git ref: failed to identify reference (tag/branch) for the checked-out revision '99c92429e9a2972552ccd48b9ad8bbfc80aab818'
[1372662f-8e2a-400a-a9e1-cab7fa5d4b12/build]   🐳  docker exec cmd=[bash --noprofile --norc -e -o pipefail /var/run/act/workflow/2] user= workdir=
[1372662f-8e2a-400a-a9e1-cab7fa5d4b12/build]   | go: downloading github.com/spf13/cobra v1.6.1
[1372662f-8e2a-400a-a9e1-cab7fa5d4b12/build]   | go: downloading go.opentelemetry.io/proto/otlp v0.19.0
[1372662f-8e2a-400a-a9e1-cab7fa5d4b12/build]   | go: downloading go.opentelemetry.io/otel/exporters/otlp/otlptrace/otlptracehttp v1.11.2
[1372662f-8e2a-400a-a9e1-cab7fa5d4b12/build]   | go: downloading go.opentelemetry.io/otel/sdk v1.11.2
[1372662f-8e2a-400a-a9e1-cab7fa5d4b12/build]   | go: downloading go.opentelemetry.io/otel v1.11.2
[1372662f-8e2a-400a-a9e1-cab7fa5d4b12/build]   | go: downloading go.opentelemetry.io/otel/exporters/otlp/otlptrace/otlptracegrpc v1.11.2
[1372662f-8e2a-400a-a9e1-cab7fa5d4b12/build]   | go: downloading github.com/pterm/pterm v0.12.53
[1372662f-8e2a-400a-a9e1-cab7fa5d4b12/build]   | go: downloading github.com/pkg/errors v0.9.1
[1372662f-8e2a-400a-a9e1-cab7fa5d4b12/build]   | go: downloading go.opentelemetry.io/otel/trace v1.11.2
[1372662f-8e2a-400a-a9e1-cab7fa5d4b12/build]   | go: downloading google.golang.org/grpc v1.52.0
[1372662f-8e2a-400a-a9e1-cab7fa5d4b12/build]   | go: downloading go.opentelemetry.io/otel/exporters/otlp/otlptrace v1.11.2
[1372662f-8e2a-400a-a9e1-cab7fa5d4b12/build]   | go: downloading google.golang.org/protobuf v1.28.1
[1372662f-8e2a-400a-a9e1-cab7fa5d4b12/build]   | go: downloading github.com/grpc-ecosystem/grpc-gateway/v2 v2.7.0
[1372662f-8e2a-400a-a9e1-cab7fa5d4b12/build]   | go: downloading github.com/spf13/pflag v1.0.5
[1372662f-8e2a-400a-a9e1-cab7fa5d4b12/build]   | go: downloading github.com/go-logr/logr v1.2.3
[1372662f-8e2a-400a-a9e1-cab7fa5d4b12/build]   | go: downloading github.com/go-logr/stdr v1.2.2
[1372662f-8e2a-400a-a9e1-cab7fa5d4b12/build]   | go: downloading google.golang.org/genproto v0.0.0-20221118155620-16455021b5e6
[1372662f-8e2a-400a-a9e1-cab7fa5d4b12/build]   | go: downloading golang.org/x/sys v0.3.0
[1372662f-8e2a-400a-a9e1-cab7fa5d4b12/build]   | go: downloading go.opentelemetry.io/otel/exporters/otlp/internal/retry v1.11.2
[1372662f-8e2a-400a-a9e1-cab7fa5d4b12/build]   | go: downloading golang.org/x/text v0.6.0
[1372662f-8e2a-400a-a9e1-cab7fa5d4b12/build]   | go: downloading atomicgo.dev/cursor v0.1.1
[1372662f-8e2a-400a-a9e1-cab7fa5d4b12/build]   | go: downloading github.com/lithammer/fuzzysearch v1.1.5
[1372662f-8e2a-400a-a9e1-cab7fa5d4b12/build]   | go: downloading atomicgo.dev/keyboard v0.2.8
[1372662f-8e2a-400a-a9e1-cab7fa5d4b12/build]   | go: downloading golang.org/x/term v0.3.0
[1372662f-8e2a-400a-a9e1-cab7fa5d4b12/build]   | go: downloading github.com/mattn/go-runewidth v0.0.14
[1372662f-8e2a-400a-a9e1-cab7fa5d4b12/build]   | go: downloading github.com/gookit/color v1.5.2
[1372662f-8e2a-400a-a9e1-cab7fa5d4b12/build]   | go: downloading github.com/cenkalti/backoff/v4 v4.2.0
[1372662f-8e2a-400a-a9e1-cab7fa5d4b12/build]   | go: downloading github.com/rivo/uniseg v0.2.0
[1372662f-8e2a-400a-a9e1-cab7fa5d4b12/build]   | go: downloading github.com/containerd/console v1.0.3
[1372662f-8e2a-400a-a9e1-cab7fa5d4b12/build]   | go: downloading github.com/xo/terminfo v0.0.0-20210125001918-ca9a967f8778
[1372662f-8e2a-400a-a9e1-cab7fa5d4b12/build]   | go: downloading github.com/golang/protobuf v1.5.2
[1372662f-8e2a-400a-a9e1-cab7fa5d4b12/build]   | go: downloading golang.org/x/net v0.4.0
[1372662f-8e2a-400a-a9e1-cab7fa5d4b12/build]   | github.com/rivo/uniseg
[1372662f-8e2a-400a-a9e1-cab7fa5d4b12/build]   | google.golang.org/protobuf/internal/set
[1372662f-8e2a-400a-a9e1-cab7fa5d4b12/build]   | google.golang.org/grpc/serviceconfig
[1372662f-8e2a-400a-a9e1-cab7fa5d4b12/build]   | go.opentelemetry.io/otel/sdk/instrumentation
[1372662f-8e2a-400a-a9e1-cab7fa5d4b12/build]   | google.golang.org/grpc/attributes
[1372662f-8e2a-400a-a9e1-cab7fa5d4b12/build]   | google.golang.org/protobuf/internal/flags
[1372662f-8e2a-400a-a9e1-cab7fa5d4b12/build]   | go.opentelemetry.io/otel/internal
[1372662f-8e2a-400a-a9e1-cab7fa5d4b12/build]   | atomicgo.dev/keyboard/internal
[1372662f-8e2a-400a-a9e1-cab7fa5d4b12/build]   | google.golang.org/protobuf/internal/pragma
[1372662f-8e2a-400a-a9e1-cab7fa5d4b12/build]   | google.golang.org/grpc/tap
[1372662f-8e2a-400a-a9e1-cab7fa5d4b12/build]   | google.golang.org/grpc/backoff
[1372662f-8e2a-400a-a9e1-cab7fa5d4b12/build]   | google.golang.org/grpc/internal/grpcrand
[1372662f-8e2a-400a-a9e1-cab7fa5d4b12/build]   | google.golang.org/protobuf/internal/detrand
[1372662f-8e2a-400a-a9e1-cab7fa5d4b12/build]   | google.golang.org/grpc/internal/buffer
[1372662f-8e2a-400a-a9e1-cab7fa5d4b12/build]   | google.golang.org/grpc/internal/grpcsync
[1372662f-8e2a-400a-a9e1-cab7fa5d4b12/build]   | golang.org/x/text/transform
[1372662f-8e2a-400a-a9e1-cab7fa5d4b12/build]   | google.golang.org/grpc/keepalive
[1372662f-8e2a-400a-a9e1-cab7fa5d4b12/build]   | golang.org/x/text/internal/tag
[1372662f-8e2a-400a-a9e1-cab7fa5d4b12/build]   | github.com/grpc-ecosystem/grpc-gateway/v2/utilities
[1372662f-8e2a-400a-a9e1-cab7fa5d4b12/build]   | google.golang.org/protobuf/internal/version
[1372662f-8e2a-400a-a9e1-cab7fa5d4b12/build]   | google.golang.org/grpc/codes
[1372662f-8e2a-400a-a9e1-cab7fa5d4b12/build]   | google.golang.org/grpc/internal/grpclog
[1372662f-8e2a-400a-a9e1-cab7fa5d4b12/build]   | google.golang.org/grpc/metadata
[1372662f-8e2a-400a-a9e1-cab7fa5d4b12/build]   | golang.org/x/net/internal/timeseries
[1372662f-8e2a-400a-a9e1-cab7fa5d4b12/build]   | github.com/pkg/errors
[1372662f-8e2a-400a-a9e1-cab7fa5d4b12/build]   | golang.org/x/text/unicode/bidi
[1372662f-8e2a-400a-a9e1-cab7fa5d4b12/build]   | github.com/go-logr/logr
[1372662f-8e2a-400a-a9e1-cab7fa5d4b12/build]   | atomicgo.dev/cursor
[1372662f-8e2a-400a-a9e1-cab7fa5d4b12/build]   | go.opentelemetry.io/otel/internal/baggage
[1372662f-8e2a-400a-a9e1-cab7fa5d4b12/build]   | github.com/cenkalti/backoff/v4
[1372662f-8e2a-400a-a9e1-cab7fa5d4b12/build]   | go.opentelemetry.io/otel/internal/attribute
[1372662f-8e2a-400a-a9e1-cab7fa5d4b12/build]   | google.golang.org/grpc/internal/envconfig
[1372662f-8e2a-400a-a9e1-cab7fa5d4b12/build]   | golang.org/x/net/http2/hpack
[1372662f-8e2a-400a-a9e1-cab7fa5d4b12/build]   | github.com/spf13/pflag
[1372662f-8e2a-400a-a9e1-cab7fa5d4b12/build]   | github.com/mattn/go-runewidth
[1372662f-8e2a-400a-a9e1-cab7fa5d4b12/build]   | go.opentelemetry.io/otel/codes
[1372662f-8e2a-400a-a9e1-cab7fa5d4b12/build]   | github.com/xo/terminfo
[1372662f-8e2a-400a-a9e1-cab7fa5d4b12/build]   | atomicgo.dev/keyboard/keys
[1372662f-8e2a-400a-a9e1-cab7fa5d4b12/build]   | golang.org/x/sys/unix
[1372662f-8e2a-400a-a9e1-cab7fa5d4b12/build]   | google.golang.org/protobuf/internal/errors
[1372662f-8e2a-400a-a9e1-cab7fa5d4b12/build]   | google.golang.org/grpc/internal/backoff
[1372662f-8e2a-400a-a9e1-cab7fa5d4b12/build]   | golang.org/x/text/internal/language
[1372662f-8e2a-400a-a9e1-cab7fa5d4b12/build]   | golang.org/x/text/runes
[1372662f-8e2a-400a-a9e1-cab7fa5d4b12/build]   | golang.org/x/text/unicode/norm
[1372662f-8e2a-400a-a9e1-cab7fa5d4b12/build]   | go.opentelemetry.io/otel/baggage
[1372662f-8e2a-400a-a9e1-cab7fa5d4b12/build]   | golang.org/x/net/trace
[1372662f-8e2a-400a-a9e1-cab7fa5d4b12/build]   | github.com/go-logr/logr/funcr
[1372662f-8e2a-400a-a9e1-cab7fa5d4b12/build]   | google.golang.org/grpc/internal/balancerload
[1372662f-8e2a-400a-a9e1-cab7fa5d4b12/build]   | google.golang.org/grpc/stats
[1372662f-8e2a-400a-a9e1-cab7fa5d4b12/build]   | google.golang.org/grpc/grpclog
[1372662f-8e2a-400a-a9e1-cab7fa5d4b12/build]   | google.golang.org/grpc/internal/grpcutil
[1372662f-8e2a-400a-a9e1-cab7fa5d4b12/build]   | github.com/grpc-ecosystem/grpc-gateway/v2/internal/httprule
[1372662f-8e2a-400a-a9e1-cab7fa5d4b12/build]   | go.opentelemetry.io/otel/attribute
[1372662f-8e2a-400a-a9e1-cab7fa5d4b12/build]   | google.golang.org/protobuf/encoding/protowire
[1372662f-8e2a-400a-a9e1-cab7fa5d4b12/build]   | go.opentelemetry.io/otel/exporters/otlp/internal/retry
[1372662f-8e2a-400a-a9e1-cab7fa5d4b12/build]   | google.golang.org/grpc/encoding
[1372662f-8e2a-400a-a9e1-cab7fa5d4b12/build]   | google.golang.org/protobuf/reflect/protoreflect
[1372662f-8e2a-400a-a9e1-cab7fa5d4b12/build]   | google.golang.org/grpc/encoding/gzip
[1372662f-8e2a-400a-a9e1-cab7fa5d4b12/build]   | github.com/go-logr/stdr
[1372662f-8e2a-400a-a9e1-cab7fa5d4b12/build]   | google.golang.org/grpc/connectivity
[1372662f-8e2a-400a-a9e1-cab7fa5d4b12/build]   | google.golang.org/grpc/internal/credentials
[1372662f-8e2a-400a-a9e1-cab7fa5d4b12/build]   | golang.org/x/text/secure/bidirule
[1372662f-8e2a-400a-a9e1-cab7fa5d4b12/build]   | github.com/gookit/color
[1372662f-8e2a-400a-a9e1-cab7fa5d4b12/build]   | go.opentelemetry.io/otel/trace
[1372662f-8e2a-400a-a9e1-cab7fa5d4b12/build]   | google.golang.org/protobuf/internal/descfmt
[1372662f-8e2a-400a-a9e1-cab7fa5d4b12/build]   | google.golang.org/protobuf/internal/descopts
[1372662f-8e2a-400a-a9e1-cab7fa5d4b12/build]   | google.golang.org/protobuf/internal/strs
[1372662f-8e2a-400a-a9e1-cab7fa5d4b12/build]   | google.golang.org/protobuf/internal/encoding/messageset
[1372662f-8e2a-400a-a9e1-cab7fa5d4b12/build]   | google.golang.org/protobuf/internal/order
[1372662f-8e2a-400a-a9e1-cab7fa5d4b12/build]   | google.golang.org/protobuf/runtime/protoiface
[1372662f-8e2a-400a-a9e1-cab7fa5d4b12/build]   | google.golang.org/protobuf/internal/genid
[1372662f-8e2a-400a-a9e1-cab7fa5d4b12/build]   | google.golang.org/protobuf/internal/encoding/text
[1372662f-8e2a-400a-a9e1-cab7fa5d4b12/build]   | google.golang.org/protobuf/internal/encoding/json
[1372662f-8e2a-400a-a9e1-cab7fa5d4b12/build]   | google.golang.org/protobuf/reflect/protoregistry
[1372662f-8e2a-400a-a9e1-cab7fa5d4b12/build]   | golang.org/x/text/internal/language/compact
[1372662f-8e2a-400a-a9e1-cab7fa5d4b12/build]   | golang.org/x/text/language
[1372662f-8e2a-400a-a9e1-cab7fa5d4b12/build]   | google.golang.org/protobuf/proto
[1372662f-8e2a-400a-a9e1-cab7fa5d4b12/build]   | go.opentelemetry.io/otel/semconv/internal
[1372662f-8e2a-400a-a9e1-cab7fa5d4b12/build]   | go.opentelemetry.io/otel/propagation
[1372662f-8e2a-400a-a9e1-cab7fa5d4b12/build]   | github.com/pterm/pterm/internal
[1372662f-8e2a-400a-a9e1-cab7fa5d4b12/build]   | go.opentelemetry.io/otel/internal/global
[1372662f-8e2a-400a-a9e1-cab7fa5d4b12/build]   | google.golang.org/protobuf/internal/encoding/defval
[1372662f-8e2a-400a-a9e1-cab7fa5d4b12/build]   | google.golang.org/protobuf/encoding/prototext
[1372662f-8e2a-400a-a9e1-cab7fa5d4b12/build]   | go.opentelemetry.io/otel/semconv/v1.12.0
[1372662f-8e2a-400a-a9e1-cab7fa5d4b12/build]   | go.opentelemetry.io/otel/semconv/v1.4.0
[1372662f-8e2a-400a-a9e1-cab7fa5d4b12/build]   | github.com/containerd/console
[1372662f-8e2a-400a-a9e1-cab7fa5d4b12/build]   | golang.org/x/term
[1372662f-8e2a-400a-a9e1-cab7fa5d4b12/build]   | google.golang.org/grpc/internal/syscall
[1372662f-8e2a-400a-a9e1-cab7fa5d4b12/build]   | golang.org/x/text/internal
[1372662f-8e2a-400a-a9e1-cab7fa5d4b12/build]   | google.golang.org/protobuf/internal/filedesc
[1372662f-8e2a-400a-a9e1-cab7fa5d4b12/build]   | go.opentelemetry.io/otel
[1372662f-8e2a-400a-a9e1-cab7fa5d4b12/build]   | go.opentelemetry.io/otel/sdk/internal/env
[1372662f-8e2a-400a-a9e1-cab7fa5d4b12/build]   | go.opentelemetry.io/otel/exporters/otlp/internal/envconfig
[1372662f-8e2a-400a-a9e1-cab7fa5d4b12/build]   | go.opentelemetry.io/otel/exporters/otlp/internal
[1372662f-8e2a-400a-a9e1-cab7fa5d4b12/build]   | go.opentelemetry.io/otel/sdk/internal
[1372662f-8e2a-400a-a9e1-cab7fa5d4b12/build]   | atomicgo.dev/keyboard
[1372662f-8e2a-400a-a9e1-cab7fa5d4b12/build]   | github.com/spf13/cobra
[1372662f-8e2a-400a-a9e1-cab7fa5d4b12/build]   | github.com/lithammer/fuzzysearch/fuzzy
[1372662f-8e2a-400a-a9e1-cab7fa5d4b12/build]   | golang.org/x/text/cases
[1372662f-8e2a-400a-a9e1-cab7fa5d4b12/build]   | golang.org/x/net/idna
[1372662f-8e2a-400a-a9e1-cab7fa5d4b12/build]   | go.opentelemetry.io/otel/sdk/resource
[1372662f-8e2a-400a-a9e1-cab7fa5d4b12/build]   | github.com/pterm/pterm
[1372662f-8e2a-400a-a9e1-cab7fa5d4b12/build]   | golang.org/x/net/http/httpguts
[1372662f-8e2a-400a-a9e1-cab7fa5d4b12/build]   | go.opentelemetry.io/otel/sdk/trace
[1372662f-8e2a-400a-a9e1-cab7fa5d4b12/build]   | golang.org/x/net/http2
[1372662f-8e2a-400a-a9e1-cab7fa5d4b12/build]   | google.golang.org/protobuf/internal/encoding/tag
[1372662f-8e2a-400a-a9e1-cab7fa5d4b12/build]   | google.golang.org/protobuf/encoding/protojson
[1372662f-8e2a-400a-a9e1-cab7fa5d4b12/build]   | google.golang.org/protobuf/internal/impl
[1372662f-8e2a-400a-a9e1-cab7fa5d4b12/build]   | google.golang.org/protobuf/internal/filetype
[1372662f-8e2a-400a-a9e1-cab7fa5d4b12/build]   | google.golang.org/protobuf/runtime/protoimpl
[1372662f-8e2a-400a-a9e1-cab7fa5d4b12/build]   | google.golang.org/protobuf/types/known/fieldmaskpb
[1372662f-8e2a-400a-a9e1-cab7fa5d4b12/build]   | google.golang.org/protobuf/types/known/durationpb
[1372662f-8e2a-400a-a9e1-cab7fa5d4b12/build]   | google.golang.org/protobuf/types/known/timestamppb
[1372662f-8e2a-400a-a9e1-cab7fa5d4b12/build]   | google.golang.org/protobuf/types/known/anypb
[1372662f-8e2a-400a-a9e1-cab7fa5d4b12/build]   | google.golang.org/protobuf/types/descriptorpb
[1372662f-8e2a-400a-a9e1-cab7fa5d4b12/build]   | google.golang.org/protobuf/types/known/wrapperspb
[1372662f-8e2a-400a-a9e1-cab7fa5d4b12/build]   | go.opentelemetry.io/proto/otlp/common/v1
[1372662f-8e2a-400a-a9e1-cab7fa5d4b12/build]   | google.golang.org/genproto/protobuf/field_mask
[1372662f-8e2a-400a-a9e1-cab7fa5d4b12/build]   | github.com/golang/protobuf/ptypes/timestamp
[1372662f-8e2a-400a-a9e1-cab7fa5d4b12/build]   | google.golang.org/genproto/googleapis/api/httpbody
[1372662f-8e2a-400a-a9e1-cab7fa5d4b12/build]   | google.golang.org/genproto/googleapis/rpc/status
[1372662f-8e2a-400a-a9e1-cab7fa5d4b12/build]   | github.com/golang/protobuf/ptypes/any
[1372662f-8e2a-400a-a9e1-cab7fa5d4b12/build]   | github.com/golang/protobuf/ptypes/duration
[1372662f-8e2a-400a-a9e1-cab7fa5d4b12/build]   | google.golang.org/grpc/binarylog/grpc_binarylog_v1
[1372662f-8e2a-400a-a9e1-cab7fa5d4b12/build]   | google.golang.org/genproto/googleapis/rpc/errdetails
[1372662f-8e2a-400a-a9e1-cab7fa5d4b12/build]   | go.opentelemetry.io/proto/otlp/resource/v1
[1372662f-8e2a-400a-a9e1-cab7fa5d4b12/build]   | go.opentelemetry.io/proto/otlp/trace/v1
[1372662f-8e2a-400a-a9e1-cab7fa5d4b12/build]   | google.golang.org/protobuf/reflect/protodesc
[1372662f-8e2a-400a-a9e1-cab7fa5d4b12/build]   | go.opentelemetry.io/otel/exporters/otlp/otlptrace/internal/tracetransform
[1372662f-8e2a-400a-a9e1-cab7fa5d4b12/build]   | go.opentelemetry.io/otel/exporters/otlp/otlptrace
[1372662f-8e2a-400a-a9e1-cab7fa5d4b12/build]   | github.com/golang/protobuf/proto
[1372662f-8e2a-400a-a9e1-cab7fa5d4b12/build]   | google.golang.org/grpc/credentials
[1372662f-8e2a-400a-a9e1-cab7fa5d4b12/build]   | google.golang.org/grpc/encoding/proto
[1372662f-8e2a-400a-a9e1-cab7fa5d4b12/build]   | github.com/golang/protobuf/ptypes
[1372662f-8e2a-400a-a9e1-cab7fa5d4b12/build]   | github.com/golang/protobuf/jsonpb
[1372662f-8e2a-400a-a9e1-cab7fa5d4b12/build]   | google.golang.org/grpc/internal/channelz
[1372662f-8e2a-400a-a9e1-cab7fa5d4b12/build]   | google.golang.org/grpc/credentials/insecure
[1372662f-8e2a-400a-a9e1-cab7fa5d4b12/build]   | google.golang.org/grpc/peer
[1372662f-8e2a-400a-a9e1-cab7fa5d4b12/build]   | google.golang.org/grpc/internal/status
[1372662f-8e2a-400a-a9e1-cab7fa5d4b12/build]   | google.golang.org/grpc/status
[1372662f-8e2a-400a-a9e1-cab7fa5d4b12/build]   | google.golang.org/grpc/internal/binarylog
[1372662f-8e2a-400a-a9e1-cab7fa5d4b12/build]   | github.com/grpc-ecosystem/grpc-gateway/v2/runtime
[1372662f-8e2a-400a-a9e1-cab7fa5d4b12/build]   | google.golang.org/grpc/internal/pretty
[1372662f-8e2a-400a-a9e1-cab7fa5d4b12/build]   | google.golang.org/grpc/resolver
[1372662f-8e2a-400a-a9e1-cab7fa5d4b12/build]   | google.golang.org/grpc/channelz
[1372662f-8e2a-400a-a9e1-cab7fa5d4b12/build]   | google.golang.org/grpc/internal
[1372662f-8e2a-400a-a9e1-cab7fa5d4b12/build]   | google.golang.org/grpc/internal/metadata
[1372662f-8e2a-400a-a9e1-cab7fa5d4b12/build]   | google.golang.org/grpc/balancer/grpclb/grpclbstate
[1372662f-8e2a-400a-a9e1-cab7fa5d4b12/build]   | google.golang.org/grpc/internal/resolver/passthrough
[1372662f-8e2a-400a-a9e1-cab7fa5d4b12/build]   | google.golang.org/grpc/internal/transport/networktype
[1372662f-8e2a-400a-a9e1-cab7fa5d4b12/build]   | google.golang.org/grpc/internal/resolver/unix
[1372662f-8e2a-400a-a9e1-cab7fa5d4b12/build]   | google.golang.org/grpc/internal/resolver/dns
[1372662f-8e2a-400a-a9e1-cab7fa5d4b12/build]   | google.golang.org/grpc/balancer
[1372662f-8e2a-400a-a9e1-cab7fa5d4b12/build]   | google.golang.org/grpc/internal/transport
[1372662f-8e2a-400a-a9e1-cab7fa5d4b12/build]   | google.golang.org/grpc/balancer/base
[1372662f-8e2a-400a-a9e1-cab7fa5d4b12/build]   | google.golang.org/grpc/internal/serviceconfig
[1372662f-8e2a-400a-a9e1-cab7fa5d4b12/build]   | google.golang.org/grpc/internal/resolver
[1372662f-8e2a-400a-a9e1-cab7fa5d4b12/build]   | google.golang.org/grpc/balancer/roundrobin
[1372662f-8e2a-400a-a9e1-cab7fa5d4b12/build]   | google.golang.org/grpc/internal/balancer/gracefulswitch
[1372662f-8e2a-400a-a9e1-cab7fa5d4b12/build]   | google.golang.org/grpc
[1372662f-8e2a-400a-a9e1-cab7fa5d4b12/build]   | go.opentelemetry.io/otel/exporters/otlp/otlptrace/internal/otlpconfig
[1372662f-8e2a-400a-a9e1-cab7fa5d4b12/build]   | go.opentelemetry.io/proto/otlp/collector/trace/v1
[1372662f-8e2a-400a-a9e1-cab7fa5d4b12/build]   | github.com/equinix-labs/otel-cli/otlpserver
[1372662f-8e2a-400a-a9e1-cab7fa5d4b12/build]   | go.opentelemetry.io/otel/exporters/otlp/otlptrace/otlptracegrpc
[1372662f-8e2a-400a-a9e1-cab7fa5d4b12/build]   | go.opentelemetry.io/otel/exporters/otlp/otlptrace/otlptracehttp
[1372662f-8e2a-400a-a9e1-cab7fa5d4b12/build]   | github.com/equinix-labs/otel-cli/otelcli
[1372662f-8e2a-400a-a9e1-cab7fa5d4b12/build]   | github.com/equinix-labs/otel-cli
[1372662f-8e2a-400a-a9e1-cab7fa5d4b12/build]   ✅  Success - Main Build
[1372662f-8e2a-400a-a9e1-cab7fa5d4b12/build] unable to get git ref: failed to identify reference (tag/branch) for the checked-out revision '99c92429e9a2972552ccd48b9ad8bbfc80aab818'
[1372662f-8e2a-400a-a9e1-cab7fa5d4b12/build] unable to get git ref: failed to identify reference (tag/branch) for the checked-out revision '99c92429e9a2972552ccd48b9ad8bbfc80aab818'
[1372662f-8e2a-400a-a9e1-cab7fa5d4b12/build] unable to get git ref: failed to identify reference (tag/branch) for the checked-out revision '99c92429e9a2972552ccd48b9ad8bbfc80aab818'
[1372662f-8e2a-400a-a9e1-cab7fa5d4b12/build] unable to get git ref: failed to identify reference (tag/branch) for the checked-out revision '99c92429e9a2972552ccd48b9ad8bbfc80aab818'
[1372662f-8e2a-400a-a9e1-cab7fa5d4b12/build] unable to get git ref: failed to identify reference (tag/branch) for the checked-out revision '99c92429e9a2972552ccd48b9ad8bbfc80aab818'
[1372662f-8e2a-400a-a9e1-cab7fa5d4b12/build] ⭐ Run Main Test
[1372662f-8e2a-400a-a9e1-cab7fa5d4b12/build] unable to get git ref: failed to identify reference (tag/branch) for the checked-out revision '99c92429e9a2972552ccd48b9ad8bbfc80aab818'
[1372662f-8e2a-400a-a9e1-cab7fa5d4b12/build] unable to get git ref: failed to identify reference (tag/branch) for the checked-out revision '99c92429e9a2972552ccd48b9ad8bbfc80aab818'
[1372662f-8e2a-400a-a9e1-cab7fa5d4b12/build] unable to get git ref: failed to identify reference (tag/branch) for the checked-out revision '99c92429e9a2972552ccd48b9ad8bbfc80aab818'
[1372662f-8e2a-400a-a9e1-cab7fa5d4b12/build] unable to get git ref: failed to identify reference (tag/branch) for the checked-out revision '99c92429e9a2972552ccd48b9ad8bbfc80aab818'
[1372662f-8e2a-400a-a9e1-cab7fa5d4b12/build]   🐳  docker exec cmd=[bash --noprofile --norc -e -o pipefail /var/run/act/workflow/3] user= workdir=
[1372662f-8e2a-400a-a9e1-cab7fa5d4b12/build]   | go: downloading github.com/jstemmer/go-junit-report/v2 v2.0.0
[1372662f-8e2a-400a-a9e1-cab7fa5d4b12/build]   ✅  Success - Main Test
[1372662f-8e2a-400a-a9e1-cab7fa5d4b12/build] unable to get git ref: failed to identify reference (tag/branch) for the checked-out revision '99c92429e9a2972552ccd48b9ad8bbfc80aab818'
[1372662f-8e2a-400a-a9e1-cab7fa5d4b12/build] unable to get git ref: failed to identify reference (tag/branch) for the checked-out revision '99c92429e9a2972552ccd48b9ad8bbfc80aab818'
[1372662f-8e2a-400a-a9e1-cab7fa5d4b12/build] unable to get git ref: failed to identify reference (tag/branch) for the checked-out revision '99c92429e9a2972552ccd48b9ad8bbfc80aab818'
[1372662f-8e2a-400a-a9e1-cab7fa5d4b12/build] unable to get git ref: failed to identify reference (tag/branch) for the checked-out revision '99c92429e9a2972552ccd48b9ad8bbfc80aab818'
[1372662f-8e2a-400a-a9e1-cab7fa5d4b12/build] unable to get git ref: failed to identify reference (tag/branch) for the checked-out revision '99c92429e9a2972552ccd48b9ad8bbfc80aab818'
[1372662f-8e2a-400a-a9e1-cab7fa5d4b12/build] ⭐ Run Post Setup
[1372662f-8e2a-400a-a9e1-cab7fa5d4b12/build]   🐳  docker exec cmd=[node /var/run/act/actions/actions-setup-go@v3/dist/cache-save/index.js] user= workdir=
[1372662f-8e2a-400a-a9e1-cab7fa5d4b12/build]   ✅  Success - Post Setup
[1372662f-8e2a-400a-a9e1-cab7fa5d4b12/build] 🏁  Job succeeded
[1372662f-8e2a-400a-a9e1-cab7fa5d4b12/build] unable to get git ref: failed to identify reference (tag/branch) for the checked-out revision '99c92429e9a2972552ccd48b9ad8bbfc80aab818'
