[32cf4c1f-de2e-455d-874e-12c994f1c340/build] 🚀  Start image=crawlergpt:latest
[32cf4c1f-de2e-455d-874e-12c994f1c340/build]   🐳  docker pull image=crawlergpt:latest platform= username= forcePull=false
[32cf4c1f-de2e-455d-874e-12c994f1c340/build]   🐳  docker create image=crawlergpt:latest platform= entrypoint=["tail" "-f" "/dev/null"] cmd=[]
[32cf4c1f-de2e-455d-874e-12c994f1c340/build]   🐳  docker run image=crawlergpt:latest platform= entrypoint=["tail" "-f" "/dev/null"] cmd=[]
[32cf4c1f-de2e-455d-874e-12c994f1c340/build]   🐳  docker exec cmd=[chown -R 1012:1013 /tmp/6692d02e-3753-4ec1-8ea5-036a1190e1a7] user=0 workdir=
[32cf4c1f-de2e-455d-874e-12c994f1c340/build] unable to get git ref: failed to identify reference (tag/branch) for the checked-out revision '42566448853fb2e5da5aeae3399b666d28c9089f'
[32cf4c1f-de2e-455d-874e-12c994f1c340/build] unable to get git ref: failed to identify reference (tag/branch) for the checked-out revision '42566448853fb2e5da5aeae3399b666d28c9089f'
[32cf4c1f-de2e-455d-874e-12c994f1c340/build] unable to get git ref: failed to identify reference (tag/branch) for the checked-out revision '42566448853fb2e5da5aeae3399b666d28c9089f'
[32cf4c1f-de2e-455d-874e-12c994f1c340/build] unable to get git ref: failed to identify reference (tag/branch) for the checked-out revision '42566448853fb2e5da5aeae3399b666d28c9089f'
[32cf4c1f-de2e-455d-874e-12c994f1c340/build] unable to get git ref: failed to identify reference (tag/branch) for the checked-out revision '42566448853fb2e5da5aeae3399b666d28c9089f'
[32cf4c1f-de2e-455d-874e-12c994f1c340/build] unable to get git ref: failed to identify reference (tag/branch) for the checked-out revision '42566448853fb2e5da5aeae3399b666d28c9089f'
[32cf4c1f-de2e-455d-874e-12c994f1c340/build] unable to get git ref: failed to identify reference (tag/branch) for the checked-out revision '42566448853fb2e5da5aeae3399b666d28c9089f'
[32cf4c1f-de2e-455d-874e-12c994f1c340/build] unable to get git ref: failed to identify reference (tag/branch) for the checked-out revision '42566448853fb2e5da5aeae3399b666d28c9089f'
[32cf4c1f-de2e-455d-874e-12c994f1c340/build] unable to get git ref: failed to identify reference (tag/branch) for the checked-out revision '42566448853fb2e5da5aeae3399b666d28c9089f'
[32cf4c1f-de2e-455d-874e-12c994f1c340/build] ⭐ Run Main Checkout code
[32cf4c1f-de2e-455d-874e-12c994f1c340/build] unable to get git ref: failed to identify reference (tag/branch) for the checked-out revision '42566448853fb2e5da5aeae3399b666d28c9089f'
[32cf4c1f-de2e-455d-874e-12c994f1c340/build] unable to get git ref: failed to identify reference (tag/branch) for the checked-out revision '42566448853fb2e5da5aeae3399b666d28c9089f'
[32cf4c1f-de2e-455d-874e-12c994f1c340/build]   🐳  docker cp src=/tmp/6692d02e-3753-4ec1-8ea5-036a1190e1a7/. dst=/tmp/6692d02e-3753-4ec1-8ea5-036a1190e1a7
[32cf4c1f-de2e-455d-874e-12c994f1c340/build]   🐳  docker exec cmd=[chown -R 1012:1013 /tmp/6692d02e-3753-4ec1-8ea5-036a1190e1a7] user=0 workdir=
[32cf4c1f-de2e-455d-874e-12c994f1c340/build]   ✅  Success - Main Checkout code
[32cf4c1f-de2e-455d-874e-12c994f1c340/build] unable to get git ref: failed to identify reference (tag/branch) for the checked-out revision '42566448853fb2e5da5aeae3399b666d28c9089f'
[32cf4c1f-de2e-455d-874e-12c994f1c340/build] unable to get git ref: failed to identify reference (tag/branch) for the checked-out revision '42566448853fb2e5da5aeae3399b666d28c9089f'
[32cf4c1f-de2e-455d-874e-12c994f1c340/build] unable to get git ref: failed to identify reference (tag/branch) for the checked-out revision '42566448853fb2e5da5aeae3399b666d28c9089f'
[32cf4c1f-de2e-455d-874e-12c994f1c340/build] unable to get git ref: failed to identify reference (tag/branch) for the checked-out revision '42566448853fb2e5da5aeae3399b666d28c9089f'
[32cf4c1f-de2e-455d-874e-12c994f1c340/build] unable to get git ref: failed to identify reference (tag/branch) for the checked-out revision '42566448853fb2e5da5aeae3399b666d28c9089f'
[32cf4c1f-de2e-455d-874e-12c994f1c340/build] ⭐ Run Main Setup
[32cf4c1f-de2e-455d-874e-12c994f1c340/build] unable to get git ref: failed to identify reference (tag/branch) for the checked-out revision '42566448853fb2e5da5aeae3399b666d28c9089f'
[32cf4c1f-de2e-455d-874e-12c994f1c340/build] unable to get git ref: failed to identify reference (tag/branch) for the checked-out revision '42566448853fb2e5da5aeae3399b666d28c9089f'
[32cf4c1f-de2e-455d-874e-12c994f1c340/build] unable to get git ref: failed to identify reference (tag/branch) for the checked-out revision '42566448853fb2e5da5aeae3399b666d28c9089f'
[32cf4c1f-de2e-455d-874e-12c994f1c340/build]   🐳  docker cp src=/tmp/act-cache/cd3ef278-6a29-4abb-99f6-40d025591bb7/act/actions-setup-go@v3/ dst=/var/run/act/actions/actions-setup-go@v3/
[32cf4c1f-de2e-455d-874e-12c994f1c340/build]   🐳  docker exec cmd=[chown -R 1012:1013 /var/run/act/actions/actions-setup-go@v3/] user=0 workdir=
[32cf4c1f-de2e-455d-874e-12c994f1c340/build]   🐳  docker exec cmd=[node /var/run/act/actions/actions-setup-go@v3/dist/setup/index.js] user= workdir=
[32cf4c1f-de2e-455d-874e-12c994f1c340/build]   | Setup go version spec 1.18
[32cf4c1f-de2e-455d-874e-12c994f1c340/build]   💬  ::debug::isExplicit: 
[32cf4c1f-de2e-455d-874e-12c994f1c340/build]   💬  ::debug::explicit? false
[32cf4c1f-de2e-455d-874e-12c994f1c340/build]   💬  ::debug::isExplicit: 1.14.15
[32cf4c1f-de2e-455d-874e-12c994f1c340/build]   💬  ::debug::explicit? true
[32cf4c1f-de2e-455d-874e-12c994f1c340/build]   💬  ::debug::isExplicit: 1.15.15
[32cf4c1f-de2e-455d-874e-12c994f1c340/build]   💬  ::debug::explicit? true
[32cf4c1f-de2e-455d-874e-12c994f1c340/build]   💬  ::debug::isExplicit: 1.16.7
[32cf4c1f-de2e-455d-874e-12c994f1c340/build]   💬  ::debug::explicit? true
[32cf4c1f-de2e-455d-874e-12c994f1c340/build]   💬  ::debug::evaluating 3 versions
[32cf4c1f-de2e-455d-874e-12c994f1c340/build]   💬  ::debug::match not found
[32cf4c1f-de2e-455d-874e-12c994f1c340/build]   | Attempting to download 1.18...
[32cf4c1f-de2e-455d-874e-12c994f1c340/build]   💬  ::debug::No manifest cached
[32cf4c1f-de2e-455d-874e-12c994f1c340/build]   💬  ::debug::set auth
[32cf4c1f-de2e-455d-874e-12c994f1c340/build]   | matching 1.18...
[32cf4c1f-de2e-455d-874e-12c994f1c340/build]   💬  ::debug::check 1.21.3 satisfies 1.18
[32cf4c1f-de2e-455d-874e-12c994f1c340/build]   💬  ::debug::check 1.21.2 satisfies 1.18
[32cf4c1f-de2e-455d-874e-12c994f1c340/build]   💬  ::debug::check 1.21.1 satisfies 1.18
[32cf4c1f-de2e-455d-874e-12c994f1c340/build]   💬  ::debug::check 1.21.0 satisfies 1.18
[32cf4c1f-de2e-455d-874e-12c994f1c340/build]   💬  ::debug::check 1.20.10 satisfies 1.18
[32cf4c1f-de2e-455d-874e-12c994f1c340/build]   💬  ::debug::check 1.20.9 satisfies 1.18
[32cf4c1f-de2e-455d-874e-12c994f1c340/build]   💬  ::debug::check 1.20.8 satisfies 1.18
[32cf4c1f-de2e-455d-874e-12c994f1c340/build]   💬  ::debug::check 1.20.7 satisfies 1.18
[32cf4c1f-de2e-455d-874e-12c994f1c340/build]   💬  ::debug::check 1.20.6 satisfies 1.18
[32cf4c1f-de2e-455d-874e-12c994f1c340/build]   💬  ::debug::check 1.20.5 satisfies 1.18
[32cf4c1f-de2e-455d-874e-12c994f1c340/build]   💬  ::debug::check 1.20.4 satisfies 1.18
[32cf4c1f-de2e-455d-874e-12c994f1c340/build]   💬  ::debug::check 1.20.3 satisfies 1.18
[32cf4c1f-de2e-455d-874e-12c994f1c340/build]   💬  ::debug::check 1.20.2 satisfies 1.18
[32cf4c1f-de2e-455d-874e-12c994f1c340/build]   💬  ::debug::check 1.20.1 satisfies 1.18
[32cf4c1f-de2e-455d-874e-12c994f1c340/build]   💬  ::debug::check 1.20.0 satisfies 1.18
[32cf4c1f-de2e-455d-874e-12c994f1c340/build]   💬  ::debug::check 1.19.13 satisfies 1.18
[32cf4c1f-de2e-455d-874e-12c994f1c340/build]   💬  ::debug::check 1.19.12 satisfies 1.18
[32cf4c1f-de2e-455d-874e-12c994f1c340/build]   💬  ::debug::check 1.19.11 satisfies 1.18
[32cf4c1f-de2e-455d-874e-12c994f1c340/build]   💬  ::debug::check 1.19.10 satisfies 1.18
[32cf4c1f-de2e-455d-874e-12c994f1c340/build]   💬  ::debug::check 1.19.9 satisfies 1.18
[32cf4c1f-de2e-455d-874e-12c994f1c340/build]   💬  ::debug::check 1.19.8 satisfies 1.18
[32cf4c1f-de2e-455d-874e-12c994f1c340/build]   💬  ::debug::check 1.19.7 satisfies 1.18
[32cf4c1f-de2e-455d-874e-12c994f1c340/build]   💬  ::debug::check 1.19.6 satisfies 1.18
[32cf4c1f-de2e-455d-874e-12c994f1c340/build]   💬  ::debug::check 1.19.5 satisfies 1.18
[32cf4c1f-de2e-455d-874e-12c994f1c340/build]   💬  ::debug::check 1.19.4 satisfies 1.18
[32cf4c1f-de2e-455d-874e-12c994f1c340/build]   💬  ::debug::check 1.19.3 satisfies 1.18
[32cf4c1f-de2e-455d-874e-12c994f1c340/build]   💬  ::debug::check 1.19.2 satisfies 1.18
[32cf4c1f-de2e-455d-874e-12c994f1c340/build]   💬  ::debug::check 1.19.1 satisfies 1.18
[32cf4c1f-de2e-455d-874e-12c994f1c340/build]   💬  ::debug::check 1.19.0 satisfies 1.18
[32cf4c1f-de2e-455d-874e-12c994f1c340/build]   💬  ::debug::check 1.18.10 satisfies 1.18
[32cf4c1f-de2e-455d-874e-12c994f1c340/build]   💬  ::debug::x64===x64 && darwin===linux
[32cf4c1f-de2e-455d-874e-12c994f1c340/build]   💬  ::debug::x64===x64 && linux===linux
[32cf4c1f-de2e-455d-874e-12c994f1c340/build]   💬  ::debug::matched 1.18.10
[32cf4c1f-de2e-455d-874e-12c994f1c340/build]   | Acquiring 1.18.10 from https://github.com/actions/go-versions/releases/download/1.18.10-3890634278/go-1.18.10-linux-x64.tar.gz
[32cf4c1f-de2e-455d-874e-12c994f1c340/build]   💬  ::debug::Downloading https://github.com/actions/go-versions/releases/download/1.18.10-3890634278/go-1.18.10-linux-x64.tar.gz
[32cf4c1f-de2e-455d-874e-12c994f1c340/build]   💬  ::debug::Destination /tmp/c43acf88-86b8-4534-906e-eff2312462c5
[32cf4c1f-de2e-455d-874e-12c994f1c340/build]   💬  ::debug::set auth
[32cf4c1f-de2e-455d-874e-12c994f1c340/build]   💬  ::debug::download complete
[32cf4c1f-de2e-455d-874e-12c994f1c340/build]   | Extracting Go...
[32cf4c1f-de2e-455d-874e-12c994f1c340/build]   💬  ::debug::Checking tar --version
[32cf4c1f-de2e-455d-874e-12c994f1c340/build]   💬  ::debug::tar (GNU tar) 1.30%0ACopyright (C) 2017 Free Software Foundation, Inc.%0ALicense GPLv3+: GNU GPL version 3 or later <https://gnu.org/licenses/gpl.html>.%0AThis is free software: you are free to change and redistribute it.%0AThere is NO WARRANTY, to the extent permitted by law.%0A%0AWritten by John Gilmore and Jay Fenlason.
[32cf4c1f-de2e-455d-874e-12c994f1c340/build]   | [command]/usr/bin/tar xz --warning=no-unknown-keyword --overwrite -C /tmp/1209762b-dd2b-42b2-b9ec-ae28a9126135 -f /tmp/c43acf88-86b8-4534-906e-eff2312462c5
[32cf4c1f-de2e-455d-874e-12c994f1c340/build]   | Successfully extracted go to /tmp/1209762b-dd2b-42b2-b9ec-ae28a9126135
[32cf4c1f-de2e-455d-874e-12c994f1c340/build]   | Adding to the cache ...
[32cf4c1f-de2e-455d-874e-12c994f1c340/build]   💬  ::debug::Caching tool go 1.18.10 x64
[32cf4c1f-de2e-455d-874e-12c994f1c340/build]   💬  ::debug::source dir: /tmp/1209762b-dd2b-42b2-b9ec-ae28a9126135
[32cf4c1f-de2e-455d-874e-12c994f1c340/build]   💬  ::debug::destination /opt/hostedtoolcache/go/1.18.10/x64
[32cf4c1f-de2e-455d-874e-12c994f1c340/build]   💬  ::debug::finished caching tool
[32cf4c1f-de2e-455d-874e-12c994f1c340/build]   | Successfully cached go to /opt/hostedtoolcache/go/1.18.10/x64
[32cf4c1f-de2e-455d-874e-12c994f1c340/build]   | Added go to the path
[32cf4c1f-de2e-455d-874e-12c994f1c340/build]   💬  ::debug::which go :/opt/hostedtoolcache/go/1.18.10/x64/bin/go:
[32cf4c1f-de2e-455d-874e-12c994f1c340/build]   💬  ::debug::go env GOPATH :/home/runneradmin/go:
[32cf4c1f-de2e-455d-874e-12c994f1c340/build]   💬  ::debug::creating /home/runneradmin/go
[32cf4c1f-de2e-455d-874e-12c994f1c340/build]   💬  ::debug::creating /home/runneradmin/go/bin
[32cf4c1f-de2e-455d-874e-12c994f1c340/build]   💬  ::debug::add bin true
[32cf4c1f-de2e-455d-874e-12c994f1c340/build]   | Successfully set up Go version 1.18
[32cf4c1f-de2e-455d-874e-12c994f1c340/build]   ❓ add-matcher /run/act/actions/actions-setup-go@v3/matchers.json
[32cf4c1f-de2e-455d-874e-12c994f1c340/build]   | go version go1.18.10 linux/amd64
[32cf4c1f-de2e-455d-874e-12c994f1c340/build]   | 
[32cf4c1f-de2e-455d-874e-12c994f1c340/build]   ❓  ::group::go env
[32cf4c1f-de2e-455d-874e-12c994f1c340/build]   | GO111MODULE=""
[32cf4c1f-de2e-455d-874e-12c994f1c340/build]   | GOARCH="amd64"
[32cf4c1f-de2e-455d-874e-12c994f1c340/build]   | GOBIN=""
[32cf4c1f-de2e-455d-874e-12c994f1c340/build]   | GOCACHE="/home/runneradmin/.cache/go-build"
[32cf4c1f-de2e-455d-874e-12c994f1c340/build]   | GOENV="/home/runneradmin/.config/go/env"
[32cf4c1f-de2e-455d-874e-12c994f1c340/build]   | GOEXE=""
[32cf4c1f-de2e-455d-874e-12c994f1c340/build]   | GOEXPERIMENT=""
[32cf4c1f-de2e-455d-874e-12c994f1c340/build]   | GOFLAGS=""
[32cf4c1f-de2e-455d-874e-12c994f1c340/build]   | GOHOSTARCH="amd64"
[32cf4c1f-de2e-455d-874e-12c994f1c340/build]   | GOHOSTOS="linux"
[32cf4c1f-de2e-455d-874e-12c994f1c340/build]   | GOINSECURE=""
[32cf4c1f-de2e-455d-874e-12c994f1c340/build]   | GOMODCACHE="/home/runneradmin/go/pkg/mod"
[32cf4c1f-de2e-455d-874e-12c994f1c340/build]   | GONOPROXY=""
[32cf4c1f-de2e-455d-874e-12c994f1c340/build]   | GONOSUMDB=""
[32cf4c1f-de2e-455d-874e-12c994f1c340/build]   | GOOS="linux"
[32cf4c1f-de2e-455d-874e-12c994f1c340/build]   | GOPATH="/home/runneradmin/go"
[32cf4c1f-de2e-455d-874e-12c994f1c340/build]   | GOPRIVATE=""
[32cf4c1f-de2e-455d-874e-12c994f1c340/build]   | GOPROXY="https://proxy.golang.org,direct"
[32cf4c1f-de2e-455d-874e-12c994f1c340/build]   | GOROOT="/opt/hostedtoolcache/go/1.18.10/x64"
[32cf4c1f-de2e-455d-874e-12c994f1c340/build]   | GOSUMDB="sum.golang.org"
[32cf4c1f-de2e-455d-874e-12c994f1c340/build]   | GOTMPDIR=""
[32cf4c1f-de2e-455d-874e-12c994f1c340/build]   | GOTOOLDIR="/opt/hostedtoolcache/go/1.18.10/x64/pkg/tool/linux_amd64"
[32cf4c1f-de2e-455d-874e-12c994f1c340/build]   | GOVCS=""
[32cf4c1f-de2e-455d-874e-12c994f1c340/build]   | GOVERSION="go1.18.10"
[32cf4c1f-de2e-455d-874e-12c994f1c340/build]   | GCCGO="gccgo"
[32cf4c1f-de2e-455d-874e-12c994f1c340/build]   | GOAMD64="v1"
[32cf4c1f-de2e-455d-874e-12c994f1c340/build]   | AR="ar"
[32cf4c1f-de2e-455d-874e-12c994f1c340/build]   | CC="gcc"
[32cf4c1f-de2e-455d-874e-12c994f1c340/build]   | CXX="g++"
[32cf4c1f-de2e-455d-874e-12c994f1c340/build]   | CGO_ENABLED="1"
[32cf4c1f-de2e-455d-874e-12c994f1c340/build]   | GOMOD="/tmp/6692d02e-3753-4ec1-8ea5-036a1190e1a7/go.mod"
[32cf4c1f-de2e-455d-874e-12c994f1c340/build]   | GOWORK=""
[32cf4c1f-de2e-455d-874e-12c994f1c340/build]   | CGO_CFLAGS="-g -O2"
[32cf4c1f-de2e-455d-874e-12c994f1c340/build]   | CGO_CPPFLAGS=""
[32cf4c1f-de2e-455d-874e-12c994f1c340/build]   | CGO_CXXFLAGS="-g -O2"
[32cf4c1f-de2e-455d-874e-12c994f1c340/build]   | CGO_FFLAGS="-g -O2"
[32cf4c1f-de2e-455d-874e-12c994f1c340/build]   | CGO_LDFLAGS="-g -O2"
[32cf4c1f-de2e-455d-874e-12c994f1c340/build]   | PKG_CONFIG="pkg-config"
[32cf4c1f-de2e-455d-874e-12c994f1c340/build]   | GOGCCFLAGS="-fPIC -m64 -pthread -fmessage-length=0 -fdebug-prefix-map=/tmp/go-build3535191310=/tmp/go-build -gno-record-gcc-switches"
[32cf4c1f-de2e-455d-874e-12c994f1c340/build]   | 
[32cf4c1f-de2e-455d-874e-12c994f1c340/build]   ❓  ::endgroup::
[32cf4c1f-de2e-455d-874e-12c994f1c340/build]   ✅  Success - Main Setup
[32cf4c1f-de2e-455d-874e-12c994f1c340/build]   ⚙  ::set-output:: go-version=1.18.10
[32cf4c1f-de2e-455d-874e-12c994f1c340/build]   ⚙  ::add-path:: /opt/hostedtoolcache/go/1.18.10/x64/bin
[32cf4c1f-de2e-455d-874e-12c994f1c340/build]   ⚙  ::add-path:: /home/runneradmin/go/bin
[32cf4c1f-de2e-455d-874e-12c994f1c340/build] unable to get git ref: failed to identify reference (tag/branch) for the checked-out revision '42566448853fb2e5da5aeae3399b666d28c9089f'
[32cf4c1f-de2e-455d-874e-12c994f1c340/build] unable to get git ref: failed to identify reference (tag/branch) for the checked-out revision '42566448853fb2e5da5aeae3399b666d28c9089f'
[32cf4c1f-de2e-455d-874e-12c994f1c340/build] unable to get git ref: failed to identify reference (tag/branch) for the checked-out revision '42566448853fb2e5da5aeae3399b666d28c9089f'
[32cf4c1f-de2e-455d-874e-12c994f1c340/build] unable to get git ref: failed to identify reference (tag/branch) for the checked-out revision '42566448853fb2e5da5aeae3399b666d28c9089f'
[32cf4c1f-de2e-455d-874e-12c994f1c340/build] unable to get git ref: failed to identify reference (tag/branch) for the checked-out revision '42566448853fb2e5da5aeae3399b666d28c9089f'
[32cf4c1f-de2e-455d-874e-12c994f1c340/build] ⭐ Run Main Build
[32cf4c1f-de2e-455d-874e-12c994f1c340/build] unable to get git ref: failed to identify reference (tag/branch) for the checked-out revision '42566448853fb2e5da5aeae3399b666d28c9089f'
[32cf4c1f-de2e-455d-874e-12c994f1c340/build] unable to get git ref: failed to identify reference (tag/branch) for the checked-out revision '42566448853fb2e5da5aeae3399b666d28c9089f'
[32cf4c1f-de2e-455d-874e-12c994f1c340/build] unable to get git ref: failed to identify reference (tag/branch) for the checked-out revision '42566448853fb2e5da5aeae3399b666d28c9089f'
[32cf4c1f-de2e-455d-874e-12c994f1c340/build] unable to get git ref: failed to identify reference (tag/branch) for the checked-out revision '42566448853fb2e5da5aeae3399b666d28c9089f'
[32cf4c1f-de2e-455d-874e-12c994f1c340/build]   🐳  docker exec cmd=[bash --noprofile --norc -e -o pipefail /var/run/act/workflow/2] user= workdir=
[32cf4c1f-de2e-455d-874e-12c994f1c340/build]   | go: downloading google.golang.org/grpc v1.52.0
[32cf4c1f-de2e-455d-874e-12c994f1c340/build]   | go: downloading go.opentelemetry.io/otel v1.11.2
[32cf4c1f-de2e-455d-874e-12c994f1c340/build]   | go: downloading github.com/pkg/errors v0.9.1
[32cf4c1f-de2e-455d-874e-12c994f1c340/build]   | go: downloading github.com/pterm/pterm v0.12.53
[32cf4c1f-de2e-455d-874e-12c994f1c340/build]   | go: downloading github.com/spf13/cobra v1.6.1
[32cf4c1f-de2e-455d-874e-12c994f1c340/build]   | go: downloading go.opentelemetry.io/otel/exporters/otlp/otlptrace/otlptracegrpc v1.11.2
[32cf4c1f-de2e-455d-874e-12c994f1c340/build]   | go: downloading go.opentelemetry.io/otel/exporters/otlp/otlptrace/otlptracehttp v1.11.2
[32cf4c1f-de2e-455d-874e-12c994f1c340/build]   | go: downloading go.opentelemetry.io/otel/trace v1.11.2
[32cf4c1f-de2e-455d-874e-12c994f1c340/build]   | go: downloading go.opentelemetry.io/otel/sdk v1.11.2
[32cf4c1f-de2e-455d-874e-12c994f1c340/build]   | go: downloading go.opentelemetry.io/proto/otlp v0.19.0
[32cf4c1f-de2e-455d-874e-12c994f1c340/build]   | go: downloading go.opentelemetry.io/otel/exporters/otlp/otlptrace v1.11.2
[32cf4c1f-de2e-455d-874e-12c994f1c340/build]   | go: downloading google.golang.org/protobuf v1.28.1
[32cf4c1f-de2e-455d-874e-12c994f1c340/build]   | go: downloading github.com/grpc-ecosystem/grpc-gateway/v2 v2.7.0
[32cf4c1f-de2e-455d-874e-12c994f1c340/build]   | go: downloading github.com/spf13/pflag v1.0.5
[32cf4c1f-de2e-455d-874e-12c994f1c340/build]   | go: downloading google.golang.org/genproto v0.0.0-20221118155620-16455021b5e6
[32cf4c1f-de2e-455d-874e-12c994f1c340/build]   | go: downloading go.opentelemetry.io/otel/exporters/otlp/internal/retry v1.11.2
[32cf4c1f-de2e-455d-874e-12c994f1c340/build]   | go: downloading github.com/go-logr/logr v1.2.3
[32cf4c1f-de2e-455d-874e-12c994f1c340/build]   | go: downloading golang.org/x/sys v0.3.0
[32cf4c1f-de2e-455d-874e-12c994f1c340/build]   | go: downloading github.com/go-logr/stdr v1.2.2
[32cf4c1f-de2e-455d-874e-12c994f1c340/build]   | go: downloading github.com/cenkalti/backoff/v4 v4.2.0
[32cf4c1f-de2e-455d-874e-12c994f1c340/build]   | go: downloading atomicgo.dev/keyboard v0.2.8
[32cf4c1f-de2e-455d-874e-12c994f1c340/build]   | go: downloading atomicgo.dev/cursor v0.1.1
[32cf4c1f-de2e-455d-874e-12c994f1c340/build]   | go: downloading github.com/mattn/go-runewidth v0.0.14
[32cf4c1f-de2e-455d-874e-12c994f1c340/build]   | go: downloading golang.org/x/term v0.3.0
[32cf4c1f-de2e-455d-874e-12c994f1c340/build]   | go: downloading github.com/lithammer/fuzzysearch v1.1.5
[32cf4c1f-de2e-455d-874e-12c994f1c340/build]   | go: downloading github.com/gookit/color v1.5.2
[32cf4c1f-de2e-455d-874e-12c994f1c340/build]   | go: downloading golang.org/x/text v0.6.0
[32cf4c1f-de2e-455d-874e-12c994f1c340/build]   | go: downloading github.com/rivo/uniseg v0.2.0
[32cf4c1f-de2e-455d-874e-12c994f1c340/build]   | go: downloading github.com/containerd/console v1.0.3
[32cf4c1f-de2e-455d-874e-12c994f1c340/build]   | go: downloading github.com/xo/terminfo v0.0.0-20210125001918-ca9a967f8778
[32cf4c1f-de2e-455d-874e-12c994f1c340/build]   | go: downloading golang.org/x/net v0.4.0
[32cf4c1f-de2e-455d-874e-12c994f1c340/build]   | go: downloading github.com/golang/protobuf v1.5.2
[32cf4c1f-de2e-455d-874e-12c994f1c340/build]   | github.com/rivo/uniseg
[32cf4c1f-de2e-455d-874e-12c994f1c340/build]   | atomicgo.dev/keyboard/internal
[32cf4c1f-de2e-455d-874e-12c994f1c340/build]   | google.golang.org/protobuf/internal/set
[32cf4c1f-de2e-455d-874e-12c994f1c340/build]   | google.golang.org/grpc/attributes
[32cf4c1f-de2e-455d-874e-12c994f1c340/build]   | google.golang.org/protobuf/internal/flags
[32cf4c1f-de2e-455d-874e-12c994f1c340/build]   | go.opentelemetry.io/otel/sdk/instrumentation
[32cf4c1f-de2e-455d-874e-12c994f1c340/build]   | google.golang.org/grpc/serviceconfig
[32cf4c1f-de2e-455d-874e-12c994f1c340/build]   | go.opentelemetry.io/otel/internal
[32cf4c1f-de2e-455d-874e-12c994f1c340/build]   | atomicgo.dev/keyboard/keys
[32cf4c1f-de2e-455d-874e-12c994f1c340/build]   | google.golang.org/protobuf/internal/pragma
[32cf4c1f-de2e-455d-874e-12c994f1c340/build]   | google.golang.org/grpc/internal/grpcsync
[32cf4c1f-de2e-455d-874e-12c994f1c340/build]   | google.golang.org/grpc/internal/buffer
[32cf4c1f-de2e-455d-874e-12c994f1c340/build]   | golang.org/x/text/internal/tag
[32cf4c1f-de2e-455d-874e-12c994f1c340/build]   | golang.org/x/text/transform
[32cf4c1f-de2e-455d-874e-12c994f1c340/build]   | go.opentelemetry.io/otel/internal/attribute
[32cf4c1f-de2e-455d-874e-12c994f1c340/build]   | google.golang.org/grpc/backoff
[32cf4c1f-de2e-455d-874e-12c994f1c340/build]   | google.golang.org/grpc/internal/grpcrand
[32cf4c1f-de2e-455d-874e-12c994f1c340/build]   | google.golang.org/grpc/keepalive
[32cf4c1f-de2e-455d-874e-12c994f1c340/build]   | google.golang.org/protobuf/internal/detrand
[32cf4c1f-de2e-455d-874e-12c994f1c340/build]   | google.golang.org/grpc/tap
[32cf4c1f-de2e-455d-874e-12c994f1c340/build]   | google.golang.org/grpc/internal/envconfig
[32cf4c1f-de2e-455d-874e-12c994f1c340/build]   | golang.org/x/sys/unix
[32cf4c1f-de2e-455d-874e-12c994f1c340/build]   | go.opentelemetry.io/otel/internal/baggage
[32cf4c1f-de2e-455d-874e-12c994f1c340/build]   | github.com/go-logr/logr
[32cf4c1f-de2e-455d-874e-12c994f1c340/build]   | github.com/cenkalti/backoff/v4
[32cf4c1f-de2e-455d-874e-12c994f1c340/build]   | github.com/grpc-ecosystem/grpc-gateway/v2/utilities
[32cf4c1f-de2e-455d-874e-12c994f1c340/build]   | google.golang.org/protobuf/internal/version
[32cf4c1f-de2e-455d-874e-12c994f1c340/build]   | google.golang.org/grpc/codes
[32cf4c1f-de2e-455d-874e-12c994f1c340/build]   | google.golang.org/grpc/internal/grpclog
[32cf4c1f-de2e-455d-874e-12c994f1c340/build]   | google.golang.org/grpc/metadata
[32cf4c1f-de2e-455d-874e-12c994f1c340/build]   | golang.org/x/net/internal/timeseries
[32cf4c1f-de2e-455d-874e-12c994f1c340/build]   | go.opentelemetry.io/otel/codes
[32cf4c1f-de2e-455d-874e-12c994f1c340/build]   | github.com/pkg/errors
[32cf4c1f-de2e-455d-874e-12c994f1c340/build]   | golang.org/x/net/http2/hpack
[32cf4c1f-de2e-455d-874e-12c994f1c340/build]   | golang.org/x/text/unicode/bidi
[32cf4c1f-de2e-455d-874e-12c994f1c340/build]   | github.com/xo/terminfo
[32cf4c1f-de2e-455d-874e-12c994f1c340/build]   | golang.org/x/text/internal/language
[32cf4c1f-de2e-455d-874e-12c994f1c340/build]   | atomicgo.dev/cursor
[32cf4c1f-de2e-455d-874e-12c994f1c340/build]   | github.com/spf13/pflag
[32cf4c1f-de2e-455d-874e-12c994f1c340/build]   | go.opentelemetry.io/otel/attribute
[32cf4c1f-de2e-455d-874e-12c994f1c340/build]   | github.com/mattn/go-runewidth
[32cf4c1f-de2e-455d-874e-12c994f1c340/build]   | google.golang.org/grpc/internal/backoff
[32cf4c1f-de2e-455d-874e-12c994f1c340/build]   | google.golang.org/protobuf/internal/errors
[32cf4c1f-de2e-455d-874e-12c994f1c340/build]   | golang.org/x/text/runes
[32cf4c1f-de2e-455d-874e-12c994f1c340/build]   | go.opentelemetry.io/otel/baggage
[32cf4c1f-de2e-455d-874e-12c994f1c340/build]   | golang.org/x/text/unicode/norm
[32cf4c1f-de2e-455d-874e-12c994f1c340/build]   | github.com/grpc-ecosystem/grpc-gateway/v2/internal/httprule
[32cf4c1f-de2e-455d-874e-12c994f1c340/build]   | google.golang.org/grpc/grpclog
[32cf4c1f-de2e-455d-874e-12c994f1c340/build]   | github.com/go-logr/logr/funcr
[32cf4c1f-de2e-455d-874e-12c994f1c340/build]   | google.golang.org/grpc/internal/balancerload
[32cf4c1f-de2e-455d-874e-12c994f1c340/build]   | google.golang.org/grpc/internal/grpcutil
[32cf4c1f-de2e-455d-874e-12c994f1c340/build]   | google.golang.org/grpc/stats
[32cf4c1f-de2e-455d-874e-12c994f1c340/build]   | go.opentelemetry.io/otel/exporters/otlp/internal/retry
[32cf4c1f-de2e-455d-874e-12c994f1c340/build]   | google.golang.org/protobuf/encoding/protowire
[32cf4c1f-de2e-455d-874e-12c994f1c340/build]   | golang.org/x/net/trace
[32cf4c1f-de2e-455d-874e-12c994f1c340/build]   | google.golang.org/grpc/encoding
[32cf4c1f-de2e-455d-874e-12c994f1c340/build]   | google.golang.org/protobuf/reflect/protoreflect
[32cf4c1f-de2e-455d-874e-12c994f1c340/build]   | google.golang.org/grpc/encoding/gzip
[32cf4c1f-de2e-455d-874e-12c994f1c340/build]   | google.golang.org/grpc/connectivity
[32cf4c1f-de2e-455d-874e-12c994f1c340/build]   | google.golang.org/grpc/internal/credentials
[32cf4c1f-de2e-455d-874e-12c994f1c340/build]   | go.opentelemetry.io/otel/trace
[32cf4c1f-de2e-455d-874e-12c994f1c340/build]   | github.com/go-logr/stdr
[32cf4c1f-de2e-455d-874e-12c994f1c340/build]   | github.com/gookit/color
[32cf4c1f-de2e-455d-874e-12c994f1c340/build]   | golang.org/x/text/secure/bidirule
[32cf4c1f-de2e-455d-874e-12c994f1c340/build]   | golang.org/x/text/internal/language/compact
[32cf4c1f-de2e-455d-874e-12c994f1c340/build]   | go.opentelemetry.io/otel/semconv/internal
[32cf4c1f-de2e-455d-874e-12c994f1c340/build]   | go.opentelemetry.io/otel/propagation
[32cf4c1f-de2e-455d-874e-12c994f1c340/build]   | google.golang.org/protobuf/internal/descfmt
[32cf4c1f-de2e-455d-874e-12c994f1c340/build]   | google.golang.org/protobuf/internal/descopts
[32cf4c1f-de2e-455d-874e-12c994f1c340/build]   | google.golang.org/protobuf/internal/encoding/messageset
[32cf4c1f-de2e-455d-874e-12c994f1c340/build]   | google.golang.org/protobuf/internal/strs
[32cf4c1f-de2e-455d-874e-12c994f1c340/build]   | google.golang.org/protobuf/internal/order
[32cf4c1f-de2e-455d-874e-12c994f1c340/build]   | google.golang.org/protobuf/runtime/protoiface
[32cf4c1f-de2e-455d-874e-12c994f1c340/build]   | google.golang.org/protobuf/internal/genid
[32cf4c1f-de2e-455d-874e-12c994f1c340/build]   | google.golang.org/protobuf/reflect/protoregistry
[32cf4c1f-de2e-455d-874e-12c994f1c340/build]   | google.golang.org/protobuf/internal/encoding/json
[32cf4c1f-de2e-455d-874e-12c994f1c340/build]   | google.golang.org/protobuf/internal/encoding/text
[32cf4c1f-de2e-455d-874e-12c994f1c340/build]   | go.opentelemetry.io/otel/internal/global
[32cf4c1f-de2e-455d-874e-12c994f1c340/build]   | golang.org/x/text/language
[32cf4c1f-de2e-455d-874e-12c994f1c340/build]   | go.opentelemetry.io/otel/semconv/v1.12.0
[32cf4c1f-de2e-455d-874e-12c994f1c340/build]   | go.opentelemetry.io/otel/semconv/v1.4.0
[32cf4c1f-de2e-455d-874e-12c994f1c340/build]   | go.opentelemetry.io/otel/exporters/otlp/internal/envconfig
[32cf4c1f-de2e-455d-874e-12c994f1c340/build]   | go.opentelemetry.io/otel/sdk/internal/env
[32cf4c1f-de2e-455d-874e-12c994f1c340/build]   | go.opentelemetry.io/otel
[32cf4c1f-de2e-455d-874e-12c994f1c340/build]   | github.com/lithammer/fuzzysearch/fuzzy
[32cf4c1f-de2e-455d-874e-12c994f1c340/build]   | golang.org/x/net/idna
[32cf4c1f-de2e-455d-874e-12c994f1c340/build]   | github.com/spf13/cobra
[32cf4c1f-de2e-455d-874e-12c994f1c340/build]   | github.com/pterm/pterm/internal
[32cf4c1f-de2e-455d-874e-12c994f1c340/build]   | google.golang.org/protobuf/proto
[32cf4c1f-de2e-455d-874e-12c994f1c340/build]   | go.opentelemetry.io/otel/sdk/internal
[32cf4c1f-de2e-455d-874e-12c994f1c340/build]   | go.opentelemetry.io/otel/exporters/otlp/internal
[32cf4c1f-de2e-455d-874e-12c994f1c340/build]   | google.golang.org/protobuf/internal/encoding/defval
[32cf4c1f-de2e-455d-874e-12c994f1c340/build]   | golang.org/x/text/internal
[32cf4c1f-de2e-455d-874e-12c994f1c340/build]   | golang.org/x/text/cases
[32cf4c1f-de2e-455d-874e-12c994f1c340/build]   | github.com/containerd/console
[32cf4c1f-de2e-455d-874e-12c994f1c340/build]   | golang.org/x/term
[32cf4c1f-de2e-455d-874e-12c994f1c340/build]   | go.opentelemetry.io/otel/sdk/resource
[32cf4c1f-de2e-455d-874e-12c994f1c340/build]   | google.golang.org/grpc/internal/syscall
[32cf4c1f-de2e-455d-874e-12c994f1c340/build]   | golang.org/x/net/http/httpguts
[32cf4c1f-de2e-455d-874e-12c994f1c340/build]   | google.golang.org/protobuf/encoding/prototext
[32cf4c1f-de2e-455d-874e-12c994f1c340/build]   | google.golang.org/protobuf/internal/filedesc
[32cf4c1f-de2e-455d-874e-12c994f1c340/build]   | golang.org/x/net/http2
[32cf4c1f-de2e-455d-874e-12c994f1c340/build]   | atomicgo.dev/keyboard
[32cf4c1f-de2e-455d-874e-12c994f1c340/build]   | github.com/pterm/pterm
[32cf4c1f-de2e-455d-874e-12c994f1c340/build]   | go.opentelemetry.io/otel/sdk/trace
[32cf4c1f-de2e-455d-874e-12c994f1c340/build]   | google.golang.org/protobuf/internal/encoding/tag
[32cf4c1f-de2e-455d-874e-12c994f1c340/build]   | google.golang.org/protobuf/encoding/protojson
[32cf4c1f-de2e-455d-874e-12c994f1c340/build]   | google.golang.org/protobuf/internal/impl
[32cf4c1f-de2e-455d-874e-12c994f1c340/build]   | google.golang.org/protobuf/internal/filetype
[32cf4c1f-de2e-455d-874e-12c994f1c340/build]   | google.golang.org/protobuf/runtime/protoimpl
[32cf4c1f-de2e-455d-874e-12c994f1c340/build]   | google.golang.org/protobuf/types/known/fieldmaskpb
[32cf4c1f-de2e-455d-874e-12c994f1c340/build]   | google.golang.org/protobuf/types/known/durationpb
[32cf4c1f-de2e-455d-874e-12c994f1c340/build]   | google.golang.org/protobuf/types/known/timestamppb
[32cf4c1f-de2e-455d-874e-12c994f1c340/build]   | google.golang.org/protobuf/types/known/wrapperspb
[32cf4c1f-de2e-455d-874e-12c994f1c340/build]   | google.golang.org/protobuf/types/descriptorpb
[32cf4c1f-de2e-455d-874e-12c994f1c340/build]   | go.opentelemetry.io/proto/otlp/common/v1
[32cf4c1f-de2e-455d-874e-12c994f1c340/build]   | google.golang.org/protobuf/types/known/anypb
[32cf4c1f-de2e-455d-874e-12c994f1c340/build]   | github.com/golang/protobuf/ptypes/duration
[32cf4c1f-de2e-455d-874e-12c994f1c340/build]   | google.golang.org/genproto/googleapis/rpc/errdetails
[32cf4c1f-de2e-455d-874e-12c994f1c340/build]   | google.golang.org/genproto/googleapis/rpc/status
[32cf4c1f-de2e-455d-874e-12c994f1c340/build]   | github.com/golang/protobuf/ptypes/any
[32cf4c1f-de2e-455d-874e-12c994f1c340/build]   | google.golang.org/genproto/googleapis/api/httpbody
[32cf4c1f-de2e-455d-874e-12c994f1c340/build]   | google.golang.org/genproto/protobuf/field_mask
[32cf4c1f-de2e-455d-874e-12c994f1c340/build]   | go.opentelemetry.io/proto/otlp/resource/v1
[32cf4c1f-de2e-455d-874e-12c994f1c340/build]   | google.golang.org/grpc/binarylog/grpc_binarylog_v1
[32cf4c1f-de2e-455d-874e-12c994f1c340/build]   | github.com/golang/protobuf/ptypes/timestamp
[32cf4c1f-de2e-455d-874e-12c994f1c340/build]   | go.opentelemetry.io/proto/otlp/trace/v1
[32cf4c1f-de2e-455d-874e-12c994f1c340/build]   | google.golang.org/protobuf/reflect/protodesc
[32cf4c1f-de2e-455d-874e-12c994f1c340/build]   | go.opentelemetry.io/otel/exporters/otlp/otlptrace/internal/tracetransform
[32cf4c1f-de2e-455d-874e-12c994f1c340/build]   | go.opentelemetry.io/otel/exporters/otlp/otlptrace
[32cf4c1f-de2e-455d-874e-12c994f1c340/build]   | github.com/golang/protobuf/proto
[32cf4c1f-de2e-455d-874e-12c994f1c340/build]   | github.com/golang/protobuf/ptypes
[32cf4c1f-de2e-455d-874e-12c994f1c340/build]   | google.golang.org/grpc/credentials
[32cf4c1f-de2e-455d-874e-12c994f1c340/build]   | github.com/golang/protobuf/jsonpb
[32cf4c1f-de2e-455d-874e-12c994f1c340/build]   | google.golang.org/grpc/encoding/proto
[32cf4c1f-de2e-455d-874e-12c994f1c340/build]   | google.golang.org/grpc/internal/status
[32cf4c1f-de2e-455d-874e-12c994f1c340/build]   | google.golang.org/grpc/credentials/insecure
[32cf4c1f-de2e-455d-874e-12c994f1c340/build]   | google.golang.org/grpc/internal/channelz
[32cf4c1f-de2e-455d-874e-12c994f1c340/build]   | google.golang.org/grpc/peer
[32cf4c1f-de2e-455d-874e-12c994f1c340/build]   | google.golang.org/grpc/status
[32cf4c1f-de2e-455d-874e-12c994f1c340/build]   | google.golang.org/grpc/internal/pretty
[32cf4c1f-de2e-455d-874e-12c994f1c340/build]   | google.golang.org/grpc/resolver
[32cf4c1f-de2e-455d-874e-12c994f1c340/build]   | google.golang.org/grpc/internal/binarylog
[32cf4c1f-de2e-455d-874e-12c994f1c340/build]   | github.com/grpc-ecosystem/grpc-gateway/v2/runtime
[32cf4c1f-de2e-455d-874e-12c994f1c340/build]   | google.golang.org/grpc/internal
[32cf4c1f-de2e-455d-874e-12c994f1c340/build]   | google.golang.org/grpc/internal/metadata
[32cf4c1f-de2e-455d-874e-12c994f1c340/build]   | google.golang.org/grpc/balancer/grpclb/grpclbstate
[32cf4c1f-de2e-455d-874e-12c994f1c340/build]   | google.golang.org/grpc/internal/resolver/passthrough
[32cf4c1f-de2e-455d-874e-12c994f1c340/build]   | google.golang.org/grpc/internal/transport/networktype
[32cf4c1f-de2e-455d-874e-12c994f1c340/build]   | google.golang.org/grpc/channelz
[32cf4c1f-de2e-455d-874e-12c994f1c340/build]   | google.golang.org/grpc/internal/resolver/unix
[32cf4c1f-de2e-455d-874e-12c994f1c340/build]   | google.golang.org/grpc/internal/resolver/dns
[32cf4c1f-de2e-455d-874e-12c994f1c340/build]   | google.golang.org/grpc/balancer
[32cf4c1f-de2e-455d-874e-12c994f1c340/build]   | google.golang.org/grpc/internal/transport
[32cf4c1f-de2e-455d-874e-12c994f1c340/build]   | google.golang.org/grpc/balancer/base
[32cf4c1f-de2e-455d-874e-12c994f1c340/build]   | google.golang.org/grpc/internal/serviceconfig
[32cf4c1f-de2e-455d-874e-12c994f1c340/build]   | google.golang.org/grpc/internal/resolver
[32cf4c1f-de2e-455d-874e-12c994f1c340/build]   | google.golang.org/grpc/balancer/roundrobin
[32cf4c1f-de2e-455d-874e-12c994f1c340/build]   | google.golang.org/grpc/internal/balancer/gracefulswitch
[32cf4c1f-de2e-455d-874e-12c994f1c340/build]   | google.golang.org/grpc
[32cf4c1f-de2e-455d-874e-12c994f1c340/build]   | go.opentelemetry.io/proto/otlp/collector/trace/v1
[32cf4c1f-de2e-455d-874e-12c994f1c340/build]   | go.opentelemetry.io/otel/exporters/otlp/otlptrace/internal/otlpconfig
[32cf4c1f-de2e-455d-874e-12c994f1c340/build]   | github.com/equinix-labs/otel-cli/otlpserver
[32cf4c1f-de2e-455d-874e-12c994f1c340/build]   | go.opentelemetry.io/otel/exporters/otlp/otlptrace/otlptracegrpc
[32cf4c1f-de2e-455d-874e-12c994f1c340/build]   | go.opentelemetry.io/otel/exporters/otlp/otlptrace/otlptracehttp
[32cf4c1f-de2e-455d-874e-12c994f1c340/build]   | github.com/equinix-labs/otel-cli/otelcli
[32cf4c1f-de2e-455d-874e-12c994f1c340/build]   | github.com/equinix-labs/otel-cli
[32cf4c1f-de2e-455d-874e-12c994f1c340/build]   ✅  Success - Main Build
[32cf4c1f-de2e-455d-874e-12c994f1c340/build] unable to get git ref: failed to identify reference (tag/branch) for the checked-out revision '42566448853fb2e5da5aeae3399b666d28c9089f'
[32cf4c1f-de2e-455d-874e-12c994f1c340/build] unable to get git ref: failed to identify reference (tag/branch) for the checked-out revision '42566448853fb2e5da5aeae3399b666d28c9089f'
[32cf4c1f-de2e-455d-874e-12c994f1c340/build] unable to get git ref: failed to identify reference (tag/branch) for the checked-out revision '42566448853fb2e5da5aeae3399b666d28c9089f'
[32cf4c1f-de2e-455d-874e-12c994f1c340/build] unable to get git ref: failed to identify reference (tag/branch) for the checked-out revision '42566448853fb2e5da5aeae3399b666d28c9089f'
[32cf4c1f-de2e-455d-874e-12c994f1c340/build] unable to get git ref: failed to identify reference (tag/branch) for the checked-out revision '42566448853fb2e5da5aeae3399b666d28c9089f'
[32cf4c1f-de2e-455d-874e-12c994f1c340/build] ⭐ Run Main Test
[32cf4c1f-de2e-455d-874e-12c994f1c340/build] unable to get git ref: failed to identify reference (tag/branch) for the checked-out revision '42566448853fb2e5da5aeae3399b666d28c9089f'
[32cf4c1f-de2e-455d-874e-12c994f1c340/build] unable to get git ref: failed to identify reference (tag/branch) for the checked-out revision '42566448853fb2e5da5aeae3399b666d28c9089f'
[32cf4c1f-de2e-455d-874e-12c994f1c340/build] unable to get git ref: failed to identify reference (tag/branch) for the checked-out revision '42566448853fb2e5da5aeae3399b666d28c9089f'
[32cf4c1f-de2e-455d-874e-12c994f1c340/build] unable to get git ref: failed to identify reference (tag/branch) for the checked-out revision '42566448853fb2e5da5aeae3399b666d28c9089f'
[32cf4c1f-de2e-455d-874e-12c994f1c340/build]   🐳  docker exec cmd=[bash --noprofile --norc -e -o pipefail /var/run/act/workflow/3] user= workdir=
[32cf4c1f-de2e-455d-874e-12c994f1c340/build]   | go: downloading github.com/jstemmer/go-junit-report/v2 v2.0.0
[32cf4c1f-de2e-455d-874e-12c994f1c340/build]   ✅  Success - Main Test
[32cf4c1f-de2e-455d-874e-12c994f1c340/build] unable to get git ref: failed to identify reference (tag/branch) for the checked-out revision '42566448853fb2e5da5aeae3399b666d28c9089f'
[32cf4c1f-de2e-455d-874e-12c994f1c340/build] unable to get git ref: failed to identify reference (tag/branch) for the checked-out revision '42566448853fb2e5da5aeae3399b666d28c9089f'
[32cf4c1f-de2e-455d-874e-12c994f1c340/build] unable to get git ref: failed to identify reference (tag/branch) for the checked-out revision '42566448853fb2e5da5aeae3399b666d28c9089f'
[32cf4c1f-de2e-455d-874e-12c994f1c340/build] unable to get git ref: failed to identify reference (tag/branch) for the checked-out revision '42566448853fb2e5da5aeae3399b666d28c9089f'
[32cf4c1f-de2e-455d-874e-12c994f1c340/build] unable to get git ref: failed to identify reference (tag/branch) for the checked-out revision '42566448853fb2e5da5aeae3399b666d28c9089f'
[32cf4c1f-de2e-455d-874e-12c994f1c340/build] ⭐ Run Post Setup
[32cf4c1f-de2e-455d-874e-12c994f1c340/build]   🐳  docker exec cmd=[node /var/run/act/actions/actions-setup-go@v3/dist/cache-save/index.js] user= workdir=
[32cf4c1f-de2e-455d-874e-12c994f1c340/build]   ✅  Success - Post Setup
[32cf4c1f-de2e-455d-874e-12c994f1c340/build] 🏁  Job succeeded
[32cf4c1f-de2e-455d-874e-12c994f1c340/build] unable to get git ref: failed to identify reference (tag/branch) for the checked-out revision '42566448853fb2e5da5aeae3399b666d28c9089f'
