[b73fe8f9-d7ee-4f90-a1f4-27c8ee404c00/build] 🚀  Start image=crawlergpt:latest
[b73fe8f9-d7ee-4f90-a1f4-27c8ee404c00/build]   🐳  docker pull image=crawlergpt:latest platform= username= forcePull=false
[b73fe8f9-d7ee-4f90-a1f4-27c8ee404c00/build]   🐳  docker create image=crawlergpt:latest platform= entrypoint=["tail" "-f" "/dev/null"] cmd=[]
[b73fe8f9-d7ee-4f90-a1f4-27c8ee404c00/build]   🐳  docker run image=crawlergpt:latest platform= entrypoint=["tail" "-f" "/dev/null"] cmd=[]
[b73fe8f9-d7ee-4f90-a1f4-27c8ee404c00/build]   🐳  docker exec cmd=[chown -R 1012:1013 /tmp/6692d02e-3753-4ec1-8ea5-036a1190e1a7] user=0 workdir=
[b73fe8f9-d7ee-4f90-a1f4-27c8ee404c00/build] unable to get git ref: failed to identify reference (tag/branch) for the checked-out revision '99c92429e9a2972552ccd48b9ad8bbfc80aab818'
[b73fe8f9-d7ee-4f90-a1f4-27c8ee404c00/build] unable to get git ref: failed to identify reference (tag/branch) for the checked-out revision '99c92429e9a2972552ccd48b9ad8bbfc80aab818'
[b73fe8f9-d7ee-4f90-a1f4-27c8ee404c00/build] unable to get git ref: failed to identify reference (tag/branch) for the checked-out revision '99c92429e9a2972552ccd48b9ad8bbfc80aab818'
[b73fe8f9-d7ee-4f90-a1f4-27c8ee404c00/build] unable to get git ref: failed to identify reference (tag/branch) for the checked-out revision '99c92429e9a2972552ccd48b9ad8bbfc80aab818'
[b73fe8f9-d7ee-4f90-a1f4-27c8ee404c00/build] unable to get git ref: failed to identify reference (tag/branch) for the checked-out revision '99c92429e9a2972552ccd48b9ad8bbfc80aab818'
[b73fe8f9-d7ee-4f90-a1f4-27c8ee404c00/build] unable to get git ref: failed to identify reference (tag/branch) for the checked-out revision '99c92429e9a2972552ccd48b9ad8bbfc80aab818'
[b73fe8f9-d7ee-4f90-a1f4-27c8ee404c00/build] unable to get git ref: failed to identify reference (tag/branch) for the checked-out revision '99c92429e9a2972552ccd48b9ad8bbfc80aab818'
[b73fe8f9-d7ee-4f90-a1f4-27c8ee404c00/build] unable to get git ref: failed to identify reference (tag/branch) for the checked-out revision '99c92429e9a2972552ccd48b9ad8bbfc80aab818'
[b73fe8f9-d7ee-4f90-a1f4-27c8ee404c00/build] unable to get git ref: failed to identify reference (tag/branch) for the checked-out revision '99c92429e9a2972552ccd48b9ad8bbfc80aab818'
[b73fe8f9-d7ee-4f90-a1f4-27c8ee404c00/build] ⭐ Run Main Checkout code
[b73fe8f9-d7ee-4f90-a1f4-27c8ee404c00/build] unable to get git ref: failed to identify reference (tag/branch) for the checked-out revision '99c92429e9a2972552ccd48b9ad8bbfc80aab818'
[b73fe8f9-d7ee-4f90-a1f4-27c8ee404c00/build] unable to get git ref: failed to identify reference (tag/branch) for the checked-out revision '99c92429e9a2972552ccd48b9ad8bbfc80aab818'
[b73fe8f9-d7ee-4f90-a1f4-27c8ee404c00/build]   🐳  docker cp src=/tmp/6692d02e-3753-4ec1-8ea5-036a1190e1a7/. dst=/tmp/6692d02e-3753-4ec1-8ea5-036a1190e1a7
[b73fe8f9-d7ee-4f90-a1f4-27c8ee404c00/build]   🐳  docker exec cmd=[chown -R 1012:1013 /tmp/6692d02e-3753-4ec1-8ea5-036a1190e1a7] user=0 workdir=
[b73fe8f9-d7ee-4f90-a1f4-27c8ee404c00/build]   ✅  Success - Main Checkout code
[b73fe8f9-d7ee-4f90-a1f4-27c8ee404c00/build] unable to get git ref: failed to identify reference (tag/branch) for the checked-out revision '99c92429e9a2972552ccd48b9ad8bbfc80aab818'
[b73fe8f9-d7ee-4f90-a1f4-27c8ee404c00/build] unable to get git ref: failed to identify reference (tag/branch) for the checked-out revision '99c92429e9a2972552ccd48b9ad8bbfc80aab818'
[b73fe8f9-d7ee-4f90-a1f4-27c8ee404c00/build] unable to get git ref: failed to identify reference (tag/branch) for the checked-out revision '99c92429e9a2972552ccd48b9ad8bbfc80aab818'
[b73fe8f9-d7ee-4f90-a1f4-27c8ee404c00/build] unable to get git ref: failed to identify reference (tag/branch) for the checked-out revision '99c92429e9a2972552ccd48b9ad8bbfc80aab818'
[b73fe8f9-d7ee-4f90-a1f4-27c8ee404c00/build] unable to get git ref: failed to identify reference (tag/branch) for the checked-out revision '99c92429e9a2972552ccd48b9ad8bbfc80aab818'
[b73fe8f9-d7ee-4f90-a1f4-27c8ee404c00/build] ⭐ Run Main Setup
[b73fe8f9-d7ee-4f90-a1f4-27c8ee404c00/build] unable to get git ref: failed to identify reference (tag/branch) for the checked-out revision '99c92429e9a2972552ccd48b9ad8bbfc80aab818'
[b73fe8f9-d7ee-4f90-a1f4-27c8ee404c00/build] unable to get git ref: failed to identify reference (tag/branch) for the checked-out revision '99c92429e9a2972552ccd48b9ad8bbfc80aab818'
[b73fe8f9-d7ee-4f90-a1f4-27c8ee404c00/build] unable to get git ref: failed to identify reference (tag/branch) for the checked-out revision '99c92429e9a2972552ccd48b9ad8bbfc80aab818'
[b73fe8f9-d7ee-4f90-a1f4-27c8ee404c00/build]   🐳  docker cp src=/tmp/act-cache/cd3ef278-6a29-4abb-99f6-40d025591bb7/act/actions-setup-go@v3/ dst=/var/run/act/actions/actions-setup-go@v3/
[b73fe8f9-d7ee-4f90-a1f4-27c8ee404c00/build]   🐳  docker exec cmd=[chown -R 1012:1013 /var/run/act/actions/actions-setup-go@v3/] user=0 workdir=
[b73fe8f9-d7ee-4f90-a1f4-27c8ee404c00/build]   🐳  docker exec cmd=[node /var/run/act/actions/actions-setup-go@v3/dist/setup/index.js] user= workdir=
[b73fe8f9-d7ee-4f90-a1f4-27c8ee404c00/build]   | Setup go version spec 1.18
[b73fe8f9-d7ee-4f90-a1f4-27c8ee404c00/build]   💬  ::debug::isExplicit: 
[b73fe8f9-d7ee-4f90-a1f4-27c8ee404c00/build]   💬  ::debug::explicit? false
[b73fe8f9-d7ee-4f90-a1f4-27c8ee404c00/build]   💬  ::debug::isExplicit: 1.14.15
[b73fe8f9-d7ee-4f90-a1f4-27c8ee404c00/build]   💬  ::debug::explicit? true
[b73fe8f9-d7ee-4f90-a1f4-27c8ee404c00/build]   💬  ::debug::isExplicit: 1.15.15
[b73fe8f9-d7ee-4f90-a1f4-27c8ee404c00/build]   💬  ::debug::explicit? true
[b73fe8f9-d7ee-4f90-a1f4-27c8ee404c00/build]   💬  ::debug::isExplicit: 1.16.7
[b73fe8f9-d7ee-4f90-a1f4-27c8ee404c00/build]   💬  ::debug::explicit? true
[b73fe8f9-d7ee-4f90-a1f4-27c8ee404c00/build]   💬  ::debug::evaluating 3 versions
[b73fe8f9-d7ee-4f90-a1f4-27c8ee404c00/build]   💬  ::debug::match not found
[b73fe8f9-d7ee-4f90-a1f4-27c8ee404c00/build]   | Attempting to download 1.18...
[b73fe8f9-d7ee-4f90-a1f4-27c8ee404c00/build]   💬  ::debug::No manifest cached
[b73fe8f9-d7ee-4f90-a1f4-27c8ee404c00/build]   💬  ::debug::set auth
[b73fe8f9-d7ee-4f90-a1f4-27c8ee404c00/build]   | matching 1.18...
[b73fe8f9-d7ee-4f90-a1f4-27c8ee404c00/build]   💬  ::debug::check 1.21.3 satisfies 1.18
[b73fe8f9-d7ee-4f90-a1f4-27c8ee404c00/build]   💬  ::debug::check 1.21.2 satisfies 1.18
[b73fe8f9-d7ee-4f90-a1f4-27c8ee404c00/build]   💬  ::debug::check 1.21.1 satisfies 1.18
[b73fe8f9-d7ee-4f90-a1f4-27c8ee404c00/build]   💬  ::debug::check 1.21.0 satisfies 1.18
[b73fe8f9-d7ee-4f90-a1f4-27c8ee404c00/build]   💬  ::debug::check 1.20.10 satisfies 1.18
[b73fe8f9-d7ee-4f90-a1f4-27c8ee404c00/build]   💬  ::debug::check 1.20.9 satisfies 1.18
[b73fe8f9-d7ee-4f90-a1f4-27c8ee404c00/build]   💬  ::debug::check 1.20.8 satisfies 1.18
[b73fe8f9-d7ee-4f90-a1f4-27c8ee404c00/build]   💬  ::debug::check 1.20.7 satisfies 1.18
[b73fe8f9-d7ee-4f90-a1f4-27c8ee404c00/build]   💬  ::debug::check 1.20.6 satisfies 1.18
[b73fe8f9-d7ee-4f90-a1f4-27c8ee404c00/build]   💬  ::debug::check 1.20.5 satisfies 1.18
[b73fe8f9-d7ee-4f90-a1f4-27c8ee404c00/build]   💬  ::debug::check 1.20.4 satisfies 1.18
[b73fe8f9-d7ee-4f90-a1f4-27c8ee404c00/build]   💬  ::debug::check 1.20.3 satisfies 1.18
[b73fe8f9-d7ee-4f90-a1f4-27c8ee404c00/build]   💬  ::debug::check 1.20.2 satisfies 1.18
[b73fe8f9-d7ee-4f90-a1f4-27c8ee404c00/build]   💬  ::debug::check 1.20.1 satisfies 1.18
[b73fe8f9-d7ee-4f90-a1f4-27c8ee404c00/build]   💬  ::debug::check 1.20.0 satisfies 1.18
[b73fe8f9-d7ee-4f90-a1f4-27c8ee404c00/build]   💬  ::debug::check 1.19.13 satisfies 1.18
[b73fe8f9-d7ee-4f90-a1f4-27c8ee404c00/build]   💬  ::debug::check 1.19.12 satisfies 1.18
[b73fe8f9-d7ee-4f90-a1f4-27c8ee404c00/build]   💬  ::debug::check 1.19.11 satisfies 1.18
[b73fe8f9-d7ee-4f90-a1f4-27c8ee404c00/build]   💬  ::debug::check 1.19.10 satisfies 1.18
[b73fe8f9-d7ee-4f90-a1f4-27c8ee404c00/build]   💬  ::debug::check 1.19.9 satisfies 1.18
[b73fe8f9-d7ee-4f90-a1f4-27c8ee404c00/build]   💬  ::debug::check 1.19.8 satisfies 1.18
[b73fe8f9-d7ee-4f90-a1f4-27c8ee404c00/build]   💬  ::debug::check 1.19.7 satisfies 1.18
[b73fe8f9-d7ee-4f90-a1f4-27c8ee404c00/build]   💬  ::debug::check 1.19.6 satisfies 1.18
[b73fe8f9-d7ee-4f90-a1f4-27c8ee404c00/build]   💬  ::debug::check 1.19.5 satisfies 1.18
[b73fe8f9-d7ee-4f90-a1f4-27c8ee404c00/build]   💬  ::debug::check 1.19.4 satisfies 1.18
[b73fe8f9-d7ee-4f90-a1f4-27c8ee404c00/build]   💬  ::debug::check 1.19.3 satisfies 1.18
[b73fe8f9-d7ee-4f90-a1f4-27c8ee404c00/build]   💬  ::debug::check 1.19.2 satisfies 1.18
[b73fe8f9-d7ee-4f90-a1f4-27c8ee404c00/build]   💬  ::debug::check 1.19.1 satisfies 1.18
[b73fe8f9-d7ee-4f90-a1f4-27c8ee404c00/build]   💬  ::debug::check 1.19.0 satisfies 1.18
[b73fe8f9-d7ee-4f90-a1f4-27c8ee404c00/build]   💬  ::debug::check 1.18.10 satisfies 1.18
[b73fe8f9-d7ee-4f90-a1f4-27c8ee404c00/build]   💬  ::debug::x64===x64 && darwin===linux
[b73fe8f9-d7ee-4f90-a1f4-27c8ee404c00/build]   💬  ::debug::x64===x64 && linux===linux
[b73fe8f9-d7ee-4f90-a1f4-27c8ee404c00/build]   💬  ::debug::matched 1.18.10
[b73fe8f9-d7ee-4f90-a1f4-27c8ee404c00/build]   | Acquiring 1.18.10 from https://github.com/actions/go-versions/releases/download/1.18.10-3890634278/go-1.18.10-linux-x64.tar.gz
[b73fe8f9-d7ee-4f90-a1f4-27c8ee404c00/build]   💬  ::debug::Downloading https://github.com/actions/go-versions/releases/download/1.18.10-3890634278/go-1.18.10-linux-x64.tar.gz
[b73fe8f9-d7ee-4f90-a1f4-27c8ee404c00/build]   💬  ::debug::Destination /tmp/c8ef9e7b-bf96-47c3-8a92-80ad1fb99185
[b73fe8f9-d7ee-4f90-a1f4-27c8ee404c00/build]   💬  ::debug::set auth
[b73fe8f9-d7ee-4f90-a1f4-27c8ee404c00/build]   💬  ::debug::download complete
[b73fe8f9-d7ee-4f90-a1f4-27c8ee404c00/build]   | Extracting Go...
[b73fe8f9-d7ee-4f90-a1f4-27c8ee404c00/build]   💬  ::debug::Checking tar --version
[b73fe8f9-d7ee-4f90-a1f4-27c8ee404c00/build]   💬  ::debug::tar (GNU tar) 1.30%0ACopyright (C) 2017 Free Software Foundation, Inc.%0ALicense GPLv3+: GNU GPL version 3 or later <https://gnu.org/licenses/gpl.html>.%0AThis is free software: you are free to change and redistribute it.%0AThere is NO WARRANTY, to the extent permitted by law.%0A%0AWritten by John Gilmore and Jay Fenlason.
[b73fe8f9-d7ee-4f90-a1f4-27c8ee404c00/build]   | [command]/usr/bin/tar xz --warning=no-unknown-keyword --overwrite -C /tmp/e3e1aac6-0cf8-4106-9289-aae1b2cc194e -f /tmp/c8ef9e7b-bf96-47c3-8a92-80ad1fb99185
[b73fe8f9-d7ee-4f90-a1f4-27c8ee404c00/build]   | Successfully extracted go to /tmp/e3e1aac6-0cf8-4106-9289-aae1b2cc194e
[b73fe8f9-d7ee-4f90-a1f4-27c8ee404c00/build]   | Adding to the cache ...
[b73fe8f9-d7ee-4f90-a1f4-27c8ee404c00/build]   💬  ::debug::Caching tool go 1.18.10 x64
[b73fe8f9-d7ee-4f90-a1f4-27c8ee404c00/build]   💬  ::debug::source dir: /tmp/e3e1aac6-0cf8-4106-9289-aae1b2cc194e
[b73fe8f9-d7ee-4f90-a1f4-27c8ee404c00/build]   💬  ::debug::destination /opt/hostedtoolcache/go/1.18.10/x64
[b73fe8f9-d7ee-4f90-a1f4-27c8ee404c00/build]   💬  ::debug::finished caching tool
[b73fe8f9-d7ee-4f90-a1f4-27c8ee404c00/build]   | Successfully cached go to /opt/hostedtoolcache/go/1.18.10/x64
[b73fe8f9-d7ee-4f90-a1f4-27c8ee404c00/build]   | Added go to the path
[b73fe8f9-d7ee-4f90-a1f4-27c8ee404c00/build]   💬  ::debug::which go :/opt/hostedtoolcache/go/1.18.10/x64/bin/go:
[b73fe8f9-d7ee-4f90-a1f4-27c8ee404c00/build]   💬  ::debug::go env GOPATH :/home/runneradmin/go:
[b73fe8f9-d7ee-4f90-a1f4-27c8ee404c00/build]   💬  ::debug::creating /home/runneradmin/go
[b73fe8f9-d7ee-4f90-a1f4-27c8ee404c00/build]   💬  ::debug::creating /home/runneradmin/go/bin
[b73fe8f9-d7ee-4f90-a1f4-27c8ee404c00/build]   💬  ::debug::add bin true
[b73fe8f9-d7ee-4f90-a1f4-27c8ee404c00/build]   | Successfully set up Go version 1.18
[b73fe8f9-d7ee-4f90-a1f4-27c8ee404c00/build]   ❓ add-matcher /run/act/actions/actions-setup-go@v3/matchers.json
[b73fe8f9-d7ee-4f90-a1f4-27c8ee404c00/build]   | go version go1.18.10 linux/amd64
[b73fe8f9-d7ee-4f90-a1f4-27c8ee404c00/build]   | 
[b73fe8f9-d7ee-4f90-a1f4-27c8ee404c00/build]   ❓  ::group::go env
[b73fe8f9-d7ee-4f90-a1f4-27c8ee404c00/build]   | GO111MODULE=""
[b73fe8f9-d7ee-4f90-a1f4-27c8ee404c00/build]   | GOARCH="amd64"
[b73fe8f9-d7ee-4f90-a1f4-27c8ee404c00/build]   | GOBIN=""
[b73fe8f9-d7ee-4f90-a1f4-27c8ee404c00/build]   | GOCACHE="/home/runneradmin/.cache/go-build"
[b73fe8f9-d7ee-4f90-a1f4-27c8ee404c00/build]   | GOENV="/home/runneradmin/.config/go/env"
[b73fe8f9-d7ee-4f90-a1f4-27c8ee404c00/build]   | GOEXE=""
[b73fe8f9-d7ee-4f90-a1f4-27c8ee404c00/build]   | GOEXPERIMENT=""
[b73fe8f9-d7ee-4f90-a1f4-27c8ee404c00/build]   | GOFLAGS=""
[b73fe8f9-d7ee-4f90-a1f4-27c8ee404c00/build]   | GOHOSTARCH="amd64"
[b73fe8f9-d7ee-4f90-a1f4-27c8ee404c00/build]   | GOHOSTOS="linux"
[b73fe8f9-d7ee-4f90-a1f4-27c8ee404c00/build]   | GOINSECURE=""
[b73fe8f9-d7ee-4f90-a1f4-27c8ee404c00/build]   | GOMODCACHE="/home/runneradmin/go/pkg/mod"
[b73fe8f9-d7ee-4f90-a1f4-27c8ee404c00/build]   | GONOPROXY=""
[b73fe8f9-d7ee-4f90-a1f4-27c8ee404c00/build]   | GONOSUMDB=""
[b73fe8f9-d7ee-4f90-a1f4-27c8ee404c00/build]   | GOOS="linux"
[b73fe8f9-d7ee-4f90-a1f4-27c8ee404c00/build]   | GOPATH="/home/runneradmin/go"
[b73fe8f9-d7ee-4f90-a1f4-27c8ee404c00/build]   | GOPRIVATE=""
[b73fe8f9-d7ee-4f90-a1f4-27c8ee404c00/build]   | GOPROXY="https://proxy.golang.org,direct"
[b73fe8f9-d7ee-4f90-a1f4-27c8ee404c00/build]   | GOROOT="/opt/hostedtoolcache/go/1.18.10/x64"
[b73fe8f9-d7ee-4f90-a1f4-27c8ee404c00/build]   | GOSUMDB="sum.golang.org"
[b73fe8f9-d7ee-4f90-a1f4-27c8ee404c00/build]   | GOTMPDIR=""
[b73fe8f9-d7ee-4f90-a1f4-27c8ee404c00/build]   | GOTOOLDIR="/opt/hostedtoolcache/go/1.18.10/x64/pkg/tool/linux_amd64"
[b73fe8f9-d7ee-4f90-a1f4-27c8ee404c00/build]   | GOVCS=""
[b73fe8f9-d7ee-4f90-a1f4-27c8ee404c00/build]   | GOVERSION="go1.18.10"
[b73fe8f9-d7ee-4f90-a1f4-27c8ee404c00/build]   | GCCGO="gccgo"
[b73fe8f9-d7ee-4f90-a1f4-27c8ee404c00/build]   | GOAMD64="v1"
[b73fe8f9-d7ee-4f90-a1f4-27c8ee404c00/build]   | AR="ar"
[b73fe8f9-d7ee-4f90-a1f4-27c8ee404c00/build]   | CC="gcc"
[b73fe8f9-d7ee-4f90-a1f4-27c8ee404c00/build]   | CXX="g++"
[b73fe8f9-d7ee-4f90-a1f4-27c8ee404c00/build]   | CGO_ENABLED="1"
[b73fe8f9-d7ee-4f90-a1f4-27c8ee404c00/build]   | GOMOD="/tmp/6692d02e-3753-4ec1-8ea5-036a1190e1a7/go.mod"
[b73fe8f9-d7ee-4f90-a1f4-27c8ee404c00/build]   | GOWORK=""
[b73fe8f9-d7ee-4f90-a1f4-27c8ee404c00/build]   | CGO_CFLAGS="-g -O2"
[b73fe8f9-d7ee-4f90-a1f4-27c8ee404c00/build]   | CGO_CPPFLAGS=""
[b73fe8f9-d7ee-4f90-a1f4-27c8ee404c00/build]   | CGO_CXXFLAGS="-g -O2"
[b73fe8f9-d7ee-4f90-a1f4-27c8ee404c00/build]   | CGO_FFLAGS="-g -O2"
[b73fe8f9-d7ee-4f90-a1f4-27c8ee404c00/build]   | CGO_LDFLAGS="-g -O2"
[b73fe8f9-d7ee-4f90-a1f4-27c8ee404c00/build]   | PKG_CONFIG="pkg-config"
[b73fe8f9-d7ee-4f90-a1f4-27c8ee404c00/build]   | GOGCCFLAGS="-fPIC -m64 -pthread -fmessage-length=0 -fdebug-prefix-map=/tmp/go-build3295740311=/tmp/go-build -gno-record-gcc-switches"
[b73fe8f9-d7ee-4f90-a1f4-27c8ee404c00/build]   | 
[b73fe8f9-d7ee-4f90-a1f4-27c8ee404c00/build]   ❓  ::endgroup::
[b73fe8f9-d7ee-4f90-a1f4-27c8ee404c00/build]   ✅  Success - Main Setup
[b73fe8f9-d7ee-4f90-a1f4-27c8ee404c00/build]   ⚙  ::set-output:: go-version=1.18.10
[b73fe8f9-d7ee-4f90-a1f4-27c8ee404c00/build]   ⚙  ::add-path:: /opt/hostedtoolcache/go/1.18.10/x64/bin
[b73fe8f9-d7ee-4f90-a1f4-27c8ee404c00/build]   ⚙  ::add-path:: /home/runneradmin/go/bin
[b73fe8f9-d7ee-4f90-a1f4-27c8ee404c00/build] unable to get git ref: failed to identify reference (tag/branch) for the checked-out revision '99c92429e9a2972552ccd48b9ad8bbfc80aab818'
[b73fe8f9-d7ee-4f90-a1f4-27c8ee404c00/build] unable to get git ref: failed to identify reference (tag/branch) for the checked-out revision '99c92429e9a2972552ccd48b9ad8bbfc80aab818'
[b73fe8f9-d7ee-4f90-a1f4-27c8ee404c00/build] unable to get git ref: failed to identify reference (tag/branch) for the checked-out revision '99c92429e9a2972552ccd48b9ad8bbfc80aab818'
[b73fe8f9-d7ee-4f90-a1f4-27c8ee404c00/build] unable to get git ref: failed to identify reference (tag/branch) for the checked-out revision '99c92429e9a2972552ccd48b9ad8bbfc80aab818'
[b73fe8f9-d7ee-4f90-a1f4-27c8ee404c00/build] unable to get git ref: failed to identify reference (tag/branch) for the checked-out revision '99c92429e9a2972552ccd48b9ad8bbfc80aab818'
[b73fe8f9-d7ee-4f90-a1f4-27c8ee404c00/build] ⭐ Run Main Build
[b73fe8f9-d7ee-4f90-a1f4-27c8ee404c00/build] unable to get git ref: failed to identify reference (tag/branch) for the checked-out revision '99c92429e9a2972552ccd48b9ad8bbfc80aab818'
[b73fe8f9-d7ee-4f90-a1f4-27c8ee404c00/build] unable to get git ref: failed to identify reference (tag/branch) for the checked-out revision '99c92429e9a2972552ccd48b9ad8bbfc80aab818'
[b73fe8f9-d7ee-4f90-a1f4-27c8ee404c00/build] unable to get git ref: failed to identify reference (tag/branch) for the checked-out revision '99c92429e9a2972552ccd48b9ad8bbfc80aab818'
[b73fe8f9-d7ee-4f90-a1f4-27c8ee404c00/build] unable to get git ref: failed to identify reference (tag/branch) for the checked-out revision '99c92429e9a2972552ccd48b9ad8bbfc80aab818'
[b73fe8f9-d7ee-4f90-a1f4-27c8ee404c00/build]   🐳  docker exec cmd=[bash --noprofile --norc -e -o pipefail /var/run/act/workflow/2] user= workdir=
[b73fe8f9-d7ee-4f90-a1f4-27c8ee404c00/build]   | go: downloading google.golang.org/grpc v1.52.0
[b73fe8f9-d7ee-4f90-a1f4-27c8ee404c00/build]   | go: downloading go.opentelemetry.io/otel/trace v1.11.2
[b73fe8f9-d7ee-4f90-a1f4-27c8ee404c00/build]   | go: downloading github.com/pkg/errors v0.9.1
[b73fe8f9-d7ee-4f90-a1f4-27c8ee404c00/build]   | go: downloading github.com/pterm/pterm v0.12.53
[b73fe8f9-d7ee-4f90-a1f4-27c8ee404c00/build]   | go: downloading go.opentelemetry.io/otel v1.11.2
[b73fe8f9-d7ee-4f90-a1f4-27c8ee404c00/build]   | go: downloading go.opentelemetry.io/otel/sdk v1.11.2
[b73fe8f9-d7ee-4f90-a1f4-27c8ee404c00/build]   | go: downloading go.opentelemetry.io/otel/exporters/otlp/otlptrace/otlptracehttp v1.11.2
[b73fe8f9-d7ee-4f90-a1f4-27c8ee404c00/build]   | go: downloading go.opentelemetry.io/proto/otlp v0.19.0
[b73fe8f9-d7ee-4f90-a1f4-27c8ee404c00/build]   | go: downloading go.opentelemetry.io/otel/exporters/otlp/otlptrace/otlptracegrpc v1.11.2
[b73fe8f9-d7ee-4f90-a1f4-27c8ee404c00/build]   | go: downloading github.com/spf13/cobra v1.6.1
[b73fe8f9-d7ee-4f90-a1f4-27c8ee404c00/build]   | go: downloading go.opentelemetry.io/otel/exporters/otlp/otlptrace v1.11.2
[b73fe8f9-d7ee-4f90-a1f4-27c8ee404c00/build]   | go: downloading google.golang.org/protobuf v1.28.1
[b73fe8f9-d7ee-4f90-a1f4-27c8ee404c00/build]   | go: downloading github.com/grpc-ecosystem/grpc-gateway/v2 v2.7.0
[b73fe8f9-d7ee-4f90-a1f4-27c8ee404c00/build]   | go: downloading github.com/spf13/pflag v1.0.5
[b73fe8f9-d7ee-4f90-a1f4-27c8ee404c00/build]   | go: downloading github.com/go-logr/stdr v1.2.2
[b73fe8f9-d7ee-4f90-a1f4-27c8ee404c00/build]   | go: downloading github.com/go-logr/logr v1.2.3
[b73fe8f9-d7ee-4f90-a1f4-27c8ee404c00/build]   | go: downloading google.golang.org/genproto v0.0.0-20221118155620-16455021b5e6
[b73fe8f9-d7ee-4f90-a1f4-27c8ee404c00/build]   | go: downloading go.opentelemetry.io/otel/exporters/otlp/internal/retry v1.11.2
[b73fe8f9-d7ee-4f90-a1f4-27c8ee404c00/build]   | go: downloading golang.org/x/sys v0.3.0
[b73fe8f9-d7ee-4f90-a1f4-27c8ee404c00/build]   | go: downloading atomicgo.dev/keyboard v0.2.8
[b73fe8f9-d7ee-4f90-a1f4-27c8ee404c00/build]   | go: downloading golang.org/x/text v0.6.0
[b73fe8f9-d7ee-4f90-a1f4-27c8ee404c00/build]   | go: downloading golang.org/x/term v0.3.0
[b73fe8f9-d7ee-4f90-a1f4-27c8ee404c00/build]   | go: downloading github.com/mattn/go-runewidth v0.0.14
[b73fe8f9-d7ee-4f90-a1f4-27c8ee404c00/build]   | go: downloading github.com/gookit/color v1.5.2
[b73fe8f9-d7ee-4f90-a1f4-27c8ee404c00/build]   | go: downloading github.com/lithammer/fuzzysearch v1.1.5
[b73fe8f9-d7ee-4f90-a1f4-27c8ee404c00/build]   | go: downloading atomicgo.dev/cursor v0.1.1
[b73fe8f9-d7ee-4f90-a1f4-27c8ee404c00/build]   | go: downloading github.com/cenkalti/backoff/v4 v4.2.0
[b73fe8f9-d7ee-4f90-a1f4-27c8ee404c00/build]   | go: downloading github.com/rivo/uniseg v0.2.0
[b73fe8f9-d7ee-4f90-a1f4-27c8ee404c00/build]   | go: downloading github.com/containerd/console v1.0.3
[b73fe8f9-d7ee-4f90-a1f4-27c8ee404c00/build]   | go: downloading github.com/xo/terminfo v0.0.0-20210125001918-ca9a967f8778
[b73fe8f9-d7ee-4f90-a1f4-27c8ee404c00/build]   | go: downloading github.com/golang/protobuf v1.5.2
[b73fe8f9-d7ee-4f90-a1f4-27c8ee404c00/build]   | go: downloading golang.org/x/net v0.4.0
[b73fe8f9-d7ee-4f90-a1f4-27c8ee404c00/build]   | google.golang.org/grpc/attributes
[b73fe8f9-d7ee-4f90-a1f4-27c8ee404c00/build]   | atomicgo.dev/keyboard/internal
[b73fe8f9-d7ee-4f90-a1f4-27c8ee404c00/build]   | github.com/rivo/uniseg
[b73fe8f9-d7ee-4f90-a1f4-27c8ee404c00/build]   | google.golang.org/protobuf/internal/set
[b73fe8f9-d7ee-4f90-a1f4-27c8ee404c00/build]   | go.opentelemetry.io/otel/sdk/instrumentation
[b73fe8f9-d7ee-4f90-a1f4-27c8ee404c00/build]   | google.golang.org/protobuf/internal/flags
[b73fe8f9-d7ee-4f90-a1f4-27c8ee404c00/build]   | google.golang.org/grpc/serviceconfig
[b73fe8f9-d7ee-4f90-a1f4-27c8ee404c00/build]   | go.opentelemetry.io/otel/internal
[b73fe8f9-d7ee-4f90-a1f4-27c8ee404c00/build]   | atomicgo.dev/keyboard/keys
[b73fe8f9-d7ee-4f90-a1f4-27c8ee404c00/build]   | google.golang.org/protobuf/internal/pragma
[b73fe8f9-d7ee-4f90-a1f4-27c8ee404c00/build]   | google.golang.org/grpc/internal/buffer
[b73fe8f9-d7ee-4f90-a1f4-27c8ee404c00/build]   | google.golang.org/grpc/internal/grpcsync
[b73fe8f9-d7ee-4f90-a1f4-27c8ee404c00/build]   | golang.org/x/text/transform
[b73fe8f9-d7ee-4f90-a1f4-27c8ee404c00/build]   | golang.org/x/text/internal/tag
[b73fe8f9-d7ee-4f90-a1f4-27c8ee404c00/build]   | go.opentelemetry.io/otel/internal/attribute
[b73fe8f9-d7ee-4f90-a1f4-27c8ee404c00/build]   | google.golang.org/grpc/tap
[b73fe8f9-d7ee-4f90-a1f4-27c8ee404c00/build]   | github.com/go-logr/logr
[b73fe8f9-d7ee-4f90-a1f4-27c8ee404c00/build]   | google.golang.org/grpc/backoff
[b73fe8f9-d7ee-4f90-a1f4-27c8ee404c00/build]   | google.golang.org/grpc/internal/grpcrand
[b73fe8f9-d7ee-4f90-a1f4-27c8ee404c00/build]   | google.golang.org/grpc/keepalive
[b73fe8f9-d7ee-4f90-a1f4-27c8ee404c00/build]   | go.opentelemetry.io/otel/internal/baggage
[b73fe8f9-d7ee-4f90-a1f4-27c8ee404c00/build]   | github.com/cenkalti/backoff/v4
[b73fe8f9-d7ee-4f90-a1f4-27c8ee404c00/build]   | golang.org/x/sys/unix
[b73fe8f9-d7ee-4f90-a1f4-27c8ee404c00/build]   | github.com/grpc-ecosystem/grpc-gateway/v2/utilities
[b73fe8f9-d7ee-4f90-a1f4-27c8ee404c00/build]   | google.golang.org/protobuf/internal/detrand
[b73fe8f9-d7ee-4f90-a1f4-27c8ee404c00/build]   | google.golang.org/grpc/internal/envconfig
[b73fe8f9-d7ee-4f90-a1f4-27c8ee404c00/build]   | google.golang.org/protobuf/internal/version
[b73fe8f9-d7ee-4f90-a1f4-27c8ee404c00/build]   | google.golang.org/grpc/codes
[b73fe8f9-d7ee-4f90-a1f4-27c8ee404c00/build]   | google.golang.org/grpc/internal/grpclog
[b73fe8f9-d7ee-4f90-a1f4-27c8ee404c00/build]   | golang.org/x/net/internal/timeseries
[b73fe8f9-d7ee-4f90-a1f4-27c8ee404c00/build]   | google.golang.org/grpc/metadata
[b73fe8f9-d7ee-4f90-a1f4-27c8ee404c00/build]   | golang.org/x/text/unicode/bidi
[b73fe8f9-d7ee-4f90-a1f4-27c8ee404c00/build]   | github.com/pkg/errors
[b73fe8f9-d7ee-4f90-a1f4-27c8ee404c00/build]   | go.opentelemetry.io/otel/codes
[b73fe8f9-d7ee-4f90-a1f4-27c8ee404c00/build]   | atomicgo.dev/cursor
[b73fe8f9-d7ee-4f90-a1f4-27c8ee404c00/build]   | github.com/xo/terminfo
[b73fe8f9-d7ee-4f90-a1f4-27c8ee404c00/build]   | golang.org/x/net/http2/hpack
[b73fe8f9-d7ee-4f90-a1f4-27c8ee404c00/build]   | go.opentelemetry.io/otel/attribute
[b73fe8f9-d7ee-4f90-a1f4-27c8ee404c00/build]   | github.com/spf13/pflag
[b73fe8f9-d7ee-4f90-a1f4-27c8ee404c00/build]   | golang.org/x/text/internal/language
[b73fe8f9-d7ee-4f90-a1f4-27c8ee404c00/build]   | github.com/mattn/go-runewidth
[b73fe8f9-d7ee-4f90-a1f4-27c8ee404c00/build]   | google.golang.org/grpc/internal/backoff
[b73fe8f9-d7ee-4f90-a1f4-27c8ee404c00/build]   | go.opentelemetry.io/otel/baggage
[b73fe8f9-d7ee-4f90-a1f4-27c8ee404c00/build]   | golang.org/x/text/unicode/norm
[b73fe8f9-d7ee-4f90-a1f4-27c8ee404c00/build]   | golang.org/x/text/runes
[b73fe8f9-d7ee-4f90-a1f4-27c8ee404c00/build]   | google.golang.org/protobuf/internal/errors
[b73fe8f9-d7ee-4f90-a1f4-27c8ee404c00/build]   | google.golang.org/grpc/grpclog
[b73fe8f9-d7ee-4f90-a1f4-27c8ee404c00/build]   | go.opentelemetry.io/otel/exporters/otlp/internal/retry
[b73fe8f9-d7ee-4f90-a1f4-27c8ee404c00/build]   | github.com/go-logr/logr/funcr
[b73fe8f9-d7ee-4f90-a1f4-27c8ee404c00/build]   | google.golang.org/grpc/internal/grpcutil
[b73fe8f9-d7ee-4f90-a1f4-27c8ee404c00/build]   | google.golang.org/grpc/internal/balancerload
[b73fe8f9-d7ee-4f90-a1f4-27c8ee404c00/build]   | google.golang.org/grpc/stats
[b73fe8f9-d7ee-4f90-a1f4-27c8ee404c00/build]   | github.com/grpc-ecosystem/grpc-gateway/v2/internal/httprule
[b73fe8f9-d7ee-4f90-a1f4-27c8ee404c00/build]   | golang.org/x/net/trace
[b73fe8f9-d7ee-4f90-a1f4-27c8ee404c00/build]   | google.golang.org/protobuf/encoding/protowire
[b73fe8f9-d7ee-4f90-a1f4-27c8ee404c00/build]   | google.golang.org/grpc/encoding
[b73fe8f9-d7ee-4f90-a1f4-27c8ee404c00/build]   | google.golang.org/protobuf/reflect/protoreflect
[b73fe8f9-d7ee-4f90-a1f4-27c8ee404c00/build]   | google.golang.org/grpc/encoding/gzip
[b73fe8f9-d7ee-4f90-a1f4-27c8ee404c00/build]   | github.com/gookit/color
[b73fe8f9-d7ee-4f90-a1f4-27c8ee404c00/build]   | go.opentelemetry.io/otel/trace
[b73fe8f9-d7ee-4f90-a1f4-27c8ee404c00/build]   | github.com/go-logr/stdr
[b73fe8f9-d7ee-4f90-a1f4-27c8ee404c00/build]   | google.golang.org/protobuf/internal/descfmt
[b73fe8f9-d7ee-4f90-a1f4-27c8ee404c00/build]   | google.golang.org/protobuf/internal/descopts
[b73fe8f9-d7ee-4f90-a1f4-27c8ee404c00/build]   | google.golang.org/protobuf/internal/strs
[b73fe8f9-d7ee-4f90-a1f4-27c8ee404c00/build]   | google.golang.org/protobuf/internal/encoding/messageset
[b73fe8f9-d7ee-4f90-a1f4-27c8ee404c00/build]   | google.golang.org/protobuf/internal/genid
[b73fe8f9-d7ee-4f90-a1f4-27c8ee404c00/build]   | google.golang.org/protobuf/internal/order
[b73fe8f9-d7ee-4f90-a1f4-27c8ee404c00/build]   | google.golang.org/protobuf/runtime/protoiface
[b73fe8f9-d7ee-4f90-a1f4-27c8ee404c00/build]   | google.golang.org/grpc/connectivity
[b73fe8f9-d7ee-4f90-a1f4-27c8ee404c00/build]   | google.golang.org/grpc/internal/credentials
[b73fe8f9-d7ee-4f90-a1f4-27c8ee404c00/build]   | github.com/lithammer/fuzzysearch/fuzzy
[b73fe8f9-d7ee-4f90-a1f4-27c8ee404c00/build]   | golang.org/x/text/secure/bidirule
[b73fe8f9-d7ee-4f90-a1f4-27c8ee404c00/build]   | google.golang.org/protobuf/internal/encoding/text
[b73fe8f9-d7ee-4f90-a1f4-27c8ee404c00/build]   | google.golang.org/protobuf/reflect/protoregistry
[b73fe8f9-d7ee-4f90-a1f4-27c8ee404c00/build]   | google.golang.org/protobuf/internal/encoding/json
[b73fe8f9-d7ee-4f90-a1f4-27c8ee404c00/build]   | go.opentelemetry.io/otel/propagation
[b73fe8f9-d7ee-4f90-a1f4-27c8ee404c00/build]   | go.opentelemetry.io/otel/semconv/internal
[b73fe8f9-d7ee-4f90-a1f4-27c8ee404c00/build]   | golang.org/x/net/idna
[b73fe8f9-d7ee-4f90-a1f4-27c8ee404c00/build]   | golang.org/x/text/internal/language/compact
[b73fe8f9-d7ee-4f90-a1f4-27c8ee404c00/build]   | github.com/spf13/cobra
[b73fe8f9-d7ee-4f90-a1f4-27c8ee404c00/build]   | google.golang.org/protobuf/proto
[b73fe8f9-d7ee-4f90-a1f4-27c8ee404c00/build]   | go.opentelemetry.io/otel/semconv/v1.12.0
[b73fe8f9-d7ee-4f90-a1f4-27c8ee404c00/build]   | go.opentelemetry.io/otel/semconv/v1.4.0
[b73fe8f9-d7ee-4f90-a1f4-27c8ee404c00/build]   | google.golang.org/protobuf/internal/encoding/defval
[b73fe8f9-d7ee-4f90-a1f4-27c8ee404c00/build]   | golang.org/x/text/language
[b73fe8f9-d7ee-4f90-a1f4-27c8ee404c00/build]   | go.opentelemetry.io/otel/internal/global
[b73fe8f9-d7ee-4f90-a1f4-27c8ee404c00/build]   | github.com/pterm/pterm/internal
[b73fe8f9-d7ee-4f90-a1f4-27c8ee404c00/build]   | go.opentelemetry.io/otel
[b73fe8f9-d7ee-4f90-a1f4-27c8ee404c00/build]   | go.opentelemetry.io/otel/sdk/internal/env
[b73fe8f9-d7ee-4f90-a1f4-27c8ee404c00/build]   | go.opentelemetry.io/otel/exporters/otlp/internal/envconfig
[b73fe8f9-d7ee-4f90-a1f4-27c8ee404c00/build]   | google.golang.org/grpc/internal/syscall
[b73fe8f9-d7ee-4f90-a1f4-27c8ee404c00/build]   | github.com/containerd/console
[b73fe8f9-d7ee-4f90-a1f4-27c8ee404c00/build]   | golang.org/x/term
[b73fe8f9-d7ee-4f90-a1f4-27c8ee404c00/build]   | go.opentelemetry.io/otel/exporters/otlp/internal
[b73fe8f9-d7ee-4f90-a1f4-27c8ee404c00/build]   | go.opentelemetry.io/otel/sdk/resource
[b73fe8f9-d7ee-4f90-a1f4-27c8ee404c00/build]   | go.opentelemetry.io/otel/sdk/internal
[b73fe8f9-d7ee-4f90-a1f4-27c8ee404c00/build]   | google.golang.org/protobuf/encoding/prototext
[b73fe8f9-d7ee-4f90-a1f4-27c8ee404c00/build]   | google.golang.org/protobuf/internal/filedesc
[b73fe8f9-d7ee-4f90-a1f4-27c8ee404c00/build]   | golang.org/x/text/internal
[b73fe8f9-d7ee-4f90-a1f4-27c8ee404c00/build]   | golang.org/x/text/cases
[b73fe8f9-d7ee-4f90-a1f4-27c8ee404c00/build]   | atomicgo.dev/keyboard
[b73fe8f9-d7ee-4f90-a1f4-27c8ee404c00/build]   | golang.org/x/net/http/httpguts
[b73fe8f9-d7ee-4f90-a1f4-27c8ee404c00/build]   | golang.org/x/net/http2
[b73fe8f9-d7ee-4f90-a1f4-27c8ee404c00/build]   | go.opentelemetry.io/otel/sdk/trace
[b73fe8f9-d7ee-4f90-a1f4-27c8ee404c00/build]   | github.com/pterm/pterm
[b73fe8f9-d7ee-4f90-a1f4-27c8ee404c00/build]   | google.golang.org/protobuf/internal/encoding/tag
[b73fe8f9-d7ee-4f90-a1f4-27c8ee404c00/build]   | google.golang.org/protobuf/encoding/protojson
[b73fe8f9-d7ee-4f90-a1f4-27c8ee404c00/build]   | google.golang.org/protobuf/internal/impl
[b73fe8f9-d7ee-4f90-a1f4-27c8ee404c00/build]   | google.golang.org/protobuf/internal/filetype
[b73fe8f9-d7ee-4f90-a1f4-27c8ee404c00/build]   | google.golang.org/protobuf/runtime/protoimpl
[b73fe8f9-d7ee-4f90-a1f4-27c8ee404c00/build]   | google.golang.org/protobuf/types/known/fieldmaskpb
[b73fe8f9-d7ee-4f90-a1f4-27c8ee404c00/build]   | google.golang.org/protobuf/types/known/timestamppb
[b73fe8f9-d7ee-4f90-a1f4-27c8ee404c00/build]   | google.golang.org/protobuf/types/known/durationpb
[b73fe8f9-d7ee-4f90-a1f4-27c8ee404c00/build]   | google.golang.org/protobuf/types/descriptorpb
[b73fe8f9-d7ee-4f90-a1f4-27c8ee404c00/build]   | google.golang.org/protobuf/types/known/anypb
[b73fe8f9-d7ee-4f90-a1f4-27c8ee404c00/build]   | google.golang.org/protobuf/types/known/wrapperspb
[b73fe8f9-d7ee-4f90-a1f4-27c8ee404c00/build]   | go.opentelemetry.io/proto/otlp/common/v1
[b73fe8f9-d7ee-4f90-a1f4-27c8ee404c00/build]   | github.com/golang/protobuf/ptypes/duration
[b73fe8f9-d7ee-4f90-a1f4-27c8ee404c00/build]   | google.golang.org/genproto/googleapis/rpc/errdetails
[b73fe8f9-d7ee-4f90-a1f4-27c8ee404c00/build]   | google.golang.org/genproto/googleapis/api/httpbody
[b73fe8f9-d7ee-4f90-a1f4-27c8ee404c00/build]   | github.com/golang/protobuf/ptypes/timestamp
[b73fe8f9-d7ee-4f90-a1f4-27c8ee404c00/build]   | google.golang.org/genproto/protobuf/field_mask
[b73fe8f9-d7ee-4f90-a1f4-27c8ee404c00/build]   | google.golang.org/genproto/googleapis/rpc/status
[b73fe8f9-d7ee-4f90-a1f4-27c8ee404c00/build]   | google.golang.org/grpc/binarylog/grpc_binarylog_v1
[b73fe8f9-d7ee-4f90-a1f4-27c8ee404c00/build]   | github.com/golang/protobuf/ptypes/any
[b73fe8f9-d7ee-4f90-a1f4-27c8ee404c00/build]   | go.opentelemetry.io/proto/otlp/resource/v1
[b73fe8f9-d7ee-4f90-a1f4-27c8ee404c00/build]   | go.opentelemetry.io/proto/otlp/trace/v1
[b73fe8f9-d7ee-4f90-a1f4-27c8ee404c00/build]   | go.opentelemetry.io/otel/exporters/otlp/otlptrace/internal/tracetransform
[b73fe8f9-d7ee-4f90-a1f4-27c8ee404c00/build]   | google.golang.org/protobuf/reflect/protodesc
[b73fe8f9-d7ee-4f90-a1f4-27c8ee404c00/build]   | go.opentelemetry.io/otel/exporters/otlp/otlptrace
[b73fe8f9-d7ee-4f90-a1f4-27c8ee404c00/build]   | github.com/golang/protobuf/proto
[b73fe8f9-d7ee-4f90-a1f4-27c8ee404c00/build]   | github.com/golang/protobuf/ptypes
[b73fe8f9-d7ee-4f90-a1f4-27c8ee404c00/build]   | google.golang.org/grpc/encoding/proto
[b73fe8f9-d7ee-4f90-a1f4-27c8ee404c00/build]   | github.com/golang/protobuf/jsonpb
[b73fe8f9-d7ee-4f90-a1f4-27c8ee404c00/build]   | google.golang.org/grpc/credentials
[b73fe8f9-d7ee-4f90-a1f4-27c8ee404c00/build]   | google.golang.org/grpc/credentials/insecure
[b73fe8f9-d7ee-4f90-a1f4-27c8ee404c00/build]   | google.golang.org/grpc/peer
[b73fe8f9-d7ee-4f90-a1f4-27c8ee404c00/build]   | google.golang.org/grpc/internal/channelz
[b73fe8f9-d7ee-4f90-a1f4-27c8ee404c00/build]   | google.golang.org/grpc/internal/status
[b73fe8f9-d7ee-4f90-a1f4-27c8ee404c00/build]   | google.golang.org/grpc/status
[b73fe8f9-d7ee-4f90-a1f4-27c8ee404c00/build]   | google.golang.org/grpc/internal/binarylog
[b73fe8f9-d7ee-4f90-a1f4-27c8ee404c00/build]   | github.com/grpc-ecosystem/grpc-gateway/v2/runtime
[b73fe8f9-d7ee-4f90-a1f4-27c8ee404c00/build]   | google.golang.org/grpc/internal/pretty
[b73fe8f9-d7ee-4f90-a1f4-27c8ee404c00/build]   | google.golang.org/grpc/resolver
[b73fe8f9-d7ee-4f90-a1f4-27c8ee404c00/build]   | google.golang.org/grpc/channelz
[b73fe8f9-d7ee-4f90-a1f4-27c8ee404c00/build]   | google.golang.org/grpc/internal/metadata
[b73fe8f9-d7ee-4f90-a1f4-27c8ee404c00/build]   | google.golang.org/grpc/internal
[b73fe8f9-d7ee-4f90-a1f4-27c8ee404c00/build]   | google.golang.org/grpc/balancer/grpclb/grpclbstate
[b73fe8f9-d7ee-4f90-a1f4-27c8ee404c00/build]   | google.golang.org/grpc/internal/resolver/passthrough
[b73fe8f9-d7ee-4f90-a1f4-27c8ee404c00/build]   | google.golang.org/grpc/internal/transport/networktype
[b73fe8f9-d7ee-4f90-a1f4-27c8ee404c00/build]   | google.golang.org/grpc/internal/resolver/unix
[b73fe8f9-d7ee-4f90-a1f4-27c8ee404c00/build]   | google.golang.org/grpc/internal/resolver/dns
[b73fe8f9-d7ee-4f90-a1f4-27c8ee404c00/build]   | google.golang.org/grpc/balancer
[b73fe8f9-d7ee-4f90-a1f4-27c8ee404c00/build]   | google.golang.org/grpc/internal/transport
[b73fe8f9-d7ee-4f90-a1f4-27c8ee404c00/build]   | google.golang.org/grpc/balancer/base
[b73fe8f9-d7ee-4f90-a1f4-27c8ee404c00/build]   | google.golang.org/grpc/internal/serviceconfig
[b73fe8f9-d7ee-4f90-a1f4-27c8ee404c00/build]   | google.golang.org/grpc/internal/resolver
[b73fe8f9-d7ee-4f90-a1f4-27c8ee404c00/build]   | google.golang.org/grpc/balancer/roundrobin
[b73fe8f9-d7ee-4f90-a1f4-27c8ee404c00/build]   | google.golang.org/grpc/internal/balancer/gracefulswitch
[b73fe8f9-d7ee-4f90-a1f4-27c8ee404c00/build]   | google.golang.org/grpc
[b73fe8f9-d7ee-4f90-a1f4-27c8ee404c00/build]   | go.opentelemetry.io/otel/exporters/otlp/otlptrace/internal/otlpconfig
[b73fe8f9-d7ee-4f90-a1f4-27c8ee404c00/build]   | go.opentelemetry.io/proto/otlp/collector/trace/v1
[b73fe8f9-d7ee-4f90-a1f4-27c8ee404c00/build]   | go.opentelemetry.io/otel/exporters/otlp/otlptrace/otlptracegrpc
[b73fe8f9-d7ee-4f90-a1f4-27c8ee404c00/build]   | go.opentelemetry.io/otel/exporters/otlp/otlptrace/otlptracehttp
[b73fe8f9-d7ee-4f90-a1f4-27c8ee404c00/build]   | github.com/equinix-labs/otel-cli/otlpserver
[b73fe8f9-d7ee-4f90-a1f4-27c8ee404c00/build]   | github.com/equinix-labs/otel-cli/otelcli
[b73fe8f9-d7ee-4f90-a1f4-27c8ee404c00/build]   | github.com/equinix-labs/otel-cli
[b73fe8f9-d7ee-4f90-a1f4-27c8ee404c00/build]   ✅  Success - Main Build
[b73fe8f9-d7ee-4f90-a1f4-27c8ee404c00/build] unable to get git ref: failed to identify reference (tag/branch) for the checked-out revision '99c92429e9a2972552ccd48b9ad8bbfc80aab818'
[b73fe8f9-d7ee-4f90-a1f4-27c8ee404c00/build] unable to get git ref: failed to identify reference (tag/branch) for the checked-out revision '99c92429e9a2972552ccd48b9ad8bbfc80aab818'
[b73fe8f9-d7ee-4f90-a1f4-27c8ee404c00/build] unable to get git ref: failed to identify reference (tag/branch) for the checked-out revision '99c92429e9a2972552ccd48b9ad8bbfc80aab818'
[b73fe8f9-d7ee-4f90-a1f4-27c8ee404c00/build] unable to get git ref: failed to identify reference (tag/branch) for the checked-out revision '99c92429e9a2972552ccd48b9ad8bbfc80aab818'
[b73fe8f9-d7ee-4f90-a1f4-27c8ee404c00/build] unable to get git ref: failed to identify reference (tag/branch) for the checked-out revision '99c92429e9a2972552ccd48b9ad8bbfc80aab818'
[b73fe8f9-d7ee-4f90-a1f4-27c8ee404c00/build] ⭐ Run Main Test
[b73fe8f9-d7ee-4f90-a1f4-27c8ee404c00/build] unable to get git ref: failed to identify reference (tag/branch) for the checked-out revision '99c92429e9a2972552ccd48b9ad8bbfc80aab818'
[b73fe8f9-d7ee-4f90-a1f4-27c8ee404c00/build] unable to get git ref: failed to identify reference (tag/branch) for the checked-out revision '99c92429e9a2972552ccd48b9ad8bbfc80aab818'
[b73fe8f9-d7ee-4f90-a1f4-27c8ee404c00/build] unable to get git ref: failed to identify reference (tag/branch) for the checked-out revision '99c92429e9a2972552ccd48b9ad8bbfc80aab818'
[b73fe8f9-d7ee-4f90-a1f4-27c8ee404c00/build] unable to get git ref: failed to identify reference (tag/branch) for the checked-out revision '99c92429e9a2972552ccd48b9ad8bbfc80aab818'
[b73fe8f9-d7ee-4f90-a1f4-27c8ee404c00/build]   🐳  docker exec cmd=[bash --noprofile --norc -e -o pipefail /var/run/act/workflow/3] user= workdir=
[b73fe8f9-d7ee-4f90-a1f4-27c8ee404c00/build]   | go: downloading github.com/jstemmer/go-junit-report/v2 v2.0.0
[b73fe8f9-d7ee-4f90-a1f4-27c8ee404c00/build]   ❌  Failure - Main Test
[b73fe8f9-d7ee-4f90-a1f4-27c8ee404c00/build] exitcode '1': failure
[b73fe8f9-d7ee-4f90-a1f4-27c8ee404c00/build] unable to get git ref: failed to identify reference (tag/branch) for the checked-out revision '99c92429e9a2972552ccd48b9ad8bbfc80aab818'
[b73fe8f9-d7ee-4f90-a1f4-27c8ee404c00/build] unable to get git ref: failed to identify reference (tag/branch) for the checked-out revision '99c92429e9a2972552ccd48b9ad8bbfc80aab818'
[b73fe8f9-d7ee-4f90-a1f4-27c8ee404c00/build] unable to get git ref: failed to identify reference (tag/branch) for the checked-out revision '99c92429e9a2972552ccd48b9ad8bbfc80aab818'
[b73fe8f9-d7ee-4f90-a1f4-27c8ee404c00/build] unable to get git ref: failed to identify reference (tag/branch) for the checked-out revision '99c92429e9a2972552ccd48b9ad8bbfc80aab818'
[b73fe8f9-d7ee-4f90-a1f4-27c8ee404c00/build] unable to get git ref: failed to identify reference (tag/branch) for the checked-out revision '99c92429e9a2972552ccd48b9ad8bbfc80aab818'
[b73fe8f9-d7ee-4f90-a1f4-27c8ee404c00/build] failed to remove container: Error response from daemon: Could not kill running container 2f01b8e87439af3aa318a88cb8313e47ef9b6654eb063e9002327bc8bce4bb09, cannot remove - tried to kill container, but did not receive an exit event
[b73fe8f9-d7ee-4f90-a1f4-27c8ee404c00/build] 🏁  Job failed
[b73fe8f9-d7ee-4f90-a1f4-27c8ee404c00/build] unable to get git ref: failed to identify reference (tag/branch) for the checked-out revision '99c92429e9a2972552ccd48b9ad8bbfc80aab818'
