[51f99748-c552-4fd5-9a64-092ccdffbc81/build] 🚀  Start image=gitbugactions:latest
[51f99748-c552-4fd5-9a64-092ccdffbc81/build]   🐳  docker pull image=gitbugactions:latest platform= username= forcePull=false
[51f99748-c552-4fd5-9a64-092ccdffbc81/build]   🐳  docker create image=gitbugactions:latest platform= entrypoint=["tail" "-f" "/dev/null"] cmd=[]
[51f99748-c552-4fd5-9a64-092ccdffbc81/build]   🐳  docker run image=gitbugactions:latest platform= entrypoint=["tail" "-f" "/dev/null"] cmd=[]
[51f99748-c552-4fd5-9a64-092ccdffbc81/build]   🐳  docker exec cmd=[chown -R 1012:1013 /tmp/73248ea7-0f42-43e6-bcb5-60acb8072ca0] user=0 workdir=
[51f99748-c552-4fd5-9a64-092ccdffbc81/build] unable to get git ref: failed to identify reference (tag/branch) for the checked-out revision '03650fff8064b60ffcda75f9033fd44e66ef34b3'
[51f99748-c552-4fd5-9a64-092ccdffbc81/build] unable to get git ref: failed to identify reference (tag/branch) for the checked-out revision '03650fff8064b60ffcda75f9033fd44e66ef34b3'
[51f99748-c552-4fd5-9a64-092ccdffbc81/build] unable to get git ref: failed to identify reference (tag/branch) for the checked-out revision '03650fff8064b60ffcda75f9033fd44e66ef34b3'
[51f99748-c552-4fd5-9a64-092ccdffbc81/build] unable to get git ref: failed to identify reference (tag/branch) for the checked-out revision '03650fff8064b60ffcda75f9033fd44e66ef34b3'
[51f99748-c552-4fd5-9a64-092ccdffbc81/build] unable to get git ref: failed to identify reference (tag/branch) for the checked-out revision '03650fff8064b60ffcda75f9033fd44e66ef34b3'
[51f99748-c552-4fd5-9a64-092ccdffbc81/build] unable to get git ref: failed to identify reference (tag/branch) for the checked-out revision '03650fff8064b60ffcda75f9033fd44e66ef34b3'
[51f99748-c552-4fd5-9a64-092ccdffbc81/build] unable to get git ref: failed to identify reference (tag/branch) for the checked-out revision '03650fff8064b60ffcda75f9033fd44e66ef34b3'
[51f99748-c552-4fd5-9a64-092ccdffbc81/build] unable to get git ref: failed to identify reference (tag/branch) for the checked-out revision '03650fff8064b60ffcda75f9033fd44e66ef34b3'
[51f99748-c552-4fd5-9a64-092ccdffbc81/build] unable to get git ref: failed to identify reference (tag/branch) for the checked-out revision '03650fff8064b60ffcda75f9033fd44e66ef34b3'
[51f99748-c552-4fd5-9a64-092ccdffbc81/build] ⭐ Run Main actions/checkout@v3
[51f99748-c552-4fd5-9a64-092ccdffbc81/build] unable to get git ref: failed to identify reference (tag/branch) for the checked-out revision '03650fff8064b60ffcda75f9033fd44e66ef34b3'
[51f99748-c552-4fd5-9a64-092ccdffbc81/build] unable to get git ref: failed to identify reference (tag/branch) for the checked-out revision '03650fff8064b60ffcda75f9033fd44e66ef34b3'
[51f99748-c552-4fd5-9a64-092ccdffbc81/build]   🐳  docker cp src=/tmp/73248ea7-0f42-43e6-bcb5-60acb8072ca0/. dst=/tmp/73248ea7-0f42-43e6-bcb5-60acb8072ca0
[51f99748-c552-4fd5-9a64-092ccdffbc81/build]   🐳  docker exec cmd=[chown -R 1012:1013 /tmp/73248ea7-0f42-43e6-bcb5-60acb8072ca0] user=0 workdir=
[51f99748-c552-4fd5-9a64-092ccdffbc81/build]   ✅  Success - Main actions/checkout@v3
[51f99748-c552-4fd5-9a64-092ccdffbc81/build] unable to get git ref: failed to identify reference (tag/branch) for the checked-out revision '03650fff8064b60ffcda75f9033fd44e66ef34b3'
[51f99748-c552-4fd5-9a64-092ccdffbc81/build] unable to get git ref: failed to identify reference (tag/branch) for the checked-out revision '03650fff8064b60ffcda75f9033fd44e66ef34b3'
[51f99748-c552-4fd5-9a64-092ccdffbc81/build] unable to get git ref: failed to identify reference (tag/branch) for the checked-out revision '03650fff8064b60ffcda75f9033fd44e66ef34b3'
[51f99748-c552-4fd5-9a64-092ccdffbc81/build] unable to get git ref: failed to identify reference (tag/branch) for the checked-out revision '03650fff8064b60ffcda75f9033fd44e66ef34b3'
[51f99748-c552-4fd5-9a64-092ccdffbc81/build] unable to get git ref: failed to identify reference (tag/branch) for the checked-out revision '03650fff8064b60ffcda75f9033fd44e66ef34b3'
[51f99748-c552-4fd5-9a64-092ccdffbc81/build] ⭐ Run Main actions/setup-java@v3
[51f99748-c552-4fd5-9a64-092ccdffbc81/build] unable to get git ref: failed to identify reference (tag/branch) for the checked-out revision '03650fff8064b60ffcda75f9033fd44e66ef34b3'
[51f99748-c552-4fd5-9a64-092ccdffbc81/build] unable to get git ref: failed to identify reference (tag/branch) for the checked-out revision '03650fff8064b60ffcda75f9033fd44e66ef34b3'
[51f99748-c552-4fd5-9a64-092ccdffbc81/build] unable to get git ref: failed to identify reference (tag/branch) for the checked-out revision '03650fff8064b60ffcda75f9033fd44e66ef34b3'
[51f99748-c552-4fd5-9a64-092ccdffbc81/build]   🐳  docker cp src=/tmp/act-cache/62bc70ff-9746-495a-83b5-7d9f352fc8a3/act/actions-setup-java@v3/ dst=/var/run/act/actions/actions-setup-java@v3/
[51f99748-c552-4fd5-9a64-092ccdffbc81/build]   🐳  docker exec cmd=[chown -R 1012:1013 /var/run/act/actions/actions-setup-java@v3/] user=0 workdir=
[51f99748-c552-4fd5-9a64-092ccdffbc81/build]   🐳  docker exec cmd=[node /var/run/act/actions/actions-setup-java@v3/dist/setup/index.js] user= workdir=
[51f99748-c552-4fd5-9a64-092ccdffbc81/build]   ❓  ::group::Installed distributions
[51f99748-c552-4fd5-9a64-092ccdffbc81/build]   | Trying to resolve the latest version from remote
[51f99748-c552-4fd5-9a64-092ccdffbc81/build]   💬  ::debug::Gathering available versions from 'https://api.azul.com/zulu/download/community/v1.0/bundles/?os=linux&ext=tar.gz&bundle_type=jdk&javafx=false&arch=x86&hw_bitness=64&release_status=ga'
[51f99748-c552-4fd5-9a64-092ccdffbc81/build]   | Resolved latest version as 11.0.21+9
[51f99748-c552-4fd5-9a64-092ccdffbc81/build]   | Trying to download...
[51f99748-c552-4fd5-9a64-092ccdffbc81/build]   | Downloading Java 11.0.21+9 (Zulu) from https://cdn.azul.com/zulu/bin/zulu11.68.17-ca-jdk11.0.21-linux_x64.tar.gz ...
[51f99748-c552-4fd5-9a64-092ccdffbc81/build]   💬  ::debug::Downloading https://cdn.azul.com/zulu/bin/zulu11.68.17-ca-jdk11.0.21-linux_x64.tar.gz
[51f99748-c552-4fd5-9a64-092ccdffbc81/build]   💬  ::debug::Destination /tmp/25cef0ee-2b3a-416a-af23-ccd91adc3142
[51f99748-c552-4fd5-9a64-092ccdffbc81/build]   💬  ::debug::download complete
[51f99748-c552-4fd5-9a64-092ccdffbc81/build]   | Extracting Java archive...
[51f99748-c552-4fd5-9a64-092ccdffbc81/build]   💬  ::debug::Checking tar --version
[51f99748-c552-4fd5-9a64-092ccdffbc81/build]   💬  ::debug::tar (GNU tar) 1.34%0ACopyright (C) 2021 Free Software Foundation, Inc.%0ALicense GPLv3+: GNU GPL version 3 or later <https://gnu.org/licenses/gpl.html>.%0AThis is free software: you are free to change and redistribute it.%0AThere is NO WARRANTY, to the extent permitted by law.%0A%0AWritten by John Gilmore and Jay Fenlason.
[51f99748-c552-4fd5-9a64-092ccdffbc81/build]   | [command]/usr/bin/tar xz --warning=no-unknown-keyword -C /tmp/97f4c13f-467d-407f-a86e-b01eb2c37ae4 -f /tmp/25cef0ee-2b3a-416a-af23-ccd91adc3142
[51f99748-c552-4fd5-9a64-092ccdffbc81/build]   💬  ::debug::Caching tool Java_Zulu_jdk 11.0.21-9 x64
[51f99748-c552-4fd5-9a64-092ccdffbc81/build]   💬  ::debug::source dir: /tmp/97f4c13f-467d-407f-a86e-b01eb2c37ae4/zulu11.68.17-ca-jdk11.0.21-linux_x64
[51f99748-c552-4fd5-9a64-092ccdffbc81/build]   💬  ::debug::destination /opt/hostedtoolcache/Java_Zulu_jdk/11.0.21-9/x64
[51f99748-c552-4fd5-9a64-092ccdffbc81/build]   💬  ::debug::finished caching tool
[51f99748-c552-4fd5-9a64-092ccdffbc81/build]   | Java 11.0.21+9 was downloaded
[51f99748-c552-4fd5-9a64-092ccdffbc81/build]   | Setting Java 11.0.21+9 as the default
[51f99748-c552-4fd5-9a64-092ccdffbc81/build]   | Creating toolchains.xml for JDK version 11 from zulu
[51f99748-c552-4fd5-9a64-092ccdffbc81/build]   | Writing to /home/runner/.m2/toolchains.xml
[51f99748-c552-4fd5-9a64-092ccdffbc81/build]   | 
[51f99748-c552-4fd5-9a64-092ccdffbc81/build]   | Java configuration:
[51f99748-c552-4fd5-9a64-092ccdffbc81/build]   |   Distribution: zulu
[51f99748-c552-4fd5-9a64-092ccdffbc81/build]   |   Version: 11.0.21+9
[51f99748-c552-4fd5-9a64-092ccdffbc81/build]   |   Path: /opt/hostedtoolcache/Java_Zulu_jdk/11.0.21-9/x64
[51f99748-c552-4fd5-9a64-092ccdffbc81/build]   | 
[51f99748-c552-4fd5-9a64-092ccdffbc81/build]   ❓  ::endgroup::
[51f99748-c552-4fd5-9a64-092ccdffbc81/build]   ❓ add-matcher /run/act/actions/actions-setup-java@v3/.github/java.json
[51f99748-c552-4fd5-9a64-092ccdffbc81/build]   | Creating settings.xml with server-id: github
[51f99748-c552-4fd5-9a64-092ccdffbc81/build]   | Writing to /home/runner/.m2/settings.xml
[51f99748-c552-4fd5-9a64-092ccdffbc81/build]   ✅  Success - Main actions/setup-java@v3
[51f99748-c552-4fd5-9a64-092ccdffbc81/build]   ⚙  ::set-env:: JAVA_HOME_11_X64=/opt/hostedtoolcache/Java_Zulu_jdk/11.0.21-9/x64
[51f99748-c552-4fd5-9a64-092ccdffbc81/build]   ⚙  ::set-env:: JAVA_HOME=/opt/hostedtoolcache/Java_Zulu_jdk/11.0.21-9/x64
[51f99748-c552-4fd5-9a64-092ccdffbc81/build]   ⚙  ::set-output:: distribution=Zulu
[51f99748-c552-4fd5-9a64-092ccdffbc81/build]   ⚙  ::set-output:: path=/opt/hostedtoolcache/Java_Zulu_jdk/11.0.21-9/x64
[51f99748-c552-4fd5-9a64-092ccdffbc81/build]   ⚙  ::set-output:: version=11.0.21+9
[51f99748-c552-4fd5-9a64-092ccdffbc81/build]   ⚙  ::add-path:: /opt/hostedtoolcache/Java_Zulu_jdk/11.0.21-9/x64/bin
[51f99748-c552-4fd5-9a64-092ccdffbc81/build] unable to get git ref: failed to identify reference (tag/branch) for the checked-out revision '03650fff8064b60ffcda75f9033fd44e66ef34b3'
[51f99748-c552-4fd5-9a64-092ccdffbc81/build] unable to get git ref: failed to identify reference (tag/branch) for the checked-out revision '03650fff8064b60ffcda75f9033fd44e66ef34b3'
[51f99748-c552-4fd5-9a64-092ccdffbc81/build] unable to get git ref: failed to identify reference (tag/branch) for the checked-out revision '03650fff8064b60ffcda75f9033fd44e66ef34b3'
[51f99748-c552-4fd5-9a64-092ccdffbc81/build] unable to get git ref: failed to identify reference (tag/branch) for the checked-out revision '03650fff8064b60ffcda75f9033fd44e66ef34b3'
[51f99748-c552-4fd5-9a64-092ccdffbc81/build] unable to get git ref: failed to identify reference (tag/branch) for the checked-out revision '03650fff8064b60ffcda75f9033fd44e66ef34b3'
[51f99748-c552-4fd5-9a64-092ccdffbc81/build] ⭐ Run Main ./gradlew build --no-daemon --warning-mode=fail
[51f99748-c552-4fd5-9a64-092ccdffbc81/build] unable to get git ref: failed to identify reference (tag/branch) for the checked-out revision '03650fff8064b60ffcda75f9033fd44e66ef34b3'
[51f99748-c552-4fd5-9a64-092ccdffbc81/build] unable to get git ref: failed to identify reference (tag/branch) for the checked-out revision '03650fff8064b60ffcda75f9033fd44e66ef34b3'
[51f99748-c552-4fd5-9a64-092ccdffbc81/build] unable to get git ref: failed to identify reference (tag/branch) for the checked-out revision '03650fff8064b60ffcda75f9033fd44e66ef34b3'
[51f99748-c552-4fd5-9a64-092ccdffbc81/build] unable to get git ref: failed to identify reference (tag/branch) for the checked-out revision '03650fff8064b60ffcda75f9033fd44e66ef34b3'
[51f99748-c552-4fd5-9a64-092ccdffbc81/build]   🐳  docker exec cmd=[bash --noprofile --norc -e -o pipefail /var/run/act/workflow/2] user= workdir=
[51f99748-c552-4fd5-9a64-092ccdffbc81/build]   | Downloading https://services.gradle.org/distributions/gradle-7.5.1-bin.zip
[51f99748-c552-4fd5-9a64-092ccdffbc81/build]   | ...........10%............20%...........30%............40%...........50%............60%...........70%............80%...........90%............100%
[51f99748-c552-4fd5-9a64-092ccdffbc81/build]   | 
[51f99748-c552-4fd5-9a64-092ccdffbc81/build]   | Welcome to Gradle 7.5.1!
[51f99748-c552-4fd5-9a64-092ccdffbc81/build]   | 
[51f99748-c552-4fd5-9a64-092ccdffbc81/build]   | Here are the highlights of this release:
[51f99748-c552-4fd5-9a64-092ccdffbc81/build]   |  - Support for Java 18
[51f99748-c552-4fd5-9a64-092ccdffbc81/build]   |  - Support for building with Groovy 4
[51f99748-c552-4fd5-9a64-092ccdffbc81/build]   |  - Much more responsive continuous builds
[51f99748-c552-4fd5-9a64-092ccdffbc81/build]   |  - Improved diagnostics for dependency resolution
[51f99748-c552-4fd5-9a64-092ccdffbc81/build]   | 
[51f99748-c552-4fd5-9a64-092ccdffbc81/build]   | For more details see https://docs.gradle.org/7.5.1/release-notes.html
[51f99748-c552-4fd5-9a64-092ccdffbc81/build]   | 
[51f99748-c552-4fd5-9a64-092ccdffbc81/build]   | To honour the JVM settings for this build a single-use Daemon process will be forked. See https://docs.gradle.org/7.5.1/userguide/gradle_daemon.html#sec:disabling_the_daemon.
[51f99748-c552-4fd5-9a64-092ccdffbc81/build]   | Daemon will be stopped at the end of the build 
[51f99748-c552-4fd5-9a64-092ccdffbc81/build]   | 
[51f99748-c552-4fd5-9a64-092ccdffbc81/build]   | > Configure project :
[51f99748-c552-4fd5-9a64-092ccdffbc81/build]   | Kordamp Enforcer Gradle plugin 0.13.0. Consider becoming a patron at https://www.patreon.com/aalmiray
[51f99748-c552-4fd5-9a64-092ccdffbc81/build]   | 
[51f99748-c552-4fd5-9a64-092ccdffbc81/build]   | > Task :copyDependencies
[51f99748-c552-4fd5-9a64-092ccdffbc81/build]   | > Task :extractIncludeProto
[51f99748-c552-4fd5-9a64-092ccdffbc81/build]   | > Task :extractProto
[51f99748-c552-4fd5-9a64-092ccdffbc81/build]   | > Task :generateProto
[51f99748-c552-4fd5-9a64-092ccdffbc81/build]   | > Task :compileJava
[51f99748-c552-4fd5-9a64-092ccdffbc81/build]   | Note: Some input files use or override a deprecated API.
[51f99748-c552-4fd5-9a64-092ccdffbc81/build]   | Note: Recompile with -Xlint:deprecation for details.
[51f99748-c552-4fd5-9a64-092ccdffbc81/build]   | Note: Some input files use unchecked or unsafe operations.
[51f99748-c552-4fd5-9a64-092ccdffbc81/build]   | Note: Recompile with -Xlint:unchecked for details.
[51f99748-c552-4fd5-9a64-092ccdffbc81/build]   | 
[51f99748-c552-4fd5-9a64-092ccdffbc81/build]   | > Task :processResources
[51f99748-c552-4fd5-9a64-092ccdffbc81/build]   | > Task :classes
[51f99748-c552-4fd5-9a64-092ccdffbc81/build]   | > Task :jar
[51f99748-c552-4fd5-9a64-092ccdffbc81/build]   | > Task :assemble
[51f99748-c552-4fd5-9a64-092ccdffbc81/build]   | > Task :extractIncludeTestProto
[51f99748-c552-4fd5-9a64-092ccdffbc81/build]   | > Task :extractTestProto
[51f99748-c552-4fd5-9a64-092ccdffbc81/build]   | > Task :generateTestProto NO-SOURCE
[51f99748-c552-4fd5-9a64-092ccdffbc81/build]   | 
[51f99748-c552-4fd5-9a64-092ccdffbc81/build]   | > Task :compileTestJava
[51f99748-c552-4fd5-9a64-092ccdffbc81/build]   | Note: Some input files use or override a deprecated API.
[51f99748-c552-4fd5-9a64-092ccdffbc81/build]   | Note: Recompile with -Xlint:deprecation for details.
[51f99748-c552-4fd5-9a64-092ccdffbc81/build]   | 
[51f99748-c552-4fd5-9a64-092ccdffbc81/build]   | > Task :processTestResources NO-SOURCE
[51f99748-c552-4fd5-9a64-092ccdffbc81/build]   | > Task :testClasses
[51f99748-c552-4fd5-9a64-092ccdffbc81/build]   | > Task :checkstyleTest SKIPPED
[51f99748-c552-4fd5-9a64-092ccdffbc81/build]   | 
[51f99748-c552-4fd5-9a64-092ccdffbc81/build]   | > Task :test
[51f99748-c552-4fd5-9a64-092ccdffbc81/build]   | 
[51f99748-c552-4fd5-9a64-092ccdffbc81/build]   | HuabaoProtocolDecoderTest > testDecode() FAILED
[51f99748-c552-4fd5-9a64-092ccdffbc81/build]   |     org.opentest4j.AssertionFailedError at HuabaoProtocolDecoderTest.java:17
[51f99748-c552-4fd5-9a64-092ccdffbc81/build]   | 
[51f99748-c552-4fd5-9a64-092ccdffbc81/build]   | 497 tests completed, 1 failed, 23 skipped
[51f99748-c552-4fd5-9a64-092ccdffbc81/build]   | 
[51f99748-c552-4fd5-9a64-092ccdffbc81/build]   | > Task :test FAILED
[51f99748-c552-4fd5-9a64-092ccdffbc81/build]   | > Task :checkstyleMain
[51f99748-c552-4fd5-9a64-092ccdffbc81/build]   | 
[51f99748-c552-4fd5-9a64-092ccdffbc81/build]   | FAILURE: Build failed with an exception.12 actionable tasks: 12 executed
[51f99748-c552-4fd5-9a64-092ccdffbc81/build]   | 
[51f99748-c552-4fd5-9a64-092ccdffbc81/build]   | 
[51f99748-c552-4fd5-9a64-092ccdffbc81/build]   | * What went wrong:
[51f99748-c552-4fd5-9a64-092ccdffbc81/build]   | Execution failed for task ':test'.
[51f99748-c552-4fd5-9a64-092ccdffbc81/build]   | > There were failing tests. See the report at: file:///tmp/73248ea7-0f42-43e6-bcb5-60acb8072ca0/build/reports/tests/test/index.html
[51f99748-c552-4fd5-9a64-092ccdffbc81/build]   | 
[51f99748-c552-4fd5-9a64-092ccdffbc81/build]   | * Try:
[51f99748-c552-4fd5-9a64-092ccdffbc81/build]   | > Run with --stacktrace option to get the stack trace.
[51f99748-c552-4fd5-9a64-092ccdffbc81/build]   | > Run with --info or --debug option to get more log output.
[51f99748-c552-4fd5-9a64-092ccdffbc81/build]   | > Run with --scan to get full insights.
[51f99748-c552-4fd5-9a64-092ccdffbc81/build]   | 
[51f99748-c552-4fd5-9a64-092ccdffbc81/build]   | * Get more help at https://help.gradle.org
[51f99748-c552-4fd5-9a64-092ccdffbc81/build]   | 
[51f99748-c552-4fd5-9a64-092ccdffbc81/build]   | BUILD FAILED in 2m 38s
[51f99748-c552-4fd5-9a64-092ccdffbc81/build]   ❌  Failure - Main ./gradlew build --no-daemon --warning-mode=fail
[51f99748-c552-4fd5-9a64-092ccdffbc81/build] exitcode '1': failure
[51f99748-c552-4fd5-9a64-092ccdffbc81/build] unable to get git ref: failed to identify reference (tag/branch) for the checked-out revision '03650fff8064b60ffcda75f9033fd44e66ef34b3'
[51f99748-c552-4fd5-9a64-092ccdffbc81/build] unable to get git ref: failed to identify reference (tag/branch) for the checked-out revision '03650fff8064b60ffcda75f9033fd44e66ef34b3'
[51f99748-c552-4fd5-9a64-092ccdffbc81/build] unable to get git ref: failed to identify reference (tag/branch) for the checked-out revision '03650fff8064b60ffcda75f9033fd44e66ef34b3'
[51f99748-c552-4fd5-9a64-092ccdffbc81/build] unable to get git ref: failed to identify reference (tag/branch) for the checked-out revision '03650fff8064b60ffcda75f9033fd44e66ef34b3'
[51f99748-c552-4fd5-9a64-092ccdffbc81/build] unable to get git ref: failed to identify reference (tag/branch) for the checked-out revision '03650fff8064b60ffcda75f9033fd44e66ef34b3'
[51f99748-c552-4fd5-9a64-092ccdffbc81/build] ⭐ Run Post actions/setup-java@v3
[51f99748-c552-4fd5-9a64-092ccdffbc81/build]   🐳  docker exec cmd=[node /var/run/act/actions/actions-setup-java@v3/dist/cleanup/index.js] user= workdir=
[51f99748-c552-4fd5-9a64-092ccdffbc81/build]   ✅  Success - Post actions/setup-java@v3
[51f99748-c552-4fd5-9a64-092ccdffbc81/build] 🏁  Job failed
[51f99748-c552-4fd5-9a64-092ccdffbc81/build] unable to get git ref: failed to identify reference (tag/branch) for the checked-out revision '03650fff8064b60ffcda75f9033fd44e66ef34b3'
