[efc3dec0-c1ee-4301-87a8-5721e72752b4/build] 🚀  Start image=gitbugactions:latest
[efc3dec0-c1ee-4301-87a8-5721e72752b4/build]   🐳  docker pull image=gitbugactions:latest platform= username= forcePull=false
[efc3dec0-c1ee-4301-87a8-5721e72752b4/build]   🐳  docker create image=gitbugactions:latest platform= entrypoint=["tail" "-f" "/dev/null"] cmd=[]
[efc3dec0-c1ee-4301-87a8-5721e72752b4/build]   🐳  docker run image=gitbugactions:latest platform= entrypoint=["tail" "-f" "/dev/null"] cmd=[]
[efc3dec0-c1ee-4301-87a8-5721e72752b4/build]   🐳  docker exec cmd=[chown -R 1012:1013 /tmp/a414ed91-e768-47e2-99dd-e6515b6c616e] user=0 workdir=
[efc3dec0-c1ee-4301-87a8-5721e72752b4/build] unable to get git ref: failed to identify reference (tag/branch) for the checked-out revision '4ece72558c80038728fa67ec51238bac48fc4d64'
[efc3dec0-c1ee-4301-87a8-5721e72752b4/build] unable to get git ref: failed to identify reference (tag/branch) for the checked-out revision '4ece72558c80038728fa67ec51238bac48fc4d64'
[efc3dec0-c1ee-4301-87a8-5721e72752b4/build] unable to get git ref: failed to identify reference (tag/branch) for the checked-out revision '4ece72558c80038728fa67ec51238bac48fc4d64'
[efc3dec0-c1ee-4301-87a8-5721e72752b4/build] unable to get git ref: failed to identify reference (tag/branch) for the checked-out revision '4ece72558c80038728fa67ec51238bac48fc4d64'
[efc3dec0-c1ee-4301-87a8-5721e72752b4/build] unable to get git ref: failed to identify reference (tag/branch) for the checked-out revision '4ece72558c80038728fa67ec51238bac48fc4d64'
[efc3dec0-c1ee-4301-87a8-5721e72752b4/build] unable to get git ref: failed to identify reference (tag/branch) for the checked-out revision '4ece72558c80038728fa67ec51238bac48fc4d64'
[efc3dec0-c1ee-4301-87a8-5721e72752b4/build] unable to get git ref: failed to identify reference (tag/branch) for the checked-out revision '4ece72558c80038728fa67ec51238bac48fc4d64'
[efc3dec0-c1ee-4301-87a8-5721e72752b4/build] unable to get git ref: failed to identify reference (tag/branch) for the checked-out revision '4ece72558c80038728fa67ec51238bac48fc4d64'
[efc3dec0-c1ee-4301-87a8-5721e72752b4/build] unable to get git ref: failed to identify reference (tag/branch) for the checked-out revision '4ece72558c80038728fa67ec51238bac48fc4d64'
[efc3dec0-c1ee-4301-87a8-5721e72752b4/build] ⭐ Run Main actions/checkout@v3
[efc3dec0-c1ee-4301-87a8-5721e72752b4/build] unable to get git ref: failed to identify reference (tag/branch) for the checked-out revision '4ece72558c80038728fa67ec51238bac48fc4d64'
[efc3dec0-c1ee-4301-87a8-5721e72752b4/build] unable to get git ref: failed to identify reference (tag/branch) for the checked-out revision '4ece72558c80038728fa67ec51238bac48fc4d64'
[efc3dec0-c1ee-4301-87a8-5721e72752b4/build]   🐳  docker cp src=/tmp/a414ed91-e768-47e2-99dd-e6515b6c616e/. dst=/tmp/a414ed91-e768-47e2-99dd-e6515b6c616e
[efc3dec0-c1ee-4301-87a8-5721e72752b4/build]   🐳  docker exec cmd=[chown -R 1012:1013 /tmp/a414ed91-e768-47e2-99dd-e6515b6c616e] user=0 workdir=
[efc3dec0-c1ee-4301-87a8-5721e72752b4/build]   ✅  Success - Main actions/checkout@v3
[efc3dec0-c1ee-4301-87a8-5721e72752b4/build] unable to get git ref: failed to identify reference (tag/branch) for the checked-out revision '4ece72558c80038728fa67ec51238bac48fc4d64'
[efc3dec0-c1ee-4301-87a8-5721e72752b4/build] unable to get git ref: failed to identify reference (tag/branch) for the checked-out revision '4ece72558c80038728fa67ec51238bac48fc4d64'
[efc3dec0-c1ee-4301-87a8-5721e72752b4/build] unable to get git ref: failed to identify reference (tag/branch) for the checked-out revision '4ece72558c80038728fa67ec51238bac48fc4d64'
[efc3dec0-c1ee-4301-87a8-5721e72752b4/build] unable to get git ref: failed to identify reference (tag/branch) for the checked-out revision '4ece72558c80038728fa67ec51238bac48fc4d64'
[efc3dec0-c1ee-4301-87a8-5721e72752b4/build] unable to get git ref: failed to identify reference (tag/branch) for the checked-out revision '4ece72558c80038728fa67ec51238bac48fc4d64'
[efc3dec0-c1ee-4301-87a8-5721e72752b4/build] ⭐ Run Main actions/setup-java@v3
[efc3dec0-c1ee-4301-87a8-5721e72752b4/build] unable to get git ref: failed to identify reference (tag/branch) for the checked-out revision '4ece72558c80038728fa67ec51238bac48fc4d64'
[efc3dec0-c1ee-4301-87a8-5721e72752b4/build] unable to get git ref: failed to identify reference (tag/branch) for the checked-out revision '4ece72558c80038728fa67ec51238bac48fc4d64'
[efc3dec0-c1ee-4301-87a8-5721e72752b4/build] unable to get git ref: failed to identify reference (tag/branch) for the checked-out revision '4ece72558c80038728fa67ec51238bac48fc4d64'
[efc3dec0-c1ee-4301-87a8-5721e72752b4/build]   🐳  docker cp src=/tmp/act-cache/085252b8-0fe4-4e0a-8be5-904102a6c1e0/act/actions-setup-java@v3/ dst=/var/run/act/actions/actions-setup-java@v3/
[efc3dec0-c1ee-4301-87a8-5721e72752b4/build]   🐳  docker exec cmd=[chown -R 1012:1013 /var/run/act/actions/actions-setup-java@v3/] user=0 workdir=
[efc3dec0-c1ee-4301-87a8-5721e72752b4/build]   🐳  docker exec cmd=[node /var/run/act/actions/actions-setup-java@v3/dist/setup/index.js] user= workdir=
[efc3dec0-c1ee-4301-87a8-5721e72752b4/build]   ❓  ::group::Installed distributions
[efc3dec0-c1ee-4301-87a8-5721e72752b4/build]   | Trying to resolve the latest version from remote
[efc3dec0-c1ee-4301-87a8-5721e72752b4/build]   💬  ::debug::Gathering available versions from 'https://api.azul.com/zulu/download/community/v1.0/bundles/?os=linux&ext=tar.gz&bundle_type=jdk&javafx=false&arch=x86&hw_bitness=64&release_status=ga'
[efc3dec0-c1ee-4301-87a8-5721e72752b4/build]   | Resolved latest version as 11.0.21+9
[efc3dec0-c1ee-4301-87a8-5721e72752b4/build]   | Trying to download...
[efc3dec0-c1ee-4301-87a8-5721e72752b4/build]   | Downloading Java 11.0.21+9 (Zulu) from https://cdn.azul.com/zulu/bin/zulu11.68.17-ca-jdk11.0.21-linux_x64.tar.gz ...
[efc3dec0-c1ee-4301-87a8-5721e72752b4/build]   💬  ::debug::Downloading https://cdn.azul.com/zulu/bin/zulu11.68.17-ca-jdk11.0.21-linux_x64.tar.gz
[efc3dec0-c1ee-4301-87a8-5721e72752b4/build]   💬  ::debug::Destination /tmp/f22349df-e5bb-4cc8-ad65-dc9a7de78035
[efc3dec0-c1ee-4301-87a8-5721e72752b4/build]   💬  ::debug::download complete
[efc3dec0-c1ee-4301-87a8-5721e72752b4/build]   | Extracting Java archive...
[efc3dec0-c1ee-4301-87a8-5721e72752b4/build]   💬  ::debug::Checking tar --version
[efc3dec0-c1ee-4301-87a8-5721e72752b4/build]   💬  ::debug::tar (GNU tar) 1.34%0ACopyright (C) 2021 Free Software Foundation, Inc.%0ALicense GPLv3+: GNU GPL version 3 or later <https://gnu.org/licenses/gpl.html>.%0AThis is free software: you are free to change and redistribute it.%0AThere is NO WARRANTY, to the extent permitted by law.%0A%0AWritten by John Gilmore and Jay Fenlason.
[efc3dec0-c1ee-4301-87a8-5721e72752b4/build]   | [command]/usr/bin/tar xz --warning=no-unknown-keyword -C /tmp/9e5029f0-1c20-4f54-8957-113437d70766 -f /tmp/f22349df-e5bb-4cc8-ad65-dc9a7de78035
[efc3dec0-c1ee-4301-87a8-5721e72752b4/build]   💬  ::debug::Caching tool Java_Zulu_jdk 11.0.21-9 x64
[efc3dec0-c1ee-4301-87a8-5721e72752b4/build]   💬  ::debug::source dir: /tmp/9e5029f0-1c20-4f54-8957-113437d70766/zulu11.68.17-ca-jdk11.0.21-linux_x64
[efc3dec0-c1ee-4301-87a8-5721e72752b4/build]   💬  ::debug::destination /opt/hostedtoolcache/Java_Zulu_jdk/11.0.21-9/x64
[efc3dec0-c1ee-4301-87a8-5721e72752b4/build]   💬  ::debug::finished caching tool
[efc3dec0-c1ee-4301-87a8-5721e72752b4/build]   | Java 11.0.21+9 was downloaded
[efc3dec0-c1ee-4301-87a8-5721e72752b4/build]   | Setting Java 11.0.21+9 as the default
[efc3dec0-c1ee-4301-87a8-5721e72752b4/build]   | Creating toolchains.xml for JDK version 11 from zulu
[efc3dec0-c1ee-4301-87a8-5721e72752b4/build]   | Writing to /home/runner/.m2/toolchains.xml
[efc3dec0-c1ee-4301-87a8-5721e72752b4/build]   | 
[efc3dec0-c1ee-4301-87a8-5721e72752b4/build]   | Java configuration:
[efc3dec0-c1ee-4301-87a8-5721e72752b4/build]   |   Distribution: zulu
[efc3dec0-c1ee-4301-87a8-5721e72752b4/build]   |   Version: 11.0.21+9
[efc3dec0-c1ee-4301-87a8-5721e72752b4/build]   |   Path: /opt/hostedtoolcache/Java_Zulu_jdk/11.0.21-9/x64
[efc3dec0-c1ee-4301-87a8-5721e72752b4/build]   | 
[efc3dec0-c1ee-4301-87a8-5721e72752b4/build]   ❓  ::endgroup::
[efc3dec0-c1ee-4301-87a8-5721e72752b4/build]   ❓ add-matcher /run/act/actions/actions-setup-java@v3/.github/java.json
[efc3dec0-c1ee-4301-87a8-5721e72752b4/build]   | Creating settings.xml with server-id: github
[efc3dec0-c1ee-4301-87a8-5721e72752b4/build]   | Writing to /home/runner/.m2/settings.xml
[efc3dec0-c1ee-4301-87a8-5721e72752b4/build]   ✅  Success - Main actions/setup-java@v3
[efc3dec0-c1ee-4301-87a8-5721e72752b4/build]   ⚙  ::set-env:: JAVA_HOME=/opt/hostedtoolcache/Java_Zulu_jdk/11.0.21-9/x64
[efc3dec0-c1ee-4301-87a8-5721e72752b4/build]   ⚙  ::set-env:: JAVA_HOME_11_X64=/opt/hostedtoolcache/Java_Zulu_jdk/11.0.21-9/x64
[efc3dec0-c1ee-4301-87a8-5721e72752b4/build]   ⚙  ::set-output:: version=11.0.21+9
[efc3dec0-c1ee-4301-87a8-5721e72752b4/build]   ⚙  ::set-output:: distribution=Zulu
[efc3dec0-c1ee-4301-87a8-5721e72752b4/build]   ⚙  ::set-output:: path=/opt/hostedtoolcache/Java_Zulu_jdk/11.0.21-9/x64
[efc3dec0-c1ee-4301-87a8-5721e72752b4/build]   ⚙  ::add-path:: /opt/hostedtoolcache/Java_Zulu_jdk/11.0.21-9/x64/bin
[efc3dec0-c1ee-4301-87a8-5721e72752b4/build] unable to get git ref: failed to identify reference (tag/branch) for the checked-out revision '4ece72558c80038728fa67ec51238bac48fc4d64'
[efc3dec0-c1ee-4301-87a8-5721e72752b4/build] unable to get git ref: failed to identify reference (tag/branch) for the checked-out revision '4ece72558c80038728fa67ec51238bac48fc4d64'
[efc3dec0-c1ee-4301-87a8-5721e72752b4/build] unable to get git ref: failed to identify reference (tag/branch) for the checked-out revision '4ece72558c80038728fa67ec51238bac48fc4d64'
[efc3dec0-c1ee-4301-87a8-5721e72752b4/build] unable to get git ref: failed to identify reference (tag/branch) for the checked-out revision '4ece72558c80038728fa67ec51238bac48fc4d64'
[efc3dec0-c1ee-4301-87a8-5721e72752b4/build] unable to get git ref: failed to identify reference (tag/branch) for the checked-out revision '4ece72558c80038728fa67ec51238bac48fc4d64'
[efc3dec0-c1ee-4301-87a8-5721e72752b4/build] ⭐ Run Main ./gradlew build --no-daemon --warning-mode=fail
[efc3dec0-c1ee-4301-87a8-5721e72752b4/build] unable to get git ref: failed to identify reference (tag/branch) for the checked-out revision '4ece72558c80038728fa67ec51238bac48fc4d64'
[efc3dec0-c1ee-4301-87a8-5721e72752b4/build] unable to get git ref: failed to identify reference (tag/branch) for the checked-out revision '4ece72558c80038728fa67ec51238bac48fc4d64'
[efc3dec0-c1ee-4301-87a8-5721e72752b4/build] unable to get git ref: failed to identify reference (tag/branch) for the checked-out revision '4ece72558c80038728fa67ec51238bac48fc4d64'
[efc3dec0-c1ee-4301-87a8-5721e72752b4/build] unable to get git ref: failed to identify reference (tag/branch) for the checked-out revision '4ece72558c80038728fa67ec51238bac48fc4d64'
[efc3dec0-c1ee-4301-87a8-5721e72752b4/build]   🐳  docker exec cmd=[bash --noprofile --norc -e -o pipefail /var/run/act/workflow/2] user= workdir=
[efc3dec0-c1ee-4301-87a8-5721e72752b4/build]   | Downloading https://services.gradle.org/distributions/gradle-7.5.1-bin.zip
[efc3dec0-c1ee-4301-87a8-5721e72752b4/build]   | ...........10%............20%...........30%............40%...........50%............60%...........70%............80%...........90%............100%
[efc3dec0-c1ee-4301-87a8-5721e72752b4/build]   | 
[efc3dec0-c1ee-4301-87a8-5721e72752b4/build]   | Welcome to Gradle 7.5.1!
[efc3dec0-c1ee-4301-87a8-5721e72752b4/build]   | 
[efc3dec0-c1ee-4301-87a8-5721e72752b4/build]   | Here are the highlights of this release:
[efc3dec0-c1ee-4301-87a8-5721e72752b4/build]   |  - Support for Java 18
[efc3dec0-c1ee-4301-87a8-5721e72752b4/build]   |  - Support for building with Groovy 4
[efc3dec0-c1ee-4301-87a8-5721e72752b4/build]   |  - Much more responsive continuous builds
[efc3dec0-c1ee-4301-87a8-5721e72752b4/build]   |  - Improved diagnostics for dependency resolution
[efc3dec0-c1ee-4301-87a8-5721e72752b4/build]   | 
[efc3dec0-c1ee-4301-87a8-5721e72752b4/build]   | For more details see https://docs.gradle.org/7.5.1/release-notes.html
[efc3dec0-c1ee-4301-87a8-5721e72752b4/build]   | 
[efc3dec0-c1ee-4301-87a8-5721e72752b4/build]   | To honour the JVM settings for this build a single-use Daemon process will be forked. See https://docs.gradle.org/7.5.1/userguide/gradle_daemon.html#sec:disabling_the_daemon.
[efc3dec0-c1ee-4301-87a8-5721e72752b4/build]   | Daemon will be stopped at the end of the build 
[efc3dec0-c1ee-4301-87a8-5721e72752b4/build]   | 
[efc3dec0-c1ee-4301-87a8-5721e72752b4/build]   | > Configure project :
[efc3dec0-c1ee-4301-87a8-5721e72752b4/build]   | Kordamp Enforcer Gradle plugin 0.10.0. Consider becoming a patron at https://www.patreon.com/aalmiray
[efc3dec0-c1ee-4301-87a8-5721e72752b4/build]   | 
[efc3dec0-c1ee-4301-87a8-5721e72752b4/build]   | > Task :copyDependencies
[efc3dec0-c1ee-4301-87a8-5721e72752b4/build]   | > Task :extractIncludeProto
[efc3dec0-c1ee-4301-87a8-5721e72752b4/build]   | > Task :extractProto
[efc3dec0-c1ee-4301-87a8-5721e72752b4/build]   | > Task :generateProto
[efc3dec0-c1ee-4301-87a8-5721e72752b4/build]   | > Task :compileJava
[efc3dec0-c1ee-4301-87a8-5721e72752b4/build]   | Note: Some input files use or override a deprecated API.
[efc3dec0-c1ee-4301-87a8-5721e72752b4/build]   | Note: Recompile with -Xlint:deprecation for details.
[efc3dec0-c1ee-4301-87a8-5721e72752b4/build]   | Note: Some input files use unchecked or unsafe operations.
[efc3dec0-c1ee-4301-87a8-5721e72752b4/build]   | Note: Recompile with -Xlint:unchecked for details.
[efc3dec0-c1ee-4301-87a8-5721e72752b4/build]   | 
[efc3dec0-c1ee-4301-87a8-5721e72752b4/build]   | > Task :processResources
[efc3dec0-c1ee-4301-87a8-5721e72752b4/build]   | > Task :classes
[efc3dec0-c1ee-4301-87a8-5721e72752b4/build]   | > Task :jar
[efc3dec0-c1ee-4301-87a8-5721e72752b4/build]   | > Task :assemble
[efc3dec0-c1ee-4301-87a8-5721e72752b4/build]   | > Task :extractIncludeTestProto
[efc3dec0-c1ee-4301-87a8-5721e72752b4/build]   | > Task :extractTestProto
[efc3dec0-c1ee-4301-87a8-5721e72752b4/build]   | > Task :generateTestProto NO-SOURCE
[efc3dec0-c1ee-4301-87a8-5721e72752b4/build]   | 
[efc3dec0-c1ee-4301-87a8-5721e72752b4/build]   | > Task :compileTestJava
[efc3dec0-c1ee-4301-87a8-5721e72752b4/build]   | Note: Some input files use or override a deprecated API.
[efc3dec0-c1ee-4301-87a8-5721e72752b4/build]   | Note: Recompile with -Xlint:deprecation for details.
[efc3dec0-c1ee-4301-87a8-5721e72752b4/build]   | 
[efc3dec0-c1ee-4301-87a8-5721e72752b4/build]   | > Task :processTestResources NO-SOURCE
[efc3dec0-c1ee-4301-87a8-5721e72752b4/build]   | > Task :testClasses
[efc3dec0-c1ee-4301-87a8-5721e72752b4/build]   | > Task :checkstyleTest SKIPPED
[efc3dec0-c1ee-4301-87a8-5721e72752b4/build]   | > Task :checkstyleMain
[efc3dec0-c1ee-4301-87a8-5721e72752b4/build]   | > Task :test
[efc3dec0-c1ee-4301-87a8-5721e72752b4/build]   | > Task :check
[efc3dec0-c1ee-4301-87a8-5721e72752b4/build]   | > Task :build
[efc3dec0-c1ee-4301-87a8-5721e72752b4/build]   | 
[efc3dec0-c1ee-4301-87a8-5721e72752b4/build]   | BUILD SUCCESSFUL in 3m 17s
[efc3dec0-c1ee-4301-87a8-5721e72752b4/build]   | 12 actionable tasks: 12 executed
[efc3dec0-c1ee-4301-87a8-5721e72752b4/build]   ✅  Success - Main ./gradlew build --no-daemon --warning-mode=fail
[efc3dec0-c1ee-4301-87a8-5721e72752b4/build] unable to get git ref: failed to identify reference (tag/branch) for the checked-out revision '4ece72558c80038728fa67ec51238bac48fc4d64'
[efc3dec0-c1ee-4301-87a8-5721e72752b4/build] unable to get git ref: failed to identify reference (tag/branch) for the checked-out revision '4ece72558c80038728fa67ec51238bac48fc4d64'
[efc3dec0-c1ee-4301-87a8-5721e72752b4/build] unable to get git ref: failed to identify reference (tag/branch) for the checked-out revision '4ece72558c80038728fa67ec51238bac48fc4d64'
[efc3dec0-c1ee-4301-87a8-5721e72752b4/build] unable to get git ref: failed to identify reference (tag/branch) for the checked-out revision '4ece72558c80038728fa67ec51238bac48fc4d64'
[efc3dec0-c1ee-4301-87a8-5721e72752b4/build] unable to get git ref: failed to identify reference (tag/branch) for the checked-out revision '4ece72558c80038728fa67ec51238bac48fc4d64'
[efc3dec0-c1ee-4301-87a8-5721e72752b4/build] ⭐ Run Post actions/setup-java@v3
[efc3dec0-c1ee-4301-87a8-5721e72752b4/build]   🐳  docker exec cmd=[node /var/run/act/actions/actions-setup-java@v3/dist/cleanup/index.js] user= workdir=
[efc3dec0-c1ee-4301-87a8-5721e72752b4/build]   ✅  Success - Post actions/setup-java@v3
[efc3dec0-c1ee-4301-87a8-5721e72752b4/build] 🏁  Job succeeded
[efc3dec0-c1ee-4301-87a8-5721e72752b4/build] unable to get git ref: failed to identify reference (tag/branch) for the checked-out revision '4ece72558c80038728fa67ec51238bac48fc4d64'
