[cd478f8d-978c-459a-9046-afb05567fba4/build] 🚀  Start image=gitbugactions:latest
[cd478f8d-978c-459a-9046-afb05567fba4/build]   🐳  docker pull image=gitbugactions:latest platform= username= forcePull=false
[cd478f8d-978c-459a-9046-afb05567fba4/build]   🐳  docker create image=gitbugactions:latest platform= entrypoint=["tail" "-f" "/dev/null"] cmd=[]
[cd478f8d-978c-459a-9046-afb05567fba4/build]   🐳  docker run image=gitbugactions:latest platform= entrypoint=["tail" "-f" "/dev/null"] cmd=[]
[cd478f8d-978c-459a-9046-afb05567fba4/build]   🐳  docker exec cmd=[chown -R 1012:1013 /tmp/fc2670f2-56d5-464b-8318-5d38c69af286] user=0 workdir=
[cd478f8d-978c-459a-9046-afb05567fba4/build] unable to get git ref: failed to identify reference (tag/branch) for the checked-out revision '2be2a4558ace9825a69aecf6329305490eb5fe5e'
[cd478f8d-978c-459a-9046-afb05567fba4/build] unable to get git ref: failed to identify reference (tag/branch) for the checked-out revision '2be2a4558ace9825a69aecf6329305490eb5fe5e'
[cd478f8d-978c-459a-9046-afb05567fba4/build] unable to get git ref: failed to identify reference (tag/branch) for the checked-out revision '2be2a4558ace9825a69aecf6329305490eb5fe5e'
[cd478f8d-978c-459a-9046-afb05567fba4/build] unable to get git ref: failed to identify reference (tag/branch) for the checked-out revision '2be2a4558ace9825a69aecf6329305490eb5fe5e'
[cd478f8d-978c-459a-9046-afb05567fba4/build] unable to get git ref: failed to identify reference (tag/branch) for the checked-out revision '2be2a4558ace9825a69aecf6329305490eb5fe5e'
[cd478f8d-978c-459a-9046-afb05567fba4/build] unable to get git ref: failed to identify reference (tag/branch) for the checked-out revision '2be2a4558ace9825a69aecf6329305490eb5fe5e'
[cd478f8d-978c-459a-9046-afb05567fba4/build] unable to get git ref: failed to identify reference (tag/branch) for the checked-out revision '2be2a4558ace9825a69aecf6329305490eb5fe5e'
[cd478f8d-978c-459a-9046-afb05567fba4/build] unable to get git ref: failed to identify reference (tag/branch) for the checked-out revision '2be2a4558ace9825a69aecf6329305490eb5fe5e'
[cd478f8d-978c-459a-9046-afb05567fba4/build] unable to get git ref: failed to identify reference (tag/branch) for the checked-out revision '2be2a4558ace9825a69aecf6329305490eb5fe5e'
[cd478f8d-978c-459a-9046-afb05567fba4/build] ⭐ Run Main actions/checkout@v3
[cd478f8d-978c-459a-9046-afb05567fba4/build] unable to get git ref: failed to identify reference (tag/branch) for the checked-out revision '2be2a4558ace9825a69aecf6329305490eb5fe5e'
[cd478f8d-978c-459a-9046-afb05567fba4/build] unable to get git ref: failed to identify reference (tag/branch) for the checked-out revision '2be2a4558ace9825a69aecf6329305490eb5fe5e'
[cd478f8d-978c-459a-9046-afb05567fba4/build]   🐳  docker cp src=/tmp/fc2670f2-56d5-464b-8318-5d38c69af286/. dst=/tmp/fc2670f2-56d5-464b-8318-5d38c69af286
[cd478f8d-978c-459a-9046-afb05567fba4/build]   🐳  docker exec cmd=[chown -R 1012:1013 /tmp/fc2670f2-56d5-464b-8318-5d38c69af286] user=0 workdir=
[cd478f8d-978c-459a-9046-afb05567fba4/build]   ✅  Success - Main actions/checkout@v3
[cd478f8d-978c-459a-9046-afb05567fba4/build] unable to get git ref: failed to identify reference (tag/branch) for the checked-out revision '2be2a4558ace9825a69aecf6329305490eb5fe5e'
[cd478f8d-978c-459a-9046-afb05567fba4/build] unable to get git ref: failed to identify reference (tag/branch) for the checked-out revision '2be2a4558ace9825a69aecf6329305490eb5fe5e'
[cd478f8d-978c-459a-9046-afb05567fba4/build] unable to get git ref: failed to identify reference (tag/branch) for the checked-out revision '2be2a4558ace9825a69aecf6329305490eb5fe5e'
[cd478f8d-978c-459a-9046-afb05567fba4/build] unable to get git ref: failed to identify reference (tag/branch) for the checked-out revision '2be2a4558ace9825a69aecf6329305490eb5fe5e'
[cd478f8d-978c-459a-9046-afb05567fba4/build] unable to get git ref: failed to identify reference (tag/branch) for the checked-out revision '2be2a4558ace9825a69aecf6329305490eb5fe5e'
[cd478f8d-978c-459a-9046-afb05567fba4/build] ⭐ Run Main actions/setup-java@v3
[cd478f8d-978c-459a-9046-afb05567fba4/build] unable to get git ref: failed to identify reference (tag/branch) for the checked-out revision '2be2a4558ace9825a69aecf6329305490eb5fe5e'
[cd478f8d-978c-459a-9046-afb05567fba4/build] unable to get git ref: failed to identify reference (tag/branch) for the checked-out revision '2be2a4558ace9825a69aecf6329305490eb5fe5e'
[cd478f8d-978c-459a-9046-afb05567fba4/build] unable to get git ref: failed to identify reference (tag/branch) for the checked-out revision '2be2a4558ace9825a69aecf6329305490eb5fe5e'
[cd478f8d-978c-459a-9046-afb05567fba4/build]   🐳  docker cp src=/tmp/act-cache/c4922c8f-dae0-49c2-a391-8506d72e4c23/act/actions-setup-java@v3/ dst=/var/run/act/actions/actions-setup-java@v3/
[cd478f8d-978c-459a-9046-afb05567fba4/build]   🐳  docker exec cmd=[chown -R 1012:1013 /var/run/act/actions/actions-setup-java@v3/] user=0 workdir=
[cd478f8d-978c-459a-9046-afb05567fba4/build]   🐳  docker exec cmd=[node /var/run/act/actions/actions-setup-java@v3/dist/setup/index.js] user= workdir=
[cd478f8d-978c-459a-9046-afb05567fba4/build]   ❓  ::group::Installed distributions
[cd478f8d-978c-459a-9046-afb05567fba4/build]   | Trying to resolve the latest version from remote
[cd478f8d-978c-459a-9046-afb05567fba4/build]   💬  ::debug::Gathering available versions from 'https://api.azul.com/zulu/download/community/v1.0/bundles/?os=linux&ext=tar.gz&bundle_type=jdk&javafx=false&arch=x86&hw_bitness=64&release_status=ga'
[cd478f8d-978c-459a-9046-afb05567fba4/build]   | Resolved latest version as 11.0.21+9
[cd478f8d-978c-459a-9046-afb05567fba4/build]   | Trying to download...
[cd478f8d-978c-459a-9046-afb05567fba4/build]   | Downloading Java 11.0.21+9 (Zulu) from https://cdn.azul.com/zulu/bin/zulu11.68.17-ca-jdk11.0.21-linux_x64.tar.gz ...
[cd478f8d-978c-459a-9046-afb05567fba4/build]   💬  ::debug::Downloading https://cdn.azul.com/zulu/bin/zulu11.68.17-ca-jdk11.0.21-linux_x64.tar.gz
[cd478f8d-978c-459a-9046-afb05567fba4/build]   💬  ::debug::Destination /tmp/e138ba08-6f78-4ae9-aa08-554e56473fff
[cd478f8d-978c-459a-9046-afb05567fba4/build]   💬  ::debug::download complete
[cd478f8d-978c-459a-9046-afb05567fba4/build]   | Extracting Java archive...
[cd478f8d-978c-459a-9046-afb05567fba4/build]   💬  ::debug::Checking tar --version
[cd478f8d-978c-459a-9046-afb05567fba4/build]   💬  ::debug::tar (GNU tar) 1.34%0ACopyright (C) 2021 Free Software Foundation, Inc.%0ALicense GPLv3+: GNU GPL version 3 or later <https://gnu.org/licenses/gpl.html>.%0AThis is free software: you are free to change and redistribute it.%0AThere is NO WARRANTY, to the extent permitted by law.%0A%0AWritten by John Gilmore and Jay Fenlason.
[cd478f8d-978c-459a-9046-afb05567fba4/build]   | [command]/usr/bin/tar xz --warning=no-unknown-keyword -C /tmp/bc79345d-8e4a-4dc0-88af-28b5450aed38 -f /tmp/e138ba08-6f78-4ae9-aa08-554e56473fff
[cd478f8d-978c-459a-9046-afb05567fba4/build]   💬  ::debug::Caching tool Java_Zulu_jdk 11.0.21-9 x64
[cd478f8d-978c-459a-9046-afb05567fba4/build]   💬  ::debug::source dir: /tmp/bc79345d-8e4a-4dc0-88af-28b5450aed38/zulu11.68.17-ca-jdk11.0.21-linux_x64
[cd478f8d-978c-459a-9046-afb05567fba4/build]   💬  ::debug::destination /opt/hostedtoolcache/Java_Zulu_jdk/11.0.21-9/x64
[cd478f8d-978c-459a-9046-afb05567fba4/build]   💬  ::debug::finished caching tool
[cd478f8d-978c-459a-9046-afb05567fba4/build]   | Java 11.0.21+9 was downloaded
[cd478f8d-978c-459a-9046-afb05567fba4/build]   | Setting Java 11.0.21+9 as the default
[cd478f8d-978c-459a-9046-afb05567fba4/build]   | Creating toolchains.xml for JDK version 11 from zulu
[cd478f8d-978c-459a-9046-afb05567fba4/build]   | Writing to /home/runner/.m2/toolchains.xml
[cd478f8d-978c-459a-9046-afb05567fba4/build]   | 
[cd478f8d-978c-459a-9046-afb05567fba4/build]   | Java configuration:
[cd478f8d-978c-459a-9046-afb05567fba4/build]   |   Distribution: zulu
[cd478f8d-978c-459a-9046-afb05567fba4/build]   |   Version: 11.0.21+9
[cd478f8d-978c-459a-9046-afb05567fba4/build]   |   Path: /opt/hostedtoolcache/Java_Zulu_jdk/11.0.21-9/x64
[cd478f8d-978c-459a-9046-afb05567fba4/build]   | 
[cd478f8d-978c-459a-9046-afb05567fba4/build]   ❓  ::endgroup::
[cd478f8d-978c-459a-9046-afb05567fba4/build]   ❓ add-matcher /run/act/actions/actions-setup-java@v3/.github/java.json
[cd478f8d-978c-459a-9046-afb05567fba4/build]   | Creating settings.xml with server-id: github
[cd478f8d-978c-459a-9046-afb05567fba4/build]   | Writing to /home/runner/.m2/settings.xml
[cd478f8d-978c-459a-9046-afb05567fba4/build]   ✅  Success - Main actions/setup-java@v3
[cd478f8d-978c-459a-9046-afb05567fba4/build]   ⚙  ::set-env:: JAVA_HOME=/opt/hostedtoolcache/Java_Zulu_jdk/11.0.21-9/x64
[cd478f8d-978c-459a-9046-afb05567fba4/build]   ⚙  ::set-env:: JAVA_HOME_11_X64=/opt/hostedtoolcache/Java_Zulu_jdk/11.0.21-9/x64
[cd478f8d-978c-459a-9046-afb05567fba4/build]   ⚙  ::set-output:: distribution=Zulu
[cd478f8d-978c-459a-9046-afb05567fba4/build]   ⚙  ::set-output:: path=/opt/hostedtoolcache/Java_Zulu_jdk/11.0.21-9/x64
[cd478f8d-978c-459a-9046-afb05567fba4/build]   ⚙  ::set-output:: version=11.0.21+9
[cd478f8d-978c-459a-9046-afb05567fba4/build]   ⚙  ::add-path:: /opt/hostedtoolcache/Java_Zulu_jdk/11.0.21-9/x64/bin
[cd478f8d-978c-459a-9046-afb05567fba4/build] unable to get git ref: failed to identify reference (tag/branch) for the checked-out revision '2be2a4558ace9825a69aecf6329305490eb5fe5e'
[cd478f8d-978c-459a-9046-afb05567fba4/build] unable to get git ref: failed to identify reference (tag/branch) for the checked-out revision '2be2a4558ace9825a69aecf6329305490eb5fe5e'
[cd478f8d-978c-459a-9046-afb05567fba4/build] unable to get git ref: failed to identify reference (tag/branch) for the checked-out revision '2be2a4558ace9825a69aecf6329305490eb5fe5e'
[cd478f8d-978c-459a-9046-afb05567fba4/build] unable to get git ref: failed to identify reference (tag/branch) for the checked-out revision '2be2a4558ace9825a69aecf6329305490eb5fe5e'
[cd478f8d-978c-459a-9046-afb05567fba4/build] unable to get git ref: failed to identify reference (tag/branch) for the checked-out revision '2be2a4558ace9825a69aecf6329305490eb5fe5e'
[cd478f8d-978c-459a-9046-afb05567fba4/build] ⭐ Run Main ./gradlew build --no-daemon --warning-mode=fail
[cd478f8d-978c-459a-9046-afb05567fba4/build] unable to get git ref: failed to identify reference (tag/branch) for the checked-out revision '2be2a4558ace9825a69aecf6329305490eb5fe5e'
[cd478f8d-978c-459a-9046-afb05567fba4/build] unable to get git ref: failed to identify reference (tag/branch) for the checked-out revision '2be2a4558ace9825a69aecf6329305490eb5fe5e'
[cd478f8d-978c-459a-9046-afb05567fba4/build] unable to get git ref: failed to identify reference (tag/branch) for the checked-out revision '2be2a4558ace9825a69aecf6329305490eb5fe5e'
[cd478f8d-978c-459a-9046-afb05567fba4/build] unable to get git ref: failed to identify reference (tag/branch) for the checked-out revision '2be2a4558ace9825a69aecf6329305490eb5fe5e'
[cd478f8d-978c-459a-9046-afb05567fba4/build]   🐳  docker exec cmd=[bash --noprofile --norc -e -o pipefail /var/run/act/workflow/2] user= workdir=
[cd478f8d-978c-459a-9046-afb05567fba4/build]   | Downloading https://services.gradle.org/distributions/gradle-7.5.1-bin.zip
[cd478f8d-978c-459a-9046-afb05567fba4/build]   | ...........10%............20%...........30%............40%...........50%............60%...........70%............80%...........90%............100%
[cd478f8d-978c-459a-9046-afb05567fba4/build]   | 
[cd478f8d-978c-459a-9046-afb05567fba4/build]   | Welcome to Gradle 7.5.1!
[cd478f8d-978c-459a-9046-afb05567fba4/build]   | 
[cd478f8d-978c-459a-9046-afb05567fba4/build]   | Here are the highlights of this release:
[cd478f8d-978c-459a-9046-afb05567fba4/build]   |  - Support for Java 18
[cd478f8d-978c-459a-9046-afb05567fba4/build]   |  - Support for building with Groovy 4
[cd478f8d-978c-459a-9046-afb05567fba4/build]   |  - Much more responsive continuous builds
[cd478f8d-978c-459a-9046-afb05567fba4/build]   |  - Improved diagnostics for dependency resolution
[cd478f8d-978c-459a-9046-afb05567fba4/build]   | 
[cd478f8d-978c-459a-9046-afb05567fba4/build]   | For more details see https://docs.gradle.org/7.5.1/release-notes.html
[cd478f8d-978c-459a-9046-afb05567fba4/build]   | 
[cd478f8d-978c-459a-9046-afb05567fba4/build]   | To honour the JVM settings for this build a single-use Daemon process will be forked. See https://docs.gradle.org/7.5.1/userguide/gradle_daemon.html#sec:disabling_the_daemon.
[cd478f8d-978c-459a-9046-afb05567fba4/build]   | Daemon will be stopped at the end of the build 
[cd478f8d-978c-459a-9046-afb05567fba4/build]   | 
[cd478f8d-978c-459a-9046-afb05567fba4/build]   | > Configure project :
[cd478f8d-978c-459a-9046-afb05567fba4/build]   | Kordamp Enforcer Gradle plugin 0.13.0. Consider becoming a patron at https://www.patreon.com/aalmiray
[cd478f8d-978c-459a-9046-afb05567fba4/build]   | 
[cd478f8d-978c-459a-9046-afb05567fba4/build]   | > Task :copyDependencies
[cd478f8d-978c-459a-9046-afb05567fba4/build]   | > Task :extractIncludeProto
[cd478f8d-978c-459a-9046-afb05567fba4/build]   | > Task :extractProto
[cd478f8d-978c-459a-9046-afb05567fba4/build]   | > Task :generateProto
[cd478f8d-978c-459a-9046-afb05567fba4/build]   | > Task :compileJava
[cd478f8d-978c-459a-9046-afb05567fba4/build]   | Note: Some input files use or override a deprecated API.
[cd478f8d-978c-459a-9046-afb05567fba4/build]   | Note: Recompile with -Xlint:deprecation for details.
[cd478f8d-978c-459a-9046-afb05567fba4/build]   | Note: Some input files use unchecked or unsafe operations.
[cd478f8d-978c-459a-9046-afb05567fba4/build]   | Note: Recompile with -Xlint:unchecked for details.
[cd478f8d-978c-459a-9046-afb05567fba4/build]   | 
[cd478f8d-978c-459a-9046-afb05567fba4/build]   | > Task :processResources
[cd478f8d-978c-459a-9046-afb05567fba4/build]   | > Task :classes
[cd478f8d-978c-459a-9046-afb05567fba4/build]   | > Task :jar
[cd478f8d-978c-459a-9046-afb05567fba4/build]   | > Task :assemble
[cd478f8d-978c-459a-9046-afb05567fba4/build]   | > Task :extractIncludeTestProto
[cd478f8d-978c-459a-9046-afb05567fba4/build]   | > Task :extractTestProto
[cd478f8d-978c-459a-9046-afb05567fba4/build]   | > Task :generateTestProto NO-SOURCE
[cd478f8d-978c-459a-9046-afb05567fba4/build]   | Note: Some input files use or override a deprecated API.
[cd478f8d-978c-459a-9046-afb05567fba4/build]   | Note: Recompile with -Xlint:deprecation for details.
[cd478f8d-978c-459a-9046-afb05567fba4/build]   | 
[cd478f8d-978c-459a-9046-afb05567fba4/build]   | > Task :compileTestJava
[cd478f8d-978c-459a-9046-afb05567fba4/build]   | 
[cd478f8d-978c-459a-9046-afb05567fba4/build]   | > Task :processTestResources NO-SOURCE
[cd478f8d-978c-459a-9046-afb05567fba4/build]   | > Task :testClasses
[cd478f8d-978c-459a-9046-afb05567fba4/build]   | > Task :checkstyleTest SKIPPED
[cd478f8d-978c-459a-9046-afb05567fba4/build]   | > Task :checkstyleMain
[cd478f8d-978c-459a-9046-afb05567fba4/build]   | 
[cd478f8d-978c-459a-9046-afb05567fba4/build]   | 498 tests completed, 1 failed, 24 skipped
[cd478f8d-978c-459a-9046-afb05567fba4/build]   | 
[cd478f8d-978c-459a-9046-afb05567fba4/build]   | > Task :test FAILED
[cd478f8d-978c-459a-9046-afb05567fba4/build]   | 
[cd478f8d-978c-459a-9046-afb05567fba4/build]   | Minifinder2ProtocolDecoderTest > testDecode() FAILED
[cd478f8d-978c-459a-9046-afb05567fba4/build]   |     java.lang.NullPointerException at Minifinder2ProtocolDecoderTest.java:18
[cd478f8d-978c-459a-9046-afb05567fba4/build]   | 12 actionable tasks: 12 executed
[cd478f8d-978c-459a-9046-afb05567fba4/build]   | 
[cd478f8d-978c-459a-9046-afb05567fba4/build]   | FAILURE: Build failed with an exception.
[cd478f8d-978c-459a-9046-afb05567fba4/build]   | 
[cd478f8d-978c-459a-9046-afb05567fba4/build]   | * What went wrong:
[cd478f8d-978c-459a-9046-afb05567fba4/build]   | Execution failed for task ':test'.
[cd478f8d-978c-459a-9046-afb05567fba4/build]   | > There were failing tests. See the report at: file:///tmp/fc2670f2-56d5-464b-8318-5d38c69af286/build/reports/tests/test/index.html
[cd478f8d-978c-459a-9046-afb05567fba4/build]   | 
[cd478f8d-978c-459a-9046-afb05567fba4/build]   | * Try:
[cd478f8d-978c-459a-9046-afb05567fba4/build]   | > Run with --stacktrace option to get the stack trace.
[cd478f8d-978c-459a-9046-afb05567fba4/build]   | > Run with --info or --debug option to get more log output.
[cd478f8d-978c-459a-9046-afb05567fba4/build]   | > Run with --scan to get full insights.
[cd478f8d-978c-459a-9046-afb05567fba4/build]   | 
[cd478f8d-978c-459a-9046-afb05567fba4/build]   | * Get more help at https://help.gradle.org
[cd478f8d-978c-459a-9046-afb05567fba4/build]   | 
[cd478f8d-978c-459a-9046-afb05567fba4/build]   | BUILD FAILED in 3m 18s
[cd478f8d-978c-459a-9046-afb05567fba4/build]   ❌  Failure - Main ./gradlew build --no-daemon --warning-mode=fail
[cd478f8d-978c-459a-9046-afb05567fba4/build] exitcode '1': failure
[cd478f8d-978c-459a-9046-afb05567fba4/build] unable to get git ref: failed to identify reference (tag/branch) for the checked-out revision '2be2a4558ace9825a69aecf6329305490eb5fe5e'
[cd478f8d-978c-459a-9046-afb05567fba4/build] unable to get git ref: failed to identify reference (tag/branch) for the checked-out revision '2be2a4558ace9825a69aecf6329305490eb5fe5e'
[cd478f8d-978c-459a-9046-afb05567fba4/build] unable to get git ref: failed to identify reference (tag/branch) for the checked-out revision '2be2a4558ace9825a69aecf6329305490eb5fe5e'
[cd478f8d-978c-459a-9046-afb05567fba4/build] unable to get git ref: failed to identify reference (tag/branch) for the checked-out revision '2be2a4558ace9825a69aecf6329305490eb5fe5e'
[cd478f8d-978c-459a-9046-afb05567fba4/build] unable to get git ref: failed to identify reference (tag/branch) for the checked-out revision '2be2a4558ace9825a69aecf6329305490eb5fe5e'
[cd478f8d-978c-459a-9046-afb05567fba4/build] ⭐ Run Post actions/setup-java@v3
[cd478f8d-978c-459a-9046-afb05567fba4/build]   🐳  docker exec cmd=[node /var/run/act/actions/actions-setup-java@v3/dist/cleanup/index.js] user= workdir=
[cd478f8d-978c-459a-9046-afb05567fba4/build]   ✅  Success - Post actions/setup-java@v3
[cd478f8d-978c-459a-9046-afb05567fba4/build] 🏁  Job failed
[cd478f8d-978c-459a-9046-afb05567fba4/build] unable to get git ref: failed to identify reference (tag/branch) for the checked-out revision '2be2a4558ace9825a69aecf6329305490eb5fe5e'
