[334aceeb-7dbb-416b-8141-7aa9b2d8b90a/build] 🚀  Start image=gitbugactions:latest
[334aceeb-7dbb-416b-8141-7aa9b2d8b90a/build]   🐳  docker pull image=gitbugactions:latest platform= username= forcePull=false
[334aceeb-7dbb-416b-8141-7aa9b2d8b90a/build]   🐳  docker create image=gitbugactions:latest platform= entrypoint=["tail" "-f" "/dev/null"] cmd=[]
[334aceeb-7dbb-416b-8141-7aa9b2d8b90a/build]   🐳  docker run image=gitbugactions:latest platform= entrypoint=["tail" "-f" "/dev/null"] cmd=[]
[334aceeb-7dbb-416b-8141-7aa9b2d8b90a/build]   🐳  docker exec cmd=[chown -R 1012:1013 /tmp/bd95f8f1-9918-47b0-b1b9-34e3c66dd128] user=0 workdir=
[334aceeb-7dbb-416b-8141-7aa9b2d8b90a/build] unable to get git ref: failed to identify reference (tag/branch) for the checked-out revision 'a07e078645418720ad4bbe4ce352cae607c42175'
[334aceeb-7dbb-416b-8141-7aa9b2d8b90a/build] unable to get git ref: failed to identify reference (tag/branch) for the checked-out revision 'a07e078645418720ad4bbe4ce352cae607c42175'
[334aceeb-7dbb-416b-8141-7aa9b2d8b90a/build] unable to get git ref: failed to identify reference (tag/branch) for the checked-out revision 'a07e078645418720ad4bbe4ce352cae607c42175'
[334aceeb-7dbb-416b-8141-7aa9b2d8b90a/build] unable to get git ref: failed to identify reference (tag/branch) for the checked-out revision 'a07e078645418720ad4bbe4ce352cae607c42175'
[334aceeb-7dbb-416b-8141-7aa9b2d8b90a/build] unable to get git ref: failed to identify reference (tag/branch) for the checked-out revision 'a07e078645418720ad4bbe4ce352cae607c42175'
[334aceeb-7dbb-416b-8141-7aa9b2d8b90a/build] unable to get git ref: failed to identify reference (tag/branch) for the checked-out revision 'a07e078645418720ad4bbe4ce352cae607c42175'
[334aceeb-7dbb-416b-8141-7aa9b2d8b90a/build] unable to get git ref: failed to identify reference (tag/branch) for the checked-out revision 'a07e078645418720ad4bbe4ce352cae607c42175'
[334aceeb-7dbb-416b-8141-7aa9b2d8b90a/build] unable to get git ref: failed to identify reference (tag/branch) for the checked-out revision 'a07e078645418720ad4bbe4ce352cae607c42175'
[334aceeb-7dbb-416b-8141-7aa9b2d8b90a/build] unable to get git ref: failed to identify reference (tag/branch) for the checked-out revision 'a07e078645418720ad4bbe4ce352cae607c42175'
[334aceeb-7dbb-416b-8141-7aa9b2d8b90a/build] ⭐ Run Main actions/checkout@v3
[334aceeb-7dbb-416b-8141-7aa9b2d8b90a/build] unable to get git ref: failed to identify reference (tag/branch) for the checked-out revision 'a07e078645418720ad4bbe4ce352cae607c42175'
[334aceeb-7dbb-416b-8141-7aa9b2d8b90a/build] unable to get git ref: failed to identify reference (tag/branch) for the checked-out revision 'a07e078645418720ad4bbe4ce352cae607c42175'
[334aceeb-7dbb-416b-8141-7aa9b2d8b90a/build]   🐳  docker cp src=/tmp/bd95f8f1-9918-47b0-b1b9-34e3c66dd128/. dst=/tmp/bd95f8f1-9918-47b0-b1b9-34e3c66dd128
[334aceeb-7dbb-416b-8141-7aa9b2d8b90a/build]   🐳  docker exec cmd=[chown -R 1012:1013 /tmp/bd95f8f1-9918-47b0-b1b9-34e3c66dd128] user=0 workdir=
[334aceeb-7dbb-416b-8141-7aa9b2d8b90a/build]   ✅  Success - Main actions/checkout@v3
[334aceeb-7dbb-416b-8141-7aa9b2d8b90a/build] unable to get git ref: failed to identify reference (tag/branch) for the checked-out revision 'a07e078645418720ad4bbe4ce352cae607c42175'
[334aceeb-7dbb-416b-8141-7aa9b2d8b90a/build] unable to get git ref: failed to identify reference (tag/branch) for the checked-out revision 'a07e078645418720ad4bbe4ce352cae607c42175'
[334aceeb-7dbb-416b-8141-7aa9b2d8b90a/build] unable to get git ref: failed to identify reference (tag/branch) for the checked-out revision 'a07e078645418720ad4bbe4ce352cae607c42175'
[334aceeb-7dbb-416b-8141-7aa9b2d8b90a/build] unable to get git ref: failed to identify reference (tag/branch) for the checked-out revision 'a07e078645418720ad4bbe4ce352cae607c42175'
[334aceeb-7dbb-416b-8141-7aa9b2d8b90a/build] unable to get git ref: failed to identify reference (tag/branch) for the checked-out revision 'a07e078645418720ad4bbe4ce352cae607c42175'
[334aceeb-7dbb-416b-8141-7aa9b2d8b90a/build] ⭐ Run Main actions/setup-java@v3
[334aceeb-7dbb-416b-8141-7aa9b2d8b90a/build] unable to get git ref: failed to identify reference (tag/branch) for the checked-out revision 'a07e078645418720ad4bbe4ce352cae607c42175'
[334aceeb-7dbb-416b-8141-7aa9b2d8b90a/build] unable to get git ref: failed to identify reference (tag/branch) for the checked-out revision 'a07e078645418720ad4bbe4ce352cae607c42175'
[334aceeb-7dbb-416b-8141-7aa9b2d8b90a/build] unable to get git ref: failed to identify reference (tag/branch) for the checked-out revision 'a07e078645418720ad4bbe4ce352cae607c42175'
[334aceeb-7dbb-416b-8141-7aa9b2d8b90a/build]   🐳  docker cp src=/tmp/act-cache/345ba2d3-ce1d-409b-9611-0e8edd489a56/act/actions-setup-java@v3/ dst=/var/run/act/actions/actions-setup-java@v3/
[334aceeb-7dbb-416b-8141-7aa9b2d8b90a/build]   🐳  docker exec cmd=[chown -R 1012:1013 /var/run/act/actions/actions-setup-java@v3/] user=0 workdir=
[334aceeb-7dbb-416b-8141-7aa9b2d8b90a/build]   🐳  docker exec cmd=[node /var/run/act/actions/actions-setup-java@v3/dist/setup/index.js] user= workdir=
[334aceeb-7dbb-416b-8141-7aa9b2d8b90a/build]   ❓  ::group::Installed distributions
[334aceeb-7dbb-416b-8141-7aa9b2d8b90a/build]   | Trying to resolve the latest version from remote
[334aceeb-7dbb-416b-8141-7aa9b2d8b90a/build]   💬  ::debug::Gathering available versions from 'https://api.azul.com/zulu/download/community/v1.0/bundles/?os=linux&ext=tar.gz&bundle_type=jdk&javafx=false&arch=x86&hw_bitness=64&release_status=ga'
[334aceeb-7dbb-416b-8141-7aa9b2d8b90a/build]   | Resolved latest version as 11.0.21+9
[334aceeb-7dbb-416b-8141-7aa9b2d8b90a/build]   | Trying to download...
[334aceeb-7dbb-416b-8141-7aa9b2d8b90a/build]   | Downloading Java 11.0.21+9 (Zulu) from https://cdn.azul.com/zulu/bin/zulu11.68.17-ca-jdk11.0.21-linux_x64.tar.gz ...
[334aceeb-7dbb-416b-8141-7aa9b2d8b90a/build]   💬  ::debug::Downloading https://cdn.azul.com/zulu/bin/zulu11.68.17-ca-jdk11.0.21-linux_x64.tar.gz
[334aceeb-7dbb-416b-8141-7aa9b2d8b90a/build]   💬  ::debug::Destination /tmp/24551602-e429-48be-8069-0a685652be38
[334aceeb-7dbb-416b-8141-7aa9b2d8b90a/build]   💬  ::debug::download complete
[334aceeb-7dbb-416b-8141-7aa9b2d8b90a/build]   | Extracting Java archive...
[334aceeb-7dbb-416b-8141-7aa9b2d8b90a/build]   💬  ::debug::Checking tar --version
[334aceeb-7dbb-416b-8141-7aa9b2d8b90a/build]   💬  ::debug::tar (GNU tar) 1.34%0ACopyright (C) 2021 Free Software Foundation, Inc.%0ALicense GPLv3+: GNU GPL version 3 or later <https://gnu.org/licenses/gpl.html>.%0AThis is free software: you are free to change and redistribute it.%0AThere is NO WARRANTY, to the extent permitted by law.%0A%0AWritten by John Gilmore and Jay Fenlason.
[334aceeb-7dbb-416b-8141-7aa9b2d8b90a/build]   | [command]/usr/bin/tar xz --warning=no-unknown-keyword -C /tmp/43a238d5-6d6d-4289-9662-35718c45764b -f /tmp/24551602-e429-48be-8069-0a685652be38
[334aceeb-7dbb-416b-8141-7aa9b2d8b90a/build]   💬  ::debug::Caching tool Java_Zulu_jdk 11.0.21-9 x64
[334aceeb-7dbb-416b-8141-7aa9b2d8b90a/build]   💬  ::debug::source dir: /tmp/43a238d5-6d6d-4289-9662-35718c45764b/zulu11.68.17-ca-jdk11.0.21-linux_x64
[334aceeb-7dbb-416b-8141-7aa9b2d8b90a/build]   💬  ::debug::destination /opt/hostedtoolcache/Java_Zulu_jdk/11.0.21-9/x64
[334aceeb-7dbb-416b-8141-7aa9b2d8b90a/build]   💬  ::debug::finished caching tool
[334aceeb-7dbb-416b-8141-7aa9b2d8b90a/build]   | Java 11.0.21+9 was downloaded
[334aceeb-7dbb-416b-8141-7aa9b2d8b90a/build]   | Setting Java 11.0.21+9 as the default
[334aceeb-7dbb-416b-8141-7aa9b2d8b90a/build]   | Creating toolchains.xml for JDK version 11 from zulu
[334aceeb-7dbb-416b-8141-7aa9b2d8b90a/build]   | Writing to /home/runner/.m2/toolchains.xml
[334aceeb-7dbb-416b-8141-7aa9b2d8b90a/build]   | 
[334aceeb-7dbb-416b-8141-7aa9b2d8b90a/build]   | Java configuration:
[334aceeb-7dbb-416b-8141-7aa9b2d8b90a/build]   |   Distribution: zulu
[334aceeb-7dbb-416b-8141-7aa9b2d8b90a/build]   |   Version: 11.0.21+9
[334aceeb-7dbb-416b-8141-7aa9b2d8b90a/build]   |   Path: /opt/hostedtoolcache/Java_Zulu_jdk/11.0.21-9/x64
[334aceeb-7dbb-416b-8141-7aa9b2d8b90a/build]   | 
[334aceeb-7dbb-416b-8141-7aa9b2d8b90a/build]   ❓  ::endgroup::
[334aceeb-7dbb-416b-8141-7aa9b2d8b90a/build]   ❓ add-matcher /run/act/actions/actions-setup-java@v3/.github/java.json
[334aceeb-7dbb-416b-8141-7aa9b2d8b90a/build]   | Creating settings.xml with server-id: github
[334aceeb-7dbb-416b-8141-7aa9b2d8b90a/build]   | Writing to /home/runner/.m2/settings.xml
[334aceeb-7dbb-416b-8141-7aa9b2d8b90a/build]   ✅  Success - Main actions/setup-java@v3
[334aceeb-7dbb-416b-8141-7aa9b2d8b90a/build]   ⚙  ::set-env:: JAVA_HOME=/opt/hostedtoolcache/Java_Zulu_jdk/11.0.21-9/x64
[334aceeb-7dbb-416b-8141-7aa9b2d8b90a/build]   ⚙  ::set-env:: JAVA_HOME_11_X64=/opt/hostedtoolcache/Java_Zulu_jdk/11.0.21-9/x64
[334aceeb-7dbb-416b-8141-7aa9b2d8b90a/build]   ⚙  ::set-output:: distribution=Zulu
[334aceeb-7dbb-416b-8141-7aa9b2d8b90a/build]   ⚙  ::set-output:: path=/opt/hostedtoolcache/Java_Zulu_jdk/11.0.21-9/x64
[334aceeb-7dbb-416b-8141-7aa9b2d8b90a/build]   ⚙  ::set-output:: version=11.0.21+9
[334aceeb-7dbb-416b-8141-7aa9b2d8b90a/build]   ⚙  ::add-path:: /opt/hostedtoolcache/Java_Zulu_jdk/11.0.21-9/x64/bin
[334aceeb-7dbb-416b-8141-7aa9b2d8b90a/build] unable to get git ref: failed to identify reference (tag/branch) for the checked-out revision 'a07e078645418720ad4bbe4ce352cae607c42175'
[334aceeb-7dbb-416b-8141-7aa9b2d8b90a/build] unable to get git ref: failed to identify reference (tag/branch) for the checked-out revision 'a07e078645418720ad4bbe4ce352cae607c42175'
[334aceeb-7dbb-416b-8141-7aa9b2d8b90a/build] unable to get git ref: failed to identify reference (tag/branch) for the checked-out revision 'a07e078645418720ad4bbe4ce352cae607c42175'
[334aceeb-7dbb-416b-8141-7aa9b2d8b90a/build] unable to get git ref: failed to identify reference (tag/branch) for the checked-out revision 'a07e078645418720ad4bbe4ce352cae607c42175'
[334aceeb-7dbb-416b-8141-7aa9b2d8b90a/build] unable to get git ref: failed to identify reference (tag/branch) for the checked-out revision 'a07e078645418720ad4bbe4ce352cae607c42175'
[334aceeb-7dbb-416b-8141-7aa9b2d8b90a/build] ⭐ Run Main ./gradlew build --no-daemon --warning-mode=fail
[334aceeb-7dbb-416b-8141-7aa9b2d8b90a/build] unable to get git ref: failed to identify reference (tag/branch) for the checked-out revision 'a07e078645418720ad4bbe4ce352cae607c42175'
[334aceeb-7dbb-416b-8141-7aa9b2d8b90a/build] unable to get git ref: failed to identify reference (tag/branch) for the checked-out revision 'a07e078645418720ad4bbe4ce352cae607c42175'
[334aceeb-7dbb-416b-8141-7aa9b2d8b90a/build] unable to get git ref: failed to identify reference (tag/branch) for the checked-out revision 'a07e078645418720ad4bbe4ce352cae607c42175'
[334aceeb-7dbb-416b-8141-7aa9b2d8b90a/build] unable to get git ref: failed to identify reference (tag/branch) for the checked-out revision 'a07e078645418720ad4bbe4ce352cae607c42175'
[334aceeb-7dbb-416b-8141-7aa9b2d8b90a/build]   🐳  docker exec cmd=[bash --noprofile --norc -e -o pipefail /var/run/act/workflow/2] user= workdir=
[334aceeb-7dbb-416b-8141-7aa9b2d8b90a/build]   | Downloading https://services.gradle.org/distributions/gradle-7.5.1-bin.zip
[334aceeb-7dbb-416b-8141-7aa9b2d8b90a/build]   | ...........10%............20%...........30%............40%...........50%............60%...........70%............80%...........90%............100%
[334aceeb-7dbb-416b-8141-7aa9b2d8b90a/build]   | 
[334aceeb-7dbb-416b-8141-7aa9b2d8b90a/build]   | Welcome to Gradle 7.5.1!
[334aceeb-7dbb-416b-8141-7aa9b2d8b90a/build]   | 
[334aceeb-7dbb-416b-8141-7aa9b2d8b90a/build]   | Here are the highlights of this release:
[334aceeb-7dbb-416b-8141-7aa9b2d8b90a/build]   |  - Support for Java 18
[334aceeb-7dbb-416b-8141-7aa9b2d8b90a/build]   |  - Support for building with Groovy 4
[334aceeb-7dbb-416b-8141-7aa9b2d8b90a/build]   |  - Much more responsive continuous builds
[334aceeb-7dbb-416b-8141-7aa9b2d8b90a/build]   |  - Improved diagnostics for dependency resolution
[334aceeb-7dbb-416b-8141-7aa9b2d8b90a/build]   | 
[334aceeb-7dbb-416b-8141-7aa9b2d8b90a/build]   | For more details see https://docs.gradle.org/7.5.1/release-notes.html
[334aceeb-7dbb-416b-8141-7aa9b2d8b90a/build]   | 
[334aceeb-7dbb-416b-8141-7aa9b2d8b90a/build]   | To honour the JVM settings for this build a single-use Daemon process will be forked. See https://docs.gradle.org/7.5.1/userguide/gradle_daemon.html#sec:disabling_the_daemon.
[334aceeb-7dbb-416b-8141-7aa9b2d8b90a/build]   | Daemon will be stopped at the end of the build 
[334aceeb-7dbb-416b-8141-7aa9b2d8b90a/build]   | 
[334aceeb-7dbb-416b-8141-7aa9b2d8b90a/build]   | > Configure project :
[334aceeb-7dbb-416b-8141-7aa9b2d8b90a/build]   | Kordamp Enforcer Gradle plugin 0.10.0. Consider becoming a patron at https://www.patreon.com/aalmiray
[334aceeb-7dbb-416b-8141-7aa9b2d8b90a/build]   | 
[334aceeb-7dbb-416b-8141-7aa9b2d8b90a/build]   | > Task :copyDependencies
[334aceeb-7dbb-416b-8141-7aa9b2d8b90a/build]   | > Task :extractIncludeProto
[334aceeb-7dbb-416b-8141-7aa9b2d8b90a/build]   | > Task :extractProto
[334aceeb-7dbb-416b-8141-7aa9b2d8b90a/build]   | > Task :generateProto
[334aceeb-7dbb-416b-8141-7aa9b2d8b90a/build]   | > Task :compileJava
[334aceeb-7dbb-416b-8141-7aa9b2d8b90a/build]   | Note: Some input files use or override a deprecated API.
[334aceeb-7dbb-416b-8141-7aa9b2d8b90a/build]   | Note: Recompile with -Xlint:deprecation for details.
[334aceeb-7dbb-416b-8141-7aa9b2d8b90a/build]   | Note: Some input files use unchecked or unsafe operations.
[334aceeb-7dbb-416b-8141-7aa9b2d8b90a/build]   | Note: Recompile with -Xlint:unchecked for details.
[334aceeb-7dbb-416b-8141-7aa9b2d8b90a/build]   | 
[334aceeb-7dbb-416b-8141-7aa9b2d8b90a/build]   | > Task :processResources
[334aceeb-7dbb-416b-8141-7aa9b2d8b90a/build]   | > Task :classes
[334aceeb-7dbb-416b-8141-7aa9b2d8b90a/build]   | > Task :jar
[334aceeb-7dbb-416b-8141-7aa9b2d8b90a/build]   | > Task :assemble
[334aceeb-7dbb-416b-8141-7aa9b2d8b90a/build]   | > Task :extractIncludeTestProto
[334aceeb-7dbb-416b-8141-7aa9b2d8b90a/build]   | > Task :extractTestProto
[334aceeb-7dbb-416b-8141-7aa9b2d8b90a/build]   | > Task :generateTestProto NO-SOURCE
[334aceeb-7dbb-416b-8141-7aa9b2d8b90a/build]   | 
[334aceeb-7dbb-416b-8141-7aa9b2d8b90a/build]   | > Task :compileTestJava
[334aceeb-7dbb-416b-8141-7aa9b2d8b90a/build]   | Note: Some input files use or override a deprecated API.
[334aceeb-7dbb-416b-8141-7aa9b2d8b90a/build]   | Note: Recompile with -Xlint:deprecation for details.
[334aceeb-7dbb-416b-8141-7aa9b2d8b90a/build]   | 
[334aceeb-7dbb-416b-8141-7aa9b2d8b90a/build]   | > Task :processTestResources NO-SOURCE
[334aceeb-7dbb-416b-8141-7aa9b2d8b90a/build]   | > Task :testClasses
[334aceeb-7dbb-416b-8141-7aa9b2d8b90a/build]   | > Task :checkstyleTest SKIPPED
[334aceeb-7dbb-416b-8141-7aa9b2d8b90a/build]   | > Task :checkstyleMain
[334aceeb-7dbb-416b-8141-7aa9b2d8b90a/build]   | > Task :test
[334aceeb-7dbb-416b-8141-7aa9b2d8b90a/build]   | > Task :check
[334aceeb-7dbb-416b-8141-7aa9b2d8b90a/build]   | > Task :build
[334aceeb-7dbb-416b-8141-7aa9b2d8b90a/build]   | 
[334aceeb-7dbb-416b-8141-7aa9b2d8b90a/build]   | BUILD SUCCESSFUL in 2m 48s
[334aceeb-7dbb-416b-8141-7aa9b2d8b90a/build]   | 12 actionable tasks: 12 executed
[334aceeb-7dbb-416b-8141-7aa9b2d8b90a/build]   ✅  Success - Main ./gradlew build --no-daemon --warning-mode=fail
[334aceeb-7dbb-416b-8141-7aa9b2d8b90a/build] unable to get git ref: failed to identify reference (tag/branch) for the checked-out revision 'a07e078645418720ad4bbe4ce352cae607c42175'
[334aceeb-7dbb-416b-8141-7aa9b2d8b90a/build] unable to get git ref: failed to identify reference (tag/branch) for the checked-out revision 'a07e078645418720ad4bbe4ce352cae607c42175'
[334aceeb-7dbb-416b-8141-7aa9b2d8b90a/build] unable to get git ref: failed to identify reference (tag/branch) for the checked-out revision 'a07e078645418720ad4bbe4ce352cae607c42175'
[334aceeb-7dbb-416b-8141-7aa9b2d8b90a/build] unable to get git ref: failed to identify reference (tag/branch) for the checked-out revision 'a07e078645418720ad4bbe4ce352cae607c42175'
[334aceeb-7dbb-416b-8141-7aa9b2d8b90a/build] unable to get git ref: failed to identify reference (tag/branch) for the checked-out revision 'a07e078645418720ad4bbe4ce352cae607c42175'
[334aceeb-7dbb-416b-8141-7aa9b2d8b90a/build] ⭐ Run Post actions/setup-java@v3
[334aceeb-7dbb-416b-8141-7aa9b2d8b90a/build]   🐳  docker exec cmd=[node /var/run/act/actions/actions-setup-java@v3/dist/cleanup/index.js] user= workdir=
[334aceeb-7dbb-416b-8141-7aa9b2d8b90a/build]   ✅  Success - Post actions/setup-java@v3
[334aceeb-7dbb-416b-8141-7aa9b2d8b90a/build] 🏁  Job succeeded
[334aceeb-7dbb-416b-8141-7aa9b2d8b90a/build] unable to get git ref: failed to identify reference (tag/branch) for the checked-out revision 'a07e078645418720ad4bbe4ce352cae607c42175'
