[6f415187-068b-4ea7-acee-65aca579b42b/build] 🚀  Start image=crawlergpt:latest
[6f415187-068b-4ea7-acee-65aca579b42b/build]   🐳  docker pull image=crawlergpt:latest platform= username= forcePull=false
[6f415187-068b-4ea7-acee-65aca579b42b/build]   🐳  docker create image=crawlergpt:latest platform= entrypoint=["tail" "-f" "/dev/null"] cmd=[]
[6f415187-068b-4ea7-acee-65aca579b42b/build]   🐳  docker run image=crawlergpt:latest platform= entrypoint=["tail" "-f" "/dev/null"] cmd=[]
[6f415187-068b-4ea7-acee-65aca579b42b/build]   🐳  docker exec cmd=[chown -R 1012:1013 /tmp/ccc0810e-9fed-41c2-81ab-91dc34202f4c] user=0 workdir=
[6f415187-068b-4ea7-acee-65aca579b42b/build] unable to get git ref: failed to identify reference (tag/branch) for the checked-out revision '3b239e41d3f6ff6dabac83cfd4e8ff4df0f4a403'
[6f415187-068b-4ea7-acee-65aca579b42b/build] unable to get git ref: failed to identify reference (tag/branch) for the checked-out revision '3b239e41d3f6ff6dabac83cfd4e8ff4df0f4a403'
[6f415187-068b-4ea7-acee-65aca579b42b/build] unable to get git ref: failed to identify reference (tag/branch) for the checked-out revision '3b239e41d3f6ff6dabac83cfd4e8ff4df0f4a403'
[6f415187-068b-4ea7-acee-65aca579b42b/build] unable to get git ref: failed to identify reference (tag/branch) for the checked-out revision '3b239e41d3f6ff6dabac83cfd4e8ff4df0f4a403'
[6f415187-068b-4ea7-acee-65aca579b42b/build] unable to get git ref: failed to identify reference (tag/branch) for the checked-out revision '3b239e41d3f6ff6dabac83cfd4e8ff4df0f4a403'
[6f415187-068b-4ea7-acee-65aca579b42b/build] unable to get git ref: failed to identify reference (tag/branch) for the checked-out revision '3b239e41d3f6ff6dabac83cfd4e8ff4df0f4a403'
[6f415187-068b-4ea7-acee-65aca579b42b/build] unable to get git ref: failed to identify reference (tag/branch) for the checked-out revision '3b239e41d3f6ff6dabac83cfd4e8ff4df0f4a403'
[6f415187-068b-4ea7-acee-65aca579b42b/build] unable to get git ref: failed to identify reference (tag/branch) for the checked-out revision '3b239e41d3f6ff6dabac83cfd4e8ff4df0f4a403'
[6f415187-068b-4ea7-acee-65aca579b42b/build] unable to get git ref: failed to identify reference (tag/branch) for the checked-out revision '3b239e41d3f6ff6dabac83cfd4e8ff4df0f4a403'
[6f415187-068b-4ea7-acee-65aca579b42b/build] ⭐ Run Main actions/checkout@v2
[6f415187-068b-4ea7-acee-65aca579b42b/build] unable to get git ref: failed to identify reference (tag/branch) for the checked-out revision '3b239e41d3f6ff6dabac83cfd4e8ff4df0f4a403'
[6f415187-068b-4ea7-acee-65aca579b42b/build]   ✅  Success - Main actions/checkout@v2
[6f415187-068b-4ea7-acee-65aca579b42b/build] unable to get git ref: failed to identify reference (tag/branch) for the checked-out revision '3b239e41d3f6ff6dabac83cfd4e8ff4df0f4a403'
[6f415187-068b-4ea7-acee-65aca579b42b/build] unable to get git ref: failed to identify reference (tag/branch) for the checked-out revision '3b239e41d3f6ff6dabac83cfd4e8ff4df0f4a403'
[6f415187-068b-4ea7-acee-65aca579b42b/build] unable to get git ref: failed to identify reference (tag/branch) for the checked-out revision '3b239e41d3f6ff6dabac83cfd4e8ff4df0f4a403'
[6f415187-068b-4ea7-acee-65aca579b42b/build] unable to get git ref: failed to identify reference (tag/branch) for the checked-out revision '3b239e41d3f6ff6dabac83cfd4e8ff4df0f4a403'
[6f415187-068b-4ea7-acee-65aca579b42b/build] unable to get git ref: failed to identify reference (tag/branch) for the checked-out revision '3b239e41d3f6ff6dabac83cfd4e8ff4df0f4a403'
[6f415187-068b-4ea7-acee-65aca579b42b/build] ⭐ Run Main Set up JDK 1.8
[6f415187-068b-4ea7-acee-65aca579b42b/build] unable to get git ref: failed to identify reference (tag/branch) for the checked-out revision '3b239e41d3f6ff6dabac83cfd4e8ff4df0f4a403'
[6f415187-068b-4ea7-acee-65aca579b42b/build] unable to get git ref: failed to identify reference (tag/branch) for the checked-out revision '3b239e41d3f6ff6dabac83cfd4e8ff4df0f4a403'
[6f415187-068b-4ea7-acee-65aca579b42b/build] unable to get git ref: failed to identify reference (tag/branch) for the checked-out revision '3b239e41d3f6ff6dabac83cfd4e8ff4df0f4a403'
[6f415187-068b-4ea7-acee-65aca579b42b/build]   🐳  docker cp src=/tmp/act-cache/b23a3d76-3b65-4a67-b1bb-f4c97eeae260/act/actions-setup-java@v1/ dst=/var/run/act/actions/actions-setup-java@v1/
[6f415187-068b-4ea7-acee-65aca579b42b/build]   🐳  docker exec cmd=[chown -R 1012:1013 /var/run/act/actions/actions-setup-java@v1/] user=0 workdir=
[6f415187-068b-4ea7-acee-65aca579b42b/build]   🐳  docker exec cmd=[node /var/run/act/actions/actions-setup-java@v1/dist/setup/index.js] user= workdir=
[6f415187-068b-4ea7-acee-65aca579b42b/build]   💬  ::debug::isExplicit: 
[6f415187-068b-4ea7-acee-65aca579b42b/build]   💬  ::debug::explicit? false
[6f415187-068b-4ea7-acee-65aca579b42b/build]   💬  ::debug::evaluating 0 versions
[6f415187-068b-4ea7-acee-65aca579b42b/build]   💬  ::debug::match not found
[6f415187-068b-4ea7-acee-65aca579b42b/build]   💬  ::debug::Downloading JDK from Azul
[6f415187-068b-4ea7-acee-65aca579b42b/build]   💬  ::debug::Searching for files with extension: -linux_x64.tar.gz
[6f415187-068b-4ea7-acee-65aca579b42b/build]   💬  ::debug::Downloading https://static.azul.com/zulu/bin/zulu8.70.0.23-ca-jdk8.0.372-linux_x64.tar.gz
[6f415187-068b-4ea7-acee-65aca579b42b/build]   💬  ::debug::Downloading /tmp/98cb7ac1-203a-408e-9833-7c0deed89e7e
[6f415187-068b-4ea7-acee-65aca579b42b/build]   💬  ::debug::download complete
[6f415187-068b-4ea7-acee-65aca579b42b/build]   | [command]/usr/bin/tar --version
[6f415187-068b-4ea7-acee-65aca579b42b/build]   | tar (GNU tar) 1.30
[6f415187-068b-4ea7-acee-65aca579b42b/build]   | Copyright (C) 2017 Free Software Foundation, Inc.
[6f415187-068b-4ea7-acee-65aca579b42b/build]   | License GPLv3+: GNU GPL version 3 or later <https://gnu.org/licenses/gpl.html>.
[6f415187-068b-4ea7-acee-65aca579b42b/build]   | This is free software: you are free to change and redistribute it.
[6f415187-068b-4ea7-acee-65aca579b42b/build]   | There is NO WARRANTY, to the extent permitted by law.
[6f415187-068b-4ea7-acee-65aca579b42b/build]   | 
[6f415187-068b-4ea7-acee-65aca579b42b/build]   | Written by John Gilmore and Jay Fenlason.
[6f415187-068b-4ea7-acee-65aca579b42b/build]   | [command]/usr/bin/tar xz --warning=no-unknown-keyword -C /tmp/temp_1173916763 -f /tmp/98cb7ac1-203a-408e-9833-7c0deed89e7e
[6f415187-068b-4ea7-acee-65aca579b42b/build]   💬  ::debug::jdk extracted to /tmp/temp_1173916763/zulu8.70.0.23-ca-jdk8.0.372-linux_x64
[6f415187-068b-4ea7-acee-65aca579b42b/build]   💬  ::debug::Caching tool jdk 8.0.372 x64
[6f415187-068b-4ea7-acee-65aca579b42b/build]   💬  ::debug::source dir: /tmp/temp_1173916763/zulu8.70.0.23-ca-jdk8.0.372-linux_x64
[6f415187-068b-4ea7-acee-65aca579b42b/build]   💬  ::debug::destination /opt/hostedtoolcache/jdk/8.0.372/x64
[6f415187-068b-4ea7-acee-65aca579b42b/build]   💬  ::debug::finished caching tool
[6f415187-068b-4ea7-acee-65aca579b42b/build]   ❓ add-matcher /run/act/actions/actions-setup-java@v1/.github/java.json
[6f415187-068b-4ea7-acee-65aca579b42b/build]   | creating settings.xml with server-id: github; environment variables: username=$GITHUB_ACTOR, password=$GITHUB_TOKEN, and gpg-passphrase=null
[6f415187-068b-4ea7-acee-65aca579b42b/build]   💬  ::debug::created directory /home/runneradmin/.m2
[6f415187-068b-4ea7-acee-65aca579b42b/build]   | writing /home/runneradmin/.m2/settings.xml
[6f415187-068b-4ea7-acee-65aca579b42b/build]   ✅  Success - Main Set up JDK 1.8
[6f415187-068b-4ea7-acee-65aca579b42b/build]   ⚙  ::set-env:: JAVA_HOME_8.0.372_x64=/opt/hostedtoolcache/jdk/8.0.372/x64
[6f415187-068b-4ea7-acee-65aca579b42b/build]   ⚙  ::set-env:: JAVA_HOME=/opt/hostedtoolcache/jdk/8.0.372/x64
[6f415187-068b-4ea7-acee-65aca579b42b/build]   ⚙  ::set-env:: JAVA_HOME_8_0_372_X64=/opt/hostedtoolcache/jdk/8.0.372/x64
[6f415187-068b-4ea7-acee-65aca579b42b/build]   ⚙  ::set-output:: path=/opt/hostedtoolcache/jdk/8.0.372/x64
[6f415187-068b-4ea7-acee-65aca579b42b/build]   ⚙  ::set-output:: version=8.0.372
[6f415187-068b-4ea7-acee-65aca579b42b/build]   ⚙  ::add-path:: /opt/hostedtoolcache/jdk/8.0.372/x64/bin
[6f415187-068b-4ea7-acee-65aca579b42b/build] unable to get git ref: failed to identify reference (tag/branch) for the checked-out revision '3b239e41d3f6ff6dabac83cfd4e8ff4df0f4a403'
[6f415187-068b-4ea7-acee-65aca579b42b/build] unable to get git ref: failed to identify reference (tag/branch) for the checked-out revision '3b239e41d3f6ff6dabac83cfd4e8ff4df0f4a403'
[6f415187-068b-4ea7-acee-65aca579b42b/build] unable to get git ref: failed to identify reference (tag/branch) for the checked-out revision '3b239e41d3f6ff6dabac83cfd4e8ff4df0f4a403'
[6f415187-068b-4ea7-acee-65aca579b42b/build] unable to get git ref: failed to identify reference (tag/branch) for the checked-out revision '3b239e41d3f6ff6dabac83cfd4e8ff4df0f4a403'
[6f415187-068b-4ea7-acee-65aca579b42b/build] unable to get git ref: failed to identify reference (tag/branch) for the checked-out revision '3b239e41d3f6ff6dabac83cfd4e8ff4df0f4a403'
[6f415187-068b-4ea7-acee-65aca579b42b/build] ⭐ Run Main Build with Gradle
[6f415187-068b-4ea7-acee-65aca579b42b/build] unable to get git ref: failed to identify reference (tag/branch) for the checked-out revision '3b239e41d3f6ff6dabac83cfd4e8ff4df0f4a403'
[6f415187-068b-4ea7-acee-65aca579b42b/build] unable to get git ref: failed to identify reference (tag/branch) for the checked-out revision '3b239e41d3f6ff6dabac83cfd4e8ff4df0f4a403'
[6f415187-068b-4ea7-acee-65aca579b42b/build] unable to get git ref: failed to identify reference (tag/branch) for the checked-out revision '3b239e41d3f6ff6dabac83cfd4e8ff4df0f4a403'
[6f415187-068b-4ea7-acee-65aca579b42b/build] unable to get git ref: failed to identify reference (tag/branch) for the checked-out revision '3b239e41d3f6ff6dabac83cfd4e8ff4df0f4a403'
[6f415187-068b-4ea7-acee-65aca579b42b/build]   🐳  docker exec cmd=[bash --noprofile --norc -e -o pipefail /var/run/act/workflow/2] user= workdir=
[6f415187-068b-4ea7-acee-65aca579b42b/build]   | Downloading https://services.gradle.org/distributions/gradle-5.2.1-bin.zip
[6f415187-068b-4ea7-acee-65aca579b42b/build]   | ...................................................................................
[6f415187-068b-4ea7-acee-65aca579b42b/build]   | 
[6f415187-068b-4ea7-acee-65aca579b42b/build]   | Welcome to Gradle 5.2.1!
[6f415187-068b-4ea7-acee-65aca579b42b/build]   | 
[6f415187-068b-4ea7-acee-65aca579b42b/build]   | Here are the highlights of this release:
[6f415187-068b-4ea7-acee-65aca579b42b/build]   |  - Define sets of dependencies that work together with Java Platform plugin
[6f415187-068b-4ea7-acee-65aca579b42b/build]   |  - New C++ plugins with dependency management built-in
[6f415187-068b-4ea7-acee-65aca579b42b/build]   |  - New C++ project types for gradle init
[6f415187-068b-4ea7-acee-65aca579b42b/build]   |  - Service injection into plugins and project extensions
[6f415187-068b-4ea7-acee-65aca579b42b/build]   | 
[6f415187-068b-4ea7-acee-65aca579b42b/build]   | For more details see https://docs.gradle.org/5.2.1/release-notes.html
[6f415187-068b-4ea7-acee-65aca579b42b/build]   | 
[6f415187-068b-4ea7-acee-65aca579b42b/build]   | Starting a Gradle Daemon (subsequent builds will be faster)
[6f415187-068b-4ea7-acee-65aca579b42b/build]   | 
[6f415187-068b-4ea7-acee-65aca579b42b/build]   | > Task :compileJava
[6f415187-068b-4ea7-acee-65aca579b42b/build]   | warning: [options] bootstrap class path not set in conjunction with -source 1.7
[6f415187-068b-4ea7-acee-65aca579b42b/build]   | 1 warning
[6f415187-068b-4ea7-acee-65aca579b42b/build]   | 
[6f415187-068b-4ea7-acee-65aca579b42b/build]   | > Task :processResources NO-SOURCE
[6f415187-068b-4ea7-acee-65aca579b42b/build]   | > Task :classes
[6f415187-068b-4ea7-acee-65aca579b42b/build]   | > Task :jar
[6f415187-068b-4ea7-acee-65aca579b42b/build]   | > Task :javadoc
[6f415187-068b-4ea7-acee-65aca579b42b/build]   | > Task :javadocJar
[6f415187-068b-4ea7-acee-65aca579b42b/build]   | > Task :sourcesJar
[6f415187-068b-4ea7-acee-65aca579b42b/build]   | > Task :assemble
[6f415187-068b-4ea7-acee-65aca579b42b/build]   | > Task :checkstyleMain
[6f415187-068b-4ea7-acee-65aca579b42b/build]   | > Task :compileTestJava UP-TO-DATE
[6f415187-068b-4ea7-acee-65aca579b42b/build]   | > Task :processTestResources UP-TO-DATE
[6f415187-068b-4ea7-acee-65aca579b42b/build]   | > Task :testClasses UP-TO-DATE
[6f415187-068b-4ea7-acee-65aca579b42b/build]   | > Task :checkstyleTest
[6f415187-068b-4ea7-acee-65aca579b42b/build]   | > Task :test
[6f415187-068b-4ea7-acee-65aca579b42b/build]   | > Task :spotbugsTest
[6f415187-068b-4ea7-acee-65aca579b42b/build]   | > Task :spotbugsMain
[6f415187-068b-4ea7-acee-65aca579b42b/build]   | > Task :check
[6f415187-068b-4ea7-acee-65aca579b42b/build]   | > Task :build
[6f415187-068b-4ea7-acee-65aca579b42b/build]   | 
[6f415187-068b-4ea7-acee-65aca579b42b/build]   | BUILD SUCCESSFUL in 31s
[6f415187-068b-4ea7-acee-65aca579b42b/build]   | 12 actionable tasks: 10 executed, 2 up-to-date
[6f415187-068b-4ea7-acee-65aca579b42b/build]   ✅  Success - Main Build with Gradle
[6f415187-068b-4ea7-acee-65aca579b42b/build] unable to get git ref: failed to identify reference (tag/branch) for the checked-out revision '3b239e41d3f6ff6dabac83cfd4e8ff4df0f4a403'
[6f415187-068b-4ea7-acee-65aca579b42b/build] unable to get git ref: failed to identify reference (tag/branch) for the checked-out revision '3b239e41d3f6ff6dabac83cfd4e8ff4df0f4a403'
[6f415187-068b-4ea7-acee-65aca579b42b/build] unable to get git ref: failed to identify reference (tag/branch) for the checked-out revision '3b239e41d3f6ff6dabac83cfd4e8ff4df0f4a403'
[6f415187-068b-4ea7-acee-65aca579b42b/build] unable to get git ref: failed to identify reference (tag/branch) for the checked-out revision '3b239e41d3f6ff6dabac83cfd4e8ff4df0f4a403'
[6f415187-068b-4ea7-acee-65aca579b42b/build] unable to get git ref: failed to identify reference (tag/branch) for the checked-out revision '3b239e41d3f6ff6dabac83cfd4e8ff4df0f4a403'
[6f415187-068b-4ea7-acee-65aca579b42b/build] ⭐ Run Post Set up JDK 1.8
[6f415187-068b-4ea7-acee-65aca579b42b/build]   🐳  docker exec cmd=[node /var/run/act/actions/actions-setup-java@v1/dist/cleanup/index.js] user= workdir=
[6f415187-068b-4ea7-acee-65aca579b42b/build]   ✅  Success - Post Set up JDK 1.8
[6f415187-068b-4ea7-acee-65aca579b42b/build] 🏁  Job succeeded
[6f415187-068b-4ea7-acee-65aca579b42b/build] unable to get git ref: failed to identify reference (tag/branch) for the checked-out revision '3b239e41d3f6ff6dabac83cfd4e8ff4df0f4a403'
