[b5dba64d-2d42-450e-928a-3db904b6e592/build] 🚀  Start image=gitbugactions:latest
[b5dba64d-2d42-450e-928a-3db904b6e592/build]   🐳  docker pull image=gitbugactions:latest platform= username= forcePull=false
[b5dba64d-2d42-450e-928a-3db904b6e592/build]   🐳  docker create image=gitbugactions:latest platform= entrypoint=["tail" "-f" "/dev/null"] cmd=[]
[b5dba64d-2d42-450e-928a-3db904b6e592/build]   🐳  docker run image=gitbugactions:latest platform= entrypoint=["tail" "-f" "/dev/null"] cmd=[]
[b5dba64d-2d42-450e-928a-3db904b6e592/build]   🐳  docker exec cmd=[chown -R 1012:1013 /tmp/82bba31d-d1f1-45a7-87d7-89cb214b8411] user=0 workdir=
[b5dba64d-2d42-450e-928a-3db904b6e592/build] unable to get git ref: failed to identify reference (tag/branch) for the checked-out revision '85501f9cf4918d5eee345f83aed7a31eecb26b8d'
[b5dba64d-2d42-450e-928a-3db904b6e592/build] unable to get git ref: failed to identify reference (tag/branch) for the checked-out revision '85501f9cf4918d5eee345f83aed7a31eecb26b8d'
[b5dba64d-2d42-450e-928a-3db904b6e592/build] unable to get git ref: failed to identify reference (tag/branch) for the checked-out revision '85501f9cf4918d5eee345f83aed7a31eecb26b8d'
[b5dba64d-2d42-450e-928a-3db904b6e592/build] unable to get git ref: failed to identify reference (tag/branch) for the checked-out revision '85501f9cf4918d5eee345f83aed7a31eecb26b8d'
[b5dba64d-2d42-450e-928a-3db904b6e592/build] unable to get git ref: failed to identify reference (tag/branch) for the checked-out revision '85501f9cf4918d5eee345f83aed7a31eecb26b8d'
[b5dba64d-2d42-450e-928a-3db904b6e592/build] unable to get git ref: failed to identify reference (tag/branch) for the checked-out revision '85501f9cf4918d5eee345f83aed7a31eecb26b8d'
[b5dba64d-2d42-450e-928a-3db904b6e592/build] unable to get git ref: failed to identify reference (tag/branch) for the checked-out revision '85501f9cf4918d5eee345f83aed7a31eecb26b8d'
[b5dba64d-2d42-450e-928a-3db904b6e592/build] unable to get git ref: failed to identify reference (tag/branch) for the checked-out revision '85501f9cf4918d5eee345f83aed7a31eecb26b8d'
[b5dba64d-2d42-450e-928a-3db904b6e592/build] unable to get git ref: failed to identify reference (tag/branch) for the checked-out revision '85501f9cf4918d5eee345f83aed7a31eecb26b8d'
[b5dba64d-2d42-450e-928a-3db904b6e592/build] ⭐ Run Main actions/checkout@v3
[b5dba64d-2d42-450e-928a-3db904b6e592/build] unable to get git ref: failed to identify reference (tag/branch) for the checked-out revision '85501f9cf4918d5eee345f83aed7a31eecb26b8d'
[b5dba64d-2d42-450e-928a-3db904b6e592/build] unable to get git ref: failed to identify reference (tag/branch) for the checked-out revision '85501f9cf4918d5eee345f83aed7a31eecb26b8d'
[b5dba64d-2d42-450e-928a-3db904b6e592/build]   🐳  docker cp src=/tmp/82bba31d-d1f1-45a7-87d7-89cb214b8411/. dst=/tmp/82bba31d-d1f1-45a7-87d7-89cb214b8411
[b5dba64d-2d42-450e-928a-3db904b6e592/build]   🐳  docker exec cmd=[chown -R 1012:1013 /tmp/82bba31d-d1f1-45a7-87d7-89cb214b8411] user=0 workdir=
[b5dba64d-2d42-450e-928a-3db904b6e592/build]   ✅  Success - Main actions/checkout@v3
[b5dba64d-2d42-450e-928a-3db904b6e592/build] unable to get git ref: failed to identify reference (tag/branch) for the checked-out revision '85501f9cf4918d5eee345f83aed7a31eecb26b8d'
[b5dba64d-2d42-450e-928a-3db904b6e592/build] unable to get git ref: failed to identify reference (tag/branch) for the checked-out revision '85501f9cf4918d5eee345f83aed7a31eecb26b8d'
[b5dba64d-2d42-450e-928a-3db904b6e592/build] unable to get git ref: failed to identify reference (tag/branch) for the checked-out revision '85501f9cf4918d5eee345f83aed7a31eecb26b8d'
[b5dba64d-2d42-450e-928a-3db904b6e592/build] unable to get git ref: failed to identify reference (tag/branch) for the checked-out revision '85501f9cf4918d5eee345f83aed7a31eecb26b8d'
[b5dba64d-2d42-450e-928a-3db904b6e592/build] unable to get git ref: failed to identify reference (tag/branch) for the checked-out revision '85501f9cf4918d5eee345f83aed7a31eecb26b8d'
[b5dba64d-2d42-450e-928a-3db904b6e592/build] ⭐ Run Main actions/setup-java@v3
[b5dba64d-2d42-450e-928a-3db904b6e592/build] unable to get git ref: failed to identify reference (tag/branch) for the checked-out revision '85501f9cf4918d5eee345f83aed7a31eecb26b8d'
[b5dba64d-2d42-450e-928a-3db904b6e592/build] unable to get git ref: failed to identify reference (tag/branch) for the checked-out revision '85501f9cf4918d5eee345f83aed7a31eecb26b8d'
[b5dba64d-2d42-450e-928a-3db904b6e592/build] unable to get git ref: failed to identify reference (tag/branch) for the checked-out revision '85501f9cf4918d5eee345f83aed7a31eecb26b8d'
[b5dba64d-2d42-450e-928a-3db904b6e592/build]   🐳  docker cp src=/tmp/act-cache/27c48a5b-2ef1-42b5-adfd-cea03259e653/act/actions-setup-java@v3/ dst=/var/run/act/actions/actions-setup-java@v3/
[b5dba64d-2d42-450e-928a-3db904b6e592/build]   🐳  docker exec cmd=[chown -R 1012:1013 /var/run/act/actions/actions-setup-java@v3/] user=0 workdir=
[b5dba64d-2d42-450e-928a-3db904b6e592/build]   🐳  docker exec cmd=[node /var/run/act/actions/actions-setup-java@v3/dist/setup/index.js] user= workdir=
[b5dba64d-2d42-450e-928a-3db904b6e592/build]   ❓  ::group::Installed distributions
[b5dba64d-2d42-450e-928a-3db904b6e592/build]   | Trying to resolve the latest version from remote
[b5dba64d-2d42-450e-928a-3db904b6e592/build]   💬  ::debug::Gathering available versions from 'https://api.azul.com/zulu/download/community/v1.0/bundles/?os=linux&ext=tar.gz&bundle_type=jdk&javafx=false&arch=x86&hw_bitness=64&release_status=ga'
[b5dba64d-2d42-450e-928a-3db904b6e592/build]   | Resolved latest version as 11.0.21+9
[b5dba64d-2d42-450e-928a-3db904b6e592/build]   | Trying to download...
[b5dba64d-2d42-450e-928a-3db904b6e592/build]   | Downloading Java 11.0.21+9 (Zulu) from https://cdn.azul.com/zulu/bin/zulu11.68.17-ca-jdk11.0.21-linux_x64.tar.gz ...
[b5dba64d-2d42-450e-928a-3db904b6e592/build]   💬  ::debug::Downloading https://cdn.azul.com/zulu/bin/zulu11.68.17-ca-jdk11.0.21-linux_x64.tar.gz
[b5dba64d-2d42-450e-928a-3db904b6e592/build]   💬  ::debug::Destination /tmp/ba45c701-ea8e-4a24-bfbd-44af8908f320
[b5dba64d-2d42-450e-928a-3db904b6e592/build]   💬  ::debug::download complete
[b5dba64d-2d42-450e-928a-3db904b6e592/build]   | Extracting Java archive...
[b5dba64d-2d42-450e-928a-3db904b6e592/build]   💬  ::debug::Checking tar --version
[b5dba64d-2d42-450e-928a-3db904b6e592/build]   💬  ::debug::tar (GNU tar) 1.34%0ACopyright (C) 2021 Free Software Foundation, Inc.%0ALicense GPLv3+: GNU GPL version 3 or later <https://gnu.org/licenses/gpl.html>.%0AThis is free software: you are free to change and redistribute it.%0AThere is NO WARRANTY, to the extent permitted by law.%0A%0AWritten by John Gilmore and Jay Fenlason.
[b5dba64d-2d42-450e-928a-3db904b6e592/build]   | [command]/usr/bin/tar xz --warning=no-unknown-keyword -C /tmp/107964c7-bd73-4f8b-87a1-b8088e59431d -f /tmp/ba45c701-ea8e-4a24-bfbd-44af8908f320
[b5dba64d-2d42-450e-928a-3db904b6e592/build]   💬  ::debug::Caching tool Java_Zulu_jdk 11.0.21-9 x64
[b5dba64d-2d42-450e-928a-3db904b6e592/build]   💬  ::debug::source dir: /tmp/107964c7-bd73-4f8b-87a1-b8088e59431d/zulu11.68.17-ca-jdk11.0.21-linux_x64
[b5dba64d-2d42-450e-928a-3db904b6e592/build]   💬  ::debug::destination /opt/hostedtoolcache/Java_Zulu_jdk/11.0.21-9/x64
[b5dba64d-2d42-450e-928a-3db904b6e592/build]   💬  ::debug::finished caching tool
[b5dba64d-2d42-450e-928a-3db904b6e592/build]   | Java 11.0.21+9 was downloaded
[b5dba64d-2d42-450e-928a-3db904b6e592/build]   | Setting Java 11.0.21+9 as the default
[b5dba64d-2d42-450e-928a-3db904b6e592/build]   | Creating toolchains.xml for JDK version 11 from zulu
[b5dba64d-2d42-450e-928a-3db904b6e592/build]   | Writing to /home/runner/.m2/toolchains.xml
[b5dba64d-2d42-450e-928a-3db904b6e592/build]   | 
[b5dba64d-2d42-450e-928a-3db904b6e592/build]   | Java configuration:
[b5dba64d-2d42-450e-928a-3db904b6e592/build]   |   Distribution: zulu
[b5dba64d-2d42-450e-928a-3db904b6e592/build]   |   Version: 11.0.21+9
[b5dba64d-2d42-450e-928a-3db904b6e592/build]   |   Path: /opt/hostedtoolcache/Java_Zulu_jdk/11.0.21-9/x64
[b5dba64d-2d42-450e-928a-3db904b6e592/build]   | 
[b5dba64d-2d42-450e-928a-3db904b6e592/build]   ❓  ::endgroup::
[b5dba64d-2d42-450e-928a-3db904b6e592/build]   ❓ add-matcher /run/act/actions/actions-setup-java@v3/.github/java.json
[b5dba64d-2d42-450e-928a-3db904b6e592/build]   | Creating settings.xml with server-id: github
[b5dba64d-2d42-450e-928a-3db904b6e592/build]   | Writing to /home/runner/.m2/settings.xml
[b5dba64d-2d42-450e-928a-3db904b6e592/build]   ✅  Success - Main actions/setup-java@v3
[b5dba64d-2d42-450e-928a-3db904b6e592/build]   ⚙  ::set-env:: JAVA_HOME_11_X64=/opt/hostedtoolcache/Java_Zulu_jdk/11.0.21-9/x64
[b5dba64d-2d42-450e-928a-3db904b6e592/build]   ⚙  ::set-env:: JAVA_HOME=/opt/hostedtoolcache/Java_Zulu_jdk/11.0.21-9/x64
[b5dba64d-2d42-450e-928a-3db904b6e592/build]   ⚙  ::set-output:: distribution=Zulu
[b5dba64d-2d42-450e-928a-3db904b6e592/build]   ⚙  ::set-output:: path=/opt/hostedtoolcache/Java_Zulu_jdk/11.0.21-9/x64
[b5dba64d-2d42-450e-928a-3db904b6e592/build]   ⚙  ::set-output:: version=11.0.21+9
[b5dba64d-2d42-450e-928a-3db904b6e592/build]   ⚙  ::add-path:: /opt/hostedtoolcache/Java_Zulu_jdk/11.0.21-9/x64/bin
[b5dba64d-2d42-450e-928a-3db904b6e592/build] unable to get git ref: failed to identify reference (tag/branch) for the checked-out revision '85501f9cf4918d5eee345f83aed7a31eecb26b8d'
[b5dba64d-2d42-450e-928a-3db904b6e592/build] unable to get git ref: failed to identify reference (tag/branch) for the checked-out revision '85501f9cf4918d5eee345f83aed7a31eecb26b8d'
[b5dba64d-2d42-450e-928a-3db904b6e592/build] unable to get git ref: failed to identify reference (tag/branch) for the checked-out revision '85501f9cf4918d5eee345f83aed7a31eecb26b8d'
[b5dba64d-2d42-450e-928a-3db904b6e592/build] unable to get git ref: failed to identify reference (tag/branch) for the checked-out revision '85501f9cf4918d5eee345f83aed7a31eecb26b8d'
[b5dba64d-2d42-450e-928a-3db904b6e592/build] unable to get git ref: failed to identify reference (tag/branch) for the checked-out revision '85501f9cf4918d5eee345f83aed7a31eecb26b8d'
[b5dba64d-2d42-450e-928a-3db904b6e592/build] ⭐ Run Main ./gradlew build --no-daemon --warning-mode=fail
[b5dba64d-2d42-450e-928a-3db904b6e592/build] unable to get git ref: failed to identify reference (tag/branch) for the checked-out revision '85501f9cf4918d5eee345f83aed7a31eecb26b8d'
[b5dba64d-2d42-450e-928a-3db904b6e592/build] unable to get git ref: failed to identify reference (tag/branch) for the checked-out revision '85501f9cf4918d5eee345f83aed7a31eecb26b8d'
[b5dba64d-2d42-450e-928a-3db904b6e592/build] unable to get git ref: failed to identify reference (tag/branch) for the checked-out revision '85501f9cf4918d5eee345f83aed7a31eecb26b8d'
[b5dba64d-2d42-450e-928a-3db904b6e592/build] unable to get git ref: failed to identify reference (tag/branch) for the checked-out revision '85501f9cf4918d5eee345f83aed7a31eecb26b8d'
[b5dba64d-2d42-450e-928a-3db904b6e592/build]   🐳  docker exec cmd=[bash --noprofile --norc -e -o pipefail /var/run/act/workflow/2] user= workdir=
[b5dba64d-2d42-450e-928a-3db904b6e592/build]   | Downloading https://services.gradle.org/distributions/gradle-7.5.1-bin.zip
[b5dba64d-2d42-450e-928a-3db904b6e592/build]   | ...........10%............20%...........30%............40%...........50%............60%...........70%............80%...........90%............100%
[b5dba64d-2d42-450e-928a-3db904b6e592/build]   | 
[b5dba64d-2d42-450e-928a-3db904b6e592/build]   | Welcome to Gradle 7.5.1!
[b5dba64d-2d42-450e-928a-3db904b6e592/build]   | 
[b5dba64d-2d42-450e-928a-3db904b6e592/build]   | Here are the highlights of this release:
[b5dba64d-2d42-450e-928a-3db904b6e592/build]   |  - Support for Java 18
[b5dba64d-2d42-450e-928a-3db904b6e592/build]   |  - Support for building with Groovy 4
[b5dba64d-2d42-450e-928a-3db904b6e592/build]   |  - Much more responsive continuous builds
[b5dba64d-2d42-450e-928a-3db904b6e592/build]   |  - Improved diagnostics for dependency resolution
[b5dba64d-2d42-450e-928a-3db904b6e592/build]   | 
[b5dba64d-2d42-450e-928a-3db904b6e592/build]   | For more details see https://docs.gradle.org/7.5.1/release-notes.html
[b5dba64d-2d42-450e-928a-3db904b6e592/build]   | 
[b5dba64d-2d42-450e-928a-3db904b6e592/build]   | To honour the JVM settings for this build a single-use Daemon process will be forked. See https://docs.gradle.org/7.5.1/userguide/gradle_daemon.html#sec:disabling_the_daemon.
[b5dba64d-2d42-450e-928a-3db904b6e592/build]   | Daemon will be stopped at the end of the build 
[b5dba64d-2d42-450e-928a-3db904b6e592/build]   | 
[b5dba64d-2d42-450e-928a-3db904b6e592/build]   | > Configure project :
[b5dba64d-2d42-450e-928a-3db904b6e592/build]   | Kordamp Enforcer Gradle plugin 0.10.0. Consider becoming a patron at https://www.patreon.com/aalmiray
[b5dba64d-2d42-450e-928a-3db904b6e592/build]   | 
[b5dba64d-2d42-450e-928a-3db904b6e592/build]   | > Task :copyDependencies
[b5dba64d-2d42-450e-928a-3db904b6e592/build]   | > Task :extractIncludeProto
[b5dba64d-2d42-450e-928a-3db904b6e592/build]   | > Task :extractProto
[b5dba64d-2d42-450e-928a-3db904b6e592/build]   | > Task :generateProto
[b5dba64d-2d42-450e-928a-3db904b6e592/build]   | > Task :compileJava
[b5dba64d-2d42-450e-928a-3db904b6e592/build]   | Note: Some input files use or override a deprecated API.
[b5dba64d-2d42-450e-928a-3db904b6e592/build]   | Note: Recompile with -Xlint:deprecation for details.
[b5dba64d-2d42-450e-928a-3db904b6e592/build]   | Note: Some input files use unchecked or unsafe operations.
[b5dba64d-2d42-450e-928a-3db904b6e592/build]   | Note: Recompile with -Xlint:unchecked for details.
[b5dba64d-2d42-450e-928a-3db904b6e592/build]   | 
[b5dba64d-2d42-450e-928a-3db904b6e592/build]   | > Task :processResources
[b5dba64d-2d42-450e-928a-3db904b6e592/build]   | > Task :classes
[b5dba64d-2d42-450e-928a-3db904b6e592/build]   | > Task :jar
[b5dba64d-2d42-450e-928a-3db904b6e592/build]   | > Task :assemble
[b5dba64d-2d42-450e-928a-3db904b6e592/build]   | > Task :extractIncludeTestProto
[b5dba64d-2d42-450e-928a-3db904b6e592/build]   | > Task :extractTestProto
[b5dba64d-2d42-450e-928a-3db904b6e592/build]   | > Task :generateTestProto NO-SOURCE
[b5dba64d-2d42-450e-928a-3db904b6e592/build]   | 
[b5dba64d-2d42-450e-928a-3db904b6e592/build]   | > Task :compileTestJava
[b5dba64d-2d42-450e-928a-3db904b6e592/build]   | Note: Some input files use or override a deprecated API.
[b5dba64d-2d42-450e-928a-3db904b6e592/build]   | Note: Recompile with -Xlint:deprecation for details.
[b5dba64d-2d42-450e-928a-3db904b6e592/build]   | Note: /tmp/82bba31d-d1f1-45a7-87d7-89cb214b8411/src/test/java/org/traccar/helper/ServletHelperTest.java uses unchecked or unsafe operations.
[b5dba64d-2d42-450e-928a-3db904b6e592/build]   | Note: Recompile with -Xlint:unchecked for details.
[b5dba64d-2d42-450e-928a-3db904b6e592/build]   | 
[b5dba64d-2d42-450e-928a-3db904b6e592/build]   | > Task :processTestResources NO-SOURCE
[b5dba64d-2d42-450e-928a-3db904b6e592/build]   | > Task :testClasses
[b5dba64d-2d42-450e-928a-3db904b6e592/build]   | > Task :checkstyleTest SKIPPED
[b5dba64d-2d42-450e-928a-3db904b6e592/build]   | 
[b5dba64d-2d42-450e-928a-3db904b6e592/build]   | > Task :test
[b5dba64d-2d42-450e-928a-3db904b6e592/build]   | 
[b5dba64d-2d42-450e-928a-3db904b6e592/build]   | org.traccar.protocol.Gt06ProtocolDecoderTest > testDecode FAILED
[b5dba64d-2d42-450e-928a-3db904b6e592/build]   |     java.lang.AssertionError at Gt06ProtocolDecoderTest.java:20
[b5dba64d-2d42-450e-928a-3db904b6e592/build]   | 
[b5dba64d-2d42-450e-928a-3db904b6e592/build]   | 492 tests completed, 1 failed, 23 skipped
[b5dba64d-2d42-450e-928a-3db904b6e592/build]   | 
[b5dba64d-2d42-450e-928a-3db904b6e592/build]   | > Task :test FAILED
[b5dba64d-2d42-450e-928a-3db904b6e592/build]   | > Task :checkstyleMain
[b5dba64d-2d42-450e-928a-3db904b6e592/build]   | 12 actionable tasks: 12 executed
[b5dba64d-2d42-450e-928a-3db904b6e592/build]   | 
[b5dba64d-2d42-450e-928a-3db904b6e592/build]   | FAILURE: Build failed with an exception.
[b5dba64d-2d42-450e-928a-3db904b6e592/build]   | 
[b5dba64d-2d42-450e-928a-3db904b6e592/build]   | * What went wrong:
[b5dba64d-2d42-450e-928a-3db904b6e592/build]   | Execution failed for task ':test'.
[b5dba64d-2d42-450e-928a-3db904b6e592/build]   | > There were failing tests. See the report at: file:///tmp/82bba31d-d1f1-45a7-87d7-89cb214b8411/build/reports/tests/test/index.html
[b5dba64d-2d42-450e-928a-3db904b6e592/build]   | 
[b5dba64d-2d42-450e-928a-3db904b6e592/build]   | * Try:
[b5dba64d-2d42-450e-928a-3db904b6e592/build]   | > Run with --stacktrace option to get the stack trace.
[b5dba64d-2d42-450e-928a-3db904b6e592/build]   | > Run with --info or --debug option to get more log output.
[b5dba64d-2d42-450e-928a-3db904b6e592/build]   | > Run with --scan to get full insights.
[b5dba64d-2d42-450e-928a-3db904b6e592/build]   | 
[b5dba64d-2d42-450e-928a-3db904b6e592/build]   | * Get more help at https://help.gradle.org
[b5dba64d-2d42-450e-928a-3db904b6e592/build]   | 
[b5dba64d-2d42-450e-928a-3db904b6e592/build]   | BUILD FAILED in 2m 24s
[b5dba64d-2d42-450e-928a-3db904b6e592/build]   ❌  Failure - Main ./gradlew build --no-daemon --warning-mode=fail
[b5dba64d-2d42-450e-928a-3db904b6e592/build] exitcode '1': failure
[b5dba64d-2d42-450e-928a-3db904b6e592/build] unable to get git ref: failed to identify reference (tag/branch) for the checked-out revision '85501f9cf4918d5eee345f83aed7a31eecb26b8d'
[b5dba64d-2d42-450e-928a-3db904b6e592/build] unable to get git ref: failed to identify reference (tag/branch) for the checked-out revision '85501f9cf4918d5eee345f83aed7a31eecb26b8d'
[b5dba64d-2d42-450e-928a-3db904b6e592/build] unable to get git ref: failed to identify reference (tag/branch) for the checked-out revision '85501f9cf4918d5eee345f83aed7a31eecb26b8d'
[b5dba64d-2d42-450e-928a-3db904b6e592/build] unable to get git ref: failed to identify reference (tag/branch) for the checked-out revision '85501f9cf4918d5eee345f83aed7a31eecb26b8d'
[b5dba64d-2d42-450e-928a-3db904b6e592/build] unable to get git ref: failed to identify reference (tag/branch) for the checked-out revision '85501f9cf4918d5eee345f83aed7a31eecb26b8d'
[b5dba64d-2d42-450e-928a-3db904b6e592/build] ⭐ Run Post actions/setup-java@v3
[b5dba64d-2d42-450e-928a-3db904b6e592/build]   🐳  docker exec cmd=[node /var/run/act/actions/actions-setup-java@v3/dist/cleanup/index.js] user= workdir=
[b5dba64d-2d42-450e-928a-3db904b6e592/build]   ✅  Success - Post actions/setup-java@v3
[b5dba64d-2d42-450e-928a-3db904b6e592/build] 🏁  Job failed
[b5dba64d-2d42-450e-928a-3db904b6e592/build] unable to get git ref: failed to identify reference (tag/branch) for the checked-out revision '85501f9cf4918d5eee345f83aed7a31eecb26b8d'
