[f6f3616e-3cb3-4aa9-9247-c2a865262938/build] 🚀  Start image=gitbugactions:latest
[f6f3616e-3cb3-4aa9-9247-c2a865262938/build]   🐳  docker pull image=gitbugactions:latest platform= username= forcePull=false
[f6f3616e-3cb3-4aa9-9247-c2a865262938/build]   🐳  docker create image=gitbugactions:latest platform= entrypoint=["tail" "-f" "/dev/null"] cmd=[]
[f6f3616e-3cb3-4aa9-9247-c2a865262938/build]   🐳  docker run image=gitbugactions:latest platform= entrypoint=["tail" "-f" "/dev/null"] cmd=[]
[f6f3616e-3cb3-4aa9-9247-c2a865262938/build]   🐳  docker exec cmd=[chown -R 1012:1013 /tmp/fc2670f2-56d5-464b-8318-5d38c69af286] user=0 workdir=
[f6f3616e-3cb3-4aa9-9247-c2a865262938/build] unable to get git ref: failed to identify reference (tag/branch) for the checked-out revision '2be2a4558ace9825a69aecf6329305490eb5fe5e'
[f6f3616e-3cb3-4aa9-9247-c2a865262938/build] unable to get git ref: failed to identify reference (tag/branch) for the checked-out revision '2be2a4558ace9825a69aecf6329305490eb5fe5e'
[f6f3616e-3cb3-4aa9-9247-c2a865262938/build] unable to get git ref: failed to identify reference (tag/branch) for the checked-out revision '2be2a4558ace9825a69aecf6329305490eb5fe5e'
[f6f3616e-3cb3-4aa9-9247-c2a865262938/build] unable to get git ref: failed to identify reference (tag/branch) for the checked-out revision '2be2a4558ace9825a69aecf6329305490eb5fe5e'
[f6f3616e-3cb3-4aa9-9247-c2a865262938/build] unable to get git ref: failed to identify reference (tag/branch) for the checked-out revision '2be2a4558ace9825a69aecf6329305490eb5fe5e'
[f6f3616e-3cb3-4aa9-9247-c2a865262938/build] unable to get git ref: failed to identify reference (tag/branch) for the checked-out revision '2be2a4558ace9825a69aecf6329305490eb5fe5e'
[f6f3616e-3cb3-4aa9-9247-c2a865262938/build] unable to get git ref: failed to identify reference (tag/branch) for the checked-out revision '2be2a4558ace9825a69aecf6329305490eb5fe5e'
[f6f3616e-3cb3-4aa9-9247-c2a865262938/build] unable to get git ref: failed to identify reference (tag/branch) for the checked-out revision '2be2a4558ace9825a69aecf6329305490eb5fe5e'
[f6f3616e-3cb3-4aa9-9247-c2a865262938/build] unable to get git ref: failed to identify reference (tag/branch) for the checked-out revision '2be2a4558ace9825a69aecf6329305490eb5fe5e'
[f6f3616e-3cb3-4aa9-9247-c2a865262938/build] ⭐ Run Main actions/checkout@v3
[f6f3616e-3cb3-4aa9-9247-c2a865262938/build] unable to get git ref: failed to identify reference (tag/branch) for the checked-out revision '2be2a4558ace9825a69aecf6329305490eb5fe5e'
[f6f3616e-3cb3-4aa9-9247-c2a865262938/build] unable to get git ref: failed to identify reference (tag/branch) for the checked-out revision '2be2a4558ace9825a69aecf6329305490eb5fe5e'
[f6f3616e-3cb3-4aa9-9247-c2a865262938/build]   🐳  docker cp src=/tmp/fc2670f2-56d5-464b-8318-5d38c69af286/. dst=/tmp/fc2670f2-56d5-464b-8318-5d38c69af286
[f6f3616e-3cb3-4aa9-9247-c2a865262938/build]   🐳  docker exec cmd=[chown -R 1012:1013 /tmp/fc2670f2-56d5-464b-8318-5d38c69af286] user=0 workdir=
[f6f3616e-3cb3-4aa9-9247-c2a865262938/build]   ✅  Success - Main actions/checkout@v3
[f6f3616e-3cb3-4aa9-9247-c2a865262938/build] unable to get git ref: failed to identify reference (tag/branch) for the checked-out revision '2be2a4558ace9825a69aecf6329305490eb5fe5e'
[f6f3616e-3cb3-4aa9-9247-c2a865262938/build] unable to get git ref: failed to identify reference (tag/branch) for the checked-out revision '2be2a4558ace9825a69aecf6329305490eb5fe5e'
[f6f3616e-3cb3-4aa9-9247-c2a865262938/build] unable to get git ref: failed to identify reference (tag/branch) for the checked-out revision '2be2a4558ace9825a69aecf6329305490eb5fe5e'
[f6f3616e-3cb3-4aa9-9247-c2a865262938/build] unable to get git ref: failed to identify reference (tag/branch) for the checked-out revision '2be2a4558ace9825a69aecf6329305490eb5fe5e'
[f6f3616e-3cb3-4aa9-9247-c2a865262938/build] unable to get git ref: failed to identify reference (tag/branch) for the checked-out revision '2be2a4558ace9825a69aecf6329305490eb5fe5e'
[f6f3616e-3cb3-4aa9-9247-c2a865262938/build] ⭐ Run Main actions/setup-java@v3
[f6f3616e-3cb3-4aa9-9247-c2a865262938/build] unable to get git ref: failed to identify reference (tag/branch) for the checked-out revision '2be2a4558ace9825a69aecf6329305490eb5fe5e'
[f6f3616e-3cb3-4aa9-9247-c2a865262938/build] unable to get git ref: failed to identify reference (tag/branch) for the checked-out revision '2be2a4558ace9825a69aecf6329305490eb5fe5e'
[f6f3616e-3cb3-4aa9-9247-c2a865262938/build] unable to get git ref: failed to identify reference (tag/branch) for the checked-out revision '2be2a4558ace9825a69aecf6329305490eb5fe5e'
[f6f3616e-3cb3-4aa9-9247-c2a865262938/build]   🐳  docker cp src=/tmp/act-cache/c4922c8f-dae0-49c2-a391-8506d72e4c23/act/actions-setup-java@v3/ dst=/var/run/act/actions/actions-setup-java@v3/
[f6f3616e-3cb3-4aa9-9247-c2a865262938/build]   🐳  docker exec cmd=[chown -R 1012:1013 /var/run/act/actions/actions-setup-java@v3/] user=0 workdir=
[f6f3616e-3cb3-4aa9-9247-c2a865262938/build]   🐳  docker exec cmd=[node /var/run/act/actions/actions-setup-java@v3/dist/setup/index.js] user= workdir=
[f6f3616e-3cb3-4aa9-9247-c2a865262938/build]   ❓  ::group::Installed distributions
[f6f3616e-3cb3-4aa9-9247-c2a865262938/build]   | Trying to resolve the latest version from remote
[f6f3616e-3cb3-4aa9-9247-c2a865262938/build]   💬  ::debug::Gathering available versions from 'https://api.azul.com/zulu/download/community/v1.0/bundles/?os=linux&ext=tar.gz&bundle_type=jdk&javafx=false&arch=x86&hw_bitness=64&release_status=ga'
[f6f3616e-3cb3-4aa9-9247-c2a865262938/build]   | Resolved latest version as 11.0.21+9
[f6f3616e-3cb3-4aa9-9247-c2a865262938/build]   | Trying to download...
[f6f3616e-3cb3-4aa9-9247-c2a865262938/build]   | Downloading Java 11.0.21+9 (Zulu) from https://cdn.azul.com/zulu/bin/zulu11.68.17-ca-jdk11.0.21-linux_x64.tar.gz ...
[f6f3616e-3cb3-4aa9-9247-c2a865262938/build]   💬  ::debug::Downloading https://cdn.azul.com/zulu/bin/zulu11.68.17-ca-jdk11.0.21-linux_x64.tar.gz
[f6f3616e-3cb3-4aa9-9247-c2a865262938/build]   💬  ::debug::Destination /tmp/2257ddf5-bc2d-49f2-9c4e-183ee9362179
[f6f3616e-3cb3-4aa9-9247-c2a865262938/build]   💬  ::debug::download complete
[f6f3616e-3cb3-4aa9-9247-c2a865262938/build]   | Extracting Java archive...
[f6f3616e-3cb3-4aa9-9247-c2a865262938/build]   💬  ::debug::Checking tar --version
[f6f3616e-3cb3-4aa9-9247-c2a865262938/build]   💬  ::debug::tar (GNU tar) 1.34%0ACopyright (C) 2021 Free Software Foundation, Inc.%0ALicense GPLv3+: GNU GPL version 3 or later <https://gnu.org/licenses/gpl.html>.%0AThis is free software: you are free to change and redistribute it.%0AThere is NO WARRANTY, to the extent permitted by law.%0A%0AWritten by John Gilmore and Jay Fenlason.
[f6f3616e-3cb3-4aa9-9247-c2a865262938/build]   | [command]/usr/bin/tar xz --warning=no-unknown-keyword -C /tmp/5aa37edb-91ce-4065-a53d-90f4be0ca6e0 -f /tmp/2257ddf5-bc2d-49f2-9c4e-183ee9362179
[f6f3616e-3cb3-4aa9-9247-c2a865262938/build]   💬  ::debug::Caching tool Java_Zulu_jdk 11.0.21-9 x64
[f6f3616e-3cb3-4aa9-9247-c2a865262938/build]   💬  ::debug::source dir: /tmp/5aa37edb-91ce-4065-a53d-90f4be0ca6e0/zulu11.68.17-ca-jdk11.0.21-linux_x64
[f6f3616e-3cb3-4aa9-9247-c2a865262938/build]   💬  ::debug::destination /opt/hostedtoolcache/Java_Zulu_jdk/11.0.21-9/x64
[f6f3616e-3cb3-4aa9-9247-c2a865262938/build]   💬  ::debug::finished caching tool
[f6f3616e-3cb3-4aa9-9247-c2a865262938/build]   | Java 11.0.21+9 was downloaded
[f6f3616e-3cb3-4aa9-9247-c2a865262938/build]   | Setting Java 11.0.21+9 as the default
[f6f3616e-3cb3-4aa9-9247-c2a865262938/build]   | Creating toolchains.xml for JDK version 11 from zulu
[f6f3616e-3cb3-4aa9-9247-c2a865262938/build]   | Writing to /home/runner/.m2/toolchains.xml
[f6f3616e-3cb3-4aa9-9247-c2a865262938/build]   | 
[f6f3616e-3cb3-4aa9-9247-c2a865262938/build]   | Java configuration:
[f6f3616e-3cb3-4aa9-9247-c2a865262938/build]   |   Distribution: zulu
[f6f3616e-3cb3-4aa9-9247-c2a865262938/build]   |   Version: 11.0.21+9
[f6f3616e-3cb3-4aa9-9247-c2a865262938/build]   |   Path: /opt/hostedtoolcache/Java_Zulu_jdk/11.0.21-9/x64
[f6f3616e-3cb3-4aa9-9247-c2a865262938/build]   | 
[f6f3616e-3cb3-4aa9-9247-c2a865262938/build]   ❓  ::endgroup::
[f6f3616e-3cb3-4aa9-9247-c2a865262938/build]   ❓ add-matcher /run/act/actions/actions-setup-java@v3/.github/java.json
[f6f3616e-3cb3-4aa9-9247-c2a865262938/build]   | Creating settings.xml with server-id: github
[f6f3616e-3cb3-4aa9-9247-c2a865262938/build]   | Writing to /home/runner/.m2/settings.xml
[f6f3616e-3cb3-4aa9-9247-c2a865262938/build]   ✅  Success - Main actions/setup-java@v3
[f6f3616e-3cb3-4aa9-9247-c2a865262938/build]   ⚙  ::set-env:: JAVA_HOME=/opt/hostedtoolcache/Java_Zulu_jdk/11.0.21-9/x64
[f6f3616e-3cb3-4aa9-9247-c2a865262938/build]   ⚙  ::set-env:: JAVA_HOME_11_X64=/opt/hostedtoolcache/Java_Zulu_jdk/11.0.21-9/x64
[f6f3616e-3cb3-4aa9-9247-c2a865262938/build]   ⚙  ::set-output:: distribution=Zulu
[f6f3616e-3cb3-4aa9-9247-c2a865262938/build]   ⚙  ::set-output:: path=/opt/hostedtoolcache/Java_Zulu_jdk/11.0.21-9/x64
[f6f3616e-3cb3-4aa9-9247-c2a865262938/build]   ⚙  ::set-output:: version=11.0.21+9
[f6f3616e-3cb3-4aa9-9247-c2a865262938/build]   ⚙  ::add-path:: /opt/hostedtoolcache/Java_Zulu_jdk/11.0.21-9/x64/bin
[f6f3616e-3cb3-4aa9-9247-c2a865262938/build] unable to get git ref: failed to identify reference (tag/branch) for the checked-out revision '2be2a4558ace9825a69aecf6329305490eb5fe5e'
[f6f3616e-3cb3-4aa9-9247-c2a865262938/build] unable to get git ref: failed to identify reference (tag/branch) for the checked-out revision '2be2a4558ace9825a69aecf6329305490eb5fe5e'
[f6f3616e-3cb3-4aa9-9247-c2a865262938/build] unable to get git ref: failed to identify reference (tag/branch) for the checked-out revision '2be2a4558ace9825a69aecf6329305490eb5fe5e'
[f6f3616e-3cb3-4aa9-9247-c2a865262938/build] unable to get git ref: failed to identify reference (tag/branch) for the checked-out revision '2be2a4558ace9825a69aecf6329305490eb5fe5e'
[f6f3616e-3cb3-4aa9-9247-c2a865262938/build] unable to get git ref: failed to identify reference (tag/branch) for the checked-out revision '2be2a4558ace9825a69aecf6329305490eb5fe5e'
[f6f3616e-3cb3-4aa9-9247-c2a865262938/build] ⭐ Run Main ./gradlew build --no-daemon --warning-mode=fail
[f6f3616e-3cb3-4aa9-9247-c2a865262938/build] unable to get git ref: failed to identify reference (tag/branch) for the checked-out revision '2be2a4558ace9825a69aecf6329305490eb5fe5e'
[f6f3616e-3cb3-4aa9-9247-c2a865262938/build] unable to get git ref: failed to identify reference (tag/branch) for the checked-out revision '2be2a4558ace9825a69aecf6329305490eb5fe5e'
[f6f3616e-3cb3-4aa9-9247-c2a865262938/build] unable to get git ref: failed to identify reference (tag/branch) for the checked-out revision '2be2a4558ace9825a69aecf6329305490eb5fe5e'
[f6f3616e-3cb3-4aa9-9247-c2a865262938/build] unable to get git ref: failed to identify reference (tag/branch) for the checked-out revision '2be2a4558ace9825a69aecf6329305490eb5fe5e'
[f6f3616e-3cb3-4aa9-9247-c2a865262938/build]   🐳  docker exec cmd=[bash --noprofile --norc -e -o pipefail /var/run/act/workflow/2] user= workdir=
[f6f3616e-3cb3-4aa9-9247-c2a865262938/build]   | Downloading https://services.gradle.org/distributions/gradle-7.5.1-bin.zip
[f6f3616e-3cb3-4aa9-9247-c2a865262938/build]   | ...........10%............20%...........30%............40%...........50%............60%...........70%............80%...........90%............100%
[f6f3616e-3cb3-4aa9-9247-c2a865262938/build]   | 
[f6f3616e-3cb3-4aa9-9247-c2a865262938/build]   | Welcome to Gradle 7.5.1!
[f6f3616e-3cb3-4aa9-9247-c2a865262938/build]   | 
[f6f3616e-3cb3-4aa9-9247-c2a865262938/build]   | Here are the highlights of this release:
[f6f3616e-3cb3-4aa9-9247-c2a865262938/build]   |  - Support for Java 18
[f6f3616e-3cb3-4aa9-9247-c2a865262938/build]   |  - Support for building with Groovy 4
[f6f3616e-3cb3-4aa9-9247-c2a865262938/build]   |  - Much more responsive continuous builds
[f6f3616e-3cb3-4aa9-9247-c2a865262938/build]   |  - Improved diagnostics for dependency resolution
[f6f3616e-3cb3-4aa9-9247-c2a865262938/build]   | 
[f6f3616e-3cb3-4aa9-9247-c2a865262938/build]   | For more details see https://docs.gradle.org/7.5.1/release-notes.html
[f6f3616e-3cb3-4aa9-9247-c2a865262938/build]   | 
[f6f3616e-3cb3-4aa9-9247-c2a865262938/build]   | To honour the JVM settings for this build a single-use Daemon process will be forked. See https://docs.gradle.org/7.5.1/userguide/gradle_daemon.html#sec:disabling_the_daemon.
[f6f3616e-3cb3-4aa9-9247-c2a865262938/build]   | Daemon will be stopped at the end of the build 
[f6f3616e-3cb3-4aa9-9247-c2a865262938/build]   | 
[f6f3616e-3cb3-4aa9-9247-c2a865262938/build]   | > Configure project :
[f6f3616e-3cb3-4aa9-9247-c2a865262938/build]   | Kordamp Enforcer Gradle plugin 0.13.0. Consider becoming a patron at https://www.patreon.com/aalmiray
[f6f3616e-3cb3-4aa9-9247-c2a865262938/build]   | 
[f6f3616e-3cb3-4aa9-9247-c2a865262938/build]   | > Task :copyDependencies
[f6f3616e-3cb3-4aa9-9247-c2a865262938/build]   | > Task :extractIncludeProto
[f6f3616e-3cb3-4aa9-9247-c2a865262938/build]   | > Task :extractProto
[f6f3616e-3cb3-4aa9-9247-c2a865262938/build]   | > Task :generateProto
[f6f3616e-3cb3-4aa9-9247-c2a865262938/build]   | > Task :compileJava
[f6f3616e-3cb3-4aa9-9247-c2a865262938/build]   | Note: Some input files use or override a deprecated API.
[f6f3616e-3cb3-4aa9-9247-c2a865262938/build]   | Note: Recompile with -Xlint:deprecation for details.
[f6f3616e-3cb3-4aa9-9247-c2a865262938/build]   | Note: Some input files use unchecked or unsafe operations.
[f6f3616e-3cb3-4aa9-9247-c2a865262938/build]   | Note: Recompile with -Xlint:unchecked for details.
[f6f3616e-3cb3-4aa9-9247-c2a865262938/build]   | 
[f6f3616e-3cb3-4aa9-9247-c2a865262938/build]   | > Task :processResources
[f6f3616e-3cb3-4aa9-9247-c2a865262938/build]   | > Task :classes
[f6f3616e-3cb3-4aa9-9247-c2a865262938/build]   | > Task :jar
[f6f3616e-3cb3-4aa9-9247-c2a865262938/build]   | > Task :assemble
[f6f3616e-3cb3-4aa9-9247-c2a865262938/build]   | > Task :extractIncludeTestProto
[f6f3616e-3cb3-4aa9-9247-c2a865262938/build]   | > Task :extractTestProto
[f6f3616e-3cb3-4aa9-9247-c2a865262938/build]   | > Task :generateTestProto NO-SOURCE
[f6f3616e-3cb3-4aa9-9247-c2a865262938/build]   | 
[f6f3616e-3cb3-4aa9-9247-c2a865262938/build]   | > Task :compileTestJava
[f6f3616e-3cb3-4aa9-9247-c2a865262938/build]   | Note: Some input files use or override a deprecated API.
[f6f3616e-3cb3-4aa9-9247-c2a865262938/build]   | Note: Recompile with -Xlint:deprecation for details.
[f6f3616e-3cb3-4aa9-9247-c2a865262938/build]   | 
[f6f3616e-3cb3-4aa9-9247-c2a865262938/build]   | > Task :processTestResources NO-SOURCE
[f6f3616e-3cb3-4aa9-9247-c2a865262938/build]   | > Task :testClasses
[f6f3616e-3cb3-4aa9-9247-c2a865262938/build]   | > Task :checkstyleTest SKIPPED
[f6f3616e-3cb3-4aa9-9247-c2a865262938/build]   | > Task :checkstyleMain
[f6f3616e-3cb3-4aa9-9247-c2a865262938/build]   | > Task :test
[f6f3616e-3cb3-4aa9-9247-c2a865262938/build]   | > Task :check
[f6f3616e-3cb3-4aa9-9247-c2a865262938/build]   | > Task :build
[f6f3616e-3cb3-4aa9-9247-c2a865262938/build]   | 
[f6f3616e-3cb3-4aa9-9247-c2a865262938/build]   | BUILD SUCCESSFUL in 3m 1s
[f6f3616e-3cb3-4aa9-9247-c2a865262938/build]   | 12 actionable tasks: 12 executed
[f6f3616e-3cb3-4aa9-9247-c2a865262938/build]   ✅  Success - Main ./gradlew build --no-daemon --warning-mode=fail
[f6f3616e-3cb3-4aa9-9247-c2a865262938/build] unable to get git ref: failed to identify reference (tag/branch) for the checked-out revision '2be2a4558ace9825a69aecf6329305490eb5fe5e'
[f6f3616e-3cb3-4aa9-9247-c2a865262938/build] unable to get git ref: failed to identify reference (tag/branch) for the checked-out revision '2be2a4558ace9825a69aecf6329305490eb5fe5e'
[f6f3616e-3cb3-4aa9-9247-c2a865262938/build] unable to get git ref: failed to identify reference (tag/branch) for the checked-out revision '2be2a4558ace9825a69aecf6329305490eb5fe5e'
[f6f3616e-3cb3-4aa9-9247-c2a865262938/build] unable to get git ref: failed to identify reference (tag/branch) for the checked-out revision '2be2a4558ace9825a69aecf6329305490eb5fe5e'
[f6f3616e-3cb3-4aa9-9247-c2a865262938/build] unable to get git ref: failed to identify reference (tag/branch) for the checked-out revision '2be2a4558ace9825a69aecf6329305490eb5fe5e'
[f6f3616e-3cb3-4aa9-9247-c2a865262938/build] ⭐ Run Post actions/setup-java@v3
[f6f3616e-3cb3-4aa9-9247-c2a865262938/build]   🐳  docker exec cmd=[node /var/run/act/actions/actions-setup-java@v3/dist/cleanup/index.js] user= workdir=
[f6f3616e-3cb3-4aa9-9247-c2a865262938/build]   ✅  Success - Post actions/setup-java@v3
[f6f3616e-3cb3-4aa9-9247-c2a865262938/build] 🏁  Job succeeded
[f6f3616e-3cb3-4aa9-9247-c2a865262938/build] unable to get git ref: failed to identify reference (tag/branch) for the checked-out revision '2be2a4558ace9825a69aecf6329305490eb5fe5e'
