[67bdf72b-1bfd-42a2-b1d8-93f64e8478cf/build] 🚀  Start image=gitbugactions:latest
[67bdf72b-1bfd-42a2-b1d8-93f64e8478cf/build]   🐳  docker pull image=gitbugactions:latest platform= username= forcePull=false
[67bdf72b-1bfd-42a2-b1d8-93f64e8478cf/build]   🐳  docker create image=gitbugactions:latest platform= entrypoint=["tail" "-f" "/dev/null"] cmd=[]
[67bdf72b-1bfd-42a2-b1d8-93f64e8478cf/build]   🐳  docker run image=gitbugactions:latest platform= entrypoint=["tail" "-f" "/dev/null"] cmd=[]
[67bdf72b-1bfd-42a2-b1d8-93f64e8478cf/build]   🐳  docker exec cmd=[chown -R 1012:1013 /tmp/ce523373-68e9-4128-a160-5827f368a522] user=0 workdir=
[67bdf72b-1bfd-42a2-b1d8-93f64e8478cf/build] unable to get git ref: failed to identify reference (tag/branch) for the checked-out revision 'ec2b7b64a83aa1c3dcd0cd69c1ae7b2d0d8a7864'
[67bdf72b-1bfd-42a2-b1d8-93f64e8478cf/build] unable to get git ref: failed to identify reference (tag/branch) for the checked-out revision 'ec2b7b64a83aa1c3dcd0cd69c1ae7b2d0d8a7864'
[67bdf72b-1bfd-42a2-b1d8-93f64e8478cf/build] unable to get git ref: failed to identify reference (tag/branch) for the checked-out revision 'ec2b7b64a83aa1c3dcd0cd69c1ae7b2d0d8a7864'
[67bdf72b-1bfd-42a2-b1d8-93f64e8478cf/build] unable to get git ref: failed to identify reference (tag/branch) for the checked-out revision 'ec2b7b64a83aa1c3dcd0cd69c1ae7b2d0d8a7864'
[67bdf72b-1bfd-42a2-b1d8-93f64e8478cf/build] unable to get git ref: failed to identify reference (tag/branch) for the checked-out revision 'ec2b7b64a83aa1c3dcd0cd69c1ae7b2d0d8a7864'
[67bdf72b-1bfd-42a2-b1d8-93f64e8478cf/build] unable to get git ref: failed to identify reference (tag/branch) for the checked-out revision 'ec2b7b64a83aa1c3dcd0cd69c1ae7b2d0d8a7864'
[67bdf72b-1bfd-42a2-b1d8-93f64e8478cf/build] unable to get git ref: failed to identify reference (tag/branch) for the checked-out revision 'ec2b7b64a83aa1c3dcd0cd69c1ae7b2d0d8a7864'
[67bdf72b-1bfd-42a2-b1d8-93f64e8478cf/build] unable to get git ref: failed to identify reference (tag/branch) for the checked-out revision 'ec2b7b64a83aa1c3dcd0cd69c1ae7b2d0d8a7864'
[67bdf72b-1bfd-42a2-b1d8-93f64e8478cf/build] unable to get git ref: failed to identify reference (tag/branch) for the checked-out revision 'ec2b7b64a83aa1c3dcd0cd69c1ae7b2d0d8a7864'
[67bdf72b-1bfd-42a2-b1d8-93f64e8478cf/build] ⭐ Run Main actions/checkout@v3
[67bdf72b-1bfd-42a2-b1d8-93f64e8478cf/build] unable to get git ref: failed to identify reference (tag/branch) for the checked-out revision 'ec2b7b64a83aa1c3dcd0cd69c1ae7b2d0d8a7864'
[67bdf72b-1bfd-42a2-b1d8-93f64e8478cf/build] unable to get git ref: failed to identify reference (tag/branch) for the checked-out revision 'ec2b7b64a83aa1c3dcd0cd69c1ae7b2d0d8a7864'
[67bdf72b-1bfd-42a2-b1d8-93f64e8478cf/build]   🐳  docker cp src=/tmp/ce523373-68e9-4128-a160-5827f368a522/. dst=/tmp/ce523373-68e9-4128-a160-5827f368a522
[67bdf72b-1bfd-42a2-b1d8-93f64e8478cf/build]   🐳  docker exec cmd=[chown -R 1012:1013 /tmp/ce523373-68e9-4128-a160-5827f368a522] user=0 workdir=
[67bdf72b-1bfd-42a2-b1d8-93f64e8478cf/build]   ✅  Success - Main actions/checkout@v3
[67bdf72b-1bfd-42a2-b1d8-93f64e8478cf/build] unable to get git ref: failed to identify reference (tag/branch) for the checked-out revision 'ec2b7b64a83aa1c3dcd0cd69c1ae7b2d0d8a7864'
[67bdf72b-1bfd-42a2-b1d8-93f64e8478cf/build] unable to get git ref: failed to identify reference (tag/branch) for the checked-out revision 'ec2b7b64a83aa1c3dcd0cd69c1ae7b2d0d8a7864'
[67bdf72b-1bfd-42a2-b1d8-93f64e8478cf/build] unable to get git ref: failed to identify reference (tag/branch) for the checked-out revision 'ec2b7b64a83aa1c3dcd0cd69c1ae7b2d0d8a7864'
[67bdf72b-1bfd-42a2-b1d8-93f64e8478cf/build] unable to get git ref: failed to identify reference (tag/branch) for the checked-out revision 'ec2b7b64a83aa1c3dcd0cd69c1ae7b2d0d8a7864'
[67bdf72b-1bfd-42a2-b1d8-93f64e8478cf/build] unable to get git ref: failed to identify reference (tag/branch) for the checked-out revision 'ec2b7b64a83aa1c3dcd0cd69c1ae7b2d0d8a7864'
[67bdf72b-1bfd-42a2-b1d8-93f64e8478cf/build] ⭐ Run Main actions/setup-java@v3
[67bdf72b-1bfd-42a2-b1d8-93f64e8478cf/build] unable to get git ref: failed to identify reference (tag/branch) for the checked-out revision 'ec2b7b64a83aa1c3dcd0cd69c1ae7b2d0d8a7864'
[67bdf72b-1bfd-42a2-b1d8-93f64e8478cf/build] unable to get git ref: failed to identify reference (tag/branch) for the checked-out revision 'ec2b7b64a83aa1c3dcd0cd69c1ae7b2d0d8a7864'
[67bdf72b-1bfd-42a2-b1d8-93f64e8478cf/build] unable to get git ref: failed to identify reference (tag/branch) for the checked-out revision 'ec2b7b64a83aa1c3dcd0cd69c1ae7b2d0d8a7864'
[67bdf72b-1bfd-42a2-b1d8-93f64e8478cf/build]   🐳  docker cp src=/tmp/act-cache/e218b415-6768-4e48-a918-898a5c2e2a77/act/actions-setup-java@v3/ dst=/var/run/act/actions/actions-setup-java@v3/
[67bdf72b-1bfd-42a2-b1d8-93f64e8478cf/build]   🐳  docker exec cmd=[chown -R 1012:1013 /var/run/act/actions/actions-setup-java@v3/] user=0 workdir=
[67bdf72b-1bfd-42a2-b1d8-93f64e8478cf/build]   🐳  docker exec cmd=[node /var/run/act/actions/actions-setup-java@v3/dist/setup/index.js] user= workdir=
[67bdf72b-1bfd-42a2-b1d8-93f64e8478cf/build]   ❓  ::group::Installed distributions
[67bdf72b-1bfd-42a2-b1d8-93f64e8478cf/build]   | Trying to resolve the latest version from remote
[67bdf72b-1bfd-42a2-b1d8-93f64e8478cf/build]   💬  ::debug::Gathering available versions from 'https://api.azul.com/zulu/download/community/v1.0/bundles/?os=linux&ext=tar.gz&bundle_type=jdk&javafx=false&arch=x86&hw_bitness=64&release_status=ga'
[67bdf72b-1bfd-42a2-b1d8-93f64e8478cf/build]   | Resolved latest version as 11.0.21+9
[67bdf72b-1bfd-42a2-b1d8-93f64e8478cf/build]   | Trying to download...
[67bdf72b-1bfd-42a2-b1d8-93f64e8478cf/build]   | Downloading Java 11.0.21+9 (Zulu) from https://cdn.azul.com/zulu/bin/zulu11.68.17-ca-jdk11.0.21-linux_x64.tar.gz ...
[67bdf72b-1bfd-42a2-b1d8-93f64e8478cf/build]   💬  ::debug::Downloading https://cdn.azul.com/zulu/bin/zulu11.68.17-ca-jdk11.0.21-linux_x64.tar.gz
[67bdf72b-1bfd-42a2-b1d8-93f64e8478cf/build]   💬  ::debug::Destination /tmp/1a2be790-423a-4deb-bcdc-a6d7e0935a7b
[67bdf72b-1bfd-42a2-b1d8-93f64e8478cf/build]   💬  ::debug::download complete
[67bdf72b-1bfd-42a2-b1d8-93f64e8478cf/build]   | Extracting Java archive...
[67bdf72b-1bfd-42a2-b1d8-93f64e8478cf/build]   💬  ::debug::Checking tar --version
[67bdf72b-1bfd-42a2-b1d8-93f64e8478cf/build]   💬  ::debug::tar (GNU tar) 1.34%0ACopyright (C) 2021 Free Software Foundation, Inc.%0ALicense GPLv3+: GNU GPL version 3 or later <https://gnu.org/licenses/gpl.html>.%0AThis is free software: you are free to change and redistribute it.%0AThere is NO WARRANTY, to the extent permitted by law.%0A%0AWritten by John Gilmore and Jay Fenlason.
[67bdf72b-1bfd-42a2-b1d8-93f64e8478cf/build]   | [command]/usr/bin/tar xz --warning=no-unknown-keyword -C /tmp/6b312d2c-a96c-43d4-8d4d-2acab834a117 -f /tmp/1a2be790-423a-4deb-bcdc-a6d7e0935a7b
[67bdf72b-1bfd-42a2-b1d8-93f64e8478cf/build]   💬  ::debug::Caching tool Java_Zulu_jdk 11.0.21-9 x64
[67bdf72b-1bfd-42a2-b1d8-93f64e8478cf/build]   💬  ::debug::source dir: /tmp/6b312d2c-a96c-43d4-8d4d-2acab834a117/zulu11.68.17-ca-jdk11.0.21-linux_x64
[67bdf72b-1bfd-42a2-b1d8-93f64e8478cf/build]   💬  ::debug::destination /opt/hostedtoolcache/Java_Zulu_jdk/11.0.21-9/x64
[67bdf72b-1bfd-42a2-b1d8-93f64e8478cf/build]   💬  ::debug::finished caching tool
[67bdf72b-1bfd-42a2-b1d8-93f64e8478cf/build]   | Java 11.0.21+9 was downloaded
[67bdf72b-1bfd-42a2-b1d8-93f64e8478cf/build]   | Setting Java 11.0.21+9 as the default
[67bdf72b-1bfd-42a2-b1d8-93f64e8478cf/build]   | Creating toolchains.xml for JDK version 11 from zulu
[67bdf72b-1bfd-42a2-b1d8-93f64e8478cf/build]   | Writing to /home/runner/.m2/toolchains.xml
[67bdf72b-1bfd-42a2-b1d8-93f64e8478cf/build]   | 
[67bdf72b-1bfd-42a2-b1d8-93f64e8478cf/build]   | Java configuration:
[67bdf72b-1bfd-42a2-b1d8-93f64e8478cf/build]   |   Distribution: zulu
[67bdf72b-1bfd-42a2-b1d8-93f64e8478cf/build]   |   Version: 11.0.21+9
[67bdf72b-1bfd-42a2-b1d8-93f64e8478cf/build]   |   Path: /opt/hostedtoolcache/Java_Zulu_jdk/11.0.21-9/x64
[67bdf72b-1bfd-42a2-b1d8-93f64e8478cf/build]   | 
[67bdf72b-1bfd-42a2-b1d8-93f64e8478cf/build]   ❓  ::endgroup::
[67bdf72b-1bfd-42a2-b1d8-93f64e8478cf/build]   ❓ add-matcher /run/act/actions/actions-setup-java@v3/.github/java.json
[67bdf72b-1bfd-42a2-b1d8-93f64e8478cf/build]   | Creating settings.xml with server-id: github
[67bdf72b-1bfd-42a2-b1d8-93f64e8478cf/build]   | Writing to /home/runner/.m2/settings.xml
[67bdf72b-1bfd-42a2-b1d8-93f64e8478cf/build]   ✅  Success - Main actions/setup-java@v3
[67bdf72b-1bfd-42a2-b1d8-93f64e8478cf/build]   ⚙  ::set-env:: JAVA_HOME=/opt/hostedtoolcache/Java_Zulu_jdk/11.0.21-9/x64
[67bdf72b-1bfd-42a2-b1d8-93f64e8478cf/build]   ⚙  ::set-env:: JAVA_HOME_11_X64=/opt/hostedtoolcache/Java_Zulu_jdk/11.0.21-9/x64
[67bdf72b-1bfd-42a2-b1d8-93f64e8478cf/build]   ⚙  ::set-output:: distribution=Zulu
[67bdf72b-1bfd-42a2-b1d8-93f64e8478cf/build]   ⚙  ::set-output:: path=/opt/hostedtoolcache/Java_Zulu_jdk/11.0.21-9/x64
[67bdf72b-1bfd-42a2-b1d8-93f64e8478cf/build]   ⚙  ::set-output:: version=11.0.21+9
[67bdf72b-1bfd-42a2-b1d8-93f64e8478cf/build]   ⚙  ::add-path:: /opt/hostedtoolcache/Java_Zulu_jdk/11.0.21-9/x64/bin
[67bdf72b-1bfd-42a2-b1d8-93f64e8478cf/build] unable to get git ref: failed to identify reference (tag/branch) for the checked-out revision 'ec2b7b64a83aa1c3dcd0cd69c1ae7b2d0d8a7864'
[67bdf72b-1bfd-42a2-b1d8-93f64e8478cf/build] unable to get git ref: failed to identify reference (tag/branch) for the checked-out revision 'ec2b7b64a83aa1c3dcd0cd69c1ae7b2d0d8a7864'
[67bdf72b-1bfd-42a2-b1d8-93f64e8478cf/build] unable to get git ref: failed to identify reference (tag/branch) for the checked-out revision 'ec2b7b64a83aa1c3dcd0cd69c1ae7b2d0d8a7864'
[67bdf72b-1bfd-42a2-b1d8-93f64e8478cf/build] unable to get git ref: failed to identify reference (tag/branch) for the checked-out revision 'ec2b7b64a83aa1c3dcd0cd69c1ae7b2d0d8a7864'
[67bdf72b-1bfd-42a2-b1d8-93f64e8478cf/build] unable to get git ref: failed to identify reference (tag/branch) for the checked-out revision 'ec2b7b64a83aa1c3dcd0cd69c1ae7b2d0d8a7864'
[67bdf72b-1bfd-42a2-b1d8-93f64e8478cf/build] ⭐ Run Main ./gradlew build --no-daemon --warning-mode=fail
[67bdf72b-1bfd-42a2-b1d8-93f64e8478cf/build] unable to get git ref: failed to identify reference (tag/branch) for the checked-out revision 'ec2b7b64a83aa1c3dcd0cd69c1ae7b2d0d8a7864'
[67bdf72b-1bfd-42a2-b1d8-93f64e8478cf/build] unable to get git ref: failed to identify reference (tag/branch) for the checked-out revision 'ec2b7b64a83aa1c3dcd0cd69c1ae7b2d0d8a7864'
[67bdf72b-1bfd-42a2-b1d8-93f64e8478cf/build] unable to get git ref: failed to identify reference (tag/branch) for the checked-out revision 'ec2b7b64a83aa1c3dcd0cd69c1ae7b2d0d8a7864'
[67bdf72b-1bfd-42a2-b1d8-93f64e8478cf/build] unable to get git ref: failed to identify reference (tag/branch) for the checked-out revision 'ec2b7b64a83aa1c3dcd0cd69c1ae7b2d0d8a7864'
[67bdf72b-1bfd-42a2-b1d8-93f64e8478cf/build]   🐳  docker exec cmd=[bash --noprofile --norc -e -o pipefail /var/run/act/workflow/2] user= workdir=
[67bdf72b-1bfd-42a2-b1d8-93f64e8478cf/build]   | Downloading https://services.gradle.org/distributions/gradle-7.5.1-bin.zip
[67bdf72b-1bfd-42a2-b1d8-93f64e8478cf/build]   | ...........10%............20%...........30%............40%...........50%............60%...........70%............80%...........90%............100%
[67bdf72b-1bfd-42a2-b1d8-93f64e8478cf/build]   | 
[67bdf72b-1bfd-42a2-b1d8-93f64e8478cf/build]   | Welcome to Gradle 7.5.1!
[67bdf72b-1bfd-42a2-b1d8-93f64e8478cf/build]   | 
[67bdf72b-1bfd-42a2-b1d8-93f64e8478cf/build]   | Here are the highlights of this release:
[67bdf72b-1bfd-42a2-b1d8-93f64e8478cf/build]   |  - Support for Java 18
[67bdf72b-1bfd-42a2-b1d8-93f64e8478cf/build]   |  - Support for building with Groovy 4
[67bdf72b-1bfd-42a2-b1d8-93f64e8478cf/build]   |  - Much more responsive continuous builds
[67bdf72b-1bfd-42a2-b1d8-93f64e8478cf/build]   |  - Improved diagnostics for dependency resolution
[67bdf72b-1bfd-42a2-b1d8-93f64e8478cf/build]   | 
[67bdf72b-1bfd-42a2-b1d8-93f64e8478cf/build]   | For more details see https://docs.gradle.org/7.5.1/release-notes.html
[67bdf72b-1bfd-42a2-b1d8-93f64e8478cf/build]   | 
[67bdf72b-1bfd-42a2-b1d8-93f64e8478cf/build]   | To honour the JVM settings for this build a single-use Daemon process will be forked. See https://docs.gradle.org/7.5.1/userguide/gradle_daemon.html#sec:disabling_the_daemon.
[67bdf72b-1bfd-42a2-b1d8-93f64e8478cf/build]   | Daemon will be stopped at the end of the build 
[67bdf72b-1bfd-42a2-b1d8-93f64e8478cf/build]   | 
[67bdf72b-1bfd-42a2-b1d8-93f64e8478cf/build]   | > Configure project :
[67bdf72b-1bfd-42a2-b1d8-93f64e8478cf/build]   | Kordamp Enforcer Gradle plugin 0.10.0. Consider becoming a patron at https://www.patreon.com/aalmiray
[67bdf72b-1bfd-42a2-b1d8-93f64e8478cf/build]   | 
[67bdf72b-1bfd-42a2-b1d8-93f64e8478cf/build]   | > Task :copyDependencies
[67bdf72b-1bfd-42a2-b1d8-93f64e8478cf/build]   | > Task :extractIncludeProto
[67bdf72b-1bfd-42a2-b1d8-93f64e8478cf/build]   | > Task :extractProto
[67bdf72b-1bfd-42a2-b1d8-93f64e8478cf/build]   | > Task :generateProto
[67bdf72b-1bfd-42a2-b1d8-93f64e8478cf/build]   | > Task :compileJava
[67bdf72b-1bfd-42a2-b1d8-93f64e8478cf/build]   | Note: Some input files use or override a deprecated API.
[67bdf72b-1bfd-42a2-b1d8-93f64e8478cf/build]   | Note: Recompile with -Xlint:deprecation for details.
[67bdf72b-1bfd-42a2-b1d8-93f64e8478cf/build]   | Note: Some input files use unchecked or unsafe operations.
[67bdf72b-1bfd-42a2-b1d8-93f64e8478cf/build]   | Note: Recompile with -Xlint:unchecked for details.
[67bdf72b-1bfd-42a2-b1d8-93f64e8478cf/build]   | 
[67bdf72b-1bfd-42a2-b1d8-93f64e8478cf/build]   | > Task :processResources
[67bdf72b-1bfd-42a2-b1d8-93f64e8478cf/build]   | > Task :classes
[67bdf72b-1bfd-42a2-b1d8-93f64e8478cf/build]   | > Task :jar
[67bdf72b-1bfd-42a2-b1d8-93f64e8478cf/build]   | > Task :assemble
[67bdf72b-1bfd-42a2-b1d8-93f64e8478cf/build]   | > Task :extractIncludeTestProto
[67bdf72b-1bfd-42a2-b1d8-93f64e8478cf/build]   | > Task :extractTestProto
[67bdf72b-1bfd-42a2-b1d8-93f64e8478cf/build]   | > Task :generateTestProto NO-SOURCE
[67bdf72b-1bfd-42a2-b1d8-93f64e8478cf/build]   | 
[67bdf72b-1bfd-42a2-b1d8-93f64e8478cf/build]   | > Task :compileTestJava
[67bdf72b-1bfd-42a2-b1d8-93f64e8478cf/build]   | Note: Some input files use or override a deprecated API.
[67bdf72b-1bfd-42a2-b1d8-93f64e8478cf/build]   | Note: Recompile with -Xlint:deprecation for details.
[67bdf72b-1bfd-42a2-b1d8-93f64e8478cf/build]   | 
[67bdf72b-1bfd-42a2-b1d8-93f64e8478cf/build]   | > Task :processTestResources NO-SOURCE
[67bdf72b-1bfd-42a2-b1d8-93f64e8478cf/build]   | > Task :testClasses
[67bdf72b-1bfd-42a2-b1d8-93f64e8478cf/build]   | > Task :checkstyleTest SKIPPED
[67bdf72b-1bfd-42a2-b1d8-93f64e8478cf/build]   | > Task :test
[67bdf72b-1bfd-42a2-b1d8-93f64e8478cf/build]   | > Task :checkstyleMain
[67bdf72b-1bfd-42a2-b1d8-93f64e8478cf/build]   | > Task :check
[67bdf72b-1bfd-42a2-b1d8-93f64e8478cf/build]   | > Task :build
[67bdf72b-1bfd-42a2-b1d8-93f64e8478cf/build]   | 
[67bdf72b-1bfd-42a2-b1d8-93f64e8478cf/build]   | BUILD SUCCESSFUL in 2m 28s
[67bdf72b-1bfd-42a2-b1d8-93f64e8478cf/build]   | 12 actionable tasks: 12 executed
[67bdf72b-1bfd-42a2-b1d8-93f64e8478cf/build]   ✅  Success - Main ./gradlew build --no-daemon --warning-mode=fail
[67bdf72b-1bfd-42a2-b1d8-93f64e8478cf/build] unable to get git ref: failed to identify reference (tag/branch) for the checked-out revision 'ec2b7b64a83aa1c3dcd0cd69c1ae7b2d0d8a7864'
[67bdf72b-1bfd-42a2-b1d8-93f64e8478cf/build] unable to get git ref: failed to identify reference (tag/branch) for the checked-out revision 'ec2b7b64a83aa1c3dcd0cd69c1ae7b2d0d8a7864'
[67bdf72b-1bfd-42a2-b1d8-93f64e8478cf/build] unable to get git ref: failed to identify reference (tag/branch) for the checked-out revision 'ec2b7b64a83aa1c3dcd0cd69c1ae7b2d0d8a7864'
[67bdf72b-1bfd-42a2-b1d8-93f64e8478cf/build] unable to get git ref: failed to identify reference (tag/branch) for the checked-out revision 'ec2b7b64a83aa1c3dcd0cd69c1ae7b2d0d8a7864'
[67bdf72b-1bfd-42a2-b1d8-93f64e8478cf/build] unable to get git ref: failed to identify reference (tag/branch) for the checked-out revision 'ec2b7b64a83aa1c3dcd0cd69c1ae7b2d0d8a7864'
[67bdf72b-1bfd-42a2-b1d8-93f64e8478cf/build] ⭐ Run Post actions/setup-java@v3
[67bdf72b-1bfd-42a2-b1d8-93f64e8478cf/build]   🐳  docker exec cmd=[node /var/run/act/actions/actions-setup-java@v3/dist/cleanup/index.js] user= workdir=
[67bdf72b-1bfd-42a2-b1d8-93f64e8478cf/build]   ✅  Success - Post actions/setup-java@v3
[67bdf72b-1bfd-42a2-b1d8-93f64e8478cf/build] 🏁  Job succeeded
[67bdf72b-1bfd-42a2-b1d8-93f64e8478cf/build] unable to get git ref: failed to identify reference (tag/branch) for the checked-out revision 'ec2b7b64a83aa1c3dcd0cd69c1ae7b2d0d8a7864'
