[2415acba-b8e6-4f39-a6a5-154d53c8c6aa/build] 🚀  Start image=crawlergpt:latest
[2415acba-b8e6-4f39-a6a5-154d53c8c6aa/build]   🐳  docker pull image=crawlergpt:latest platform= username= forcePull=false
[2415acba-b8e6-4f39-a6a5-154d53c8c6aa/build]   🐳  docker create image=crawlergpt:latest platform= entrypoint=["tail" "-f" "/dev/null"] cmd=[]
[2415acba-b8e6-4f39-a6a5-154d53c8c6aa/build]   🐳  docker run image=crawlergpt:latest platform= entrypoint=["tail" "-f" "/dev/null"] cmd=[]
[2415acba-b8e6-4f39-a6a5-154d53c8c6aa/build]   🐳  docker exec cmd=[chown -R 1012:1013 /tmp/1d4aeb92-5f2b-4884-bcc2-253360f41687] user=0 workdir=
[2415acba-b8e6-4f39-a6a5-154d53c8c6aa/build] unable to get git ref: failed to identify reference (tag/branch) for the checked-out revision 'd63d096b2987c0dc5b8306bcc78bc15a2c3f27f8'
[2415acba-b8e6-4f39-a6a5-154d53c8c6aa/build] unable to get git ref: failed to identify reference (tag/branch) for the checked-out revision 'd63d096b2987c0dc5b8306bcc78bc15a2c3f27f8'
[2415acba-b8e6-4f39-a6a5-154d53c8c6aa/build] unable to get git ref: failed to identify reference (tag/branch) for the checked-out revision 'd63d096b2987c0dc5b8306bcc78bc15a2c3f27f8'
[2415acba-b8e6-4f39-a6a5-154d53c8c6aa/build] unable to get git ref: failed to identify reference (tag/branch) for the checked-out revision 'd63d096b2987c0dc5b8306bcc78bc15a2c3f27f8'
[2415acba-b8e6-4f39-a6a5-154d53c8c6aa/build] unable to get git ref: failed to identify reference (tag/branch) for the checked-out revision 'd63d096b2987c0dc5b8306bcc78bc15a2c3f27f8'
[2415acba-b8e6-4f39-a6a5-154d53c8c6aa/build] unable to get git ref: failed to identify reference (tag/branch) for the checked-out revision 'd63d096b2987c0dc5b8306bcc78bc15a2c3f27f8'
[2415acba-b8e6-4f39-a6a5-154d53c8c6aa/build] unable to get git ref: failed to identify reference (tag/branch) for the checked-out revision 'd63d096b2987c0dc5b8306bcc78bc15a2c3f27f8'
[2415acba-b8e6-4f39-a6a5-154d53c8c6aa/build] unable to get git ref: failed to identify reference (tag/branch) for the checked-out revision 'd63d096b2987c0dc5b8306bcc78bc15a2c3f27f8'
[2415acba-b8e6-4f39-a6a5-154d53c8c6aa/build] unable to get git ref: failed to identify reference (tag/branch) for the checked-out revision 'd63d096b2987c0dc5b8306bcc78bc15a2c3f27f8'
[2415acba-b8e6-4f39-a6a5-154d53c8c6aa/build] ⭐ Run Main actions/checkout@v3
[2415acba-b8e6-4f39-a6a5-154d53c8c6aa/build] unable to get git ref: failed to identify reference (tag/branch) for the checked-out revision 'd63d096b2987c0dc5b8306bcc78bc15a2c3f27f8'
[2415acba-b8e6-4f39-a6a5-154d53c8c6aa/build] unable to get git ref: failed to identify reference (tag/branch) for the checked-out revision 'd63d096b2987c0dc5b8306bcc78bc15a2c3f27f8'
[2415acba-b8e6-4f39-a6a5-154d53c8c6aa/build]   🐳  docker cp src=/tmp/1d4aeb92-5f2b-4884-bcc2-253360f41687/. dst=/tmp/1d4aeb92-5f2b-4884-bcc2-253360f41687
[2415acba-b8e6-4f39-a6a5-154d53c8c6aa/build]   🐳  docker exec cmd=[chown -R 1012:1013 /tmp/1d4aeb92-5f2b-4884-bcc2-253360f41687] user=0 workdir=
[2415acba-b8e6-4f39-a6a5-154d53c8c6aa/build]   ✅  Success - Main actions/checkout@v3
[2415acba-b8e6-4f39-a6a5-154d53c8c6aa/build] unable to get git ref: failed to identify reference (tag/branch) for the checked-out revision 'd63d096b2987c0dc5b8306bcc78bc15a2c3f27f8'
[2415acba-b8e6-4f39-a6a5-154d53c8c6aa/build] unable to get git ref: failed to identify reference (tag/branch) for the checked-out revision 'd63d096b2987c0dc5b8306bcc78bc15a2c3f27f8'
[2415acba-b8e6-4f39-a6a5-154d53c8c6aa/build] unable to get git ref: failed to identify reference (tag/branch) for the checked-out revision 'd63d096b2987c0dc5b8306bcc78bc15a2c3f27f8'
[2415acba-b8e6-4f39-a6a5-154d53c8c6aa/build] unable to get git ref: failed to identify reference (tag/branch) for the checked-out revision 'd63d096b2987c0dc5b8306bcc78bc15a2c3f27f8'
[2415acba-b8e6-4f39-a6a5-154d53c8c6aa/build] unable to get git ref: failed to identify reference (tag/branch) for the checked-out revision 'd63d096b2987c0dc5b8306bcc78bc15a2c3f27f8'
[2415acba-b8e6-4f39-a6a5-154d53c8c6aa/build] ⭐ Run Main Set up Go
[2415acba-b8e6-4f39-a6a5-154d53c8c6aa/build] unable to get git ref: failed to identify reference (tag/branch) for the checked-out revision 'd63d096b2987c0dc5b8306bcc78bc15a2c3f27f8'
[2415acba-b8e6-4f39-a6a5-154d53c8c6aa/build] unable to get git ref: failed to identify reference (tag/branch) for the checked-out revision 'd63d096b2987c0dc5b8306bcc78bc15a2c3f27f8'
[2415acba-b8e6-4f39-a6a5-154d53c8c6aa/build] unable to get git ref: failed to identify reference (tag/branch) for the checked-out revision 'd63d096b2987c0dc5b8306bcc78bc15a2c3f27f8'
[2415acba-b8e6-4f39-a6a5-154d53c8c6aa/build]   🐳  docker cp src=/tmp/act-cache/cddfba3b-5011-47bb-b2df-fc8dbc45b943/act/actions-setup-go@v3/ dst=/var/run/act/actions/actions-setup-go@v3/
[2415acba-b8e6-4f39-a6a5-154d53c8c6aa/build]   🐳  docker exec cmd=[chown -R 1012:1013 /var/run/act/actions/actions-setup-go@v3/] user=0 workdir=
[2415acba-b8e6-4f39-a6a5-154d53c8c6aa/build]   🐳  docker exec cmd=[node /var/run/act/actions/actions-setup-go@v3/dist/setup/index.js] user= workdir=
[2415acba-b8e6-4f39-a6a5-154d53c8c6aa/build]   | Setup go version spec 1.19
[2415acba-b8e6-4f39-a6a5-154d53c8c6aa/build]   💬  ::debug::isExplicit: 
[2415acba-b8e6-4f39-a6a5-154d53c8c6aa/build]   💬  ::debug::explicit? false
[2415acba-b8e6-4f39-a6a5-154d53c8c6aa/build]   💬  ::debug::isExplicit: 1.14.15
[2415acba-b8e6-4f39-a6a5-154d53c8c6aa/build]   💬  ::debug::explicit? true
[2415acba-b8e6-4f39-a6a5-154d53c8c6aa/build]   💬  ::debug::isExplicit: 1.15.15
[2415acba-b8e6-4f39-a6a5-154d53c8c6aa/build]   💬  ::debug::explicit? true
[2415acba-b8e6-4f39-a6a5-154d53c8c6aa/build]   💬  ::debug::isExplicit: 1.16.7
[2415acba-b8e6-4f39-a6a5-154d53c8c6aa/build]   💬  ::debug::explicit? true
[2415acba-b8e6-4f39-a6a5-154d53c8c6aa/build]   💬  ::debug::evaluating 3 versions
[2415acba-b8e6-4f39-a6a5-154d53c8c6aa/build]   💬  ::debug::match not found
[2415acba-b8e6-4f39-a6a5-154d53c8c6aa/build]   | Attempting to download 1.19...
[2415acba-b8e6-4f39-a6a5-154d53c8c6aa/build]   💬  ::debug::No manifest cached
[2415acba-b8e6-4f39-a6a5-154d53c8c6aa/build]   💬  ::debug::set auth
[2415acba-b8e6-4f39-a6a5-154d53c8c6aa/build]   | matching 1.19...
[2415acba-b8e6-4f39-a6a5-154d53c8c6aa/build]   💬  ::debug::check 1.21.3 satisfies 1.19
[2415acba-b8e6-4f39-a6a5-154d53c8c6aa/build]   💬  ::debug::check 1.21.2 satisfies 1.19
[2415acba-b8e6-4f39-a6a5-154d53c8c6aa/build]   💬  ::debug::check 1.21.1 satisfies 1.19
[2415acba-b8e6-4f39-a6a5-154d53c8c6aa/build]   💬  ::debug::check 1.21.0 satisfies 1.19
[2415acba-b8e6-4f39-a6a5-154d53c8c6aa/build]   💬  ::debug::check 1.20.10 satisfies 1.19
[2415acba-b8e6-4f39-a6a5-154d53c8c6aa/build]   💬  ::debug::check 1.20.9 satisfies 1.19
[2415acba-b8e6-4f39-a6a5-154d53c8c6aa/build]   💬  ::debug::check 1.20.8 satisfies 1.19
[2415acba-b8e6-4f39-a6a5-154d53c8c6aa/build]   💬  ::debug::check 1.20.7 satisfies 1.19
[2415acba-b8e6-4f39-a6a5-154d53c8c6aa/build]   💬  ::debug::check 1.20.6 satisfies 1.19
[2415acba-b8e6-4f39-a6a5-154d53c8c6aa/build]   💬  ::debug::check 1.20.5 satisfies 1.19
[2415acba-b8e6-4f39-a6a5-154d53c8c6aa/build]   💬  ::debug::check 1.20.4 satisfies 1.19
[2415acba-b8e6-4f39-a6a5-154d53c8c6aa/build]   💬  ::debug::check 1.20.3 satisfies 1.19
[2415acba-b8e6-4f39-a6a5-154d53c8c6aa/build]   💬  ::debug::check 1.20.2 satisfies 1.19
[2415acba-b8e6-4f39-a6a5-154d53c8c6aa/build]   💬  ::debug::check 1.20.1 satisfies 1.19
[2415acba-b8e6-4f39-a6a5-154d53c8c6aa/build]   💬  ::debug::check 1.20.0 satisfies 1.19
[2415acba-b8e6-4f39-a6a5-154d53c8c6aa/build]   💬  ::debug::check 1.19.13 satisfies 1.19
[2415acba-b8e6-4f39-a6a5-154d53c8c6aa/build]   💬  ::debug::arm64===x64 && darwin===linux
[2415acba-b8e6-4f39-a6a5-154d53c8c6aa/build]   💬  ::debug::x64===x64 && darwin===linux
[2415acba-b8e6-4f39-a6a5-154d53c8c6aa/build]   💬  ::debug::x64===x64 && linux===linux
[2415acba-b8e6-4f39-a6a5-154d53c8c6aa/build]   💬  ::debug::matched 1.19.13
[2415acba-b8e6-4f39-a6a5-154d53c8c6aa/build]   | Acquiring 1.19.13 from https://github.com/actions/go-versions/releases/download/1.19.13-6107263891/go-1.19.13-linux-x64.tar.gz
[2415acba-b8e6-4f39-a6a5-154d53c8c6aa/build]   💬  ::debug::Downloading https://github.com/actions/go-versions/releases/download/1.19.13-6107263891/go-1.19.13-linux-x64.tar.gz
[2415acba-b8e6-4f39-a6a5-154d53c8c6aa/build]   💬  ::debug::Destination /tmp/9844fc2f-9584-45ab-95d8-3635833867d8
[2415acba-b8e6-4f39-a6a5-154d53c8c6aa/build]   💬  ::debug::set auth
[2415acba-b8e6-4f39-a6a5-154d53c8c6aa/build]   💬  ::debug::download complete
[2415acba-b8e6-4f39-a6a5-154d53c8c6aa/build]   | Extracting Go...
[2415acba-b8e6-4f39-a6a5-154d53c8c6aa/build]   💬  ::debug::Checking tar --version
[2415acba-b8e6-4f39-a6a5-154d53c8c6aa/build]   💬  ::debug::tar (GNU tar) 1.30%0ACopyright (C) 2017 Free Software Foundation, Inc.%0ALicense GPLv3+: GNU GPL version 3 or later <https://gnu.org/licenses/gpl.html>.%0AThis is free software: you are free to change and redistribute it.%0AThere is NO WARRANTY, to the extent permitted by law.%0A%0AWritten by John Gilmore and Jay Fenlason.
[2415acba-b8e6-4f39-a6a5-154d53c8c6aa/build]   | [command]/usr/bin/tar xz --warning=no-unknown-keyword --overwrite -C /tmp/cc09cb84-d65d-4e87-8b66-04ef4bc6a278 -f /tmp/9844fc2f-9584-45ab-95d8-3635833867d8
[2415acba-b8e6-4f39-a6a5-154d53c8c6aa/build]   | Successfully extracted go to /tmp/cc09cb84-d65d-4e87-8b66-04ef4bc6a278
[2415acba-b8e6-4f39-a6a5-154d53c8c6aa/build]   | Adding to the cache ...
[2415acba-b8e6-4f39-a6a5-154d53c8c6aa/build]   💬  ::debug::Caching tool go 1.19.13 x64
[2415acba-b8e6-4f39-a6a5-154d53c8c6aa/build]   💬  ::debug::source dir: /tmp/cc09cb84-d65d-4e87-8b66-04ef4bc6a278
[2415acba-b8e6-4f39-a6a5-154d53c8c6aa/build]   💬  ::debug::destination /opt/hostedtoolcache/go/1.19.13/x64
[2415acba-b8e6-4f39-a6a5-154d53c8c6aa/build]   💬  ::debug::finished caching tool
[2415acba-b8e6-4f39-a6a5-154d53c8c6aa/build]   | Successfully cached go to /opt/hostedtoolcache/go/1.19.13/x64
[2415acba-b8e6-4f39-a6a5-154d53c8c6aa/build]   | Added go to the path
[2415acba-b8e6-4f39-a6a5-154d53c8c6aa/build]   💬  ::debug::which go :/opt/hostedtoolcache/go/1.19.13/x64/bin/go:
[2415acba-b8e6-4f39-a6a5-154d53c8c6aa/build]   💬  ::debug::go env GOPATH :/home/runneradmin/go:
[2415acba-b8e6-4f39-a6a5-154d53c8c6aa/build]   💬  ::debug::creating /home/runneradmin/go
[2415acba-b8e6-4f39-a6a5-154d53c8c6aa/build]   💬  ::debug::creating /home/runneradmin/go/bin
[2415acba-b8e6-4f39-a6a5-154d53c8c6aa/build]   💬  ::debug::add bin true
[2415acba-b8e6-4f39-a6a5-154d53c8c6aa/build]   | Successfully set up Go version 1.19
[2415acba-b8e6-4f39-a6a5-154d53c8c6aa/build]   ❓ add-matcher /run/act/actions/actions-setup-go@v3/matchers.json
[2415acba-b8e6-4f39-a6a5-154d53c8c6aa/build]   | go version go1.19.13 linux/amd64
[2415acba-b8e6-4f39-a6a5-154d53c8c6aa/build]   | 
[2415acba-b8e6-4f39-a6a5-154d53c8c6aa/build]   ❓  ::group::go env
[2415acba-b8e6-4f39-a6a5-154d53c8c6aa/build]   | GO111MODULE=""
[2415acba-b8e6-4f39-a6a5-154d53c8c6aa/build]   | GOARCH="amd64"
[2415acba-b8e6-4f39-a6a5-154d53c8c6aa/build]   | GOBIN=""
[2415acba-b8e6-4f39-a6a5-154d53c8c6aa/build]   | GOCACHE="/home/runneradmin/.cache/go-build"
[2415acba-b8e6-4f39-a6a5-154d53c8c6aa/build]   | GOENV="/home/runneradmin/.config/go/env"
[2415acba-b8e6-4f39-a6a5-154d53c8c6aa/build]   | GOEXE=""
[2415acba-b8e6-4f39-a6a5-154d53c8c6aa/build]   | GOEXPERIMENT=""
[2415acba-b8e6-4f39-a6a5-154d53c8c6aa/build]   | GOFLAGS=""
[2415acba-b8e6-4f39-a6a5-154d53c8c6aa/build]   | GOHOSTARCH="amd64"
[2415acba-b8e6-4f39-a6a5-154d53c8c6aa/build]   | GOHOSTOS="linux"
[2415acba-b8e6-4f39-a6a5-154d53c8c6aa/build]   | GOINSECURE=""
[2415acba-b8e6-4f39-a6a5-154d53c8c6aa/build]   | GOMODCACHE="/home/runneradmin/go/pkg/mod"
[2415acba-b8e6-4f39-a6a5-154d53c8c6aa/build]   | GONOPROXY=""
[2415acba-b8e6-4f39-a6a5-154d53c8c6aa/build]   | GONOSUMDB=""
[2415acba-b8e6-4f39-a6a5-154d53c8c6aa/build]   | GOOS="linux"
[2415acba-b8e6-4f39-a6a5-154d53c8c6aa/build]   | GOPATH="/home/runneradmin/go"
[2415acba-b8e6-4f39-a6a5-154d53c8c6aa/build]   | GOPRIVATE=""
[2415acba-b8e6-4f39-a6a5-154d53c8c6aa/build]   | GOPROXY="https://proxy.golang.org,direct"
[2415acba-b8e6-4f39-a6a5-154d53c8c6aa/build]   | GOROOT="/opt/hostedtoolcache/go/1.19.13/x64"
[2415acba-b8e6-4f39-a6a5-154d53c8c6aa/build]   | GOSUMDB="sum.golang.org"
[2415acba-b8e6-4f39-a6a5-154d53c8c6aa/build]   | GOTMPDIR=""
[2415acba-b8e6-4f39-a6a5-154d53c8c6aa/build]   | GOTOOLDIR="/opt/hostedtoolcache/go/1.19.13/x64/pkg/tool/linux_amd64"
[2415acba-b8e6-4f39-a6a5-154d53c8c6aa/build]   | GOVCS=""
[2415acba-b8e6-4f39-a6a5-154d53c8c6aa/build]   | GOVERSION="go1.19.13"
[2415acba-b8e6-4f39-a6a5-154d53c8c6aa/build]   | GCCGO="gccgo"
[2415acba-b8e6-4f39-a6a5-154d53c8c6aa/build]   | GOAMD64="v1"
[2415acba-b8e6-4f39-a6a5-154d53c8c6aa/build]   | AR="ar"
[2415acba-b8e6-4f39-a6a5-154d53c8c6aa/build]   | CC="gcc"
[2415acba-b8e6-4f39-a6a5-154d53c8c6aa/build]   | CXX="g++"
[2415acba-b8e6-4f39-a6a5-154d53c8c6aa/build]   | CGO_ENABLED="1"
[2415acba-b8e6-4f39-a6a5-154d53c8c6aa/build]   | GOMOD="/tmp/1d4aeb92-5f2b-4884-bcc2-253360f41687/go.mod"
[2415acba-b8e6-4f39-a6a5-154d53c8c6aa/build]   | GOWORK=""
[2415acba-b8e6-4f39-a6a5-154d53c8c6aa/build]   | CGO_CFLAGS="-g -O2"
[2415acba-b8e6-4f39-a6a5-154d53c8c6aa/build]   | CGO_CPPFLAGS=""
[2415acba-b8e6-4f39-a6a5-154d53c8c6aa/build]   | CGO_CXXFLAGS="-g -O2"
[2415acba-b8e6-4f39-a6a5-154d53c8c6aa/build]   | CGO_FFLAGS="-g -O2"
[2415acba-b8e6-4f39-a6a5-154d53c8c6aa/build]   | CGO_LDFLAGS="-g -O2"
[2415acba-b8e6-4f39-a6a5-154d53c8c6aa/build]   | PKG_CONFIG="pkg-config"
[2415acba-b8e6-4f39-a6a5-154d53c8c6aa/build]   | GOGCCFLAGS="-fPIC -m64 -pthread -Wl,--no-gc-sections -fmessage-length=0 -fdebug-prefix-map=/tmp/go-build2121393007=/tmp/go-build -gno-record-gcc-switches"
[2415acba-b8e6-4f39-a6a5-154d53c8c6aa/build]   | 
[2415acba-b8e6-4f39-a6a5-154d53c8c6aa/build]   ❓  ::endgroup::
[2415acba-b8e6-4f39-a6a5-154d53c8c6aa/build]   ✅  Success - Main Set up Go
[2415acba-b8e6-4f39-a6a5-154d53c8c6aa/build]   ⚙  ::set-output:: go-version=1.19.13
[2415acba-b8e6-4f39-a6a5-154d53c8c6aa/build]   ⚙  ::add-path:: /opt/hostedtoolcache/go/1.19.13/x64/bin
[2415acba-b8e6-4f39-a6a5-154d53c8c6aa/build]   ⚙  ::add-path:: /home/runneradmin/go/bin
[2415acba-b8e6-4f39-a6a5-154d53c8c6aa/build] unable to get git ref: failed to identify reference (tag/branch) for the checked-out revision 'd63d096b2987c0dc5b8306bcc78bc15a2c3f27f8'
[2415acba-b8e6-4f39-a6a5-154d53c8c6aa/build] unable to get git ref: failed to identify reference (tag/branch) for the checked-out revision 'd63d096b2987c0dc5b8306bcc78bc15a2c3f27f8'
[2415acba-b8e6-4f39-a6a5-154d53c8c6aa/build] unable to get git ref: failed to identify reference (tag/branch) for the checked-out revision 'd63d096b2987c0dc5b8306bcc78bc15a2c3f27f8'
[2415acba-b8e6-4f39-a6a5-154d53c8c6aa/build] unable to get git ref: failed to identify reference (tag/branch) for the checked-out revision 'd63d096b2987c0dc5b8306bcc78bc15a2c3f27f8'
[2415acba-b8e6-4f39-a6a5-154d53c8c6aa/build] unable to get git ref: failed to identify reference (tag/branch) for the checked-out revision 'd63d096b2987c0dc5b8306bcc78bc15a2c3f27f8'
[2415acba-b8e6-4f39-a6a5-154d53c8c6aa/build] ⭐ Run Main Build
[2415acba-b8e6-4f39-a6a5-154d53c8c6aa/build] unable to get git ref: failed to identify reference (tag/branch) for the checked-out revision 'd63d096b2987c0dc5b8306bcc78bc15a2c3f27f8'
[2415acba-b8e6-4f39-a6a5-154d53c8c6aa/build] unable to get git ref: failed to identify reference (tag/branch) for the checked-out revision 'd63d096b2987c0dc5b8306bcc78bc15a2c3f27f8'
[2415acba-b8e6-4f39-a6a5-154d53c8c6aa/build] unable to get git ref: failed to identify reference (tag/branch) for the checked-out revision 'd63d096b2987c0dc5b8306bcc78bc15a2c3f27f8'
[2415acba-b8e6-4f39-a6a5-154d53c8c6aa/build] unable to get git ref: failed to identify reference (tag/branch) for the checked-out revision 'd63d096b2987c0dc5b8306bcc78bc15a2c3f27f8'
[2415acba-b8e6-4f39-a6a5-154d53c8c6aa/build]   🐳  docker exec cmd=[bash --noprofile --norc -e -o pipefail /var/run/act/workflow/2] user= workdir=
[2415acba-b8e6-4f39-a6a5-154d53c8c6aa/build]   | go: downloading github.com/sourcegraph/sourcegraph/lib v0.0.0-20221216004406-749998a2ac74
[2415acba-b8e6-4f39-a6a5-154d53c8c6aa/build]   | go: downloading github.com/cockroachdb/errors v1.9.0
[2415acba-b8e6-4f39-a6a5-154d53c8c6aa/build]   | go: downloading github.com/getsentry/sentry-go v0.13.0
[2415acba-b8e6-4f39-a6a5-154d53c8c6aa/build]   | go: downloading github.com/gogo/protobuf v1.3.2
[2415acba-b8e6-4f39-a6a5-154d53c8c6aa/build]   | go: downloading github.com/kr/pretty v0.3.0
[2415acba-b8e6-4f39-a6a5-154d53c8c6aa/build]   | go: downloading github.com/cockroachdb/redact v1.1.3
[2415acba-b8e6-4f39-a6a5-154d53c8c6aa/build]   | go: downloading github.com/cockroachdb/logtags v0.0.0-20211118104740-dabe8e521a4f
[2415acba-b8e6-4f39-a6a5-154d53c8c6aa/build]   | go: downloading github.com/pkg/errors v0.9.1
[2415acba-b8e6-4f39-a6a5-154d53c8c6aa/build]   | go: downloading github.com/rogpeppe/go-internal v1.9.0
[2415acba-b8e6-4f39-a6a5-154d53c8c6aa/build]   | go: downloading github.com/kr/text v0.2.0
[2415acba-b8e6-4f39-a6a5-154d53c8c6aa/build]   | go: downloading golang.org/x/sys v0.0.0-20220829200755-d48e67d00261
[2415acba-b8e6-4f39-a6a5-154d53c8c6aa/build]   | github.com/cockroachdb/errors/stdstrings
[2415acba-b8e6-4f39-a6a5-154d53c8c6aa/build]   | github.com/gogo/protobuf/sortkeys
[2415acba-b8e6-4f39-a6a5-154d53c8c6aa/build]   | github.com/kr/text
[2415acba-b8e6-4f39-a6a5-154d53c8c6aa/build]   | github.com/rogpeppe/go-internal/fmtsort
[2415acba-b8e6-4f39-a6a5-154d53c8c6aa/build]   | github.com/cockroachdb/redact/internal/rfmt/fmtsort
[2415acba-b8e6-4f39-a6a5-154d53c8c6aa/build]   | github.com/gogo/protobuf/proto
[2415acba-b8e6-4f39-a6a5-154d53c8c6aa/build]   | github.com/cockroachdb/redact/interfaces
[2415acba-b8e6-4f39-a6a5-154d53c8c6aa/build]   | github.com/cockroachdb/redact/internal/fmtforward
[2415acba-b8e6-4f39-a6a5-154d53c8c6aa/build]   | github.com/pkg/errors
[2415acba-b8e6-4f39-a6a5-154d53c8c6aa/build]   | github.com/cockroachdb/logtags
[2415acba-b8e6-4f39-a6a5-154d53c8c6aa/build]   | github.com/getsentry/sentry-go/internal/crypto/randutil
[2415acba-b8e6-4f39-a6a5-154d53c8c6aa/build]   | golang.org/x/sys/execabs
[2415acba-b8e6-4f39-a6a5-154d53c8c6aa/build]   | github.com/getsentry/sentry-go/internal/ratelimit
[2415acba-b8e6-4f39-a6a5-154d53c8c6aa/build]   | github.com/getsentry/sentry-go/internal/debug
[2415acba-b8e6-4f39-a6a5-154d53c8c6aa/build]   | github.com/cockroachdb/redact/internal/markers
[2415acba-b8e6-4f39-a6a5-154d53c8c6aa/build]   | github.com/cockroachdb/redact/internal/redact
[2415acba-b8e6-4f39-a6a5-154d53c8c6aa/build]   | github.com/kr/pretty
[2415acba-b8e6-4f39-a6a5-154d53c8c6aa/build]   | github.com/cockroachdb/redact/internal/escape
[2415acba-b8e6-4f39-a6a5-154d53c8c6aa/build]   | github.com/getsentry/sentry-go
[2415acba-b8e6-4f39-a6a5-154d53c8c6aa/build]   | github.com/cockroachdb/redact/internal/buffer
[2415acba-b8e6-4f39-a6a5-154d53c8c6aa/build]   | github.com/cockroachdb/redact/internal/rfmt
[2415acba-b8e6-4f39-a6a5-154d53c8c6aa/build]   | github.com/cockroachdb/redact/builder
[2415acba-b8e6-4f39-a6a5-154d53c8c6aa/build]   | github.com/cockroachdb/redact
[2415acba-b8e6-4f39-a6a5-154d53c8c6aa/build]   | github.com/gogo/protobuf/protoc-gen-gogo/descriptor
[2415acba-b8e6-4f39-a6a5-154d53c8c6aa/build]   | github.com/gogo/protobuf/types
[2415acba-b8e6-4f39-a6a5-154d53c8c6aa/build]   | github.com/gogo/protobuf/gogoproto
[2415acba-b8e6-4f39-a6a5-154d53c8c6aa/build]   | github.com/cockroachdb/errors/errorspb
[2415acba-b8e6-4f39-a6a5-154d53c8c6aa/build]   | github.com/cockroachdb/errors/errbase
[2415acba-b8e6-4f39-a6a5-154d53c8c6aa/build]   | github.com/cockroachdb/errors/barriers
[2415acba-b8e6-4f39-a6a5-154d53c8c6aa/build]   | github.com/cockroachdb/errors/secondary
[2415acba-b8e6-4f39-a6a5-154d53c8c6aa/build]   | github.com/cockroachdb/errors/contexttags
[2415acba-b8e6-4f39-a6a5-154d53c8c6aa/build]   | github.com/cockroachdb/errors/withstack
[2415acba-b8e6-4f39-a6a5-154d53c8c6aa/build]   | github.com/cockroachdb/errors/markers
[2415acba-b8e6-4f39-a6a5-154d53c8c6aa/build]   | github.com/cockroachdb/errors/hintdetail
[2415acba-b8e6-4f39-a6a5-154d53c8c6aa/build]   | github.com/cockroachdb/errors/safedetails
[2415acba-b8e6-4f39-a6a5-154d53c8c6aa/build]   | github.com/cockroachdb/errors/telemetrykeys
[2415acba-b8e6-4f39-a6a5-154d53c8c6aa/build]   | github.com/cockroachdb/errors/domains
[2415acba-b8e6-4f39-a6a5-154d53c8c6aa/build]   | github.com/cockroachdb/errors/assert
[2415acba-b8e6-4f39-a6a5-154d53c8c6aa/build]   | github.com/cockroachdb/errors/issuelink
[2415acba-b8e6-4f39-a6a5-154d53c8c6aa/build]   | github.com/cockroachdb/errors/report
[2415acba-b8e6-4f39-a6a5-154d53c8c6aa/build]   | github.com/cockroachdb/errors/errutil
[2415acba-b8e6-4f39-a6a5-154d53c8c6aa/build]   | github.com/cockroachdb/errors
[2415acba-b8e6-4f39-a6a5-154d53c8c6aa/build]   | github.com/sourcegraph/sourcegraph/lib/errors
[2415acba-b8e6-4f39-a6a5-154d53c8c6aa/build]   | github.com/camdencheek/conc
[2415acba-b8e6-4f39-a6a5-154d53c8c6aa/build]   | github.com/camdencheek/conc/pool
[2415acba-b8e6-4f39-a6a5-154d53c8c6aa/build]   | github.com/camdencheek/conc/group
[2415acba-b8e6-4f39-a6a5-154d53c8c6aa/build]   | github.com/camdencheek/conc/stream
[2415acba-b8e6-4f39-a6a5-154d53c8c6aa/build]   ✅  Success - Main Build
[2415acba-b8e6-4f39-a6a5-154d53c8c6aa/build] unable to get git ref: failed to identify reference (tag/branch) for the checked-out revision 'd63d096b2987c0dc5b8306bcc78bc15a2c3f27f8'
[2415acba-b8e6-4f39-a6a5-154d53c8c6aa/build] unable to get git ref: failed to identify reference (tag/branch) for the checked-out revision 'd63d096b2987c0dc5b8306bcc78bc15a2c3f27f8'
[2415acba-b8e6-4f39-a6a5-154d53c8c6aa/build] unable to get git ref: failed to identify reference (tag/branch) for the checked-out revision 'd63d096b2987c0dc5b8306bcc78bc15a2c3f27f8'
[2415acba-b8e6-4f39-a6a5-154d53c8c6aa/build] unable to get git ref: failed to identify reference (tag/branch) for the checked-out revision 'd63d096b2987c0dc5b8306bcc78bc15a2c3f27f8'
[2415acba-b8e6-4f39-a6a5-154d53c8c6aa/build] unable to get git ref: failed to identify reference (tag/branch) for the checked-out revision 'd63d096b2987c0dc5b8306bcc78bc15a2c3f27f8'
[2415acba-b8e6-4f39-a6a5-154d53c8c6aa/build] ⭐ Run Main Test
[2415acba-b8e6-4f39-a6a5-154d53c8c6aa/build] unable to get git ref: failed to identify reference (tag/branch) for the checked-out revision 'd63d096b2987c0dc5b8306bcc78bc15a2c3f27f8'
[2415acba-b8e6-4f39-a6a5-154d53c8c6aa/build] unable to get git ref: failed to identify reference (tag/branch) for the checked-out revision 'd63d096b2987c0dc5b8306bcc78bc15a2c3f27f8'
[2415acba-b8e6-4f39-a6a5-154d53c8c6aa/build] unable to get git ref: failed to identify reference (tag/branch) for the checked-out revision 'd63d096b2987c0dc5b8306bcc78bc15a2c3f27f8'
[2415acba-b8e6-4f39-a6a5-154d53c8c6aa/build] unable to get git ref: failed to identify reference (tag/branch) for the checked-out revision 'd63d096b2987c0dc5b8306bcc78bc15a2c3f27f8'
[2415acba-b8e6-4f39-a6a5-154d53c8c6aa/build]   🐳  docker exec cmd=[bash --noprofile --norc -e -o pipefail /var/run/act/workflow/3] user= workdir=
[2415acba-b8e6-4f39-a6a5-154d53c8c6aa/build]   | go: downloading github.com/jstemmer/go-junit-report/v2 v2.0.0
[2415acba-b8e6-4f39-a6a5-154d53c8c6aa/build]   ✅  Success - Main Test
[2415acba-b8e6-4f39-a6a5-154d53c8c6aa/build] unable to get git ref: failed to identify reference (tag/branch) for the checked-out revision 'd63d096b2987c0dc5b8306bcc78bc15a2c3f27f8'
[2415acba-b8e6-4f39-a6a5-154d53c8c6aa/build] unable to get git ref: failed to identify reference (tag/branch) for the checked-out revision 'd63d096b2987c0dc5b8306bcc78bc15a2c3f27f8'
[2415acba-b8e6-4f39-a6a5-154d53c8c6aa/build] unable to get git ref: failed to identify reference (tag/branch) for the checked-out revision 'd63d096b2987c0dc5b8306bcc78bc15a2c3f27f8'
[2415acba-b8e6-4f39-a6a5-154d53c8c6aa/build] unable to get git ref: failed to identify reference (tag/branch) for the checked-out revision 'd63d096b2987c0dc5b8306bcc78bc15a2c3f27f8'
[2415acba-b8e6-4f39-a6a5-154d53c8c6aa/build] unable to get git ref: failed to identify reference (tag/branch) for the checked-out revision 'd63d096b2987c0dc5b8306bcc78bc15a2c3f27f8'
[2415acba-b8e6-4f39-a6a5-154d53c8c6aa/build] ⭐ Run Post Set up Go
[2415acba-b8e6-4f39-a6a5-154d53c8c6aa/build]   🐳  docker exec cmd=[node /var/run/act/actions/actions-setup-go@v3/dist/cache-save/index.js] user= workdir=
[2415acba-b8e6-4f39-a6a5-154d53c8c6aa/build]   ✅  Success - Post Set up Go
[2415acba-b8e6-4f39-a6a5-154d53c8c6aa/build] 🏁  Job succeeded
[2415acba-b8e6-4f39-a6a5-154d53c8c6aa/build] unable to get git ref: failed to identify reference (tag/branch) for the checked-out revision 'd63d096b2987c0dc5b8306bcc78bc15a2c3f27f8'
