[06177c0e-e5bf-4cdc-be98-048d1b025f93/build] 🚀  Start image=crawlergpt:latest
[06177c0e-e5bf-4cdc-be98-048d1b025f93/build]   🐳  docker pull image=crawlergpt:latest platform= username= forcePull=false
[06177c0e-e5bf-4cdc-be98-048d1b025f93/build]   🐳  docker create image=crawlergpt:latest platform= entrypoint=["tail" "-f" "/dev/null"] cmd=[]
[06177c0e-e5bf-4cdc-be98-048d1b025f93/build]   🐳  docker run image=crawlergpt:latest platform= entrypoint=["tail" "-f" "/dev/null"] cmd=[]
[06177c0e-e5bf-4cdc-be98-048d1b025f93/build]   🐳  docker exec cmd=[chown -R 1012:1013 /tmp/fecc8d03-fe19-4b55-bc82-f13ad2de514a] user=0 workdir=
[06177c0e-e5bf-4cdc-be98-048d1b025f93/build] unable to get git ref: failed to identify reference (tag/branch) for the checked-out revision 'b2ac8980e9b68c755670a4e00c2cadcf7c4bc2a4'
[06177c0e-e5bf-4cdc-be98-048d1b025f93/build] unable to get git ref: failed to identify reference (tag/branch) for the checked-out revision 'b2ac8980e9b68c755670a4e00c2cadcf7c4bc2a4'
[06177c0e-e5bf-4cdc-be98-048d1b025f93/build] unable to get git ref: failed to identify reference (tag/branch) for the checked-out revision 'b2ac8980e9b68c755670a4e00c2cadcf7c4bc2a4'
[06177c0e-e5bf-4cdc-be98-048d1b025f93/build] unable to get git ref: failed to identify reference (tag/branch) for the checked-out revision 'b2ac8980e9b68c755670a4e00c2cadcf7c4bc2a4'
[06177c0e-e5bf-4cdc-be98-048d1b025f93/build] unable to get git ref: failed to identify reference (tag/branch) for the checked-out revision 'b2ac8980e9b68c755670a4e00c2cadcf7c4bc2a4'
[06177c0e-e5bf-4cdc-be98-048d1b025f93/build] unable to get git ref: failed to identify reference (tag/branch) for the checked-out revision 'b2ac8980e9b68c755670a4e00c2cadcf7c4bc2a4'
[06177c0e-e5bf-4cdc-be98-048d1b025f93/build] unable to get git ref: failed to identify reference (tag/branch) for the checked-out revision 'b2ac8980e9b68c755670a4e00c2cadcf7c4bc2a4'
[06177c0e-e5bf-4cdc-be98-048d1b025f93/build] unable to get git ref: failed to identify reference (tag/branch) for the checked-out revision 'b2ac8980e9b68c755670a4e00c2cadcf7c4bc2a4'
[06177c0e-e5bf-4cdc-be98-048d1b025f93/build] unable to get git ref: failed to identify reference (tag/branch) for the checked-out revision 'b2ac8980e9b68c755670a4e00c2cadcf7c4bc2a4'
[06177c0e-e5bf-4cdc-be98-048d1b025f93/build] ⭐ Run Main actions/checkout@v3
[06177c0e-e5bf-4cdc-be98-048d1b025f93/build] unable to get git ref: failed to identify reference (tag/branch) for the checked-out revision 'b2ac8980e9b68c755670a4e00c2cadcf7c4bc2a4'
[06177c0e-e5bf-4cdc-be98-048d1b025f93/build] unable to get git ref: failed to identify reference (tag/branch) for the checked-out revision 'b2ac8980e9b68c755670a4e00c2cadcf7c4bc2a4'
[06177c0e-e5bf-4cdc-be98-048d1b025f93/build]   🐳  docker cp src=/tmp/fecc8d03-fe19-4b55-bc82-f13ad2de514a/. dst=/tmp/fecc8d03-fe19-4b55-bc82-f13ad2de514a
[06177c0e-e5bf-4cdc-be98-048d1b025f93/build]   🐳  docker exec cmd=[chown -R 1012:1013 /tmp/fecc8d03-fe19-4b55-bc82-f13ad2de514a] user=0 workdir=
[06177c0e-e5bf-4cdc-be98-048d1b025f93/build]   ✅  Success - Main actions/checkout@v3
[06177c0e-e5bf-4cdc-be98-048d1b025f93/build] unable to get git ref: failed to identify reference (tag/branch) for the checked-out revision 'b2ac8980e9b68c755670a4e00c2cadcf7c4bc2a4'
[06177c0e-e5bf-4cdc-be98-048d1b025f93/build] unable to get git ref: failed to identify reference (tag/branch) for the checked-out revision 'b2ac8980e9b68c755670a4e00c2cadcf7c4bc2a4'
[06177c0e-e5bf-4cdc-be98-048d1b025f93/build] unable to get git ref: failed to identify reference (tag/branch) for the checked-out revision 'b2ac8980e9b68c755670a4e00c2cadcf7c4bc2a4'
[06177c0e-e5bf-4cdc-be98-048d1b025f93/build] unable to get git ref: failed to identify reference (tag/branch) for the checked-out revision 'b2ac8980e9b68c755670a4e00c2cadcf7c4bc2a4'
[06177c0e-e5bf-4cdc-be98-048d1b025f93/build] unable to get git ref: failed to identify reference (tag/branch) for the checked-out revision 'b2ac8980e9b68c755670a4e00c2cadcf7c4bc2a4'
[06177c0e-e5bf-4cdc-be98-048d1b025f93/build] ⭐ Run Main Set up Go
[06177c0e-e5bf-4cdc-be98-048d1b025f93/build] unable to get git ref: failed to identify reference (tag/branch) for the checked-out revision 'b2ac8980e9b68c755670a4e00c2cadcf7c4bc2a4'
[06177c0e-e5bf-4cdc-be98-048d1b025f93/build] unable to get git ref: failed to identify reference (tag/branch) for the checked-out revision 'b2ac8980e9b68c755670a4e00c2cadcf7c4bc2a4'
[06177c0e-e5bf-4cdc-be98-048d1b025f93/build] unable to get git ref: failed to identify reference (tag/branch) for the checked-out revision 'b2ac8980e9b68c755670a4e00c2cadcf7c4bc2a4'
[06177c0e-e5bf-4cdc-be98-048d1b025f93/build]   🐳  docker cp src=/tmp/act-cache/fcabb212-a521-41ae-b73c-59c308f1401e/act/actions-setup-go@v3/ dst=/var/run/act/actions/actions-setup-go@v3/
[06177c0e-e5bf-4cdc-be98-048d1b025f93/build]   🐳  docker exec cmd=[chown -R 1012:1013 /var/run/act/actions/actions-setup-go@v3/] user=0 workdir=
[06177c0e-e5bf-4cdc-be98-048d1b025f93/build]   🐳  docker exec cmd=[node /var/run/act/actions/actions-setup-go@v3/dist/setup/index.js] user= workdir=
[06177c0e-e5bf-4cdc-be98-048d1b025f93/build]   | Setup go version spec 1.19
[06177c0e-e5bf-4cdc-be98-048d1b025f93/build]   💬  ::debug::isExplicit: 
[06177c0e-e5bf-4cdc-be98-048d1b025f93/build]   💬  ::debug::explicit? false
[06177c0e-e5bf-4cdc-be98-048d1b025f93/build]   💬  ::debug::isExplicit: 1.14.15
[06177c0e-e5bf-4cdc-be98-048d1b025f93/build]   💬  ::debug::explicit? true
[06177c0e-e5bf-4cdc-be98-048d1b025f93/build]   💬  ::debug::isExplicit: 1.15.15
[06177c0e-e5bf-4cdc-be98-048d1b025f93/build]   💬  ::debug::explicit? true
[06177c0e-e5bf-4cdc-be98-048d1b025f93/build]   💬  ::debug::isExplicit: 1.16.7
[06177c0e-e5bf-4cdc-be98-048d1b025f93/build]   💬  ::debug::explicit? true
[06177c0e-e5bf-4cdc-be98-048d1b025f93/build]   💬  ::debug::evaluating 3 versions
[06177c0e-e5bf-4cdc-be98-048d1b025f93/build]   💬  ::debug::match not found
[06177c0e-e5bf-4cdc-be98-048d1b025f93/build]   | Attempting to download 1.19...
[06177c0e-e5bf-4cdc-be98-048d1b025f93/build]   💬  ::debug::No manifest cached
[06177c0e-e5bf-4cdc-be98-048d1b025f93/build]   💬  ::debug::set auth
[06177c0e-e5bf-4cdc-be98-048d1b025f93/build]   | matching 1.19...
[06177c0e-e5bf-4cdc-be98-048d1b025f93/build]   💬  ::debug::check 1.21.3 satisfies 1.19
[06177c0e-e5bf-4cdc-be98-048d1b025f93/build]   💬  ::debug::check 1.21.2 satisfies 1.19
[06177c0e-e5bf-4cdc-be98-048d1b025f93/build]   💬  ::debug::check 1.21.1 satisfies 1.19
[06177c0e-e5bf-4cdc-be98-048d1b025f93/build]   💬  ::debug::check 1.21.0 satisfies 1.19
[06177c0e-e5bf-4cdc-be98-048d1b025f93/build]   💬  ::debug::check 1.20.10 satisfies 1.19
[06177c0e-e5bf-4cdc-be98-048d1b025f93/build]   💬  ::debug::check 1.20.9 satisfies 1.19
[06177c0e-e5bf-4cdc-be98-048d1b025f93/build]   💬  ::debug::check 1.20.8 satisfies 1.19
[06177c0e-e5bf-4cdc-be98-048d1b025f93/build]   💬  ::debug::check 1.20.7 satisfies 1.19
[06177c0e-e5bf-4cdc-be98-048d1b025f93/build]   💬  ::debug::check 1.20.6 satisfies 1.19
[06177c0e-e5bf-4cdc-be98-048d1b025f93/build]   💬  ::debug::check 1.20.5 satisfies 1.19
[06177c0e-e5bf-4cdc-be98-048d1b025f93/build]   💬  ::debug::check 1.20.4 satisfies 1.19
[06177c0e-e5bf-4cdc-be98-048d1b025f93/build]   💬  ::debug::check 1.20.3 satisfies 1.19
[06177c0e-e5bf-4cdc-be98-048d1b025f93/build]   💬  ::debug::check 1.20.2 satisfies 1.19
[06177c0e-e5bf-4cdc-be98-048d1b025f93/build]   💬  ::debug::check 1.20.1 satisfies 1.19
[06177c0e-e5bf-4cdc-be98-048d1b025f93/build]   💬  ::debug::check 1.20.0 satisfies 1.19
[06177c0e-e5bf-4cdc-be98-048d1b025f93/build]   💬  ::debug::check 1.19.13 satisfies 1.19
[06177c0e-e5bf-4cdc-be98-048d1b025f93/build]   💬  ::debug::arm64===x64 && darwin===linux
[06177c0e-e5bf-4cdc-be98-048d1b025f93/build]   💬  ::debug::x64===x64 && darwin===linux
[06177c0e-e5bf-4cdc-be98-048d1b025f93/build]   💬  ::debug::x64===x64 && linux===linux
[06177c0e-e5bf-4cdc-be98-048d1b025f93/build]   💬  ::debug::matched 1.19.13
[06177c0e-e5bf-4cdc-be98-048d1b025f93/build]   | Acquiring 1.19.13 from https://github.com/actions/go-versions/releases/download/1.19.13-6107263891/go-1.19.13-linux-x64.tar.gz
[06177c0e-e5bf-4cdc-be98-048d1b025f93/build]   💬  ::debug::Downloading https://github.com/actions/go-versions/releases/download/1.19.13-6107263891/go-1.19.13-linux-x64.tar.gz
[06177c0e-e5bf-4cdc-be98-048d1b025f93/build]   💬  ::debug::Destination /tmp/3d45fcab-3627-4829-8ee5-3133e2686553
[06177c0e-e5bf-4cdc-be98-048d1b025f93/build]   💬  ::debug::set auth
[06177c0e-e5bf-4cdc-be98-048d1b025f93/build]   💬  ::debug::download complete
[06177c0e-e5bf-4cdc-be98-048d1b025f93/build]   | Extracting Go...
[06177c0e-e5bf-4cdc-be98-048d1b025f93/build]   💬  ::debug::Checking tar --version
[06177c0e-e5bf-4cdc-be98-048d1b025f93/build]   💬  ::debug::tar (GNU tar) 1.30%0ACopyright (C) 2017 Free Software Foundation, Inc.%0ALicense GPLv3+: GNU GPL version 3 or later <https://gnu.org/licenses/gpl.html>.%0AThis is free software: you are free to change and redistribute it.%0AThere is NO WARRANTY, to the extent permitted by law.%0A%0AWritten by John Gilmore and Jay Fenlason.
[06177c0e-e5bf-4cdc-be98-048d1b025f93/build]   | [command]/usr/bin/tar xz --warning=no-unknown-keyword --overwrite -C /tmp/b4af7d6f-2d37-4971-88ea-b0161cacba23 -f /tmp/3d45fcab-3627-4829-8ee5-3133e2686553
[06177c0e-e5bf-4cdc-be98-048d1b025f93/build]   | Successfully extracted go to /tmp/b4af7d6f-2d37-4971-88ea-b0161cacba23
[06177c0e-e5bf-4cdc-be98-048d1b025f93/build]   | Adding to the cache ...
[06177c0e-e5bf-4cdc-be98-048d1b025f93/build]   💬  ::debug::Caching tool go 1.19.13 x64
[06177c0e-e5bf-4cdc-be98-048d1b025f93/build]   💬  ::debug::source dir: /tmp/b4af7d6f-2d37-4971-88ea-b0161cacba23
[06177c0e-e5bf-4cdc-be98-048d1b025f93/build]   💬  ::debug::destination /opt/hostedtoolcache/go/1.19.13/x64
[06177c0e-e5bf-4cdc-be98-048d1b025f93/build]   💬  ::debug::finished caching tool
[06177c0e-e5bf-4cdc-be98-048d1b025f93/build]   | Successfully cached go to /opt/hostedtoolcache/go/1.19.13/x64
[06177c0e-e5bf-4cdc-be98-048d1b025f93/build]   | Added go to the path
[06177c0e-e5bf-4cdc-be98-048d1b025f93/build]   💬  ::debug::which go :/opt/hostedtoolcache/go/1.19.13/x64/bin/go:
[06177c0e-e5bf-4cdc-be98-048d1b025f93/build]   💬  ::debug::go env GOPATH :/home/runneradmin/go:
[06177c0e-e5bf-4cdc-be98-048d1b025f93/build]   💬  ::debug::creating /home/runneradmin/go
[06177c0e-e5bf-4cdc-be98-048d1b025f93/build]   💬  ::debug::creating /home/runneradmin/go/bin
[06177c0e-e5bf-4cdc-be98-048d1b025f93/build]   💬  ::debug::add bin true
[06177c0e-e5bf-4cdc-be98-048d1b025f93/build]   | Successfully set up Go version 1.19
[06177c0e-e5bf-4cdc-be98-048d1b025f93/build]   ❓ add-matcher /run/act/actions/actions-setup-go@v3/matchers.json
[06177c0e-e5bf-4cdc-be98-048d1b025f93/build]   | go version go1.19.13 linux/amd64
[06177c0e-e5bf-4cdc-be98-048d1b025f93/build]   | 
[06177c0e-e5bf-4cdc-be98-048d1b025f93/build]   ❓  ::group::go env
[06177c0e-e5bf-4cdc-be98-048d1b025f93/build]   | GO111MODULE=""
[06177c0e-e5bf-4cdc-be98-048d1b025f93/build]   | GOARCH="amd64"
[06177c0e-e5bf-4cdc-be98-048d1b025f93/build]   | GOBIN=""
[06177c0e-e5bf-4cdc-be98-048d1b025f93/build]   | GOCACHE="/home/runneradmin/.cache/go-build"
[06177c0e-e5bf-4cdc-be98-048d1b025f93/build]   | GOENV="/home/runneradmin/.config/go/env"
[06177c0e-e5bf-4cdc-be98-048d1b025f93/build]   | GOEXE=""
[06177c0e-e5bf-4cdc-be98-048d1b025f93/build]   | GOEXPERIMENT=""
[06177c0e-e5bf-4cdc-be98-048d1b025f93/build]   | GOFLAGS=""
[06177c0e-e5bf-4cdc-be98-048d1b025f93/build]   | GOHOSTARCH="amd64"
[06177c0e-e5bf-4cdc-be98-048d1b025f93/build]   | GOHOSTOS="linux"
[06177c0e-e5bf-4cdc-be98-048d1b025f93/build]   | GOINSECURE=""
[06177c0e-e5bf-4cdc-be98-048d1b025f93/build]   | GOMODCACHE="/home/runneradmin/go/pkg/mod"
[06177c0e-e5bf-4cdc-be98-048d1b025f93/build]   | GONOPROXY=""
[06177c0e-e5bf-4cdc-be98-048d1b025f93/build]   | GONOSUMDB=""
[06177c0e-e5bf-4cdc-be98-048d1b025f93/build]   | GOOS="linux"
[06177c0e-e5bf-4cdc-be98-048d1b025f93/build]   | GOPATH="/home/runneradmin/go"
[06177c0e-e5bf-4cdc-be98-048d1b025f93/build]   | GOPRIVATE=""
[06177c0e-e5bf-4cdc-be98-048d1b025f93/build]   | GOPROXY="https://proxy.golang.org,direct"
[06177c0e-e5bf-4cdc-be98-048d1b025f93/build]   | GOROOT="/opt/hostedtoolcache/go/1.19.13/x64"
[06177c0e-e5bf-4cdc-be98-048d1b025f93/build]   | GOSUMDB="sum.golang.org"
[06177c0e-e5bf-4cdc-be98-048d1b025f93/build]   | GOTMPDIR=""
[06177c0e-e5bf-4cdc-be98-048d1b025f93/build]   | GOTOOLDIR="/opt/hostedtoolcache/go/1.19.13/x64/pkg/tool/linux_amd64"
[06177c0e-e5bf-4cdc-be98-048d1b025f93/build]   | GOVCS=""
[06177c0e-e5bf-4cdc-be98-048d1b025f93/build]   | GOVERSION="go1.19.13"
[06177c0e-e5bf-4cdc-be98-048d1b025f93/build]   | GCCGO="gccgo"
[06177c0e-e5bf-4cdc-be98-048d1b025f93/build]   | GOAMD64="v1"
[06177c0e-e5bf-4cdc-be98-048d1b025f93/build]   | AR="ar"
[06177c0e-e5bf-4cdc-be98-048d1b025f93/build]   | CC="gcc"
[06177c0e-e5bf-4cdc-be98-048d1b025f93/build]   | CXX="g++"
[06177c0e-e5bf-4cdc-be98-048d1b025f93/build]   | CGO_ENABLED="1"
[06177c0e-e5bf-4cdc-be98-048d1b025f93/build]   | GOMOD="/tmp/fecc8d03-fe19-4b55-bc82-f13ad2de514a/go.mod"
[06177c0e-e5bf-4cdc-be98-048d1b025f93/build]   | GOWORK=""
[06177c0e-e5bf-4cdc-be98-048d1b025f93/build]   | CGO_CFLAGS="-g -O2"
[06177c0e-e5bf-4cdc-be98-048d1b025f93/build]   | CGO_CPPFLAGS=""
[06177c0e-e5bf-4cdc-be98-048d1b025f93/build]   | CGO_CXXFLAGS="-g -O2"
[06177c0e-e5bf-4cdc-be98-048d1b025f93/build]   | CGO_FFLAGS="-g -O2"
[06177c0e-e5bf-4cdc-be98-048d1b025f93/build]   | CGO_LDFLAGS="-g -O2"
[06177c0e-e5bf-4cdc-be98-048d1b025f93/build]   | PKG_CONFIG="pkg-config"
[06177c0e-e5bf-4cdc-be98-048d1b025f93/build]   | GOGCCFLAGS="-fPIC -m64 -pthread -Wl,--no-gc-sections -fmessage-length=0 -fdebug-prefix-map=/tmp/go-build1873087190=/tmp/go-build -gno-record-gcc-switches"
[06177c0e-e5bf-4cdc-be98-048d1b025f93/build]   | 
[06177c0e-e5bf-4cdc-be98-048d1b025f93/build]   ❓  ::endgroup::
[06177c0e-e5bf-4cdc-be98-048d1b025f93/build]   ✅  Success - Main Set up Go
[06177c0e-e5bf-4cdc-be98-048d1b025f93/build]   ⚙  ::set-output:: go-version=1.19.13
[06177c0e-e5bf-4cdc-be98-048d1b025f93/build]   ⚙  ::add-path:: /opt/hostedtoolcache/go/1.19.13/x64/bin
[06177c0e-e5bf-4cdc-be98-048d1b025f93/build]   ⚙  ::add-path:: /home/runneradmin/go/bin
[06177c0e-e5bf-4cdc-be98-048d1b025f93/build] unable to get git ref: failed to identify reference (tag/branch) for the checked-out revision 'b2ac8980e9b68c755670a4e00c2cadcf7c4bc2a4'
[06177c0e-e5bf-4cdc-be98-048d1b025f93/build] unable to get git ref: failed to identify reference (tag/branch) for the checked-out revision 'b2ac8980e9b68c755670a4e00c2cadcf7c4bc2a4'
[06177c0e-e5bf-4cdc-be98-048d1b025f93/build] unable to get git ref: failed to identify reference (tag/branch) for the checked-out revision 'b2ac8980e9b68c755670a4e00c2cadcf7c4bc2a4'
[06177c0e-e5bf-4cdc-be98-048d1b025f93/build] unable to get git ref: failed to identify reference (tag/branch) for the checked-out revision 'b2ac8980e9b68c755670a4e00c2cadcf7c4bc2a4'
[06177c0e-e5bf-4cdc-be98-048d1b025f93/build] unable to get git ref: failed to identify reference (tag/branch) for the checked-out revision 'b2ac8980e9b68c755670a4e00c2cadcf7c4bc2a4'
[06177c0e-e5bf-4cdc-be98-048d1b025f93/build] ⭐ Run Main Build
[06177c0e-e5bf-4cdc-be98-048d1b025f93/build] unable to get git ref: failed to identify reference (tag/branch) for the checked-out revision 'b2ac8980e9b68c755670a4e00c2cadcf7c4bc2a4'
[06177c0e-e5bf-4cdc-be98-048d1b025f93/build] unable to get git ref: failed to identify reference (tag/branch) for the checked-out revision 'b2ac8980e9b68c755670a4e00c2cadcf7c4bc2a4'
[06177c0e-e5bf-4cdc-be98-048d1b025f93/build] unable to get git ref: failed to identify reference (tag/branch) for the checked-out revision 'b2ac8980e9b68c755670a4e00c2cadcf7c4bc2a4'
[06177c0e-e5bf-4cdc-be98-048d1b025f93/build] unable to get git ref: failed to identify reference (tag/branch) for the checked-out revision 'b2ac8980e9b68c755670a4e00c2cadcf7c4bc2a4'
[06177c0e-e5bf-4cdc-be98-048d1b025f93/build]   🐳  docker exec cmd=[bash --noprofile --norc -e -o pipefail /var/run/act/workflow/2] user= workdir=
[06177c0e-e5bf-4cdc-be98-048d1b025f93/build]   | go: downloading github.com/sourcegraph/sourcegraph/lib v0.0.0-20221216004406-749998a2ac74
[06177c0e-e5bf-4cdc-be98-048d1b025f93/build]   | go: downloading github.com/cockroachdb/errors v1.9.0
[06177c0e-e5bf-4cdc-be98-048d1b025f93/build]   | go: downloading github.com/getsentry/sentry-go v0.13.0
[06177c0e-e5bf-4cdc-be98-048d1b025f93/build]   | go: downloading github.com/gogo/protobuf v1.3.2
[06177c0e-e5bf-4cdc-be98-048d1b025f93/build]   | go: downloading github.com/cockroachdb/logtags v0.0.0-20211118104740-dabe8e521a4f
[06177c0e-e5bf-4cdc-be98-048d1b025f93/build]   | go: downloading github.com/cockroachdb/redact v1.1.3
[06177c0e-e5bf-4cdc-be98-048d1b025f93/build]   | go: downloading github.com/kr/pretty v0.3.0
[06177c0e-e5bf-4cdc-be98-048d1b025f93/build]   | go: downloading github.com/pkg/errors v0.9.1
[06177c0e-e5bf-4cdc-be98-048d1b025f93/build]   | go: downloading github.com/kr/text v0.2.0
[06177c0e-e5bf-4cdc-be98-048d1b025f93/build]   | go: downloading github.com/rogpeppe/go-internal v1.9.0
[06177c0e-e5bf-4cdc-be98-048d1b025f93/build]   | go: downloading golang.org/x/sys v0.0.0-20220829200755-d48e67d00261
[06177c0e-e5bf-4cdc-be98-048d1b025f93/build]   | github.com/cockroachdb/errors/stdstrings
[06177c0e-e5bf-4cdc-be98-048d1b025f93/build]   | github.com/gogo/protobuf/sortkeys
[06177c0e-e5bf-4cdc-be98-048d1b025f93/build]   | github.com/kr/text
[06177c0e-e5bf-4cdc-be98-048d1b025f93/build]   | github.com/cockroachdb/redact/internal/rfmt/fmtsort
[06177c0e-e5bf-4cdc-be98-048d1b025f93/build]   | github.com/rogpeppe/go-internal/fmtsort
[06177c0e-e5bf-4cdc-be98-048d1b025f93/build]   | github.com/cockroachdb/redact/internal/fmtforward
[06177c0e-e5bf-4cdc-be98-048d1b025f93/build]   | github.com/cockroachdb/redact/interfaces
[06177c0e-e5bf-4cdc-be98-048d1b025f93/build]   | github.com/cockroachdb/logtags
[06177c0e-e5bf-4cdc-be98-048d1b025f93/build]   | github.com/pkg/errors
[06177c0e-e5bf-4cdc-be98-048d1b025f93/build]   | github.com/gogo/protobuf/proto
[06177c0e-e5bf-4cdc-be98-048d1b025f93/build]   | golang.org/x/sys/execabs
[06177c0e-e5bf-4cdc-be98-048d1b025f93/build]   | github.com/getsentry/sentry-go/internal/crypto/randutil
[06177c0e-e5bf-4cdc-be98-048d1b025f93/build]   | github.com/getsentry/sentry-go/internal/ratelimit
[06177c0e-e5bf-4cdc-be98-048d1b025f93/build]   | github.com/getsentry/sentry-go/internal/debug
[06177c0e-e5bf-4cdc-be98-048d1b025f93/build]   | github.com/cockroachdb/redact/internal/markers
[06177c0e-e5bf-4cdc-be98-048d1b025f93/build]   | github.com/kr/pretty
[06177c0e-e5bf-4cdc-be98-048d1b025f93/build]   | github.com/cockroachdb/redact/internal/redact
[06177c0e-e5bf-4cdc-be98-048d1b025f93/build]   | github.com/getsentry/sentry-go
[06177c0e-e5bf-4cdc-be98-048d1b025f93/build]   | github.com/cockroachdb/redact/internal/escape
[06177c0e-e5bf-4cdc-be98-048d1b025f93/build]   | github.com/cockroachdb/redact/internal/buffer
[06177c0e-e5bf-4cdc-be98-048d1b025f93/build]   | github.com/cockroachdb/redact/internal/rfmt
[06177c0e-e5bf-4cdc-be98-048d1b025f93/build]   | github.com/cockroachdb/redact/builder
[06177c0e-e5bf-4cdc-be98-048d1b025f93/build]   | github.com/cockroachdb/redact
[06177c0e-e5bf-4cdc-be98-048d1b025f93/build]   | github.com/gogo/protobuf/protoc-gen-gogo/descriptor
[06177c0e-e5bf-4cdc-be98-048d1b025f93/build]   | github.com/gogo/protobuf/types
[06177c0e-e5bf-4cdc-be98-048d1b025f93/build]   | github.com/gogo/protobuf/gogoproto
[06177c0e-e5bf-4cdc-be98-048d1b025f93/build]   | github.com/cockroachdb/errors/errorspb
[06177c0e-e5bf-4cdc-be98-048d1b025f93/build]   | github.com/cockroachdb/errors/errbase
[06177c0e-e5bf-4cdc-be98-048d1b025f93/build]   | github.com/cockroachdb/errors/barriers
[06177c0e-e5bf-4cdc-be98-048d1b025f93/build]   | github.com/cockroachdb/errors/markers
[06177c0e-e5bf-4cdc-be98-048d1b025f93/build]   | github.com/cockroachdb/errors/contexttags
[06177c0e-e5bf-4cdc-be98-048d1b025f93/build]   | github.com/cockroachdb/errors/secondary
[06177c0e-e5bf-4cdc-be98-048d1b025f93/build]   | github.com/cockroachdb/errors/withstack
[06177c0e-e5bf-4cdc-be98-048d1b025f93/build]   | github.com/cockroachdb/errors/hintdetail
[06177c0e-e5bf-4cdc-be98-048d1b025f93/build]   | github.com/cockroachdb/errors/safedetails
[06177c0e-e5bf-4cdc-be98-048d1b025f93/build]   | github.com/cockroachdb/errors/telemetrykeys
[06177c0e-e5bf-4cdc-be98-048d1b025f93/build]   | github.com/cockroachdb/errors/domains
[06177c0e-e5bf-4cdc-be98-048d1b025f93/build]   | github.com/cockroachdb/errors/assert
[06177c0e-e5bf-4cdc-be98-048d1b025f93/build]   | github.com/cockroachdb/errors/issuelink
[06177c0e-e5bf-4cdc-be98-048d1b025f93/build]   | github.com/cockroachdb/errors/errutil
[06177c0e-e5bf-4cdc-be98-048d1b025f93/build]   | github.com/cockroachdb/errors/report
[06177c0e-e5bf-4cdc-be98-048d1b025f93/build]   | github.com/cockroachdb/errors
[06177c0e-e5bf-4cdc-be98-048d1b025f93/build]   | github.com/sourcegraph/sourcegraph/lib/errors
[06177c0e-e5bf-4cdc-be98-048d1b025f93/build]   | github.com/camdencheek/conc
[06177c0e-e5bf-4cdc-be98-048d1b025f93/build]   | github.com/camdencheek/conc/pool
[06177c0e-e5bf-4cdc-be98-048d1b025f93/build]   | github.com/camdencheek/conc/group
[06177c0e-e5bf-4cdc-be98-048d1b025f93/build]   | github.com/camdencheek/conc/stream
[06177c0e-e5bf-4cdc-be98-048d1b025f93/build]   ✅  Success - Main Build
[06177c0e-e5bf-4cdc-be98-048d1b025f93/build] unable to get git ref: failed to identify reference (tag/branch) for the checked-out revision 'b2ac8980e9b68c755670a4e00c2cadcf7c4bc2a4'
[06177c0e-e5bf-4cdc-be98-048d1b025f93/build] unable to get git ref: failed to identify reference (tag/branch) for the checked-out revision 'b2ac8980e9b68c755670a4e00c2cadcf7c4bc2a4'
[06177c0e-e5bf-4cdc-be98-048d1b025f93/build] unable to get git ref: failed to identify reference (tag/branch) for the checked-out revision 'b2ac8980e9b68c755670a4e00c2cadcf7c4bc2a4'
[06177c0e-e5bf-4cdc-be98-048d1b025f93/build] unable to get git ref: failed to identify reference (tag/branch) for the checked-out revision 'b2ac8980e9b68c755670a4e00c2cadcf7c4bc2a4'
[06177c0e-e5bf-4cdc-be98-048d1b025f93/build] unable to get git ref: failed to identify reference (tag/branch) for the checked-out revision 'b2ac8980e9b68c755670a4e00c2cadcf7c4bc2a4'
[06177c0e-e5bf-4cdc-be98-048d1b025f93/build] ⭐ Run Main Test
[06177c0e-e5bf-4cdc-be98-048d1b025f93/build] unable to get git ref: failed to identify reference (tag/branch) for the checked-out revision 'b2ac8980e9b68c755670a4e00c2cadcf7c4bc2a4'
[06177c0e-e5bf-4cdc-be98-048d1b025f93/build] unable to get git ref: failed to identify reference (tag/branch) for the checked-out revision 'b2ac8980e9b68c755670a4e00c2cadcf7c4bc2a4'
[06177c0e-e5bf-4cdc-be98-048d1b025f93/build] unable to get git ref: failed to identify reference (tag/branch) for the checked-out revision 'b2ac8980e9b68c755670a4e00c2cadcf7c4bc2a4'
[06177c0e-e5bf-4cdc-be98-048d1b025f93/build] unable to get git ref: failed to identify reference (tag/branch) for the checked-out revision 'b2ac8980e9b68c755670a4e00c2cadcf7c4bc2a4'
[06177c0e-e5bf-4cdc-be98-048d1b025f93/build]   🐳  docker exec cmd=[bash --noprofile --norc -e -o pipefail /var/run/act/workflow/3] user= workdir=
[06177c0e-e5bf-4cdc-be98-048d1b025f93/build]   | go: downloading github.com/jstemmer/go-junit-report/v2 v2.0.0
[06177c0e-e5bf-4cdc-be98-048d1b025f93/build]   ✅  Success - Main Test
[06177c0e-e5bf-4cdc-be98-048d1b025f93/build] unable to get git ref: failed to identify reference (tag/branch) for the checked-out revision 'b2ac8980e9b68c755670a4e00c2cadcf7c4bc2a4'
[06177c0e-e5bf-4cdc-be98-048d1b025f93/build] unable to get git ref: failed to identify reference (tag/branch) for the checked-out revision 'b2ac8980e9b68c755670a4e00c2cadcf7c4bc2a4'
[06177c0e-e5bf-4cdc-be98-048d1b025f93/build] unable to get git ref: failed to identify reference (tag/branch) for the checked-out revision 'b2ac8980e9b68c755670a4e00c2cadcf7c4bc2a4'
[06177c0e-e5bf-4cdc-be98-048d1b025f93/build] unable to get git ref: failed to identify reference (tag/branch) for the checked-out revision 'b2ac8980e9b68c755670a4e00c2cadcf7c4bc2a4'
[06177c0e-e5bf-4cdc-be98-048d1b025f93/build] unable to get git ref: failed to identify reference (tag/branch) for the checked-out revision 'b2ac8980e9b68c755670a4e00c2cadcf7c4bc2a4'
[06177c0e-e5bf-4cdc-be98-048d1b025f93/build] ⭐ Run Post Set up Go
[06177c0e-e5bf-4cdc-be98-048d1b025f93/build]   🐳  docker exec cmd=[node /var/run/act/actions/actions-setup-go@v3/dist/cache-save/index.js] user= workdir=
[06177c0e-e5bf-4cdc-be98-048d1b025f93/build]   ✅  Success - Post Set up Go
[06177c0e-e5bf-4cdc-be98-048d1b025f93/build] 🏁  Job succeeded
[06177c0e-e5bf-4cdc-be98-048d1b025f93/build] unable to get git ref: failed to identify reference (tag/branch) for the checked-out revision 'b2ac8980e9b68c755670a4e00c2cadcf7c4bc2a4'
