[3372974f-3825-46b8-b76b-62dc3741623b/build] 🚀  Start image=crawlergpt:latest
[3372974f-3825-46b8-b76b-62dc3741623b/build]   🐳  docker pull image=crawlergpt:latest platform= username= forcePull=false
[3372974f-3825-46b8-b76b-62dc3741623b/build]   🐳  docker create image=crawlergpt:latest platform= entrypoint=["tail" "-f" "/dev/null"] cmd=[]
[3372974f-3825-46b8-b76b-62dc3741623b/build]   🐳  docker run image=crawlergpt:latest platform= entrypoint=["tail" "-f" "/dev/null"] cmd=[]
[3372974f-3825-46b8-b76b-62dc3741623b/build]   🐳  docker exec cmd=[chown -R 1012:1013 /tmp/fecc8d03-fe19-4b55-bc82-f13ad2de514a] user=0 workdir=
[3372974f-3825-46b8-b76b-62dc3741623b/build] unable to get git ref: failed to identify reference (tag/branch) for the checked-out revision '87d4babe8444a6edffc0bef0d1911a59f2646680'
[3372974f-3825-46b8-b76b-62dc3741623b/build] unable to get git ref: failed to identify reference (tag/branch) for the checked-out revision '87d4babe8444a6edffc0bef0d1911a59f2646680'
[3372974f-3825-46b8-b76b-62dc3741623b/build] unable to get git ref: failed to identify reference (tag/branch) for the checked-out revision '87d4babe8444a6edffc0bef0d1911a59f2646680'
[3372974f-3825-46b8-b76b-62dc3741623b/build] unable to get git ref: failed to identify reference (tag/branch) for the checked-out revision '87d4babe8444a6edffc0bef0d1911a59f2646680'
[3372974f-3825-46b8-b76b-62dc3741623b/build] unable to get git ref: failed to identify reference (tag/branch) for the checked-out revision '87d4babe8444a6edffc0bef0d1911a59f2646680'
[3372974f-3825-46b8-b76b-62dc3741623b/build] unable to get git ref: failed to identify reference (tag/branch) for the checked-out revision '87d4babe8444a6edffc0bef0d1911a59f2646680'
[3372974f-3825-46b8-b76b-62dc3741623b/build] unable to get git ref: failed to identify reference (tag/branch) for the checked-out revision '87d4babe8444a6edffc0bef0d1911a59f2646680'
[3372974f-3825-46b8-b76b-62dc3741623b/build] unable to get git ref: failed to identify reference (tag/branch) for the checked-out revision '87d4babe8444a6edffc0bef0d1911a59f2646680'
[3372974f-3825-46b8-b76b-62dc3741623b/build] unable to get git ref: failed to identify reference (tag/branch) for the checked-out revision '87d4babe8444a6edffc0bef0d1911a59f2646680'
[3372974f-3825-46b8-b76b-62dc3741623b/build] ⭐ Run Main actions/checkout@v3
[3372974f-3825-46b8-b76b-62dc3741623b/build] unable to get git ref: failed to identify reference (tag/branch) for the checked-out revision '87d4babe8444a6edffc0bef0d1911a59f2646680'
[3372974f-3825-46b8-b76b-62dc3741623b/build] unable to get git ref: failed to identify reference (tag/branch) for the checked-out revision '87d4babe8444a6edffc0bef0d1911a59f2646680'
[3372974f-3825-46b8-b76b-62dc3741623b/build]   🐳  docker cp src=/tmp/fecc8d03-fe19-4b55-bc82-f13ad2de514a/. dst=/tmp/fecc8d03-fe19-4b55-bc82-f13ad2de514a
[3372974f-3825-46b8-b76b-62dc3741623b/build]   🐳  docker exec cmd=[chown -R 1012:1013 /tmp/fecc8d03-fe19-4b55-bc82-f13ad2de514a] user=0 workdir=
[3372974f-3825-46b8-b76b-62dc3741623b/build]   ✅  Success - Main actions/checkout@v3
[3372974f-3825-46b8-b76b-62dc3741623b/build] unable to get git ref: failed to identify reference (tag/branch) for the checked-out revision '87d4babe8444a6edffc0bef0d1911a59f2646680'
[3372974f-3825-46b8-b76b-62dc3741623b/build] unable to get git ref: failed to identify reference (tag/branch) for the checked-out revision '87d4babe8444a6edffc0bef0d1911a59f2646680'
[3372974f-3825-46b8-b76b-62dc3741623b/build] unable to get git ref: failed to identify reference (tag/branch) for the checked-out revision '87d4babe8444a6edffc0bef0d1911a59f2646680'
[3372974f-3825-46b8-b76b-62dc3741623b/build] unable to get git ref: failed to identify reference (tag/branch) for the checked-out revision '87d4babe8444a6edffc0bef0d1911a59f2646680'
[3372974f-3825-46b8-b76b-62dc3741623b/build] unable to get git ref: failed to identify reference (tag/branch) for the checked-out revision '87d4babe8444a6edffc0bef0d1911a59f2646680'
[3372974f-3825-46b8-b76b-62dc3741623b/build] ⭐ Run Main Set up Go
[3372974f-3825-46b8-b76b-62dc3741623b/build] unable to get git ref: failed to identify reference (tag/branch) for the checked-out revision '87d4babe8444a6edffc0bef0d1911a59f2646680'
[3372974f-3825-46b8-b76b-62dc3741623b/build] unable to get git ref: failed to identify reference (tag/branch) for the checked-out revision '87d4babe8444a6edffc0bef0d1911a59f2646680'
[3372974f-3825-46b8-b76b-62dc3741623b/build] unable to get git ref: failed to identify reference (tag/branch) for the checked-out revision '87d4babe8444a6edffc0bef0d1911a59f2646680'
[3372974f-3825-46b8-b76b-62dc3741623b/build]   🐳  docker cp src=/tmp/act-cache/fcabb212-a521-41ae-b73c-59c308f1401e/act/actions-setup-go@v3/ dst=/var/run/act/actions/actions-setup-go@v3/
[3372974f-3825-46b8-b76b-62dc3741623b/build]   🐳  docker exec cmd=[chown -R 1012:1013 /var/run/act/actions/actions-setup-go@v3/] user=0 workdir=
[3372974f-3825-46b8-b76b-62dc3741623b/build]   🐳  docker exec cmd=[node /var/run/act/actions/actions-setup-go@v3/dist/setup/index.js] user= workdir=
[3372974f-3825-46b8-b76b-62dc3741623b/build]   | Setup go version spec 1.19
[3372974f-3825-46b8-b76b-62dc3741623b/build]   💬  ::debug::isExplicit: 
[3372974f-3825-46b8-b76b-62dc3741623b/build]   💬  ::debug::explicit? false
[3372974f-3825-46b8-b76b-62dc3741623b/build]   💬  ::debug::isExplicit: 1.14.15
[3372974f-3825-46b8-b76b-62dc3741623b/build]   💬  ::debug::explicit? true
[3372974f-3825-46b8-b76b-62dc3741623b/build]   💬  ::debug::isExplicit: 1.15.15
[3372974f-3825-46b8-b76b-62dc3741623b/build]   💬  ::debug::explicit? true
[3372974f-3825-46b8-b76b-62dc3741623b/build]   💬  ::debug::isExplicit: 1.16.7
[3372974f-3825-46b8-b76b-62dc3741623b/build]   💬  ::debug::explicit? true
[3372974f-3825-46b8-b76b-62dc3741623b/build]   💬  ::debug::evaluating 3 versions
[3372974f-3825-46b8-b76b-62dc3741623b/build]   💬  ::debug::match not found
[3372974f-3825-46b8-b76b-62dc3741623b/build]   | Attempting to download 1.19...
[3372974f-3825-46b8-b76b-62dc3741623b/build]   💬  ::debug::No manifest cached
[3372974f-3825-46b8-b76b-62dc3741623b/build]   💬  ::debug::set auth
[3372974f-3825-46b8-b76b-62dc3741623b/build]   | matching 1.19...
[3372974f-3825-46b8-b76b-62dc3741623b/build]   💬  ::debug::check 1.21.3 satisfies 1.19
[3372974f-3825-46b8-b76b-62dc3741623b/build]   💬  ::debug::check 1.21.2 satisfies 1.19
[3372974f-3825-46b8-b76b-62dc3741623b/build]   💬  ::debug::check 1.21.1 satisfies 1.19
[3372974f-3825-46b8-b76b-62dc3741623b/build]   💬  ::debug::check 1.21.0 satisfies 1.19
[3372974f-3825-46b8-b76b-62dc3741623b/build]   💬  ::debug::check 1.20.10 satisfies 1.19
[3372974f-3825-46b8-b76b-62dc3741623b/build]   💬  ::debug::check 1.20.9 satisfies 1.19
[3372974f-3825-46b8-b76b-62dc3741623b/build]   💬  ::debug::check 1.20.8 satisfies 1.19
[3372974f-3825-46b8-b76b-62dc3741623b/build]   💬  ::debug::check 1.20.7 satisfies 1.19
[3372974f-3825-46b8-b76b-62dc3741623b/build]   💬  ::debug::check 1.20.6 satisfies 1.19
[3372974f-3825-46b8-b76b-62dc3741623b/build]   💬  ::debug::check 1.20.5 satisfies 1.19
[3372974f-3825-46b8-b76b-62dc3741623b/build]   💬  ::debug::check 1.20.4 satisfies 1.19
[3372974f-3825-46b8-b76b-62dc3741623b/build]   💬  ::debug::check 1.20.3 satisfies 1.19
[3372974f-3825-46b8-b76b-62dc3741623b/build]   💬  ::debug::check 1.20.2 satisfies 1.19
[3372974f-3825-46b8-b76b-62dc3741623b/build]   💬  ::debug::check 1.20.1 satisfies 1.19
[3372974f-3825-46b8-b76b-62dc3741623b/build]   💬  ::debug::check 1.20.0 satisfies 1.19
[3372974f-3825-46b8-b76b-62dc3741623b/build]   💬  ::debug::check 1.19.13 satisfies 1.19
[3372974f-3825-46b8-b76b-62dc3741623b/build]   💬  ::debug::arm64===x64 && darwin===linux
[3372974f-3825-46b8-b76b-62dc3741623b/build]   💬  ::debug::x64===x64 && darwin===linux
[3372974f-3825-46b8-b76b-62dc3741623b/build]   💬  ::debug::x64===x64 && linux===linux
[3372974f-3825-46b8-b76b-62dc3741623b/build]   💬  ::debug::matched 1.19.13
[3372974f-3825-46b8-b76b-62dc3741623b/build]   | Acquiring 1.19.13 from https://github.com/actions/go-versions/releases/download/1.19.13-6107263891/go-1.19.13-linux-x64.tar.gz
[3372974f-3825-46b8-b76b-62dc3741623b/build]   💬  ::debug::Downloading https://github.com/actions/go-versions/releases/download/1.19.13-6107263891/go-1.19.13-linux-x64.tar.gz
[3372974f-3825-46b8-b76b-62dc3741623b/build]   💬  ::debug::Destination /tmp/70536758-b618-4c77-a8f4-c325e3e1d118
[3372974f-3825-46b8-b76b-62dc3741623b/build]   💬  ::debug::set auth
[3372974f-3825-46b8-b76b-62dc3741623b/build]   💬  ::debug::download complete
[3372974f-3825-46b8-b76b-62dc3741623b/build]   | Extracting Go...
[3372974f-3825-46b8-b76b-62dc3741623b/build]   💬  ::debug::Checking tar --version
[3372974f-3825-46b8-b76b-62dc3741623b/build]   💬  ::debug::tar (GNU tar) 1.30%0ACopyright (C) 2017 Free Software Foundation, Inc.%0ALicense GPLv3+: GNU GPL version 3 or later <https://gnu.org/licenses/gpl.html>.%0AThis is free software: you are free to change and redistribute it.%0AThere is NO WARRANTY, to the extent permitted by law.%0A%0AWritten by John Gilmore and Jay Fenlason.
[3372974f-3825-46b8-b76b-62dc3741623b/build]   | [command]/usr/bin/tar xz --warning=no-unknown-keyword --overwrite -C /tmp/6d07c92b-b495-4f17-89e5-55d517031737 -f /tmp/70536758-b618-4c77-a8f4-c325e3e1d118
[3372974f-3825-46b8-b76b-62dc3741623b/build]   | Successfully extracted go to /tmp/6d07c92b-b495-4f17-89e5-55d517031737
[3372974f-3825-46b8-b76b-62dc3741623b/build]   | Adding to the cache ...
[3372974f-3825-46b8-b76b-62dc3741623b/build]   💬  ::debug::Caching tool go 1.19.13 x64
[3372974f-3825-46b8-b76b-62dc3741623b/build]   💬  ::debug::source dir: /tmp/6d07c92b-b495-4f17-89e5-55d517031737
[3372974f-3825-46b8-b76b-62dc3741623b/build]   💬  ::debug::destination /opt/hostedtoolcache/go/1.19.13/x64
[3372974f-3825-46b8-b76b-62dc3741623b/build]   💬  ::debug::finished caching tool
[3372974f-3825-46b8-b76b-62dc3741623b/build]   | Successfully cached go to /opt/hostedtoolcache/go/1.19.13/x64
[3372974f-3825-46b8-b76b-62dc3741623b/build]   | Added go to the path
[3372974f-3825-46b8-b76b-62dc3741623b/build]   💬  ::debug::which go :/opt/hostedtoolcache/go/1.19.13/x64/bin/go:
[3372974f-3825-46b8-b76b-62dc3741623b/build]   💬  ::debug::go env GOPATH :/home/runneradmin/go:
[3372974f-3825-46b8-b76b-62dc3741623b/build]   💬  ::debug::creating /home/runneradmin/go
[3372974f-3825-46b8-b76b-62dc3741623b/build]   💬  ::debug::creating /home/runneradmin/go/bin
[3372974f-3825-46b8-b76b-62dc3741623b/build]   💬  ::debug::add bin true
[3372974f-3825-46b8-b76b-62dc3741623b/build]   | Successfully set up Go version 1.19
[3372974f-3825-46b8-b76b-62dc3741623b/build]   ❓ add-matcher /run/act/actions/actions-setup-go@v3/matchers.json
[3372974f-3825-46b8-b76b-62dc3741623b/build]   | go version go1.19.13 linux/amd64
[3372974f-3825-46b8-b76b-62dc3741623b/build]   | 
[3372974f-3825-46b8-b76b-62dc3741623b/build]   ❓  ::group::go env
[3372974f-3825-46b8-b76b-62dc3741623b/build]   | GO111MODULE=""
[3372974f-3825-46b8-b76b-62dc3741623b/build]   | GOARCH="amd64"
[3372974f-3825-46b8-b76b-62dc3741623b/build]   | GOBIN=""
[3372974f-3825-46b8-b76b-62dc3741623b/build]   | GOCACHE="/home/runneradmin/.cache/go-build"
[3372974f-3825-46b8-b76b-62dc3741623b/build]   | GOENV="/home/runneradmin/.config/go/env"
[3372974f-3825-46b8-b76b-62dc3741623b/build]   | GOEXE=""
[3372974f-3825-46b8-b76b-62dc3741623b/build]   | GOEXPERIMENT=""
[3372974f-3825-46b8-b76b-62dc3741623b/build]   | GOFLAGS=""
[3372974f-3825-46b8-b76b-62dc3741623b/build]   | GOHOSTARCH="amd64"
[3372974f-3825-46b8-b76b-62dc3741623b/build]   | GOHOSTOS="linux"
[3372974f-3825-46b8-b76b-62dc3741623b/build]   | GOINSECURE=""
[3372974f-3825-46b8-b76b-62dc3741623b/build]   | GOMODCACHE="/home/runneradmin/go/pkg/mod"
[3372974f-3825-46b8-b76b-62dc3741623b/build]   | GONOPROXY=""
[3372974f-3825-46b8-b76b-62dc3741623b/build]   | GONOSUMDB=""
[3372974f-3825-46b8-b76b-62dc3741623b/build]   | GOOS="linux"
[3372974f-3825-46b8-b76b-62dc3741623b/build]   | GOPATH="/home/runneradmin/go"
[3372974f-3825-46b8-b76b-62dc3741623b/build]   | GOPRIVATE=""
[3372974f-3825-46b8-b76b-62dc3741623b/build]   | GOPROXY="https://proxy.golang.org,direct"
[3372974f-3825-46b8-b76b-62dc3741623b/build]   | GOROOT="/opt/hostedtoolcache/go/1.19.13/x64"
[3372974f-3825-46b8-b76b-62dc3741623b/build]   | GOSUMDB="sum.golang.org"
[3372974f-3825-46b8-b76b-62dc3741623b/build]   | GOTMPDIR=""
[3372974f-3825-46b8-b76b-62dc3741623b/build]   | GOTOOLDIR="/opt/hostedtoolcache/go/1.19.13/x64/pkg/tool/linux_amd64"
[3372974f-3825-46b8-b76b-62dc3741623b/build]   | GOVCS=""
[3372974f-3825-46b8-b76b-62dc3741623b/build]   | GOVERSION="go1.19.13"
[3372974f-3825-46b8-b76b-62dc3741623b/build]   | GCCGO="gccgo"
[3372974f-3825-46b8-b76b-62dc3741623b/build]   | GOAMD64="v1"
[3372974f-3825-46b8-b76b-62dc3741623b/build]   | AR="ar"
[3372974f-3825-46b8-b76b-62dc3741623b/build]   | CC="gcc"
[3372974f-3825-46b8-b76b-62dc3741623b/build]   | CXX="g++"
[3372974f-3825-46b8-b76b-62dc3741623b/build]   | CGO_ENABLED="1"
[3372974f-3825-46b8-b76b-62dc3741623b/build]   | GOMOD="/tmp/fecc8d03-fe19-4b55-bc82-f13ad2de514a/go.mod"
[3372974f-3825-46b8-b76b-62dc3741623b/build]   | GOWORK=""
[3372974f-3825-46b8-b76b-62dc3741623b/build]   | CGO_CFLAGS="-g -O2"
[3372974f-3825-46b8-b76b-62dc3741623b/build]   | CGO_CPPFLAGS=""
[3372974f-3825-46b8-b76b-62dc3741623b/build]   | CGO_CXXFLAGS="-g -O2"
[3372974f-3825-46b8-b76b-62dc3741623b/build]   | CGO_FFLAGS="-g -O2"
[3372974f-3825-46b8-b76b-62dc3741623b/build]   | CGO_LDFLAGS="-g -O2"
[3372974f-3825-46b8-b76b-62dc3741623b/build]   | PKG_CONFIG="pkg-config"
[3372974f-3825-46b8-b76b-62dc3741623b/build]   | GOGCCFLAGS="-fPIC -m64 -pthread -Wl,--no-gc-sections -fmessage-length=0 -fdebug-prefix-map=/tmp/go-build53769798=/tmp/go-build -gno-record-gcc-switches"
[3372974f-3825-46b8-b76b-62dc3741623b/build]   | 
[3372974f-3825-46b8-b76b-62dc3741623b/build]   ❓  ::endgroup::
[3372974f-3825-46b8-b76b-62dc3741623b/build]   ✅  Success - Main Set up Go
[3372974f-3825-46b8-b76b-62dc3741623b/build]   ⚙  ::set-output:: go-version=1.19.13
[3372974f-3825-46b8-b76b-62dc3741623b/build]   ⚙  ::add-path:: /opt/hostedtoolcache/go/1.19.13/x64/bin
[3372974f-3825-46b8-b76b-62dc3741623b/build]   ⚙  ::add-path:: /home/runneradmin/go/bin
[3372974f-3825-46b8-b76b-62dc3741623b/build] unable to get git ref: failed to identify reference (tag/branch) for the checked-out revision '87d4babe8444a6edffc0bef0d1911a59f2646680'
[3372974f-3825-46b8-b76b-62dc3741623b/build] unable to get git ref: failed to identify reference (tag/branch) for the checked-out revision '87d4babe8444a6edffc0bef0d1911a59f2646680'
[3372974f-3825-46b8-b76b-62dc3741623b/build] unable to get git ref: failed to identify reference (tag/branch) for the checked-out revision '87d4babe8444a6edffc0bef0d1911a59f2646680'
[3372974f-3825-46b8-b76b-62dc3741623b/build] unable to get git ref: failed to identify reference (tag/branch) for the checked-out revision '87d4babe8444a6edffc0bef0d1911a59f2646680'
[3372974f-3825-46b8-b76b-62dc3741623b/build] unable to get git ref: failed to identify reference (tag/branch) for the checked-out revision '87d4babe8444a6edffc0bef0d1911a59f2646680'
[3372974f-3825-46b8-b76b-62dc3741623b/build] ⭐ Run Main Build
[3372974f-3825-46b8-b76b-62dc3741623b/build] unable to get git ref: failed to identify reference (tag/branch) for the checked-out revision '87d4babe8444a6edffc0bef0d1911a59f2646680'
[3372974f-3825-46b8-b76b-62dc3741623b/build] unable to get git ref: failed to identify reference (tag/branch) for the checked-out revision '87d4babe8444a6edffc0bef0d1911a59f2646680'
[3372974f-3825-46b8-b76b-62dc3741623b/build] unable to get git ref: failed to identify reference (tag/branch) for the checked-out revision '87d4babe8444a6edffc0bef0d1911a59f2646680'
[3372974f-3825-46b8-b76b-62dc3741623b/build] unable to get git ref: failed to identify reference (tag/branch) for the checked-out revision '87d4babe8444a6edffc0bef0d1911a59f2646680'
[3372974f-3825-46b8-b76b-62dc3741623b/build]   🐳  docker exec cmd=[bash --noprofile --norc -e -o pipefail /var/run/act/workflow/2] user= workdir=
[3372974f-3825-46b8-b76b-62dc3741623b/build]   | go: downloading github.com/sourcegraph/sourcegraph/lib v0.0.0-20221216004406-749998a2ac74
[3372974f-3825-46b8-b76b-62dc3741623b/build]   | go: downloading github.com/cockroachdb/errors v1.9.0
[3372974f-3825-46b8-b76b-62dc3741623b/build]   | go: downloading github.com/getsentry/sentry-go v0.13.0
[3372974f-3825-46b8-b76b-62dc3741623b/build]   | go: downloading github.com/cockroachdb/redact v1.1.3
[3372974f-3825-46b8-b76b-62dc3741623b/build]   | go: downloading github.com/kr/pretty v0.3.0
[3372974f-3825-46b8-b76b-62dc3741623b/build]   | go: downloading github.com/pkg/errors v0.9.1
[3372974f-3825-46b8-b76b-62dc3741623b/build]   | go: downloading github.com/gogo/protobuf v1.3.2
[3372974f-3825-46b8-b76b-62dc3741623b/build]   | go: downloading github.com/cockroachdb/logtags v0.0.0-20211118104740-dabe8e521a4f
[3372974f-3825-46b8-b76b-62dc3741623b/build]   | go: downloading github.com/kr/text v0.2.0
[3372974f-3825-46b8-b76b-62dc3741623b/build]   | go: downloading github.com/rogpeppe/go-internal v1.9.0
[3372974f-3825-46b8-b76b-62dc3741623b/build]   | go: downloading golang.org/x/sys v0.0.0-20220829200755-d48e67d00261
[3372974f-3825-46b8-b76b-62dc3741623b/build]   | github.com/cockroachdb/errors/stdstrings
[3372974f-3825-46b8-b76b-62dc3741623b/build]   | github.com/kr/text
[3372974f-3825-46b8-b76b-62dc3741623b/build]   | github.com/cockroachdb/redact/internal/rfmt/fmtsort
[3372974f-3825-46b8-b76b-62dc3741623b/build]   | github.com/gogo/protobuf/sortkeys
[3372974f-3825-46b8-b76b-62dc3741623b/build]   | github.com/rogpeppe/go-internal/fmtsort
[3372974f-3825-46b8-b76b-62dc3741623b/build]   | github.com/gogo/protobuf/proto
[3372974f-3825-46b8-b76b-62dc3741623b/build]   | github.com/cockroachdb/redact/interfaces
[3372974f-3825-46b8-b76b-62dc3741623b/build]   | github.com/cockroachdb/redact/internal/fmtforward
[3372974f-3825-46b8-b76b-62dc3741623b/build]   | github.com/pkg/errors
[3372974f-3825-46b8-b76b-62dc3741623b/build]   | github.com/cockroachdb/logtags
[3372974f-3825-46b8-b76b-62dc3741623b/build]   | golang.org/x/sys/execabs
[3372974f-3825-46b8-b76b-62dc3741623b/build]   | github.com/getsentry/sentry-go/internal/crypto/randutil
[3372974f-3825-46b8-b76b-62dc3741623b/build]   | github.com/getsentry/sentry-go/internal/debug
[3372974f-3825-46b8-b76b-62dc3741623b/build]   | github.com/getsentry/sentry-go/internal/ratelimit
[3372974f-3825-46b8-b76b-62dc3741623b/build]   | github.com/cockroachdb/redact/internal/markers
[3372974f-3825-46b8-b76b-62dc3741623b/build]   | github.com/cockroachdb/redact/internal/redact
[3372974f-3825-46b8-b76b-62dc3741623b/build]   | github.com/kr/pretty
[3372974f-3825-46b8-b76b-62dc3741623b/build]   | github.com/cockroachdb/redact/internal/escape
[3372974f-3825-46b8-b76b-62dc3741623b/build]   | github.com/getsentry/sentry-go
[3372974f-3825-46b8-b76b-62dc3741623b/build]   | github.com/cockroachdb/redact/internal/buffer
[3372974f-3825-46b8-b76b-62dc3741623b/build]   | github.com/cockroachdb/redact/internal/rfmt
[3372974f-3825-46b8-b76b-62dc3741623b/build]   | github.com/cockroachdb/redact/builder
[3372974f-3825-46b8-b76b-62dc3741623b/build]   | github.com/cockroachdb/redact
[3372974f-3825-46b8-b76b-62dc3741623b/build]   | github.com/gogo/protobuf/protoc-gen-gogo/descriptor
[3372974f-3825-46b8-b76b-62dc3741623b/build]   | github.com/gogo/protobuf/types
[3372974f-3825-46b8-b76b-62dc3741623b/build]   | github.com/gogo/protobuf/gogoproto
[3372974f-3825-46b8-b76b-62dc3741623b/build]   | github.com/cockroachdb/errors/errorspb
[3372974f-3825-46b8-b76b-62dc3741623b/build]   | github.com/cockroachdb/errors/errbase
[3372974f-3825-46b8-b76b-62dc3741623b/build]   | github.com/cockroachdb/errors/markers
[3372974f-3825-46b8-b76b-62dc3741623b/build]   | github.com/cockroachdb/errors/barriers
[3372974f-3825-46b8-b76b-62dc3741623b/build]   | github.com/cockroachdb/errors/contexttags
[3372974f-3825-46b8-b76b-62dc3741623b/build]   | github.com/cockroachdb/errors/secondary
[3372974f-3825-46b8-b76b-62dc3741623b/build]   | github.com/cockroachdb/errors/withstack
[3372974f-3825-46b8-b76b-62dc3741623b/build]   | github.com/cockroachdb/errors/hintdetail
[3372974f-3825-46b8-b76b-62dc3741623b/build]   | github.com/cockroachdb/errors/telemetrykeys
[3372974f-3825-46b8-b76b-62dc3741623b/build]   | github.com/cockroachdb/errors/safedetails
[3372974f-3825-46b8-b76b-62dc3741623b/build]   | github.com/cockroachdb/errors/domains
[3372974f-3825-46b8-b76b-62dc3741623b/build]   | github.com/cockroachdb/errors/assert
[3372974f-3825-46b8-b76b-62dc3741623b/build]   | github.com/cockroachdb/errors/issuelink
[3372974f-3825-46b8-b76b-62dc3741623b/build]   | github.com/cockroachdb/errors/errutil
[3372974f-3825-46b8-b76b-62dc3741623b/build]   | github.com/cockroachdb/errors/report
[3372974f-3825-46b8-b76b-62dc3741623b/build]   | github.com/cockroachdb/errors
[3372974f-3825-46b8-b76b-62dc3741623b/build]   | github.com/sourcegraph/sourcegraph/lib/errors
[3372974f-3825-46b8-b76b-62dc3741623b/build]   | github.com/camdencheek/conc
[3372974f-3825-46b8-b76b-62dc3741623b/build]   | github.com/camdencheek/conc/group
[3372974f-3825-46b8-b76b-62dc3741623b/build]   | github.com/camdencheek/conc/pool
[3372974f-3825-46b8-b76b-62dc3741623b/build]   | github.com/camdencheek/conc/stream
[3372974f-3825-46b8-b76b-62dc3741623b/build]   ✅  Success - Main Build
[3372974f-3825-46b8-b76b-62dc3741623b/build] unable to get git ref: failed to identify reference (tag/branch) for the checked-out revision '87d4babe8444a6edffc0bef0d1911a59f2646680'
[3372974f-3825-46b8-b76b-62dc3741623b/build] unable to get git ref: failed to identify reference (tag/branch) for the checked-out revision '87d4babe8444a6edffc0bef0d1911a59f2646680'
[3372974f-3825-46b8-b76b-62dc3741623b/build] unable to get git ref: failed to identify reference (tag/branch) for the checked-out revision '87d4babe8444a6edffc0bef0d1911a59f2646680'
[3372974f-3825-46b8-b76b-62dc3741623b/build] unable to get git ref: failed to identify reference (tag/branch) for the checked-out revision '87d4babe8444a6edffc0bef0d1911a59f2646680'
[3372974f-3825-46b8-b76b-62dc3741623b/build] unable to get git ref: failed to identify reference (tag/branch) for the checked-out revision '87d4babe8444a6edffc0bef0d1911a59f2646680'
[3372974f-3825-46b8-b76b-62dc3741623b/build] ⭐ Run Main Test
[3372974f-3825-46b8-b76b-62dc3741623b/build] unable to get git ref: failed to identify reference (tag/branch) for the checked-out revision '87d4babe8444a6edffc0bef0d1911a59f2646680'
[3372974f-3825-46b8-b76b-62dc3741623b/build] unable to get git ref: failed to identify reference (tag/branch) for the checked-out revision '87d4babe8444a6edffc0bef0d1911a59f2646680'
[3372974f-3825-46b8-b76b-62dc3741623b/build] unable to get git ref: failed to identify reference (tag/branch) for the checked-out revision '87d4babe8444a6edffc0bef0d1911a59f2646680'
[3372974f-3825-46b8-b76b-62dc3741623b/build] unable to get git ref: failed to identify reference (tag/branch) for the checked-out revision '87d4babe8444a6edffc0bef0d1911a59f2646680'
[3372974f-3825-46b8-b76b-62dc3741623b/build]   🐳  docker exec cmd=[bash --noprofile --norc -e -o pipefail /var/run/act/workflow/3] user= workdir=
[3372974f-3825-46b8-b76b-62dc3741623b/build]   | go: downloading github.com/jstemmer/go-junit-report/v2 v2.0.0
[3372974f-3825-46b8-b76b-62dc3741623b/build]   ✅  Success - Main Test
[3372974f-3825-46b8-b76b-62dc3741623b/build] unable to get git ref: failed to identify reference (tag/branch) for the checked-out revision '87d4babe8444a6edffc0bef0d1911a59f2646680'
[3372974f-3825-46b8-b76b-62dc3741623b/build] unable to get git ref: failed to identify reference (tag/branch) for the checked-out revision '87d4babe8444a6edffc0bef0d1911a59f2646680'
[3372974f-3825-46b8-b76b-62dc3741623b/build] unable to get git ref: failed to identify reference (tag/branch) for the checked-out revision '87d4babe8444a6edffc0bef0d1911a59f2646680'
[3372974f-3825-46b8-b76b-62dc3741623b/build] unable to get git ref: failed to identify reference (tag/branch) for the checked-out revision '87d4babe8444a6edffc0bef0d1911a59f2646680'
[3372974f-3825-46b8-b76b-62dc3741623b/build] unable to get git ref: failed to identify reference (tag/branch) for the checked-out revision '87d4babe8444a6edffc0bef0d1911a59f2646680'
[3372974f-3825-46b8-b76b-62dc3741623b/build] ⭐ Run Post Set up Go
[3372974f-3825-46b8-b76b-62dc3741623b/build]   🐳  docker exec cmd=[node /var/run/act/actions/actions-setup-go@v3/dist/cache-save/index.js] user= workdir=
[3372974f-3825-46b8-b76b-62dc3741623b/build]   ✅  Success - Post Set up Go
[3372974f-3825-46b8-b76b-62dc3741623b/build] 🏁  Job succeeded
[3372974f-3825-46b8-b76b-62dc3741623b/build] unable to get git ref: failed to identify reference (tag/branch) for the checked-out revision '87d4babe8444a6edffc0bef0d1911a59f2646680'
