[1687f797-f56b-4b7a-8e39-28e66177a43f/build] 🚀  Start image=crawlergpt:latest
[1687f797-f56b-4b7a-8e39-28e66177a43f/build]   🐳  docker pull image=crawlergpt:latest platform= username= forcePull=false
[1687f797-f56b-4b7a-8e39-28e66177a43f/build]   🐳  docker create image=crawlergpt:latest platform= entrypoint=["tail" "-f" "/dev/null"] cmd=[]
[1687f797-f56b-4b7a-8e39-28e66177a43f/build]   🐳  docker run image=crawlergpt:latest platform= entrypoint=["tail" "-f" "/dev/null"] cmd=[]
[1687f797-f56b-4b7a-8e39-28e66177a43f/build]   🐳  docker exec cmd=[chown -R 1012:1013 /tmp/1d4aeb92-5f2b-4884-bcc2-253360f41687] user=0 workdir=
[1687f797-f56b-4b7a-8e39-28e66177a43f/build] unable to get git ref: failed to identify reference (tag/branch) for the checked-out revision '96fbbc7e2c7259cd215f20768418ac165666619b'
[1687f797-f56b-4b7a-8e39-28e66177a43f/build] unable to get git ref: failed to identify reference (tag/branch) for the checked-out revision '96fbbc7e2c7259cd215f20768418ac165666619b'
[1687f797-f56b-4b7a-8e39-28e66177a43f/build] unable to get git ref: failed to identify reference (tag/branch) for the checked-out revision '96fbbc7e2c7259cd215f20768418ac165666619b'
[1687f797-f56b-4b7a-8e39-28e66177a43f/build] unable to get git ref: failed to identify reference (tag/branch) for the checked-out revision '96fbbc7e2c7259cd215f20768418ac165666619b'
[1687f797-f56b-4b7a-8e39-28e66177a43f/build] unable to get git ref: failed to identify reference (tag/branch) for the checked-out revision '96fbbc7e2c7259cd215f20768418ac165666619b'
[1687f797-f56b-4b7a-8e39-28e66177a43f/build] unable to get git ref: failed to identify reference (tag/branch) for the checked-out revision '96fbbc7e2c7259cd215f20768418ac165666619b'
[1687f797-f56b-4b7a-8e39-28e66177a43f/build] unable to get git ref: failed to identify reference (tag/branch) for the checked-out revision '96fbbc7e2c7259cd215f20768418ac165666619b'
[1687f797-f56b-4b7a-8e39-28e66177a43f/build] unable to get git ref: failed to identify reference (tag/branch) for the checked-out revision '96fbbc7e2c7259cd215f20768418ac165666619b'
[1687f797-f56b-4b7a-8e39-28e66177a43f/build] unable to get git ref: failed to identify reference (tag/branch) for the checked-out revision '96fbbc7e2c7259cd215f20768418ac165666619b'
[1687f797-f56b-4b7a-8e39-28e66177a43f/build] ⭐ Run Main actions/checkout@v3
[1687f797-f56b-4b7a-8e39-28e66177a43f/build] unable to get git ref: failed to identify reference (tag/branch) for the checked-out revision '96fbbc7e2c7259cd215f20768418ac165666619b'
[1687f797-f56b-4b7a-8e39-28e66177a43f/build] unable to get git ref: failed to identify reference (tag/branch) for the checked-out revision '96fbbc7e2c7259cd215f20768418ac165666619b'
[1687f797-f56b-4b7a-8e39-28e66177a43f/build]   🐳  docker cp src=/tmp/1d4aeb92-5f2b-4884-bcc2-253360f41687/. dst=/tmp/1d4aeb92-5f2b-4884-bcc2-253360f41687
[1687f797-f56b-4b7a-8e39-28e66177a43f/build]   🐳  docker exec cmd=[chown -R 1012:1013 /tmp/1d4aeb92-5f2b-4884-bcc2-253360f41687] user=0 workdir=
[1687f797-f56b-4b7a-8e39-28e66177a43f/build]   ✅  Success - Main actions/checkout@v3
[1687f797-f56b-4b7a-8e39-28e66177a43f/build] unable to get git ref: failed to identify reference (tag/branch) for the checked-out revision '96fbbc7e2c7259cd215f20768418ac165666619b'
[1687f797-f56b-4b7a-8e39-28e66177a43f/build] unable to get git ref: failed to identify reference (tag/branch) for the checked-out revision '96fbbc7e2c7259cd215f20768418ac165666619b'
[1687f797-f56b-4b7a-8e39-28e66177a43f/build] unable to get git ref: failed to identify reference (tag/branch) for the checked-out revision '96fbbc7e2c7259cd215f20768418ac165666619b'
[1687f797-f56b-4b7a-8e39-28e66177a43f/build] unable to get git ref: failed to identify reference (tag/branch) for the checked-out revision '96fbbc7e2c7259cd215f20768418ac165666619b'
[1687f797-f56b-4b7a-8e39-28e66177a43f/build] unable to get git ref: failed to identify reference (tag/branch) for the checked-out revision '96fbbc7e2c7259cd215f20768418ac165666619b'
[1687f797-f56b-4b7a-8e39-28e66177a43f/build] ⭐ Run Main Set up Go
[1687f797-f56b-4b7a-8e39-28e66177a43f/build] unable to get git ref: failed to identify reference (tag/branch) for the checked-out revision '96fbbc7e2c7259cd215f20768418ac165666619b'
[1687f797-f56b-4b7a-8e39-28e66177a43f/build] unable to get git ref: failed to identify reference (tag/branch) for the checked-out revision '96fbbc7e2c7259cd215f20768418ac165666619b'
[1687f797-f56b-4b7a-8e39-28e66177a43f/build] unable to get git ref: failed to identify reference (tag/branch) for the checked-out revision '96fbbc7e2c7259cd215f20768418ac165666619b'
[1687f797-f56b-4b7a-8e39-28e66177a43f/build]   🐳  docker cp src=/tmp/act-cache/cddfba3b-5011-47bb-b2df-fc8dbc45b943/act/actions-setup-go@v3/ dst=/var/run/act/actions/actions-setup-go@v3/
[1687f797-f56b-4b7a-8e39-28e66177a43f/build]   🐳  docker exec cmd=[chown -R 1012:1013 /var/run/act/actions/actions-setup-go@v3/] user=0 workdir=
[1687f797-f56b-4b7a-8e39-28e66177a43f/build]   🐳  docker exec cmd=[node /var/run/act/actions/actions-setup-go@v3/dist/setup/index.js] user= workdir=
[1687f797-f56b-4b7a-8e39-28e66177a43f/build]   | Setup go version spec 1.19
[1687f797-f56b-4b7a-8e39-28e66177a43f/build]   💬  ::debug::isExplicit: 
[1687f797-f56b-4b7a-8e39-28e66177a43f/build]   💬  ::debug::explicit? false
[1687f797-f56b-4b7a-8e39-28e66177a43f/build]   💬  ::debug::isExplicit: 1.14.15
[1687f797-f56b-4b7a-8e39-28e66177a43f/build]   💬  ::debug::explicit? true
[1687f797-f56b-4b7a-8e39-28e66177a43f/build]   💬  ::debug::isExplicit: 1.15.15
[1687f797-f56b-4b7a-8e39-28e66177a43f/build]   💬  ::debug::explicit? true
[1687f797-f56b-4b7a-8e39-28e66177a43f/build]   💬  ::debug::isExplicit: 1.16.7
[1687f797-f56b-4b7a-8e39-28e66177a43f/build]   💬  ::debug::explicit? true
[1687f797-f56b-4b7a-8e39-28e66177a43f/build]   💬  ::debug::evaluating 3 versions
[1687f797-f56b-4b7a-8e39-28e66177a43f/build]   💬  ::debug::match not found
[1687f797-f56b-4b7a-8e39-28e66177a43f/build]   | Attempting to download 1.19...
[1687f797-f56b-4b7a-8e39-28e66177a43f/build]   💬  ::debug::No manifest cached
[1687f797-f56b-4b7a-8e39-28e66177a43f/build]   💬  ::debug::set auth
[1687f797-f56b-4b7a-8e39-28e66177a43f/build]   | matching 1.19...
[1687f797-f56b-4b7a-8e39-28e66177a43f/build]   💬  ::debug::check 1.21.3 satisfies 1.19
[1687f797-f56b-4b7a-8e39-28e66177a43f/build]   💬  ::debug::check 1.21.2 satisfies 1.19
[1687f797-f56b-4b7a-8e39-28e66177a43f/build]   💬  ::debug::check 1.21.1 satisfies 1.19
[1687f797-f56b-4b7a-8e39-28e66177a43f/build]   💬  ::debug::check 1.21.0 satisfies 1.19
[1687f797-f56b-4b7a-8e39-28e66177a43f/build]   💬  ::debug::check 1.20.10 satisfies 1.19
[1687f797-f56b-4b7a-8e39-28e66177a43f/build]   💬  ::debug::check 1.20.9 satisfies 1.19
[1687f797-f56b-4b7a-8e39-28e66177a43f/build]   💬  ::debug::check 1.20.8 satisfies 1.19
[1687f797-f56b-4b7a-8e39-28e66177a43f/build]   💬  ::debug::check 1.20.7 satisfies 1.19
[1687f797-f56b-4b7a-8e39-28e66177a43f/build]   💬  ::debug::check 1.20.6 satisfies 1.19
[1687f797-f56b-4b7a-8e39-28e66177a43f/build]   💬  ::debug::check 1.20.5 satisfies 1.19
[1687f797-f56b-4b7a-8e39-28e66177a43f/build]   💬  ::debug::check 1.20.4 satisfies 1.19
[1687f797-f56b-4b7a-8e39-28e66177a43f/build]   💬  ::debug::check 1.20.3 satisfies 1.19
[1687f797-f56b-4b7a-8e39-28e66177a43f/build]   💬  ::debug::check 1.20.2 satisfies 1.19
[1687f797-f56b-4b7a-8e39-28e66177a43f/build]   💬  ::debug::check 1.20.1 satisfies 1.19
[1687f797-f56b-4b7a-8e39-28e66177a43f/build]   💬  ::debug::check 1.20.0 satisfies 1.19
[1687f797-f56b-4b7a-8e39-28e66177a43f/build]   💬  ::debug::check 1.19.13 satisfies 1.19
[1687f797-f56b-4b7a-8e39-28e66177a43f/build]   💬  ::debug::arm64===x64 && darwin===linux
[1687f797-f56b-4b7a-8e39-28e66177a43f/build]   💬  ::debug::x64===x64 && darwin===linux
[1687f797-f56b-4b7a-8e39-28e66177a43f/build]   💬  ::debug::x64===x64 && linux===linux
[1687f797-f56b-4b7a-8e39-28e66177a43f/build]   💬  ::debug::matched 1.19.13
[1687f797-f56b-4b7a-8e39-28e66177a43f/build]   | Acquiring 1.19.13 from https://github.com/actions/go-versions/releases/download/1.19.13-6107263891/go-1.19.13-linux-x64.tar.gz
[1687f797-f56b-4b7a-8e39-28e66177a43f/build]   💬  ::debug::Downloading https://github.com/actions/go-versions/releases/download/1.19.13-6107263891/go-1.19.13-linux-x64.tar.gz
[1687f797-f56b-4b7a-8e39-28e66177a43f/build]   💬  ::debug::Destination /tmp/2a82242a-8d9a-49ba-80ec-0b84459219ea
[1687f797-f56b-4b7a-8e39-28e66177a43f/build]   💬  ::debug::set auth
[1687f797-f56b-4b7a-8e39-28e66177a43f/build]   💬  ::debug::download complete
[1687f797-f56b-4b7a-8e39-28e66177a43f/build]   | Extracting Go...
[1687f797-f56b-4b7a-8e39-28e66177a43f/build]   💬  ::debug::Checking tar --version
[1687f797-f56b-4b7a-8e39-28e66177a43f/build]   💬  ::debug::tar (GNU tar) 1.30%0ACopyright (C) 2017 Free Software Foundation, Inc.%0ALicense GPLv3+: GNU GPL version 3 or later <https://gnu.org/licenses/gpl.html>.%0AThis is free software: you are free to change and redistribute it.%0AThere is NO WARRANTY, to the extent permitted by law.%0A%0AWritten by John Gilmore and Jay Fenlason.
[1687f797-f56b-4b7a-8e39-28e66177a43f/build]   | [command]/usr/bin/tar xz --warning=no-unknown-keyword --overwrite -C /tmp/0ef6b90f-66ed-4160-9718-c644d6d75d0c -f /tmp/2a82242a-8d9a-49ba-80ec-0b84459219ea
[1687f797-f56b-4b7a-8e39-28e66177a43f/build]   | Successfully extracted go to /tmp/0ef6b90f-66ed-4160-9718-c644d6d75d0c
[1687f797-f56b-4b7a-8e39-28e66177a43f/build]   | Adding to the cache ...
[1687f797-f56b-4b7a-8e39-28e66177a43f/build]   💬  ::debug::Caching tool go 1.19.13 x64
[1687f797-f56b-4b7a-8e39-28e66177a43f/build]   💬  ::debug::source dir: /tmp/0ef6b90f-66ed-4160-9718-c644d6d75d0c
[1687f797-f56b-4b7a-8e39-28e66177a43f/build]   💬  ::debug::destination /opt/hostedtoolcache/go/1.19.13/x64
[1687f797-f56b-4b7a-8e39-28e66177a43f/build]   💬  ::debug::finished caching tool
[1687f797-f56b-4b7a-8e39-28e66177a43f/build]   | Successfully cached go to /opt/hostedtoolcache/go/1.19.13/x64
[1687f797-f56b-4b7a-8e39-28e66177a43f/build]   | Added go to the path
[1687f797-f56b-4b7a-8e39-28e66177a43f/build]   💬  ::debug::which go :/opt/hostedtoolcache/go/1.19.13/x64/bin/go:
[1687f797-f56b-4b7a-8e39-28e66177a43f/build]   💬  ::debug::go env GOPATH :/home/runneradmin/go:
[1687f797-f56b-4b7a-8e39-28e66177a43f/build]   💬  ::debug::creating /home/runneradmin/go
[1687f797-f56b-4b7a-8e39-28e66177a43f/build]   💬  ::debug::creating /home/runneradmin/go/bin
[1687f797-f56b-4b7a-8e39-28e66177a43f/build]   💬  ::debug::add bin true
[1687f797-f56b-4b7a-8e39-28e66177a43f/build]   | Successfully set up Go version 1.19
[1687f797-f56b-4b7a-8e39-28e66177a43f/build]   ❓ add-matcher /run/act/actions/actions-setup-go@v3/matchers.json
[1687f797-f56b-4b7a-8e39-28e66177a43f/build]   | go version go1.19.13 linux/amd64
[1687f797-f56b-4b7a-8e39-28e66177a43f/build]   | 
[1687f797-f56b-4b7a-8e39-28e66177a43f/build]   ❓  ::group::go env
[1687f797-f56b-4b7a-8e39-28e66177a43f/build]   | GO111MODULE=""
[1687f797-f56b-4b7a-8e39-28e66177a43f/build]   | GOARCH="amd64"
[1687f797-f56b-4b7a-8e39-28e66177a43f/build]   | GOBIN=""
[1687f797-f56b-4b7a-8e39-28e66177a43f/build]   | GOCACHE="/home/runneradmin/.cache/go-build"
[1687f797-f56b-4b7a-8e39-28e66177a43f/build]   | GOENV="/home/runneradmin/.config/go/env"
[1687f797-f56b-4b7a-8e39-28e66177a43f/build]   | GOEXE=""
[1687f797-f56b-4b7a-8e39-28e66177a43f/build]   | GOEXPERIMENT=""
[1687f797-f56b-4b7a-8e39-28e66177a43f/build]   | GOFLAGS=""
[1687f797-f56b-4b7a-8e39-28e66177a43f/build]   | GOHOSTARCH="amd64"
[1687f797-f56b-4b7a-8e39-28e66177a43f/build]   | GOHOSTOS="linux"
[1687f797-f56b-4b7a-8e39-28e66177a43f/build]   | GOINSECURE=""
[1687f797-f56b-4b7a-8e39-28e66177a43f/build]   | GOMODCACHE="/home/runneradmin/go/pkg/mod"
[1687f797-f56b-4b7a-8e39-28e66177a43f/build]   | GONOPROXY=""
[1687f797-f56b-4b7a-8e39-28e66177a43f/build]   | GONOSUMDB=""
[1687f797-f56b-4b7a-8e39-28e66177a43f/build]   | GOOS="linux"
[1687f797-f56b-4b7a-8e39-28e66177a43f/build]   | GOPATH="/home/runneradmin/go"
[1687f797-f56b-4b7a-8e39-28e66177a43f/build]   | GOPRIVATE=""
[1687f797-f56b-4b7a-8e39-28e66177a43f/build]   | GOPROXY="https://proxy.golang.org,direct"
[1687f797-f56b-4b7a-8e39-28e66177a43f/build]   | GOROOT="/opt/hostedtoolcache/go/1.19.13/x64"
[1687f797-f56b-4b7a-8e39-28e66177a43f/build]   | GOSUMDB="sum.golang.org"
[1687f797-f56b-4b7a-8e39-28e66177a43f/build]   | GOTMPDIR=""
[1687f797-f56b-4b7a-8e39-28e66177a43f/build]   | GOTOOLDIR="/opt/hostedtoolcache/go/1.19.13/x64/pkg/tool/linux_amd64"
[1687f797-f56b-4b7a-8e39-28e66177a43f/build]   | GOVCS=""
[1687f797-f56b-4b7a-8e39-28e66177a43f/build]   | GOVERSION="go1.19.13"
[1687f797-f56b-4b7a-8e39-28e66177a43f/build]   | GCCGO="gccgo"
[1687f797-f56b-4b7a-8e39-28e66177a43f/build]   | GOAMD64="v1"
[1687f797-f56b-4b7a-8e39-28e66177a43f/build]   | AR="ar"
[1687f797-f56b-4b7a-8e39-28e66177a43f/build]   | CC="gcc"
[1687f797-f56b-4b7a-8e39-28e66177a43f/build]   | CXX="g++"
[1687f797-f56b-4b7a-8e39-28e66177a43f/build]   | CGO_ENABLED="1"
[1687f797-f56b-4b7a-8e39-28e66177a43f/build]   | GOMOD="/tmp/1d4aeb92-5f2b-4884-bcc2-253360f41687/go.mod"
[1687f797-f56b-4b7a-8e39-28e66177a43f/build]   | GOWORK=""
[1687f797-f56b-4b7a-8e39-28e66177a43f/build]   | CGO_CFLAGS="-g -O2"
[1687f797-f56b-4b7a-8e39-28e66177a43f/build]   | CGO_CPPFLAGS=""
[1687f797-f56b-4b7a-8e39-28e66177a43f/build]   | CGO_CXXFLAGS="-g -O2"
[1687f797-f56b-4b7a-8e39-28e66177a43f/build]   | CGO_FFLAGS="-g -O2"
[1687f797-f56b-4b7a-8e39-28e66177a43f/build]   | CGO_LDFLAGS="-g -O2"
[1687f797-f56b-4b7a-8e39-28e66177a43f/build]   | PKG_CONFIG="pkg-config"
[1687f797-f56b-4b7a-8e39-28e66177a43f/build]   | GOGCCFLAGS="-fPIC -m64 -pthread -Wl,--no-gc-sections -fmessage-length=0 -fdebug-prefix-map=/tmp/go-build2853141740=/tmp/go-build -gno-record-gcc-switches"
[1687f797-f56b-4b7a-8e39-28e66177a43f/build]   | 
[1687f797-f56b-4b7a-8e39-28e66177a43f/build]   ❓  ::endgroup::
[1687f797-f56b-4b7a-8e39-28e66177a43f/build]   ✅  Success - Main Set up Go
[1687f797-f56b-4b7a-8e39-28e66177a43f/build]   ⚙  ::set-output:: go-version=1.19.13
[1687f797-f56b-4b7a-8e39-28e66177a43f/build]   ⚙  ::add-path:: /opt/hostedtoolcache/go/1.19.13/x64/bin
[1687f797-f56b-4b7a-8e39-28e66177a43f/build]   ⚙  ::add-path:: /home/runneradmin/go/bin
[1687f797-f56b-4b7a-8e39-28e66177a43f/build] unable to get git ref: failed to identify reference (tag/branch) for the checked-out revision '96fbbc7e2c7259cd215f20768418ac165666619b'
[1687f797-f56b-4b7a-8e39-28e66177a43f/build] unable to get git ref: failed to identify reference (tag/branch) for the checked-out revision '96fbbc7e2c7259cd215f20768418ac165666619b'
[1687f797-f56b-4b7a-8e39-28e66177a43f/build] unable to get git ref: failed to identify reference (tag/branch) for the checked-out revision '96fbbc7e2c7259cd215f20768418ac165666619b'
[1687f797-f56b-4b7a-8e39-28e66177a43f/build] unable to get git ref: failed to identify reference (tag/branch) for the checked-out revision '96fbbc7e2c7259cd215f20768418ac165666619b'
[1687f797-f56b-4b7a-8e39-28e66177a43f/build] unable to get git ref: failed to identify reference (tag/branch) for the checked-out revision '96fbbc7e2c7259cd215f20768418ac165666619b'
[1687f797-f56b-4b7a-8e39-28e66177a43f/build] ⭐ Run Main Build
[1687f797-f56b-4b7a-8e39-28e66177a43f/build] unable to get git ref: failed to identify reference (tag/branch) for the checked-out revision '96fbbc7e2c7259cd215f20768418ac165666619b'
[1687f797-f56b-4b7a-8e39-28e66177a43f/build] unable to get git ref: failed to identify reference (tag/branch) for the checked-out revision '96fbbc7e2c7259cd215f20768418ac165666619b'
[1687f797-f56b-4b7a-8e39-28e66177a43f/build] unable to get git ref: failed to identify reference (tag/branch) for the checked-out revision '96fbbc7e2c7259cd215f20768418ac165666619b'
[1687f797-f56b-4b7a-8e39-28e66177a43f/build] unable to get git ref: failed to identify reference (tag/branch) for the checked-out revision '96fbbc7e2c7259cd215f20768418ac165666619b'
[1687f797-f56b-4b7a-8e39-28e66177a43f/build]   🐳  docker exec cmd=[bash --noprofile --norc -e -o pipefail /var/run/act/workflow/2] user= workdir=
[1687f797-f56b-4b7a-8e39-28e66177a43f/build]   | go: downloading github.com/sourcegraph/sourcegraph/lib v0.0.0-20221216004406-749998a2ac74
[1687f797-f56b-4b7a-8e39-28e66177a43f/build]   | go: downloading github.com/cockroachdb/errors v1.9.0
[1687f797-f56b-4b7a-8e39-28e66177a43f/build]   | go: downloading github.com/getsentry/sentry-go v0.13.0
[1687f797-f56b-4b7a-8e39-28e66177a43f/build]   | go: downloading github.com/gogo/protobuf v1.3.2
[1687f797-f56b-4b7a-8e39-28e66177a43f/build]   | go: downloading github.com/cockroachdb/logtags v0.0.0-20211118104740-dabe8e521a4f
[1687f797-f56b-4b7a-8e39-28e66177a43f/build]   | go: downloading github.com/cockroachdb/redact v1.1.3
[1687f797-f56b-4b7a-8e39-28e66177a43f/build]   | go: downloading github.com/pkg/errors v0.9.1
[1687f797-f56b-4b7a-8e39-28e66177a43f/build]   | go: downloading github.com/kr/pretty v0.3.0
[1687f797-f56b-4b7a-8e39-28e66177a43f/build]   | go: downloading github.com/rogpeppe/go-internal v1.9.0
[1687f797-f56b-4b7a-8e39-28e66177a43f/build]   | go: downloading github.com/kr/text v0.2.0
[1687f797-f56b-4b7a-8e39-28e66177a43f/build]   | go: downloading golang.org/x/sys v0.0.0-20220829200755-d48e67d00261
[1687f797-f56b-4b7a-8e39-28e66177a43f/build]   | github.com/cockroachdb/errors/stdstrings
[1687f797-f56b-4b7a-8e39-28e66177a43f/build]   | github.com/gogo/protobuf/sortkeys
[1687f797-f56b-4b7a-8e39-28e66177a43f/build]   | github.com/cockroachdb/redact/internal/rfmt/fmtsort
[1687f797-f56b-4b7a-8e39-28e66177a43f/build]   | github.com/kr/text
[1687f797-f56b-4b7a-8e39-28e66177a43f/build]   | github.com/rogpeppe/go-internal/fmtsort
[1687f797-f56b-4b7a-8e39-28e66177a43f/build]   | github.com/cockroachdb/redact/interfaces
[1687f797-f56b-4b7a-8e39-28e66177a43f/build]   | github.com/cockroachdb/redact/internal/fmtforward
[1687f797-f56b-4b7a-8e39-28e66177a43f/build]   | github.com/cockroachdb/logtags
[1687f797-f56b-4b7a-8e39-28e66177a43f/build]   | github.com/pkg/errors
[1687f797-f56b-4b7a-8e39-28e66177a43f/build]   | github.com/gogo/protobuf/proto
[1687f797-f56b-4b7a-8e39-28e66177a43f/build]   | github.com/getsentry/sentry-go/internal/crypto/randutil
[1687f797-f56b-4b7a-8e39-28e66177a43f/build]   | golang.org/x/sys/execabs
[1687f797-f56b-4b7a-8e39-28e66177a43f/build]   | github.com/getsentry/sentry-go/internal/ratelimit
[1687f797-f56b-4b7a-8e39-28e66177a43f/build]   | github.com/getsentry/sentry-go/internal/debug
[1687f797-f56b-4b7a-8e39-28e66177a43f/build]   | github.com/kr/pretty
[1687f797-f56b-4b7a-8e39-28e66177a43f/build]   | github.com/cockroachdb/redact/internal/markers
[1687f797-f56b-4b7a-8e39-28e66177a43f/build]   | github.com/cockroachdb/redact/internal/redact
[1687f797-f56b-4b7a-8e39-28e66177a43f/build]   | github.com/cockroachdb/redact/internal/escape
[1687f797-f56b-4b7a-8e39-28e66177a43f/build]   | github.com/getsentry/sentry-go
[1687f797-f56b-4b7a-8e39-28e66177a43f/build]   | github.com/cockroachdb/redact/internal/buffer
[1687f797-f56b-4b7a-8e39-28e66177a43f/build]   | github.com/cockroachdb/redact/internal/rfmt
[1687f797-f56b-4b7a-8e39-28e66177a43f/build]   | github.com/cockroachdb/redact/builder
[1687f797-f56b-4b7a-8e39-28e66177a43f/build]   | github.com/cockroachdb/redact
[1687f797-f56b-4b7a-8e39-28e66177a43f/build]   | github.com/gogo/protobuf/protoc-gen-gogo/descriptor
[1687f797-f56b-4b7a-8e39-28e66177a43f/build]   | github.com/gogo/protobuf/types
[1687f797-f56b-4b7a-8e39-28e66177a43f/build]   | github.com/gogo/protobuf/gogoproto
[1687f797-f56b-4b7a-8e39-28e66177a43f/build]   | github.com/cockroachdb/errors/errorspb
[1687f797-f56b-4b7a-8e39-28e66177a43f/build]   | github.com/cockroachdb/errors/errbase
[1687f797-f56b-4b7a-8e39-28e66177a43f/build]   | github.com/cockroachdb/errors/markers
[1687f797-f56b-4b7a-8e39-28e66177a43f/build]   | github.com/cockroachdb/errors/barriers
[1687f797-f56b-4b7a-8e39-28e66177a43f/build]   | github.com/cockroachdb/errors/secondary
[1687f797-f56b-4b7a-8e39-28e66177a43f/build]   | github.com/cockroachdb/errors/contexttags
[1687f797-f56b-4b7a-8e39-28e66177a43f/build]   | github.com/cockroachdb/errors/withstack
[1687f797-f56b-4b7a-8e39-28e66177a43f/build]   | github.com/cockroachdb/errors/hintdetail
[1687f797-f56b-4b7a-8e39-28e66177a43f/build]   | github.com/cockroachdb/errors/safedetails
[1687f797-f56b-4b7a-8e39-28e66177a43f/build]   | github.com/cockroachdb/errors/telemetrykeys
[1687f797-f56b-4b7a-8e39-28e66177a43f/build]   | github.com/cockroachdb/errors/issuelink
[1687f797-f56b-4b7a-8e39-28e66177a43f/build]   | github.com/cockroachdb/errors/assert
[1687f797-f56b-4b7a-8e39-28e66177a43f/build]   | github.com/cockroachdb/errors/domains
[1687f797-f56b-4b7a-8e39-28e66177a43f/build]   | github.com/cockroachdb/errors/errutil
[1687f797-f56b-4b7a-8e39-28e66177a43f/build]   | github.com/cockroachdb/errors/report
[1687f797-f56b-4b7a-8e39-28e66177a43f/build]   | github.com/cockroachdb/errors
[1687f797-f56b-4b7a-8e39-28e66177a43f/build]   | github.com/sourcegraph/sourcegraph/lib/errors
[1687f797-f56b-4b7a-8e39-28e66177a43f/build]   | github.com/camdencheek/conc
[1687f797-f56b-4b7a-8e39-28e66177a43f/build]   | github.com/camdencheek/conc/group
[1687f797-f56b-4b7a-8e39-28e66177a43f/build]   | github.com/camdencheek/conc/pool
[1687f797-f56b-4b7a-8e39-28e66177a43f/build]   | github.com/camdencheek/conc/stream
[1687f797-f56b-4b7a-8e39-28e66177a43f/build]   ✅  Success - Main Build
[1687f797-f56b-4b7a-8e39-28e66177a43f/build] unable to get git ref: failed to identify reference (tag/branch) for the checked-out revision '96fbbc7e2c7259cd215f20768418ac165666619b'
[1687f797-f56b-4b7a-8e39-28e66177a43f/build] unable to get git ref: failed to identify reference (tag/branch) for the checked-out revision '96fbbc7e2c7259cd215f20768418ac165666619b'
[1687f797-f56b-4b7a-8e39-28e66177a43f/build] unable to get git ref: failed to identify reference (tag/branch) for the checked-out revision '96fbbc7e2c7259cd215f20768418ac165666619b'
[1687f797-f56b-4b7a-8e39-28e66177a43f/build] unable to get git ref: failed to identify reference (tag/branch) for the checked-out revision '96fbbc7e2c7259cd215f20768418ac165666619b'
[1687f797-f56b-4b7a-8e39-28e66177a43f/build] unable to get git ref: failed to identify reference (tag/branch) for the checked-out revision '96fbbc7e2c7259cd215f20768418ac165666619b'
[1687f797-f56b-4b7a-8e39-28e66177a43f/build] ⭐ Run Main Test
[1687f797-f56b-4b7a-8e39-28e66177a43f/build] unable to get git ref: failed to identify reference (tag/branch) for the checked-out revision '96fbbc7e2c7259cd215f20768418ac165666619b'
[1687f797-f56b-4b7a-8e39-28e66177a43f/build] unable to get git ref: failed to identify reference (tag/branch) for the checked-out revision '96fbbc7e2c7259cd215f20768418ac165666619b'
[1687f797-f56b-4b7a-8e39-28e66177a43f/build] unable to get git ref: failed to identify reference (tag/branch) for the checked-out revision '96fbbc7e2c7259cd215f20768418ac165666619b'
[1687f797-f56b-4b7a-8e39-28e66177a43f/build] unable to get git ref: failed to identify reference (tag/branch) for the checked-out revision '96fbbc7e2c7259cd215f20768418ac165666619b'
[1687f797-f56b-4b7a-8e39-28e66177a43f/build]   🐳  docker exec cmd=[bash --noprofile --norc -e -o pipefail /var/run/act/workflow/3] user= workdir=
[1687f797-f56b-4b7a-8e39-28e66177a43f/build]   | go: downloading github.com/jstemmer/go-junit-report/v2 v2.0.0
[1687f797-f56b-4b7a-8e39-28e66177a43f/build]   ✅  Success - Main Test
[1687f797-f56b-4b7a-8e39-28e66177a43f/build] unable to get git ref: failed to identify reference (tag/branch) for the checked-out revision '96fbbc7e2c7259cd215f20768418ac165666619b'
[1687f797-f56b-4b7a-8e39-28e66177a43f/build] unable to get git ref: failed to identify reference (tag/branch) for the checked-out revision '96fbbc7e2c7259cd215f20768418ac165666619b'
[1687f797-f56b-4b7a-8e39-28e66177a43f/build] unable to get git ref: failed to identify reference (tag/branch) for the checked-out revision '96fbbc7e2c7259cd215f20768418ac165666619b'
[1687f797-f56b-4b7a-8e39-28e66177a43f/build] unable to get git ref: failed to identify reference (tag/branch) for the checked-out revision '96fbbc7e2c7259cd215f20768418ac165666619b'
[1687f797-f56b-4b7a-8e39-28e66177a43f/build] unable to get git ref: failed to identify reference (tag/branch) for the checked-out revision '96fbbc7e2c7259cd215f20768418ac165666619b'
[1687f797-f56b-4b7a-8e39-28e66177a43f/build] ⭐ Run Post Set up Go
[1687f797-f56b-4b7a-8e39-28e66177a43f/build]   🐳  docker exec cmd=[node /var/run/act/actions/actions-setup-go@v3/dist/cache-save/index.js] user= workdir=
[1687f797-f56b-4b7a-8e39-28e66177a43f/build]   ✅  Success - Post Set up Go
[1687f797-f56b-4b7a-8e39-28e66177a43f/build] 🏁  Job succeeded
[1687f797-f56b-4b7a-8e39-28e66177a43f/build] unable to get git ref: failed to identify reference (tag/branch) for the checked-out revision '96fbbc7e2c7259cd215f20768418ac165666619b'
