[fb7bcda4-60d3-49bc-a3fc-10770346ebd3/build] 🚀  Start image=gitbugactions:latest
[fb7bcda4-60d3-49bc-a3fc-10770346ebd3/build]   🐳  docker pull image=gitbugactions:latest platform= username= forcePull=false
[fb7bcda4-60d3-49bc-a3fc-10770346ebd3/build]   🐳  docker create image=gitbugactions:latest platform= entrypoint=["tail" "-f" "/dev/null"] cmd=[]
[fb7bcda4-60d3-49bc-a3fc-10770346ebd3/build]   🐳  docker run image=gitbugactions:latest platform= entrypoint=["tail" "-f" "/dev/null"] cmd=[]
[fb7bcda4-60d3-49bc-a3fc-10770346ebd3/build]   🐳  docker exec cmd=[chown -R 1012:1013 /tmp/cb86fe19-be40-4cb1-a0eb-88acd5f3f61f] user=0 workdir=
[fb7bcda4-60d3-49bc-a3fc-10770346ebd3/build] unable to get git ref: failed to identify reference (tag/branch) for the checked-out revision '532c414196d94661e31c48332ff4f598c27ebbcf'
[fb7bcda4-60d3-49bc-a3fc-10770346ebd3/build] unable to get git ref: failed to identify reference (tag/branch) for the checked-out revision '532c414196d94661e31c48332ff4f598c27ebbcf'
[fb7bcda4-60d3-49bc-a3fc-10770346ebd3/build] unable to get git ref: failed to identify reference (tag/branch) for the checked-out revision '532c414196d94661e31c48332ff4f598c27ebbcf'
[fb7bcda4-60d3-49bc-a3fc-10770346ebd3/build] unable to get git ref: failed to identify reference (tag/branch) for the checked-out revision '532c414196d94661e31c48332ff4f598c27ebbcf'
[fb7bcda4-60d3-49bc-a3fc-10770346ebd3/build] unable to get git ref: failed to identify reference (tag/branch) for the checked-out revision '532c414196d94661e31c48332ff4f598c27ebbcf'
[fb7bcda4-60d3-49bc-a3fc-10770346ebd3/build] unable to get git ref: failed to identify reference (tag/branch) for the checked-out revision '532c414196d94661e31c48332ff4f598c27ebbcf'
[fb7bcda4-60d3-49bc-a3fc-10770346ebd3/build] unable to get git ref: failed to identify reference (tag/branch) for the checked-out revision '532c414196d94661e31c48332ff4f598c27ebbcf'
[fb7bcda4-60d3-49bc-a3fc-10770346ebd3/build] unable to get git ref: failed to identify reference (tag/branch) for the checked-out revision '532c414196d94661e31c48332ff4f598c27ebbcf'
[fb7bcda4-60d3-49bc-a3fc-10770346ebd3/build] unable to get git ref: failed to identify reference (tag/branch) for the checked-out revision '532c414196d94661e31c48332ff4f598c27ebbcf'
[fb7bcda4-60d3-49bc-a3fc-10770346ebd3/build] ⭐ Run Main actions/checkout@v3
[fb7bcda4-60d3-49bc-a3fc-10770346ebd3/build] unable to get git ref: failed to identify reference (tag/branch) for the checked-out revision '532c414196d94661e31c48332ff4f598c27ebbcf'
[fb7bcda4-60d3-49bc-a3fc-10770346ebd3/build] unable to get git ref: failed to identify reference (tag/branch) for the checked-out revision '532c414196d94661e31c48332ff4f598c27ebbcf'
[fb7bcda4-60d3-49bc-a3fc-10770346ebd3/build]   🐳  docker cp src=/tmp/cb86fe19-be40-4cb1-a0eb-88acd5f3f61f/. dst=/tmp/cb86fe19-be40-4cb1-a0eb-88acd5f3f61f
[fb7bcda4-60d3-49bc-a3fc-10770346ebd3/build]   🐳  docker exec cmd=[chown -R 1012:1013 /tmp/cb86fe19-be40-4cb1-a0eb-88acd5f3f61f] user=0 workdir=
[fb7bcda4-60d3-49bc-a3fc-10770346ebd3/build]   ✅  Success - Main actions/checkout@v3
[fb7bcda4-60d3-49bc-a3fc-10770346ebd3/build] unable to get git ref: failed to identify reference (tag/branch) for the checked-out revision '532c414196d94661e31c48332ff4f598c27ebbcf'
[fb7bcda4-60d3-49bc-a3fc-10770346ebd3/build] unable to get git ref: failed to identify reference (tag/branch) for the checked-out revision '532c414196d94661e31c48332ff4f598c27ebbcf'
[fb7bcda4-60d3-49bc-a3fc-10770346ebd3/build] unable to get git ref: failed to identify reference (tag/branch) for the checked-out revision '532c414196d94661e31c48332ff4f598c27ebbcf'
[fb7bcda4-60d3-49bc-a3fc-10770346ebd3/build] unable to get git ref: failed to identify reference (tag/branch) for the checked-out revision '532c414196d94661e31c48332ff4f598c27ebbcf'
[fb7bcda4-60d3-49bc-a3fc-10770346ebd3/build] unable to get git ref: failed to identify reference (tag/branch) for the checked-out revision '532c414196d94661e31c48332ff4f598c27ebbcf'
[fb7bcda4-60d3-49bc-a3fc-10770346ebd3/build] ⭐ Run Main actions/setup-java@v3
[fb7bcda4-60d3-49bc-a3fc-10770346ebd3/build] unable to get git ref: failed to identify reference (tag/branch) for the checked-out revision '532c414196d94661e31c48332ff4f598c27ebbcf'
[fb7bcda4-60d3-49bc-a3fc-10770346ebd3/build] unable to get git ref: failed to identify reference (tag/branch) for the checked-out revision '532c414196d94661e31c48332ff4f598c27ebbcf'
[fb7bcda4-60d3-49bc-a3fc-10770346ebd3/build] unable to get git ref: failed to identify reference (tag/branch) for the checked-out revision '532c414196d94661e31c48332ff4f598c27ebbcf'
[fb7bcda4-60d3-49bc-a3fc-10770346ebd3/build]   🐳  docker cp src=/tmp/act-cache/e218b415-6768-4e48-a918-898a5c2e2a77/act/actions-setup-java@v3/ dst=/var/run/act/actions/actions-setup-java@v3/
[fb7bcda4-60d3-49bc-a3fc-10770346ebd3/build]   🐳  docker exec cmd=[chown -R 1012:1013 /var/run/act/actions/actions-setup-java@v3/] user=0 workdir=
[fb7bcda4-60d3-49bc-a3fc-10770346ebd3/build]   🐳  docker exec cmd=[node /var/run/act/actions/actions-setup-java@v3/dist/setup/index.js] user= workdir=
[fb7bcda4-60d3-49bc-a3fc-10770346ebd3/build]   ❓  ::group::Installed distributions
[fb7bcda4-60d3-49bc-a3fc-10770346ebd3/build]   | Trying to resolve the latest version from remote
[fb7bcda4-60d3-49bc-a3fc-10770346ebd3/build]   💬  ::debug::Gathering available versions from 'https://api.azul.com/zulu/download/community/v1.0/bundles/?os=linux&ext=tar.gz&bundle_type=jdk&javafx=false&arch=x86&hw_bitness=64&release_status=ga'
[fb7bcda4-60d3-49bc-a3fc-10770346ebd3/build]   | Resolved latest version as 11.0.21+9
[fb7bcda4-60d3-49bc-a3fc-10770346ebd3/build]   | Trying to download...
[fb7bcda4-60d3-49bc-a3fc-10770346ebd3/build]   | Downloading Java 11.0.21+9 (Zulu) from https://cdn.azul.com/zulu/bin/zulu11.68.17-ca-jdk11.0.21-linux_x64.tar.gz ...
[fb7bcda4-60d3-49bc-a3fc-10770346ebd3/build]   💬  ::debug::Downloading https://cdn.azul.com/zulu/bin/zulu11.68.17-ca-jdk11.0.21-linux_x64.tar.gz
[fb7bcda4-60d3-49bc-a3fc-10770346ebd3/build]   💬  ::debug::Destination /tmp/0a369ed1-7ef4-4f03-9a24-192e9891efaf
[fb7bcda4-60d3-49bc-a3fc-10770346ebd3/build]   💬  ::debug::download complete
[fb7bcda4-60d3-49bc-a3fc-10770346ebd3/build]   | Extracting Java archive...
[fb7bcda4-60d3-49bc-a3fc-10770346ebd3/build]   💬  ::debug::Checking tar --version
[fb7bcda4-60d3-49bc-a3fc-10770346ebd3/build]   💬  ::debug::tar (GNU tar) 1.34%0ACopyright (C) 2021 Free Software Foundation, Inc.%0ALicense GPLv3+: GNU GPL version 3 or later <https://gnu.org/licenses/gpl.html>.%0AThis is free software: you are free to change and redistribute it.%0AThere is NO WARRANTY, to the extent permitted by law.%0A%0AWritten by John Gilmore and Jay Fenlason.
[fb7bcda4-60d3-49bc-a3fc-10770346ebd3/build]   | [command]/usr/bin/tar xz --warning=no-unknown-keyword -C /tmp/5ca3f3ca-701b-4810-b63a-2b60d1310d1a -f /tmp/0a369ed1-7ef4-4f03-9a24-192e9891efaf
[fb7bcda4-60d3-49bc-a3fc-10770346ebd3/build]   💬  ::debug::Caching tool Java_Zulu_jdk 11.0.21-9 x64
[fb7bcda4-60d3-49bc-a3fc-10770346ebd3/build]   💬  ::debug::source dir: /tmp/5ca3f3ca-701b-4810-b63a-2b60d1310d1a/zulu11.68.17-ca-jdk11.0.21-linux_x64
[fb7bcda4-60d3-49bc-a3fc-10770346ebd3/build]   💬  ::debug::destination /opt/hostedtoolcache/Java_Zulu_jdk/11.0.21-9/x64
[fb7bcda4-60d3-49bc-a3fc-10770346ebd3/build]   💬  ::debug::finished caching tool
[fb7bcda4-60d3-49bc-a3fc-10770346ebd3/build]   | Java 11.0.21+9 was downloaded
[fb7bcda4-60d3-49bc-a3fc-10770346ebd3/build]   | Setting Java 11.0.21+9 as the default
[fb7bcda4-60d3-49bc-a3fc-10770346ebd3/build]   | Creating toolchains.xml for JDK version 11 from zulu
[fb7bcda4-60d3-49bc-a3fc-10770346ebd3/build]   | Writing to /home/runner/.m2/toolchains.xml
[fb7bcda4-60d3-49bc-a3fc-10770346ebd3/build]   | 
[fb7bcda4-60d3-49bc-a3fc-10770346ebd3/build]   | Java configuration:
[fb7bcda4-60d3-49bc-a3fc-10770346ebd3/build]   |   Distribution: zulu
[fb7bcda4-60d3-49bc-a3fc-10770346ebd3/build]   |   Version: 11.0.21+9
[fb7bcda4-60d3-49bc-a3fc-10770346ebd3/build]   |   Path: /opt/hostedtoolcache/Java_Zulu_jdk/11.0.21-9/x64
[fb7bcda4-60d3-49bc-a3fc-10770346ebd3/build]   | 
[fb7bcda4-60d3-49bc-a3fc-10770346ebd3/build]   ❓  ::endgroup::
[fb7bcda4-60d3-49bc-a3fc-10770346ebd3/build]   ❓ add-matcher /run/act/actions/actions-setup-java@v3/.github/java.json
[fb7bcda4-60d3-49bc-a3fc-10770346ebd3/build]   | Creating settings.xml with server-id: github
[fb7bcda4-60d3-49bc-a3fc-10770346ebd3/build]   | Writing to /home/runner/.m2/settings.xml
[fb7bcda4-60d3-49bc-a3fc-10770346ebd3/build]   ✅  Success - Main actions/setup-java@v3
[fb7bcda4-60d3-49bc-a3fc-10770346ebd3/build]   ⚙  ::set-env:: JAVA_HOME=/opt/hostedtoolcache/Java_Zulu_jdk/11.0.21-9/x64
[fb7bcda4-60d3-49bc-a3fc-10770346ebd3/build]   ⚙  ::set-env:: JAVA_HOME_11_X64=/opt/hostedtoolcache/Java_Zulu_jdk/11.0.21-9/x64
[fb7bcda4-60d3-49bc-a3fc-10770346ebd3/build]   ⚙  ::set-output:: distribution=Zulu
[fb7bcda4-60d3-49bc-a3fc-10770346ebd3/build]   ⚙  ::set-output:: path=/opt/hostedtoolcache/Java_Zulu_jdk/11.0.21-9/x64
[fb7bcda4-60d3-49bc-a3fc-10770346ebd3/build]   ⚙  ::set-output:: version=11.0.21+9
[fb7bcda4-60d3-49bc-a3fc-10770346ebd3/build]   ⚙  ::add-path:: /opt/hostedtoolcache/Java_Zulu_jdk/11.0.21-9/x64/bin
[fb7bcda4-60d3-49bc-a3fc-10770346ebd3/build] unable to get git ref: failed to identify reference (tag/branch) for the checked-out revision '532c414196d94661e31c48332ff4f598c27ebbcf'
[fb7bcda4-60d3-49bc-a3fc-10770346ebd3/build] unable to get git ref: failed to identify reference (tag/branch) for the checked-out revision '532c414196d94661e31c48332ff4f598c27ebbcf'
[fb7bcda4-60d3-49bc-a3fc-10770346ebd3/build] unable to get git ref: failed to identify reference (tag/branch) for the checked-out revision '532c414196d94661e31c48332ff4f598c27ebbcf'
[fb7bcda4-60d3-49bc-a3fc-10770346ebd3/build] unable to get git ref: failed to identify reference (tag/branch) for the checked-out revision '532c414196d94661e31c48332ff4f598c27ebbcf'
[fb7bcda4-60d3-49bc-a3fc-10770346ebd3/build] unable to get git ref: failed to identify reference (tag/branch) for the checked-out revision '532c414196d94661e31c48332ff4f598c27ebbcf'
[fb7bcda4-60d3-49bc-a3fc-10770346ebd3/build] ⭐ Run Main ./gradlew build --no-daemon --warning-mode=fail
[fb7bcda4-60d3-49bc-a3fc-10770346ebd3/build] unable to get git ref: failed to identify reference (tag/branch) for the checked-out revision '532c414196d94661e31c48332ff4f598c27ebbcf'
[fb7bcda4-60d3-49bc-a3fc-10770346ebd3/build] unable to get git ref: failed to identify reference (tag/branch) for the checked-out revision '532c414196d94661e31c48332ff4f598c27ebbcf'
[fb7bcda4-60d3-49bc-a3fc-10770346ebd3/build] unable to get git ref: failed to identify reference (tag/branch) for the checked-out revision '532c414196d94661e31c48332ff4f598c27ebbcf'
[fb7bcda4-60d3-49bc-a3fc-10770346ebd3/build] unable to get git ref: failed to identify reference (tag/branch) for the checked-out revision '532c414196d94661e31c48332ff4f598c27ebbcf'
[fb7bcda4-60d3-49bc-a3fc-10770346ebd3/build]   🐳  docker exec cmd=[bash --noprofile --norc -e -o pipefail /var/run/act/workflow/2] user= workdir=
[fb7bcda4-60d3-49bc-a3fc-10770346ebd3/build]   | Downloading https://services.gradle.org/distributions/gradle-7.5.1-bin.zip
[fb7bcda4-60d3-49bc-a3fc-10770346ebd3/build]   | ...........10%............20%...........30%............40%...........50%............60%...........70%............80%...........90%............100%
[fb7bcda4-60d3-49bc-a3fc-10770346ebd3/build]   | 
[fb7bcda4-60d3-49bc-a3fc-10770346ebd3/build]   | Welcome to Gradle 7.5.1!
[fb7bcda4-60d3-49bc-a3fc-10770346ebd3/build]   | 
[fb7bcda4-60d3-49bc-a3fc-10770346ebd3/build]   | Here are the highlights of this release:
[fb7bcda4-60d3-49bc-a3fc-10770346ebd3/build]   |  - Support for Java 18
[fb7bcda4-60d3-49bc-a3fc-10770346ebd3/build]   |  - Support for building with Groovy 4
[fb7bcda4-60d3-49bc-a3fc-10770346ebd3/build]   |  - Much more responsive continuous builds
[fb7bcda4-60d3-49bc-a3fc-10770346ebd3/build]   |  - Improved diagnostics for dependency resolution
[fb7bcda4-60d3-49bc-a3fc-10770346ebd3/build]   | 
[fb7bcda4-60d3-49bc-a3fc-10770346ebd3/build]   | For more details see https://docs.gradle.org/7.5.1/release-notes.html
[fb7bcda4-60d3-49bc-a3fc-10770346ebd3/build]   | 
[fb7bcda4-60d3-49bc-a3fc-10770346ebd3/build]   | To honour the JVM settings for this build a single-use Daemon process will be forked. See https://docs.gradle.org/7.5.1/userguide/gradle_daemon.html#sec:disabling_the_daemon.
[fb7bcda4-60d3-49bc-a3fc-10770346ebd3/build]   | Daemon will be stopped at the end of the build 
[fb7bcda4-60d3-49bc-a3fc-10770346ebd3/build]   | 
[fb7bcda4-60d3-49bc-a3fc-10770346ebd3/build]   | > Configure project :
[fb7bcda4-60d3-49bc-a3fc-10770346ebd3/build]   | Kordamp Enforcer Gradle plugin 0.13.0. Consider becoming a patron at https://www.patreon.com/aalmiray
[fb7bcda4-60d3-49bc-a3fc-10770346ebd3/build]   | 
[fb7bcda4-60d3-49bc-a3fc-10770346ebd3/build]   | > Task :copyDependencies
[fb7bcda4-60d3-49bc-a3fc-10770346ebd3/build]   | > Task :extractIncludeProto
[fb7bcda4-60d3-49bc-a3fc-10770346ebd3/build]   | > Task :extractProto
[fb7bcda4-60d3-49bc-a3fc-10770346ebd3/build]   | > Task :generateProto
[fb7bcda4-60d3-49bc-a3fc-10770346ebd3/build]   | > Task :compileJava
[fb7bcda4-60d3-49bc-a3fc-10770346ebd3/build]   | Note: Some input files use or override a deprecated API.
[fb7bcda4-60d3-49bc-a3fc-10770346ebd3/build]   | Note: Recompile with -Xlint:deprecation for details.
[fb7bcda4-60d3-49bc-a3fc-10770346ebd3/build]   | Note: Some input files use unchecked or unsafe operations.
[fb7bcda4-60d3-49bc-a3fc-10770346ebd3/build]   | Note: Recompile with -Xlint:unchecked for details.
[fb7bcda4-60d3-49bc-a3fc-10770346ebd3/build]   | 
[fb7bcda4-60d3-49bc-a3fc-10770346ebd3/build]   | > Task :processResources
[fb7bcda4-60d3-49bc-a3fc-10770346ebd3/build]   | > Task :classes
[fb7bcda4-60d3-49bc-a3fc-10770346ebd3/build]   | > Task :jar
[fb7bcda4-60d3-49bc-a3fc-10770346ebd3/build]   | > Task :assemble
[fb7bcda4-60d3-49bc-a3fc-10770346ebd3/build]   | > Task :extractIncludeTestProto
[fb7bcda4-60d3-49bc-a3fc-10770346ebd3/build]   | > Task :extractTestProto
[fb7bcda4-60d3-49bc-a3fc-10770346ebd3/build]   | > Task :generateTestProto NO-SOURCE
[fb7bcda4-60d3-49bc-a3fc-10770346ebd3/build]   | 
[fb7bcda4-60d3-49bc-a3fc-10770346ebd3/build]   | > Task :compileTestJava
[fb7bcda4-60d3-49bc-a3fc-10770346ebd3/build]   | Note: Some input files use or override a deprecated API.
[fb7bcda4-60d3-49bc-a3fc-10770346ebd3/build]   | Note: Recompile with -Xlint:deprecation for details.
[fb7bcda4-60d3-49bc-a3fc-10770346ebd3/build]   | 
[fb7bcda4-60d3-49bc-a3fc-10770346ebd3/build]   | > Task :processTestResources NO-SOURCE
[fb7bcda4-60d3-49bc-a3fc-10770346ebd3/build]   | > Task :testClasses
[fb7bcda4-60d3-49bc-a3fc-10770346ebd3/build]   | > Task :checkstyleTest SKIPPED
[fb7bcda4-60d3-49bc-a3fc-10770346ebd3/build]   | > Task :checkstyleMain
[fb7bcda4-60d3-49bc-a3fc-10770346ebd3/build]   | > Task :test
[fb7bcda4-60d3-49bc-a3fc-10770346ebd3/build]   | > Task :check
[fb7bcda4-60d3-49bc-a3fc-10770346ebd3/build]   | > Task :build
[fb7bcda4-60d3-49bc-a3fc-10770346ebd3/build]   | 
[fb7bcda4-60d3-49bc-a3fc-10770346ebd3/build]   | BUILD SUCCESSFUL in 3m 10s
[fb7bcda4-60d3-49bc-a3fc-10770346ebd3/build]   | 12 actionable tasks: 12 executed
[fb7bcda4-60d3-49bc-a3fc-10770346ebd3/build]   ✅  Success - Main ./gradlew build --no-daemon --warning-mode=fail
[fb7bcda4-60d3-49bc-a3fc-10770346ebd3/build] unable to get git ref: failed to identify reference (tag/branch) for the checked-out revision '532c414196d94661e31c48332ff4f598c27ebbcf'
[fb7bcda4-60d3-49bc-a3fc-10770346ebd3/build] unable to get git ref: failed to identify reference (tag/branch) for the checked-out revision '532c414196d94661e31c48332ff4f598c27ebbcf'
[fb7bcda4-60d3-49bc-a3fc-10770346ebd3/build] unable to get git ref: failed to identify reference (tag/branch) for the checked-out revision '532c414196d94661e31c48332ff4f598c27ebbcf'
[fb7bcda4-60d3-49bc-a3fc-10770346ebd3/build] unable to get git ref: failed to identify reference (tag/branch) for the checked-out revision '532c414196d94661e31c48332ff4f598c27ebbcf'
[fb7bcda4-60d3-49bc-a3fc-10770346ebd3/build] unable to get git ref: failed to identify reference (tag/branch) for the checked-out revision '532c414196d94661e31c48332ff4f598c27ebbcf'
[fb7bcda4-60d3-49bc-a3fc-10770346ebd3/build] ⭐ Run Post actions/setup-java@v3
[fb7bcda4-60d3-49bc-a3fc-10770346ebd3/build]   🐳  docker exec cmd=[node /var/run/act/actions/actions-setup-java@v3/dist/cleanup/index.js] user= workdir=
[fb7bcda4-60d3-49bc-a3fc-10770346ebd3/build]   ✅  Success - Post actions/setup-java@v3
[fb7bcda4-60d3-49bc-a3fc-10770346ebd3/build] 🏁  Job succeeded
[fb7bcda4-60d3-49bc-a3fc-10770346ebd3/build] unable to get git ref: failed to identify reference (tag/branch) for the checked-out revision '532c414196d94661e31c48332ff4f598c27ebbcf'
