[942cac03-91ec-460a-bcba-2066e1a04bca/Build] 🚀  Start image=crawlergpt:latest
[942cac03-91ec-460a-bcba-2066e1a04bca/Build]   🐳  docker pull image=crawlergpt:latest platform= username= forcePull=false
[942cac03-91ec-460a-bcba-2066e1a04bca/Build]   🐳  docker create image=crawlergpt:latest platform= entrypoint=["tail" "-f" "/dev/null"] cmd=[]
[942cac03-91ec-460a-bcba-2066e1a04bca/Build]   🐳  docker run image=crawlergpt:latest platform= entrypoint=["tail" "-f" "/dev/null"] cmd=[]
[942cac03-91ec-460a-bcba-2066e1a04bca/Build]   🐳  docker exec cmd=[chown -R 1012:1013 /tmp/a8dcc03d-075c-4a52-aabc-2352dfa535e3] user=0 workdir=
[942cac03-91ec-460a-bcba-2066e1a04bca/Build] unable to get git ref: failed to identify reference (tag/branch) for the checked-out revision 'b3b273bceab6bfe305c1ff923f6c33ba4f285514'
[942cac03-91ec-460a-bcba-2066e1a04bca/Build] unable to get git ref: failed to identify reference (tag/branch) for the checked-out revision 'b3b273bceab6bfe305c1ff923f6c33ba4f285514'
[942cac03-91ec-460a-bcba-2066e1a04bca/Build] unable to get git ref: failed to identify reference (tag/branch) for the checked-out revision 'b3b273bceab6bfe305c1ff923f6c33ba4f285514'
[942cac03-91ec-460a-bcba-2066e1a04bca/Build] unable to get git ref: failed to identify reference (tag/branch) for the checked-out revision 'b3b273bceab6bfe305c1ff923f6c33ba4f285514'
[942cac03-91ec-460a-bcba-2066e1a04bca/Build] unable to get git ref: failed to identify reference (tag/branch) for the checked-out revision 'b3b273bceab6bfe305c1ff923f6c33ba4f285514'
[942cac03-91ec-460a-bcba-2066e1a04bca/Build] unable to get git ref: failed to identify reference (tag/branch) for the checked-out revision 'b3b273bceab6bfe305c1ff923f6c33ba4f285514'
[942cac03-91ec-460a-bcba-2066e1a04bca/Build] unable to get git ref: failed to identify reference (tag/branch) for the checked-out revision 'b3b273bceab6bfe305c1ff923f6c33ba4f285514'
[942cac03-91ec-460a-bcba-2066e1a04bca/Build] unable to get git ref: failed to identify reference (tag/branch) for the checked-out revision 'b3b273bceab6bfe305c1ff923f6c33ba4f285514'
[942cac03-91ec-460a-bcba-2066e1a04bca/Build] unable to get git ref: failed to identify reference (tag/branch) for the checked-out revision 'b3b273bceab6bfe305c1ff923f6c33ba4f285514'
[942cac03-91ec-460a-bcba-2066e1a04bca/Build] ⭐ Run Main Checkout code
[942cac03-91ec-460a-bcba-2066e1a04bca/Build] unable to get git ref: failed to identify reference (tag/branch) for the checked-out revision 'b3b273bceab6bfe305c1ff923f6c33ba4f285514'
[942cac03-91ec-460a-bcba-2066e1a04bca/Build]   ✅  Success - Main Checkout code
[942cac03-91ec-460a-bcba-2066e1a04bca/Build] unable to get git ref: failed to identify reference (tag/branch) for the checked-out revision 'b3b273bceab6bfe305c1ff923f6c33ba4f285514'
[942cac03-91ec-460a-bcba-2066e1a04bca/Build] unable to get git ref: failed to identify reference (tag/branch) for the checked-out revision 'b3b273bceab6bfe305c1ff923f6c33ba4f285514'
[942cac03-91ec-460a-bcba-2066e1a04bca/Build] unable to get git ref: failed to identify reference (tag/branch) for the checked-out revision 'b3b273bceab6bfe305c1ff923f6c33ba4f285514'
[942cac03-91ec-460a-bcba-2066e1a04bca/Build] unable to get git ref: failed to identify reference (tag/branch) for the checked-out revision 'b3b273bceab6bfe305c1ff923f6c33ba4f285514'
[942cac03-91ec-460a-bcba-2066e1a04bca/Build] unable to get git ref: failed to identify reference (tag/branch) for the checked-out revision 'b3b273bceab6bfe305c1ff923f6c33ba4f285514'
[942cac03-91ec-460a-bcba-2066e1a04bca/Build] ⭐ Run Main Set up JDK 11
[942cac03-91ec-460a-bcba-2066e1a04bca/Build] unable to get git ref: failed to identify reference (tag/branch) for the checked-out revision 'b3b273bceab6bfe305c1ff923f6c33ba4f285514'
[942cac03-91ec-460a-bcba-2066e1a04bca/Build] unable to get git ref: failed to identify reference (tag/branch) for the checked-out revision 'b3b273bceab6bfe305c1ff923f6c33ba4f285514'
[942cac03-91ec-460a-bcba-2066e1a04bca/Build] unable to get git ref: failed to identify reference (tag/branch) for the checked-out revision 'b3b273bceab6bfe305c1ff923f6c33ba4f285514'
[942cac03-91ec-460a-bcba-2066e1a04bca/Build]   🐳  docker cp src=/tmp/act-cache/2cb5a85c-2d27-44ac-afb1-e13c9f5673f1/act/actions-setup-java@v1/ dst=/var/run/act/actions/actions-setup-java@v1/
[942cac03-91ec-460a-bcba-2066e1a04bca/Build]   🐳  docker exec cmd=[chown -R 1012:1013 /var/run/act/actions/actions-setup-java@v1/] user=0 workdir=
[942cac03-91ec-460a-bcba-2066e1a04bca/Build]   🐳  docker exec cmd=[node /var/run/act/actions/actions-setup-java@v1/dist/setup/index.js] user= workdir=
[942cac03-91ec-460a-bcba-2066e1a04bca/Build]   💬  ::debug::isExplicit: 
[942cac03-91ec-460a-bcba-2066e1a04bca/Build]   💬  ::debug::explicit? false
[942cac03-91ec-460a-bcba-2066e1a04bca/Build]   💬  ::debug::evaluating 0 versions
[942cac03-91ec-460a-bcba-2066e1a04bca/Build]   💬  ::debug::match not found
[942cac03-91ec-460a-bcba-2066e1a04bca/Build]   💬  ::debug::Downloading JDK from Azul
[942cac03-91ec-460a-bcba-2066e1a04bca/Build]   💬  ::debug::Searching for files with extension: -linux_x64.tar.gz
[942cac03-91ec-460a-bcba-2066e1a04bca/Build]   💬  ::debug::Downloading https://static.azul.com/zulu/bin/zulu11.64.19-ca-jdk11.0.19-linux_x64.tar.gz
[942cac03-91ec-460a-bcba-2066e1a04bca/Build]   💬  ::debug::Downloading /tmp/2dae8c96-020f-4f97-ae47-9063323d30bd
[942cac03-91ec-460a-bcba-2066e1a04bca/Build]   💬  ::debug::download complete
[942cac03-91ec-460a-bcba-2066e1a04bca/Build]   | [command]/usr/bin/tar --version
[942cac03-91ec-460a-bcba-2066e1a04bca/Build]   | tar (GNU tar) 1.30
[942cac03-91ec-460a-bcba-2066e1a04bca/Build]   | Copyright (C) 2017 Free Software Foundation, Inc.
[942cac03-91ec-460a-bcba-2066e1a04bca/Build]   | License GPLv3+: GNU GPL version 3 or later <https://gnu.org/licenses/gpl.html>.
[942cac03-91ec-460a-bcba-2066e1a04bca/Build]   | This is free software: you are free to change and redistribute it.
[942cac03-91ec-460a-bcba-2066e1a04bca/Build]   | There is NO WARRANTY, to the extent permitted by law.
[942cac03-91ec-460a-bcba-2066e1a04bca/Build]   | 
[942cac03-91ec-460a-bcba-2066e1a04bca/Build]   | Written by John Gilmore and Jay Fenlason.
[942cac03-91ec-460a-bcba-2066e1a04bca/Build]   | [command]/usr/bin/tar xz --warning=no-unknown-keyword -C /tmp/temp_1817175094 -f /tmp/2dae8c96-020f-4f97-ae47-9063323d30bd
[942cac03-91ec-460a-bcba-2066e1a04bca/Build]   💬  ::debug::jdk extracted to /tmp/temp_1817175094/zulu11.64.19-ca-jdk11.0.19-linux_x64
[942cac03-91ec-460a-bcba-2066e1a04bca/Build]   💬  ::debug::Caching tool jdk 11.0.19 x64
[942cac03-91ec-460a-bcba-2066e1a04bca/Build]   💬  ::debug::source dir: /tmp/temp_1817175094/zulu11.64.19-ca-jdk11.0.19-linux_x64
[942cac03-91ec-460a-bcba-2066e1a04bca/Build]   💬  ::debug::destination /opt/hostedtoolcache/jdk/11.0.19/x64
[942cac03-91ec-460a-bcba-2066e1a04bca/Build]   💬  ::debug::finished caching tool
[942cac03-91ec-460a-bcba-2066e1a04bca/Build]   ❓ add-matcher /run/act/actions/actions-setup-java@v1/.github/java.json
[942cac03-91ec-460a-bcba-2066e1a04bca/Build]   | creating settings.xml with server-id: github; environment variables: username=$GITHUB_ACTOR, password=$GITHUB_TOKEN, and gpg-passphrase=null
[942cac03-91ec-460a-bcba-2066e1a04bca/Build]   💬  ::debug::created directory /home/runneradmin/.m2
[942cac03-91ec-460a-bcba-2066e1a04bca/Build]   | writing /home/runneradmin/.m2/settings.xml
[942cac03-91ec-460a-bcba-2066e1a04bca/Build]   ✅  Success - Main Set up JDK 11
[942cac03-91ec-460a-bcba-2066e1a04bca/Build]   ⚙  ::set-env:: JAVA_HOME_11.0.19_x64=/opt/hostedtoolcache/jdk/11.0.19/x64
[942cac03-91ec-460a-bcba-2066e1a04bca/Build]   ⚙  ::set-env:: JAVA_HOME=/opt/hostedtoolcache/jdk/11.0.19/x64
[942cac03-91ec-460a-bcba-2066e1a04bca/Build]   ⚙  ::set-env:: JAVA_HOME_11_0_19_X64=/opt/hostedtoolcache/jdk/11.0.19/x64
[942cac03-91ec-460a-bcba-2066e1a04bca/Build]   ⚙  ::set-output:: path=/opt/hostedtoolcache/jdk/11.0.19/x64
[942cac03-91ec-460a-bcba-2066e1a04bca/Build]   ⚙  ::set-output:: version=11.0.19
[942cac03-91ec-460a-bcba-2066e1a04bca/Build]   ⚙  ::add-path:: /opt/hostedtoolcache/jdk/11.0.19/x64/bin
[942cac03-91ec-460a-bcba-2066e1a04bca/Build] unable to get git ref: failed to identify reference (tag/branch) for the checked-out revision 'b3b273bceab6bfe305c1ff923f6c33ba4f285514'
[942cac03-91ec-460a-bcba-2066e1a04bca/Build] unable to get git ref: failed to identify reference (tag/branch) for the checked-out revision 'b3b273bceab6bfe305c1ff923f6c33ba4f285514'
[942cac03-91ec-460a-bcba-2066e1a04bca/Build] unable to get git ref: failed to identify reference (tag/branch) for the checked-out revision 'b3b273bceab6bfe305c1ff923f6c33ba4f285514'
[942cac03-91ec-460a-bcba-2066e1a04bca/Build] unable to get git ref: failed to identify reference (tag/branch) for the checked-out revision 'b3b273bceab6bfe305c1ff923f6c33ba4f285514'
[942cac03-91ec-460a-bcba-2066e1a04bca/Build] unable to get git ref: failed to identify reference (tag/branch) for the checked-out revision 'b3b273bceab6bfe305c1ff923f6c33ba4f285514'
[942cac03-91ec-460a-bcba-2066e1a04bca/Build] ⭐ Run Main Build with Gradle
[942cac03-91ec-460a-bcba-2066e1a04bca/Build] unable to get git ref: failed to identify reference (tag/branch) for the checked-out revision 'b3b273bceab6bfe305c1ff923f6c33ba4f285514'
[942cac03-91ec-460a-bcba-2066e1a04bca/Build] unable to get git ref: failed to identify reference (tag/branch) for the checked-out revision 'b3b273bceab6bfe305c1ff923f6c33ba4f285514'
[942cac03-91ec-460a-bcba-2066e1a04bca/Build] unable to get git ref: failed to identify reference (tag/branch) for the checked-out revision 'b3b273bceab6bfe305c1ff923f6c33ba4f285514'
[942cac03-91ec-460a-bcba-2066e1a04bca/Build] unable to get git ref: failed to identify reference (tag/branch) for the checked-out revision 'b3b273bceab6bfe305c1ff923f6c33ba4f285514'
[942cac03-91ec-460a-bcba-2066e1a04bca/Build]   🐳  docker exec cmd=[bash --noprofile --norc -e -o pipefail /var/run/act/workflow/2] user= workdir=
[942cac03-91ec-460a-bcba-2066e1a04bca/Build]   | Downloading https://services.gradle.org/distributions/gradle-6.8.2-all.zip
[942cac03-91ec-460a-bcba-2066e1a04bca/Build]   | ...............................................................................................................................................
[942cac03-91ec-460a-bcba-2066e1a04bca/Build]   | 
[942cac03-91ec-460a-bcba-2066e1a04bca/Build]   | Welcome to Gradle 6.8.2!
[942cac03-91ec-460a-bcba-2066e1a04bca/Build]   | 
[942cac03-91ec-460a-bcba-2066e1a04bca/Build]   | Here are the highlights of this release:
[942cac03-91ec-460a-bcba-2066e1a04bca/Build]   |  - Faster Kotlin DSL script compilation
[942cac03-91ec-460a-bcba-2066e1a04bca/Build]   |  - Vendor selection for Java toolchains
[942cac03-91ec-460a-bcba-2066e1a04bca/Build]   |  - Convenient execution of tasks in composite builds
[942cac03-91ec-460a-bcba-2066e1a04bca/Build]   |  - Consistent dependency resolution
[942cac03-91ec-460a-bcba-2066e1a04bca/Build]   | 
[942cac03-91ec-460a-bcba-2066e1a04bca/Build]   | For more details see https://docs.gradle.org/6.8.2/release-notes.html
[942cac03-91ec-460a-bcba-2066e1a04bca/Build]   | 
[942cac03-91ec-460a-bcba-2066e1a04bca/Build]   | Starting a Gradle Daemon (subsequent builds will be faster)
[942cac03-91ec-460a-bcba-2066e1a04bca/Build]   | > Task :compileJava
[942cac03-91ec-460a-bcba-2066e1a04bca/Build]   | > Task :processResources UP-TO-DATE
[942cac03-91ec-460a-bcba-2066e1a04bca/Build]   | > Task :classes
[942cac03-91ec-460a-bcba-2066e1a04bca/Build]   | > Task :jar
[942cac03-91ec-460a-bcba-2066e1a04bca/Build]   | > Task :distTar
[942cac03-91ec-460a-bcba-2066e1a04bca/Build]   | > Task :distZip
[942cac03-91ec-460a-bcba-2066e1a04bca/Build]   | > Task :assemble
[942cac03-91ec-460a-bcba-2066e1a04bca/Build]   | > Task :compileTestJava
[942cac03-91ec-460a-bcba-2066e1a04bca/Build]   | > Task :processTestResources UP-TO-DATE
[942cac03-91ec-460a-bcba-2066e1a04bca/Build]   | > Task :testClasses
[942cac03-91ec-460a-bcba-2066e1a04bca/Build]   | 
[942cac03-91ec-460a-bcba-2066e1a04bca/Build]   | > Task :compileIntegrationTestJava
[942cac03-91ec-460a-bcba-2066e1a04bca/Build]   | Note: Some input files use or override a deprecated API.
[942cac03-91ec-460a-bcba-2066e1a04bca/Build]   | Note: Recompile with -Xlint:deprecation for details.
[942cac03-91ec-460a-bcba-2066e1a04bca/Build]   | 
[942cac03-91ec-460a-bcba-2066e1a04bca/Build]   | > Task :processIntegrationTestResources NO-SOURCE
[942cac03-91ec-460a-bcba-2066e1a04bca/Build]   | > Task :integrationTestClasses
[942cac03-91ec-460a-bcba-2066e1a04bca/Build]   | > Task :checkstyleIntegrationTest
[942cac03-91ec-460a-bcba-2066e1a04bca/Build]   | > Task :checkstyleMain
[942cac03-91ec-460a-bcba-2066e1a04bca/Build]   | > Task :checkstyleTest
[942cac03-91ec-460a-bcba-2066e1a04bca/Build]   | > Task :test
[942cac03-91ec-460a-bcba-2066e1a04bca/Build]   | > Task :check
[942cac03-91ec-460a-bcba-2066e1a04bca/Build]   | > Task :build
[942cac03-91ec-460a-bcba-2066e1a04bca/Build]   | 
[942cac03-91ec-460a-bcba-2066e1a04bca/Build]   | Deprecated Gradle features were used in this build, making it incompatible with Gradle 7.0.
[942cac03-91ec-460a-bcba-2066e1a04bca/Build]   | Use '--warning-mode all' to show the individual deprecation warnings.
[942cac03-91ec-460a-bcba-2066e1a04bca/Build]   | See https://docs.gradle.org/6.8.2/userguide/command_line_interface.html#sec:command_line_warnings
[942cac03-91ec-460a-bcba-2066e1a04bca/Build]   | 
[942cac03-91ec-460a-bcba-2066e1a04bca/Build]   | BUILD SUCCESSFUL in 1m 29s
[942cac03-91ec-460a-bcba-2066e1a04bca/Build]   | 12 actionable tasks: 10 executed, 2 up-to-date
[942cac03-91ec-460a-bcba-2066e1a04bca/Build]   ✅  Success - Main Build with Gradle
[942cac03-91ec-460a-bcba-2066e1a04bca/Build] unable to get git ref: failed to identify reference (tag/branch) for the checked-out revision 'b3b273bceab6bfe305c1ff923f6c33ba4f285514'
[942cac03-91ec-460a-bcba-2066e1a04bca/Build] unable to get git ref: failed to identify reference (tag/branch) for the checked-out revision 'b3b273bceab6bfe305c1ff923f6c33ba4f285514'
[942cac03-91ec-460a-bcba-2066e1a04bca/Build] unable to get git ref: failed to identify reference (tag/branch) for the checked-out revision 'b3b273bceab6bfe305c1ff923f6c33ba4f285514'
[942cac03-91ec-460a-bcba-2066e1a04bca/Build] unable to get git ref: failed to identify reference (tag/branch) for the checked-out revision 'b3b273bceab6bfe305c1ff923f6c33ba4f285514'
[942cac03-91ec-460a-bcba-2066e1a04bca/Build] unable to get git ref: failed to identify reference (tag/branch) for the checked-out revision 'b3b273bceab6bfe305c1ff923f6c33ba4f285514'
[942cac03-91ec-460a-bcba-2066e1a04bca/Build] ⭐ Run Post Set up JDK 11
[942cac03-91ec-460a-bcba-2066e1a04bca/Build]   🐳  docker exec cmd=[node /var/run/act/actions/actions-setup-java@v1/dist/cleanup/index.js] user= workdir=
[942cac03-91ec-460a-bcba-2066e1a04bca/Build]   ✅  Success - Post Set up JDK 11
[942cac03-91ec-460a-bcba-2066e1a04bca/Build] 🏁  Job succeeded
[942cac03-91ec-460a-bcba-2066e1a04bca/Build] unable to get git ref: failed to identify reference (tag/branch) for the checked-out revision 'b3b273bceab6bfe305c1ff923f6c33ba4f285514'
