[ca1aa22d-f4e1-42b3-bfb6-17f02a77861a/build] 🚀  Start image=gitbugactions:latest
[ca1aa22d-f4e1-42b3-bfb6-17f02a77861a/build]   🐳  docker pull image=gitbugactions:latest platform= username= forcePull=false
[ca1aa22d-f4e1-42b3-bfb6-17f02a77861a/build]   🐳  docker create image=gitbugactions:latest platform= entrypoint=["tail" "-f" "/dev/null"] cmd=[]
[ca1aa22d-f4e1-42b3-bfb6-17f02a77861a/build]   🐳  docker run image=gitbugactions:latest platform= entrypoint=["tail" "-f" "/dev/null"] cmd=[]
[ca1aa22d-f4e1-42b3-bfb6-17f02a77861a/build]   🐳  docker exec cmd=[chown -R 1012:1013 /tmp/83cd350d-fcd1-4012-98a3-22d70e392dda] user=0 workdir=
[ca1aa22d-f4e1-42b3-bfb6-17f02a77861a/build] unable to get git ref: failed to identify reference (tag/branch) for the checked-out revision '4722f9b6b6489ea7e9dea0c01ae1d7d3044310b5'
[ca1aa22d-f4e1-42b3-bfb6-17f02a77861a/build] unable to get git ref: failed to identify reference (tag/branch) for the checked-out revision '4722f9b6b6489ea7e9dea0c01ae1d7d3044310b5'
[ca1aa22d-f4e1-42b3-bfb6-17f02a77861a/build] unable to get git ref: failed to identify reference (tag/branch) for the checked-out revision '4722f9b6b6489ea7e9dea0c01ae1d7d3044310b5'
[ca1aa22d-f4e1-42b3-bfb6-17f02a77861a/build] unable to get git ref: failed to identify reference (tag/branch) for the checked-out revision '4722f9b6b6489ea7e9dea0c01ae1d7d3044310b5'
[ca1aa22d-f4e1-42b3-bfb6-17f02a77861a/build] unable to get git ref: failed to identify reference (tag/branch) for the checked-out revision '4722f9b6b6489ea7e9dea0c01ae1d7d3044310b5'
[ca1aa22d-f4e1-42b3-bfb6-17f02a77861a/build] unable to get git ref: failed to identify reference (tag/branch) for the checked-out revision '4722f9b6b6489ea7e9dea0c01ae1d7d3044310b5'
[ca1aa22d-f4e1-42b3-bfb6-17f02a77861a/build] unable to get git ref: failed to identify reference (tag/branch) for the checked-out revision '4722f9b6b6489ea7e9dea0c01ae1d7d3044310b5'
[ca1aa22d-f4e1-42b3-bfb6-17f02a77861a/build] unable to get git ref: failed to identify reference (tag/branch) for the checked-out revision '4722f9b6b6489ea7e9dea0c01ae1d7d3044310b5'
[ca1aa22d-f4e1-42b3-bfb6-17f02a77861a/build] unable to get git ref: failed to identify reference (tag/branch) for the checked-out revision '4722f9b6b6489ea7e9dea0c01ae1d7d3044310b5'
[ca1aa22d-f4e1-42b3-bfb6-17f02a77861a/build] ⭐ Run Main actions/checkout@v3
[ca1aa22d-f4e1-42b3-bfb6-17f02a77861a/build] unable to get git ref: failed to identify reference (tag/branch) for the checked-out revision '4722f9b6b6489ea7e9dea0c01ae1d7d3044310b5'
[ca1aa22d-f4e1-42b3-bfb6-17f02a77861a/build] unable to get git ref: failed to identify reference (tag/branch) for the checked-out revision '4722f9b6b6489ea7e9dea0c01ae1d7d3044310b5'
[ca1aa22d-f4e1-42b3-bfb6-17f02a77861a/build]   🐳  docker cp src=/tmp/83cd350d-fcd1-4012-98a3-22d70e392dda/. dst=/tmp/83cd350d-fcd1-4012-98a3-22d70e392dda
[ca1aa22d-f4e1-42b3-bfb6-17f02a77861a/build]   🐳  docker exec cmd=[chown -R 1012:1013 /tmp/83cd350d-fcd1-4012-98a3-22d70e392dda] user=0 workdir=
[ca1aa22d-f4e1-42b3-bfb6-17f02a77861a/build]   ✅  Success - Main actions/checkout@v3
[ca1aa22d-f4e1-42b3-bfb6-17f02a77861a/build] unable to get git ref: failed to identify reference (tag/branch) for the checked-out revision '4722f9b6b6489ea7e9dea0c01ae1d7d3044310b5'
[ca1aa22d-f4e1-42b3-bfb6-17f02a77861a/build] unable to get git ref: failed to identify reference (tag/branch) for the checked-out revision '4722f9b6b6489ea7e9dea0c01ae1d7d3044310b5'
[ca1aa22d-f4e1-42b3-bfb6-17f02a77861a/build] unable to get git ref: failed to identify reference (tag/branch) for the checked-out revision '4722f9b6b6489ea7e9dea0c01ae1d7d3044310b5'
[ca1aa22d-f4e1-42b3-bfb6-17f02a77861a/build] unable to get git ref: failed to identify reference (tag/branch) for the checked-out revision '4722f9b6b6489ea7e9dea0c01ae1d7d3044310b5'
[ca1aa22d-f4e1-42b3-bfb6-17f02a77861a/build] unable to get git ref: failed to identify reference (tag/branch) for the checked-out revision '4722f9b6b6489ea7e9dea0c01ae1d7d3044310b5'
[ca1aa22d-f4e1-42b3-bfb6-17f02a77861a/build] ⭐ Run Main actions/setup-java@v3
[ca1aa22d-f4e1-42b3-bfb6-17f02a77861a/build] unable to get git ref: failed to identify reference (tag/branch) for the checked-out revision '4722f9b6b6489ea7e9dea0c01ae1d7d3044310b5'
[ca1aa22d-f4e1-42b3-bfb6-17f02a77861a/build] unable to get git ref: failed to identify reference (tag/branch) for the checked-out revision '4722f9b6b6489ea7e9dea0c01ae1d7d3044310b5'
[ca1aa22d-f4e1-42b3-bfb6-17f02a77861a/build] unable to get git ref: failed to identify reference (tag/branch) for the checked-out revision '4722f9b6b6489ea7e9dea0c01ae1d7d3044310b5'
[ca1aa22d-f4e1-42b3-bfb6-17f02a77861a/build]   🐳  docker cp src=/tmp/act-cache/206489bf-1188-4fb3-bc00-4e314264845f/act/actions-setup-java@v3/ dst=/var/run/act/actions/actions-setup-java@v3/
[ca1aa22d-f4e1-42b3-bfb6-17f02a77861a/build]   🐳  docker exec cmd=[chown -R 1012:1013 /var/run/act/actions/actions-setup-java@v3/] user=0 workdir=
[ca1aa22d-f4e1-42b3-bfb6-17f02a77861a/build]   🐳  docker exec cmd=[node /var/run/act/actions/actions-setup-java@v3/dist/setup/index.js] user= workdir=
[ca1aa22d-f4e1-42b3-bfb6-17f02a77861a/build]   ❓  ::group::Installed distributions
[ca1aa22d-f4e1-42b3-bfb6-17f02a77861a/build]   | Trying to resolve the latest version from remote
[ca1aa22d-f4e1-42b3-bfb6-17f02a77861a/build]   💬  ::debug::Gathering available versions from 'https://api.azul.com/zulu/download/community/v1.0/bundles/?os=linux&ext=tar.gz&bundle_type=jdk&javafx=false&arch=x86&hw_bitness=64&release_status=ga'
[ca1aa22d-f4e1-42b3-bfb6-17f02a77861a/build]   | Resolved latest version as 11.0.21+9
[ca1aa22d-f4e1-42b3-bfb6-17f02a77861a/build]   | Trying to download...
[ca1aa22d-f4e1-42b3-bfb6-17f02a77861a/build]   | Downloading Java 11.0.21+9 (Zulu) from https://cdn.azul.com/zulu/bin/zulu11.68.17-ca-jdk11.0.21-linux_x64.tar.gz ...
[ca1aa22d-f4e1-42b3-bfb6-17f02a77861a/build]   💬  ::debug::Downloading https://cdn.azul.com/zulu/bin/zulu11.68.17-ca-jdk11.0.21-linux_x64.tar.gz
[ca1aa22d-f4e1-42b3-bfb6-17f02a77861a/build]   💬  ::debug::Destination /tmp/5c0c9abd-0f99-4147-9bba-d7cda7b9f9a9
[ca1aa22d-f4e1-42b3-bfb6-17f02a77861a/build]   💬  ::debug::download complete
[ca1aa22d-f4e1-42b3-bfb6-17f02a77861a/build]   | Extracting Java archive...
[ca1aa22d-f4e1-42b3-bfb6-17f02a77861a/build]   💬  ::debug::Checking tar --version
[ca1aa22d-f4e1-42b3-bfb6-17f02a77861a/build]   💬  ::debug::tar (GNU tar) 1.34%0ACopyright (C) 2021 Free Software Foundation, Inc.%0ALicense GPLv3+: GNU GPL version 3 or later <https://gnu.org/licenses/gpl.html>.%0AThis is free software: you are free to change and redistribute it.%0AThere is NO WARRANTY, to the extent permitted by law.%0A%0AWritten by John Gilmore and Jay Fenlason.
[ca1aa22d-f4e1-42b3-bfb6-17f02a77861a/build]   | [command]/usr/bin/tar xz --warning=no-unknown-keyword -C /tmp/f47e7653-f381-432d-ad29-5c4bac91d3e5 -f /tmp/5c0c9abd-0f99-4147-9bba-d7cda7b9f9a9
[ca1aa22d-f4e1-42b3-bfb6-17f02a77861a/build]   💬  ::debug::Caching tool Java_Zulu_jdk 11.0.21-9 x64
[ca1aa22d-f4e1-42b3-bfb6-17f02a77861a/build]   💬  ::debug::source dir: /tmp/f47e7653-f381-432d-ad29-5c4bac91d3e5/zulu11.68.17-ca-jdk11.0.21-linux_x64
[ca1aa22d-f4e1-42b3-bfb6-17f02a77861a/build]   💬  ::debug::destination /opt/hostedtoolcache/Java_Zulu_jdk/11.0.21-9/x64
[ca1aa22d-f4e1-42b3-bfb6-17f02a77861a/build]   💬  ::debug::finished caching tool
[ca1aa22d-f4e1-42b3-bfb6-17f02a77861a/build]   | Java 11.0.21+9 was downloaded
[ca1aa22d-f4e1-42b3-bfb6-17f02a77861a/build]   | Setting Java 11.0.21+9 as the default
[ca1aa22d-f4e1-42b3-bfb6-17f02a77861a/build]   | Creating toolchains.xml for JDK version 11 from zulu
[ca1aa22d-f4e1-42b3-bfb6-17f02a77861a/build]   | Writing to /home/runner/.m2/toolchains.xml
[ca1aa22d-f4e1-42b3-bfb6-17f02a77861a/build]   | 
[ca1aa22d-f4e1-42b3-bfb6-17f02a77861a/build]   | Java configuration:
[ca1aa22d-f4e1-42b3-bfb6-17f02a77861a/build]   |   Distribution: zulu
[ca1aa22d-f4e1-42b3-bfb6-17f02a77861a/build]   |   Version: 11.0.21+9
[ca1aa22d-f4e1-42b3-bfb6-17f02a77861a/build]   |   Path: /opt/hostedtoolcache/Java_Zulu_jdk/11.0.21-9/x64
[ca1aa22d-f4e1-42b3-bfb6-17f02a77861a/build]   | 
[ca1aa22d-f4e1-42b3-bfb6-17f02a77861a/build]   ❓  ::endgroup::
[ca1aa22d-f4e1-42b3-bfb6-17f02a77861a/build]   ❓ add-matcher /run/act/actions/actions-setup-java@v3/.github/java.json
[ca1aa22d-f4e1-42b3-bfb6-17f02a77861a/build]   | Creating settings.xml with server-id: github
[ca1aa22d-f4e1-42b3-bfb6-17f02a77861a/build]   | Writing to /home/runner/.m2/settings.xml
[ca1aa22d-f4e1-42b3-bfb6-17f02a77861a/build]   ✅  Success - Main actions/setup-java@v3
[ca1aa22d-f4e1-42b3-bfb6-17f02a77861a/build]   ⚙  ::set-env:: JAVA_HOME=/opt/hostedtoolcache/Java_Zulu_jdk/11.0.21-9/x64
[ca1aa22d-f4e1-42b3-bfb6-17f02a77861a/build]   ⚙  ::set-env:: JAVA_HOME_11_X64=/opt/hostedtoolcache/Java_Zulu_jdk/11.0.21-9/x64
[ca1aa22d-f4e1-42b3-bfb6-17f02a77861a/build]   ⚙  ::set-output:: path=/opt/hostedtoolcache/Java_Zulu_jdk/11.0.21-9/x64
[ca1aa22d-f4e1-42b3-bfb6-17f02a77861a/build]   ⚙  ::set-output:: version=11.0.21+9
[ca1aa22d-f4e1-42b3-bfb6-17f02a77861a/build]   ⚙  ::set-output:: distribution=Zulu
[ca1aa22d-f4e1-42b3-bfb6-17f02a77861a/build]   ⚙  ::add-path:: /opt/hostedtoolcache/Java_Zulu_jdk/11.0.21-9/x64/bin
[ca1aa22d-f4e1-42b3-bfb6-17f02a77861a/build] unable to get git ref: failed to identify reference (tag/branch) for the checked-out revision '4722f9b6b6489ea7e9dea0c01ae1d7d3044310b5'
[ca1aa22d-f4e1-42b3-bfb6-17f02a77861a/build] unable to get git ref: failed to identify reference (tag/branch) for the checked-out revision '4722f9b6b6489ea7e9dea0c01ae1d7d3044310b5'
[ca1aa22d-f4e1-42b3-bfb6-17f02a77861a/build] unable to get git ref: failed to identify reference (tag/branch) for the checked-out revision '4722f9b6b6489ea7e9dea0c01ae1d7d3044310b5'
[ca1aa22d-f4e1-42b3-bfb6-17f02a77861a/build] unable to get git ref: failed to identify reference (tag/branch) for the checked-out revision '4722f9b6b6489ea7e9dea0c01ae1d7d3044310b5'
[ca1aa22d-f4e1-42b3-bfb6-17f02a77861a/build] unable to get git ref: failed to identify reference (tag/branch) for the checked-out revision '4722f9b6b6489ea7e9dea0c01ae1d7d3044310b5'
[ca1aa22d-f4e1-42b3-bfb6-17f02a77861a/build] ⭐ Run Main ./gradlew build --no-daemon --warning-mode=fail
[ca1aa22d-f4e1-42b3-bfb6-17f02a77861a/build] unable to get git ref: failed to identify reference (tag/branch) for the checked-out revision '4722f9b6b6489ea7e9dea0c01ae1d7d3044310b5'
[ca1aa22d-f4e1-42b3-bfb6-17f02a77861a/build] unable to get git ref: failed to identify reference (tag/branch) for the checked-out revision '4722f9b6b6489ea7e9dea0c01ae1d7d3044310b5'
[ca1aa22d-f4e1-42b3-bfb6-17f02a77861a/build] unable to get git ref: failed to identify reference (tag/branch) for the checked-out revision '4722f9b6b6489ea7e9dea0c01ae1d7d3044310b5'
[ca1aa22d-f4e1-42b3-bfb6-17f02a77861a/build] unable to get git ref: failed to identify reference (tag/branch) for the checked-out revision '4722f9b6b6489ea7e9dea0c01ae1d7d3044310b5'
[ca1aa22d-f4e1-42b3-bfb6-17f02a77861a/build]   🐳  docker exec cmd=[bash --noprofile --norc -e -o pipefail /var/run/act/workflow/2] user= workdir=
[ca1aa22d-f4e1-42b3-bfb6-17f02a77861a/build]   | Downloading https://services.gradle.org/distributions/gradle-7.5.1-bin.zip
[ca1aa22d-f4e1-42b3-bfb6-17f02a77861a/build]   | ...........10%............20%...........30%............40%...........50%............60%...........70%............80%...........90%............100%
[ca1aa22d-f4e1-42b3-bfb6-17f02a77861a/build]   | 
[ca1aa22d-f4e1-42b3-bfb6-17f02a77861a/build]   | Welcome to Gradle 7.5.1!
[ca1aa22d-f4e1-42b3-bfb6-17f02a77861a/build]   | 
[ca1aa22d-f4e1-42b3-bfb6-17f02a77861a/build]   | Here are the highlights of this release:
[ca1aa22d-f4e1-42b3-bfb6-17f02a77861a/build]   |  - Support for Java 18
[ca1aa22d-f4e1-42b3-bfb6-17f02a77861a/build]   |  - Support for building with Groovy 4
[ca1aa22d-f4e1-42b3-bfb6-17f02a77861a/build]   |  - Much more responsive continuous builds
[ca1aa22d-f4e1-42b3-bfb6-17f02a77861a/build]   |  - Improved diagnostics for dependency resolution
[ca1aa22d-f4e1-42b3-bfb6-17f02a77861a/build]   | 
[ca1aa22d-f4e1-42b3-bfb6-17f02a77861a/build]   | For more details see https://docs.gradle.org/7.5.1/release-notes.html
[ca1aa22d-f4e1-42b3-bfb6-17f02a77861a/build]   | 
[ca1aa22d-f4e1-42b3-bfb6-17f02a77861a/build]   | To honour the JVM settings for this build a single-use Daemon process will be forked. See https://docs.gradle.org/7.5.1/userguide/gradle_daemon.html#sec:disabling_the_daemon.
[ca1aa22d-f4e1-42b3-bfb6-17f02a77861a/build]   | Daemon will be stopped at the end of the build 
[ca1aa22d-f4e1-42b3-bfb6-17f02a77861a/build]   | 
[ca1aa22d-f4e1-42b3-bfb6-17f02a77861a/build]   | > Configure project :
[ca1aa22d-f4e1-42b3-bfb6-17f02a77861a/build]   | Kordamp Enforcer Gradle plugin 0.10.0. Consider becoming a patron at https://www.patreon.com/aalmiray
[ca1aa22d-f4e1-42b3-bfb6-17f02a77861a/build]   | 
[ca1aa22d-f4e1-42b3-bfb6-17f02a77861a/build]   | > Task :copyDependencies
[ca1aa22d-f4e1-42b3-bfb6-17f02a77861a/build]   | > Task :extractIncludeProto
[ca1aa22d-f4e1-42b3-bfb6-17f02a77861a/build]   | > Task :extractProto
[ca1aa22d-f4e1-42b3-bfb6-17f02a77861a/build]   | > Task :generateProto
[ca1aa22d-f4e1-42b3-bfb6-17f02a77861a/build]   | > Task :compileJava
[ca1aa22d-f4e1-42b3-bfb6-17f02a77861a/build]   | Note: Some input files use or override a deprecated API.
[ca1aa22d-f4e1-42b3-bfb6-17f02a77861a/build]   | Note: Recompile with -Xlint:deprecation for details.
[ca1aa22d-f4e1-42b3-bfb6-17f02a77861a/build]   | Note: Some input files use unchecked or unsafe operations.
[ca1aa22d-f4e1-42b3-bfb6-17f02a77861a/build]   | Note: Recompile with -Xlint:unchecked for details.
[ca1aa22d-f4e1-42b3-bfb6-17f02a77861a/build]   | 
[ca1aa22d-f4e1-42b3-bfb6-17f02a77861a/build]   | > Task :processResources
[ca1aa22d-f4e1-42b3-bfb6-17f02a77861a/build]   | > Task :classes
[ca1aa22d-f4e1-42b3-bfb6-17f02a77861a/build]   | > Task :jar
[ca1aa22d-f4e1-42b3-bfb6-17f02a77861a/build]   | > Task :assemble
[ca1aa22d-f4e1-42b3-bfb6-17f02a77861a/build]   | > Task :extractIncludeTestProto
[ca1aa22d-f4e1-42b3-bfb6-17f02a77861a/build]   | > Task :extractTestProto
[ca1aa22d-f4e1-42b3-bfb6-17f02a77861a/build]   | > Task :generateTestProto NO-SOURCE
[ca1aa22d-f4e1-42b3-bfb6-17f02a77861a/build]   | 
[ca1aa22d-f4e1-42b3-bfb6-17f02a77861a/build]   | > Task :compileTestJava
[ca1aa22d-f4e1-42b3-bfb6-17f02a77861a/build]   | Note: Some input files use or override a deprecated API.
[ca1aa22d-f4e1-42b3-bfb6-17f02a77861a/build]   | Note: Recompile with -Xlint:deprecation for details.
[ca1aa22d-f4e1-42b3-bfb6-17f02a77861a/build]   | Note: /tmp/83cd350d-fcd1-4012-98a3-22d70e392dda/src/test/java/org/traccar/helper/ServletHelperTest.java uses unchecked or unsafe operations.
[ca1aa22d-f4e1-42b3-bfb6-17f02a77861a/build]   | Note: Recompile with -Xlint:unchecked for details.
[ca1aa22d-f4e1-42b3-bfb6-17f02a77861a/build]   | 
[ca1aa22d-f4e1-42b3-bfb6-17f02a77861a/build]   | > Task :processTestResources NO-SOURCE
[ca1aa22d-f4e1-42b3-bfb6-17f02a77861a/build]   | > Task :testClasses
[ca1aa22d-f4e1-42b3-bfb6-17f02a77861a/build]   | > Task :checkstyleTest SKIPPED
[ca1aa22d-f4e1-42b3-bfb6-17f02a77861a/build]   | > Task :test
[ca1aa22d-f4e1-42b3-bfb6-17f02a77861a/build]   | > Task :checkstyleMain
[ca1aa22d-f4e1-42b3-bfb6-17f02a77861a/build]   | > Task :check
[ca1aa22d-f4e1-42b3-bfb6-17f02a77861a/build]   | > Task :build
[ca1aa22d-f4e1-42b3-bfb6-17f02a77861a/build]   | 
[ca1aa22d-f4e1-42b3-bfb6-17f02a77861a/build]   | BUILD SUCCESSFUL in 2m 19s
[ca1aa22d-f4e1-42b3-bfb6-17f02a77861a/build]   | 12 actionable tasks: 12 executed
[ca1aa22d-f4e1-42b3-bfb6-17f02a77861a/build]   ✅  Success - Main ./gradlew build --no-daemon --warning-mode=fail
[ca1aa22d-f4e1-42b3-bfb6-17f02a77861a/build] unable to get git ref: failed to identify reference (tag/branch) for the checked-out revision '4722f9b6b6489ea7e9dea0c01ae1d7d3044310b5'
[ca1aa22d-f4e1-42b3-bfb6-17f02a77861a/build] unable to get git ref: failed to identify reference (tag/branch) for the checked-out revision '4722f9b6b6489ea7e9dea0c01ae1d7d3044310b5'
[ca1aa22d-f4e1-42b3-bfb6-17f02a77861a/build] unable to get git ref: failed to identify reference (tag/branch) for the checked-out revision '4722f9b6b6489ea7e9dea0c01ae1d7d3044310b5'
[ca1aa22d-f4e1-42b3-bfb6-17f02a77861a/build] unable to get git ref: failed to identify reference (tag/branch) for the checked-out revision '4722f9b6b6489ea7e9dea0c01ae1d7d3044310b5'
[ca1aa22d-f4e1-42b3-bfb6-17f02a77861a/build] unable to get git ref: failed to identify reference (tag/branch) for the checked-out revision '4722f9b6b6489ea7e9dea0c01ae1d7d3044310b5'
[ca1aa22d-f4e1-42b3-bfb6-17f02a77861a/build] ⭐ Run Post actions/setup-java@v3
[ca1aa22d-f4e1-42b3-bfb6-17f02a77861a/build]   🐳  docker exec cmd=[node /var/run/act/actions/actions-setup-java@v3/dist/cleanup/index.js] user= workdir=
[ca1aa22d-f4e1-42b3-bfb6-17f02a77861a/build]   ✅  Success - Post actions/setup-java@v3
[ca1aa22d-f4e1-42b3-bfb6-17f02a77861a/build] 🏁  Job succeeded
[ca1aa22d-f4e1-42b3-bfb6-17f02a77861a/build] unable to get git ref: failed to identify reference (tag/branch) for the checked-out revision '4722f9b6b6489ea7e9dea0c01ae1d7d3044310b5'
