[4e5ae69c-e9b7-416b-acb3-38671b6c5c1c/build] 🚀  Start image=gitbugactions:latest
[4e5ae69c-e9b7-416b-acb3-38671b6c5c1c/build]   🐳  docker pull image=gitbugactions:latest platform= username= forcePull=false
[4e5ae69c-e9b7-416b-acb3-38671b6c5c1c/build]   🐳  docker create image=gitbugactions:latest platform= entrypoint=["tail" "-f" "/dev/null"] cmd=[]
[4e5ae69c-e9b7-416b-acb3-38671b6c5c1c/build]   🐳  docker run image=gitbugactions:latest platform= entrypoint=["tail" "-f" "/dev/null"] cmd=[]
[4e5ae69c-e9b7-416b-acb3-38671b6c5c1c/build]   🐳  docker exec cmd=[chown -R 1012:1013 /tmp/10b5c6ea-9c6e-47a6-b8e8-cd2b35bdd612] user=0 workdir=
[4e5ae69c-e9b7-416b-acb3-38671b6c5c1c/build] unable to get git ref: failed to identify reference (tag/branch) for the checked-out revision '22eebe2cadb3e98d858749ff30785aaac17cb7f7'
[4e5ae69c-e9b7-416b-acb3-38671b6c5c1c/build] unable to get git ref: failed to identify reference (tag/branch) for the checked-out revision '22eebe2cadb3e98d858749ff30785aaac17cb7f7'
[4e5ae69c-e9b7-416b-acb3-38671b6c5c1c/build] unable to get git ref: failed to identify reference (tag/branch) for the checked-out revision '22eebe2cadb3e98d858749ff30785aaac17cb7f7'
[4e5ae69c-e9b7-416b-acb3-38671b6c5c1c/build] unable to get git ref: failed to identify reference (tag/branch) for the checked-out revision '22eebe2cadb3e98d858749ff30785aaac17cb7f7'
[4e5ae69c-e9b7-416b-acb3-38671b6c5c1c/build] unable to get git ref: failed to identify reference (tag/branch) for the checked-out revision '22eebe2cadb3e98d858749ff30785aaac17cb7f7'
[4e5ae69c-e9b7-416b-acb3-38671b6c5c1c/build] unable to get git ref: failed to identify reference (tag/branch) for the checked-out revision '22eebe2cadb3e98d858749ff30785aaac17cb7f7'
[4e5ae69c-e9b7-416b-acb3-38671b6c5c1c/build] unable to get git ref: failed to identify reference (tag/branch) for the checked-out revision '22eebe2cadb3e98d858749ff30785aaac17cb7f7'
[4e5ae69c-e9b7-416b-acb3-38671b6c5c1c/build] unable to get git ref: failed to identify reference (tag/branch) for the checked-out revision '22eebe2cadb3e98d858749ff30785aaac17cb7f7'
[4e5ae69c-e9b7-416b-acb3-38671b6c5c1c/build] unable to get git ref: failed to identify reference (tag/branch) for the checked-out revision '22eebe2cadb3e98d858749ff30785aaac17cb7f7'
[4e5ae69c-e9b7-416b-acb3-38671b6c5c1c/build] ⭐ Run Main actions/checkout@v3
[4e5ae69c-e9b7-416b-acb3-38671b6c5c1c/build] unable to get git ref: failed to identify reference (tag/branch) for the checked-out revision '22eebe2cadb3e98d858749ff30785aaac17cb7f7'
[4e5ae69c-e9b7-416b-acb3-38671b6c5c1c/build] unable to get git ref: failed to identify reference (tag/branch) for the checked-out revision '22eebe2cadb3e98d858749ff30785aaac17cb7f7'
[4e5ae69c-e9b7-416b-acb3-38671b6c5c1c/build]   🐳  docker cp src=/tmp/10b5c6ea-9c6e-47a6-b8e8-cd2b35bdd612/. dst=/tmp/10b5c6ea-9c6e-47a6-b8e8-cd2b35bdd612
[4e5ae69c-e9b7-416b-acb3-38671b6c5c1c/build]   🐳  docker exec cmd=[chown -R 1012:1013 /tmp/10b5c6ea-9c6e-47a6-b8e8-cd2b35bdd612] user=0 workdir=
[4e5ae69c-e9b7-416b-acb3-38671b6c5c1c/build]   ✅  Success - Main actions/checkout@v3
[4e5ae69c-e9b7-416b-acb3-38671b6c5c1c/build] unable to get git ref: failed to identify reference (tag/branch) for the checked-out revision '22eebe2cadb3e98d858749ff30785aaac17cb7f7'
[4e5ae69c-e9b7-416b-acb3-38671b6c5c1c/build] unable to get git ref: failed to identify reference (tag/branch) for the checked-out revision '22eebe2cadb3e98d858749ff30785aaac17cb7f7'
[4e5ae69c-e9b7-416b-acb3-38671b6c5c1c/build] unable to get git ref: failed to identify reference (tag/branch) for the checked-out revision '22eebe2cadb3e98d858749ff30785aaac17cb7f7'
[4e5ae69c-e9b7-416b-acb3-38671b6c5c1c/build] unable to get git ref: failed to identify reference (tag/branch) for the checked-out revision '22eebe2cadb3e98d858749ff30785aaac17cb7f7'
[4e5ae69c-e9b7-416b-acb3-38671b6c5c1c/build] unable to get git ref: failed to identify reference (tag/branch) for the checked-out revision '22eebe2cadb3e98d858749ff30785aaac17cb7f7'
[4e5ae69c-e9b7-416b-acb3-38671b6c5c1c/build] ⭐ Run Main Set up JDK 17
[4e5ae69c-e9b7-416b-acb3-38671b6c5c1c/build] unable to get git ref: failed to identify reference (tag/branch) for the checked-out revision '22eebe2cadb3e98d858749ff30785aaac17cb7f7'
[4e5ae69c-e9b7-416b-acb3-38671b6c5c1c/build] unable to get git ref: failed to identify reference (tag/branch) for the checked-out revision '22eebe2cadb3e98d858749ff30785aaac17cb7f7'
[4e5ae69c-e9b7-416b-acb3-38671b6c5c1c/build] unable to get git ref: failed to identify reference (tag/branch) for the checked-out revision '22eebe2cadb3e98d858749ff30785aaac17cb7f7'
[4e5ae69c-e9b7-416b-acb3-38671b6c5c1c/build]   🐳  docker cp src=/tmp/act-cache/4250f21a-90ce-434c-b0f4-b0fc4809ad8d/act/actions-setup-java@v2/ dst=/var/run/act/actions/actions-setup-java@v2/
[4e5ae69c-e9b7-416b-acb3-38671b6c5c1c/build]   🐳  docker exec cmd=[chown -R 1012:1013 /var/run/act/actions/actions-setup-java@v2/] user=0 workdir=
[4e5ae69c-e9b7-416b-acb3-38671b6c5c1c/build]   🐳  docker exec cmd=[node /var/run/act/actions/actions-setup-java@v2/dist/setup/index.js] user= workdir=
[4e5ae69c-e9b7-416b-acb3-38671b6c5c1c/build]   | Trying to resolve the latest version from remote
[4e5ae69c-e9b7-416b-acb3-38671b6c5c1c/build]   | Resolved latest version as 17.0.9+9
[4e5ae69c-e9b7-416b-acb3-38671b6c5c1c/build]   | Trying to download...
[4e5ae69c-e9b7-416b-acb3-38671b6c5c1c/build]   | Downloading Java 17.0.9+9 (Zulu) from https://cdn.azul.com/zulu/bin/zulu17.46.29-ca-crac-jdk17.0.9-linux_x64.tar.gz ...
[4e5ae69c-e9b7-416b-acb3-38671b6c5c1c/build]   💬  ::debug::Downloading https://cdn.azul.com/zulu/bin/zulu17.46.29-ca-crac-jdk17.0.9-linux_x64.tar.gz
[4e5ae69c-e9b7-416b-acb3-38671b6c5c1c/build]   💬  ::debug::Destination /tmp/5d584f64-f250-45f1-9ae2-f669e601930e
[4e5ae69c-e9b7-416b-acb3-38671b6c5c1c/build]   💬  ::debug::download complete
[4e5ae69c-e9b7-416b-acb3-38671b6c5c1c/build]   | Extracting Java archive...
[4e5ae69c-e9b7-416b-acb3-38671b6c5c1c/build]   💬  ::debug::Checking tar --version
[4e5ae69c-e9b7-416b-acb3-38671b6c5c1c/build]   💬  ::debug::tar (GNU tar) 1.34%0ACopyright (C) 2021 Free Software Foundation, Inc.%0ALicense GPLv3+: GNU GPL version 3 or later <https://gnu.org/licenses/gpl.html>.%0AThis is free software: you are free to change and redistribute it.%0AThere is NO WARRANTY, to the extent permitted by law.%0A%0AWritten by John Gilmore and Jay Fenlason.
[4e5ae69c-e9b7-416b-acb3-38671b6c5c1c/build]   | [command]/usr/bin/tar xz --warning=no-unknown-keyword -C /tmp/48bbc55d-bd63-479c-ae19-7fce4e2ad705 -f /tmp/5d584f64-f250-45f1-9ae2-f669e601930e
[4e5ae69c-e9b7-416b-acb3-38671b6c5c1c/build]   💬  ::debug::Caching tool Java_Zulu_jdk 17.0.9-9 x64
[4e5ae69c-e9b7-416b-acb3-38671b6c5c1c/build]   💬  ::debug::source dir: /tmp/48bbc55d-bd63-479c-ae19-7fce4e2ad705/zulu17.46.29-ca-crac-jdk17.0.9-linux_x64
[4e5ae69c-e9b7-416b-acb3-38671b6c5c1c/build]   💬  ::debug::destination /opt/hostedtoolcache/Java_Zulu_jdk/17.0.9-9/x64
[4e5ae69c-e9b7-416b-acb3-38671b6c5c1c/build]   💬  ::debug::finished caching tool
[4e5ae69c-e9b7-416b-acb3-38671b6c5c1c/build]   | Java 17.0.9+9 was downloaded
[4e5ae69c-e9b7-416b-acb3-38671b6c5c1c/build]   | Setting Java 17.0.9+9 as the default
[4e5ae69c-e9b7-416b-acb3-38671b6c5c1c/build]   | 
[4e5ae69c-e9b7-416b-acb3-38671b6c5c1c/build]   | Java configuration:
[4e5ae69c-e9b7-416b-acb3-38671b6c5c1c/build]   |   Distribution: zulu
[4e5ae69c-e9b7-416b-acb3-38671b6c5c1c/build]   |   Version: 17.0.9+9
[4e5ae69c-e9b7-416b-acb3-38671b6c5c1c/build]   |   Path: /opt/hostedtoolcache/Java_Zulu_jdk/17.0.9-9/x64
[4e5ae69c-e9b7-416b-acb3-38671b6c5c1c/build]   | 
[4e5ae69c-e9b7-416b-acb3-38671b6c5c1c/build]   ❓ add-matcher /run/act/actions/actions-setup-java@v2/.github/java.json
[4e5ae69c-e9b7-416b-acb3-38671b6c5c1c/build]   | Creating settings.xml with server-id: github
[4e5ae69c-e9b7-416b-acb3-38671b6c5c1c/build]   | Writing to /home/runner/.m2/settings.xml
[4e5ae69c-e9b7-416b-acb3-38671b6c5c1c/build]   ✅  Success - Main Set up JDK 17
[4e5ae69c-e9b7-416b-acb3-38671b6c5c1c/build]   ⚙  ::set-env:: JAVA_HOME=/opt/hostedtoolcache/Java_Zulu_jdk/17.0.9-9/x64
[4e5ae69c-e9b7-416b-acb3-38671b6c5c1c/build]   ⚙  ::set-output:: distribution=Zulu
[4e5ae69c-e9b7-416b-acb3-38671b6c5c1c/build]   ⚙  ::set-output:: path=/opt/hostedtoolcache/Java_Zulu_jdk/17.0.9-9/x64
[4e5ae69c-e9b7-416b-acb3-38671b6c5c1c/build]   ⚙  ::set-output:: version=17.0.9+9
[4e5ae69c-e9b7-416b-acb3-38671b6c5c1c/build]   ⚙  ::add-path:: /opt/hostedtoolcache/Java_Zulu_jdk/17.0.9-9/x64/bin
[4e5ae69c-e9b7-416b-acb3-38671b6c5c1c/build] unable to get git ref: failed to identify reference (tag/branch) for the checked-out revision '22eebe2cadb3e98d858749ff30785aaac17cb7f7'
[4e5ae69c-e9b7-416b-acb3-38671b6c5c1c/build] unable to get git ref: failed to identify reference (tag/branch) for the checked-out revision '22eebe2cadb3e98d858749ff30785aaac17cb7f7'
[4e5ae69c-e9b7-416b-acb3-38671b6c5c1c/build] unable to get git ref: failed to identify reference (tag/branch) for the checked-out revision '22eebe2cadb3e98d858749ff30785aaac17cb7f7'
[4e5ae69c-e9b7-416b-acb3-38671b6c5c1c/build] unable to get git ref: failed to identify reference (tag/branch) for the checked-out revision '22eebe2cadb3e98d858749ff30785aaac17cb7f7'
[4e5ae69c-e9b7-416b-acb3-38671b6c5c1c/build] unable to get git ref: failed to identify reference (tag/branch) for the checked-out revision '22eebe2cadb3e98d858749ff30785aaac17cb7f7'
[4e5ae69c-e9b7-416b-acb3-38671b6c5c1c/build] ⭐ Run Main Grant execute permission for gradlew
[4e5ae69c-e9b7-416b-acb3-38671b6c5c1c/build] unable to get git ref: failed to identify reference (tag/branch) for the checked-out revision '22eebe2cadb3e98d858749ff30785aaac17cb7f7'
[4e5ae69c-e9b7-416b-acb3-38671b6c5c1c/build] unable to get git ref: failed to identify reference (tag/branch) for the checked-out revision '22eebe2cadb3e98d858749ff30785aaac17cb7f7'
[4e5ae69c-e9b7-416b-acb3-38671b6c5c1c/build] unable to get git ref: failed to identify reference (tag/branch) for the checked-out revision '22eebe2cadb3e98d858749ff30785aaac17cb7f7'
[4e5ae69c-e9b7-416b-acb3-38671b6c5c1c/build] unable to get git ref: failed to identify reference (tag/branch) for the checked-out revision '22eebe2cadb3e98d858749ff30785aaac17cb7f7'
[4e5ae69c-e9b7-416b-acb3-38671b6c5c1c/build]   🐳  docker exec cmd=[bash --noprofile --norc -e -o pipefail /var/run/act/workflow/2] user= workdir=
[4e5ae69c-e9b7-416b-acb3-38671b6c5c1c/build]   ✅  Success - Main Grant execute permission for gradlew
[4e5ae69c-e9b7-416b-acb3-38671b6c5c1c/build] unable to get git ref: failed to identify reference (tag/branch) for the checked-out revision '22eebe2cadb3e98d858749ff30785aaac17cb7f7'
[4e5ae69c-e9b7-416b-acb3-38671b6c5c1c/build] unable to get git ref: failed to identify reference (tag/branch) for the checked-out revision '22eebe2cadb3e98d858749ff30785aaac17cb7f7'
[4e5ae69c-e9b7-416b-acb3-38671b6c5c1c/build] unable to get git ref: failed to identify reference (tag/branch) for the checked-out revision '22eebe2cadb3e98d858749ff30785aaac17cb7f7'
[4e5ae69c-e9b7-416b-acb3-38671b6c5c1c/build] unable to get git ref: failed to identify reference (tag/branch) for the checked-out revision '22eebe2cadb3e98d858749ff30785aaac17cb7f7'
[4e5ae69c-e9b7-416b-acb3-38671b6c5c1c/build] unable to get git ref: failed to identify reference (tag/branch) for the checked-out revision '22eebe2cadb3e98d858749ff30785aaac17cb7f7'
[4e5ae69c-e9b7-416b-acb3-38671b6c5c1c/build] ⭐ Run Main Build with Gradle
[4e5ae69c-e9b7-416b-acb3-38671b6c5c1c/build] unable to get git ref: failed to identify reference (tag/branch) for the checked-out revision '22eebe2cadb3e98d858749ff30785aaac17cb7f7'
[4e5ae69c-e9b7-416b-acb3-38671b6c5c1c/build] unable to get git ref: failed to identify reference (tag/branch) for the checked-out revision '22eebe2cadb3e98d858749ff30785aaac17cb7f7'
[4e5ae69c-e9b7-416b-acb3-38671b6c5c1c/build] unable to get git ref: failed to identify reference (tag/branch) for the checked-out revision '22eebe2cadb3e98d858749ff30785aaac17cb7f7'
[4e5ae69c-e9b7-416b-acb3-38671b6c5c1c/build] unable to get git ref: failed to identify reference (tag/branch) for the checked-out revision '22eebe2cadb3e98d858749ff30785aaac17cb7f7'
[4e5ae69c-e9b7-416b-acb3-38671b6c5c1c/build]   🐳  docker exec cmd=[bash --noprofile --norc -e -o pipefail /var/run/act/workflow/3] user= workdir=
[4e5ae69c-e9b7-416b-acb3-38671b6c5c1c/build]   | Downloading https://services.gradle.org/distributions/gradle-8.1-bin.zip
[4e5ae69c-e9b7-416b-acb3-38671b6c5c1c/build]   | ...........10%............20%............30%............40%............50%............60%............70%............80%...........90%............100%
[4e5ae69c-e9b7-416b-acb3-38671b6c5c1c/build]   | 
[4e5ae69c-e9b7-416b-acb3-38671b6c5c1c/build]   | Welcome to Gradle 8.1!
[4e5ae69c-e9b7-416b-acb3-38671b6c5c1c/build]   | 
[4e5ae69c-e9b7-416b-acb3-38671b6c5c1c/build]   | Here are the highlights of this release:
[4e5ae69c-e9b7-416b-acb3-38671b6c5c1c/build]   |  - Stable configuration cache
[4e5ae69c-e9b7-416b-acb3-38671b6c5c1c/build]   |  - Experimental Kotlin DSL assignment syntax
[4e5ae69c-e9b7-416b-acb3-38671b6c5c1c/build]   |  - Building with Java 20
[4e5ae69c-e9b7-416b-acb3-38671b6c5c1c/build]   | 
[4e5ae69c-e9b7-416b-acb3-38671b6c5c1c/build]   | For more details see https://docs.gradle.org/8.1/release-notes.html
[4e5ae69c-e9b7-416b-acb3-38671b6c5c1c/build]   | 
[4e5ae69c-e9b7-416b-acb3-38671b6c5c1c/build]   | Starting a Gradle Daemon (subsequent builds will be faster)
[4e5ae69c-e9b7-416b-acb3-38671b6c5c1c/build]   | 
[4e5ae69c-e9b7-416b-acb3-38671b6c5c1c/build]   | > Task :initializeIntelliJPlugin
[4e5ae69c-e9b7-416b-acb3-38671b6c5c1c/build]   | [gradle-intellij-plugin :initializeIntelliJPlugin] Gradle IntelliJ Plugin is outdated: 1.14.2. Update `org.jetbrains.intellij` to: 1.16.0
[4e5ae69c-e9b7-416b-acb3-38671b6c5c1c/build]   | 
[4e5ae69c-e9b7-416b-acb3-38671b6c5c1c/build]   | > Task :patchPluginXml
[4e5ae69c-e9b7-416b-acb3-38671b6c5c1c/build]   | > Task :verifyPluginConfiguration
[4e5ae69c-e9b7-416b-acb3-38671b6c5c1c/build]   | 
[4e5ae69c-e9b7-416b-acb3-38671b6c5c1c/build]   | > Task :compileJava
[4e5ae69c-e9b7-416b-acb3-38671b6c5c1c/build]   | Note: /tmp/10b5c6ea-9c6e-47a6-b8e8-cd2b35bdd612/src/main/java/com/reason/lang/core/psi/impl/RPsiParameters.java uses or overrides a deprecated API.
[4e5ae69c-e9b7-416b-acb3-38671b6c5c1c/build]   | Note: Recompile with -Xlint:deprecation for details.
[4e5ae69c-e9b7-416b-acb3-38671b6c5c1c/build]   | Note: Some input files use unchecked or unsafe operations.
[4e5ae69c-e9b7-416b-acb3-38671b6c5c1c/build]   | Note: Recompile with -Xlint:unchecked for details.
[4e5ae69c-e9b7-416b-acb3-38671b6c5c1c/build]   | 
[4e5ae69c-e9b7-416b-acb3-38671b6c5c1c/build]   | > Task :processResources
[4e5ae69c-e9b7-416b-acb3-38671b6c5c1c/build]   | > Task :classes
[4e5ae69c-e9b7-416b-acb3-38671b6c5c1c/build]   | > Task :instrumentCode
[4e5ae69c-e9b7-416b-acb3-38671b6c5c1c/build]   | > Task :compileTestJava
[4e5ae69c-e9b7-416b-acb3-38671b6c5c1c/build]   | > Task :processTestResources NO-SOURCE
[4e5ae69c-e9b7-416b-acb3-38671b6c5c1c/build]   | > Task :testClasses
[4e5ae69c-e9b7-416b-acb3-38671b6c5c1c/build]   | > Task :instrumentTestCode
[4e5ae69c-e9b7-416b-acb3-38671b6c5c1c/build]   | > Task :instrumentedJar
[4e5ae69c-e9b7-416b-acb3-38671b6c5c1c/build]   | > Task :jar
[4e5ae69c-e9b7-416b-acb3-38671b6c5c1c/build]   | > Task :prepareTestingSandbox
[4e5ae69c-e9b7-416b-acb3-38671b6c5c1c/build]   | 
[4e5ae69c-e9b7-416b-acb3-38671b6c5c1c/build]   | > Task :test
[4e5ae69c-e9b7-416b-acb3-38671b6c5c1c/build]   | LaunchSystemArgumentProvider = [-Didea.config.path=/tmp/10b5c6ea-9c6e-47a6-b8e8-cd2b35bdd612/build/idea-sandbox/config-test, -Didea.system.path=/tmp/10b5c6ea-9c6e-47a6-b8e8-cd2b35bdd612/build/idea-sandbox/system-test, -Didea.log.path=/tmp/10b5c6ea-9c6e-47a6-b8e8-cd2b35bdd612/build/idea-sandbox/system-test/log, -Didea.plugins.path=/tmp/10b5c6ea-9c6e-47a6-b8e8-cd2b35bdd612/build/idea-sandbox/plugins-test, -Didea.required.plugins.id=reasonml]
[4e5ae69c-e9b7-416b-acb3-38671b6c5c1c/build]   | 
[4e5ae69c-e9b7-416b-acb3-38671b6c5c1c/build]   | > Task :classpathIndexCleanup
[4e5ae69c-e9b7-416b-acb3-38671b6c5c1c/build]   | > Task :prepareSandbox
[4e5ae69c-e9b7-416b-acb3-38671b6c5c1c/build]   | 
[4e5ae69c-e9b7-416b-acb3-38671b6c5c1c/build]   | > Task :buildSearchableOptions
[4e5ae69c-e9b7-416b-acb3-38671b6c5c1c/build]   | systemProperties = {}
[4e5ae69c-e9b7-416b-acb3-38671b6c5c1c/build]   | LaunchSystemArgumentProvider = [-Didea.config.path=/tmp/10b5c6ea-9c6e-47a6-b8e8-cd2b35bdd612/build/idea-sandbox/config, -Didea.system.path=/tmp/10b5c6ea-9c6e-47a6-b8e8-cd2b35bdd612/build/idea-sandbox/system, -Didea.log.path=/tmp/10b5c6ea-9c6e-47a6-b8e8-cd2b35bdd612/build/idea-sandbox/system/log, -Didea.plugins.path=/tmp/10b5c6ea-9c6e-47a6-b8e8-cd2b35bdd612/build/idea-sandbox/plugins, -Didea.required.plugins.id=reasonml]
[4e5ae69c-e9b7-416b-acb3-38671b6c5c1c/build]   | 2023-11-25 19:30:14,058 [    680]   WARN - j.u.prefs - Prefs file removed in background /home/runner/.java/.userPrefs/prefs.xml
[4e5ae69c-e9b7-416b-acb3-38671b6c5c1c/build]   | Starting searchable options index builder
[4e5ae69c-e9b7-416b-acb3-38671b6c5c1c/build]   | 2023-11-25 19:30:14,472 [   1094]   WARN - #c.i.n.i.NotificationGroupManagerImpl - Notification group CodeWithMe is already registered (group=com.intellij.notification.NotificationGroup@a986eb3). Plugin descriptor: PluginDescriptor(name=Code With Me, id=com.jetbrains.codeWithMe, descriptorPath=plugin.xml, path=~/.gradle/caches/modules-2/files-2.1/com.jetbrains.intellij.idea/ideaIU/2022.2/e174f5155244551c98619d83efcb30642add07c2/ideaIU-2022.2/plugins/cwm-plugin, version=222.3345.118, package=null, isBundled=true)
[4e5ae69c-e9b7-416b-acb3-38671b6c5c1c/build]   | 2023-11-25 19:30:17,507 [   4129]   WARN - Jetbrains UI DSL - Unsupported labeled component: com.intellij.ui.ToolbarDecorator$2
[4e5ae69c-e9b7-416b-acb3-38671b6c5c1c/build]   | 2023-11-25 19:30:17,508 [   4130]   WARN - Jetbrains UI DSL - Unsupported labeled component: com.intellij.ui.ToolbarDecorator$2
[4e5ae69c-e9b7-416b-acb3-38671b6c5c1c/build]   | 2023-11-25 19:30:28,593 [  15215]   WARN - Jetbrains UI DSL - Unsupported labeled component: com.intellij.ui.components.ActionLink
[4e5ae69c-e9b7-416b-acb3-38671b6c5c1c/build]   | 2023-11-25 19:30:34,214 [  20836]   WARN - Jetbrains UI DSL - Unsupported labeled component: com.intellij.ui.ToolbarDecorator$2
[4e5ae69c-e9b7-416b-acb3-38671b6c5c1c/build]   | 2023-11-25 19:30:34,670 [  21292]   WARN - Jetbrains UI DSL - Unsupported labeled component: com.intellij.ui.components.JBList
[4e5ae69c-e9b7-416b-acb3-38671b6c5c1c/build]   | 2023-11-25 19:30:37,141 [  23763]   WARN - #c.i.u.j.JBCefApp - JCEF is manually disabled in headless env via 'ide.browser.jcef.headless.enabled=false'
[4e5ae69c-e9b7-416b-acb3-38671b6c5c1c/build]   | Found 348 configurables
[4e5ae69c-e9b7-416b-acb3-38671b6c5c1c/build]   | Searchable options index builder completed
[4e5ae69c-e9b7-416b-acb3-38671b6c5c1c/build]   | 
[4e5ae69c-e9b7-416b-acb3-38671b6c5c1c/build]   | > Task :jarSearchableOptions
[4e5ae69c-e9b7-416b-acb3-38671b6c5c1c/build]   | > Task :buildPlugin
[4e5ae69c-e9b7-416b-acb3-38671b6c5c1c/build]   | > Task :assemble
[4e5ae69c-e9b7-416b-acb3-38671b6c5c1c/build]   | > Task :check
[4e5ae69c-e9b7-416b-acb3-38671b6c5c1c/build]   | > Task :build
[4e5ae69c-e9b7-416b-acb3-38671b6c5c1c/build]   | 
[4e5ae69c-e9b7-416b-acb3-38671b6c5c1c/build]   | BUILD SUCCESSFUL in 6m 22s
[4e5ae69c-e9b7-416b-acb3-38671b6c5c1c/build]   | 17 actionable tasks: 17 executed
[4e5ae69c-e9b7-416b-acb3-38671b6c5c1c/build]   ✅  Success - Main Build with Gradle
[4e5ae69c-e9b7-416b-acb3-38671b6c5c1c/build] unable to get git ref: failed to identify reference (tag/branch) for the checked-out revision '22eebe2cadb3e98d858749ff30785aaac17cb7f7'
[4e5ae69c-e9b7-416b-acb3-38671b6c5c1c/build] unable to get git ref: failed to identify reference (tag/branch) for the checked-out revision '22eebe2cadb3e98d858749ff30785aaac17cb7f7'
[4e5ae69c-e9b7-416b-acb3-38671b6c5c1c/build] unable to get git ref: failed to identify reference (tag/branch) for the checked-out revision '22eebe2cadb3e98d858749ff30785aaac17cb7f7'
[4e5ae69c-e9b7-416b-acb3-38671b6c5c1c/build] unable to get git ref: failed to identify reference (tag/branch) for the checked-out revision '22eebe2cadb3e98d858749ff30785aaac17cb7f7'
[4e5ae69c-e9b7-416b-acb3-38671b6c5c1c/build] unable to get git ref: failed to identify reference (tag/branch) for the checked-out revision '22eebe2cadb3e98d858749ff30785aaac17cb7f7'
[4e5ae69c-e9b7-416b-acb3-38671b6c5c1c/build] ⭐ Run Main Test with Gradle
[4e5ae69c-e9b7-416b-acb3-38671b6c5c1c/build] unable to get git ref: failed to identify reference (tag/branch) for the checked-out revision '22eebe2cadb3e98d858749ff30785aaac17cb7f7'
[4e5ae69c-e9b7-416b-acb3-38671b6c5c1c/build] unable to get git ref: failed to identify reference (tag/branch) for the checked-out revision '22eebe2cadb3e98d858749ff30785aaac17cb7f7'
[4e5ae69c-e9b7-416b-acb3-38671b6c5c1c/build] unable to get git ref: failed to identify reference (tag/branch) for the checked-out revision '22eebe2cadb3e98d858749ff30785aaac17cb7f7'
[4e5ae69c-e9b7-416b-acb3-38671b6c5c1c/build] unable to get git ref: failed to identify reference (tag/branch) for the checked-out revision '22eebe2cadb3e98d858749ff30785aaac17cb7f7'
[4e5ae69c-e9b7-416b-acb3-38671b6c5c1c/build]   🐳  docker exec cmd=[bash --noprofile --norc -e -o pipefail /var/run/act/workflow/4] user= workdir=
[4e5ae69c-e9b7-416b-acb3-38671b6c5c1c/build]   | > Task :initializeIntelliJPlugin SKIPPED
[4e5ae69c-e9b7-416b-acb3-38671b6c5c1c/build]   | > Task :patchPluginXml UP-TO-DATE
[4e5ae69c-e9b7-416b-acb3-38671b6c5c1c/build]   | > Task :verifyPluginConfiguration
[4e5ae69c-e9b7-416b-acb3-38671b6c5c1c/build]   | > Task :compileJava UP-TO-DATE
[4e5ae69c-e9b7-416b-acb3-38671b6c5c1c/build]   | > Task :processResources UP-TO-DATE
[4e5ae69c-e9b7-416b-acb3-38671b6c5c1c/build]   | > Task :classes UP-TO-DATE
[4e5ae69c-e9b7-416b-acb3-38671b6c5c1c/build]   | > Task :instrumentCode
[4e5ae69c-e9b7-416b-acb3-38671b6c5c1c/build]   | > Task :instrumentedJar UP-TO-DATE
[4e5ae69c-e9b7-416b-acb3-38671b6c5c1c/build]   | > Task :jar UP-TO-DATE
[4e5ae69c-e9b7-416b-acb3-38671b6c5c1c/build]   | > Task :compileTestJava UP-TO-DATE
[4e5ae69c-e9b7-416b-acb3-38671b6c5c1c/build]   | > Task :processTestResources NO-SOURCE
[4e5ae69c-e9b7-416b-acb3-38671b6c5c1c/build]   | > Task :testClasses UP-TO-DATE
[4e5ae69c-e9b7-416b-acb3-38671b6c5c1c/build]   | > Task :instrumentTestCode
[4e5ae69c-e9b7-416b-acb3-38671b6c5c1c/build]   | > Task :prepareTestingSandbox UP-TO-DATE
[4e5ae69c-e9b7-416b-acb3-38671b6c5c1c/build]   | 
[4e5ae69c-e9b7-416b-acb3-38671b6c5c1c/build]   | > Task :test
[4e5ae69c-e9b7-416b-acb3-38671b6c5c1c/build]   | LaunchSystemArgumentProvider = [-Didea.config.path=/tmp/10b5c6ea-9c6e-47a6-b8e8-cd2b35bdd612/build/idea-sandbox/config-test, -Didea.system.path=/tmp/10b5c6ea-9c6e-47a6-b8e8-cd2b35bdd612/build/idea-sandbox/system-test, -Didea.log.path=/tmp/10b5c6ea-9c6e-47a6-b8e8-cd2b35bdd612/build/idea-sandbox/system-test/log, -Didea.plugins.path=/tmp/10b5c6ea-9c6e-47a6-b8e8-cd2b35bdd612/build/idea-sandbox/plugins-test, -Didea.required.plugins.id=reasonml]
[4e5ae69c-e9b7-416b-acb3-38671b6c5c1c/build]   | 
[4e5ae69c-e9b7-416b-acb3-38671b6c5c1c/build]   | > Task :classpathIndexCleanup
[4e5ae69c-e9b7-416b-acb3-38671b6c5c1c/build]   | 
[4e5ae69c-e9b7-416b-acb3-38671b6c5c1c/build]   | BUILD SUCCESSFUL in 51s
[4e5ae69c-e9b7-416b-acb3-38671b6c5c1c/build]   | 12 actionable tasks: 5 executed, 7 up-to-date
[4e5ae69c-e9b7-416b-acb3-38671b6c5c1c/build]   ✅  Success - Main Test with Gradle
[4e5ae69c-e9b7-416b-acb3-38671b6c5c1c/build] unable to get git ref: failed to identify reference (tag/branch) for the checked-out revision '22eebe2cadb3e98d858749ff30785aaac17cb7f7'
[4e5ae69c-e9b7-416b-acb3-38671b6c5c1c/build] unable to get git ref: failed to identify reference (tag/branch) for the checked-out revision '22eebe2cadb3e98d858749ff30785aaac17cb7f7'
[4e5ae69c-e9b7-416b-acb3-38671b6c5c1c/build] unable to get git ref: failed to identify reference (tag/branch) for the checked-out revision '22eebe2cadb3e98d858749ff30785aaac17cb7f7'
[4e5ae69c-e9b7-416b-acb3-38671b6c5c1c/build] unable to get git ref: failed to identify reference (tag/branch) for the checked-out revision '22eebe2cadb3e98d858749ff30785aaac17cb7f7'
[4e5ae69c-e9b7-416b-acb3-38671b6c5c1c/build] unable to get git ref: failed to identify reference (tag/branch) for the checked-out revision '22eebe2cadb3e98d858749ff30785aaac17cb7f7'
[4e5ae69c-e9b7-416b-acb3-38671b6c5c1c/build] ⭐ Run Post Set up JDK 17
[4e5ae69c-e9b7-416b-acb3-38671b6c5c1c/build]   🐳  docker exec cmd=[node /var/run/act/actions/actions-setup-java@v2/dist/cleanup/index.js] user= workdir=
[4e5ae69c-e9b7-416b-acb3-38671b6c5c1c/build]   ✅  Success - Post Set up JDK 17
[4e5ae69c-e9b7-416b-acb3-38671b6c5c1c/build] 🏁  Job succeeded
[4e5ae69c-e9b7-416b-acb3-38671b6c5c1c/build] unable to get git ref: failed to identify reference (tag/branch) for the checked-out revision '22eebe2cadb3e98d858749ff30785aaac17cb7f7'
