[f6f9e2b2-f0e6-4c74-bc49-ff07cc2c79f1/build] 🚀  Start image=crawlergpt:latest
[f6f9e2b2-f0e6-4c74-bc49-ff07cc2c79f1/build]   🐳  docker pull image=crawlergpt:latest platform= username= forcePull=false
[f6f9e2b2-f0e6-4c74-bc49-ff07cc2c79f1/build]   🐳  docker create image=crawlergpt:latest platform= entrypoint=["tail" "-f" "/dev/null"] cmd=[]
[f6f9e2b2-f0e6-4c74-bc49-ff07cc2c79f1/build]   🐳  docker run image=crawlergpt:latest platform= entrypoint=["tail" "-f" "/dev/null"] cmd=[]
[f6f9e2b2-f0e6-4c74-bc49-ff07cc2c79f1/build]   🐳  docker exec cmd=[chown -R 1012:1013 /tmp/d8ccb89d-0360-4ea9-b2de-bc890829fcd2] user=0 workdir=
[f6f9e2b2-f0e6-4c74-bc49-ff07cc2c79f1/build] unable to get git ref: failed to identify reference (tag/branch) for the checked-out revision '7aecd90e1d6dbbe590d0b31835ef3c42cca9bb3a'
[f6f9e2b2-f0e6-4c74-bc49-ff07cc2c79f1/build] unable to get git ref: failed to identify reference (tag/branch) for the checked-out revision '7aecd90e1d6dbbe590d0b31835ef3c42cca9bb3a'
[f6f9e2b2-f0e6-4c74-bc49-ff07cc2c79f1/build] unable to get git ref: failed to identify reference (tag/branch) for the checked-out revision '7aecd90e1d6dbbe590d0b31835ef3c42cca9bb3a'
[f6f9e2b2-f0e6-4c74-bc49-ff07cc2c79f1/build] unable to get git ref: failed to identify reference (tag/branch) for the checked-out revision '7aecd90e1d6dbbe590d0b31835ef3c42cca9bb3a'
[f6f9e2b2-f0e6-4c74-bc49-ff07cc2c79f1/build] unable to get git ref: failed to identify reference (tag/branch) for the checked-out revision '7aecd90e1d6dbbe590d0b31835ef3c42cca9bb3a'
[f6f9e2b2-f0e6-4c74-bc49-ff07cc2c79f1/build] unable to get git ref: failed to identify reference (tag/branch) for the checked-out revision '7aecd90e1d6dbbe590d0b31835ef3c42cca9bb3a'
[f6f9e2b2-f0e6-4c74-bc49-ff07cc2c79f1/build] unable to get git ref: failed to identify reference (tag/branch) for the checked-out revision '7aecd90e1d6dbbe590d0b31835ef3c42cca9bb3a'
[f6f9e2b2-f0e6-4c74-bc49-ff07cc2c79f1/build] unable to get git ref: failed to identify reference (tag/branch) for the checked-out revision '7aecd90e1d6dbbe590d0b31835ef3c42cca9bb3a'
[f6f9e2b2-f0e6-4c74-bc49-ff07cc2c79f1/build] unable to get git ref: failed to identify reference (tag/branch) for the checked-out revision '7aecd90e1d6dbbe590d0b31835ef3c42cca9bb3a'
[f6f9e2b2-f0e6-4c74-bc49-ff07cc2c79f1/build] ⭐ Run Main actions/checkout@v1
[f6f9e2b2-f0e6-4c74-bc49-ff07cc2c79f1/build] unable to get git ref: failed to identify reference (tag/branch) for the checked-out revision '7aecd90e1d6dbbe590d0b31835ef3c42cca9bb3a'
[f6f9e2b2-f0e6-4c74-bc49-ff07cc2c79f1/build]   ✅  Success - Main actions/checkout@v1
[f6f9e2b2-f0e6-4c74-bc49-ff07cc2c79f1/build] unable to get git ref: failed to identify reference (tag/branch) for the checked-out revision '7aecd90e1d6dbbe590d0b31835ef3c42cca9bb3a'
[f6f9e2b2-f0e6-4c74-bc49-ff07cc2c79f1/build] unable to get git ref: failed to identify reference (tag/branch) for the checked-out revision '7aecd90e1d6dbbe590d0b31835ef3c42cca9bb3a'
[f6f9e2b2-f0e6-4c74-bc49-ff07cc2c79f1/build] unable to get git ref: failed to identify reference (tag/branch) for the checked-out revision '7aecd90e1d6dbbe590d0b31835ef3c42cca9bb3a'
[f6f9e2b2-f0e6-4c74-bc49-ff07cc2c79f1/build] unable to get git ref: failed to identify reference (tag/branch) for the checked-out revision '7aecd90e1d6dbbe590d0b31835ef3c42cca9bb3a'
[f6f9e2b2-f0e6-4c74-bc49-ff07cc2c79f1/build] unable to get git ref: failed to identify reference (tag/branch) for the checked-out revision '7aecd90e1d6dbbe590d0b31835ef3c42cca9bb3a'
[f6f9e2b2-f0e6-4c74-bc49-ff07cc2c79f1/build] ⭐ Run Main Set up JDK 1.8
[f6f9e2b2-f0e6-4c74-bc49-ff07cc2c79f1/build] unable to get git ref: failed to identify reference (tag/branch) for the checked-out revision '7aecd90e1d6dbbe590d0b31835ef3c42cca9bb3a'
[f6f9e2b2-f0e6-4c74-bc49-ff07cc2c79f1/build] unable to get git ref: failed to identify reference (tag/branch) for the checked-out revision '7aecd90e1d6dbbe590d0b31835ef3c42cca9bb3a'
[f6f9e2b2-f0e6-4c74-bc49-ff07cc2c79f1/build] unable to get git ref: failed to identify reference (tag/branch) for the checked-out revision '7aecd90e1d6dbbe590d0b31835ef3c42cca9bb3a'
[f6f9e2b2-f0e6-4c74-bc49-ff07cc2c79f1/build]   🐳  docker cp src=/tmp/act-cache/14564b63-4e3d-4844-bb1d-df6958610632/act/actions-setup-java@v1/ dst=/var/run/act/actions/actions-setup-java@v1/
[f6f9e2b2-f0e6-4c74-bc49-ff07cc2c79f1/build]   🐳  docker exec cmd=[chown -R 1012:1013 /var/run/act/actions/actions-setup-java@v1/] user=0 workdir=
[f6f9e2b2-f0e6-4c74-bc49-ff07cc2c79f1/build]   🐳  docker exec cmd=[node /var/run/act/actions/actions-setup-java@v1/dist/setup/index.js] user= workdir=
[f6f9e2b2-f0e6-4c74-bc49-ff07cc2c79f1/build]   💬  ::debug::isExplicit: 
[f6f9e2b2-f0e6-4c74-bc49-ff07cc2c79f1/build]   💬  ::debug::explicit? false
[f6f9e2b2-f0e6-4c74-bc49-ff07cc2c79f1/build]   💬  ::debug::evaluating 0 versions
[f6f9e2b2-f0e6-4c74-bc49-ff07cc2c79f1/build]   💬  ::debug::match not found
[f6f9e2b2-f0e6-4c74-bc49-ff07cc2c79f1/build]   💬  ::debug::Downloading JDK from Azul
[f6f9e2b2-f0e6-4c74-bc49-ff07cc2c79f1/build]   💬  ::debug::Searching for files with extension: -linux_x64.tar.gz
[f6f9e2b2-f0e6-4c74-bc49-ff07cc2c79f1/build]   💬  ::debug::Downloading https://static.azul.com/zulu/bin/zulu8.70.0.23-ca-jdk8.0.372-linux_x64.tar.gz
[f6f9e2b2-f0e6-4c74-bc49-ff07cc2c79f1/build]   💬  ::debug::Downloading /tmp/af138fbc-195d-4595-88a7-e3c9816da349
[f6f9e2b2-f0e6-4c74-bc49-ff07cc2c79f1/build]   💬  ::debug::download complete
[f6f9e2b2-f0e6-4c74-bc49-ff07cc2c79f1/build]   | [command]/usr/bin/tar --version
[f6f9e2b2-f0e6-4c74-bc49-ff07cc2c79f1/build]   | tar (GNU tar) 1.30
[f6f9e2b2-f0e6-4c74-bc49-ff07cc2c79f1/build]   | Copyright (C) 2017 Free Software Foundation, Inc.
[f6f9e2b2-f0e6-4c74-bc49-ff07cc2c79f1/build]   | License GPLv3+: GNU GPL version 3 or later <https://gnu.org/licenses/gpl.html>.
[f6f9e2b2-f0e6-4c74-bc49-ff07cc2c79f1/build]   | This is free software: you are free to change and redistribute it.
[f6f9e2b2-f0e6-4c74-bc49-ff07cc2c79f1/build]   | There is NO WARRANTY, to the extent permitted by law.
[f6f9e2b2-f0e6-4c74-bc49-ff07cc2c79f1/build]   | 
[f6f9e2b2-f0e6-4c74-bc49-ff07cc2c79f1/build]   | Written by John Gilmore and Jay Fenlason.
[f6f9e2b2-f0e6-4c74-bc49-ff07cc2c79f1/build]   | [command]/usr/bin/tar xz --warning=no-unknown-keyword -C /tmp/temp_1233256538 -f /tmp/af138fbc-195d-4595-88a7-e3c9816da349
[f6f9e2b2-f0e6-4c74-bc49-ff07cc2c79f1/build]   💬  ::debug::jdk extracted to /tmp/temp_1233256538/zulu8.70.0.23-ca-jdk8.0.372-linux_x64
[f6f9e2b2-f0e6-4c74-bc49-ff07cc2c79f1/build]   💬  ::debug::Caching tool jdk 8.0.372 x64
[f6f9e2b2-f0e6-4c74-bc49-ff07cc2c79f1/build]   💬  ::debug::source dir: /tmp/temp_1233256538/zulu8.70.0.23-ca-jdk8.0.372-linux_x64
[f6f9e2b2-f0e6-4c74-bc49-ff07cc2c79f1/build]   💬  ::debug::destination /opt/hostedtoolcache/jdk/8.0.372/x64
[f6f9e2b2-f0e6-4c74-bc49-ff07cc2c79f1/build]   💬  ::debug::finished caching tool
[f6f9e2b2-f0e6-4c74-bc49-ff07cc2c79f1/build]   ❓ add-matcher /run/act/actions/actions-setup-java@v1/.github/java.json
[f6f9e2b2-f0e6-4c74-bc49-ff07cc2c79f1/build]   | creating settings.xml with server-id: github; environment variables: username=$GITHUB_ACTOR, password=$GITHUB_TOKEN, and gpg-passphrase=null
[f6f9e2b2-f0e6-4c74-bc49-ff07cc2c79f1/build]   💬  ::debug::created directory /home/runneradmin/.m2
[f6f9e2b2-f0e6-4c74-bc49-ff07cc2c79f1/build]   | writing /home/runneradmin/.m2/settings.xml
[f6f9e2b2-f0e6-4c74-bc49-ff07cc2c79f1/build]   ✅  Success - Main Set up JDK 1.8
[f6f9e2b2-f0e6-4c74-bc49-ff07cc2c79f1/build]   ⚙  ::set-env:: JAVA_HOME_8.0.372_x64=/opt/hostedtoolcache/jdk/8.0.372/x64
[f6f9e2b2-f0e6-4c74-bc49-ff07cc2c79f1/build]   ⚙  ::set-env:: JAVA_HOME=/opt/hostedtoolcache/jdk/8.0.372/x64
[f6f9e2b2-f0e6-4c74-bc49-ff07cc2c79f1/build]   ⚙  ::set-env:: JAVA_HOME_8_0_372_X64=/opt/hostedtoolcache/jdk/8.0.372/x64
[f6f9e2b2-f0e6-4c74-bc49-ff07cc2c79f1/build]   ⚙  ::set-output:: path=/opt/hostedtoolcache/jdk/8.0.372/x64
[f6f9e2b2-f0e6-4c74-bc49-ff07cc2c79f1/build]   ⚙  ::set-output:: version=8.0.372
[f6f9e2b2-f0e6-4c74-bc49-ff07cc2c79f1/build]   ⚙  ::add-path:: /opt/hostedtoolcache/jdk/8.0.372/x64/bin
[f6f9e2b2-f0e6-4c74-bc49-ff07cc2c79f1/build] unable to get git ref: failed to identify reference (tag/branch) for the checked-out revision '7aecd90e1d6dbbe590d0b31835ef3c42cca9bb3a'
[f6f9e2b2-f0e6-4c74-bc49-ff07cc2c79f1/build] unable to get git ref: failed to identify reference (tag/branch) for the checked-out revision '7aecd90e1d6dbbe590d0b31835ef3c42cca9bb3a'
[f6f9e2b2-f0e6-4c74-bc49-ff07cc2c79f1/build] unable to get git ref: failed to identify reference (tag/branch) for the checked-out revision '7aecd90e1d6dbbe590d0b31835ef3c42cca9bb3a'
[f6f9e2b2-f0e6-4c74-bc49-ff07cc2c79f1/build] unable to get git ref: failed to identify reference (tag/branch) for the checked-out revision '7aecd90e1d6dbbe590d0b31835ef3c42cca9bb3a'
[f6f9e2b2-f0e6-4c74-bc49-ff07cc2c79f1/build] unable to get git ref: failed to identify reference (tag/branch) for the checked-out revision '7aecd90e1d6dbbe590d0b31835ef3c42cca9bb3a'
[f6f9e2b2-f0e6-4c74-bc49-ff07cc2c79f1/build] ⭐ Run Main Build with Gradle
[f6f9e2b2-f0e6-4c74-bc49-ff07cc2c79f1/build] unable to get git ref: failed to identify reference (tag/branch) for the checked-out revision '7aecd90e1d6dbbe590d0b31835ef3c42cca9bb3a'
[f6f9e2b2-f0e6-4c74-bc49-ff07cc2c79f1/build] unable to get git ref: failed to identify reference (tag/branch) for the checked-out revision '7aecd90e1d6dbbe590d0b31835ef3c42cca9bb3a'
[f6f9e2b2-f0e6-4c74-bc49-ff07cc2c79f1/build] unable to get git ref: failed to identify reference (tag/branch) for the checked-out revision '7aecd90e1d6dbbe590d0b31835ef3c42cca9bb3a'
[f6f9e2b2-f0e6-4c74-bc49-ff07cc2c79f1/build] unable to get git ref: failed to identify reference (tag/branch) for the checked-out revision '7aecd90e1d6dbbe590d0b31835ef3c42cca9bb3a'
[f6f9e2b2-f0e6-4c74-bc49-ff07cc2c79f1/build]   🐳  docker exec cmd=[bash --noprofile --norc -e -o pipefail /var/run/act/workflow/2] user= workdir=
[f6f9e2b2-f0e6-4c74-bc49-ff07cc2c79f1/build]   | Downloading https://services.gradle.org/distributions/gradle-6.3-bin.zip
[f6f9e2b2-f0e6-4c74-bc49-ff07cc2c79f1/build]   | .................................................................................................
[f6f9e2b2-f0e6-4c74-bc49-ff07cc2c79f1/build]   | 
[f6f9e2b2-f0e6-4c74-bc49-ff07cc2c79f1/build]   | Welcome to Gradle 6.3!
[f6f9e2b2-f0e6-4c74-bc49-ff07cc2c79f1/build]   | 
[f6f9e2b2-f0e6-4c74-bc49-ff07cc2c79f1/build]   | Here are the highlights of this release:
[f6f9e2b2-f0e6-4c74-bc49-ff07cc2c79f1/build]   |  - Java 14 support
[f6f9e2b2-f0e6-4c74-bc49-ff07cc2c79f1/build]   |  - Improved error messages for unexpected failures
[f6f9e2b2-f0e6-4c74-bc49-ff07cc2c79f1/build]   | 
[f6f9e2b2-f0e6-4c74-bc49-ff07cc2c79f1/build]   | For more details see https://docs.gradle.org/6.3/release-notes.html
[f6f9e2b2-f0e6-4c74-bc49-ff07cc2c79f1/build]   | 
[f6f9e2b2-f0e6-4c74-bc49-ff07cc2c79f1/build]   | Starting a Gradle Daemon (subsequent builds will be faster)
[f6f9e2b2-f0e6-4c74-bc49-ff07cc2c79f1/build]   | 
[f6f9e2b2-f0e6-4c74-bc49-ff07cc2c79f1/build]   | > Task :compileJava
[f6f9e2b2-f0e6-4c74-bc49-ff07cc2c79f1/build]   | Note: /tmp/d8ccb89d-0360-4ea9-b2de-bc890829fcd2/src/main/java/com/projecty/projectyweb/keycloak/KeycloakSecurityConfig.java uses unchecked or unsafe operations.
[f6f9e2b2-f0e6-4c74-bc49-ff07cc2c79f1/build]   | Note: Recompile with -Xlint:unchecked for details.
[f6f9e2b2-f0e6-4c74-bc49-ff07cc2c79f1/build]   | 
[f6f9e2b2-f0e6-4c74-bc49-ff07cc2c79f1/build]   | > Task :processResources
[f6f9e2b2-f0e6-4c74-bc49-ff07cc2c79f1/build]   | > Task :classes
[f6f9e2b2-f0e6-4c74-bc49-ff07cc2c79f1/build]   | > Task :bootJar
[f6f9e2b2-f0e6-4c74-bc49-ff07cc2c79f1/build]   | > Task :jar SKIPPED
[f6f9e2b2-f0e6-4c74-bc49-ff07cc2c79f1/build]   | > Task :assemble
[f6f9e2b2-f0e6-4c74-bc49-ff07cc2c79f1/build]   | 
[f6f9e2b2-f0e6-4c74-bc49-ff07cc2c79f1/build]   | > Task :compileTestJava
[f6f9e2b2-f0e6-4c74-bc49-ff07cc2c79f1/build]   | Note: /tmp/d8ccb89d-0360-4ea9-b2de-bc890829fcd2/src/test/java/com/projecty/projectyweb/message/MessageValidatorTests.java uses or overrides a deprecated API.
[f6f9e2b2-f0e6-4c74-bc49-ff07cc2c79f1/build]   | Note: Recompile with -Xlint:deprecation for details.
[f6f9e2b2-f0e6-4c74-bc49-ff07cc2c79f1/build]   | 
[f6f9e2b2-f0e6-4c74-bc49-ff07cc2c79f1/build]   | > Task :processTestResources
[f6f9e2b2-f0e6-4c74-bc49-ff07cc2c79f1/build]   | > Task :testClasses
[f6f9e2b2-f0e6-4c74-bc49-ff07cc2c79f1/build]   | > Task :test
[f6f9e2b2-f0e6-4c74-bc49-ff07cc2c79f1/build]   | 2023-07-12 11:47:39.537  INFO 585 --- [extShutdownHook] o.s.m.s.b.SimpleBrokerMessageHandler     : Stopping...
[f6f9e2b2-f0e6-4c74-bc49-ff07cc2c79f1/build]   | 2023-07-12 11:47:39.537  INFO 585 --- [extShutdownHook] o.s.m.s.b.SimpleBrokerMessageHandler     : Stopping...
[f6f9e2b2-f0e6-4c74-bc49-ff07cc2c79f1/build]   | 2023-07-12 11:47:39.538  INFO 585 --- [extShutdownHook] o.s.m.s.b.SimpleBrokerMessageHandler     : BrokerAvailabilityEvent[available=false, SimpleBrokerMessageHandler [DefaultSubscriptionRegistry[cache[0 destination(s)], registry[0 sessions]]]]
[f6f9e2b2-f0e6-4c74-bc49-ff07cc2c79f1/build]   | 2023-07-12 11:47:39.538  INFO 585 --- [extShutdownHook] o.s.m.s.b.SimpleBrokerMessageHandler     : BrokerAvailabilityEvent[available=false, SimpleBrokerMessageHandler [DefaultSubscriptionRegistry[cache[0 destination(s)], registry[0 sessions]]]]
[f6f9e2b2-f0e6-4c74-bc49-ff07cc2c79f1/build]   | 2023-07-12 11:47:39.538  INFO 585 --- [extShutdownHook] o.s.m.s.b.SimpleBrokerMessageHandler     : Stopping...
[f6f9e2b2-f0e6-4c74-bc49-ff07cc2c79f1/build]   | 2023-07-12 11:47:39.538  INFO 585 --- [extShutdownHook] o.s.m.s.b.SimpleBrokerMessageHandler     : Stopped.
[f6f9e2b2-f0e6-4c74-bc49-ff07cc2c79f1/build]   | 2023-07-12 11:47:39.538  INFO 585 --- [extShutdownHook] o.s.m.s.b.SimpleBrokerMessageHandler     : BrokerAvailabilityEvent[available=false, SimpleBrokerMessageHandler [DefaultSubscriptionRegistry[cache[0 destination(s)], registry[0 sessions]]]]
[f6f9e2b2-f0e6-4c74-bc49-ff07cc2c79f1/build]   | 2023-07-12 11:47:39.538  INFO 585 --- [extShutdownHook] o.s.m.s.b.SimpleBrokerMessageHandler     : Stopped.
[f6f9e2b2-f0e6-4c74-bc49-ff07cc2c79f1/build]   | 2023-07-12 11:47:39.537  INFO 585 --- [extShutdownHook] o.s.m.s.b.SimpleBrokerMessageHandler     : Stopping...
[f6f9e2b2-f0e6-4c74-bc49-ff07cc2c79f1/build]   | 2023-07-12 11:47:39.546  INFO 585 --- [extShutdownHook] o.s.m.s.b.SimpleBrokerMessageHandler     : BrokerAvailabilityEvent[available=false, SimpleBrokerMessageHandler [DefaultSubscriptionRegistry[cache[0 destination(s)], registry[0 sessions]]]]
[f6f9e2b2-f0e6-4c74-bc49-ff07cc2c79f1/build]   | 2023-07-12 11:47:39.547  INFO 585 --- [extShutdownHook] o.s.m.s.b.SimpleBrokerMessageHandler     : Stopped.
[f6f9e2b2-f0e6-4c74-bc49-ff07cc2c79f1/build]   | 2023-07-12 11:47:39.537  INFO 585 --- [extShutdownHook] o.s.m.s.b.SimpleBrokerMessageHandler     : Stopping...
[f6f9e2b2-f0e6-4c74-bc49-ff07cc2c79f1/build]   | 2023-07-12 11:47:39.537  INFO 585 --- [extShutdownHook] o.s.m.s.b.SimpleBrokerMessageHandler     : Stopping...
[f6f9e2b2-f0e6-4c74-bc49-ff07cc2c79f1/build]   | 2023-07-12 11:47:39.537  INFO 585 --- [extShutdownHook] o.s.m.s.b.SimpleBrokerMessageHandler     : Stopping...
[f6f9e2b2-f0e6-4c74-bc49-ff07cc2c79f1/build]   | 2023-07-12 11:47:39.537  INFO 585 --- [extShutdownHook] o.s.m.s.b.SimpleBrokerMessageHandler     : Stopping...
[f6f9e2b2-f0e6-4c74-bc49-ff07cc2c79f1/build]   | 2023-07-12 11:47:39.537  INFO 585 --- [extShutdownHook] o.s.m.s.b.SimpleBrokerMessageHandler     : Stopping...
[f6f9e2b2-f0e6-4c74-bc49-ff07cc2c79f1/build]   | 2023-07-12 11:47:39.537  INFO 585 --- [extShutdownHook] o.s.m.s.b.SimpleBrokerMessageHandler     : Stopping...
[f6f9e2b2-f0e6-4c74-bc49-ff07cc2c79f1/build]   | 2023-07-12 11:47:39.538  INFO 585 --- [extShutdownHook] o.s.m.s.b.SimpleBrokerMessageHandler     : Stopped.
[f6f9e2b2-f0e6-4c74-bc49-ff07cc2c79f1/build]   | 2023-07-12 11:47:39.548  INFO 585 --- [extShutdownHook] o.s.m.s.b.SimpleBrokerMessageHandler     : BrokerAvailabilityEvent[available=false, SimpleBrokerMessageHandler [DefaultSubscriptionRegistry[cache[0 destination(s)], registry[0 sessions]]]]
[f6f9e2b2-f0e6-4c74-bc49-ff07cc2c79f1/build]   | 2023-07-12 11:47:39.557  INFO 585 --- [extShutdownHook] o.s.m.s.b.SimpleBrokerMessageHandler     : Stopped.
[f6f9e2b2-f0e6-4c74-bc49-ff07cc2c79f1/build]   | 2023-07-12 11:47:39.548  INFO 585 --- [extShutdownHook] o.s.m.s.b.SimpleBrokerMessageHandler     : BrokerAvailabilityEvent[available=false, SimpleBrokerMessageHandler [DefaultSubscriptionRegistry[cache[0 destination(s)], registry[0 sessions]]]]
[f6f9e2b2-f0e6-4c74-bc49-ff07cc2c79f1/build]   | 2023-07-12 11:47:39.560  INFO 585 --- [extShutdownHook] o.s.m.s.b.SimpleBrokerMessageHandler     : Stopped.
[f6f9e2b2-f0e6-4c74-bc49-ff07cc2c79f1/build]   | 2023-07-12 11:47:39.554  INFO 585 --- [extShutdownHook] o.s.s.concurrent.ThreadPoolTaskExecutor  : Shutting down ExecutorService 'brokerChannelExecutor'
[f6f9e2b2-f0e6-4c74-bc49-ff07cc2c79f1/build]   | 2023-07-12 11:47:39.553  INFO 585 --- [extShutdownHook] o.s.s.concurrent.ThreadPoolTaskExecutor  : Shutting down ExecutorService 'brokerChannelExecutor'
[f6f9e2b2-f0e6-4c74-bc49-ff07cc2c79f1/build]   | 2023-07-12 11:47:39.563  INFO 585 --- [extShutdownHook] o.s.s.concurrent.ThreadPoolTaskExecutor  : Shutting down ExecutorService 'brokerChannelExecutor'
[f6f9e2b2-f0e6-4c74-bc49-ff07cc2c79f1/build]   | 2023-07-12 11:47:39.549  INFO 585 --- [extShutdownHook] o.s.m.s.b.SimpleBrokerMessageHandler     : BrokerAvailabilityEvent[available=false, SimpleBrokerMessageHandler [DefaultSubscriptionRegistry[cache[0 destination(s)], registry[0 sessions]]]]
[f6f9e2b2-f0e6-4c74-bc49-ff07cc2c79f1/build]   | 2023-07-12 11:47:39.564  INFO 585 --- [extShutdownHook] o.s.m.s.b.SimpleBrokerMessageHandler     : Stopped.
[f6f9e2b2-f0e6-4c74-bc49-ff07cc2c79f1/build]   | 2023-07-12 11:47:39.564  INFO 585 --- [extShutdownHook] o.s.s.c.ThreadPoolTaskScheduler          : Shutting down ExecutorService 'messageBrokerTaskScheduler'
[f6f9e2b2-f0e6-4c74-bc49-ff07cc2c79f1/build]   | 2023-07-12 11:47:39.549  INFO 585 --- [extShutdownHook] o.s.m.s.b.SimpleBrokerMessageHandler     : BrokerAvailabilityEvent[available=false, SimpleBrokerMessageHandler [DefaultSubscriptionRegistry[cache[0 destination(s)], registry[0 sessions]]]]
[f6f9e2b2-f0e6-4c74-bc49-ff07cc2c79f1/build]   | 2023-07-12 11:47:39.564  INFO 585 --- [extShutdownHook] o.s.s.c.ThreadPoolTaskScheduler          : Shutting down ExecutorService 'messageBrokerTaskScheduler'
[f6f9e2b2-f0e6-4c74-bc49-ff07cc2c79f1/build]   | 2023-07-12 11:47:39.568  INFO 585 --- [extShutdownHook] o.s.s.concurrent.ThreadPoolTaskExecutor  : Shutting down ExecutorService 'clientOutboundChannelExecutor'
[f6f9e2b2-f0e6-4c74-bc49-ff07cc2c79f1/build]   | 2023-07-12 11:47:39.568  INFO 585 --- [extShutdownHook] o.s.s.concurrent.ThreadPoolTaskExecutor  : Shutting down ExecutorService 'clientOutboundChannelExecutor'
[f6f9e2b2-f0e6-4c74-bc49-ff07cc2c79f1/build]   | 2023-07-12 11:47:39.568  INFO 585 --- [extShutdownHook] o.s.s.concurrent.ThreadPoolTaskExecutor  : Shutting down ExecutorService 'clientInboundChannelExecutor'
[f6f9e2b2-f0e6-4c74-bc49-ff07cc2c79f1/build]   | 2023-07-12 11:47:39.568  INFO 585 --- [extShutdownHook] o.s.s.concurrent.ThreadPoolTaskExecutor  : Shutting down ExecutorService 'clientInboundChannelExecutor'
[f6f9e2b2-f0e6-4c74-bc49-ff07cc2c79f1/build]   | 2023-07-12 11:47:39.568  INFO 585 --- [extShutdownHook] j.LocalContainerEntityManagerFactoryBean : Closing JPA EntityManagerFactory for persistence unit 'default'
[f6f9e2b2-f0e6-4c74-bc49-ff07cc2c79f1/build]   | 2023-07-12 11:47:39.563  INFO 585 --- [extShutdownHook] o.s.s.concurrent.ThreadPoolTaskExecutor  : Shutting down ExecutorService 'brokerChannelExecutor'
[f6f9e2b2-f0e6-4c74-bc49-ff07cc2c79f1/build]   | 2023-07-12 11:47:39.568  INFO 585 --- [extShutdownHook] j.LocalContainerEntityManagerFactoryBean : Closing JPA EntityManagerFactory for persistence unit 'default'
[f6f9e2b2-f0e6-4c74-bc49-ff07cc2c79f1/build]   | 2023-07-12 11:47:39.568  INFO 585 --- [extShutdownHook] o.s.s.c.ThreadPoolTaskScheduler          : Shutting down ExecutorService 'messageBrokerTaskScheduler'
[f6f9e2b2-f0e6-4c74-bc49-ff07cc2c79f1/build]   | 2023-07-12 11:47:39.568  INFO 585 --- [extShutdownHook] .SchemaDropperImpl$DelayedDropActionImpl : HHH000477: Starting delayed evictData of schema as part of SessionFactory shut-down'
[f6f9e2b2-f0e6-4c74-bc49-ff07cc2c79f1/build]   | 2023-07-12 11:47:39.569  INFO 585 --- [extShutdownHook] .SchemaDropperImpl$DelayedDropActionImpl : HHH000477: Starting delayed evictData of schema as part of SessionFactory shut-down'
[f6f9e2b2-f0e6-4c74-bc49-ff07cc2c79f1/build]   | 2023-07-12 11:47:39.549  INFO 585 --- [extShutdownHook] o.s.m.s.b.SimpleBrokerMessageHandler     : BrokerAvailabilityEvent[available=false, SimpleBrokerMessageHandler [DefaultSubscriptionRegistry[cache[0 destination(s)], registry[0 sessions]]]]
[f6f9e2b2-f0e6-4c74-bc49-ff07cc2c79f1/build]   | 2023-07-12 11:47:39.562  INFO 585 --- [extShutdownHook] o.s.s.concurrent.ThreadPoolTaskExecutor  : Shutting down ExecutorService 'brokerChannelExecutor'
[f6f9e2b2-f0e6-4c74-bc49-ff07cc2c79f1/build]   | 2023-07-12 11:47:39.569  INFO 585 --- [extShutdownHook] o.s.s.concurrent.ThreadPoolTaskExecutor  : Shutting down ExecutorService 'clientOutboundChannelExecutor'
[f6f9e2b2-f0e6-4c74-bc49-ff07cc2c79f1/build]   | 2023-07-12 11:47:39.569  INFO 585 --- [extShutdownHook] o.s.m.s.b.SimpleBrokerMessageHandler     : Stopped.
[f6f9e2b2-f0e6-4c74-bc49-ff07cc2c79f1/build]   | 2023-07-12 11:47:39.569  INFO 585 --- [extShutdownHook] o.s.s.concurrent.ThreadPoolTaskExecutor  : Shutting down ExecutorService 'clientInboundChannelExecutor'
[f6f9e2b2-f0e6-4c74-bc49-ff07cc2c79f1/build]   | 2023-07-12 11:47:39.549  INFO 585 --- [extShutdownHook] o.s.m.s.b.SimpleBrokerMessageHandler     : BrokerAvailabilityEvent[available=false, SimpleBrokerMessageHandler [DefaultSubscriptionRegistry[cache[0 destination(s)], registry[0 sessions]]]]
[f6f9e2b2-f0e6-4c74-bc49-ff07cc2c79f1/build]   | 2023-07-12 11:47:39.569  INFO 585 --- [extShutdownHook] o.s.m.s.b.SimpleBrokerMessageHandler     : Stopped.
[f6f9e2b2-f0e6-4c74-bc49-ff07cc2c79f1/build]   | 2023-07-12 11:47:39.569  INFO 585 --- [extShutdownHook] j.LocalContainerEntityManagerFactoryBean : Closing JPA EntityManagerFactory for persistence unit 'default'
[f6f9e2b2-f0e6-4c74-bc49-ff07cc2c79f1/build]   | 2023-07-12 11:47:39.567  INFO 585 --- [extShutdownHook] o.s.s.c.ThreadPoolTaskScheduler          : Shutting down ExecutorService 'messageBrokerTaskScheduler'
[f6f9e2b2-f0e6-4c74-bc49-ff07cc2c79f1/build]   | 2023-07-12 11:47:39.569  INFO 585 --- [extShutdownHook] .SchemaDropperImpl$DelayedDropActionImpl : HHH000477: Starting delayed evictData of schema as part of SessionFactory shut-down'
[f6f9e2b2-f0e6-4c74-bc49-ff07cc2c79f1/build]   | 2023-07-12 11:47:39.569  INFO 585 --- [extShutdownHook] o.s.s.concurrent.ThreadPoolTaskExecutor  : Shutting down ExecutorService 'brokerChannelExecutor'
[f6f9e2b2-f0e6-4c74-bc49-ff07cc2c79f1/build]   | 2023-07-12 11:47:39.568  INFO 585 --- [extShutdownHook] o.s.s.concurrent.ThreadPoolTaskExecutor  : Shutting down ExecutorService 'brokerChannelExecutor'
[f6f9e2b2-f0e6-4c74-bc49-ff07cc2c79f1/build]   | 2023-07-12 11:47:39.569  INFO 585 --- [extShutdownHook] o.s.s.c.ThreadPoolTaskScheduler          : Shutting down ExecutorService 'messageBrokerTaskScheduler'
[f6f9e2b2-f0e6-4c74-bc49-ff07cc2c79f1/build]   | 2023-07-12 11:47:39.569  INFO 585 --- [extShutdownHook] o.s.s.c.ThreadPoolTaskScheduler          : Shutting down ExecutorService 'messageBrokerTaskScheduler'
[f6f9e2b2-f0e6-4c74-bc49-ff07cc2c79f1/build]   | 2023-07-12 11:47:39.569  INFO 585 --- [extShutdownHook] o.s.s.concurrent.ThreadPoolTaskExecutor  : Shutting down ExecutorService 'clientOutboundChannelExecutor'
[f6f9e2b2-f0e6-4c74-bc49-ff07cc2c79f1/build]   | 2023-07-12 11:47:39.569  INFO 585 --- [extShutdownHook] o.s.s.c.ThreadPoolTaskScheduler          : Shutting down ExecutorService 'messageBrokerTaskScheduler'
[f6f9e2b2-f0e6-4c74-bc49-ff07cc2c79f1/build]   | 2023-07-12 11:47:39.570  INFO 585 --- [extShutdownHook] o.s.s.concurrent.ThreadPoolTaskExecutor  : Shutting down ExecutorService 'clientInboundChannelExecutor'
[f6f9e2b2-f0e6-4c74-bc49-ff07cc2c79f1/build]   | 2023-07-12 11:47:39.573  INFO 585 --- [extShutdownHook] o.s.m.s.b.SimpleBrokerMessageHandler     : Stopped.
[f6f9e2b2-f0e6-4c74-bc49-ff07cc2c79f1/build]   | 2023-07-12 11:47:39.574  INFO 585 --- [extShutdownHook] o.s.s.concurrent.ThreadPoolTaskExecutor  : Shutting down ExecutorService 'clientOutboundChannelExecutor'
[f6f9e2b2-f0e6-4c74-bc49-ff07cc2c79f1/build]   | 2023-07-12 11:47:39.574  INFO 585 --- [extShutdownHook] o.s.s.concurrent.ThreadPoolTaskExecutor  : Shutting down ExecutorService 'clientInboundChannelExecutor'
[f6f9e2b2-f0e6-4c74-bc49-ff07cc2c79f1/build]   | 2023-07-12 11:47:39.574  INFO 585 --- [extShutdownHook] o.s.s.concurrent.ThreadPoolTaskExecutor  : Shutting down ExecutorService 'clientOutboundChannelExecutor'
[f6f9e2b2-f0e6-4c74-bc49-ff07cc2c79f1/build]   | 2023-07-12 11:47:39.574  INFO 585 --- [extShutdownHook] o.s.s.concurrent.ThreadPoolTaskExecutor  : Shutting down ExecutorService 'clientInboundChannelExecutor'
[f6f9e2b2-f0e6-4c74-bc49-ff07cc2c79f1/build]   | 2023-07-12 11:47:39.573  INFO 585 --- [extShutdownHook] o.s.s.concurrent.ThreadPoolTaskExecutor  : Shutting down ExecutorService 'clientOutboundChannelExecutor'
[f6f9e2b2-f0e6-4c74-bc49-ff07cc2c79f1/build]   | 2023-07-12 11:47:39.575  INFO 585 --- [extShutdownHook] o.s.s.concurrent.ThreadPoolTaskExecutor  : Shutting down ExecutorService 'clientInboundChannelExecutor'
[f6f9e2b2-f0e6-4c74-bc49-ff07cc2c79f1/build]   | 2023-07-12 11:47:39.575  INFO 585 --- [extShutdownHook] j.LocalContainerEntityManagerFactoryBean : Closing JPA EntityManagerFactory for persistence unit 'default'
[f6f9e2b2-f0e6-4c74-bc49-ff07cc2c79f1/build]   | 2023-07-12 11:47:39.574  INFO 585 --- [extShutdownHook] j.LocalContainerEntityManagerFactoryBean : Closing JPA EntityManagerFactory for persistence unit 'default'
[f6f9e2b2-f0e6-4c74-bc49-ff07cc2c79f1/build]   | 2023-07-12 11:47:39.577  INFO 585 --- [extShutdownHook] .SchemaDropperImpl$DelayedDropActionImpl : HHH000477: Starting delayed evictData of schema as part of SessionFactory shut-down'
[f6f9e2b2-f0e6-4c74-bc49-ff07cc2c79f1/build]   | 2023-07-12 11:47:39.575  INFO 585 --- [extShutdownHook] j.LocalContainerEntityManagerFactoryBean : Closing JPA EntityManagerFactory for persistence unit 'default'
[f6f9e2b2-f0e6-4c74-bc49-ff07cc2c79f1/build]   | 2023-07-12 11:47:39.581  INFO 585 --- [extShutdownHook] .SchemaDropperImpl$DelayedDropActionImpl : HHH000477: Starting delayed evictData of schema as part of SessionFactory shut-down'
[f6f9e2b2-f0e6-4c74-bc49-ff07cc2c79f1/build]   | 2023-07-12 11:47:39.575  INFO 585 --- [extShutdownHook] j.LocalContainerEntityManagerFactoryBean : Closing JPA EntityManagerFactory for persistence unit 'default'
[f6f9e2b2-f0e6-4c74-bc49-ff07cc2c79f1/build]   | 2023-07-12 11:47:39.586  INFO 585 --- [extShutdownHook] .SchemaDropperImpl$DelayedDropActionImpl : HHH000477: Starting delayed evictData of schema as part of SessionFactory shut-down'
[f6f9e2b2-f0e6-4c74-bc49-ff07cc2c79f1/build]   | 2023-07-12 11:47:39.577  INFO 585 --- [extShutdownHook] o.s.s.concurrent.ThreadPoolTaskExecutor  : Shutting down ExecutorService 'brokerChannelExecutor'
[f6f9e2b2-f0e6-4c74-bc49-ff07cc2c79f1/build]   | 2023-07-12 11:47:39.577  INFO 585 --- [extShutdownHook] .SchemaDropperImpl$DelayedDropActionImpl : HHH000477: Starting delayed evictData of schema as part of SessionFactory shut-down'
[f6f9e2b2-f0e6-4c74-bc49-ff07cc2c79f1/build]   | 2023-07-12 11:47:39.586  INFO 585 --- [extShutdownHook] o.s.s.c.ThreadPoolTaskScheduler          : Shutting down ExecutorService 'messageBrokerTaskScheduler'
[f6f9e2b2-f0e6-4c74-bc49-ff07cc2c79f1/build]   | 2023-07-12 11:47:39.579  INFO 585 --- [extShutdownHook] o.s.s.concurrent.ThreadPoolTaskExecutor  : Shutting down ExecutorService 'brokerChannelExecutor'
[f6f9e2b2-f0e6-4c74-bc49-ff07cc2c79f1/build]   | 2023-07-12 11:47:39.579  INFO 585 --- [extShutdownHook] o.s.s.concurrent.ThreadPoolTaskExecutor  : Shutting down ExecutorService 'brokerChannelExecutor'
[f6f9e2b2-f0e6-4c74-bc49-ff07cc2c79f1/build]   | 2023-07-12 11:47:39.586  INFO 585 --- [extShutdownHook] o.s.s.c.ThreadPoolTaskScheduler          : Shutting down ExecutorService 'messageBrokerTaskScheduler'
[f6f9e2b2-f0e6-4c74-bc49-ff07cc2c79f1/build]   | 2023-07-12 11:47:39.586  INFO 585 --- [extShutdownHook] o.s.s.c.ThreadPoolTaskScheduler          : Shutting down ExecutorService 'messageBrokerTaskScheduler'
[f6f9e2b2-f0e6-4c74-bc49-ff07cc2c79f1/build]   | 2023-07-12 11:47:39.587  INFO 585 --- [extShutdownHook] o.s.s.concurrent.ThreadPoolTaskExecutor  : Shutting down ExecutorService 'clientOutboundChannelExecutor'
[f6f9e2b2-f0e6-4c74-bc49-ff07cc2c79f1/build]   | 2023-07-12 11:47:39.587  INFO 585 --- [extShutdownHook] o.s.s.concurrent.ThreadPoolTaskExecutor  : Shutting down ExecutorService 'clientOutboundChannelExecutor'
[f6f9e2b2-f0e6-4c74-bc49-ff07cc2c79f1/build]   | 2023-07-12 11:47:39.587  INFO 585 --- [extShutdownHook] o.s.s.concurrent.ThreadPoolTaskExecutor  : Shutting down ExecutorService 'clientInboundChannelExecutor'
[f6f9e2b2-f0e6-4c74-bc49-ff07cc2c79f1/build]   | 2023-07-12 11:47:39.587  INFO 585 --- [extShutdownHook] o.s.s.concurrent.ThreadPoolTaskExecutor  : Shutting down ExecutorService 'clientInboundChannelExecutor'
[f6f9e2b2-f0e6-4c74-bc49-ff07cc2c79f1/build]   | 2023-07-12 11:47:39.587  INFO 585 --- [extShutdownHook] j.LocalContainerEntityManagerFactoryBean : Closing JPA EntityManagerFactory for persistence unit 'default'
[f6f9e2b2-f0e6-4c74-bc49-ff07cc2c79f1/build]   | 2023-07-12 11:47:39.587  INFO 585 --- [extShutdownHook] j.LocalContainerEntityManagerFactoryBean : Closing JPA EntityManagerFactory for persistence unit 'default'
[f6f9e2b2-f0e6-4c74-bc49-ff07cc2c79f1/build]   | 2023-07-12 11:47:39.587  INFO 585 --- [extShutdownHook] o.s.s.concurrent.ThreadPoolTaskExecutor  : Shutting down ExecutorService 'clientOutboundChannelExecutor'
[f6f9e2b2-f0e6-4c74-bc49-ff07cc2c79f1/build]   | 2023-07-12 11:47:39.587  INFO 585 --- [extShutdownHook] o.s.s.concurrent.ThreadPoolTaskExecutor  : Shutting down ExecutorService 'clientInboundChannelExecutor'
[f6f9e2b2-f0e6-4c74-bc49-ff07cc2c79f1/build]   | 2023-07-12 11:47:39.587  INFO 585 --- [extShutdownHook] .SchemaDropperImpl$DelayedDropActionImpl : HHH000477: Starting delayed evictData of schema as part of SessionFactory shut-down'
[f6f9e2b2-f0e6-4c74-bc49-ff07cc2c79f1/build]   | 2023-07-12 11:47:39.587  INFO 585 --- [extShutdownHook] .SchemaDropperImpl$DelayedDropActionImpl : HHH000477: Starting delayed evictData of schema as part of SessionFactory shut-down'
[f6f9e2b2-f0e6-4c74-bc49-ff07cc2c79f1/build]   | 2023-07-12 11:47:39.588  INFO 585 --- [extShutdownHook] j.LocalContainerEntityManagerFactoryBean : Closing JPA EntityManagerFactory for persistence unit 'default'
[f6f9e2b2-f0e6-4c74-bc49-ff07cc2c79f1/build]   | 2023-07-12 11:47:39.588  INFO 585 --- [extShutdownHook] .SchemaDropperImpl$DelayedDropActionImpl : HHH000477: Starting delayed evictData of schema as part of SessionFactory shut-down'
[f6f9e2b2-f0e6-4c74-bc49-ff07cc2c79f1/build]   | 2023-07-12 11:47:39.614  INFO 585 --- [extShutdownHook] com.zaxxer.hikari.HikariDataSource       : HikariPool-1 - Shutdown initiated...
[f6f9e2b2-f0e6-4c74-bc49-ff07cc2c79f1/build]   | 2023-07-12 11:47:39.632  INFO 585 --- [extShutdownHook] com.zaxxer.hikari.HikariDataSource       : HikariPool-1 - Shutdown completed.
[f6f9e2b2-f0e6-4c74-bc49-ff07cc2c79f1/build]   | 2023-07-12 11:47:39.687 ERROR 585 --- [extShutdownHook] .SchemaDropperImpl$DelayedDropActionImpl : HHH000478: Unsuccessful: drop table if exists avatar CASCADE 
[f6f9e2b2-f0e6-4c74-bc49-ff07cc2c79f1/build]   | 2023-07-12 11:47:39.688 ERROR 585 --- [extShutdownHook] .SchemaDropperImpl$DelayedDropActionImpl : HHH000478: Unsuccessful: drop table if exists avatar CASCADE 
[f6f9e2b2-f0e6-4c74-bc49-ff07cc2c79f1/build]   | 2023-07-12 11:47:39.689 ERROR 585 --- [extShutdownHook] .SchemaDropperImpl$DelayedDropActionImpl : HHH000478: Unsuccessful: drop table if exists project_project_roles CASCADE 
[f6f9e2b2-f0e6-4c74-bc49-ff07cc2c79f1/build]   | 2023-07-12 11:47:39.689 ERROR 585 --- [extShutdownHook] .SchemaDropperImpl$DelayedDropActionImpl : HHH000478: Unsuccessful: drop table if exists project_project_roles CASCADE 
[f6f9e2b2-f0e6-4c74-bc49-ff07cc2c79f1/build]   | 2023-07-12 11:47:39.689 ERROR 585 --- [extShutdownHook] .SchemaDropperImpl$DelayedDropActionImpl : HHH000478: Unsuccessful: drop table if exists message_attachments CASCADE 
[f6f9e2b2-f0e6-4c74-bc49-ff07cc2c79f1/build]   | 2023-07-12 11:47:39.689 ERROR 585 --- [extShutdownHook] .SchemaDropperImpl$DelayedDropActionImpl : HHH000478: Unsuccessful: drop table if exists avatar CASCADE 
[f6f9e2b2-f0e6-4c74-bc49-ff07cc2c79f1/build]   | 2023-07-12 11:47:39.689 ERROR 585 --- [extShutdownHook] .SchemaDropperImpl$DelayedDropActionImpl : HHH000478: Unsuccessful: drop table if exists project_project_roles CASCADE 
[f6f9e2b2-f0e6-4c74-bc49-ff07cc2c79f1/build]   | 2023-07-12 11:47:39.690 ERROR 585 --- [extShutdownHook] .SchemaDropperImpl$DelayedDropActionImpl : HHH000478: Unsuccessful: drop table if exists project_project_roles CASCADE 
[f6f9e2b2-f0e6-4c74-bc49-ff07cc2c79f1/build]   | 2023-07-12 11:47:39.700  INFO 585 --- [extShutdownHook] com.zaxxer.hikari.HikariDataSource       : HikariPool-9 - Shutdown initiated...
[f6f9e2b2-f0e6-4c74-bc49-ff07cc2c79f1/build]   | 2023-07-12 11:47:39.700  INFO 585 --- [extShutdownHook] com.zaxxer.hikari.HikariDataSource       : HikariPool-5 - Shutdown initiated...
[f6f9e2b2-f0e6-4c74-bc49-ff07cc2c79f1/build]   | 2023-07-12 11:47:39.701  INFO 585 --- [extShutdownHook] com.zaxxer.hikari.HikariDataSource       : HikariPool-10 - Shutdown initiated...
[f6f9e2b2-f0e6-4c74-bc49-ff07cc2c79f1/build]   | 2023-07-12 11:47:39.700  INFO 585 --- [extShutdownHook] com.zaxxer.hikari.HikariDataSource       : HikariPool-8 - Shutdown initiated...
[f6f9e2b2-f0e6-4c74-bc49-ff07cc2c79f1/build]   | 2023-07-12 11:47:39.707 ERROR 585 --- [extShutdownHook] .SchemaDropperImpl$DelayedDropActionImpl : HHH000478: Unsuccessful: drop table if exists project_project_roles CASCADE 
[f6f9e2b2-f0e6-4c74-bc49-ff07cc2c79f1/build]   | 2023-07-12 11:47:39.717  INFO 585 --- [extShutdownHook] com.zaxxer.hikari.HikariDataSource       : HikariPool-5 - Shutdown completed.
[f6f9e2b2-f0e6-4c74-bc49-ff07cc2c79f1/build]   | 2023-07-12 11:47:39.725  INFO 585 --- [extShutdownHook] com.zaxxer.hikari.HikariDataSource       : HikariPool-4 - Shutdown initiated...
[f6f9e2b2-f0e6-4c74-bc49-ff07cc2c79f1/build]   | 2023-07-12 11:47:39.726  INFO 585 --- [extShutdownHook] com.zaxxer.hikari.HikariDataSource       : HikariPool-4 - Shutdown completed.
[f6f9e2b2-f0e6-4c74-bc49-ff07cc2c79f1/build]   | 2023-07-12 11:47:39.730  INFO 585 --- [extShutdownHook] com.zaxxer.hikari.HikariDataSource       : HikariPool-7 - Shutdown initiated...
[f6f9e2b2-f0e6-4c74-bc49-ff07cc2c79f1/build]   | 2023-07-12 11:47:39.732  INFO 585 --- [extShutdownHook] com.zaxxer.hikari.HikariDataSource       : HikariPool-8 - Shutdown completed.
[f6f9e2b2-f0e6-4c74-bc49-ff07cc2c79f1/build]   | 2023-07-12 11:47:39.732  INFO 585 --- [extShutdownHook] com.zaxxer.hikari.HikariDataSource       : HikariPool-9 - Shutdown completed.
[f6f9e2b2-f0e6-4c74-bc49-ff07cc2c79f1/build]   | 2023-07-12 11:47:39.737  INFO 585 --- [extShutdownHook] com.zaxxer.hikari.HikariDataSource       : HikariPool-3 - Shutdown initiated...
[f6f9e2b2-f0e6-4c74-bc49-ff07cc2c79f1/build]   | 2023-07-12 11:47:39.737  INFO 585 --- [extShutdownHook] com.zaxxer.hikari.HikariDataSource       : HikariPool-10 - Shutdown completed.
[f6f9e2b2-f0e6-4c74-bc49-ff07cc2c79f1/build]   | 2023-07-12 11:47:39.741  INFO 585 --- [extShutdownHook] com.zaxxer.hikari.HikariDataSource       : HikariPool-6 - Shutdown initiated...
[f6f9e2b2-f0e6-4c74-bc49-ff07cc2c79f1/build]   | 2023-07-12 11:47:39.741  INFO 585 --- [extShutdownHook] com.zaxxer.hikari.HikariDataSource       : HikariPool-2 - Shutdown initiated...
[f6f9e2b2-f0e6-4c74-bc49-ff07cc2c79f1/build]   | 2023-07-12 11:47:39.742  INFO 585 --- [extShutdownHook] com.zaxxer.hikari.HikariDataSource       : HikariPool-7 - Shutdown completed.
[f6f9e2b2-f0e6-4c74-bc49-ff07cc2c79f1/build]   | 2023-07-12 11:47:39.745  INFO 585 --- [extShutdownHook] com.zaxxer.hikari.HikariDataSource       : HikariPool-3 - Shutdown completed.
[f6f9e2b2-f0e6-4c74-bc49-ff07cc2c79f1/build]   | 2023-07-12 11:47:39.745  INFO 585 --- [extShutdownHook] com.zaxxer.hikari.HikariDataSource       : HikariPool-2 - Shutdown completed.
[f6f9e2b2-f0e6-4c74-bc49-ff07cc2c79f1/build]   | 2023-07-12 11:47:39.746  INFO 585 --- [extShutdownHook] com.zaxxer.hikari.HikariDataSource       : HikariPool-6 - Shutdown completed.
[f6f9e2b2-f0e6-4c74-bc49-ff07cc2c79f1/build]   | 
[f6f9e2b2-f0e6-4c74-bc49-ff07cc2c79f1/build]   | > Task :check
[f6f9e2b2-f0e6-4c74-bc49-ff07cc2c79f1/build]   | > Task :build
[f6f9e2b2-f0e6-4c74-bc49-ff07cc2c79f1/build]   | 
[f6f9e2b2-f0e6-4c74-bc49-ff07cc2c79f1/build]   | Deprecated Gradle features were used in this build, making it incompatible with Gradle 7.0.
[f6f9e2b2-f0e6-4c74-bc49-ff07cc2c79f1/build]   | Use '--warning-mode all' to show the individual deprecation warnings.
[f6f9e2b2-f0e6-4c74-bc49-ff07cc2c79f1/build]   | See https://docs.gradle.org/6.3/userguide/command_line_interface.html#sec:command_line_warnings
[f6f9e2b2-f0e6-4c74-bc49-ff07cc2c79f1/build]   | 
[f6f9e2b2-f0e6-4c74-bc49-ff07cc2c79f1/build]   | BUILD SUCCESSFUL in 3m 2s
[f6f9e2b2-f0e6-4c74-bc49-ff07cc2c79f1/build]   | 6 actionable tasks: 6 executed
[f6f9e2b2-f0e6-4c74-bc49-ff07cc2c79f1/build]   ✅  Success - Main Build with Gradle
[f6f9e2b2-f0e6-4c74-bc49-ff07cc2c79f1/build] unable to get git ref: failed to identify reference (tag/branch) for the checked-out revision '7aecd90e1d6dbbe590d0b31835ef3c42cca9bb3a'
[f6f9e2b2-f0e6-4c74-bc49-ff07cc2c79f1/build] unable to get git ref: failed to identify reference (tag/branch) for the checked-out revision '7aecd90e1d6dbbe590d0b31835ef3c42cca9bb3a'
[f6f9e2b2-f0e6-4c74-bc49-ff07cc2c79f1/build] unable to get git ref: failed to identify reference (tag/branch) for the checked-out revision '7aecd90e1d6dbbe590d0b31835ef3c42cca9bb3a'
[f6f9e2b2-f0e6-4c74-bc49-ff07cc2c79f1/build] unable to get git ref: failed to identify reference (tag/branch) for the checked-out revision '7aecd90e1d6dbbe590d0b31835ef3c42cca9bb3a'
[f6f9e2b2-f0e6-4c74-bc49-ff07cc2c79f1/build] unable to get git ref: failed to identify reference (tag/branch) for the checked-out revision '7aecd90e1d6dbbe590d0b31835ef3c42cca9bb3a'
[f6f9e2b2-f0e6-4c74-bc49-ff07cc2c79f1/build] ⭐ Run Post Set up JDK 1.8
[f6f9e2b2-f0e6-4c74-bc49-ff07cc2c79f1/build]   🐳  docker exec cmd=[node /var/run/act/actions/actions-setup-java@v1/dist/cleanup/index.js] user= workdir=
[f6f9e2b2-f0e6-4c74-bc49-ff07cc2c79f1/build]   ✅  Success - Post Set up JDK 1.8
[f6f9e2b2-f0e6-4c74-bc49-ff07cc2c79f1/build] 🏁  Job succeeded
[f6f9e2b2-f0e6-4c74-bc49-ff07cc2c79f1/build] unable to get git ref: failed to identify reference (tag/branch) for the checked-out revision '7aecd90e1d6dbbe590d0b31835ef3c42cca9bb3a'
