[fb6b78ca-47ed-48c7-acbf-14afc4207d5a/build] 🚀  Start image=crawlergpt:latest
[fb6b78ca-47ed-48c7-acbf-14afc4207d5a/build]   🐳  docker pull image=crawlergpt:latest platform= username= forcePull=false
[fb6b78ca-47ed-48c7-acbf-14afc4207d5a/build]   🐳  docker create image=crawlergpt:latest platform= entrypoint=["tail" "-f" "/dev/null"] cmd=[]
[fb6b78ca-47ed-48c7-acbf-14afc4207d5a/build]   🐳  docker run image=crawlergpt:latest platform= entrypoint=["tail" "-f" "/dev/null"] cmd=[]
[fb6b78ca-47ed-48c7-acbf-14afc4207d5a/build]   🐳  docker exec cmd=[chown -R 1012:1013 /tmp/d8ccb89d-0360-4ea9-b2de-bc890829fcd2] user=0 workdir=
[fb6b78ca-47ed-48c7-acbf-14afc4207d5a/build] unable to get git ref: failed to identify reference (tag/branch) for the checked-out revision '7aecd90e1d6dbbe590d0b31835ef3c42cca9bb3a'
[fb6b78ca-47ed-48c7-acbf-14afc4207d5a/build] unable to get git ref: failed to identify reference (tag/branch) for the checked-out revision '7aecd90e1d6dbbe590d0b31835ef3c42cca9bb3a'
[fb6b78ca-47ed-48c7-acbf-14afc4207d5a/build] unable to get git ref: failed to identify reference (tag/branch) for the checked-out revision '7aecd90e1d6dbbe590d0b31835ef3c42cca9bb3a'
[fb6b78ca-47ed-48c7-acbf-14afc4207d5a/build] unable to get git ref: failed to identify reference (tag/branch) for the checked-out revision '7aecd90e1d6dbbe590d0b31835ef3c42cca9bb3a'
[fb6b78ca-47ed-48c7-acbf-14afc4207d5a/build] unable to get git ref: failed to identify reference (tag/branch) for the checked-out revision '7aecd90e1d6dbbe590d0b31835ef3c42cca9bb3a'
[fb6b78ca-47ed-48c7-acbf-14afc4207d5a/build] unable to get git ref: failed to identify reference (tag/branch) for the checked-out revision '7aecd90e1d6dbbe590d0b31835ef3c42cca9bb3a'
[fb6b78ca-47ed-48c7-acbf-14afc4207d5a/build] unable to get git ref: failed to identify reference (tag/branch) for the checked-out revision '7aecd90e1d6dbbe590d0b31835ef3c42cca9bb3a'
[fb6b78ca-47ed-48c7-acbf-14afc4207d5a/build] unable to get git ref: failed to identify reference (tag/branch) for the checked-out revision '7aecd90e1d6dbbe590d0b31835ef3c42cca9bb3a'
[fb6b78ca-47ed-48c7-acbf-14afc4207d5a/build] unable to get git ref: failed to identify reference (tag/branch) for the checked-out revision '7aecd90e1d6dbbe590d0b31835ef3c42cca9bb3a'
[fb6b78ca-47ed-48c7-acbf-14afc4207d5a/build] ⭐ Run Main actions/checkout@v1
[fb6b78ca-47ed-48c7-acbf-14afc4207d5a/build] unable to get git ref: failed to identify reference (tag/branch) for the checked-out revision '7aecd90e1d6dbbe590d0b31835ef3c42cca9bb3a'
[fb6b78ca-47ed-48c7-acbf-14afc4207d5a/build]   ✅  Success - Main actions/checkout@v1
[fb6b78ca-47ed-48c7-acbf-14afc4207d5a/build] unable to get git ref: failed to identify reference (tag/branch) for the checked-out revision '7aecd90e1d6dbbe590d0b31835ef3c42cca9bb3a'
[fb6b78ca-47ed-48c7-acbf-14afc4207d5a/build] unable to get git ref: failed to identify reference (tag/branch) for the checked-out revision '7aecd90e1d6dbbe590d0b31835ef3c42cca9bb3a'
[fb6b78ca-47ed-48c7-acbf-14afc4207d5a/build] unable to get git ref: failed to identify reference (tag/branch) for the checked-out revision '7aecd90e1d6dbbe590d0b31835ef3c42cca9bb3a'
[fb6b78ca-47ed-48c7-acbf-14afc4207d5a/build] unable to get git ref: failed to identify reference (tag/branch) for the checked-out revision '7aecd90e1d6dbbe590d0b31835ef3c42cca9bb3a'
[fb6b78ca-47ed-48c7-acbf-14afc4207d5a/build] unable to get git ref: failed to identify reference (tag/branch) for the checked-out revision '7aecd90e1d6dbbe590d0b31835ef3c42cca9bb3a'
[fb6b78ca-47ed-48c7-acbf-14afc4207d5a/build] ⭐ Run Main Set up JDK 1.8
[fb6b78ca-47ed-48c7-acbf-14afc4207d5a/build] unable to get git ref: failed to identify reference (tag/branch) for the checked-out revision '7aecd90e1d6dbbe590d0b31835ef3c42cca9bb3a'
[fb6b78ca-47ed-48c7-acbf-14afc4207d5a/build] unable to get git ref: failed to identify reference (tag/branch) for the checked-out revision '7aecd90e1d6dbbe590d0b31835ef3c42cca9bb3a'
[fb6b78ca-47ed-48c7-acbf-14afc4207d5a/build] unable to get git ref: failed to identify reference (tag/branch) for the checked-out revision '7aecd90e1d6dbbe590d0b31835ef3c42cca9bb3a'
[fb6b78ca-47ed-48c7-acbf-14afc4207d5a/build]   🐳  docker cp src=/tmp/act-cache/14564b63-4e3d-4844-bb1d-df6958610632/act/actions-setup-java@v1/ dst=/var/run/act/actions/actions-setup-java@v1/
[fb6b78ca-47ed-48c7-acbf-14afc4207d5a/build]   🐳  docker exec cmd=[chown -R 1012:1013 /var/run/act/actions/actions-setup-java@v1/] user=0 workdir=
[fb6b78ca-47ed-48c7-acbf-14afc4207d5a/build]   🐳  docker exec cmd=[node /var/run/act/actions/actions-setup-java@v1/dist/setup/index.js] user= workdir=
[fb6b78ca-47ed-48c7-acbf-14afc4207d5a/build]   💬  ::debug::isExplicit: 
[fb6b78ca-47ed-48c7-acbf-14afc4207d5a/build]   💬  ::debug::explicit? false
[fb6b78ca-47ed-48c7-acbf-14afc4207d5a/build]   💬  ::debug::evaluating 0 versions
[fb6b78ca-47ed-48c7-acbf-14afc4207d5a/build]   💬  ::debug::match not found
[fb6b78ca-47ed-48c7-acbf-14afc4207d5a/build]   💬  ::debug::Downloading JDK from Azul
[fb6b78ca-47ed-48c7-acbf-14afc4207d5a/build]   💬  ::debug::Searching for files with extension: -linux_x64.tar.gz
[fb6b78ca-47ed-48c7-acbf-14afc4207d5a/build]   💬  ::debug::Downloading https://static.azul.com/zulu/bin/zulu8.70.0.23-ca-jdk8.0.372-linux_x64.tar.gz
[fb6b78ca-47ed-48c7-acbf-14afc4207d5a/build]   💬  ::debug::Downloading /tmp/026feb38-5e05-4fb0-b46c-d6f3a68bcdda
[fb6b78ca-47ed-48c7-acbf-14afc4207d5a/build]   💬  ::debug::download complete
[fb6b78ca-47ed-48c7-acbf-14afc4207d5a/build]   | [command]/usr/bin/tar --version
[fb6b78ca-47ed-48c7-acbf-14afc4207d5a/build]   | tar (GNU tar) 1.30
[fb6b78ca-47ed-48c7-acbf-14afc4207d5a/build]   | Copyright (C) 2017 Free Software Foundation, Inc.
[fb6b78ca-47ed-48c7-acbf-14afc4207d5a/build]   | License GPLv3+: GNU GPL version 3 or later <https://gnu.org/licenses/gpl.html>.
[fb6b78ca-47ed-48c7-acbf-14afc4207d5a/build]   | This is free software: you are free to change and redistribute it.
[fb6b78ca-47ed-48c7-acbf-14afc4207d5a/build]   | There is NO WARRANTY, to the extent permitted by law.
[fb6b78ca-47ed-48c7-acbf-14afc4207d5a/build]   | 
[fb6b78ca-47ed-48c7-acbf-14afc4207d5a/build]   | Written by John Gilmore and Jay Fenlason.
[fb6b78ca-47ed-48c7-acbf-14afc4207d5a/build]   | [command]/usr/bin/tar xz --warning=no-unknown-keyword -C /tmp/temp_172391795 -f /tmp/026feb38-5e05-4fb0-b46c-d6f3a68bcdda
[fb6b78ca-47ed-48c7-acbf-14afc4207d5a/build]   💬  ::debug::jdk extracted to /tmp/temp_172391795/zulu8.70.0.23-ca-jdk8.0.372-linux_x64
[fb6b78ca-47ed-48c7-acbf-14afc4207d5a/build]   💬  ::debug::Caching tool jdk 8.0.372 x64
[fb6b78ca-47ed-48c7-acbf-14afc4207d5a/build]   💬  ::debug::source dir: /tmp/temp_172391795/zulu8.70.0.23-ca-jdk8.0.372-linux_x64
[fb6b78ca-47ed-48c7-acbf-14afc4207d5a/build]   💬  ::debug::destination /opt/hostedtoolcache/jdk/8.0.372/x64
[fb6b78ca-47ed-48c7-acbf-14afc4207d5a/build]   💬  ::debug::finished caching tool
[fb6b78ca-47ed-48c7-acbf-14afc4207d5a/build]   ❓ add-matcher /run/act/actions/actions-setup-java@v1/.github/java.json
[fb6b78ca-47ed-48c7-acbf-14afc4207d5a/build]   | creating settings.xml with server-id: github; environment variables: username=$GITHUB_ACTOR, password=$GITHUB_TOKEN, and gpg-passphrase=null
[fb6b78ca-47ed-48c7-acbf-14afc4207d5a/build]   💬  ::debug::created directory /home/runneradmin/.m2
[fb6b78ca-47ed-48c7-acbf-14afc4207d5a/build]   | writing /home/runneradmin/.m2/settings.xml
[fb6b78ca-47ed-48c7-acbf-14afc4207d5a/build]   ✅  Success - Main Set up JDK 1.8
[fb6b78ca-47ed-48c7-acbf-14afc4207d5a/build]   ⚙  ::set-env:: JAVA_HOME_8.0.372_x64=/opt/hostedtoolcache/jdk/8.0.372/x64
[fb6b78ca-47ed-48c7-acbf-14afc4207d5a/build]   ⚙  ::set-env:: JAVA_HOME=/opt/hostedtoolcache/jdk/8.0.372/x64
[fb6b78ca-47ed-48c7-acbf-14afc4207d5a/build]   ⚙  ::set-env:: JAVA_HOME_8_0_372_X64=/opt/hostedtoolcache/jdk/8.0.372/x64
[fb6b78ca-47ed-48c7-acbf-14afc4207d5a/build]   ⚙  ::set-output:: path=/opt/hostedtoolcache/jdk/8.0.372/x64
[fb6b78ca-47ed-48c7-acbf-14afc4207d5a/build]   ⚙  ::set-output:: version=8.0.372
[fb6b78ca-47ed-48c7-acbf-14afc4207d5a/build]   ⚙  ::add-path:: /opt/hostedtoolcache/jdk/8.0.372/x64/bin
[fb6b78ca-47ed-48c7-acbf-14afc4207d5a/build] unable to get git ref: failed to identify reference (tag/branch) for the checked-out revision '7aecd90e1d6dbbe590d0b31835ef3c42cca9bb3a'
[fb6b78ca-47ed-48c7-acbf-14afc4207d5a/build] unable to get git ref: failed to identify reference (tag/branch) for the checked-out revision '7aecd90e1d6dbbe590d0b31835ef3c42cca9bb3a'
[fb6b78ca-47ed-48c7-acbf-14afc4207d5a/build] unable to get git ref: failed to identify reference (tag/branch) for the checked-out revision '7aecd90e1d6dbbe590d0b31835ef3c42cca9bb3a'
[fb6b78ca-47ed-48c7-acbf-14afc4207d5a/build] unable to get git ref: failed to identify reference (tag/branch) for the checked-out revision '7aecd90e1d6dbbe590d0b31835ef3c42cca9bb3a'
[fb6b78ca-47ed-48c7-acbf-14afc4207d5a/build] unable to get git ref: failed to identify reference (tag/branch) for the checked-out revision '7aecd90e1d6dbbe590d0b31835ef3c42cca9bb3a'
[fb6b78ca-47ed-48c7-acbf-14afc4207d5a/build] ⭐ Run Main Build with Gradle
[fb6b78ca-47ed-48c7-acbf-14afc4207d5a/build] unable to get git ref: failed to identify reference (tag/branch) for the checked-out revision '7aecd90e1d6dbbe590d0b31835ef3c42cca9bb3a'
[fb6b78ca-47ed-48c7-acbf-14afc4207d5a/build] unable to get git ref: failed to identify reference (tag/branch) for the checked-out revision '7aecd90e1d6dbbe590d0b31835ef3c42cca9bb3a'
[fb6b78ca-47ed-48c7-acbf-14afc4207d5a/build] unable to get git ref: failed to identify reference (tag/branch) for the checked-out revision '7aecd90e1d6dbbe590d0b31835ef3c42cca9bb3a'
[fb6b78ca-47ed-48c7-acbf-14afc4207d5a/build] unable to get git ref: failed to identify reference (tag/branch) for the checked-out revision '7aecd90e1d6dbbe590d0b31835ef3c42cca9bb3a'
[fb6b78ca-47ed-48c7-acbf-14afc4207d5a/build]   🐳  docker exec cmd=[bash --noprofile --norc -e -o pipefail /var/run/act/workflow/2] user= workdir=
[fb6b78ca-47ed-48c7-acbf-14afc4207d5a/build]   | Downloading https://services.gradle.org/distributions/gradle-6.3-bin.zip
[fb6b78ca-47ed-48c7-acbf-14afc4207d5a/build]   | .................................................................................................
[fb6b78ca-47ed-48c7-acbf-14afc4207d5a/build]   | 
[fb6b78ca-47ed-48c7-acbf-14afc4207d5a/build]   | Welcome to Gradle 6.3!
[fb6b78ca-47ed-48c7-acbf-14afc4207d5a/build]   | 
[fb6b78ca-47ed-48c7-acbf-14afc4207d5a/build]   | Here are the highlights of this release:
[fb6b78ca-47ed-48c7-acbf-14afc4207d5a/build]   |  - Java 14 support
[fb6b78ca-47ed-48c7-acbf-14afc4207d5a/build]   |  - Improved error messages for unexpected failures
[fb6b78ca-47ed-48c7-acbf-14afc4207d5a/build]   | 
[fb6b78ca-47ed-48c7-acbf-14afc4207d5a/build]   | For more details see https://docs.gradle.org/6.3/release-notes.html
[fb6b78ca-47ed-48c7-acbf-14afc4207d5a/build]   | 
[fb6b78ca-47ed-48c7-acbf-14afc4207d5a/build]   | Starting a Gradle Daemon (subsequent builds will be faster)
[fb6b78ca-47ed-48c7-acbf-14afc4207d5a/build]   | > Task :compileJava UP-TO-DATE
[fb6b78ca-47ed-48c7-acbf-14afc4207d5a/build]   | > Task :processResources UP-TO-DATE
[fb6b78ca-47ed-48c7-acbf-14afc4207d5a/build]   | > Task :classes UP-TO-DATE
[fb6b78ca-47ed-48c7-acbf-14afc4207d5a/build]   | > Task :bootJar UP-TO-DATE
[fb6b78ca-47ed-48c7-acbf-14afc4207d5a/build]   | > Task :jar SKIPPED
[fb6b78ca-47ed-48c7-acbf-14afc4207d5a/build]   | > Task :assemble UP-TO-DATE
[fb6b78ca-47ed-48c7-acbf-14afc4207d5a/build]   | > Task :compileTestJava
[fb6b78ca-47ed-48c7-acbf-14afc4207d5a/build]   | > Task :processTestResources UP-TO-DATE
[fb6b78ca-47ed-48c7-acbf-14afc4207d5a/build]   | > Task :testClasses
[fb6b78ca-47ed-48c7-acbf-14afc4207d5a/build]   | > Task :test
[fb6b78ca-47ed-48c7-acbf-14afc4207d5a/build]   | 
[fb6b78ca-47ed-48c7-acbf-14afc4207d5a/build]   | com.projecty.projectyweb.task.TaskControllerTests > givenRequestOnRemoveAssignment_shouldReturnOk FAILED
[fb6b78ca-47ed-48c7-acbf-14afc4207d5a/build]   |     java.lang.AssertionError at TaskControllerTests.java:196
[fb6b78ca-47ed-48c7-acbf-14afc4207d5a/build]   | 2023-07-12 11:52:11.513  INFO 583 --- [extShutdownHook] o.s.m.s.b.SimpleBrokerMessageHandler     : Stopping...
[fb6b78ca-47ed-48c7-acbf-14afc4207d5a/build]   | 2023-07-12 11:52:11.515  INFO 583 --- [extShutdownHook] o.s.m.s.b.SimpleBrokerMessageHandler     : BrokerAvailabilityEvent[available=false, SimpleBrokerMessageHandler [DefaultSubscriptionRegistry[cache[0 destination(s)], registry[0 sessions]]]]
[fb6b78ca-47ed-48c7-acbf-14afc4207d5a/build]   | 2023-07-12 11:52:11.516  INFO 583 --- [extShutdownHook] o.s.m.s.b.SimpleBrokerMessageHandler     : Stopped.
[fb6b78ca-47ed-48c7-acbf-14afc4207d5a/build]   | 2023-07-12 11:52:11.515  INFO 583 --- [extShutdownHook] o.s.m.s.b.SimpleBrokerMessageHandler     : Stopping...
[fb6b78ca-47ed-48c7-acbf-14afc4207d5a/build]   | 2023-07-12 11:52:11.517  INFO 583 --- [extShutdownHook] o.s.m.s.b.SimpleBrokerMessageHandler     : BrokerAvailabilityEvent[available=false, SimpleBrokerMessageHandler [DefaultSubscriptionRegistry[cache[0 destination(s)], registry[0 sessions]]]]
[fb6b78ca-47ed-48c7-acbf-14afc4207d5a/build]   | 2023-07-12 11:52:11.517  INFO 583 --- [extShutdownHook] o.s.m.s.b.SimpleBrokerMessageHandler     : Stopped.
[fb6b78ca-47ed-48c7-acbf-14afc4207d5a/build]   | 2023-07-12 11:52:11.515  INFO 583 --- [extShutdownHook] o.s.m.s.b.SimpleBrokerMessageHandler     : Stopping...
[fb6b78ca-47ed-48c7-acbf-14afc4207d5a/build]   | 2023-07-12 11:52:11.517  INFO 583 --- [extShutdownHook] o.s.m.s.b.SimpleBrokerMessageHandler     : BrokerAvailabilityEvent[available=false, SimpleBrokerMessageHandler [DefaultSubscriptionRegistry[cache[0 destination(s)], registry[0 sessions]]]]
[fb6b78ca-47ed-48c7-acbf-14afc4207d5a/build]   | 2023-07-12 11:52:11.517  INFO 583 --- [extShutdownHook] o.s.m.s.b.SimpleBrokerMessageHandler     : Stopped.
[fb6b78ca-47ed-48c7-acbf-14afc4207d5a/build]   | 2023-07-12 11:52:11.515  INFO 583 --- [extShutdownHook] o.s.m.s.b.SimpleBrokerMessageHandler     : Stopping...
[fb6b78ca-47ed-48c7-acbf-14afc4207d5a/build]   | 2023-07-12 11:52:11.520  INFO 583 --- [extShutdownHook] o.s.m.s.b.SimpleBrokerMessageHandler     : BrokerAvailabilityEvent[available=false, SimpleBrokerMessageHandler [DefaultSubscriptionRegistry[cache[0 destination(s)], registry[0 sessions]]]]
[fb6b78ca-47ed-48c7-acbf-14afc4207d5a/build]   | 2023-07-12 11:52:11.524  INFO 583 --- [extShutdownHook] o.s.m.s.b.SimpleBrokerMessageHandler     : Stopped.
[fb6b78ca-47ed-48c7-acbf-14afc4207d5a/build]   | 2023-07-12 11:52:11.515  INFO 583 --- [extShutdownHook] o.s.m.s.b.SimpleBrokerMessageHandler     : Stopping...
[fb6b78ca-47ed-48c7-acbf-14afc4207d5a/build]   | 2023-07-12 11:52:11.516  INFO 583 --- [extShutdownHook] o.s.m.s.b.SimpleBrokerMessageHandler     : Stopping...
[fb6b78ca-47ed-48c7-acbf-14afc4207d5a/build]   | 2023-07-12 11:52:11.533  INFO 583 --- [extShutdownHook] o.s.m.s.b.SimpleBrokerMessageHandler     : BrokerAvailabilityEvent[available=false, SimpleBrokerMessageHandler [DefaultSubscriptionRegistry[cache[0 destination(s)], registry[0 sessions]]]]
[fb6b78ca-47ed-48c7-acbf-14afc4207d5a/build]   | 2023-07-12 11:52:11.516  INFO 583 --- [extShutdownHook] o.s.m.s.b.SimpleBrokerMessageHandler     : Stopping...
[fb6b78ca-47ed-48c7-acbf-14afc4207d5a/build]   | 2023-07-12 11:52:11.533  INFO 583 --- [extShutdownHook] o.s.m.s.b.SimpleBrokerMessageHandler     : BrokerAvailabilityEvent[available=false, SimpleBrokerMessageHandler [DefaultSubscriptionRegistry[cache[0 destination(s)], registry[0 sessions]]]]
[fb6b78ca-47ed-48c7-acbf-14afc4207d5a/build]   | 2023-07-12 11:52:11.533  INFO 583 --- [extShutdownHook] o.s.m.s.b.SimpleBrokerMessageHandler     : Stopped.
[fb6b78ca-47ed-48c7-acbf-14afc4207d5a/build]   | 2023-07-12 11:52:11.516  INFO 583 --- [extShutdownHook] o.s.m.s.b.SimpleBrokerMessageHandler     : Stopping...
[fb6b78ca-47ed-48c7-acbf-14afc4207d5a/build]   | 2023-07-12 11:52:11.537  INFO 583 --- [extShutdownHook] o.s.m.s.b.SimpleBrokerMessageHandler     : BrokerAvailabilityEvent[available=false, SimpleBrokerMessageHandler [DefaultSubscriptionRegistry[cache[0 destination(s)], registry[0 sessions]]]]
[fb6b78ca-47ed-48c7-acbf-14afc4207d5a/build]   | 2023-07-12 11:52:11.537  INFO 583 --- [extShutdownHook] o.s.m.s.b.SimpleBrokerMessageHandler     : Stopped.
[fb6b78ca-47ed-48c7-acbf-14afc4207d5a/build]   | 2023-07-12 11:52:11.516  INFO 583 --- [extShutdownHook] o.s.m.s.b.SimpleBrokerMessageHandler     : Stopping...
[fb6b78ca-47ed-48c7-acbf-14afc4207d5a/build]   | 2023-07-12 11:52:11.539  INFO 583 --- [extShutdownHook] o.s.m.s.b.SimpleBrokerMessageHandler     : BrokerAvailabilityEvent[available=false, SimpleBrokerMessageHandler [DefaultSubscriptionRegistry[cache[0 destination(s)], registry[0 sessions]]]]
[fb6b78ca-47ed-48c7-acbf-14afc4207d5a/build]   | 2023-07-12 11:52:11.539  INFO 583 --- [extShutdownHook] o.s.m.s.b.SimpleBrokerMessageHandler     : Stopped.
[fb6b78ca-47ed-48c7-acbf-14afc4207d5a/build]   | 2023-07-12 11:52:11.517  INFO 583 --- [extShutdownHook] o.s.m.s.b.SimpleBrokerMessageHandler     : Stopping...
[fb6b78ca-47ed-48c7-acbf-14afc4207d5a/build]   | 2023-07-12 11:52:11.522  INFO 583 --- [extShutdownHook] o.s.s.concurrent.ThreadPoolTaskExecutor  : Shutting down ExecutorService 'brokerChannelExecutor'
[fb6b78ca-47ed-48c7-acbf-14afc4207d5a/build]   | 2023-07-12 11:52:11.539  INFO 583 --- [extShutdownHook] o.s.m.s.b.SimpleBrokerMessageHandler     : BrokerAvailabilityEvent[available=false, SimpleBrokerMessageHandler [DefaultSubscriptionRegistry[cache[0 destination(s)], registry[0 sessions]]]]
[fb6b78ca-47ed-48c7-acbf-14afc4207d5a/build]   | 2023-07-12 11:52:11.540  INFO 583 --- [extShutdownHook] o.s.m.s.b.SimpleBrokerMessageHandler     : Stopped.
[fb6b78ca-47ed-48c7-acbf-14afc4207d5a/build]   | 2023-07-12 11:52:11.523  INFO 583 --- [extShutdownHook] o.s.s.concurrent.ThreadPoolTaskExecutor  : Shutting down ExecutorService 'brokerChannelExecutor'
[fb6b78ca-47ed-48c7-acbf-14afc4207d5a/build]   | 2023-07-12 11:52:11.532  INFO 583 --- [extShutdownHook] o.s.m.s.b.SimpleBrokerMessageHandler     : BrokerAvailabilityEvent[available=false, SimpleBrokerMessageHandler [DefaultSubscriptionRegistry[cache[0 destination(s)], registry[0 sessions]]]]
[fb6b78ca-47ed-48c7-acbf-14afc4207d5a/build]   | 2023-07-12 11:52:11.540  INFO 583 --- [extShutdownHook] o.s.s.c.ThreadPoolTaskScheduler          : Shutting down ExecutorService 'messageBrokerTaskScheduler'
[fb6b78ca-47ed-48c7-acbf-14afc4207d5a/build]   | 2023-07-12 11:52:11.540  INFO 583 --- [extShutdownHook] o.s.m.s.b.SimpleBrokerMessageHandler     : Stopped.
[fb6b78ca-47ed-48c7-acbf-14afc4207d5a/build]   | 2023-07-12 11:52:11.541  INFO 583 --- [extShutdownHook] o.s.s.c.ThreadPoolTaskScheduler          : Shutting down ExecutorService 'messageBrokerTaskScheduler'
[fb6b78ca-47ed-48c7-acbf-14afc4207d5a/build]   | 2023-07-12 11:52:11.541  INFO 583 --- [extShutdownHook] o.s.s.concurrent.ThreadPoolTaskExecutor  : Shutting down ExecutorService 'clientOutboundChannelExecutor'
[fb6b78ca-47ed-48c7-acbf-14afc4207d5a/build]   | 2023-07-12 11:52:11.546  INFO 583 --- [extShutdownHook] o.s.s.concurrent.ThreadPoolTaskExecutor  : Shutting down ExecutorService 'clientOutboundChannelExecutor'
[fb6b78ca-47ed-48c7-acbf-14afc4207d5a/build]   | 2023-07-12 11:52:11.546  INFO 583 --- [extShutdownHook] o.s.s.concurrent.ThreadPoolTaskExecutor  : Shutting down ExecutorService 'clientInboundChannelExecutor'
[fb6b78ca-47ed-48c7-acbf-14afc4207d5a/build]   | 2023-07-12 11:52:11.547  INFO 583 --- [extShutdownHook] j.LocalContainerEntityManagerFactoryBean : Closing JPA EntityManagerFactory for persistence unit 'default'
[fb6b78ca-47ed-48c7-acbf-14afc4207d5a/build]   | 2023-07-12 11:52:11.547  INFO 583 --- [extShutdownHook] .SchemaDropperImpl$DelayedDropActionImpl : HHH000477: Starting delayed evictData of schema as part of SessionFactory shut-down'
[fb6b78ca-47ed-48c7-acbf-14afc4207d5a/build]   | 2023-07-12 11:52:11.556  INFO 583 --- [extShutdownHook] o.s.s.concurrent.ThreadPoolTaskExecutor  : Shutting down ExecutorService 'brokerChannelExecutor'
[fb6b78ca-47ed-48c7-acbf-14afc4207d5a/build]   | 2023-07-12 11:52:11.556  INFO 583 --- [extShutdownHook] o.s.s.concurrent.ThreadPoolTaskExecutor  : Shutting down ExecutorService 'clientInboundChannelExecutor'
[fb6b78ca-47ed-48c7-acbf-14afc4207d5a/build]   | 2023-07-12 11:52:11.557  INFO 583 --- [extShutdownHook] o.s.s.concurrent.ThreadPoolTaskExecutor  : Shutting down ExecutorService 'brokerChannelExecutor'
[fb6b78ca-47ed-48c7-acbf-14afc4207d5a/build]   | 2023-07-12 11:52:11.545  INFO 583 --- [extShutdownHook] o.s.s.concurrent.ThreadPoolTaskExecutor  : Shutting down ExecutorService 'brokerChannelExecutor'
[fb6b78ca-47ed-48c7-acbf-14afc4207d5a/build]   | 2023-07-12 11:52:11.557  INFO 583 --- [extShutdownHook] o.s.s.concurrent.ThreadPoolTaskExecutor  : Shutting down ExecutorService 'brokerChannelExecutor'
[fb6b78ca-47ed-48c7-acbf-14afc4207d5a/build]   | 2023-07-12 11:52:11.557  INFO 583 --- [extShutdownHook] o.s.s.c.ThreadPoolTaskScheduler          : Shutting down ExecutorService 'messageBrokerTaskScheduler'
[fb6b78ca-47ed-48c7-acbf-14afc4207d5a/build]   | 2023-07-12 11:52:11.557  INFO 583 --- [extShutdownHook] j.LocalContainerEntityManagerFactoryBean : Closing JPA EntityManagerFactory for persistence unit 'default'
[fb6b78ca-47ed-48c7-acbf-14afc4207d5a/build]   | 2023-07-12 11:52:11.558  INFO 583 --- [extShutdownHook] o.s.s.concurrent.ThreadPoolTaskExecutor  : Shutting down ExecutorService 'brokerChannelExecutor'
[fb6b78ca-47ed-48c7-acbf-14afc4207d5a/build]   | 2023-07-12 11:52:11.558  INFO 583 --- [extShutdownHook] .SchemaDropperImpl$DelayedDropActionImpl : HHH000477: Starting delayed evictData of schema as part of SessionFactory shut-down'
[fb6b78ca-47ed-48c7-acbf-14afc4207d5a/build]   | 2023-07-12 11:52:11.558  INFO 583 --- [extShutdownHook] o.s.s.c.ThreadPoolTaskScheduler          : Shutting down ExecutorService 'messageBrokerTaskScheduler'
[fb6b78ca-47ed-48c7-acbf-14afc4207d5a/build]   | 2023-07-12 11:52:11.558  INFO 583 --- [extShutdownHook] o.s.s.c.ThreadPoolTaskScheduler          : Shutting down ExecutorService 'messageBrokerTaskScheduler'
[fb6b78ca-47ed-48c7-acbf-14afc4207d5a/build]   | 2023-07-12 11:52:11.561  INFO 583 --- [extShutdownHook] o.s.s.concurrent.ThreadPoolTaskExecutor  : Shutting down ExecutorService 'clientOutboundChannelExecutor'
[fb6b78ca-47ed-48c7-acbf-14afc4207d5a/build]   | 2023-07-12 11:52:11.561  INFO 583 --- [extShutdownHook] o.s.s.c.ThreadPoolTaskScheduler          : Shutting down ExecutorService 'messageBrokerTaskScheduler'
[fb6b78ca-47ed-48c7-acbf-14afc4207d5a/build]   | 2023-07-12 11:52:11.562  INFO 583 --- [extShutdownHook] o.s.s.concurrent.ThreadPoolTaskExecutor  : Shutting down ExecutorService 'clientOutboundChannelExecutor'
[fb6b78ca-47ed-48c7-acbf-14afc4207d5a/build]   | 2023-07-12 11:52:11.562  INFO 583 --- [extShutdownHook] o.s.s.concurrent.ThreadPoolTaskExecutor  : Shutting down ExecutorService 'clientInboundChannelExecutor'
[fb6b78ca-47ed-48c7-acbf-14afc4207d5a/build]   | 2023-07-12 11:52:11.562  INFO 583 --- [extShutdownHook] o.s.s.concurrent.ThreadPoolTaskExecutor  : Shutting down ExecutorService 'clientInboundChannelExecutor'
[fb6b78ca-47ed-48c7-acbf-14afc4207d5a/build]   | 2023-07-12 11:52:11.562  INFO 583 --- [extShutdownHook] j.LocalContainerEntityManagerFactoryBean : Closing JPA EntityManagerFactory for persistence unit 'default'
[fb6b78ca-47ed-48c7-acbf-14afc4207d5a/build]   | 2023-07-12 11:52:11.562  INFO 583 --- [extShutdownHook] j.LocalContainerEntityManagerFactoryBean : Closing JPA EntityManagerFactory for persistence unit 'default'
[fb6b78ca-47ed-48c7-acbf-14afc4207d5a/build]   | 2023-07-12 11:52:11.562  INFO 583 --- [extShutdownHook] .SchemaDropperImpl$DelayedDropActionImpl : HHH000477: Starting delayed evictData of schema as part of SessionFactory shut-down'
[fb6b78ca-47ed-48c7-acbf-14afc4207d5a/build]   | 2023-07-12 11:52:11.562  INFO 583 --- [extShutdownHook] .SchemaDropperImpl$DelayedDropActionImpl : HHH000477: Starting delayed evictData of schema as part of SessionFactory shut-down'
[fb6b78ca-47ed-48c7-acbf-14afc4207d5a/build]   | 2023-07-12 11:52:11.562  INFO 583 --- [extShutdownHook] o.s.s.concurrent.ThreadPoolTaskExecutor  : Shutting down ExecutorService 'clientOutboundChannelExecutor'
[fb6b78ca-47ed-48c7-acbf-14afc4207d5a/build]   | 2023-07-12 11:52:11.562  INFO 583 --- [extShutdownHook] o.s.s.concurrent.ThreadPoolTaskExecutor  : Shutting down ExecutorService 'clientOutboundChannelExecutor'
[fb6b78ca-47ed-48c7-acbf-14afc4207d5a/build]   | 2023-07-12 11:52:11.563  INFO 583 --- [extShutdownHook] o.s.s.c.ThreadPoolTaskScheduler          : Shutting down ExecutorService 'messageBrokerTaskScheduler'
[fb6b78ca-47ed-48c7-acbf-14afc4207d5a/build]   | 2023-07-12 11:52:11.565  INFO 583 --- [extShutdownHook] o.s.s.concurrent.ThreadPoolTaskExecutor  : Shutting down ExecutorService 'clientInboundChannelExecutor'
[fb6b78ca-47ed-48c7-acbf-14afc4207d5a/build]   | 2023-07-12 11:52:11.565  INFO 583 --- [extShutdownHook] o.s.s.concurrent.ThreadPoolTaskExecutor  : Shutting down ExecutorService 'clientInboundChannelExecutor'
[fb6b78ca-47ed-48c7-acbf-14afc4207d5a/build]   | 2023-07-12 11:52:11.569  INFO 583 --- [extShutdownHook] j.LocalContainerEntityManagerFactoryBean : Closing JPA EntityManagerFactory for persistence unit 'default'
[fb6b78ca-47ed-48c7-acbf-14afc4207d5a/build]   | 2023-07-12 11:52:11.569  INFO 583 --- [extShutdownHook] j.LocalContainerEntityManagerFactoryBean : Closing JPA EntityManagerFactory for persistence unit 'default'
[fb6b78ca-47ed-48c7-acbf-14afc4207d5a/build]   | 2023-07-12 11:52:11.569  INFO 583 --- [extShutdownHook] .SchemaDropperImpl$DelayedDropActionImpl : HHH000477: Starting delayed evictData of schema as part of SessionFactory shut-down'
[fb6b78ca-47ed-48c7-acbf-14afc4207d5a/build]   | 2023-07-12 11:52:11.569  INFO 583 --- [extShutdownHook] .SchemaDropperImpl$DelayedDropActionImpl : HHH000477: Starting delayed evictData of schema as part of SessionFactory shut-down'
[fb6b78ca-47ed-48c7-acbf-14afc4207d5a/build]   | 2023-07-12 11:52:11.570  INFO 583 --- [extShutdownHook] o.s.s.concurrent.ThreadPoolTaskExecutor  : Shutting down ExecutorService 'clientOutboundChannelExecutor'
[fb6b78ca-47ed-48c7-acbf-14afc4207d5a/build]   | 2023-07-12 11:52:11.570  INFO 583 --- [extShutdownHook] o.s.s.concurrent.ThreadPoolTaskExecutor  : Shutting down ExecutorService 'clientInboundChannelExecutor'
[fb6b78ca-47ed-48c7-acbf-14afc4207d5a/build]   | 2023-07-12 11:52:11.570  INFO 583 --- [extShutdownHook] j.LocalContainerEntityManagerFactoryBean : Closing JPA EntityManagerFactory for persistence unit 'default'
[fb6b78ca-47ed-48c7-acbf-14afc4207d5a/build]   | 2023-07-12 11:52:11.570  INFO 583 --- [extShutdownHook] .SchemaDropperImpl$DelayedDropActionImpl : HHH000477: Starting delayed evictData of schema as part of SessionFactory shut-down'
[fb6b78ca-47ed-48c7-acbf-14afc4207d5a/build]   | 2023-07-12 11:52:11.573  INFO 583 --- [extShutdownHook] o.s.m.s.b.SimpleBrokerMessageHandler     : Stopped.
[fb6b78ca-47ed-48c7-acbf-14afc4207d5a/build]   | 2023-07-12 11:52:11.580  INFO 583 --- [extShutdownHook] o.s.s.concurrent.ThreadPoolTaskExecutor  : Shutting down ExecutorService 'brokerChannelExecutor'
[fb6b78ca-47ed-48c7-acbf-14afc4207d5a/build]   | 2023-07-12 11:52:11.580  INFO 583 --- [extShutdownHook] o.s.s.concurrent.ThreadPoolTaskExecutor  : Shutting down ExecutorService 'brokerChannelExecutor'
[fb6b78ca-47ed-48c7-acbf-14afc4207d5a/build]   | 2023-07-12 11:52:11.580  INFO 583 --- [extShutdownHook] o.s.s.c.ThreadPoolTaskScheduler          : Shutting down ExecutorService 'messageBrokerTaskScheduler'
[fb6b78ca-47ed-48c7-acbf-14afc4207d5a/build]   | 2023-07-12 11:52:11.580  INFO 583 --- [extShutdownHook] o.s.s.concurrent.ThreadPoolTaskExecutor  : Shutting down ExecutorService 'clientOutboundChannelExecutor'
[fb6b78ca-47ed-48c7-acbf-14afc4207d5a/build]   | 2023-07-12 11:52:11.581  INFO 583 --- [extShutdownHook] o.s.s.concurrent.ThreadPoolTaskExecutor  : Shutting down ExecutorService 'clientInboundChannelExecutor'
[fb6b78ca-47ed-48c7-acbf-14afc4207d5a/build]   | 2023-07-12 11:52:11.581  INFO 583 --- [extShutdownHook] j.LocalContainerEntityManagerFactoryBean : Closing JPA EntityManagerFactory for persistence unit 'default'
[fb6b78ca-47ed-48c7-acbf-14afc4207d5a/build]   | 2023-07-12 11:52:11.581  INFO 583 --- [extShutdownHook] .SchemaDropperImpl$DelayedDropActionImpl : HHH000477: Starting delayed evictData of schema as part of SessionFactory shut-down'
[fb6b78ca-47ed-48c7-acbf-14afc4207d5a/build]   | 2023-07-12 11:52:11.582  INFO 583 --- [extShutdownHook] o.s.s.concurrent.ThreadPoolTaskExecutor  : Shutting down ExecutorService 'brokerChannelExecutor'
[fb6b78ca-47ed-48c7-acbf-14afc4207d5a/build]   | 2023-07-12 11:52:11.582  INFO 583 --- [extShutdownHook] o.s.s.c.ThreadPoolTaskScheduler          : Shutting down ExecutorService 'messageBrokerTaskScheduler'
[fb6b78ca-47ed-48c7-acbf-14afc4207d5a/build]   | 2023-07-12 11:52:11.582  INFO 583 --- [extShutdownHook] o.s.s.concurrent.ThreadPoolTaskExecutor  : Shutting down ExecutorService 'clientOutboundChannelExecutor'
[fb6b78ca-47ed-48c7-acbf-14afc4207d5a/build]   | 2023-07-12 11:52:11.582  INFO 583 --- [extShutdownHook] o.s.s.concurrent.ThreadPoolTaskExecutor  : Shutting down ExecutorService 'clientInboundChannelExecutor'
[fb6b78ca-47ed-48c7-acbf-14afc4207d5a/build]   | 2023-07-12 11:52:11.582  INFO 583 --- [extShutdownHook] j.LocalContainerEntityManagerFactoryBean : Closing JPA EntityManagerFactory for persistence unit 'default'
[fb6b78ca-47ed-48c7-acbf-14afc4207d5a/build]   | 2023-07-12 11:52:11.582  INFO 583 --- [extShutdownHook] .SchemaDropperImpl$DelayedDropActionImpl : HHH000477: Starting delayed evictData of schema as part of SessionFactory shut-down'
[fb6b78ca-47ed-48c7-acbf-14afc4207d5a/build]   | 2023-07-12 11:52:11.582  INFO 583 --- [extShutdownHook] o.s.s.c.ThreadPoolTaskScheduler          : Shutting down ExecutorService 'messageBrokerTaskScheduler'
[fb6b78ca-47ed-48c7-acbf-14afc4207d5a/build]   | 2023-07-12 11:52:11.582  INFO 583 --- [extShutdownHook] o.s.s.concurrent.ThreadPoolTaskExecutor  : Shutting down ExecutorService 'clientOutboundChannelExecutor'
[fb6b78ca-47ed-48c7-acbf-14afc4207d5a/build]   | 2023-07-12 11:52:11.582  INFO 583 --- [extShutdownHook] o.s.s.concurrent.ThreadPoolTaskExecutor  : Shutting down ExecutorService 'clientInboundChannelExecutor'
[fb6b78ca-47ed-48c7-acbf-14afc4207d5a/build]   | 2023-07-12 11:52:11.582  INFO 583 --- [extShutdownHook] j.LocalContainerEntityManagerFactoryBean : Closing JPA EntityManagerFactory for persistence unit 'default'
[fb6b78ca-47ed-48c7-acbf-14afc4207d5a/build]   | 2023-07-12 11:52:11.582  INFO 583 --- [extShutdownHook] .SchemaDropperImpl$DelayedDropActionImpl : HHH000477: Starting delayed evictData of schema as part of SessionFactory shut-down'
[fb6b78ca-47ed-48c7-acbf-14afc4207d5a/build]   | 2023-07-12 11:52:11.603  INFO 583 --- [extShutdownHook] com.zaxxer.hikari.HikariDataSource       : HikariPool-1 - Shutdown initiated...
[fb6b78ca-47ed-48c7-acbf-14afc4207d5a/build]   | 2023-07-12 11:52:11.619  INFO 583 --- [extShutdownHook] com.zaxxer.hikari.HikariDataSource       : HikariPool-1 - Shutdown completed.
[fb6b78ca-47ed-48c7-acbf-14afc4207d5a/build]   | 2023-07-12 11:52:11.665 ERROR 583 --- [extShutdownHook] .SchemaDropperImpl$DelayedDropActionImpl : HHH000478: Unsuccessful: drop table if exists avatar CASCADE 
[fb6b78ca-47ed-48c7-acbf-14afc4207d5a/build]   | 2023-07-12 11:52:11.666  INFO 583 --- [extShutdownHook] com.zaxxer.hikari.HikariDataSource       : HikariPool-3 - Shutdown initiated...
[fb6b78ca-47ed-48c7-acbf-14afc4207d5a/build]   | 2023-07-12 11:52:11.672 ERROR 583 --- [extShutdownHook] .SchemaDropperImpl$DelayedDropActionImpl : HHH000478: Unsuccessful: drop table if exists avatar CASCADE 
[fb6b78ca-47ed-48c7-acbf-14afc4207d5a/build]   | 2023-07-12 11:52:11.688  INFO 583 --- [extShutdownHook] com.zaxxer.hikari.HikariDataSource       : HikariPool-3 - Shutdown completed.
[fb6b78ca-47ed-48c7-acbf-14afc4207d5a/build]   | 2023-07-12 11:52:11.689  INFO 583 --- [extShutdownHook] com.zaxxer.hikari.HikariDataSource       : HikariPool-10 - Shutdown initiated...
[fb6b78ca-47ed-48c7-acbf-14afc4207d5a/build]   | 2023-07-12 11:52:11.691  INFO 583 --- [extShutdownHook] com.zaxxer.hikari.HikariDataSource       : HikariPool-10 - Shutdown completed.
[fb6b78ca-47ed-48c7-acbf-14afc4207d5a/build]   | 2023-07-12 11:52:11.692 ERROR 583 --- [extShutdownHook] .SchemaDropperImpl$DelayedDropActionImpl : HHH000478: Unsuccessful: drop table if exists avatar CASCADE 
[fb6b78ca-47ed-48c7-acbf-14afc4207d5a/build]   | 2023-07-12 11:52:11.693  INFO 583 --- [extShutdownHook] com.zaxxer.hikari.HikariDataSource       : HikariPool-9 - Shutdown initiated...
[fb6b78ca-47ed-48c7-acbf-14afc4207d5a/build]   | 2023-07-12 11:52:11.694  INFO 583 --- [extShutdownHook] com.zaxxer.hikari.HikariDataSource       : HikariPool-9 - Shutdown completed.
[fb6b78ca-47ed-48c7-acbf-14afc4207d5a/build]   | 2023-07-12 11:52:11.695 ERROR 583 --- [extShutdownHook] .SchemaDropperImpl$DelayedDropActionImpl : HHH000478: Unsuccessful: drop table if exists avatar CASCADE 
[fb6b78ca-47ed-48c7-acbf-14afc4207d5a/build]   | 2023-07-12 11:52:11.696  INFO 583 --- [extShutdownHook] com.zaxxer.hikari.HikariDataSource       : HikariPool-8 - Shutdown initiated...
[fb6b78ca-47ed-48c7-acbf-14afc4207d5a/build]   | 2023-07-12 11:52:11.697 ERROR 583 --- [extShutdownHook] .SchemaDropperImpl$DelayedDropActionImpl : HHH000478: Unsuccessful: drop table if exists team_projects CASCADE 
[fb6b78ca-47ed-48c7-acbf-14afc4207d5a/build]   | 2023-07-12 11:52:11.697 ERROR 583 --- [extShutdownHook] .SchemaDropperImpl$DelayedDropActionImpl : HHH000478: Unsuccessful: drop table if exists team_projects CASCADE 
[fb6b78ca-47ed-48c7-acbf-14afc4207d5a/build]   | 2023-07-12 11:52:11.698 ERROR 583 --- [extShutdownHook] .SchemaDropperImpl$DelayedDropActionImpl : HHH000478: Unsuccessful: drop table if exists team_team_roles CASCADE 
[fb6b78ca-47ed-48c7-acbf-14afc4207d5a/build]   | 2023-07-12 11:52:11.700  INFO 583 --- [extShutdownHook] com.zaxxer.hikari.HikariDataSource       : HikariPool-8 - Shutdown completed.
[fb6b78ca-47ed-48c7-acbf-14afc4207d5a/build]   | 2023-07-12 11:52:11.701 ERROR 583 --- [extShutdownHook] .SchemaDropperImpl$DelayedDropActionImpl : HHH000478: Unsuccessful: drop table if exists team_projects CASCADE 
[fb6b78ca-47ed-48c7-acbf-14afc4207d5a/build]   | 2023-07-12 11:52:11.701 ERROR 583 --- [extShutdownHook] .SchemaDropperImpl$DelayedDropActionImpl : HHH000478: Unsuccessful: drop table if exists team_team_roles CASCADE 
[fb6b78ca-47ed-48c7-acbf-14afc4207d5a/build]   | 2023-07-12 11:52:11.710  INFO 583 --- [extShutdownHook] com.zaxxer.hikari.HikariDataSource       : HikariPool-4 - Shutdown initiated...
[fb6b78ca-47ed-48c7-acbf-14afc4207d5a/build]   | 2023-07-12 11:52:11.712  INFO 583 --- [extShutdownHook] com.zaxxer.hikari.HikariDataSource       : HikariPool-5 - Shutdown initiated...
[fb6b78ca-47ed-48c7-acbf-14afc4207d5a/build]   | 2023-07-12 11:52:11.712  INFO 583 --- [extShutdownHook] com.zaxxer.hikari.HikariDataSource       : HikariPool-2 - Shutdown initiated...
[fb6b78ca-47ed-48c7-acbf-14afc4207d5a/build]   | 2023-07-12 11:52:11.712  INFO 583 --- [extShutdownHook] com.zaxxer.hikari.HikariDataSource       : HikariPool-7 - Shutdown initiated...
[fb6b78ca-47ed-48c7-acbf-14afc4207d5a/build]   | 2023-07-12 11:52:11.713  INFO 583 --- [extShutdownHook] com.zaxxer.hikari.HikariDataSource       : HikariPool-7 - Shutdown completed.
[fb6b78ca-47ed-48c7-acbf-14afc4207d5a/build]   | 2023-07-12 11:52:11.713  INFO 583 --- [extShutdownHook] com.zaxxer.hikari.HikariDataSource       : HikariPool-5 - Shutdown completed.
[fb6b78ca-47ed-48c7-acbf-14afc4207d5a/build]   | 2023-07-12 11:52:11.714  INFO 583 --- [extShutdownHook] com.zaxxer.hikari.HikariDataSource       : HikariPool-2 - Shutdown completed.
[fb6b78ca-47ed-48c7-acbf-14afc4207d5a/build]   | 2023-07-12 11:52:11.731  INFO 583 --- [extShutdownHook] com.zaxxer.hikari.HikariDataSource       : HikariPool-6 - Shutdown initiated...
[fb6b78ca-47ed-48c7-acbf-14afc4207d5a/build]   | 2023-07-12 11:52:11.732  INFO 583 --- [extShutdownHook] com.zaxxer.hikari.HikariDataSource       : HikariPool-4 - Shutdown completed.
[fb6b78ca-47ed-48c7-acbf-14afc4207d5a/build]   | 2023-07-12 11:52:11.733  INFO 583 --- [extShutdownHook] com.zaxxer.hikari.HikariDataSource       : HikariPool-6 - Shutdown completed.
[fb6b78ca-47ed-48c7-acbf-14afc4207d5a/build]   | 
[fb6b78ca-47ed-48c7-acbf-14afc4207d5a/build]   | 98 tests completed, 1 failed
[fb6b78ca-47ed-48c7-acbf-14afc4207d5a/build]   | 
[fb6b78ca-47ed-48c7-acbf-14afc4207d5a/build]   | > Task :test FAILED
[fb6b78ca-47ed-48c7-acbf-14afc4207d5a/build]   | 
[fb6b78ca-47ed-48c7-acbf-14afc4207d5a/build]   | Deprecated Gradle features were used in this build, making it incompatible with Gradle 7.0.
[fb6b78ca-47ed-48c7-acbf-14afc4207d5a/build]   | Use '--warning-mode all' to show the individual deprecation warnings.
[fb6b78ca-47ed-48c7-acbf-14afc4207d5a/build]   | See https://docs.gradle.org/6.3/userguide/command_line_interface.html#sec:command_line_warnings
[fb6b78ca-47ed-48c7-acbf-14afc4207d5a/build]   | 6 actionable tasks: 2 executed, 4 up-to-date
[fb6b78ca-47ed-48c7-acbf-14afc4207d5a/build]   | 
[fb6b78ca-47ed-48c7-acbf-14afc4207d5a/build]   | FAILURE: Build failed with an exception.
[fb6b78ca-47ed-48c7-acbf-14afc4207d5a/build]   | 
[fb6b78ca-47ed-48c7-acbf-14afc4207d5a/build]   | * What went wrong:
[fb6b78ca-47ed-48c7-acbf-14afc4207d5a/build]   | Execution failed for task ':test'.
[fb6b78ca-47ed-48c7-acbf-14afc4207d5a/build]   | > There were failing tests. See the report at: file:///tmp/d8ccb89d-0360-4ea9-b2de-bc890829fcd2/build/reports/tests/test/index.html
[fb6b78ca-47ed-48c7-acbf-14afc4207d5a/build]   | 
[fb6b78ca-47ed-48c7-acbf-14afc4207d5a/build]   | * Try:
[fb6b78ca-47ed-48c7-acbf-14afc4207d5a/build]   | Run with --stacktrace option to get the stack trace. Run with --info or --debug option to get more log output. Run with --scan to get full insights.
[fb6b78ca-47ed-48c7-acbf-14afc4207d5a/build]   | 
[fb6b78ca-47ed-48c7-acbf-14afc4207d5a/build]   | * Get more help at https://help.gradle.org
[fb6b78ca-47ed-48c7-acbf-14afc4207d5a/build]   | 
[fb6b78ca-47ed-48c7-acbf-14afc4207d5a/build]   | BUILD FAILED in 2m 13s
[fb6b78ca-47ed-48c7-acbf-14afc4207d5a/build]   ❌  Failure - Main Build with Gradle
[fb6b78ca-47ed-48c7-acbf-14afc4207d5a/build] exitcode '1': failure
[fb6b78ca-47ed-48c7-acbf-14afc4207d5a/build] unable to get git ref: failed to identify reference (tag/branch) for the checked-out revision '7aecd90e1d6dbbe590d0b31835ef3c42cca9bb3a'
[fb6b78ca-47ed-48c7-acbf-14afc4207d5a/build] unable to get git ref: failed to identify reference (tag/branch) for the checked-out revision '7aecd90e1d6dbbe590d0b31835ef3c42cca9bb3a'
[fb6b78ca-47ed-48c7-acbf-14afc4207d5a/build] unable to get git ref: failed to identify reference (tag/branch) for the checked-out revision '7aecd90e1d6dbbe590d0b31835ef3c42cca9bb3a'
[fb6b78ca-47ed-48c7-acbf-14afc4207d5a/build] unable to get git ref: failed to identify reference (tag/branch) for the checked-out revision '7aecd90e1d6dbbe590d0b31835ef3c42cca9bb3a'
[fb6b78ca-47ed-48c7-acbf-14afc4207d5a/build] unable to get git ref: failed to identify reference (tag/branch) for the checked-out revision '7aecd90e1d6dbbe590d0b31835ef3c42cca9bb3a'
[fb6b78ca-47ed-48c7-acbf-14afc4207d5a/build] ⭐ Run Post Set up JDK 1.8
[fb6b78ca-47ed-48c7-acbf-14afc4207d5a/build]   🐳  docker exec cmd=[node /var/run/act/actions/actions-setup-java@v1/dist/cleanup/index.js] user= workdir=
[fb6b78ca-47ed-48c7-acbf-14afc4207d5a/build]   ✅  Success - Post Set up JDK 1.8
[fb6b78ca-47ed-48c7-acbf-14afc4207d5a/build] 🏁  Job failed
[fb6b78ca-47ed-48c7-acbf-14afc4207d5a/build] unable to get git ref: failed to identify reference (tag/branch) for the checked-out revision '7aecd90e1d6dbbe590d0b31835ef3c42cca9bb3a'
