[53c19c1b-9149-4bc0-99e4-f060ab7c7622/build] 🚀  Start image=gitbugactions:latest
[53c19c1b-9149-4bc0-99e4-f060ab7c7622/build]   🐳  docker pull image=gitbugactions:latest platform= username= forcePull=false
[53c19c1b-9149-4bc0-99e4-f060ab7c7622/build]   🐳  docker create image=gitbugactions:latest platform= entrypoint=["tail" "-f" "/dev/null"] cmd=[]
[53c19c1b-9149-4bc0-99e4-f060ab7c7622/build]   🐳  docker run image=gitbugactions:latest platform= entrypoint=["tail" "-f" "/dev/null"] cmd=[]
[53c19c1b-9149-4bc0-99e4-f060ab7c7622/build]   🐳  docker exec cmd=[chown -R 1012:1013 /tmp/577bb91e-465d-49c1-bb32-445cbdbf99e6] user=0 workdir=
[53c19c1b-9149-4bc0-99e4-f060ab7c7622/build] unable to get git ref: failed to identify reference (tag/branch) for the checked-out revision '37ff82594c834811d05f80e47204463a262e85fc'
[53c19c1b-9149-4bc0-99e4-f060ab7c7622/build] unable to get git ref: failed to identify reference (tag/branch) for the checked-out revision '37ff82594c834811d05f80e47204463a262e85fc'
[53c19c1b-9149-4bc0-99e4-f060ab7c7622/build] unable to get git ref: failed to identify reference (tag/branch) for the checked-out revision '37ff82594c834811d05f80e47204463a262e85fc'
[53c19c1b-9149-4bc0-99e4-f060ab7c7622/build] unable to get git ref: failed to identify reference (tag/branch) for the checked-out revision '37ff82594c834811d05f80e47204463a262e85fc'
[53c19c1b-9149-4bc0-99e4-f060ab7c7622/build] unable to get git ref: failed to identify reference (tag/branch) for the checked-out revision '37ff82594c834811d05f80e47204463a262e85fc'
[53c19c1b-9149-4bc0-99e4-f060ab7c7622/build] unable to get git ref: failed to identify reference (tag/branch) for the checked-out revision '37ff82594c834811d05f80e47204463a262e85fc'
[53c19c1b-9149-4bc0-99e4-f060ab7c7622/build] unable to get git ref: failed to identify reference (tag/branch) for the checked-out revision '37ff82594c834811d05f80e47204463a262e85fc'
[53c19c1b-9149-4bc0-99e4-f060ab7c7622/build] unable to get git ref: failed to identify reference (tag/branch) for the checked-out revision '37ff82594c834811d05f80e47204463a262e85fc'
[53c19c1b-9149-4bc0-99e4-f060ab7c7622/build] unable to get git ref: failed to identify reference (tag/branch) for the checked-out revision '37ff82594c834811d05f80e47204463a262e85fc'
[53c19c1b-9149-4bc0-99e4-f060ab7c7622/build] ⭐ Run Main actions/checkout@v2
[53c19c1b-9149-4bc0-99e4-f060ab7c7622/build] unable to get git ref: failed to identify reference (tag/branch) for the checked-out revision '37ff82594c834811d05f80e47204463a262e85fc'
[53c19c1b-9149-4bc0-99e4-f060ab7c7622/build] unable to get git ref: failed to identify reference (tag/branch) for the checked-out revision '37ff82594c834811d05f80e47204463a262e85fc'
[53c19c1b-9149-4bc0-99e4-f060ab7c7622/build]   🐳  docker cp src=/tmp/577bb91e-465d-49c1-bb32-445cbdbf99e6/. dst=/tmp/577bb91e-465d-49c1-bb32-445cbdbf99e6
[53c19c1b-9149-4bc0-99e4-f060ab7c7622/build]   🐳  docker exec cmd=[chown -R 1012:1013 /tmp/577bb91e-465d-49c1-bb32-445cbdbf99e6] user=0 workdir=
[53c19c1b-9149-4bc0-99e4-f060ab7c7622/build]   ✅  Success - Main actions/checkout@v2
[53c19c1b-9149-4bc0-99e4-f060ab7c7622/build] unable to get git ref: failed to identify reference (tag/branch) for the checked-out revision '37ff82594c834811d05f80e47204463a262e85fc'
[53c19c1b-9149-4bc0-99e4-f060ab7c7622/build] unable to get git ref: failed to identify reference (tag/branch) for the checked-out revision '37ff82594c834811d05f80e47204463a262e85fc'
[53c19c1b-9149-4bc0-99e4-f060ab7c7622/build] unable to get git ref: failed to identify reference (tag/branch) for the checked-out revision '37ff82594c834811d05f80e47204463a262e85fc'
[53c19c1b-9149-4bc0-99e4-f060ab7c7622/build] unable to get git ref: failed to identify reference (tag/branch) for the checked-out revision '37ff82594c834811d05f80e47204463a262e85fc'
[53c19c1b-9149-4bc0-99e4-f060ab7c7622/build] unable to get git ref: failed to identify reference (tag/branch) for the checked-out revision '37ff82594c834811d05f80e47204463a262e85fc'
[53c19c1b-9149-4bc0-99e4-f060ab7c7622/build] ⭐ Run Main Set up JDK 17
[53c19c1b-9149-4bc0-99e4-f060ab7c7622/build] unable to get git ref: failed to identify reference (tag/branch) for the checked-out revision '37ff82594c834811d05f80e47204463a262e85fc'
[53c19c1b-9149-4bc0-99e4-f060ab7c7622/build] unable to get git ref: failed to identify reference (tag/branch) for the checked-out revision '37ff82594c834811d05f80e47204463a262e85fc'
[53c19c1b-9149-4bc0-99e4-f060ab7c7622/build] unable to get git ref: failed to identify reference (tag/branch) for the checked-out revision '37ff82594c834811d05f80e47204463a262e85fc'
[53c19c1b-9149-4bc0-99e4-f060ab7c7622/build]   🐳  docker cp src=/tmp/act-cache/27c48a5b-2ef1-42b5-adfd-cea03259e653/act/actions-setup-java@v2/ dst=/var/run/act/actions/actions-setup-java@v2/
[53c19c1b-9149-4bc0-99e4-f060ab7c7622/build]   🐳  docker exec cmd=[chown -R 1012:1013 /var/run/act/actions/actions-setup-java@v2/] user=0 workdir=
[53c19c1b-9149-4bc0-99e4-f060ab7c7622/build]   🐳  docker exec cmd=[node /var/run/act/actions/actions-setup-java@v2/dist/setup/index.js] user= workdir=
[53c19c1b-9149-4bc0-99e4-f060ab7c7622/build]   💬  ::debug::isExplicit: 11.0.20-1
[53c19c1b-9149-4bc0-99e4-f060ab7c7622/build]   💬  ::debug::explicit? true
[53c19c1b-9149-4bc0-99e4-f060ab7c7622/build]   💬  ::debug::isExplicit: 17.0.8-1
[53c19c1b-9149-4bc0-99e4-f060ab7c7622/build]   💬  ::debug::explicit? true
[53c19c1b-9149-4bc0-99e4-f060ab7c7622/build]   💬  ::debug::isExplicit: 21.0.0-35
[53c19c1b-9149-4bc0-99e4-f060ab7c7622/build]   💬  ::debug::explicit? true
[53c19c1b-9149-4bc0-99e4-f060ab7c7622/build]   💬  ::debug::isExplicit: 8.0.382-5
[53c19c1b-9149-4bc0-99e4-f060ab7c7622/build]   💬  ::debug::explicit? true
[53c19c1b-9149-4bc0-99e4-f060ab7c7622/build]   | Resolved Java 17.0.8+1 from tool-cache
[53c19c1b-9149-4bc0-99e4-f060ab7c7622/build]   | Setting Java 17.0.8+1 as the default
[53c19c1b-9149-4bc0-99e4-f060ab7c7622/build]   | 
[53c19c1b-9149-4bc0-99e4-f060ab7c7622/build]   | Java configuration:
[53c19c1b-9149-4bc0-99e4-f060ab7c7622/build]   |   Distribution: temurin
[53c19c1b-9149-4bc0-99e4-f060ab7c7622/build]   |   Version: 17.0.8+1
[53c19c1b-9149-4bc0-99e4-f060ab7c7622/build]   |   Path: /opt/hostedtoolcache/Java_Temurin-Hotspot_jdk/17.0.8-1/x64
[53c19c1b-9149-4bc0-99e4-f060ab7c7622/build]   | 
[53c19c1b-9149-4bc0-99e4-f060ab7c7622/build]   ❓ add-matcher /run/act/actions/actions-setup-java@v2/.github/java.json
[53c19c1b-9149-4bc0-99e4-f060ab7c7622/build]   | Creating settings.xml with server-id: github
[53c19c1b-9149-4bc0-99e4-f060ab7c7622/build]   | Writing to /home/runner/.m2/settings.xml
[53c19c1b-9149-4bc0-99e4-f060ab7c7622/build]   ✅  Success - Main Set up JDK 17
[53c19c1b-9149-4bc0-99e4-f060ab7c7622/build]   ⚙  ::set-env:: JAVA_HOME=/opt/hostedtoolcache/Java_Temurin-Hotspot_jdk/17.0.8-1/x64
[53c19c1b-9149-4bc0-99e4-f060ab7c7622/build]   ⚙  ::set-output:: distribution=Temurin-Hotspot
[53c19c1b-9149-4bc0-99e4-f060ab7c7622/build]   ⚙  ::set-output:: path=/opt/hostedtoolcache/Java_Temurin-Hotspot_jdk/17.0.8-1/x64
[53c19c1b-9149-4bc0-99e4-f060ab7c7622/build]   ⚙  ::set-output:: version=17.0.8+1
[53c19c1b-9149-4bc0-99e4-f060ab7c7622/build]   ⚙  ::add-path:: /opt/hostedtoolcache/Java_Temurin-Hotspot_jdk/17.0.8-1/x64/bin
[53c19c1b-9149-4bc0-99e4-f060ab7c7622/build] unable to get git ref: failed to identify reference (tag/branch) for the checked-out revision '37ff82594c834811d05f80e47204463a262e85fc'
[53c19c1b-9149-4bc0-99e4-f060ab7c7622/build] unable to get git ref: failed to identify reference (tag/branch) for the checked-out revision '37ff82594c834811d05f80e47204463a262e85fc'
[53c19c1b-9149-4bc0-99e4-f060ab7c7622/build] unable to get git ref: failed to identify reference (tag/branch) for the checked-out revision '37ff82594c834811d05f80e47204463a262e85fc'
[53c19c1b-9149-4bc0-99e4-f060ab7c7622/build] unable to get git ref: failed to identify reference (tag/branch) for the checked-out revision '37ff82594c834811d05f80e47204463a262e85fc'
[53c19c1b-9149-4bc0-99e4-f060ab7c7622/build] unable to get git ref: failed to identify reference (tag/branch) for the checked-out revision '37ff82594c834811d05f80e47204463a262e85fc'
[53c19c1b-9149-4bc0-99e4-f060ab7c7622/build] ⭐ Run Main Test with Gradle
[53c19c1b-9149-4bc0-99e4-f060ab7c7622/build] unable to get git ref: failed to identify reference (tag/branch) for the checked-out revision '37ff82594c834811d05f80e47204463a262e85fc'
[53c19c1b-9149-4bc0-99e4-f060ab7c7622/build] unable to get git ref: failed to identify reference (tag/branch) for the checked-out revision '37ff82594c834811d05f80e47204463a262e85fc'
[53c19c1b-9149-4bc0-99e4-f060ab7c7622/build] unable to get git ref: failed to identify reference (tag/branch) for the checked-out revision '37ff82594c834811d05f80e47204463a262e85fc'
[53c19c1b-9149-4bc0-99e4-f060ab7c7622/build] unable to get git ref: failed to identify reference (tag/branch) for the checked-out revision '37ff82594c834811d05f80e47204463a262e85fc'
[53c19c1b-9149-4bc0-99e4-f060ab7c7622/build]   🐳  docker exec cmd=[bash --noprofile --norc -e -o pipefail /var/run/act/workflow/2] user= workdir=
[53c19c1b-9149-4bc0-99e4-f060ab7c7622/build]   | Downloading https://services.gradle.org/distributions/gradle-7.5.1-bin.zip
[53c19c1b-9149-4bc0-99e4-f060ab7c7622/build]   | ...........10%............20%...........30%............40%...........50%............60%...........70%............80%...........90%............100%
[53c19c1b-9149-4bc0-99e4-f060ab7c7622/build]   | 
[53c19c1b-9149-4bc0-99e4-f060ab7c7622/build]   | Welcome to Gradle 7.5.1!
[53c19c1b-9149-4bc0-99e4-f060ab7c7622/build]   | 
[53c19c1b-9149-4bc0-99e4-f060ab7c7622/build]   | Here are the highlights of this release:
[53c19c1b-9149-4bc0-99e4-f060ab7c7622/build]   |  - Support for Java 18
[53c19c1b-9149-4bc0-99e4-f060ab7c7622/build]   |  - Support for building with Groovy 4
[53c19c1b-9149-4bc0-99e4-f060ab7c7622/build]   |  - Much more responsive continuous builds
[53c19c1b-9149-4bc0-99e4-f060ab7c7622/build]   |  - Improved diagnostics for dependency resolution
[53c19c1b-9149-4bc0-99e4-f060ab7c7622/build]   | 
[53c19c1b-9149-4bc0-99e4-f060ab7c7622/build]   | For more details see https://docs.gradle.org/7.5.1/release-notes.html
[53c19c1b-9149-4bc0-99e4-f060ab7c7622/build]   | 
[53c19c1b-9149-4bc0-99e4-f060ab7c7622/build]   | Starting a Gradle Daemon (subsequent builds will be faster)
[53c19c1b-9149-4bc0-99e4-f060ab7c7622/build]   | 
[53c19c1b-9149-4bc0-99e4-f060ab7c7622/build]   | > Configure project :
[53c19c1b-9149-4bc0-99e4-f060ab7c7622/build]   | Project : => 'network.brightspots.rcv' Java module
[53c19c1b-9149-4bc0-99e4-f060ab7c7622/build]   | 
[53c19c1b-9149-4bc0-99e4-f060ab7c7622/build]   | > Task :compileJava
[53c19c1b-9149-4bc0-99e4-f060ab7c7622/build]   | > Task :processResources
[53c19c1b-9149-4bc0-99e4-f060ab7c7622/build]   | > Task :classes
[53c19c1b-9149-4bc0-99e4-f060ab7c7622/build]   | 
[53c19c1b-9149-4bc0-99e4-f060ab7c7622/build]   | > Task :compileTestJava
[53c19c1b-9149-4bc0-99e4-f060ab7c7622/build]   | warning: [options] module name in --add-exports option not found: org.junit.platform.engine
[53c19c1b-9149-4bc0-99e4-f060ab7c7622/build]   | 1 warning
[53c19c1b-9149-4bc0-99e4-f060ab7c7622/build]   | 
[53c19c1b-9149-4bc0-99e4-f060ab7c7622/build]   | > Task :processTestResources
[53c19c1b-9149-4bc0-99e4-f060ab7c7622/build]   | > Task :testClasses
[53c19c1b-9149-4bc0-99e4-f060ab7c7622/build]   | > Task :mergeClasses SKIPPED
[53c19c1b-9149-4bc0-99e4-f060ab7c7622/build]   | 
[53c19c1b-9149-4bc0-99e4-f060ab7c7622/build]   | > Task :test
[53c19c1b-9149-4bc0-99e4-f060ab7c7622/build]   | 
[53c19c1b-9149-4bc0-99e4-f060ab7c7622/build]   | ContestConfigTests > test isVersionNewer PASSED
[53c19c1b-9149-4bc0-99e4-f060ab7c7622/build]   | 
[53c19c1b-9149-4bc0-99e4-f060ab7c7622/build]   | TabulatorTests > multi-seat fractional number threshold PASSED
[53c19c1b-9149-4bc0-99e4-f060ab7c7622/build]   | 
[53c19c1b-9149-4bc0-99e4-f060ab7c7622/build]   | TabulatorTests > unisyn_xml_cdf_city_council_member PASSED
[53c19c1b-9149-4bc0-99e4-f060ab7c7622/build]   | 
[53c19c1b-9149-4bc0-99e4-f060ab7c7622/build]   | > Task :checkstyleTest
[53c19c1b-9149-4bc0-99e4-f060ab7c7622/build]   | > Task :checkstyleMain
[53c19c1b-9149-4bc0-99e4-f060ab7c7622/build]   | > Task :spotbugsTest
[53c19c1b-9149-4bc0-99e4-f060ab7c7622/build]   | > Task :spotbugsMain
[53c19c1b-9149-4bc0-99e4-f060ab7c7622/build]   | 
[53c19c1b-9149-4bc0-99e4-f060ab7c7622/build]   | > Task :test
[53c19c1b-9149-4bc0-99e4-f060ab7c7622/build]   | 
[53c19c1b-9149-4bc0-99e4-f060ab7c7622/build]   | TabulatorTests > 2017 Minneapolis Mayor PASSED
[53c19c1b-9149-4bc0-99e4-f060ab7c7622/build]   | 
[53c19c1b-9149-4bc0-99e4-f060ab7c7622/build]   | TabulatorTests > unisyn_xml_cdf_county_sheriff PASSED
[53c19c1b-9149-4bc0-99e4-f060ab7c7622/build]   | 
[53c19c1b-9149-4bc0-99e4-f060ab7c7622/build]   | TabulatorTests > test invalid params in config file PASSED
[53c19c1b-9149-4bc0-99e4-f060ab7c7622/build]   | 
[53c19c1b-9149-4bc0-99e4-f060ab7c7622/build]   | TabulatorTests > overvote delimiter test PASSED
[53c19c1b-9149-4bc0-99e4-f060ab7c7622/build]   | 
[53c19c1b-9149-4bc0-99e4-f060ab7c7622/build]   | TabulatorTests > multi-cvr file dominion test PASSED
[53c19c1b-9149-4bc0-99e4-f060ab7c7622/build]   | 
[53c19c1b-9149-4bc0-99e4-f060ab7c7622/build]   | TabulatorTests > treat blank as undeclared write-in PASSED
[53c19c1b-9149-4bc0-99e4-f060ab7c7622/build]   | 
[53c19c1b-9149-4bc0-99e4-f060ab7c7622/build]   | TabulatorTests > Dominion test - Wyoming test data PASSED
[53c19c1b-9149-4bc0-99e4-f060ab7c7622/build]   | 
[53c19c1b-9149-4bc0-99e4-f060ab7c7622/build]   | TabulatorTests > test sequential multi-seat logic PASSED
[53c19c1b-9149-4bc0-99e4-f060ab7c7622/build]   | 
[53c19c1b-9149-4bc0-99e4-f060ab7c7622/build]   | TabulatorTests > Dominion - No Precinct Data PASSED
[53c19c1b-9149-4bc0-99e4-f060ab7c7622/build]   | 
[53c19c1b-9149-4bc0-99e4-f060ab7c7622/build]   | TabulatorTests > unisyn_xml_cdf_city_coroner PASSED
[53c19c1b-9149-4bc0-99e4-f060ab7c7622/build]   | 
[53c19c1b-9149-4bc0-99e4-f060ab7c7622/build]   | TabulatorTests > 2013 Minneapolis Mayor Scale PASSED
[53c19c1b-9149-4bc0-99e4-f060ab7c7622/build]   | 
[53c19c1b-9149-4bc0-99e4-f060ab7c7622/build]   | TabulatorTests > tiebreak using previousRoundCountsThenRandom PASSED
[53c19c1b-9149-4bc0-99e4-f060ab7c7622/build]   | 
[53c19c1b-9149-4bc0-99e4-f060ab7c7622/build]   | TabulatorTests > unisyn_xml_cdf_city_chief_of_police PASSED
[53c19c1b-9149-4bc0-99e4-f060ab7c7622/build]   | 
[53c19c1b-9149-4bc0-99e4-f060ab7c7622/build]   | TabulatorTests > Dominion test - Alaska test data PASSED
[53c19c1b-9149-4bc0-99e4-f060ab7c7622/build]   | 
[53c19c1b-9149-4bc0-99e4-f060ab7c7622/build]   | TabulatorTests > tiebreak using permutation in config PASSED
[53c19c1b-9149-4bc0-99e4-f060ab7c7622/build]   | 
[53c19c1b-9149-4bc0-99e4-f060ab7c7622/build]   | TabulatorTests > test tiebreak seed PASSED
[53c19c1b-9149-4bc0-99e4-f060ab7c7622/build]   | 
[53c19c1b-9149-4bc0-99e4-f060ab7c7622/build]   | TabulatorTests > test allow only one winner per round logic PASSED
[53c19c1b-9149-4bc0-99e4-f060ab7c7622/build]   | 
[53c19c1b-9149-4bc0-99e4-f060ab7c7622/build]   | TabulatorTests > Continue Until Two Candidates Remain PASSED
[53c19c1b-9149-4bc0-99e4-f060ab7c7622/build]   | 
[53c19c1b-9149-4bc0-99e4-f060ab7c7622/build]   | TabulatorTests > Dominion test - Kansas test data PASSED
[53c19c1b-9149-4bc0-99e4-f060ab7c7622/build]   | 
[53c19c1b-9149-4bc0-99e4-f060ab7c7622/build]   | TabulatorTests > NIST XML CDF 2 PASSED
[53c19c1b-9149-4bc0-99e4-f060ab7c7622/build]   | 
[53c19c1b-9149-4bc0-99e4-f060ab7c7622/build]   | TabulatorTests > test invalid source files PASSED
[53c19c1b-9149-4bc0-99e4-f060ab7c7622/build]   | 
[53c19c1b-9149-4bc0-99e4-f060ab7c7622/build]   | TabulatorTests > test excluding candidates in config file PASSED
[53c19c1b-9149-4bc0-99e4-f060ab7c7622/build]   | 
[53c19c1b-9149-4bc0-99e4-f060ab7c7622/build]   | TabulatorTests > Hart - Travis County Officers PASSED
[53c19c1b-9149-4bc0-99e4-f060ab7c7622/build]   | 
[53c19c1b-9149-4bc0-99e4-f060ab7c7622/build]   | TabulatorTests > undeclared write-in (UWI) cannot win test PASSED
[53c19c1b-9149-4bc0-99e4-f060ab7c7622/build]   | 
[53c19c1b-9149-4bc0-99e4-f060ab7c7622/build]   | TabulatorTests > sequential with continue until two test PASSED
[53c19c1b-9149-4bc0-99e4-f060ab7c7622/build]   | 
[53c19c1b-9149-4bc0-99e4-f060ab7c7622/build]   | TabulatorTests > skipped first choice PASSED
[53c19c1b-9149-4bc0-99e4-f060ab7c7622/build]   | 
[53c19c1b-9149-4bc0-99e4-f060ab7c7622/build]   | TabulatorTests > exhaust at overvote rule PASSED
[53c19c1b-9149-4bc0-99e4-f060ab7c7622/build]   | 
[53c19c1b-9149-4bc0-99e4-f060ab7c7622/build]   | TabulatorTests > overvote skips to next rank PASSED
[53c19c1b-9149-4bc0-99e4-f060ab7c7622/build]   | 
[53c19c1b-9149-4bc0-99e4-f060ab7c7622/build]   | TabulatorTests > skipped choice exhausts option PASSED
[53c19c1b-9149-4bc0-99e4-f060ab7c7622/build]   | 
[53c19c1b-9149-4bc0-99e4-f060ab7c7622/build]   | TabulatorTests > skipped choice next option PASSED
[53c19c1b-9149-4bc0-99e4-f060ab7c7622/build]   | 
[53c19c1b-9149-4bc0-99e4-f060ab7c7622/build]   | TabulatorTests > two skipped ranks exhausts option PASSED
[53c19c1b-9149-4bc0-99e4-f060ab7c7622/build]   | 
[53c19c1b-9149-4bc0-99e4-f060ab7c7622/build]   | TabulatorTests > duplicate rank exhausts PASSED
[53c19c1b-9149-4bc0-99e4-f060ab7c7622/build]   | 
[53c19c1b-9149-4bc0-99e4-f060ab7c7622/build]   | TabulatorTests > duplicate rank skips to next option PASSED
[53c19c1b-9149-4bc0-99e4-f060ab7c7622/build]   | 
[53c19c1b-9149-4bc0-99e4-f060ab7c7622/build]   | TabulatorTests > multi-cdf tabulation PASSED
[53c19c1b-9149-4bc0-99e4-f060ab7c7622/build]   | 
[53c19c1b-9149-4bc0-99e4-f060ab7c7622/build]   | TabulatorTests > test skipping to next candidate after overvote PASSED
[53c19c1b-9149-4bc0-99e4-f060ab7c7622/build]   | 
[53c19c1b-9149-4bc0-99e4-f060ab7c7622/build]   | TabulatorTests > multi-seat UWI test PASSED
[53c19c1b-9149-4bc0-99e4-f060ab7c7622/build]   | 
[53c19c1b-9149-4bc0-99e4-f060ab7c7622/build]   | TabulatorTests > test bottoms-up multi-seat with threshold logic PASSED
[53c19c1b-9149-4bc0-99e4-f060ab7c7622/build]   | 
[53c19c1b-9149-4bc0-99e4-f060ab7c7622/build]   | TabulatorTests > test minimum vote threshold setting PASSED
[53c19c1b-9149-4bc0-99e4-f060ab7c7622/build]   | 
[53c19c1b-9149-4bc0-99e4-f060ab7c7622/build]   | TabulatorTests > 2018 Maine Governor Democratic Primary PASSED
[53c19c1b-9149-4bc0-99e4-f060ab7c7622/build]   | 
[53c19c1b-9149-4bc0-99e4-f060ab7c7622/build]   | TabulatorTests > test Hare quota PASSED
[53c19c1b-9149-4bc0-99e4-f060ab7c7622/build]   | 
[53c19c1b-9149-4bc0-99e4-f060ab7c7622/build]   | TabulatorTests > Continue Until Two Candidates Remain with Batch Elimination PASSED
[53c19c1b-9149-4bc0-99e4-f060ab7c7622/build]   | 
[53c19c1b-9149-4bc0-99e4-f060ab7c7622/build]   | TabulatorTests > sequential with batch elimination test PASSED
[53c19c1b-9149-4bc0-99e4-f060ab7c7622/build]   | 
[53c19c1b-9149-4bc0-99e4-f060ab7c7622/build]   | TabulatorTests > first round determine threshold test PASSED
[53c19c1b-9149-4bc0-99e4-f060ab7c7622/build]   | 
[53c19c1b-9149-4bc0-99e4-f060ab7c7622/build]   | TabulatorTests > Test Convert to CDF works for Dominion PASSED
[53c19c1b-9149-4bc0-99e4-f060ab7c7622/build]   | 
[53c19c1b-9149-4bc0-99e4-f060ab7c7622/build]   | TabulatorTests > Test Convert to CDF works for CDF PASSED
[53c19c1b-9149-4bc0-99e4-f060ab7c7622/build]   | 
[53c19c1b-9149-4bc0-99e4-f060ab7c7622/build]   | TabulatorTests > Test Convert to CDF works for ES&S PASSED
[53c19c1b-9149-4bc0-99e4-f060ab7c7622/build]   | 
[53c19c1b-9149-4bc0-99e4-f060ab7c7622/build]   | TabulatorTests > multi-seat whole number threshold PASSED
[53c19c1b-9149-4bc0-99e4-f060ab7c7622/build]   | 
[53c19c1b-9149-4bc0-99e4-f060ab7c7622/build]   | TabulatorTests > tiebreak using generated permutation PASSED
[53c19c1b-9149-4bc0-99e4-f060ab7c7622/build]   | 
[53c19c1b-9149-4bc0-99e4-f060ab7c7622/build]   | TabulatorTests > aliases (CDF JSON format) PASSED
[53c19c1b-9149-4bc0-99e4-f060ab7c7622/build]   | 
[53c19c1b-9149-4bc0-99e4-f060ab7c7622/build]   | TabulatorTests > aliases (ES&S XLSX format) PASSED
[53c19c1b-9149-4bc0-99e4-f060ab7c7622/build]   | 
[53c19c1b-9149-4bc0-99e4-f060ab7c7622/build]   | TabulatorTests > no one meets minimum test PASSED
[53c19c1b-9149-4bc0-99e4-f060ab7c7622/build]   | 
[53c19c1b-9149-4bc0-99e4-f060ab7c7622/build]   | TabulatorTests > missing precinct example PASSED
[53c19c1b-9149-4bc0-99e4-f060ab7c7622/build]   | 
[53c19c1b-9149-4bc0-99e4-f060ab7c7622/build]   | TabulatorTests > test bottoms-up multi-seat logic PASSED
[53c19c1b-9149-4bc0-99e4-f060ab7c7622/build]   | 
[53c19c1b-9149-4bc0-99e4-f060ab7c7622/build]   | TabulatorTests > unisyn_xml_cdf_city_tax_collector PASSED
[53c19c1b-9149-4bc0-99e4-f060ab7c7622/build]   | 
[53c19c1b-9149-4bc0-99e4-f060ab7c7622/build]   | TabulatorTests > 2013 Minneapolis Mayor PASSED
[53c19c1b-9149-4bc0-99e4-f060ab7c7622/build]   | 
[53c19c1b-9149-4bc0-99e4-f060ab7c7622/build]   | TabulatorTests > unisyn_xml_cdf_county_coroner PASSED
[53c19c1b-9149-4bc0-99e4-f060ab7c7622/build]   | 
[53c19c1b-9149-4bc0-99e4-f060ab7c7622/build]   | TabulatorTests > testMinneapolisMultiSeatThreshold PASSED
[53c19c1b-9149-4bc0-99e4-f060ab7c7622/build]   | 
[53c19c1b-9149-4bc0-99e4-f060ab7c7622/build]   | TabulatorTests > overvote exhaust if multiple continuing test PASSED
[53c19c1b-9149-4bc0-99e4-f060ab7c7622/build]   | 
[53c19c1b-9149-4bc0-99e4-f060ab7c7622/build]   | TabulatorTests > first round determine threshold and tiebreaker runs test PASSED
[53c19c1b-9149-4bc0-99e4-f060ab7c7622/build]   | 
[53c19c1b-9149-4bc0-99e4-f060ab7c7622/build]   | TabulatorTests > 2015 Portland Mayor Candidate Codes PASSED
[53c19c1b-9149-4bc0-99e4-f060ab7c7622/build]   | 
[53c19c1b-9149-4bc0-99e4-f060ab7c7622/build]   | TabulatorTests > gracefully fail when tabulate-by-precinct option set without any precincts in CVR PASSED
[53c19c1b-9149-4bc0-99e4-f060ab7c7622/build]   | 
[53c19c1b-9149-4bc0-99e4-f060ab7c7622/build]   | TabulatorTests > Clear Ballot - Kansas Primary PASSED
[53c19c1b-9149-4bc0-99e4-f060ab7c7622/build]   | 
[53c19c1b-9149-4bc0-99e4-f060ab7c7622/build]   | TabulatorTests > unisyn_xml_cdf_city_mayor PASSED
[53c19c1b-9149-4bc0-99e4-f060ab7c7622/build]   | 
[53c19c1b-9149-4bc0-99e4-f060ab7c7622/build]   | TabulatorTests > Hart - Cedar Park School Board PASSED
[53c19c1b-9149-4bc0-99e4-f060ab7c7622/build]   | 
[53c19c1b-9149-4bc0-99e4-f060ab7c7622/build]   | TabulatorTests > 2013 Minneapolis Park PASSED
[53c19c1b-9149-4bc0-99e4-f060ab7c7622/build]   | 
[53c19c1b-9149-4bc0-99e4-f060ab7c7622/build]   | TabulatorTests > generic CSV test PASSED
[53c19c1b-9149-4bc0-99e4-f060ab7c7622/build]   | 
[53c19c1b-9149-4bc0-99e4-f060ab7c7622/build]   | TabulatorTests > test for overvotes PASSED
[53c19c1b-9149-4bc0-99e4-f060ab7c7622/build]   | 
[53c19c1b-9149-4bc0-99e4-f060ab7c7622/build]   | TabulatorTests > 2015 Portland Mayor PASSED
[53c19c1b-9149-4bc0-99e4-f060ab7c7622/build]   | 
[53c19c1b-9149-4bc0-99e4-f060ab7c7622/build]   | TabulatorTests > test stopping tabulation early PASSED
[53c19c1b-9149-4bc0-99e4-f060ab7c7622/build]   | 
[53c19c1b-9149-4bc0-99e4-f060ab7c7622/build]   | TabulatorTests > precinct example PASSED
[53c19c1b-9149-4bc0-99e4-f060ab7c7622/build]   | 
[53c19c1b-9149-4bc0-99e4-f060ab7c7622/build]   | > Task :check
[53c19c1b-9149-4bc0-99e4-f060ab7c7622/build]   | 
[53c19c1b-9149-4bc0-99e4-f060ab7c7622/build]   | BUILD SUCCESSFUL in 3m 36s
[53c19c1b-9149-4bc0-99e4-f060ab7c7622/build]   | 9 actionable tasks: 9 executed
[53c19c1b-9149-4bc0-99e4-f060ab7c7622/build]   ✅  Success - Main Test with Gradle
[53c19c1b-9149-4bc0-99e4-f060ab7c7622/build] unable to get git ref: failed to identify reference (tag/branch) for the checked-out revision '37ff82594c834811d05f80e47204463a262e85fc'
[53c19c1b-9149-4bc0-99e4-f060ab7c7622/build] unable to get git ref: failed to identify reference (tag/branch) for the checked-out revision '37ff82594c834811d05f80e47204463a262e85fc'
[53c19c1b-9149-4bc0-99e4-f060ab7c7622/build] unable to get git ref: failed to identify reference (tag/branch) for the checked-out revision '37ff82594c834811d05f80e47204463a262e85fc'
[53c19c1b-9149-4bc0-99e4-f060ab7c7622/build] unable to get git ref: failed to identify reference (tag/branch) for the checked-out revision '37ff82594c834811d05f80e47204463a262e85fc'
[53c19c1b-9149-4bc0-99e4-f060ab7c7622/build] unable to get git ref: failed to identify reference (tag/branch) for the checked-out revision '37ff82594c834811d05f80e47204463a262e85fc'
[53c19c1b-9149-4bc0-99e4-f060ab7c7622/build] ⭐ Run Post Set up JDK 17
[53c19c1b-9149-4bc0-99e4-f060ab7c7622/build]   🐳  docker exec cmd=[node /var/run/act/actions/actions-setup-java@v2/dist/cleanup/index.js] user= workdir=
[53c19c1b-9149-4bc0-99e4-f060ab7c7622/build]   ✅  Success - Post Set up JDK 17
[53c19c1b-9149-4bc0-99e4-f060ab7c7622/build] 🏁  Job succeeded
[53c19c1b-9149-4bc0-99e4-f060ab7c7622/build] unable to get git ref: failed to identify reference (tag/branch) for the checked-out revision '37ff82594c834811d05f80e47204463a262e85fc'
