[b3f87a6f-cf5b-4265-ba1c-ec5e3e10e3f6/build] 🚀  Start image=gitbugactions:latest
[b3f87a6f-cf5b-4265-ba1c-ec5e3e10e3f6/build]   🐳  docker pull image=gitbugactions:latest platform= username= forcePull=false
[b3f87a6f-cf5b-4265-ba1c-ec5e3e10e3f6/build]   🐳  docker create image=gitbugactions:latest platform= entrypoint=["tail" "-f" "/dev/null"] cmd=[]
[b3f87a6f-cf5b-4265-ba1c-ec5e3e10e3f6/build]   🐳  docker run image=gitbugactions:latest platform= entrypoint=["tail" "-f" "/dev/null"] cmd=[]
[b3f87a6f-cf5b-4265-ba1c-ec5e3e10e3f6/build]   🐳  docker exec cmd=[chown -R 1012:1013 /tmp/c6bda649-98be-4561-9a2c-9727b4562125] user=0 workdir=
[b3f87a6f-cf5b-4265-ba1c-ec5e3e10e3f6/build] unable to get git ref: failed to identify reference (tag/branch) for the checked-out revision '5da3b8fcb480736161aa6a0896501f00f197bc13'
[b3f87a6f-cf5b-4265-ba1c-ec5e3e10e3f6/build] unable to get git ref: failed to identify reference (tag/branch) for the checked-out revision '5da3b8fcb480736161aa6a0896501f00f197bc13'
[b3f87a6f-cf5b-4265-ba1c-ec5e3e10e3f6/build] unable to get git ref: failed to identify reference (tag/branch) for the checked-out revision '5da3b8fcb480736161aa6a0896501f00f197bc13'
[b3f87a6f-cf5b-4265-ba1c-ec5e3e10e3f6/build] unable to get git ref: failed to identify reference (tag/branch) for the checked-out revision '5da3b8fcb480736161aa6a0896501f00f197bc13'
[b3f87a6f-cf5b-4265-ba1c-ec5e3e10e3f6/build] unable to get git ref: failed to identify reference (tag/branch) for the checked-out revision '5da3b8fcb480736161aa6a0896501f00f197bc13'
[b3f87a6f-cf5b-4265-ba1c-ec5e3e10e3f6/build] unable to get git ref: failed to identify reference (tag/branch) for the checked-out revision '5da3b8fcb480736161aa6a0896501f00f197bc13'
[b3f87a6f-cf5b-4265-ba1c-ec5e3e10e3f6/build] unable to get git ref: failed to identify reference (tag/branch) for the checked-out revision '5da3b8fcb480736161aa6a0896501f00f197bc13'
[b3f87a6f-cf5b-4265-ba1c-ec5e3e10e3f6/build] unable to get git ref: failed to identify reference (tag/branch) for the checked-out revision '5da3b8fcb480736161aa6a0896501f00f197bc13'
[b3f87a6f-cf5b-4265-ba1c-ec5e3e10e3f6/build] unable to get git ref: failed to identify reference (tag/branch) for the checked-out revision '5da3b8fcb480736161aa6a0896501f00f197bc13'
[b3f87a6f-cf5b-4265-ba1c-ec5e3e10e3f6/build] ⭐ Run Main actions/checkout@v3
[b3f87a6f-cf5b-4265-ba1c-ec5e3e10e3f6/build] unable to get git ref: failed to identify reference (tag/branch) for the checked-out revision '5da3b8fcb480736161aa6a0896501f00f197bc13'
[b3f87a6f-cf5b-4265-ba1c-ec5e3e10e3f6/build] unable to get git ref: failed to identify reference (tag/branch) for the checked-out revision '5da3b8fcb480736161aa6a0896501f00f197bc13'
[b3f87a6f-cf5b-4265-ba1c-ec5e3e10e3f6/build]   🐳  docker cp src=/tmp/c6bda649-98be-4561-9a2c-9727b4562125/. dst=/tmp/c6bda649-98be-4561-9a2c-9727b4562125
[b3f87a6f-cf5b-4265-ba1c-ec5e3e10e3f6/build]   🐳  docker exec cmd=[chown -R 1012:1013 /tmp/c6bda649-98be-4561-9a2c-9727b4562125] user=0 workdir=
[b3f87a6f-cf5b-4265-ba1c-ec5e3e10e3f6/build]   ✅  Success - Main actions/checkout@v3
[b3f87a6f-cf5b-4265-ba1c-ec5e3e10e3f6/build] unable to get git ref: failed to identify reference (tag/branch) for the checked-out revision '5da3b8fcb480736161aa6a0896501f00f197bc13'
[b3f87a6f-cf5b-4265-ba1c-ec5e3e10e3f6/build] unable to get git ref: failed to identify reference (tag/branch) for the checked-out revision '5da3b8fcb480736161aa6a0896501f00f197bc13'
[b3f87a6f-cf5b-4265-ba1c-ec5e3e10e3f6/build] unable to get git ref: failed to identify reference (tag/branch) for the checked-out revision '5da3b8fcb480736161aa6a0896501f00f197bc13'
[b3f87a6f-cf5b-4265-ba1c-ec5e3e10e3f6/build] unable to get git ref: failed to identify reference (tag/branch) for the checked-out revision '5da3b8fcb480736161aa6a0896501f00f197bc13'
[b3f87a6f-cf5b-4265-ba1c-ec5e3e10e3f6/build] unable to get git ref: failed to identify reference (tag/branch) for the checked-out revision '5da3b8fcb480736161aa6a0896501f00f197bc13'
[b3f87a6f-cf5b-4265-ba1c-ec5e3e10e3f6/build] ⭐ Run Main actions/setup-java@v3
[b3f87a6f-cf5b-4265-ba1c-ec5e3e10e3f6/build] unable to get git ref: failed to identify reference (tag/branch) for the checked-out revision '5da3b8fcb480736161aa6a0896501f00f197bc13'
[b3f87a6f-cf5b-4265-ba1c-ec5e3e10e3f6/build] unable to get git ref: failed to identify reference (tag/branch) for the checked-out revision '5da3b8fcb480736161aa6a0896501f00f197bc13'
[b3f87a6f-cf5b-4265-ba1c-ec5e3e10e3f6/build] unable to get git ref: failed to identify reference (tag/branch) for the checked-out revision '5da3b8fcb480736161aa6a0896501f00f197bc13'
[b3f87a6f-cf5b-4265-ba1c-ec5e3e10e3f6/build]   🐳  docker cp src=/tmp/act-cache/9c81282b-6748-4dd6-9c58-11697630aa29/act/actions-setup-java@v3/ dst=/var/run/act/actions/actions-setup-java@v3/
[b3f87a6f-cf5b-4265-ba1c-ec5e3e10e3f6/build]   🐳  docker exec cmd=[chown -R 1012:1013 /var/run/act/actions/actions-setup-java@v3/] user=0 workdir=
[b3f87a6f-cf5b-4265-ba1c-ec5e3e10e3f6/build]   🐳  docker exec cmd=[node /var/run/act/actions/actions-setup-java@v3/dist/setup/index.js] user= workdir=
[b3f87a6f-cf5b-4265-ba1c-ec5e3e10e3f6/build]   ❓  ::group::Installed distributions
[b3f87a6f-cf5b-4265-ba1c-ec5e3e10e3f6/build]   | Trying to resolve the latest version from remote
[b3f87a6f-cf5b-4265-ba1c-ec5e3e10e3f6/build]   💬  ::debug::Gathering available versions from 'https://api.azul.com/zulu/download/community/v1.0/bundles/?os=linux&ext=tar.gz&bundle_type=jdk&javafx=false&arch=x86&hw_bitness=64&release_status=ga'
[b3f87a6f-cf5b-4265-ba1c-ec5e3e10e3f6/build]   | Resolved latest version as 11.0.21+9
[b3f87a6f-cf5b-4265-ba1c-ec5e3e10e3f6/build]   | Trying to download...
[b3f87a6f-cf5b-4265-ba1c-ec5e3e10e3f6/build]   | Downloading Java 11.0.21+9 (Zulu) from https://cdn.azul.com/zulu/bin/zulu11.68.17-ca-jdk11.0.21-linux_x64.tar.gz ...
[b3f87a6f-cf5b-4265-ba1c-ec5e3e10e3f6/build]   💬  ::debug::Downloading https://cdn.azul.com/zulu/bin/zulu11.68.17-ca-jdk11.0.21-linux_x64.tar.gz
[b3f87a6f-cf5b-4265-ba1c-ec5e3e10e3f6/build]   💬  ::debug::Destination /tmp/d98032f2-d4be-44bf-a436-19fde1498260
[b3f87a6f-cf5b-4265-ba1c-ec5e3e10e3f6/build]   💬  ::debug::download complete
[b3f87a6f-cf5b-4265-ba1c-ec5e3e10e3f6/build]   | Extracting Java archive...
[b3f87a6f-cf5b-4265-ba1c-ec5e3e10e3f6/build]   💬  ::debug::Checking tar --version
[b3f87a6f-cf5b-4265-ba1c-ec5e3e10e3f6/build]   💬  ::debug::tar (GNU tar) 1.34%0ACopyright (C) 2021 Free Software Foundation, Inc.%0ALicense GPLv3+: GNU GPL version 3 or later <https://gnu.org/licenses/gpl.html>.%0AThis is free software: you are free to change and redistribute it.%0AThere is NO WARRANTY, to the extent permitted by law.%0A%0AWritten by John Gilmore and Jay Fenlason.
[b3f87a6f-cf5b-4265-ba1c-ec5e3e10e3f6/build]   | [command]/usr/bin/tar xz --warning=no-unknown-keyword -C /tmp/2ac9e233-27a3-4a86-aca6-fd9907269a7f -f /tmp/d98032f2-d4be-44bf-a436-19fde1498260
[b3f87a6f-cf5b-4265-ba1c-ec5e3e10e3f6/build]   💬  ::debug::Caching tool Java_Zulu_jdk 11.0.21-9 x64
[b3f87a6f-cf5b-4265-ba1c-ec5e3e10e3f6/build]   💬  ::debug::source dir: /tmp/2ac9e233-27a3-4a86-aca6-fd9907269a7f/zulu11.68.17-ca-jdk11.0.21-linux_x64
[b3f87a6f-cf5b-4265-ba1c-ec5e3e10e3f6/build]   💬  ::debug::destination /opt/hostedtoolcache/Java_Zulu_jdk/11.0.21-9/x64
[b3f87a6f-cf5b-4265-ba1c-ec5e3e10e3f6/build]   💬  ::debug::finished caching tool
[b3f87a6f-cf5b-4265-ba1c-ec5e3e10e3f6/build]   | Java 11.0.21+9 was downloaded
[b3f87a6f-cf5b-4265-ba1c-ec5e3e10e3f6/build]   | Setting Java 11.0.21+9 as the default
[b3f87a6f-cf5b-4265-ba1c-ec5e3e10e3f6/build]   | Creating toolchains.xml for JDK version 11 from zulu
[b3f87a6f-cf5b-4265-ba1c-ec5e3e10e3f6/build]   | Writing to /home/runner/.m2/toolchains.xml
[b3f87a6f-cf5b-4265-ba1c-ec5e3e10e3f6/build]   | 
[b3f87a6f-cf5b-4265-ba1c-ec5e3e10e3f6/build]   | Java configuration:
[b3f87a6f-cf5b-4265-ba1c-ec5e3e10e3f6/build]   |   Distribution: zulu
[b3f87a6f-cf5b-4265-ba1c-ec5e3e10e3f6/build]   |   Version: 11.0.21+9
[b3f87a6f-cf5b-4265-ba1c-ec5e3e10e3f6/build]   |   Path: /opt/hostedtoolcache/Java_Zulu_jdk/11.0.21-9/x64
[b3f87a6f-cf5b-4265-ba1c-ec5e3e10e3f6/build]   | 
[b3f87a6f-cf5b-4265-ba1c-ec5e3e10e3f6/build]   ❓  ::endgroup::
[b3f87a6f-cf5b-4265-ba1c-ec5e3e10e3f6/build]   ❓ add-matcher /run/act/actions/actions-setup-java@v3/.github/java.json
[b3f87a6f-cf5b-4265-ba1c-ec5e3e10e3f6/build]   | Creating settings.xml with server-id: github
[b3f87a6f-cf5b-4265-ba1c-ec5e3e10e3f6/build]   | Writing to /home/runner/.m2/settings.xml
[b3f87a6f-cf5b-4265-ba1c-ec5e3e10e3f6/build]   ✅  Success - Main actions/setup-java@v3
[b3f87a6f-cf5b-4265-ba1c-ec5e3e10e3f6/build]   ⚙  ::set-env:: JAVA_HOME=/opt/hostedtoolcache/Java_Zulu_jdk/11.0.21-9/x64
[b3f87a6f-cf5b-4265-ba1c-ec5e3e10e3f6/build]   ⚙  ::set-env:: JAVA_HOME_11_X64=/opt/hostedtoolcache/Java_Zulu_jdk/11.0.21-9/x64
[b3f87a6f-cf5b-4265-ba1c-ec5e3e10e3f6/build]   ⚙  ::set-output:: distribution=Zulu
[b3f87a6f-cf5b-4265-ba1c-ec5e3e10e3f6/build]   ⚙  ::set-output:: path=/opt/hostedtoolcache/Java_Zulu_jdk/11.0.21-9/x64
[b3f87a6f-cf5b-4265-ba1c-ec5e3e10e3f6/build]   ⚙  ::set-output:: version=11.0.21+9
[b3f87a6f-cf5b-4265-ba1c-ec5e3e10e3f6/build]   ⚙  ::add-path:: /opt/hostedtoolcache/Java_Zulu_jdk/11.0.21-9/x64/bin
[b3f87a6f-cf5b-4265-ba1c-ec5e3e10e3f6/build] unable to get git ref: failed to identify reference (tag/branch) for the checked-out revision '5da3b8fcb480736161aa6a0896501f00f197bc13'
[b3f87a6f-cf5b-4265-ba1c-ec5e3e10e3f6/build] unable to get git ref: failed to identify reference (tag/branch) for the checked-out revision '5da3b8fcb480736161aa6a0896501f00f197bc13'
[b3f87a6f-cf5b-4265-ba1c-ec5e3e10e3f6/build] unable to get git ref: failed to identify reference (tag/branch) for the checked-out revision '5da3b8fcb480736161aa6a0896501f00f197bc13'
[b3f87a6f-cf5b-4265-ba1c-ec5e3e10e3f6/build] unable to get git ref: failed to identify reference (tag/branch) for the checked-out revision '5da3b8fcb480736161aa6a0896501f00f197bc13'
[b3f87a6f-cf5b-4265-ba1c-ec5e3e10e3f6/build] unable to get git ref: failed to identify reference (tag/branch) for the checked-out revision '5da3b8fcb480736161aa6a0896501f00f197bc13'
[b3f87a6f-cf5b-4265-ba1c-ec5e3e10e3f6/build] ⭐ Run Main ./gradlew build --no-daemon --warning-mode=fail
[b3f87a6f-cf5b-4265-ba1c-ec5e3e10e3f6/build] unable to get git ref: failed to identify reference (tag/branch) for the checked-out revision '5da3b8fcb480736161aa6a0896501f00f197bc13'
[b3f87a6f-cf5b-4265-ba1c-ec5e3e10e3f6/build] unable to get git ref: failed to identify reference (tag/branch) for the checked-out revision '5da3b8fcb480736161aa6a0896501f00f197bc13'
[b3f87a6f-cf5b-4265-ba1c-ec5e3e10e3f6/build] unable to get git ref: failed to identify reference (tag/branch) for the checked-out revision '5da3b8fcb480736161aa6a0896501f00f197bc13'
[b3f87a6f-cf5b-4265-ba1c-ec5e3e10e3f6/build] unable to get git ref: failed to identify reference (tag/branch) for the checked-out revision '5da3b8fcb480736161aa6a0896501f00f197bc13'
[b3f87a6f-cf5b-4265-ba1c-ec5e3e10e3f6/build]   🐳  docker exec cmd=[bash --noprofile --norc -e -o pipefail /var/run/act/workflow/2] user= workdir=
[b3f87a6f-cf5b-4265-ba1c-ec5e3e10e3f6/build]   | Downloading https://services.gradle.org/distributions/gradle-7.5.1-bin.zip
[b3f87a6f-cf5b-4265-ba1c-ec5e3e10e3f6/build]   | ...........10%............20%...........30%............40%...........50%............60%...........70%............80%...........90%............100%
[b3f87a6f-cf5b-4265-ba1c-ec5e3e10e3f6/build]   | 
[b3f87a6f-cf5b-4265-ba1c-ec5e3e10e3f6/build]   | Welcome to Gradle 7.5.1!
[b3f87a6f-cf5b-4265-ba1c-ec5e3e10e3f6/build]   | 
[b3f87a6f-cf5b-4265-ba1c-ec5e3e10e3f6/build]   | Here are the highlights of this release:
[b3f87a6f-cf5b-4265-ba1c-ec5e3e10e3f6/build]   |  - Support for Java 18
[b3f87a6f-cf5b-4265-ba1c-ec5e3e10e3f6/build]   |  - Support for building with Groovy 4
[b3f87a6f-cf5b-4265-ba1c-ec5e3e10e3f6/build]   |  - Much more responsive continuous builds
[b3f87a6f-cf5b-4265-ba1c-ec5e3e10e3f6/build]   |  - Improved diagnostics for dependency resolution
[b3f87a6f-cf5b-4265-ba1c-ec5e3e10e3f6/build]   | 
[b3f87a6f-cf5b-4265-ba1c-ec5e3e10e3f6/build]   | For more details see https://docs.gradle.org/7.5.1/release-notes.html
[b3f87a6f-cf5b-4265-ba1c-ec5e3e10e3f6/build]   | 
[b3f87a6f-cf5b-4265-ba1c-ec5e3e10e3f6/build]   | To honour the JVM settings for this build a single-use Daemon process will be forked. See https://docs.gradle.org/7.5.1/userguide/gradle_daemon.html#sec:disabling_the_daemon.
[b3f87a6f-cf5b-4265-ba1c-ec5e3e10e3f6/build]   | Daemon will be stopped at the end of the build 
[b3f87a6f-cf5b-4265-ba1c-ec5e3e10e3f6/build]   | 
[b3f87a6f-cf5b-4265-ba1c-ec5e3e10e3f6/build]   | > Configure project :
[b3f87a6f-cf5b-4265-ba1c-ec5e3e10e3f6/build]   | Kordamp Enforcer Gradle plugin 0.10.0. Consider becoming a patron at https://www.patreon.com/aalmiray
[b3f87a6f-cf5b-4265-ba1c-ec5e3e10e3f6/build]   | 
[b3f87a6f-cf5b-4265-ba1c-ec5e3e10e3f6/build]   | > Task :copyDependencies
[b3f87a6f-cf5b-4265-ba1c-ec5e3e10e3f6/build]   | > Task :extractIncludeProto
[b3f87a6f-cf5b-4265-ba1c-ec5e3e10e3f6/build]   | > Task :extractProto
[b3f87a6f-cf5b-4265-ba1c-ec5e3e10e3f6/build]   | > Task :generateProto
[b3f87a6f-cf5b-4265-ba1c-ec5e3e10e3f6/build]   | > Task :compileJava
[b3f87a6f-cf5b-4265-ba1c-ec5e3e10e3f6/build]   | Note: Some input files use or override a deprecated API.
[b3f87a6f-cf5b-4265-ba1c-ec5e3e10e3f6/build]   | Note: Recompile with -Xlint:deprecation for details.
[b3f87a6f-cf5b-4265-ba1c-ec5e3e10e3f6/build]   | Note: Some input files use unchecked or unsafe operations.
[b3f87a6f-cf5b-4265-ba1c-ec5e3e10e3f6/build]   | Note: Recompile with -Xlint:unchecked for details.
[b3f87a6f-cf5b-4265-ba1c-ec5e3e10e3f6/build]   | 
[b3f87a6f-cf5b-4265-ba1c-ec5e3e10e3f6/build]   | > Task :processResources
[b3f87a6f-cf5b-4265-ba1c-ec5e3e10e3f6/build]   | > Task :classes
[b3f87a6f-cf5b-4265-ba1c-ec5e3e10e3f6/build]   | > Task :jar
[b3f87a6f-cf5b-4265-ba1c-ec5e3e10e3f6/build]   | > Task :assemble
[b3f87a6f-cf5b-4265-ba1c-ec5e3e10e3f6/build]   | > Task :extractIncludeTestProto
[b3f87a6f-cf5b-4265-ba1c-ec5e3e10e3f6/build]   | > Task :extractTestProto
[b3f87a6f-cf5b-4265-ba1c-ec5e3e10e3f6/build]   | > Task :generateTestProto NO-SOURCE
[b3f87a6f-cf5b-4265-ba1c-ec5e3e10e3f6/build]   | 
[b3f87a6f-cf5b-4265-ba1c-ec5e3e10e3f6/build]   | > Task :compileTestJava
[b3f87a6f-cf5b-4265-ba1c-ec5e3e10e3f6/build]   | Note: Some input files use or override a deprecated API.
[b3f87a6f-cf5b-4265-ba1c-ec5e3e10e3f6/build]   | Note: Recompile with -Xlint:deprecation for details.
[b3f87a6f-cf5b-4265-ba1c-ec5e3e10e3f6/build]   | 
[b3f87a6f-cf5b-4265-ba1c-ec5e3e10e3f6/build]   | > Task :processTestResources NO-SOURCE
[b3f87a6f-cf5b-4265-ba1c-ec5e3e10e3f6/build]   | > Task :testClasses
[b3f87a6f-cf5b-4265-ba1c-ec5e3e10e3f6/build]   | > Task :checkstyleTest SKIPPED
[b3f87a6f-cf5b-4265-ba1c-ec5e3e10e3f6/build]   | > Task :checkstyleMain
[b3f87a6f-cf5b-4265-ba1c-ec5e3e10e3f6/build]   | > Task :test
[b3f87a6f-cf5b-4265-ba1c-ec5e3e10e3f6/build]   | > Task :check
[b3f87a6f-cf5b-4265-ba1c-ec5e3e10e3f6/build]   | > Task :build
[b3f87a6f-cf5b-4265-ba1c-ec5e3e10e3f6/build]   | 
[b3f87a6f-cf5b-4265-ba1c-ec5e3e10e3f6/build]   | BUILD SUCCESSFUL in 2m 43s
[b3f87a6f-cf5b-4265-ba1c-ec5e3e10e3f6/build]   | 12 actionable tasks: 12 executed
[b3f87a6f-cf5b-4265-ba1c-ec5e3e10e3f6/build]   ✅  Success - Main ./gradlew build --no-daemon --warning-mode=fail
[b3f87a6f-cf5b-4265-ba1c-ec5e3e10e3f6/build] unable to get git ref: failed to identify reference (tag/branch) for the checked-out revision '5da3b8fcb480736161aa6a0896501f00f197bc13'
[b3f87a6f-cf5b-4265-ba1c-ec5e3e10e3f6/build] unable to get git ref: failed to identify reference (tag/branch) for the checked-out revision '5da3b8fcb480736161aa6a0896501f00f197bc13'
[b3f87a6f-cf5b-4265-ba1c-ec5e3e10e3f6/build] unable to get git ref: failed to identify reference (tag/branch) for the checked-out revision '5da3b8fcb480736161aa6a0896501f00f197bc13'
[b3f87a6f-cf5b-4265-ba1c-ec5e3e10e3f6/build] unable to get git ref: failed to identify reference (tag/branch) for the checked-out revision '5da3b8fcb480736161aa6a0896501f00f197bc13'
[b3f87a6f-cf5b-4265-ba1c-ec5e3e10e3f6/build] unable to get git ref: failed to identify reference (tag/branch) for the checked-out revision '5da3b8fcb480736161aa6a0896501f00f197bc13'
[b3f87a6f-cf5b-4265-ba1c-ec5e3e10e3f6/build] ⭐ Run Post actions/setup-java@v3
[b3f87a6f-cf5b-4265-ba1c-ec5e3e10e3f6/build]   🐳  docker exec cmd=[node /var/run/act/actions/actions-setup-java@v3/dist/cleanup/index.js] user= workdir=
[b3f87a6f-cf5b-4265-ba1c-ec5e3e10e3f6/build]   ✅  Success - Post actions/setup-java@v3
[b3f87a6f-cf5b-4265-ba1c-ec5e3e10e3f6/build] 🏁  Job succeeded
[b3f87a6f-cf5b-4265-ba1c-ec5e3e10e3f6/build] unable to get git ref: failed to identify reference (tag/branch) for the checked-out revision '5da3b8fcb480736161aa6a0896501f00f197bc13'
