[0bcf6819-a958-4aed-8840-b2068328a6bb/Test JDK 8, ubuntu-latest] 🚀  Start image=crawlergpt:latest
[0bcf6819-a958-4aed-8840-b2068328a6bb/Test JDK 8, ubuntu-latest]   🐳  docker pull image=crawlergpt:latest platform= username= forcePull=false
[0bcf6819-a958-4aed-8840-b2068328a6bb/Test JDK 8, ubuntu-latest]   🐳  docker create image=crawlergpt:latest platform= entrypoint=["tail" "-f" "/dev/null"] cmd=[]
[0bcf6819-a958-4aed-8840-b2068328a6bb/Test JDK 8, ubuntu-latest]   🐳  docker run image=crawlergpt:latest platform= entrypoint=["tail" "-f" "/dev/null"] cmd=[]
[0bcf6819-a958-4aed-8840-b2068328a6bb/Test JDK 8, ubuntu-latest]   🐳  docker exec cmd=[chown -R 1012:1013 /tmp/64ae70df-4d2c-4e2c-867e-d0ecb07e5dd8] user=0 workdir=
[0bcf6819-a958-4aed-8840-b2068328a6bb/Test JDK 8, ubuntu-latest] unable to get git ref: failed to identify reference (tag/branch) for the checked-out revision '81182e58bd8036e09ac7cea8c169ec427133d0eb'
[0bcf6819-a958-4aed-8840-b2068328a6bb/Test JDK 8, ubuntu-latest] unable to get git ref: failed to identify reference (tag/branch) for the checked-out revision '81182e58bd8036e09ac7cea8c169ec427133d0eb'
[0bcf6819-a958-4aed-8840-b2068328a6bb/Test JDK 8, ubuntu-latest] unable to get git ref: failed to identify reference (tag/branch) for the checked-out revision '81182e58bd8036e09ac7cea8c169ec427133d0eb'
[0bcf6819-a958-4aed-8840-b2068328a6bb/Test JDK 8, ubuntu-latest] 🧪  Matrix: map[java:8 os:ubuntu-latest]
[0bcf6819-a958-4aed-8840-b2068328a6bb/Test JDK 8, ubuntu-latest] unable to get git ref: failed to identify reference (tag/branch) for the checked-out revision '81182e58bd8036e09ac7cea8c169ec427133d0eb'
[0bcf6819-a958-4aed-8840-b2068328a6bb/Test JDK 8, ubuntu-latest] unable to get git ref: failed to identify reference (tag/branch) for the checked-out revision '81182e58bd8036e09ac7cea8c169ec427133d0eb'
[0bcf6819-a958-4aed-8840-b2068328a6bb/Test JDK 8, ubuntu-latest] unable to get git ref: failed to identify reference (tag/branch) for the checked-out revision '81182e58bd8036e09ac7cea8c169ec427133d0eb'
[0bcf6819-a958-4aed-8840-b2068328a6bb/Test JDK 8, ubuntu-latest] unable to get git ref: failed to identify reference (tag/branch) for the checked-out revision '81182e58bd8036e09ac7cea8c169ec427133d0eb'
[0bcf6819-a958-4aed-8840-b2068328a6bb/Test JDK 8, ubuntu-latest] unable to get git ref: failed to identify reference (tag/branch) for the checked-out revision '81182e58bd8036e09ac7cea8c169ec427133d0eb'
[0bcf6819-a958-4aed-8840-b2068328a6bb/Test JDK 8, ubuntu-latest] unable to get git ref: failed to identify reference (tag/branch) for the checked-out revision '81182e58bd8036e09ac7cea8c169ec427133d0eb'
[0bcf6819-a958-4aed-8840-b2068328a6bb/Test JDK 8, ubuntu-latest] ⭐ Run Main actions/checkout@v3
[0bcf6819-a958-4aed-8840-b2068328a6bb/Test JDK 8, ubuntu-latest] unable to get git ref: failed to identify reference (tag/branch) for the checked-out revision '81182e58bd8036e09ac7cea8c169ec427133d0eb'
[0bcf6819-a958-4aed-8840-b2068328a6bb/Test JDK 8, ubuntu-latest]   ✅  Success - Main actions/checkout@v3
[0bcf6819-a958-4aed-8840-b2068328a6bb/Test JDK 8, ubuntu-latest] unable to get git ref: failed to identify reference (tag/branch) for the checked-out revision '81182e58bd8036e09ac7cea8c169ec427133d0eb'
[0bcf6819-a958-4aed-8840-b2068328a6bb/Test JDK 8, ubuntu-latest] unable to get git ref: failed to identify reference (tag/branch) for the checked-out revision '81182e58bd8036e09ac7cea8c169ec427133d0eb'
[0bcf6819-a958-4aed-8840-b2068328a6bb/Test JDK 8, ubuntu-latest] unable to get git ref: failed to identify reference (tag/branch) for the checked-out revision '81182e58bd8036e09ac7cea8c169ec427133d0eb'
[0bcf6819-a958-4aed-8840-b2068328a6bb/Test JDK 8, ubuntu-latest] unable to get git ref: failed to identify reference (tag/branch) for the checked-out revision '81182e58bd8036e09ac7cea8c169ec427133d0eb'
[0bcf6819-a958-4aed-8840-b2068328a6bb/Test JDK 8, ubuntu-latest] unable to get git ref: failed to identify reference (tag/branch) for the checked-out revision '81182e58bd8036e09ac7cea8c169ec427133d0eb'
[0bcf6819-a958-4aed-8840-b2068328a6bb/Test JDK 8, ubuntu-latest] ⭐ Run Main Set up JDK 8
[0bcf6819-a958-4aed-8840-b2068328a6bb/Test JDK 8, ubuntu-latest] unable to get git ref: failed to identify reference (tag/branch) for the checked-out revision '81182e58bd8036e09ac7cea8c169ec427133d0eb'
[0bcf6819-a958-4aed-8840-b2068328a6bb/Test JDK 8, ubuntu-latest] unable to get git ref: failed to identify reference (tag/branch) for the checked-out revision '81182e58bd8036e09ac7cea8c169ec427133d0eb'
[0bcf6819-a958-4aed-8840-b2068328a6bb/Test JDK 8, ubuntu-latest] unable to get git ref: failed to identify reference (tag/branch) for the checked-out revision '81182e58bd8036e09ac7cea8c169ec427133d0eb'
[0bcf6819-a958-4aed-8840-b2068328a6bb/Test JDK 8, ubuntu-latest]   🐳  docker cp src=/tmp/act-cache/09be3abd-83af-4751-a8bf-0f5f8bfb478d/act/actions-setup-java@v3/ dst=/var/run/act/actions/actions-setup-java@v3/
[0bcf6819-a958-4aed-8840-b2068328a6bb/Test JDK 8, ubuntu-latest]   🐳  docker exec cmd=[chown -R 1012:1013 /var/run/act/actions/actions-setup-java@v3/] user=0 workdir=
[0bcf6819-a958-4aed-8840-b2068328a6bb/Test JDK 8, ubuntu-latest]   🐳  docker exec cmd=[node /var/run/act/actions/actions-setup-java@v3/dist/setup/index.js] user= workdir=
[0bcf6819-a958-4aed-8840-b2068328a6bb/Test JDK 8, ubuntu-latest]   ❓  ::group::Installed distributions
[0bcf6819-a958-4aed-8840-b2068328a6bb/Test JDK 8, ubuntu-latest]   | Trying to resolve the latest version from remote
[0bcf6819-a958-4aed-8840-b2068328a6bb/Test JDK 8, ubuntu-latest]   💬  ::debug::Gathering available versions from 'https://api.azul.com/zulu/download/community/v1.0/bundles/?os=linux&ext=tar.gz&bundle_type=jdk&javafx=false&arch=x86&hw_bitness=64&release_status=ga'
[0bcf6819-a958-4aed-8840-b2068328a6bb/Test JDK 8, ubuntu-latest]   | Resolved latest version as 8.0.372+7
[0bcf6819-a958-4aed-8840-b2068328a6bb/Test JDK 8, ubuntu-latest]   | Trying to download...
[0bcf6819-a958-4aed-8840-b2068328a6bb/Test JDK 8, ubuntu-latest]   | Downloading Java 8.0.372+7 (Zulu) from https://cdn.azul.com/zulu/bin/zulu8.70.0.23-ca-jdk8.0.372-linux_x64.tar.gz ...
[0bcf6819-a958-4aed-8840-b2068328a6bb/Test JDK 8, ubuntu-latest]   💬  ::debug::Downloading https://cdn.azul.com/zulu/bin/zulu8.70.0.23-ca-jdk8.0.372-linux_x64.tar.gz
[0bcf6819-a958-4aed-8840-b2068328a6bb/Test JDK 8, ubuntu-latest]   💬  ::debug::Destination /tmp/2d0749aa-48e2-474b-af09-ada5914df32c
[0bcf6819-a958-4aed-8840-b2068328a6bb/Test JDK 8, ubuntu-latest]   💬  ::debug::download complete
[0bcf6819-a958-4aed-8840-b2068328a6bb/Test JDK 8, ubuntu-latest]   | Extracting Java archive...
[0bcf6819-a958-4aed-8840-b2068328a6bb/Test JDK 8, ubuntu-latest]   💬  ::debug::Checking tar --version
[0bcf6819-a958-4aed-8840-b2068328a6bb/Test JDK 8, ubuntu-latest]   💬  ::debug::tar (GNU tar) 1.30%0ACopyright (C) 2017 Free Software Foundation, Inc.%0ALicense GPLv3+: GNU GPL version 3 or later <https://gnu.org/licenses/gpl.html>.%0AThis is free software: you are free to change and redistribute it.%0AThere is NO WARRANTY, to the extent permitted by law.%0A%0AWritten by John Gilmore and Jay Fenlason.
[0bcf6819-a958-4aed-8840-b2068328a6bb/Test JDK 8, ubuntu-latest]   | [command]/usr/bin/tar xz --warning=no-unknown-keyword -C /tmp/555596b5-3d9e-4819-87fd-b8ea4931e646 -f /tmp/2d0749aa-48e2-474b-af09-ada5914df32c
[0bcf6819-a958-4aed-8840-b2068328a6bb/Test JDK 8, ubuntu-latest]   💬  ::debug::Caching tool Java_Zulu_jdk 8.0.372-7 x64
[0bcf6819-a958-4aed-8840-b2068328a6bb/Test JDK 8, ubuntu-latest]   💬  ::debug::source dir: /tmp/555596b5-3d9e-4819-87fd-b8ea4931e646/zulu8.70.0.23-ca-jdk8.0.372-linux_x64
[0bcf6819-a958-4aed-8840-b2068328a6bb/Test JDK 8, ubuntu-latest]   💬  ::debug::destination /opt/hostedtoolcache/Java_Zulu_jdk/8.0.372-7/x64
[0bcf6819-a958-4aed-8840-b2068328a6bb/Test JDK 8, ubuntu-latest]   💬  ::debug::finished caching tool
[0bcf6819-a958-4aed-8840-b2068328a6bb/Test JDK 8, ubuntu-latest]   | Java 8.0.372+7 was downloaded
[0bcf6819-a958-4aed-8840-b2068328a6bb/Test JDK 8, ubuntu-latest]   | Setting Java 8.0.372+7 as the default
[0bcf6819-a958-4aed-8840-b2068328a6bb/Test JDK 8, ubuntu-latest]   | Creating toolchains.xml for JDK version 8 from zulu
[0bcf6819-a958-4aed-8840-b2068328a6bb/Test JDK 8, ubuntu-latest]   | Writing to /home/runneradmin/.m2/toolchains.xml
[0bcf6819-a958-4aed-8840-b2068328a6bb/Test JDK 8, ubuntu-latest]   | 
[0bcf6819-a958-4aed-8840-b2068328a6bb/Test JDK 8, ubuntu-latest]   | Java configuration:
[0bcf6819-a958-4aed-8840-b2068328a6bb/Test JDK 8, ubuntu-latest]   |   Distribution: zulu
[0bcf6819-a958-4aed-8840-b2068328a6bb/Test JDK 8, ubuntu-latest]   |   Version: 8.0.372+7
[0bcf6819-a958-4aed-8840-b2068328a6bb/Test JDK 8, ubuntu-latest]   |   Path: /opt/hostedtoolcache/Java_Zulu_jdk/8.0.372-7/x64
[0bcf6819-a958-4aed-8840-b2068328a6bb/Test JDK 8, ubuntu-latest]   | 
[0bcf6819-a958-4aed-8840-b2068328a6bb/Test JDK 8, ubuntu-latest]   ❓  ::endgroup::
[0bcf6819-a958-4aed-8840-b2068328a6bb/Test JDK 8, ubuntu-latest]   ❓ add-matcher /run/act/actions/actions-setup-java@v3/.github/java.json
[0bcf6819-a958-4aed-8840-b2068328a6bb/Test JDK 8, ubuntu-latest]   | Creating settings.xml with server-id: github
[0bcf6819-a958-4aed-8840-b2068328a6bb/Test JDK 8, ubuntu-latest]   | Writing to /home/runneradmin/.m2/settings.xml
[0bcf6819-a958-4aed-8840-b2068328a6bb/Test JDK 8, ubuntu-latest]   🚧  ::warning::The runner was not able to contact the cache service. Caching will be skipped
[0bcf6819-a958-4aed-8840-b2068328a6bb/Test JDK 8, ubuntu-latest]   ✅  Success - Main Set up JDK 8
[0bcf6819-a958-4aed-8840-b2068328a6bb/Test JDK 8, ubuntu-latest]   ⚙  ::set-env:: JAVA_HOME=/opt/hostedtoolcache/Java_Zulu_jdk/8.0.372-7/x64
[0bcf6819-a958-4aed-8840-b2068328a6bb/Test JDK 8, ubuntu-latest]   ⚙  ::set-env:: JAVA_HOME_8_X64=/opt/hostedtoolcache/Java_Zulu_jdk/8.0.372-7/x64
[0bcf6819-a958-4aed-8840-b2068328a6bb/Test JDK 8, ubuntu-latest]   ⚙  ::set-output:: distribution=Zulu
[0bcf6819-a958-4aed-8840-b2068328a6bb/Test JDK 8, ubuntu-latest]   ⚙  ::set-output:: path=/opt/hostedtoolcache/Java_Zulu_jdk/8.0.372-7/x64
[0bcf6819-a958-4aed-8840-b2068328a6bb/Test JDK 8, ubuntu-latest]   ⚙  ::set-output:: version=8.0.372+7
[0bcf6819-a958-4aed-8840-b2068328a6bb/Test JDK 8, ubuntu-latest]   ⚙  ::add-path:: /opt/hostedtoolcache/Java_Zulu_jdk/8.0.372-7/x64/bin
[0bcf6819-a958-4aed-8840-b2068328a6bb/Test JDK 8, ubuntu-latest] unable to get git ref: failed to identify reference (tag/branch) for the checked-out revision '81182e58bd8036e09ac7cea8c169ec427133d0eb'
[0bcf6819-a958-4aed-8840-b2068328a6bb/Test JDK 8, ubuntu-latest] unable to get git ref: failed to identify reference (tag/branch) for the checked-out revision '81182e58bd8036e09ac7cea8c169ec427133d0eb'
[0bcf6819-a958-4aed-8840-b2068328a6bb/Test JDK 8, ubuntu-latest] unable to get git ref: failed to identify reference (tag/branch) for the checked-out revision '81182e58bd8036e09ac7cea8c169ec427133d0eb'
[0bcf6819-a958-4aed-8840-b2068328a6bb/Test JDK 8, ubuntu-latest] unable to get git ref: failed to identify reference (tag/branch) for the checked-out revision '81182e58bd8036e09ac7cea8c169ec427133d0eb'
[0bcf6819-a958-4aed-8840-b2068328a6bb/Test JDK 8, ubuntu-latest] unable to get git ref: failed to identify reference (tag/branch) for the checked-out revision '81182e58bd8036e09ac7cea8c169ec427133d0eb'
[0bcf6819-a958-4aed-8840-b2068328a6bb/Test JDK 8, ubuntu-latest] ⭐ Run Main Build with Gradle
[0bcf6819-a958-4aed-8840-b2068328a6bb/Test JDK 8, ubuntu-latest] unable to get git ref: failed to identify reference (tag/branch) for the checked-out revision '81182e58bd8036e09ac7cea8c169ec427133d0eb'
[0bcf6819-a958-4aed-8840-b2068328a6bb/Test JDK 8, ubuntu-latest] unable to get git ref: failed to identify reference (tag/branch) for the checked-out revision '81182e58bd8036e09ac7cea8c169ec427133d0eb'
[0bcf6819-a958-4aed-8840-b2068328a6bb/Test JDK 8, ubuntu-latest] unable to get git ref: failed to identify reference (tag/branch) for the checked-out revision '81182e58bd8036e09ac7cea8c169ec427133d0eb'
[0bcf6819-a958-4aed-8840-b2068328a6bb/Test JDK 8, ubuntu-latest] unable to get git ref: failed to identify reference (tag/branch) for the checked-out revision '81182e58bd8036e09ac7cea8c169ec427133d0eb'
[0bcf6819-a958-4aed-8840-b2068328a6bb/Test JDK 8, ubuntu-latest]   🐳  docker exec cmd=[bash --noprofile --norc -e -o pipefail /var/run/act/workflow/2] user= workdir=
[0bcf6819-a958-4aed-8840-b2068328a6bb/Test JDK 8, ubuntu-latest]   | Downloading https://services.gradle.org/distributions/gradle-7.2-bin.zip
[0bcf6819-a958-4aed-8840-b2068328a6bb/Test JDK 8, ubuntu-latest]   | ..........10%...........20%...........30%...........40%...........50%...........60%...........70%...........80%...........90%...........100%
[0bcf6819-a958-4aed-8840-b2068328a6bb/Test JDK 8, ubuntu-latest]   | 
[0bcf6819-a958-4aed-8840-b2068328a6bb/Test JDK 8, ubuntu-latest]   | Welcome to Gradle 7.2!
[0bcf6819-a958-4aed-8840-b2068328a6bb/Test JDK 8, ubuntu-latest]   | 
[0bcf6819-a958-4aed-8840-b2068328a6bb/Test JDK 8, ubuntu-latest]   | Here are the highlights of this release:
[0bcf6819-a958-4aed-8840-b2068328a6bb/Test JDK 8, ubuntu-latest]   |  - Toolchain support for Scala
[0bcf6819-a958-4aed-8840-b2068328a6bb/Test JDK 8, ubuntu-latest]   |  - More cache hits when Java source files have platform-specific line endings
[0bcf6819-a958-4aed-8840-b2068328a6bb/Test JDK 8, ubuntu-latest]   |  - More resilient remote HTTP build cache behavior
[0bcf6819-a958-4aed-8840-b2068328a6bb/Test JDK 8, ubuntu-latest]   | 
[0bcf6819-a958-4aed-8840-b2068328a6bb/Test JDK 8, ubuntu-latest]   | For more details see https://docs.gradle.org/7.2/release-notes.html
[0bcf6819-a958-4aed-8840-b2068328a6bb/Test JDK 8, ubuntu-latest]   | 
[0bcf6819-a958-4aed-8840-b2068328a6bb/Test JDK 8, ubuntu-latest]   | To honour the JVM settings for this build a single-use Daemon process will be forked. See https://docs.gradle.org/7.2/userguide/gradle_daemon.html#sec:disabling_the_daemon.
[0bcf6819-a958-4aed-8840-b2068328a6bb/Test JDK 8, ubuntu-latest]   | Daemon will be stopped at the end of the build 
[0bcf6819-a958-4aed-8840-b2068328a6bb/Test JDK 8, ubuntu-latest]   | > Task :clean
[0bcf6819-a958-4aed-8840-b2068328a6bb/Test JDK 8, ubuntu-latest]   | > Task :compileJava
[0bcf6819-a958-4aed-8840-b2068328a6bb/Test JDK 8, ubuntu-latest]   | > Task :processResources NO-SOURCE
[0bcf6819-a958-4aed-8840-b2068328a6bb/Test JDK 8, ubuntu-latest]   | > Task :classes
[0bcf6819-a958-4aed-8840-b2068328a6bb/Test JDK 8, ubuntu-latest]   | > Task :jar
[0bcf6819-a958-4aed-8840-b2068328a6bb/Test JDK 8, ubuntu-latest]   | > Task :javadoc
[0bcf6819-a958-4aed-8840-b2068328a6bb/Test JDK 8, ubuntu-latest]   | > Task :javadocJar
[0bcf6819-a958-4aed-8840-b2068328a6bb/Test JDK 8, ubuntu-latest]   | > Task :sourcesJar
[0bcf6819-a958-4aed-8840-b2068328a6bb/Test JDK 8, ubuntu-latest]   | > Task :assemble
[0bcf6819-a958-4aed-8840-b2068328a6bb/Test JDK 8, ubuntu-latest]   | > Task :checkstyleMain
[0bcf6819-a958-4aed-8840-b2068328a6bb/Test JDK 8, ubuntu-latest]   | > Task :compileTestJava
[0bcf6819-a958-4aed-8840-b2068328a6bb/Test JDK 8, ubuntu-latest]   | > Task :processTestResources NO-SOURCE
[0bcf6819-a958-4aed-8840-b2068328a6bb/Test JDK 8, ubuntu-latest]   | > Task :testClasses
[0bcf6819-a958-4aed-8840-b2068328a6bb/Test JDK 8, ubuntu-latest]   | > Task :checkstyleTest
[0bcf6819-a958-4aed-8840-b2068328a6bb/Test JDK 8, ubuntu-latest]   | 
[0bcf6819-a958-4aed-8840-b2068328a6bb/Test JDK 8, ubuntu-latest]   | > Task :test FAILED
[0bcf6819-a958-4aed-8840-b2068328a6bb/Test JDK 8, ubuntu-latest]   | 
[0bcf6819-a958-4aed-8840-b2068328a6bb/Test JDK 8, ubuntu-latest]   | DslParamsParserTest > shouldBeAbleToExtractMultipleValuesForOneParameterUsingTheACustomSeparatorAndIgnoreRegex() FAILED
[0bcf6819-a958-4aed-8840-b2068328a6bb/Test JDK 8, ubuntu-latest]   |     java.lang.IllegalArgumentException at DslParamsParserTest.java:240
[0bcf6819-a958-4aed-8840-b2068328a6bb/Test JDK 8, ubuntu-latest]   | 
[0bcf6819-a958-4aed-8840-b2068328a6bb/Test JDK 8, ubuntu-latest]   | 100 tests completed, 1 failed
[0bcf6819-a958-4aed-8840-b2068328a6bb/Test JDK 8, ubuntu-latest]   | 
[0bcf6819-a958-4aed-8840-b2068328a6bb/Test JDK 8, ubuntu-latest]   | FAILURE: Build failed with an exception.
[0bcf6819-a958-4aed-8840-b2068328a6bb/Test JDK 8, ubuntu-latest]   | 
[0bcf6819-a958-4aed-8840-b2068328a6bb/Test JDK 8, ubuntu-latest]   | * What went wrong:
[0bcf6819-a958-4aed-8840-b2068328a6bb/Test JDK 8, ubuntu-latest]   | Execution failed for task ':test'.
[0bcf6819-a958-4aed-8840-b2068328a6bb/Test JDK 8, ubuntu-latest]   | > There were failing tests. See the report at: file:///tmp/64ae70df-4d2c-4e2c-867e-d0ecb07e5dd8/build/reports/tests/test/index.html
[0bcf6819-a958-4aed-8840-b2068328a6bb/Test JDK 8, ubuntu-latest]   | 
[0bcf6819-a958-4aed-8840-b2068328a6bb/Test JDK 8, ubuntu-latest]   | * Try:
[0bcf6819-a958-4aed-8840-b2068328a6bb/Test JDK 8, ubuntu-latest]   | Run with --stacktrace option to get the stack trace. Run with --info or --debug option to get more log output. Run with --scan to get full insights.
[0bcf6819-a958-4aed-8840-b2068328a6bb/Test JDK 8, ubuntu-latest]   | 
[0bcf6819-a958-4aed-8840-b2068328a6bb/Test JDK 8, ubuntu-latest]   | * Get more help at https://help.gradle.org
[0bcf6819-a958-4aed-8840-b2068328a6bb/Test JDK 8, ubuntu-latest]   | 
[0bcf6819-a958-4aed-8840-b2068328a6bb/Test JDK 8, ubuntu-latest]   | BUILD FAILED in 43s
[0bcf6819-a958-4aed-8840-b2068328a6bb/Test JDK 8, ubuntu-latest]   | 10 actionable tasks: 10 executed
[0bcf6819-a958-4aed-8840-b2068328a6bb/Test JDK 8, ubuntu-latest]   ❌  Failure - Main Build with Gradle
[0bcf6819-a958-4aed-8840-b2068328a6bb/Test JDK 8, ubuntu-latest] exitcode '1': failure
[0bcf6819-a958-4aed-8840-b2068328a6bb/Test JDK 8, ubuntu-latest] unable to get git ref: failed to identify reference (tag/branch) for the checked-out revision '81182e58bd8036e09ac7cea8c169ec427133d0eb'
[0bcf6819-a958-4aed-8840-b2068328a6bb/Test JDK 8, ubuntu-latest] unable to get git ref: failed to identify reference (tag/branch) for the checked-out revision '81182e58bd8036e09ac7cea8c169ec427133d0eb'
[0bcf6819-a958-4aed-8840-b2068328a6bb/Test JDK 8, ubuntu-latest] unable to get git ref: failed to identify reference (tag/branch) for the checked-out revision '81182e58bd8036e09ac7cea8c169ec427133d0eb'
[0bcf6819-a958-4aed-8840-b2068328a6bb/Test JDK 8, ubuntu-latest] unable to get git ref: failed to identify reference (tag/branch) for the checked-out revision '81182e58bd8036e09ac7cea8c169ec427133d0eb'
[0bcf6819-a958-4aed-8840-b2068328a6bb/Test JDK 8, ubuntu-latest] unable to get git ref: failed to identify reference (tag/branch) for the checked-out revision '81182e58bd8036e09ac7cea8c169ec427133d0eb'
[0bcf6819-a958-4aed-8840-b2068328a6bb/Test JDK 8, ubuntu-latest] ⭐ Run Post Set up JDK 8
[0bcf6819-a958-4aed-8840-b2068328a6bb/Test JDK 8, ubuntu-latest]   🐳  docker exec cmd=[node /var/run/act/actions/actions-setup-java@v3/dist/cleanup/index.js] user= workdir=
[0bcf6819-a958-4aed-8840-b2068328a6bb/Test JDK 8, ubuntu-latest]   🚧  ::warning::Error retrieving key from state.
[0bcf6819-a958-4aed-8840-b2068328a6bb/Test JDK 8, ubuntu-latest]   ✅  Success - Post Set up JDK 8
[0bcf6819-a958-4aed-8840-b2068328a6bb/Test JDK 8, ubuntu-latest] 🏁  Job failed
[0bcf6819-a958-4aed-8840-b2068328a6bb/Test JDK 8, ubuntu-latest] unable to get git ref: failed to identify reference (tag/branch) for the checked-out revision '81182e58bd8036e09ac7cea8c169ec427133d0eb'
